2026-02-19 15:09:16,163 [INFO] news_parser: NEWS: Current realized vol = 12.0% (history: ['12%']) [NOW USING REALIZED]
2026-02-19 15:09:16,164 [INFO] news_parser: NEWS: Delta limit = 12000
2026-02-19 15:09:16,164 [INFO] news_parser: NEWS: Penalty rate = 3.00%
2026-02-19 15:09:16,173 [INFO] trading_engine: WEEK 1 positioning tick 1
2026-02-19 15:09:16,173 [INFO] trading_engine: Immediate positioning at week 1 tick 1
2026-02-19 15:09:16,179 [INFO] trading_engine: FORCED SIZE: |IV-RV|=4.43% > 3.00% => n=875 LONG @ K=50
2026-02-19 15:09:16,187 [INFO] rit_api: MARKET BUY 100 RTM1C50 -> order_id=74
2026-02-19 15:09:16,223 [INFO] rit_api: MARKET BUY 100 RTM1P50 -> order_id=76
2026-02-19 15:09:16,238 [INFO] rit_api: MARKET BUY 100 RTM1C50 -> order_id=77
2026-02-19 15:09:16,248 [INFO] rit_api: MARKET BUY 100 RTM1P50 -> order_id=78
2026-02-19 15:09:16,259 [INFO] rit_api: MARKET BUY 100 RTM1C50 -> order_id=79
2026-02-19 15:09:16,269 [INFO] rit_api: MARKET BUY 100 RTM1P50 -> order_id=82
2026-02-19 15:09:16,277 [INFO] rit_api: MARKET BUY 100 RTM1C50 -> order_id=83
2026-02-19 15:09:16,286 [INFO] rit_api: MARKET BUY 100 RTM1P50 -> order_id=84
2026-02-19 15:09:16,298 [INFO] rit_api: MARKET BUY 100 RTM1C50 -> order_id=85
2026-02-19 15:09:16,306 [INFO] rit_api: MARKET BUY 100 RTM1P50 -> order_id=86
2026-02-19 15:09:16,315 [INFO] rit_api: MARKET SELL 100 RTM1C54 -> order_id=87
2026-02-19 15:09:16,325 [INFO] rit_api: MARKET SELL 100 RTM1P45 -> order_id=88
2026-02-19 15:09:16,333 [INFO] rit_api: MARKET BUY 100 RTM1C50 -> order_id=89
2026-02-19 15:09:16,341 [INFO] rit_api: MARKET BUY 100 RTM1P50 -> order_id=90
2026-02-19 15:09:16,351 [INFO] rit_api: MARKET SELL 100 RTM1C54 -> order_id=91
2026-02-19 15:09:16,359 [INFO] rit_api: MARKET SELL 100 RTM1P45 -> order_id=93
2026-02-19 15:09:16,366 [INFO] rit_api: MARKET BUY 100 RTM1C50 -> order_id=94
2026-02-19 15:09:16,374 [INFO] rit_api: MARKET BUY 100 RTM1P50 -> order_id=95
2026-02-19 15:09:16,385 [INFO] rit_api: MARKET SELL 100 RTM1C54 -> order_id=96
2026-02-19 15:09:16,393 [INFO] rit_api: MARKET SELL 100 RTM1P45 -> order_id=97
2026-02-19 15:09:16,400 [INFO] rit_api: MARKET BUY 100 RTM1C50 -> order_id=99
2026-02-19 15:09:16,409 [INFO] rit_api: MARKET BUY 100 RTM1P50 -> order_id=101
2026-02-19 15:09:16,423 [INFO] rit_api: MARKET SELL 75 RTM1C54 -> order_id=102
2026-02-19 15:09:16,432 [INFO] rit_api: MARKET SELL 75 RTM1P45 -> order_id=103
2026-02-19 15:09:16,439 [INFO] rit_api: MARKET BUY 75 RTM1C50 -> order_id=104
2026-02-19 15:09:16,447 [INFO] rit_api: MARKET BUY 75 RTM1P50 -> order_id=105
2026-02-19 15:09:16,447 [INFO] trading_engine: STRADDLE BUY 875/875 @ K=50: 26 orders | ATM 875C+875P | EXTREME C54 375 + P45 375
2026-02-19 15:09:16,447 [INFO] trading_engine: POSITIONED: 875 LONG straddles @ 50 (week 1, expected $0)
2026-02-19 15:09:16,791 [INFO] rit_api: MARKET SELL 1531 RTM -> order_id=157
2026-02-19 15:09:16,792 [INFO] trading_engine: HEDGE SELL 1531 RTM | delta 1531 -> ~0 | target 0 (0% of limit 12000) | mode interval 1t
2026-02-19 15:09:17,783 [INFO] rit_api: MARKET BUY 789 RTM -> order_id=258
2026-02-19 15:09:17,783 [INFO] trading_engine: HEDGE BUY 789 RTM | delta -789 -> ~-0 | target -0 (0% of limit 12000) | mode interval 1t
2026-02-19 15:09:18,882 [INFO] rit_api: MARKET SELL 2383 RTM -> order_id=301
2026-02-19 15:09:18,882 [INFO] trading_engine: HEDGE SELL 2383 RTM | delta 2383 -> ~0 | target 0 (0% of limit 12000) | mode interval 1t
2026-02-19 15:09:19,763 [INFO] rit_api: MARKET BUY 6370 RTM -> order_id=354
2026-02-19 15:09:19,764 [INFO] trading_engine: HEDGE BUY 6370 RTM | delta -6370 -> ~0 | target -0 (0% of limit 12000) | mode interval 1t
2026-02-19 15:09:20,838 [INFO] rit_api: MARKET BUY 4009 RTM -> order_id=455
2026-02-19 15:09:20,838 [INFO] trading_engine: HEDGE BUY 4009 RTM | delta -4009 -> ~0 | target -0 (0% of limit 12000) | mode interval 1t
2026-02-19 15:09:21,866 [INFO] rit_api: MARKET BUY 413 RTM -> order_id=500
2026-02-19 15:09:21,866 [INFO] trading_engine: HEDGE BUY 413 RTM | delta -413 -> ~-0 | target -0 (0% of limit 12000) | mode interval 1t
2026-02-19 15:09:22,780 [INFO] rit_api: MARKET SELL 2397 RTM -> order_id=545
2026-02-19 15:09:22,780 [INFO] trading_engine: HEDGE SELL 2397 RTM | delta 2397 -> ~-0 | target 0 (0% of limit 12000) | mode interval 1t
2026-02-19 15:09:23,905 [INFO] rit_api: MARKET BUY 412 RTM -> order_id=603
2026-02-19 15:09:23,906 [INFO] trading_engine: HEDGE BUY 412 RTM | delta -412 -> ~-0 | target -0 (0% of limit 12000) | mode interval 1t
2026-02-19 15:09:24,818 [INFO] rit_api: MARKET BUY 5647 RTM -> order_id=648
2026-02-19 15:09:24,818 [INFO] trading_engine: HEDGE BUY 5647 RTM | delta -5647 -> ~0 | target -0 (0% of limit 12000) | mode interval 1t
2026-02-19 15:09:25,805 [INFO] rit_api: MARKET SELL 3606 RTM -> order_id=697
2026-02-19 15:09:25,806 [INFO] trading_engine: HEDGE SELL 3606 RTM | delta 3606 -> ~0 | target 0 (0% of limit 12000) | mode interval 1t
2026-02-19 15:09:26,894 [INFO] rit_api: MARKET BUY 822 RTM -> order_id=759
2026-02-19 15:09:26,894 [INFO] trading_engine: HEDGE BUY 822 RTM | delta -822 -> ~-0 | target -0 (0% of limit 12000) | mode interval 1t
2026-02-19 15:09:27,803 [INFO] rit_api: MARKET BUY 421 RTM -> order_id=816
2026-02-19 15:09:27,803 [INFO] trading_engine: HEDGE BUY 421 RTM | delta -421 -> ~0 | target -0 (0% of limit 12000) | mode interval 1t
2026-02-19 15:09:28,819 [INFO] trading_engine: Hedge qty capped: requested 10062, capped 10000
2026-02-19 15:09:28,824 [INFO] rit_api: MARKET BUY 10000 RTM -> order_id=862
2026-02-19 15:09:28,825 [INFO] trading_engine: HEDGE BUY 10000 RTM | delta -10062 -> ~-62 | target -0 (0% of limit 12000) | mode interval 1t
2026-02-19 15:09:29,814 [INFO] rit_api: MARKET SELL 3498 RTM -> order_id=925
2026-02-19 15:09:29,814 [INFO] trading_engine: HEDGE SELL 3498 RTM | delta 3498 -> ~0 | target 0 (0% of limit 12000) | mode interval 1t
2026-02-19 15:09:30,844 [INFO] rit_api: MARKET BUY 28 RTM -> order_id=976
2026-02-19 15:09:30,844 [INFO] trading_engine: HEDGE BUY 28 RTM | delta -28 -> ~-0 | target -0 (0% of limit 12000) | mode interval 1t
2026-02-19 15:09:31,880 [INFO] rit_api: MARKET SELL 5240 RTM -> order_id=1022
2026-02-19 15:09:31,880 [INFO] trading_engine: HEDGE SELL 5240 RTM | delta 5240 -> ~0 | target 0 (0% of limit 12000) | mode interval 1t
2026-02-19 15:09:32,917 [INFO] rit_api: MARKET SELL 4889 RTM -> order_id=1072
2026-02-19 15:09:32,917 [INFO] trading_engine: HEDGE SELL 4889 RTM | delta 4889 -> ~0 | target 0 (0% of limit 12000) | mode interval 1t
2026-02-19 15:09:33,932 [INFO] rit_api: MARKET SELL 401 RTM -> order_id=1123
2026-02-19 15:09:33,933 [INFO] trading_engine: HEDGE SELL 401 RTM | delta 401 -> ~-0 | target 0 (0% of limit 12000) | mode interval 1t
2026-02-19 15:09:35,041 [INFO] rit_api: MARKET SELL 402 RTM -> order_id=1169
2026-02-19 15:09:35,041 [INFO] trading_engine: HEDGE SELL 402 RTM | delta 402 -> ~-0 | target 0 (0% of limit 12000) | mode interval 1t
2026-02-19 15:09:35,854 [INFO] rit_api: MARKET BUY 2069 RTM -> order_id=1214
2026-02-19 15:09:35,855 [INFO] trading_engine: HEDGE BUY 2069 RTM | delta -2069 -> ~0 | target -0 (0% of limit 12000) | mode interval 1t
2026-02-19 15:09:36,873 [INFO] rit_api: MARKET SELL 5353 RTM -> order_id=1261
2026-02-19 15:09:36,873 [INFO] trading_engine: HEDGE SELL 5353 RTM | delta 5353 -> ~0 | target 0 (0% of limit 12000) | mode interval 1t
2026-02-19 15:09:37,885 [INFO] rit_api: MARKET SELL 3710 RTM -> order_id=1314
2026-02-19 15:09:37,885 [INFO] trading_engine: HEDGE SELL 3710 RTM | delta 3710 -> ~0 | target 0 (0% of limit 12000) | mode interval 1t
2026-02-19 15:09:38,874 [INFO] rit_api: MARKET BUY 6614 RTM -> order_id=1364
2026-02-19 15:09:38,875 [INFO] trading_engine: HEDGE BUY 6614 RTM | delta -6614 -> ~-0 | target -0 (0% of limit 12000) | mode interval 1t
2026-02-19 15:09:39,899 [INFO] rit_api: MARKET SELL 2898 RTM -> order_id=1413
2026-02-19 15:09:39,899 [INFO] trading_engine: HEDGE SELL 2898 RTM | delta 2898 -> ~-0 | target 0 (0% of limit 12000) | mode interval 1t
2026-02-19 15:09:40,882 [INFO] rit_api: MARKET BUY 7073 RTM -> order_id=1458
2026-02-19 15:09:40,882 [INFO] trading_engine: HEDGE BUY 7073 RTM | delta -7073 -> ~0 | target -0 (0% of limit 12000) | mode interval 1t
2026-02-19 15:09:42,017 [INFO] rit_api: MARKET SELL 5401 RTM -> order_id=1513
2026-02-19 15:09:42,018 [INFO] trading_engine: HEDGE SELL 5401 RTM | delta 5401 -> ~0 | target 0 (0% of limit 12000) | mode interval 1t
2026-02-19 15:09:42,927 [INFO] rit_api: MARKET BUY 3347 RTM -> order_id=1559
2026-02-19 15:09:42,928 [INFO] trading_engine: HEDGE BUY 3347 RTM | delta -3347 -> ~-0 | target -0 (0% of limit 12000) | mode interval 1t
2026-02-19 15:09:43,898 [INFO] rit_api: MARKET SELL 4591 RTM -> order_id=1605
2026-02-19 15:09:43,899 [INFO] trading_engine: HEDGE SELL 4591 RTM | delta 4591 -> ~-0 | target 0 (0% of limit 12000) | mode interval 1t
2026-02-19 15:09:44,922 [INFO] rit_api: MARKET SELL 1254 RTM -> order_id=1654
2026-02-19 15:09:44,922 [INFO] trading_engine: HEDGE SELL 1254 RTM | delta 1254 -> ~-0 | target 0 (0% of limit 12000) | mode interval 1t
2026-02-19 15:09:45,941 [INFO] rit_api: MARKET BUY 4622 RTM -> order_id=1702
2026-02-19 15:09:45,941 [INFO] trading_engine: HEDGE BUY 4622 RTM | delta -4622 -> ~-0 | target -0 (0% of limit 12000) | mode interval 1t
2026-02-19 15:09:47,053 [INFO] trading_engine: Hedge qty capped: requested 10067, capped 10000
2026-02-19 15:09:47,059 [INFO] rit_api: MARKET BUY 10000 RTM -> order_id=1749
2026-02-19 15:09:47,059 [INFO] trading_engine: HEDGE BUY 10000 RTM | delta -10067 -> ~-67 | target -0 (0% of limit 12000) | mode interval 1t
2026-02-19 15:09:47,935 [INFO] rit_api: MARKET SELL 5765 RTM -> order_id=1804
2026-02-19 15:09:47,936 [INFO] trading_engine: HEDGE SELL 5765 RTM | delta 5765 -> ~-0 | target 0 (0% of limit 12000) | mode interval 1t
2026-02-19 15:09:48,960 [INFO] rit_api: MARKET BUY 2544 RTM -> order_id=1858
2026-02-19 15:09:48,960 [INFO] trading_engine: HEDGE BUY 2544 RTM | delta -2544 -> ~0 | target -0 (0% of limit 12000) | mode interval 1t
2026-02-19 15:09:49,993 [WARNING] rit_api: POST /orders returned 500: {"code":"INTERNAL_SERVER_ERROR","message":"Order request cannot be submitted because it will exceed net trading limits in the risk category Limit-OPT."}
2026-02-19 15:09:50,007 [INFO] rit_api: MARKET SELL 100 RTM1C50 -> order_id=1904
2026-02-19 15:09:50,014 [INFO] rit_api: MARKET SELL 46 RTM1C50 -> order_id=1905
2026-02-19 15:09:50,020 [INFO] rit_api: MARKET SELL 100 RTM1P50 -> order_id=1906
2026-02-19 15:09:50,026 [INFO] rit_api: MARKET SELL 46 RTM1P50 -> order_id=1907
2026-02-19 15:09:50,032 [INFO] rit_api: MARKET BUY 63 RTM1C54 -> order_id=1908
2026-02-19 15:09:50,037 [INFO] rit_api: MARKET SELL 1977 RTM -> order_id=1909
2026-02-19 15:09:50,038 [INFO] trading_engine: SCHEDULED CLOSE tick 35: options_closed=355 stock_closed=1977 orders=6
2026-02-19 15:09:50,038 [INFO] trading_engine: Scheduled close week 1 tick 35 (window 35-40), trades=6
2026-02-19 15:09:51,049 [INFO] news_parser: NEWS: Current realized vol = 30.0% (history: ['12%', '30%']) [NOW USING REALIZED]
2026-02-19 15:09:51,050 [INFO] news_parser: NEWS: Forecast vol next week = 30.0% - 35.0% (mid=32.5%) [NOW USING FORECAST]
2026-02-19 15:09:51,058 [INFO] rit_api: MARKET BUY 75 RTM1P45 -> order_id=1964
2026-02-19 15:09:51,065 [INFO] rit_api: MARKET SELL 100 RTM1C50 -> order_id=1965
2026-02-19 15:09:51,071 [INFO] rit_api: MARKET SELL 46 RTM1C50 -> order_id=1967
2026-02-19 15:09:51,077 [INFO] rit_api: MARKET SELL 100 RTM1P50 -> order_id=1968
2026-02-19 15:09:51,083 [INFO] rit_api: MARKET SELL 46 RTM1P50 -> order_id=1969
2026-02-19 15:09:51,091 [INFO] rit_api: MARKET BUY 63 RTM1C54 -> order_id=1970
2026-02-19 15:09:51,097 [INFO] rit_api: MARKET SELL 1977 RTM -> order_id=1971
2026-02-19 15:09:51,097 [INFO] trading_engine: SCHEDULED CLOSE tick 36: options_closed=430 stock_closed=1977 orders=7
2026-02-19 15:09:51,097 [INFO] trading_engine: Scheduled close week 1 tick 36 (window 35-40), trades=7
2026-02-19 15:09:51,955 [INFO] rit_api: MARKET BUY 75 RTM1P45 -> order_id=2023
2026-02-19 15:09:51,961 [INFO] rit_api: MARKET SELL 100 RTM1C50 -> order_id=2024
2026-02-19 15:09:51,968 [INFO] rit_api: MARKET SELL 46 RTM1C50 -> order_id=2025
2026-02-19 15:09:51,974 [INFO] rit_api: MARKET SELL 100 RTM1P50 -> order_id=2026
2026-02-19 15:09:51,981 [INFO] rit_api: MARKET SELL 46 RTM1P50 -> order_id=2027
2026-02-19 15:09:51,994 [INFO] rit_api: MARKET BUY 63 RTM1C54 -> order_id=2028
2026-02-19 15:09:52,004 [INFO] rit_api: MARKET SELL 1977 RTM -> order_id=2029
2026-02-19 15:09:52,005 [INFO] trading_engine: SCHEDULED CLOSE tick 37: options_closed=430 stock_closed=1977 orders=7
2026-02-19 15:09:52,005 [INFO] trading_engine: Scheduled close week 1 tick 37 (window 35-40), trades=7
2026-02-19 15:09:53,073 [INFO] rit_api: MARKET BUY 75 RTM1P45 -> order_id=2077
2026-02-19 15:09:53,079 [INFO] rit_api: MARKET SELL 100 RTM1C50 -> order_id=2078
2026-02-19 15:09:53,085 [INFO] rit_api: MARKET SELL 46 RTM1C50 -> order_id=2079
2026-02-19 15:09:53,091 [INFO] rit_api: MARKET SELL 100 RTM1P50 -> order_id=2080
2026-02-19 15:09:53,097 [INFO] rit_api: MARKET SELL 46 RTM1P50 -> order_id=2081
2026-02-19 15:09:53,104 [INFO] rit_api: MARKET BUY 62 RTM1C54 -> order_id=2083
2026-02-19 15:09:53,110 [INFO] rit_api: MARKET SELL 1977 RTM -> order_id=2084
2026-02-19 15:09:53,110 [INFO] trading_engine: SCHEDULED CLOSE tick 38: options_closed=429 stock_closed=1977 orders=7
2026-02-19 15:09:53,110 [INFO] trading_engine: Scheduled close week 1 tick 38 (window 35-40), trades=7
2026-02-19 15:09:53,966 [INFO] rit_api: MARKET BUY 75 RTM1P45 -> order_id=2132
2026-02-19 15:09:53,971 [INFO] rit_api: MARKET SELL 100 RTM1C50 -> order_id=2134
2026-02-19 15:09:53,978 [INFO] rit_api: MARKET SELL 46 RTM1C50 -> order_id=2135
2026-02-19 15:09:53,987 [INFO] rit_api: MARKET SELL 100 RTM1P50 -> order_id=2136
2026-02-19 15:09:53,993 [INFO] rit_api: MARKET SELL 46 RTM1P50 -> order_id=2137
2026-02-19 15:09:53,999 [INFO] rit_api: MARKET BUY 62 RTM1C54 -> order_id=2138
2026-02-19 15:09:54,005 [INFO] rit_api: MARKET SELL 1977 RTM -> order_id=2139
2026-02-19 15:09:54,005 [INFO] trading_engine: SCHEDULED CLOSE tick 39: options_closed=429 stock_closed=1977 orders=7
2026-02-19 15:09:54,005 [INFO] trading_engine: Scheduled close week 1 tick 39 (window 35-40), trades=7
2026-02-19 15:09:54,971 [INFO] rit_api: MARKET BUY 75 RTM1P45 -> order_id=2188
2026-02-19 15:09:54,978 [INFO] rit_api: MARKET SELL 100 RTM1C50 -> order_id=2190
2026-02-19 15:09:54,984 [INFO] rit_api: MARKET SELL 45 RTM1C50 -> order_id=2191
2026-02-19 15:09:54,990 [INFO] rit_api: MARKET SELL 100 RTM1P50 -> order_id=2192
2026-02-19 15:09:54,996 [INFO] rit_api: MARKET SELL 45 RTM1P50 -> order_id=2193
2026-02-19 15:09:55,002 [INFO] rit_api: MARKET BUY 62 RTM1C54 -> order_id=2194
2026-02-19 15:09:55,010 [INFO] rit_api: MARKET SELL 1976 RTM -> order_id=2195
2026-02-19 15:09:55,032 [INFO] trading_engine: SCHEDULED CLOSE tick 40: options_closed=427 stock_closed=1976 orders=7
2026-02-19 15:09:55,032 [INFO] trading_engine: Scheduled close week 1 tick 40 (window 35-40), trades=7
2026-02-19 15:09:55,985 [INFO] trading_engine: Position flat. Waiting for next scheduled positioning tick.
2026-02-19 15:10:29,211 [INFO] trading_engine: WEEK 2 positioning tick 74
2026-02-19 15:10:29,211 [INFO] trading_engine: Immediate positioning at week 2 tick 74
2026-02-19 15:10:29,214 [INFO] trading_engine: FORCED SIZE: |IV-RV|=20.40% > 3.00% => n=875 LONG @ K=50
2026-02-19 15:10:29,221 [INFO] rit_api: MARKET BUY 100 RTM1C50 -> order_id=3883
2026-02-19 15:10:29,228 [INFO] rit_api: MARKET BUY 100 RTM1P50 -> order_id=3884
2026-02-19 15:10:29,234 [INFO] rit_api: MARKET BUY 100 RTM1C50 -> order_id=3885
2026-02-19 15:10:29,239 [INFO] rit_api: MARKET BUY 100 RTM1P50 -> order_id=3886
2026-02-19 15:10:29,246 [INFO] rit_api: MARKET BUY 100 RTM1C50 -> order_id=3887
2026-02-19 15:10:29,251 [INFO] rit_api: MARKET BUY 100 RTM1P50 -> order_id=3888
2026-02-19 15:10:29,257 [INFO] rit_api: MARKET BUY 100 RTM1C50 -> order_id=3889
2026-02-19 15:10:29,263 [INFO] rit_api: MARKET BUY 100 RTM1P50 -> order_id=3890
2026-02-19 15:10:29,269 [INFO] rit_api: MARKET BUY 100 RTM1C50 -> order_id=3891
2026-02-19 15:10:29,275 [INFO] rit_api: MARKET BUY 100 RTM1P50 -> order_id=3892
2026-02-19 15:10:29,282 [INFO] rit_api: MARKET SELL 100 RTM1C54 -> order_id=3893
2026-02-19 15:10:29,288 [INFO] rit_api: MARKET SELL 100 RTM1P45 -> order_id=3894
2026-02-19 15:10:29,294 [INFO] rit_api: MARKET BUY 100 RTM1C50 -> order_id=3895
2026-02-19 15:10:29,303 [INFO] rit_api: MARKET BUY 100 RTM1P50 -> order_id=3896
2026-02-19 15:10:29,309 [INFO] rit_api: MARKET SELL 100 RTM1C54 -> order_id=3897
2026-02-19 15:10:29,322 [INFO] rit_api: MARKET SELL 100 RTM1P45 -> order_id=3898
2026-02-19 15:10:29,328 [INFO] rit_api: MARKET BUY 100 RTM1C50 -> order_id=3899
2026-02-19 15:10:29,334 [INFO] rit_api: MARKET BUY 100 RTM1P50 -> order_id=3900
2026-02-19 15:10:29,340 [INFO] rit_api: MARKET SELL 100 RTM1C54 -> order_id=3901
2026-02-19 15:10:29,346 [INFO] rit_api: MARKET SELL 100 RTM1P45 -> order_id=3902
2026-02-19 15:10:29,351 [INFO] rit_api: MARKET BUY 100 RTM1C50 -> order_id=3903
2026-02-19 15:10:29,358 [INFO] rit_api: MARKET BUY 100 RTM1P50 -> order_id=3904
2026-02-19 15:10:29,363 [INFO] rit_api: MARKET SELL 75 RTM1C54 -> order_id=3905
2026-02-19 15:10:29,369 [INFO] rit_api: MARKET SELL 75 RTM1P45 -> order_id=3906
2026-02-19 15:10:29,375 [INFO] rit_api: MARKET BUY 75 RTM1C50 -> order_id=3907
2026-02-19 15:10:29,381 [INFO] rit_api: MARKET BUY 75 RTM1P50 -> order_id=3908
2026-02-19 15:10:29,381 [INFO] trading_engine: STRADDLE BUY 875/875 @ K=50: 26 orders | ATM 875C+875P | EXTREME C54 375 + P45 375
2026-02-19 15:10:29,382 [INFO] trading_engine: POSITIONED: 875 LONG straddles @ 50 (week 2, expected $0)
2026-02-19 15:10:30,184 [INFO] news_parser: NEWS: Current realized vol = 33.0% (history: ['12%', '30%', '33%']) [NOW USING REALIZED]
2026-02-19 15:10:30,211 [INFO] rit_api: MARKET BUY 1631 RTM -> order_id=3966
2026-02-19 15:10:30,212 [INFO] trading_engine: HEDGE BUY 1631 RTM | delta -1631 -> ~-0 | target -0 (0% of limit 12000) | mode interval 1t
2026-02-19 15:10:31,208 [INFO] rit_api: MARKET BUY 4581 RTM -> order_id=4060
2026-02-19 15:10:31,209 [INFO] trading_engine: HEDGE BUY 4581 RTM | delta -4581 -> ~0 | target -0 (0% of limit 12000) | mode interval 1t
2026-02-19 15:10:32,242 [INFO] rit_api: MARKET SELL 1426 RTM -> order_id=4222
2026-02-19 15:10:32,242 [INFO] trading_engine: HEDGE SELL 1426 RTM | delta 1426 -> ~0 | target 0 (0% of limit 12000) | mode interval 1t
2026-02-19 15:10:33,226 [INFO] rit_api: MARKET BUY 410 RTM -> order_id=4284
2026-02-19 15:10:33,227 [INFO] trading_engine: HEDGE BUY 410 RTM | delta -410 -> ~0 | target -0 (0% of limit 12000) | mode interval 1t
2026-02-19 15:10:34,236 [INFO] rit_api: MARKET BUY 2262 RTM -> order_id=4337
2026-02-19 15:10:34,236 [INFO] trading_engine: HEDGE BUY 2262 RTM | delta -2262 -> ~-0 | target -0 (0% of limit 12000) | mode interval 1t
2026-02-19 15:10:35,213 [INFO] rit_api: MARKET SELL 1965 RTM -> order_id=4387
2026-02-19 15:10:35,213 [INFO] trading_engine: HEDGE SELL 1965 RTM | delta 1965 -> ~0 | target 0 (0% of limit 12000) | mode interval 1t
2026-02-19 15:10:36,292 [INFO] rit_api: MARKET BUY 548 RTM -> order_id=4455
2026-02-19 15:10:36,293 [INFO] trading_engine: HEDGE BUY 548 RTM | delta -548 -> ~-0 | target -0 (0% of limit 12000) | mode interval 1t
2026-02-19 15:10:37,256 [INFO] rit_api: MARKET SELL 515 RTM -> order_id=4517
2026-02-19 15:10:37,256 [INFO] trading_engine: HEDGE SELL 515 RTM | delta 515 -> ~-0 | target 0 (0% of limit 12000) | mode interval 1t
2026-02-19 15:10:38,245 [INFO] rit_api: MARKET SELL 384 RTM -> order_id=4563
2026-02-19 15:10:38,246 [INFO] trading_engine: HEDGE SELL 384 RTM | delta 384 -> ~-0 | target 0 (0% of limit 12000) | mode interval 1t
2026-02-19 15:10:39,275 [INFO] rit_api: MARKET SELL 7317 RTM -> order_id=4610
2026-02-19 15:10:39,276 [INFO] trading_engine: HEDGE SELL 7317 RTM | delta 7317 -> ~-0 | target 0 (0% of limit 12000) | mode interval 1t
2026-02-19 15:10:40,248 [INFO] rit_api: MARKET SELL 4069 RTM -> order_id=4676
2026-02-19 15:10:40,249 [INFO] trading_engine: HEDGE SELL 4069 RTM | delta 4069 -> ~0 | target 0 (0% of limit 12000) | mode interval 1t
2026-02-19 15:10:41,326 [INFO] rit_api: MARKET SELL 3235 RTM -> order_id=4997
2026-02-19 15:10:41,326 [INFO] trading_engine: HEDGE SELL 3235 RTM | delta 3235 -> ~0 | target 0 (0% of limit 12000) | mode interval 1t
2026-02-19 15:10:42,352 [INFO] rit_api: MARKET BUY 4110 RTM -> order_id=5237
2026-02-19 15:10:42,352 [INFO] trading_engine: HEDGE BUY 4110 RTM | delta -4110 -> ~-0 | target -0 (0% of limit 12000) | mode interval 1t
2026-02-19 15:10:43,274 [INFO] rit_api: MARKET SELL 4681 RTM -> order_id=5297
2026-02-19 15:10:43,274 [INFO] trading_engine: HEDGE SELL 4681 RTM | delta 4681 -> ~-0 | target 0 (0% of limit 12000) | mode interval 1t
2026-02-19 15:10:44,400 [INFO] rit_api: MARKET BUY 2028 RTM -> order_id=5543
2026-02-19 15:10:44,400 [INFO] trading_engine: HEDGE BUY 2028 RTM | delta -2028 -> ~-0 | target -0 (0% of limit 12000) | mode interval 1t
2026-02-19 15:10:45,319 [INFO] rit_api: MARKET BUY 3396 RTM -> order_id=5771
2026-02-19 15:10:45,320 [INFO] trading_engine: HEDGE BUY 3396 RTM | delta -3396 -> ~0 | target -0 (0% of limit 12000) | mode interval 1t
2026-02-19 15:10:46,282 [INFO] rit_api: MARKET SELL 1609 RTM -> order_id=5834
2026-02-19 15:10:46,282 [INFO] trading_engine: HEDGE SELL 1609 RTM | delta 1609 -> ~-0 | target 0 (0% of limit 12000) | mode interval 1t
2026-02-19 15:10:47,360 [INFO] rit_api: MARKET SELL 814 RTM -> order_id=5921
2026-02-19 15:10:47,361 [INFO] trading_engine: HEDGE SELL 814 RTM | delta 814 -> ~0 | target 0 (0% of limit 12000) | mode interval 1t
2026-02-19 15:10:48,282 [INFO] rit_api: MARKET BUY 905 RTM -> order_id=6019
2026-02-19 15:10:48,283 [INFO] trading_engine: HEDGE BUY 905 RTM | delta -905 -> ~-0 | target -0 (0% of limit 12000) | mode interval 1t
2026-02-19 15:10:49,304 [INFO] trading_engine: Hedge qty capped: requested 10387, capped 10000
2026-02-19 15:10:49,312 [INFO] rit_api: MARKET BUY 10000 RTM -> order_id=6068
2026-02-19 15:10:49,312 [INFO] trading_engine: HEDGE BUY 10000 RTM | delta -10387 -> ~-387 | target -0 (0% of limit 12000) | mode interval 1t
2026-02-19 15:10:50,277 [INFO] trading_engine: Hedge qty capped: requested 28603, capped 10000
2026-02-19 15:10:50,295 [INFO] rit_api: MARKET BUY 10000 RTM -> order_id=6123
2026-02-19 15:10:50,295 [INFO] trading_engine: HEDGE BUY 10000 RTM | delta -28603 -> ~-18603 | target -0 (0% of limit 12000) | mode interval 1t
2026-02-19 15:10:51,349 [INFO] rit_api: MARKET SELL 6662 RTM -> order_id=6433
2026-02-19 15:10:51,350 [INFO] trading_engine: HEDGE SELL 6662 RTM | delta 6662 -> ~0 | target 0 (0% of limit 12000) | mode interval 1t
2026-02-19 15:10:52,319 [INFO] rit_api: MARKET SELL 8057 RTM -> order_id=6501
2026-02-19 15:10:52,319 [INFO] trading_engine: HEDGE SELL 8057 RTM | delta 8057 -> ~-0 | target 0 (0% of limit 12000) | mode interval 1t
2026-02-19 15:10:53,354 [INFO] rit_api: MARKET BUY 5524 RTM -> order_id=6602
2026-02-19 15:10:53,354 [INFO] trading_engine: HEDGE BUY 5524 RTM | delta -5524 -> ~0 | target -0 (0% of limit 12000) | mode interval 1t
2026-02-19 15:10:54,299 [INFO] rit_api: MARKET SELL 493 RTM -> order_id=6817
2026-02-19 15:10:54,300 [INFO] trading_engine: HEDGE SELL 493 RTM | delta 493 -> ~0 | target 0 (0% of limit 12000) | mode interval 1t
2026-02-19 15:10:55,348 [INFO] rit_api: MARKET BUY 136 RTM -> order_id=6862
2026-02-19 15:10:55,349 [INFO] trading_engine: HEDGE BUY 136 RTM | delta -136 -> ~-0 | target -0 (0% of limit 12000) | mode interval 1t
2026-02-19 15:10:56,330 [INFO] rit_api: MARKET SELL 962 RTM -> order_id=6914
2026-02-19 15:10:56,330 [INFO] trading_engine: HEDGE SELL 962 RTM | delta 962 -> ~-0 | target 0 (0% of limit 12000) | mode interval 1t
2026-02-19 15:10:57,347 [INFO] rit_api: MARKET SELL 29 RTM -> order_id=7040
2026-02-19 15:10:57,347 [INFO] trading_engine: HEDGE SELL 29 RTM | delta 29 -> ~0 | target 0 (0% of limit 12000) | mode interval 1t
2026-02-19 15:10:58,339 [INFO] rit_api: MARKET SELL 850 RTM -> order_id=7124
2026-02-19 15:10:58,340 [INFO] trading_engine: HEDGE SELL 850 RTM | delta 850 -> ~0 | target 0 (0% of limit 12000) | mode interval 1t
2026-02-19 15:10:59,458 [INFO] rit_api: MARKET BUY 767 RTM -> order_id=7197
2026-02-19 15:10:59,458 [INFO] trading_engine: HEDGE BUY 767 RTM | delta -767 -> ~-0 | target -0 (0% of limit 12000) | mode interval 1t
2026-02-19 15:11:00,467 [INFO] rit_api: MARKET BUY 369 RTM -> order_id=7342
2026-02-19 15:11:00,468 [INFO] trading_engine: HEDGE BUY 369 RTM | delta -369 -> ~-0 | target -0 (0% of limit 12000) | mode interval 1t
2026-02-19 15:11:01,394 [INFO] rit_api: MARKET BUY 369 RTM -> order_id=7565
2026-02-19 15:11:01,397 [INFO] trading_engine: HEDGE BUY 369 RTM | delta -369 -> ~-0 | target -0 (0% of limit 12000) | mode interval 1t
2026-02-19 15:11:02,416 [INFO] rit_api: MARKET SELL 243 RTM -> order_id=7655
2026-02-19 15:11:02,416 [INFO] trading_engine: HEDGE SELL 243 RTM | delta 243 -> ~-0 | target 0 (0% of limit 12000) | mode interval 1t
2026-02-19 15:11:03,361 [INFO] rit_api: MARKET BUY 62 RTM -> order_id=7716
2026-02-19 15:11:03,361 [INFO] trading_engine: HEDGE BUY 62 RTM | delta -62 -> ~-0 | target -0 (0% of limit 12000) | mode interval 1t
2026-02-19 15:11:04,483 [INFO] rit_api: MARKET SELL 1277 RTM -> order_id=7761
2026-02-19 15:11:04,484 [INFO] trading_engine: HEDGE SELL 1277 RTM | delta 1277 -> ~-0 | target 0 (0% of limit 12000) | mode interval 1t
2026-02-19 15:11:05,502 [INFO] rit_api: MARKET BUY 293 RTM -> order_id=7811
2026-02-19 15:11:05,502 [INFO] trading_engine: HEDGE BUY 293 RTM | delta -293 -> ~-0 | target -0 (0% of limit 12000) | mode interval 1t
2026-02-19 15:11:06,516 [INFO] rit_api: MARKET BUY 63 RTM1P45 -> order_id=7857
2026-02-19 15:11:06,522 [INFO] rit_api: MARKET SELL 13 RTM1C50 -> order_id=7858
2026-02-19 15:11:06,527 [INFO] rit_api: MARKET SELL 13 RTM1P50 -> order_id=7859
2026-02-19 15:11:06,533 [INFO] rit_api: MARKET BUY 63 RTM1C54 -> order_id=7860
2026-02-19 15:11:06,540 [INFO] rit_api: MARKET SELL 468 RTM -> order_id=7861
2026-02-19 15:11:06,540 [INFO] trading_engine: SCHEDULED CLOSE tick 111: options_closed=152 stock_closed=468 orders=5
2026-02-19 15:11:06,540 [INFO] trading_engine: Scheduled close week 2 tick 111 (window 111-116), trades=5
2026-02-19 15:11:07,387 [INFO] news_parser: NEWS: Current realized vol = 29.0% (history: ['12%', '30%', '33%', '29%']) [NOW USING REALIZED]
2026-02-19 15:11:07,387 [INFO] news_parser: NEWS: Forecast vol next week = 29.0% - 34.0% (mid=31.5%) [NOW USING FORECAST]
2026-02-19 15:11:07,398 [INFO] rit_api: MARKET BUY 63 RTM1P45 -> order_id=7910
2026-02-19 15:11:07,411 [INFO] rit_api: MARKET SELL 13 RTM1C50 -> order_id=7913
2026-02-19 15:11:07,419 [INFO] rit_api: MARKET SELL 13 RTM1P50 -> order_id=7918
2026-02-19 15:11:07,425 [INFO] rit_api: MARKET BUY 63 RTM1C54 -> order_id=7922
2026-02-19 15:11:07,432 [INFO] rit_api: MARKET SELL 467 RTM -> order_id=7927
2026-02-19 15:11:07,432 [INFO] trading_engine: SCHEDULED CLOSE tick 112: options_closed=152 stock_closed=467 orders=5
2026-02-19 15:11:07,432 [INFO] trading_engine: Scheduled close week 2 tick 112 (window 111-116), trades=5
2026-02-19 15:11:08,459 [INFO] rit_api: MARKET BUY 63 RTM1P45 -> order_id=7993
2026-02-19 15:11:08,465 [INFO] rit_api: MARKET SELL 13 RTM1C50 -> order_id=7994
2026-02-19 15:11:08,471 [INFO] rit_api: MARKET SELL 13 RTM1P50 -> order_id=7995
2026-02-19 15:11:08,477 [INFO] rit_api: MARKET BUY 63 RTM1C54 -> order_id=7996
2026-02-19 15:11:08,482 [INFO] rit_api: MARKET SELL 467 RTM -> order_id=7997
2026-02-19 15:11:08,483 [INFO] trading_engine: SCHEDULED CLOSE tick 113: options_closed=152 stock_closed=467 orders=5
2026-02-19 15:11:08,483 [INFO] trading_engine: Scheduled close week 2 tick 113 (window 111-116), trades=5
2026-02-19 15:11:09,490 [INFO] rit_api: MARKET BUY 62 RTM1P45 -> order_id=8041
2026-02-19 15:11:09,495 [INFO] rit_api: MARKET SELL 12 RTM1C50 -> order_id=8042
2026-02-19 15:11:09,502 [INFO] rit_api: MARKET SELL 12 RTM1P50 -> order_id=8043
2026-02-19 15:11:09,507 [INFO] rit_api: MARKET BUY 62 RTM1C54 -> order_id=8044
2026-02-19 15:11:09,515 [INFO] rit_api: MARKET SELL 467 RTM -> order_id=8045
2026-02-19 15:11:09,515 [INFO] trading_engine: SCHEDULED CLOSE tick 114: options_closed=148 stock_closed=467 orders=5
2026-02-19 15:11:09,515 [INFO] trading_engine: Scheduled close week 2 tick 114 (window 111-116), trades=5
2026-02-19 15:11:10,423 [INFO] rit_api: MARKET BUY 62 RTM1P45 -> order_id=8090
2026-02-19 15:11:10,430 [INFO] rit_api: MARKET SELL 12 RTM1C50 -> order_id=8092
2026-02-19 15:11:10,436 [INFO] rit_api: MARKET SELL 12 RTM1P50 -> order_id=8093
2026-02-19 15:11:10,442 [INFO] rit_api: MARKET BUY 62 RTM1C54 -> order_id=8094
2026-02-19 15:11:10,450 [INFO] rit_api: MARKET SELL 467 RTM -> order_id=8095
2026-02-19 15:11:10,451 [INFO] trading_engine: SCHEDULED CLOSE tick 115: options_closed=148 stock_closed=467 orders=5
2026-02-19 15:11:10,451 [INFO] trading_engine: Scheduled close week 2 tick 115 (window 111-116), trades=5
2026-02-19 15:11:11,529 [INFO] rit_api: MARKET BUY 62 RTM1P45 -> order_id=8141
2026-02-19 15:11:11,549 [INFO] rit_api: MARKET SELL 12 RTM1C50 -> order_id=8142
2026-02-19 15:11:11,555 [INFO] rit_api: MARKET SELL 12 RTM1P50 -> order_id=8143
2026-02-19 15:11:11,561 [INFO] rit_api: MARKET BUY 62 RTM1C54 -> order_id=8144
2026-02-19 15:11:11,567 [INFO] rit_api: MARKET SELL 467 RTM -> order_id=8145
2026-02-19 15:11:11,567 [INFO] trading_engine: SCHEDULED CLOSE tick 116: options_closed=148 stock_closed=467 orders=5
2026-02-19 15:11:11,567 [INFO] trading_engine: Scheduled close week 2 tick 116 (window 111-116), trades=5
2026-02-19 15:11:12,518 [INFO] trading_engine: Position flat. Waiting for next scheduled positioning tick.
2026-02-19 15:11:44,683 [INFO] trading_engine: WEEK 3 positioning tick 149
2026-02-19 15:11:44,684 [INFO] trading_engine: Immediate positioning at week 3 tick 149
2026-02-19 15:11:44,700 [INFO] optimizer: ============================================================
2026-02-19 15:11:44,700 [INFO] optimizer: OPTIMIZER RESULT: n*=149 SHORT straddles @ strike 50
2026-02-19 15:11:44,700 [INFO] optimizer:   Expected profit: $82.38
2026-02-19 15:11:44,701 [INFO] optimizer:   Gain/contract: $5.1028 | Pos cost/contract: $4.0200
2026-02-19 15:11:44,701 [INFO] optimizer:   Rebalancing cost: $78.95 | Z=3.34
2026-02-19 15:11:44,702 [INFO] optimizer:   Inputs: S0=50.46 sigma=0.3150 sigma_hat=0.3284 L=12000 Gamma=24.1410
2026-02-19 15:11:44,702 [INFO] optimizer:   Spreads: Bo=0.0400 Bs=0.0200 T=0.019231
2026-02-19 15:11:44,702 [INFO] optimizer: ============================================================
2026-02-19 15:11:44,710 [INFO] rit_api: MARKET SELL 100 RTM1C50 -> order_id=10418
2026-02-19 15:11:44,721 [INFO] rit_api: MARKET SELL 100 RTM1P50 -> order_id=10419
2026-02-19 15:11:44,728 [INFO] rit_api: MARKET SELL 49 RTM1C50 -> order_id=10420
2026-02-19 15:11:44,734 [INFO] rit_api: MARKET SELL 49 RTM1P50 -> order_id=10421
2026-02-19 15:11:44,734 [INFO] trading_engine: STRADDLE SELL 149/149 @ K=50: 4 orders | ATM 149C+149P | EXTREME C54 0 + P45 0
2026-02-19 15:11:44,734 [INFO] trading_engine: POSITIONED: 149 SHORT straddles @ 50 (week 3, expected $82)
2026-02-19 15:11:45,632 [INFO] news_parser: NEWS: Current realized vol = 31.0% (history: ['12%', '30%', '33%', '29%', '31%']) [NOW USING REALIZED]
2026-02-19 15:12:21,769 [INFO] rit_api: MARKET BUY 9 RTM1C50 -> order_id=14237
2026-02-19 15:12:21,775 [INFO] rit_api: MARKET BUY 9 RTM1P50 -> order_id=14238
2026-02-19 15:12:21,775 [INFO] trading_engine: SCHEDULED CLOSE tick 186: options_closed=18 stock_closed=0 orders=2
2026-02-19 15:12:21,776 [INFO] trading_engine: Scheduled close week 3 tick 186 (window 186-191), trades=2
2026-02-19 15:12:22,778 [INFO] news_parser: NEWS: Current realized vol = 31.0% (history: ['12%', '30%', '33%', '29%', '31%', '31%']) [NOW USING REALIZED]
2026-02-19 15:12:22,779 [INFO] news_parser: NEWS: Forecast vol next week = 31.0% - 36.0% (mid=33.5%) [NOW USING FORECAST]
2026-02-19 15:12:22,790 [INFO] rit_api: MARKET BUY 8 RTM1C50 -> order_id=14284
2026-02-19 15:12:22,797 [INFO] rit_api: MARKET BUY 8 RTM1P50 -> order_id=14285
2026-02-19 15:12:22,797 [INFO] trading_engine: SCHEDULED CLOSE tick 187: options_closed=16 stock_closed=0 orders=2
2026-02-19 15:12:22,797 [INFO] trading_engine: Scheduled close week 3 tick 187 (window 186-191), trades=2
2026-02-19 15:12:23,806 [INFO] rit_api: MARKET BUY 8 RTM1C50 -> order_id=14350
2026-02-19 15:12:23,812 [INFO] rit_api: MARKET BUY 8 RTM1P50 -> order_id=14355
2026-02-19 15:12:23,813 [INFO] trading_engine: SCHEDULED CLOSE tick 188: options_closed=16 stock_closed=0 orders=2
2026-02-19 15:12:23,813 [INFO] trading_engine: Scheduled close week 3 tick 188 (window 186-191), trades=2
2026-02-19 15:12:24,836 [INFO] rit_api: MARKET BUY 8 RTM1C50 -> order_id=14454
2026-02-19 15:12:24,842 [INFO] rit_api: MARKET BUY 8 RTM1P50 -> order_id=14455
2026-02-19 15:12:24,842 [INFO] trading_engine: SCHEDULED CLOSE tick 189: options_closed=16 stock_closed=0 orders=2
2026-02-19 15:12:24,843 [INFO] trading_engine: Scheduled close week 3 tick 189 (window 186-191), trades=2
2026-02-19 15:12:25,858 [INFO] rit_api: MARKET BUY 8 RTM1C50 -> order_id=14520
2026-02-19 15:12:25,865 [INFO] rit_api: MARKET BUY 8 RTM1P50 -> order_id=14521
2026-02-19 15:12:25,865 [INFO] trading_engine: SCHEDULED CLOSE tick 190: options_closed=16 stock_closed=0 orders=2
2026-02-19 15:12:25,865 [INFO] trading_engine: Scheduled close week 3 tick 190 (window 186-191), trades=2
2026-02-19 15:12:26,885 [INFO] rit_api: MARKET BUY 8 RTM1C50 -> order_id=14598
2026-02-19 15:12:26,891 [INFO] rit_api: MARKET BUY 8 RTM1P50 -> order_id=14599
2026-02-19 15:12:26,892 [INFO] trading_engine: SCHEDULED CLOSE tick 191: options_closed=16 stock_closed=0 orders=2
2026-02-19 15:12:26,892 [INFO] trading_engine: Scheduled close week 3 tick 191 (window 186-191), trades=2
2026-02-19 15:12:27,907 [INFO] trading_engine: Position flat. Waiting for next scheduled positioning tick.
2026-02-19 15:13:00,011 [INFO] trading_engine: WEEK 4 positioning tick 224
2026-02-19 15:13:00,012 [INFO] trading_engine: Immediate positioning at week 4 tick 224
2026-02-19 15:13:00,017 [INFO] optimizer: ============================================================
2026-02-19 15:13:00,018 [INFO] optimizer: OPTIMIZER RESULT: n*=399 LONG straddles @ strike 53
2026-02-19 15:13:00,019 [INFO] optimizer:   Expected profit: $1609.74
2026-02-19 15:13:00,019 [INFO] optimizer:   Gain/contract: $11.2920 | Pos cost/contract: $4.0200
2026-02-19 15:13:00,020 [INFO] optimizer:   Rebalancing cost: $1291.80 | Z=0.97
2026-02-19 15:13:00,020 [INFO] optimizer:   Inputs: S0=52.68 sigma=0.3350 sigma_hat=0.3140 L=12000 Gamma=30.9613
2026-02-19 15:13:00,020 [INFO] optimizer:   Spreads: Bo=0.0400 Bs=0.0200 T=0.019231
2026-02-19 15:13:00,020 [INFO] optimizer: ============================================================
2026-02-19 15:13:00,028 [INFO] rit_api: MARKET BUY 100 RTM1C53 -> order_id=16299
2026-02-19 15:13:00,050 [INFO] rit_api: MARKET BUY 100 RTM1P53 -> order_id=16300
2026-02-19 15:13:00,057 [INFO] rit_api: MARKET BUY 100 RTM1C53 -> order_id=16301
2026-02-19 15:13:00,064 [INFO] rit_api: MARKET BUY 100 RTM1P53 -> order_id=16302
2026-02-19 15:13:00,070 [INFO] rit_api: MARKET BUY 100 RTM1C53 -> order_id=16303
2026-02-19 15:13:00,077 [INFO] rit_api: MARKET BUY 100 RTM1P53 -> order_id=16304
2026-02-19 15:13:00,083 [INFO] rit_api: MARKET BUY 99 RTM1C53 -> order_id=16305
2026-02-19 15:13:00,088 [INFO] rit_api: MARKET BUY 99 RTM1P53 -> order_id=16306
2026-02-19 15:13:00,089 [INFO] trading_engine: STRADDLE BUY 399/399 @ K=53: 8 orders | ATM 399C+399P | EXTREME C54 0 + P45 0
2026-02-19 15:13:00,089 [INFO] trading_engine: POSITIONED: 399 LONG straddles @ 53 (week 4, expected $1610)
2026-02-19 15:13:00,989 [INFO] news_parser: NEWS: Current realized vol = 34.0% (history: ['12%', '30%', '33%', '29%', '31%', '31%', '34%']) [NOW USING REALIZED]
2026-02-19 15:13:01,004 [INFO] rit_api: MARKET SELL 903 RTM -> order_id=16396
2026-02-19 15:13:01,004 [INFO] trading_engine: HEDGE SELL 903 RTM | delta 903 -> ~0 | target 0 (0% of limit 12000) | mode interval 1t
2026-02-19 15:13:02,103 [INFO] rit_api: MARKET BUY 2472 RTM -> order_id=16519
2026-02-19 15:13:02,103 [INFO] trading_engine: HEDGE BUY 2472 RTM | delta -2472 -> ~0 | target -0 (0% of limit 12000) | mode interval 1t
2026-02-19 15:13:03,043 [INFO] rit_api: MARKET BUY 21 RTM -> order_id=16570
2026-02-19 15:13:03,044 [INFO] trading_engine: HEDGE BUY 21 RTM | delta -21 -> ~-0 | target -0 (0% of limit 12000) | mode interval 1t
2026-02-19 15:13:04,172 [INFO] rit_api: MARKET BUY 2523 RTM -> order_id=16730
2026-02-19 15:13:04,172 [INFO] trading_engine: HEDGE BUY 2523 RTM | delta -2523 -> ~-0 | target -0 (0% of limit 12000) | mode interval 1t
2026-02-19 15:13:05,082 [INFO] rit_api: MARKET BUY 1794 RTM -> order_id=16845
2026-02-19 15:13:05,083 [INFO] trading_engine: HEDGE BUY 1794 RTM | delta -1794 -> ~0 | target -0 (0% of limit 12000) | mode interval 1t
2026-02-19 15:13:06,111 [INFO] rit_api: MARKET SELL 3489 RTM -> order_id=16890
2026-02-19 15:13:06,112 [INFO] trading_engine: HEDGE SELL 3489 RTM | delta 3489 -> ~0 | target 0 (0% of limit 12000) | mode interval 1t
2026-02-19 15:13:07,046 [INFO] rit_api: MARKET SELL 1890 RTM -> order_id=16984
2026-02-19 15:13:07,047 [INFO] trading_engine: HEDGE SELL 1890 RTM | delta 1890 -> ~-0 | target 0 (0% of limit 12000) | mode interval 1t
2026-02-19 15:13:08,150 [INFO] rit_api: MARKET BUY 1561 RTM -> order_id=17127
2026-02-19 15:13:08,150 [INFO] trading_engine: HEDGE BUY 1561 RTM | delta -1561 -> ~0 | target -0 (0% of limit 12000) | mode interval 1t
2026-02-19 15:13:09,067 [INFO] rit_api: MARKET BUY 1323 RTM -> order_id=17259
2026-02-19 15:13:09,067 [INFO] trading_engine: HEDGE BUY 1323 RTM | delta -1323 -> ~0 | target -0 (0% of limit 12000) | mode interval 1t
2026-02-19 15:13:10,205 [INFO] rit_api: MARKET BUY 297 RTM -> order_id=17417
2026-02-19 15:13:10,206 [INFO] trading_engine: HEDGE BUY 297 RTM | delta -297 -> ~-0 | target -0 (0% of limit 12000) | mode interval 1t
2026-02-19 15:13:11,131 [INFO] rit_api: MARKET BUY 3566 RTM -> order_id=17581
2026-02-19 15:13:11,131 [INFO] trading_engine: HEDGE BUY 3566 RTM | delta -3566 -> ~0 | target -0 (0% of limit 12000) | mode interval 1t
2026-02-19 15:13:12,153 [INFO] rit_api: MARKET SELL 980 RTM -> order_id=17627
2026-02-19 15:13:12,154 [INFO] trading_engine: HEDGE SELL 980 RTM | delta 980 -> ~0 | target 0 (0% of limit 12000) | mode interval 1t
2026-02-19 15:13:13,073 [INFO] rit_api: MARKET BUY 60 RTM -> order_id=17674
2026-02-19 15:13:13,073 [INFO] trading_engine: HEDGE BUY 60 RTM | delta -60 -> ~0 | target -0 (0% of limit 12000) | mode interval 1t
2026-02-19 15:13:14,097 [INFO] rit_api: MARKET SELL 1409 RTM -> order_id=17720
2026-02-19 15:13:14,097 [INFO] trading_engine: HEDGE SELL 1409 RTM | delta 1409 -> ~-0 | target 0 (0% of limit 12000) | mode interval 1t
2026-02-19 15:13:15,078 [INFO] rit_api: MARKET BUY 5508 RTM -> order_id=17766
2026-02-19 15:13:15,079 [INFO] trading_engine: HEDGE BUY 5508 RTM | delta -5508 -> ~-0 | target -0 (0% of limit 12000) | mode interval 1t
2026-02-19 15:13:16,152 [INFO] rit_api: MARKET BUY 2939 RTM -> order_id=17815
2026-02-19 15:13:16,152 [INFO] trading_engine: HEDGE BUY 2939 RTM | delta -2939 -> ~0 | target -0 (0% of limit 12000) | mode interval 1t
2026-02-19 15:13:17,190 [INFO] rit_api: MARKET SELL 5425 RTM -> order_id=17962
2026-02-19 15:13:17,190 [INFO] trading_engine: HEDGE SELL 5425 RTM | delta 5425 -> ~-0 | target 0 (0% of limit 12000) | mode interval 1t
2026-02-19 15:13:18,168 [INFO] rit_api: MARKET BUY 4100 RTM -> order_id=18076
2026-02-19 15:13:18,168 [INFO] trading_engine: HEDGE BUY 4100 RTM | delta -4100 -> ~0 | target -0 (0% of limit 12000) | mode interval 1t
2026-02-19 15:13:19,151 [INFO] rit_api: MARKET SELL 154 RTM -> order_id=18125
2026-02-19 15:13:19,151 [INFO] trading_engine: HEDGE SELL 154 RTM | delta 154 -> ~0 | target 0 (0% of limit 12000) | mode interval 1t
2026-02-19 15:13:20,134 [INFO] rit_api: MARKET BUY 4647 RTM -> order_id=18170
2026-02-19 15:13:20,134 [INFO] trading_engine: HEDGE BUY 4647 RTM | delta -4647 -> ~-0 | target -0 (0% of limit 12000) | mode interval 1t
2026-02-19 15:13:21,149 [INFO] rit_api: MARKET SELL 3616 RTM -> order_id=18224
2026-02-19 15:13:21,150 [INFO] trading_engine: HEDGE SELL 3616 RTM | delta 3616 -> ~0 | target 0 (0% of limit 12000) | mode interval 1t
2026-02-19 15:13:22,120 [INFO] rit_api: MARKET BUY 6259 RTM -> order_id=18274
2026-02-19 15:13:22,120 [INFO] trading_engine: HEDGE BUY 6259 RTM | delta -6259 -> ~0 | target -0 (0% of limit 12000) | mode interval 1t
2026-02-19 15:13:23,152 [INFO] rit_api: MARKET BUY 8441 RTM -> order_id=18334
2026-02-19 15:13:23,153 [INFO] trading_engine: HEDGE BUY 8441 RTM | delta -8441 -> ~-0 | target -0 (0% of limit 12000) | mode interval 1t
2026-02-19 15:13:24,123 [INFO] trading_engine: Hedge qty capped: requested 17677, capped 10000
2026-02-19 15:13:24,132 [INFO] rit_api: MARKET SELL 10000 RTM -> order_id=18394
2026-02-19 15:13:24,132 [INFO] trading_engine: HEDGE SELL 10000 RTM | delta 17677 -> ~7677 | target 0 (0% of limit 12000) | mode interval 1t
2026-02-19 15:13:25,130 [INFO] rit_api: MARKET SELL 7686 RTM -> order_id=18545
2026-02-19 15:13:25,130 [INFO] trading_engine: HEDGE SELL 7686 RTM | delta 7686 -> ~-0 | target 0 (0% of limit 12000) | mode interval 1t
2026-02-19 15:13:26,203 [INFO] rit_api: MARKET SELL 6661 RTM -> order_id=18636
2026-02-19 15:13:26,204 [INFO] trading_engine: HEDGE SELL 6661 RTM | delta 6661 -> ~0 | target 0 (0% of limit 12000) | mode interval 1t
2026-02-19 15:13:27,219 [INFO] rit_api: MARKET SELL 589 RTM -> order_id=18682
2026-02-19 15:13:27,219 [INFO] trading_engine: HEDGE SELL 589 RTM | delta 589 -> ~-0 | target 0 (0% of limit 12000) | mode interval 1t
2026-02-19 15:13:28,181 [INFO] rit_api: MARKET BUY 374 RTM -> order_id=18748
2026-02-19 15:13:28,182 [INFO] trading_engine: HEDGE BUY 374 RTM | delta -374 -> ~0 | target -0 (0% of limit 12000) | mode interval 1t
2026-02-19 15:13:29,274 [INFO] rit_api: MARKET SELL 3102 RTM -> order_id=18866
2026-02-19 15:13:29,275 [INFO] trading_engine: HEDGE SELL 3102 RTM | delta 3102 -> ~0 | target 0 (0% of limit 12000) | mode interval 1t
2026-02-19 15:13:30,189 [INFO] rit_api: MARKET BUY 3 RTM -> order_id=18981
2026-02-19 15:13:30,189 [INFO] trading_engine: HEDGE BUY 3 RTM | delta -3 -> ~-0 | target -0 (0% of limit 12000) | mode interval 1t
2026-02-19 15:13:31,308 [INFO] rit_api: MARKET BUY 1 RTM1C53 -> order_id=19048
2026-02-19 15:13:31,314 [INFO] rit_api: MARKET BUY 1 RTM1P53 -> order_id=19049
2026-02-19 15:13:31,320 [INFO] rit_api: MARKET BUY 3 RTM -> order_id=19050
2026-02-19 15:13:31,320 [INFO] trading_engine: SCHEDULED CLOSE tick 255: options_closed=2 stock_closed=3 orders=3
2026-02-19 15:13:31,320 [INFO] trading_engine: Scheduled close week 4 tick 255 (window 255-260), trades=3
2026-02-19 15:13:32,351 [INFO] rit_api: MARKET BUY 3 RTM -> order_id=19105
2026-02-19 15:13:32,351 [INFO] trading_engine: SCHEDULED CLOSE tick 256: options_closed=0 stock_closed=3 orders=1
2026-02-19 15:13:32,351 [INFO] trading_engine: Scheduled close week 4 tick 256 (window 255-260), trades=1
2026-02-19 15:13:33,259 [INFO] rit_api: MARKET BUY 3 RTM -> order_id=19167
2026-02-19 15:13:33,260 [INFO] trading_engine: SCHEDULED CLOSE tick 257: options_closed=0 stock_closed=3 orders=1
2026-02-19 15:13:33,260 [INFO] trading_engine: Scheduled close week 4 tick 257 (window 255-260), trades=1
2026-02-19 15:13:34,217 [INFO] rit_api: MARKET BUY 3 RTM -> order_id=19263
2026-02-19 15:13:34,217 [INFO] trading_engine: SCHEDULED CLOSE tick 258: options_closed=0 stock_closed=3 orders=1
2026-02-19 15:13:34,217 [INFO] trading_engine: Scheduled close week 4 tick 258 (window 255-260), trades=1
2026-02-19 15:13:35,292 [INFO] rit_api: MARKET BUY 2 RTM -> order_id=19332
2026-02-19 15:13:35,292 [INFO] trading_engine: SCHEDULED CLOSE tick 259: options_closed=0 stock_closed=2 orders=1
2026-02-19 15:13:35,292 [INFO] trading_engine: Scheduled close week 4 tick 259 (window 255-260), trades=1
2026-02-19 15:13:36,318 [INFO] rit_api: MARKET BUY 2 RTM -> order_id=19423
2026-02-19 15:13:36,319 [INFO] trading_engine: SCHEDULED CLOSE tick 260: options_closed=0 stock_closed=2 orders=1
2026-02-19 15:13:36,319 [INFO] trading_engine: Scheduled close week 4 tick 260 (window 255-260), trades=1
2026-02-19 15:13:37,331 [INFO] trading_engine: Position flat. Waiting for next scheduled positioning tick.
2026-02-19 15:15:09,684 [WARNING] rit_api: POST /commands/cancel returned 401: {"code":"UNAUTHORIZED","message":"Simulation must be running."}
