2026-02-07 22:50:36,854 [INFO] news_parser: NEWS: Current realized vol = 31.0% (history: ['31%'])
2026-02-07 22:50:36,915 [INFO] rit_api: LIMIT SELL 100 RTM1C49 @ 0.81 -> order_id=3832
2026-02-07 22:50:36,972 [INFO] rit_api: LIMIT SELL 100 RTM1P49 @ 2.63 -> order_id=3833
2026-02-07 22:50:37,028 [INFO] rit_api: LIMIT SELL 100 RTM1C50 @ 0.57 -> order_id=3834
2026-02-07 22:50:37,085 [INFO] rit_api: LIMIT SELL 100 RTM1P50 @ 3.39 -> order_id=3835
2026-02-07 22:50:37,192 [INFO] rit_api: LIMIT SELL 100 RTM1C48 @ 1.30 -> order_id=3836
2026-02-07 22:50:37,296 [INFO] rit_api: LIMIT SELL 100 RTM1P48 @ 2.12 -> order_id=3838
2026-02-07 22:50:37,408 [INFO] rit_api: LIMIT SELL 100 RTM1C51 @ 0.43 -> order_id=3840
2026-02-07 22:50:37,516 [INFO] rit_api: LIMIT SELL 100 RTM1P51 @ 4.25 -> order_id=3842
2026-02-07 22:50:37,627 [INFO] rit_api: LIMIT SELL 100 RTM1C52 @ 0.21 -> order_id=3844
2026-02-07 22:50:37,741 [INFO] rit_api: LIMIT SELL 100 RTM1P52 @ 5.04 -> order_id=3846
2026-02-07 22:50:37,919 [INFO] rit_api: LIMIT SELL 4660 RTM @ 47.17 -> order_id=3891
2026-02-07 22:50:37,920 [INFO] trading_engine: HEDGE LIMIT SELL 4660 RTM @ 47.17 (delta=6660, target=2000)
2026-02-07 22:50:38,236 [INFO] rit_api: MARKET SELL 10000 RTM -> order_id=3896
2026-02-07 22:50:38,236 [WARNING] trading_engine: EMERGENCY HEDGE SELL 10000 RTM (delta=41670)
2026-02-07 22:50:38,298 [INFO] rit_api: LIMIT BUY 68 RTM1C51 @ 0.41 -> order_id=3897
2026-02-07 22:50:38,374 [INFO] rit_api: LIMIT BUY 68 RTM1P51 @ 4.24 -> order_id=3898
2026-02-07 22:50:38,431 [INFO] rit_api: LIMIT BUY 59 RTM1C50 @ 0.64 -> order_id=3899
2026-02-07 22:50:38,504 [INFO] rit_api: LIMIT BUY 59 RTM1P50 @ 3.48 -> order_id=3900
2026-02-07 22:50:38,561 [INFO] rit_api: LIMIT SELL 53 RTM1C47 @ 1.67 -> order_id=3901
2026-02-07 22:50:38,682 [INFO] rit_api: LIMIT SELL 53 RTM1P47 @ 1.51 -> order_id=3903
2026-02-07 22:50:38,788 [INFO] rit_api: LIMIT BUY 52 RTM1C49 @ 0.84 -> order_id=3905
2026-02-07 22:50:38,903 [INFO] rit_api: LIMIT BUY 52 RTM1P49 @ 2.67 -> order_id=3949
2026-02-07 22:50:39,054 [INFO] rit_api: LIMIT SELL 50 RTM1C46 @ 2.31 -> order_id=3957
2026-02-07 22:50:39,110 [INFO] rit_api: LIMIT SELL 50 RTM1P46 @ 1.14 -> order_id=3960
2026-02-07 22:50:39,240 [INFO] rit_api: LIMIT SELL 4749 RTM @ 47.47 -> order_id=3962
2026-02-07 22:50:39,240 [INFO] trading_engine: HEDGE LIMIT SELL 4749 RTM @ 47.47 (delta=6749, target=2000)
2026-02-07 22:50:39,672 [INFO] rit_api: LIMIT BUY 70 RTM1C52 @ 0.40 -> order_id=3966
2026-02-07 22:50:39,783 [INFO] rit_api: LIMIT BUY 70 RTM1P52 @ 4.92 -> order_id=3968
2026-02-07 22:50:39,898 [INFO] rit_api: LIMIT SELL 55 RTM1P46 @ 1.00 -> order_id=4012
2026-02-07 22:50:40,028 [INFO] rit_api: LIMIT SELL 54 RTM1C49 @ 1.13 -> order_id=4014
2026-02-07 22:50:40,133 [INFO] rit_api: LIMIT SELL 54 RTM1P49 @ 2.65 -> order_id=4042
2026-02-07 22:50:40,259 [INFO] rit_api: LIMIT SELL 46 RTM1C45 @ 3.25 -> order_id=4044
2026-02-07 22:50:40,367 [INFO] rit_api: LIMIT SELL 46 RTM1P45 @ 0.77 -> order_id=4048
2026-02-07 22:50:40,483 [INFO] rit_api: LIMIT SELL 22 RTM1C53 @ 0.22 -> order_id=4050
2026-02-07 22:50:40,541 [INFO] rit_api: LIMIT SELL 22 RTM1P53 @ 5.73 -> order_id=4051
2026-02-07 22:50:40,653 [INFO] rit_api: LIMIT SELL 15 RTM1C54 @ 0.16 -> order_id=4053
2026-02-07 22:50:41,105 [INFO] rit_api: LIMIT BUY 100 RTM1P46 @ 1.28 -> order_id=4105
2026-02-07 22:50:41,212 [INFO] rit_api: LIMIT BUY 59 RTM1P49 @ 2.72 -> order_id=4108
2026-02-07 22:50:41,333 [INFO] rit_api: LIMIT SELL 53 RTM1C45 @ 2.95 -> order_id=4110
2026-02-07 22:50:41,439 [INFO] rit_api: LIMIT SELL 53 RTM1P45 @ 0.71 -> order_id=4112
2026-02-07 22:50:41,631 [INFO] rit_api: LIMIT BUY 6441 RTM @ 47.25 -> order_id=4115
2026-02-07 22:50:41,631 [INFO] trading_engine: HEDGE LIMIT BUY 6441 RTM @ 47.25 (delta=-8441, target=-2000)
2026-02-07 22:50:41,988 [INFO] rit_api: LIMIT BUY 20 RTM1C49 @ 0.90 -> order_id=4160
2026-02-07 22:50:42,045 [INFO] rit_api: LIMIT BUY 19 RTM1C48 @ 1.22 -> order_id=4161
2026-02-07 22:50:42,104 [INFO] rit_api: LIMIT BUY 19 RTM1P48 @ 2.19 -> order_id=4163
2026-02-07 22:50:42,158 [INFO] rit_api: LIMIT BUY 18 RTM1C47 @ 1.92 -> order_id=4164
2026-02-07 22:50:42,224 [INFO] rit_api: LIMIT BUY 18 RTM1P47 @ 1.88 -> order_id=4165
2026-02-07 22:50:42,330 [INFO] rit_api: LIMIT BUY 18 RTM1C50 @ 0.77 -> order_id=4167
2026-02-07 22:50:42,391 [INFO] rit_api: LIMIT BUY 18 RTM1P50 @ 3.74 -> order_id=4168
2026-02-07 22:50:42,447 [INFO] rit_api: LIMIT BUY 15 RTM1C46 @ 2.20 -> order_id=4169
2026-02-07 22:50:42,540 [INFO] rit_api: LIMIT BUY 15 RTM1P49 @ 2.87 -> order_id=4170
2026-02-07 22:50:42,865 [INFO] rit_api: LIMIT SELL 85 RTM1P46 @ 1.15 -> order_id=4248
2026-02-07 22:51:03,027 [INFO] news_parser: NEWS: Forecast vol next week = 31.0% - 36.0% (mid=33.5%)
2026-02-07 22:51:30,218 [INFO] rit_api: LIMIT BUY 3900 RTM @ 47.71 -> order_id=6370
2026-02-07 22:51:30,218 [INFO] trading_engine: HEDGE LIMIT BUY 3900 RTM @ 47.71 (delta=-5900, target=-2000)
2026-02-07 22:51:33,246 [INFO] trading_engine: Cancelled stale hedge order after 3 ticks
2026-02-07 22:51:41,174 [INFO] news_parser: NEWS: Current realized vol = 32.0% (history: ['31%', '32%'])
2026-02-07 22:52:18,432 [INFO] news_parser: NEWS: Forecast vol next week = 28.0% - 33.0% (mid=30.5%)
2026-02-07 22:52:25,549 [INFO] rit_api: LIMIT BUY 3786 RTM @ 48.97 -> order_id=8893
2026-02-07 22:52:25,550 [INFO] trading_engine: HEDGE LIMIT BUY 3786 RTM @ 48.97 (delta=-5786, target=-2000)
2026-02-07 22:52:26,599 [INFO] rit_api: LIMIT SELL 4839 RTM @ 48.64 -> order_id=8943
2026-02-07 22:52:26,599 [INFO] trading_engine: HEDGE LIMIT SELL 4839 RTM @ 48.64 (delta=6839, target=2000)
2026-02-07 22:52:29,596 [INFO] trading_engine: Cancelled stale hedge order after 3 ticks
2026-02-07 22:52:29,652 [INFO] rit_api: LIMIT BUY 3583 RTM @ 48.82 -> order_id=9083
2026-02-07 22:52:29,652 [INFO] trading_engine: HEDGE LIMIT BUY 3583 RTM @ 48.82 (delta=-5583, target=-2000)
2026-02-07 22:52:32,554 [INFO] trading_engine: Cancelled stale hedge order after 3 ticks
2026-02-07 22:52:32,608 [INFO] rit_api: LIMIT SELL 4756 RTM @ 48.13 -> order_id=9218
2026-02-07 22:52:32,608 [INFO] trading_engine: HEDGE LIMIT SELL 4756 RTM @ 48.13 (delta=6756, target=2000)
2026-02-07 22:52:33,509 [INFO] rit_api: MARKET BUY 5075 RTM -> order_id=9267
2026-02-07 22:52:33,511 [WARNING] trading_engine: EMERGENCY HEDGE BUY 5075 RTM (delta=-8075)
2026-02-07 22:52:33,570 [INFO] rit_api: LIMIT BUY 6075 RTM @ 48.47 -> order_id=9268
2026-02-07 22:52:33,571 [INFO] trading_engine: HEDGE LIMIT BUY 6075 RTM @ 48.47 (delta=-8075, target=-2000)
2026-02-07 22:52:34,558 [INFO] rit_api: MARKET SELL 8972 RTM -> order_id=9316
2026-02-07 22:52:34,558 [WARNING] trading_engine: EMERGENCY HEDGE SELL 8972 RTM (delta=11972)
2026-02-07 22:52:34,617 [INFO] rit_api: LIMIT SELL 9972 RTM @ 48.37 -> order_id=9317
2026-02-07 22:52:34,618 [INFO] trading_engine: HEDGE LIMIT SELL 9972 RTM @ 48.37 (delta=11972, target=2000)
2026-02-07 22:52:35,560 [INFO] rit_api: MARKET BUY 10000 RTM -> order_id=9362
2026-02-07 22:52:35,561 [WARNING] trading_engine: EMERGENCY HEDGE BUY 10000 RTM (delta=-19453)
2026-02-07 22:52:35,620 [INFO] rit_api: LIMIT BUY 10000 RTM @ 48.63 -> order_id=9363
2026-02-07 22:52:35,621 [INFO] trading_engine: HEDGE LIMIT BUY 10000 RTM @ 48.63 (delta=-19453, target=-2000)
2026-02-07 22:52:36,652 [INFO] rit_api: MARKET SELL 5196 RTM -> order_id=9411
2026-02-07 22:52:36,652 [WARNING] trading_engine: EMERGENCY HEDGE SELL 5196 RTM (delta=8196)
2026-02-07 22:52:37,602 [INFO] rit_api: LIMIT BUY 3211 RTM @ 48.86 -> order_id=9457
2026-02-07 22:52:37,602 [INFO] trading_engine: HEDGE LIMIT BUY 3211 RTM @ 48.86 (delta=-5211, target=-2000)
2026-02-07 22:52:40,573 [INFO] trading_engine: Cancelled stale hedge order after 3 ticks
2026-02-07 22:52:41,667 [INFO] rit_api: LIMIT BUY 3721 RTM @ 49.15 -> order_id=9635
2026-02-07 22:52:41,667 [INFO] trading_engine: HEDGE LIMIT BUY 3721 RTM @ 49.15 (delta=-5721, target=-2000)
2026-02-07 22:52:44,615 [INFO] trading_engine: Cancelled stale hedge order after 3 ticks
2026-02-07 22:52:50,606 [INFO] rit_api: LIMIT BUY 4833 RTM @ 50.25 -> order_id=10053
2026-02-07 22:52:50,606 [INFO] trading_engine: HEDGE LIMIT BUY 4833 RTM @ 50.25 (delta=-6833, target=-2000)
2026-02-07 22:52:53,678 [INFO] trading_engine: Cancelled stale hedge order after 3 ticks
2026-02-07 22:52:56,619 [INFO] news_parser: NEWS: Current realized vol = 31.0% (history: ['31%', '32%', '31%'])
2026-02-07 22:52:57,620 [INFO] trading_engine: BLOCKED reversal at tick 226 (after deadline 200), edge=8.2%
2026-02-07 22:52:58,868 [INFO] rit_api: MARKET SELL 10000 RTM -> order_id=10442
2026-02-07 22:52:58,868 [WARNING] trading_engine: EMERGENCY HEDGE SELL 10000 RTM (delta=30401)
2026-02-07 22:52:58,924 [INFO] trading_engine: BLOCKED reversal at tick 227 (after deadline 200), edge=8.7%
2026-02-07 22:52:59,047 [INFO] rit_api: LIMIT SELL 10000 RTM @ 50.51 -> order_id=10453
2026-02-07 22:52:59,048 [INFO] trading_engine: HEDGE LIMIT SELL 10000 RTM @ 50.51 (delta=30401, target=2000)
2026-02-07 22:52:59,666 [INFO] trading_engine: BLOCKED reversal at tick 228 (after deadline 200), edge=8.7%
2026-02-07 22:53:00,648 [INFO] trading_engine: BLOCKED reversal at tick 229 (after deadline 200), edge=7.7%
2026-02-07 22:53:00,754 [INFO] rit_api: LIMIT BUY 4521 RTM @ 50.56 -> order_id=10558
2026-02-07 22:53:00,754 [INFO] trading_engine: HEDGE LIMIT BUY 4521 RTM @ 50.56 (delta=-6521, target=-2000)
2026-02-07 22:53:01,618 [INFO] trading_engine: BLOCKED reversal at tick 230 (after deadline 200), edge=7.3%
2026-02-07 22:53:02,655 [INFO] rit_api: MARKET SELL 5145 RTM -> order_id=10659
2026-02-07 22:53:02,655 [WARNING] trading_engine: EMERGENCY HEDGE SELL 5145 RTM (delta=8145)
2026-02-07 22:53:02,655 [INFO] trading_engine: BLOCKED reversal at tick 231 (after deadline 200), edge=8.0%
2026-02-07 22:53:02,718 [INFO] rit_api: LIMIT SELL 6145 RTM @ 51.16 -> order_id=10660
2026-02-07 22:53:02,718 [INFO] trading_engine: HEDGE LIMIT SELL 6145 RTM @ 51.16 (delta=8145, target=2000)
2026-02-07 22:53:03,639 [INFO] trading_engine: BLOCKED reversal at tick 232 (after deadline 200), edge=8.6%
2026-02-07 22:53:03,692 [INFO] rit_api: LIMIT BUY 3898 RTM @ 50.82 -> order_id=10722
2026-02-07 22:53:03,692 [INFO] trading_engine: HEDGE LIMIT BUY 3898 RTM @ 50.82 (delta=-5898, target=-2000)
2026-02-07 22:53:04,748 [INFO] trading_engine: BLOCKED reversal at tick 233 (after deadline 200), edge=7.6%
2026-02-07 22:53:05,589 [INFO] trading_engine: BLOCKED reversal at tick 234 (after deadline 200), edge=6.9%
2026-02-07 22:53:06,765 [INFO] trading_engine: BLOCKED reversal at tick 235 (after deadline 200), edge=8.5%
2026-02-07 22:53:06,873 [INFO] trading_engine: Cancelled stale hedge order after 3 ticks
2026-02-07 22:53:07,795 [INFO] trading_engine: BLOCKED reversal at tick 236 (after deadline 200), edge=8.2%
2026-02-07 22:53:08,744 [INFO] trading_engine: BLOCKED reversal at tick 237 (after deadline 200), edge=7.6%
2026-02-07 22:53:09,830 [INFO] trading_engine: BLOCKED reversal at tick 238 (after deadline 200), edge=6.9%
2026-02-07 22:53:10,794 [INFO] trading_engine: BLOCKED reversal at tick 239 (after deadline 200), edge=8.0%
2026-02-07 22:53:11,946 [INFO] trading_engine: BLOCKED reversal at tick 240 (after deadline 200), edge=6.7%
2026-02-07 22:53:12,825 [INFO] trading_engine: BLOCKED reversal at tick 241 (after deadline 200), edge=6.9%
2026-02-07 22:53:13,853 [INFO] trading_engine: BLOCKED reversal at tick 242 (after deadline 200), edge=7.3%
2026-02-07 22:53:14,692 [INFO] trading_engine: BLOCKED reversal at tick 243 (after deadline 200), edge=7.3%
2026-02-07 22:53:14,911 [INFO] rit_api: LIMIT SELL 4528 RTM @ 50.96 -> order_id=11290
2026-02-07 22:53:14,912 [INFO] trading_engine: HEDGE LIMIT SELL 4528 RTM @ 50.96 (delta=6528, target=2000)
2026-02-07 22:53:15,728 [INFO] trading_engine: BLOCKED reversal at tick 244 (after deadline 200), edge=7.3%
2026-02-07 22:53:18,418 [INFO] rit_api: LIMIT BUY 3376 RTM @ 51.05 -> order_id=11428
2026-02-07 22:53:18,418 [INFO] trading_engine: HEDGE LIMIT BUY 3376 RTM @ 51.05 (delta=-5376, target=-2000)
2026-02-07 22:53:18,828 [INFO] trading_engine: BLOCKED reversal at tick 246 (after deadline 200), edge=6.2%
2026-02-07 22:53:19,036 [INFO] trading_engine: BLOCKED reversal at tick 247 (after deadline 200), edge=6.0%
2026-02-07 22:53:19,095 [INFO] trading_engine: Cancelled stale hedge order after 3 ticks
2026-02-07 22:53:19,709 [INFO] trading_engine: BLOCKED reversal at tick 248 (after deadline 200), edge=6.0%
2026-02-07 22:53:20,852 [INFO] trading_engine: BLOCKED reversal at tick 249 (after deadline 200), edge=6.8%
2026-02-07 22:53:21,753 [INFO] trading_engine: BLOCKED reversal at tick 250 (after deadline 200), edge=5.8%
2026-02-07 22:53:21,858 [INFO] rit_api: LIMIT BUY 4004 RTM @ 50.99 -> order_id=11624
2026-02-07 22:53:21,859 [INFO] trading_engine: HEDGE LIMIT BUY 4004 RTM @ 50.99 (delta=-6004, target=-2000)
2026-02-07 22:53:22,728 [INFO] trading_engine: BLOCKED reversal at tick 251 (after deadline 200), edge=6.2%
2026-02-07 22:53:23,784 [INFO] trading_engine: BLOCKED reversal at tick 252 (after deadline 200), edge=5.0%
2026-02-07 22:53:24,798 [INFO] trading_engine: BLOCKED reversal at tick 253 (after deadline 200), edge=5.0%
2026-02-07 22:53:24,854 [INFO] trading_engine: Cancelled stale hedge order after 3 ticks
2026-02-07 22:53:25,693 [INFO] trading_engine: BLOCKED reversal at tick 254 (after deadline 200), edge=5.5%
2026-02-07 22:53:26,948 [INFO] trading_engine: BLOCKED reversal at tick 255 (after deadline 200), edge=4.8%
2026-02-07 22:53:27,886 [INFO] trading_engine: BLOCKED reversal at tick 256 (after deadline 200), edge=4.6%
2026-02-07 22:53:27,995 [INFO] rit_api: LIMIT SELL 3300 RTM @ 51.11 -> order_id=11926
2026-02-07 22:53:27,995 [INFO] trading_engine: HEDGE LIMIT SELL 3300 RTM @ 51.11 (delta=5300, target=2000)
2026-02-07 22:53:28,821 [INFO] trading_engine: BLOCKED reversal at tick 257 (after deadline 200), edge=5.1%
2026-02-07 22:53:29,783 [INFO] trading_engine: BLOCKED reversal at tick 258 (after deadline 200), edge=4.9%
2026-02-07 22:53:30,810 [INFO] trading_engine: BLOCKED reversal at tick 259 (after deadline 200), edge=4.6%
2026-02-07 22:53:30,910 [INFO] trading_engine: Cancelled stale hedge order after 3 ticks
2026-02-07 22:53:31,720 [INFO] trading_engine: BLOCKED reversal at tick 260 (after deadline 200), edge=4.1%
2026-02-07 22:53:31,791 [INFO] rit_api: LIMIT SELL 3432 RTM @ 51.31 -> order_id=12127
2026-02-07 22:53:31,791 [INFO] trading_engine: HEDGE LIMIT SELL 3432 RTM @ 51.31 (delta=5432, target=2000)
2026-02-07 22:53:32,781 [INFO] trading_engine: BLOCKED reversal at tick 261 (after deadline 200), edge=5.2%
2026-02-07 22:53:33,776 [INFO] trading_engine: BLOCKED reversal at tick 262 (after deadline 200), edge=3.6%
2026-02-07 22:53:34,775 [INFO] trading_engine: BLOCKED reversal at tick 263 (after deadline 200), edge=4.5%
2026-02-07 22:53:34,832 [INFO] trading_engine: Cancelled stale hedge order after 3 ticks
2026-02-07 22:53:35,900 [INFO] trading_engine: BLOCKED reversal at tick 264 (after deadline 200), edge=3.9%
2026-02-07 22:53:36,800 [INFO] trading_engine: BLOCKED reversal at tick 265 (after deadline 200), edge=4.2%
2026-02-07 22:53:37,863 [INFO] trading_engine: BLOCKED reversal at tick 266 (after deadline 200), edge=3.5%
2026-02-07 22:53:38,936 [INFO] trading_engine: BLOCKED reversal at tick 267 (after deadline 200), edge=3.5%
2026-02-07 22:53:39,862 [INFO] trading_engine: BLOCKED reversal at tick 268 (after deadline 200), edge=3.1%
2026-02-07 22:53:40,856 [INFO] trading_engine: BLOCKED reversal at tick 269 (after deadline 200), edge=3.3%
2026-02-07 22:53:41,888 [INFO] trading_engine: BLOCKED reversal at tick 270 (after deadline 200), edge=2.6%
2026-02-07 22:53:42,869 [INFO] trading_engine: BLOCKED reversal at tick 271 (after deadline 200), edge=2.9%
2026-02-07 22:53:43,881 [INFO] trading_engine: BLOCKED reversal at tick 272 (after deadline 200), edge=2.6%
2026-02-07 22:53:44,848 [INFO] trading_engine: BLOCKED reversal at tick 273 (after deadline 200), edge=2.2%
2026-02-07 22:53:45,889 [INFO] trading_engine: BLOCKED reversal at tick 274 (after deadline 200), edge=2.1%
2026-02-07 22:53:46,869 [INFO] trading_engine: BLOCKED reversal at tick 275 (after deadline 200), edge=2.1%
2026-02-07 22:53:47,910 [INFO] trading_engine: BLOCKED reversal at tick 276 (after deadline 200), edge=2.5%
2026-02-07 22:53:48,875 [INFO] trading_engine: BLOCKED reversal at tick 277 (after deadline 200), edge=2.1%
2026-02-07 22:53:49,832 [INFO] trading_engine: BLOCKED reversal at tick 278 (after deadline 200), edge=1.9%
2026-02-07 22:53:50,936 [INFO] trading_engine: BLOCKED reversal at tick 279 (after deadline 200), edge=2.0%
2026-02-07 22:53:51,965 [INFO] rit_api: LIMIT SELL 19 RTM1C49 @ 2.66 -> order_id=13122
2026-02-07 22:53:52,023 [INFO] rit_api: LIMIT SELL 38 RTM1P49 @ 0.02 -> order_id=13123
2026-02-07 22:53:52,130 [INFO] rit_api: LIMIT SELL 12 RTM1C50 @ 1.69 -> order_id=13125
2026-02-07 22:53:52,242 [INFO] rit_api: LIMIT SELL 22 RTM1P50 @ 0.03 -> order_id=13127
2026-02-07 22:53:52,351 [INFO] rit_api: LIMIT SELL 29 RTM1C51 @ 0.86 -> order_id=13129
2026-02-07 22:53:52,463 [INFO] rit_api: LIMIT SELL 29 RTM1P51 @ 0.20 -> order_id=13131
2026-02-07 22:53:52,575 [INFO] rit_api: LIMIT SELL 45 RTM1C52 @ 0.31 -> order_id=13133
2026-02-07 22:53:52,693 [INFO] rit_api: LIMIT SELL 45 RTM1P52 @ 0.65 -> order_id=13135
2026-02-07 22:53:52,823 [INFO] rit_api: LIMIT SELL 39 RTM1C53 @ 0.07 -> order_id=13178
2026-02-07 22:53:52,957 [INFO] rit_api: LIMIT SELL 39 RTM1P53 @ 1.41 -> order_id=13180
2026-02-07 22:53:53,017 [INFO] rit_api: LIMIT SELL 31 RTM1C54 @ 0.02 -> order_id=13181
2026-02-07 22:53:53,087 [INFO] rit_api: LIMIT SELL 17 RTM1P54 @ 2.35 -> order_id=13182
2026-02-07 22:53:53,160 [INFO] rit_api: LIMIT BUY 3941 RTM @ 51.68 -> order_id=13183
2026-02-07 22:53:53,547 [INFO] rit_api: LIMIT SELL 19 RTM1C49 @ 2.54 -> order_id=13189
2026-02-07 22:53:53,664 [INFO] rit_api: LIMIT SELL 38 RTM1P49 @ 0.01 -> order_id=13191
2026-02-07 22:53:53,721 [INFO] rit_api: LIMIT SELL 12 RTM1C50 @ 1.57 -> order_id=13192
2026-02-07 22:53:53,856 [INFO] rit_api: LIMIT SELL 41 RTM1C51 @ 0.75 -> order_id=13236
2026-02-07 22:53:53,944 [INFO] rit_api: LIMIT SELL 12 RTM1P51 @ 0.22 -> order_id=13237
2026-02-07 22:53:54,006 [INFO] rit_api: LIMIT SELL 45 RTM1C52 @ 0.25 -> order_id=13238
2026-02-07 22:53:54,077 [INFO] rit_api: LIMIT SELL 47 RTM1P52 @ 0.72 -> order_id=13239
2026-02-07 22:53:54,134 [INFO] rit_api: LIMIT SELL 27 RTM1C53 @ 0.05 -> order_id=13240
2026-02-07 22:53:54,192 [INFO] rit_api: LIMIT SELL 23 RTM1P53 @ 1.51 -> order_id=13241
2026-02-07 22:53:54,299 [INFO] rit_api: LIMIT SELL 31 RTM1C54 @ 0.01 -> order_id=13243
2026-02-07 22:53:54,408 [INFO] rit_api: LIMIT BUY 9 RTM1P54 @ 2.47 -> order_id=13245
2026-02-07 22:53:54,557 [INFO] rit_api: LIMIT SELL 3020 RTM @ 51.51 -> order_id=13247
2026-02-07 22:53:54,829 [INFO] rit_api: LIMIT SELL 5 RTM1C49 @ 2.34 -> order_id=13293
2026-02-07 22:53:54,913 [INFO] rit_api: LIMIT SELL 25 RTM1C50 @ 1.38 -> order_id=13294
2026-02-07 22:53:54,972 [INFO] rit_api: LIMIT SELL 20 RTM1P50 @ 0.05 -> order_id=13295
2026-02-07 22:53:55,030 [INFO] rit_api: LIMIT SELL 49 RTM1C51 @ 0.61 -> order_id=13296
2026-02-07 22:53:55,108 [INFO] rit_api: LIMIT SELL 33 RTM1P51 @ 0.28 -> order_id=13297
2026-02-07 22:53:55,170 [INFO] rit_api: LIMIT SELL 45 RTM1C52 @ 0.18 -> order_id=13298
2026-02-07 22:53:55,229 [INFO] rit_api: LIMIT SELL 27 RTM1C53 @ 0.03 -> order_id=13299
2026-02-07 22:53:55,291 [INFO] rit_api: LIMIT SELL 5 RTM1P54 @ 2.67 -> order_id=13300
2026-02-07 22:53:55,349 [INFO] rit_api: LIMIT BUY 409 RTM @ 51.35 -> order_id=13301
2026-02-07 22:53:55,618 [INFO] rit_api: LIMIT SELL 5 RTM1C49 @ 2.03 -> order_id=13302
2026-02-07 22:53:55,707 [INFO] rit_api: LIMIT SELL 25 RTM1C50 @ 1.11 -> order_id=13303
2026-02-07 22:53:55,764 [INFO] rit_api: LIMIT SELL 5 RTM1P50 @ 0.08 -> order_id=13304
2026-02-07 22:53:55,824 [INFO] rit_api: LIMIT SELL 49 RTM1C51 @ 0.43 -> order_id=13347
2026-02-07 22:53:55,900 [INFO] rit_api: LIMIT SELL 45 RTM1C52 @ 0.10 -> order_id=13348
2026-02-07 22:53:55,967 [INFO] rit_api: LIMIT SELL 27 RTM1C53 @ 0.02 -> order_id=13349
2026-02-07 22:53:56,024 [INFO] rit_api: LIMIT BUY 5 RTM1P53 @ 1.99 -> order_id=13350
2026-02-07 22:53:56,084 [INFO] rit_api: LIMIT BUY 4823 RTM @ 51.05 -> order_id=13351
2026-02-07 22:53:56,351 [INFO] rit_api: LIMIT SELL 5 RTM1P50 @ 0.07 -> order_id=13353
2026-02-07 22:53:56,407 [INFO] rit_api: LIMIT SELL 27 RTM1C53 @ 0.01 -> order_id=13354
2026-02-07 22:53:56,458 [INFO] rit_api: LIMIT BUY 4823 RTM @ 51.14 -> order_id=13355
2026-02-07 22:53:56,996 [INFO] rit_api: MARKET SELL 5288 RTM -> order_id=13398
2026-02-07 22:53:56,996 [WARNING] trading_engine: EMERGENCY HEDGE SELL 5288 RTM (delta=8288)
2026-02-07 22:53:57,156 [INFO] rit_api: LIMIT BUY 5 RTM1P50 @ 0.10 -> order_id=13401
2026-02-07 22:53:57,224 [INFO] rit_api: LIMIT SELL 8192 RTM @ 50.85 -> order_id=13402
2026-02-07 22:53:57,918 [INFO] rit_api: MARKET BUY 10000 RTM -> order_id=13445
2026-02-07 22:53:57,918 [WARNING] trading_engine: EMERGENCY HEDGE BUY 10000 RTM (delta=-13480)
2026-02-07 22:53:57,989 [INFO] rit_api: LIMIT BUY 10000 RTM @ 50.60 -> order_id=13446
2026-02-07 22:53:58,989 [INFO] rit_api: MARKET SELL 10000 RTM -> order_id=13490
2026-02-07 22:53:58,990 [WARNING] trading_engine: EMERGENCY HEDGE SELL 10000 RTM (delta=16443)
2026-02-07 22:53:59,049 [INFO] rit_api: LIMIT SELL 5 RTM1P50 @ 0.07 -> order_id=13491
2026-02-07 22:53:59,157 [INFO] rit_api: LIMIT SELL 10000 RTM @ 50.93 -> order_id=13493
2026-02-07 22:53:59,992 [INFO] rit_api: MARKET BUY 10000 RTM -> order_id=13538
2026-02-07 22:53:59,993 [WARNING] trading_engine: EMERGENCY HEDGE BUY 10000 RTM (delta=-13480)
2026-02-07 22:54:00,061 [INFO] rit_api: LIMIT BUY 3480 RTM @ 50.96 -> order_id=13539
2026-02-07 22:54:00,947 [INFO] rit_api: MARKET SELL 7000 RTM -> order_id=13582
2026-02-07 22:54:00,948 [WARNING] trading_engine: EMERGENCY HEDGE SELL 7000 RTM (delta=10000)
2026-02-07 22:54:01,007 [INFO] rit_api: LIMIT SELL 10000 RTM @ 50.82 -> order_id=13583
2026-02-07 22:54:01,983 [INFO] rit_api: MARKET BUY 7000 RTM -> order_id=13627
2026-02-07 22:54:01,983 [WARNING] trading_engine: EMERGENCY HEDGE BUY 7000 RTM (delta=-10000)
2026-02-07 22:54:02,102 [INFO] rit_api: LIMIT BUY 10000 RTM @ 50.88 -> order_id=13629
2026-02-07 22:54:02,997 [INFO] rit_api: MARKET SELL 10000 RTM -> order_id=13672
2026-02-07 22:54:03,001 [WARNING] trading_engine: EMERGENCY HEDGE SELL 10000 RTM (delta=17000)
2026-02-07 22:54:03,114 [INFO] rit_api: LIMIT SELL 10000 RTM @ 51.00 -> order_id=13674
2026-02-07 22:54:03,993 [INFO] rit_api: MARKET BUY 10000 RTM -> order_id=13717
2026-02-07 22:54:03,993 [WARNING] trading_engine: EMERGENCY HEDGE BUY 10000 RTM (delta=-13000)
2026-02-07 22:54:04,054 [INFO] rit_api: LIMIT BUY 10000 RTM @ 50.89 -> order_id=13718
2026-02-07 22:54:05,042 [INFO] rit_api: MARKET SELL 10000 RTM -> order_id=13762
2026-02-07 22:54:05,042 [WARNING] trading_engine: EMERGENCY HEDGE SELL 10000 RTM (delta=17000)
2026-02-07 22:54:05,103 [INFO] rit_api: LIMIT SELL 10000 RTM @ 50.88 -> order_id=13763
2026-02-07 22:54:05,985 [INFO] rit_api: MARKET BUY 10000 RTM -> order_id=13807
2026-02-07 22:54:05,985 [WARNING] trading_engine: EMERGENCY HEDGE BUY 10000 RTM (delta=-13000)
2026-02-07 22:54:06,097 [INFO] rit_api: LIMIT BUY 10000 RTM @ 51.12 -> order_id=13809
2026-02-07 22:54:06,980 [INFO] rit_api: MARKET SELL 10000 RTM -> order_id=13852
2026-02-07 22:54:06,985 [WARNING] trading_engine: EMERGENCY HEDGE SELL 10000 RTM (delta=17000)
2026-02-07 22:54:07,044 [INFO] rit_api: MARKET SELL 10000 RTM -> order_id=13853
2026-02-07 22:54:08,083 [INFO] rit_api: MARKET BUY 10000 RTM -> order_id=13898
2026-02-07 22:54:08,083 [WARNING] trading_engine: EMERGENCY HEDGE BUY 10000 RTM (delta=-13000)
2026-02-07 22:54:08,143 [INFO] rit_api: MARKET BUY 10000 RTM -> order_id=13899
2026-02-07 22:54:09,057 [INFO] rit_api: MARKET SELL 10000 RTM -> order_id=13943
2026-02-07 22:54:09,057 [WARNING] trading_engine: EMERGENCY HEDGE SELL 10000 RTM (delta=17000)
2026-02-07 22:54:09,117 [INFO] rit_api: MARKET SELL 10000 RTM -> order_id=13944
2026-02-07 22:54:10,019 [INFO] rit_api: MARKET BUY 10000 RTM -> order_id=13987
2026-02-07 22:54:10,019 [WARNING] trading_engine: EMERGENCY HEDGE BUY 10000 RTM (delta=-13000)
2026-02-07 22:54:10,094 [INFO] rit_api: MARKET BUY 10000 RTM -> order_id=13988
2026-02-07 22:54:11,083 [INFO] rit_api: MARKET SELL 10000 RTM -> order_id=14032
2026-02-07 22:54:11,083 [WARNING] trading_engine: EMERGENCY HEDGE SELL 10000 RTM (delta=17000)
2026-02-07 22:54:11,144 [INFO] rit_api: MARKET SELL 10000 RTM -> order_id=14033
