2026-02-08 09:45:03,562 [INFO] news_parser: NEWS: Delta limit = 9000
2026-02-08 09:45:03,563 [INFO] news_parser: NEWS: Penalty rate = 5.00%
2026-02-08 09:45:38,642 [INFO] news_parser: NEWS: Forecast vol next week = 38.0% - 43.0% (mid=40.5%) [NOW USING FORECAST]
2026-02-08 09:45:38,703 [INFO] rit_api: MARKET SELL 63 RTM1C49 -> order_id=1513
2026-02-08 09:45:38,759 [INFO] rit_api: MARKET SELL 63 RTM1P49 -> order_id=1514
2026-02-08 09:45:38,817 [INFO] rit_api: MARKET SELL 63 RTM1C50 -> order_id=1515
2026-02-08 09:45:38,896 [INFO] rit_api: MARKET SELL 63 RTM1P50 -> order_id=1516
2026-02-08 09:45:38,962 [INFO] rit_api: MARKET SELL 61 RTM1C48 -> order_id=1517
2026-02-08 09:45:39,043 [INFO] rit_api: MARKET SELL 61 RTM1P48 -> order_id=1518
2026-02-08 09:45:39,100 [INFO] rit_api: MARKET SELL 61 RTM1C51 -> order_id=1519
2026-02-08 09:45:39,177 [INFO] rit_api: MARKET SELL 61 RTM1P51 -> order_id=1520
2026-02-08 09:45:39,762 [INFO] rit_api: MARKET SELL 6 RTM1C51 -> order_id=1563
2026-02-08 09:45:39,818 [INFO] rit_api: MARKET SELL 6 RTM1P51 -> order_id=1564
2026-02-08 09:45:39,878 [INFO] rit_api: MARKET SELL 5 RTM1C50 -> order_id=1565
2026-02-08 09:45:39,937 [INFO] rit_api: MARKET SELL 5 RTM1P50 -> order_id=1566
2026-02-08 09:45:40,774 [INFO] rit_api: MARKET SELL 7 RTM1C49 -> order_id=1609
2026-02-08 09:45:40,830 [INFO] rit_api: MARKET SELL 7 RTM1P49 -> order_id=1610
2026-02-08 09:45:40,888 [INFO] rit_api: MARKET SELL 6 RTM1C48 -> order_id=1611
2026-02-08 09:45:40,946 [INFO] rit_api: MARKET SELL 6 RTM1P48 -> order_id=1612
2026-02-08 09:45:41,793 [INFO] rit_api: MARKET BUY 12 RTM1C49 -> order_id=1655
2026-02-08 09:45:41,851 [INFO] rit_api: MARKET BUY 12 RTM1P49 -> order_id=1656
2026-02-08 09:45:41,908 [INFO] rit_api: MARKET BUY 11 RTM1C48 -> order_id=1657
2026-02-08 09:45:41,980 [INFO] rit_api: MARKET BUY 11 RTM1P48 -> order_id=1658
2026-02-08 09:45:42,042 [INFO] rit_api: MARKET BUY 10 RTM1C51 -> order_id=1659
2026-02-08 09:45:42,099 [INFO] rit_api: MARKET BUY 10 RTM1P51 -> order_id=1660
2026-02-08 09:45:42,158 [INFO] rit_api: MARKET BUY 9 RTM1C50 -> order_id=1661
2026-02-08 09:45:42,216 [INFO] rit_api: MARKET BUY 9 RTM1P50 -> order_id=1662
2026-02-08 09:45:42,804 [INFO] rit_api: MARKET BUY 6 RTM1C50 -> order_id=1705
2026-02-08 09:45:42,862 [INFO] rit_api: MARKET BUY 6 RTM1P50 -> order_id=1706
2026-02-08 09:45:42,920 [INFO] rit_api: MARKET BUY 6 RTM1C51 -> order_id=1707
2026-02-08 09:45:42,981 [INFO] rit_api: MARKET BUY 6 RTM1P51 -> order_id=1708
2026-02-08 09:45:43,037 [INFO] rit_api: MARKET BUY 5 RTM1C48 -> order_id=1709
2026-02-08 09:45:43,094 [INFO] rit_api: MARKET BUY 5 RTM1P48 -> order_id=1710
2026-02-08 09:45:43,153 [INFO] rit_api: MARKET BUY 5 RTM1C49 -> order_id=1711
2026-02-08 09:45:43,221 [INFO] rit_api: MARKET BUY 5 RTM1P49 -> order_id=1712
2026-02-08 09:45:43,702 [INFO] rit_api: MARKET SELL 42 RTM1C47 -> order_id=1755
2026-02-08 09:45:43,760 [INFO] rit_api: MARKET SELL 42 RTM1P47 -> order_id=1756
2026-02-08 09:45:43,816 [INFO] rit_api: MARKET BUY 7 RTM1C49 -> order_id=1757
2026-02-08 09:45:43,878 [INFO] rit_api: MARKET BUY 7 RTM1P49 -> order_id=1758
2026-02-08 09:45:43,937 [INFO] rit_api: MARKET BUY 7 RTM1C50 -> order_id=1759
2026-02-08 09:45:43,998 [INFO] rit_api: MARKET BUY 7 RTM1P50 -> order_id=1760
2026-02-08 09:45:44,059 [INFO] rit_api: MARKET BUY 6 RTM1C48 -> order_id=1761
2026-02-08 09:45:44,115 [INFO] rit_api: MARKET BUY 6 RTM1P48 -> order_id=1762
2026-02-08 09:45:44,655 [INFO] trading_engine: POSITION BUILT at tick 42: gross=460 net=-460
2026-02-08 09:46:15,940 [INFO] rit_api: MARKET SELL 5067 RTM -> order_id=3107
2026-02-08 09:46:15,940 [INFO] trading_engine: HEDGE SELL 5067 RTM (delta=6867 -> target=1800, limit=9000)
2026-02-08 09:46:17,876 [INFO] news_parser: NEWS: Current realized vol = 40.0% (history: ['40%']) [NOW USING REALIZED]
2026-02-08 09:46:18,918 [INFO] trading_engine: REVERSAL APPROVED at tick 76: -1 -> 1 (edge=13.4%)
2026-02-08 09:46:18,918 [INFO] trading_engine: VOL REVERSAL at tick 76: -1 -> 1 (edge=13.4%)
2026-02-08 09:46:19,032 [INFO] rit_api: MARKET BUY 42 RTM1C47 -> order_id=3237
2026-02-08 09:46:19,090 [INFO] rit_api: MARKET BUY 42 RTM1P47 -> order_id=3238
2026-02-08 09:46:19,146 [INFO] rit_api: MARKET BUY 45 RTM1C48 -> order_id=3239
2026-02-08 09:46:19,202 [INFO] rit_api: MARKET BUY 45 RTM1P48 -> order_id=3240
2026-02-08 09:46:19,260 [INFO] rit_api: MARKET BUY 46 RTM1C49 -> order_id=3241
2026-02-08 09:46:19,321 [INFO] rit_api: MARKET BUY 46 RTM1P49 -> order_id=3242
2026-02-08 09:46:19,398 [INFO] rit_api: MARKET BUY 46 RTM1C50 -> order_id=3243
2026-02-08 09:46:19,462 [INFO] rit_api: MARKET BUY 46 RTM1P50 -> order_id=3244
2026-02-08 09:46:19,520 [INFO] rit_api: MARKET BUY 51 RTM1C51 -> order_id=3245
2026-02-08 09:46:19,577 [INFO] rit_api: MARKET BUY 51 RTM1P51 -> order_id=3246
2026-02-08 09:46:19,931 [INFO] rit_api: MARKET BUY 100 RTM1C47 -> order_id=3289
2026-02-08 09:46:19,989 [INFO] rit_api: MARKET BUY 16 RTM1C47 -> order_id=3290
2026-02-08 09:46:20,047 [INFO] rit_api: MARKET BUY 100 RTM1P47 -> order_id=3291
2026-02-08 09:46:20,113 [INFO] rit_api: MARKET BUY 16 RTM1P47 -> order_id=3292
2026-02-08 09:46:20,171 [INFO] rit_api: MARKET BUY 100 RTM1C46 -> order_id=3293
2026-02-08 09:46:20,230 [INFO] rit_api: MARKET BUY 14 RTM1C46 -> order_id=3294
2026-02-08 09:46:20,296 [INFO] rit_api: MARKET BUY 100 RTM1P46 -> order_id=3295
2026-02-08 09:46:20,358 [INFO] rit_api: MARKET BUY 14 RTM1P46 -> order_id=3296
2026-02-08 09:46:20,439 [INFO] rit_api: MARKET BUY 100 RTM1C48 -> order_id=3297
2026-02-08 09:46:20,499 [INFO] rit_api: MARKET BUY 12 RTM1C48 -> order_id=3298
2026-02-08 09:46:20,557 [INFO] rit_api: MARKET BUY 100 RTM1P48 -> order_id=3299
2026-02-08 09:46:20,616 [INFO] rit_api: MARKET BUY 12 RTM1P48 -> order_id=3300
2026-02-08 09:46:20,673 [INFO] rit_api: MARKET BUY 100 RTM1C45 -> order_id=3301
2026-02-08 09:46:20,735 [INFO] rit_api: MARKET BUY 7 RTM1C45 -> order_id=3302
2026-02-08 09:46:20,829 [INFO] rit_api: MARKET BUY 100 RTM1P45 -> order_id=3345
2026-02-08 09:46:20,966 [INFO] rit_api: MARKET BUY 7 RTM1P45 -> order_id=3346
2026-02-08 09:46:21,233 [INFO] trading_engine: POSITION BUILT at tick 78: gross=898 net=898
2026-02-08 09:46:27,004 [INFO] rit_api: MARKET BUY 4832 RTM -> order_id=3613
2026-02-08 09:46:27,004 [INFO] trading_engine: HEDGE BUY 4832 RTM (delta=-6632 -> target=-1800, limit=9000)
2026-02-08 09:46:42,091 [INFO] rit_api: MARKET SELL 7041 RTM -> order_id=4264
2026-02-08 09:46:42,092 [INFO] trading_engine: HEDGE SELL 7041 RTM (delta=8841 -> target=1800, limit=9000)
2026-02-08 09:46:55,094 [INFO] news_parser: NEWS: Forecast vol next week = 33.0% - 38.0% (mid=35.5%) [NOW USING FORECAST]
2026-02-08 09:47:06,198 [INFO] rit_api: MARKET SELL 10000 RTM -> order_id=5317
2026-02-08 09:47:06,198 [INFO] trading_engine: HEDGE SELL 10000 RTM (delta=12091 -> target=1800, limit=9000)
2026-02-08 09:47:17,334 [INFO] rit_api: MARKET BUY 7239 RTM -> order_id=5797
2026-02-08 09:47:17,334 [INFO] trading_engine: HEDGE BUY 7239 RTM (delta=-9039 -> target=-1800, limit=9000)
2026-02-08 09:47:27,209 [INFO] trading_engine: REVERSAL APPROVED at tick 144: 1 -> -1 (edge=4.0%)
2026-02-08 09:47:27,209 [INFO] trading_engine: VOL REVERSAL at tick 144: 1 -> -1 (edge=4.0%)
2026-02-08 09:47:27,325 [INFO] rit_api: MARKET SELL 100 RTM1C45 -> order_id=6230
2026-02-08 09:47:27,386 [INFO] rit_api: MARKET SELL 100 RTM1P45 -> order_id=6231
2026-02-08 09:47:27,465 [INFO] rit_api: MARKET SELL 100 RTM1C46 -> order_id=6232
2026-02-08 09:47:27,524 [INFO] rit_api: MARKET SELL 100 RTM1P46 -> order_id=6233
2026-02-08 09:47:27,582 [INFO] rit_api: MARKET SELL 100 RTM1C47 -> order_id=6234
2026-02-08 09:47:27,638 [INFO] rit_api: MARKET SELL 100 RTM1P47 -> order_id=6235
2026-02-08 09:47:27,697 [INFO] rit_api: MARKET SELL 100 RTM1C48 -> order_id=6236
2026-02-08 09:47:27,753 [INFO] rit_api: MARKET SELL 100 RTM1P48 -> order_id=6237
2026-02-08 09:47:27,884 [INFO] rit_api: MARKET BUY 10000 RTM -> order_id=6238
2026-02-08 09:47:27,884 [INFO] trading_engine: HEDGE BUY 10000 RTM (delta=-16126 -> target=-1800, limit=9000)
2026-02-08 09:47:28,223 [INFO] rit_api: MARKET SELL 100 RTM1C47 -> order_id=6281
2026-02-08 09:47:28,306 [INFO] rit_api: MARKET SELL 29 RTM1C47 -> order_id=6286
2026-02-08 09:47:28,364 [INFO] rit_api: MARKET SELL 100 RTM1P47 -> order_id=6288
2026-02-08 09:47:28,421 [INFO] rit_api: MARKET SELL 29 RTM1P47 -> order_id=6289
2026-02-08 09:47:28,484 [INFO] rit_api: MARKET SELL 100 RTM1C48 -> order_id=6290
2026-02-08 09:47:28,543 [INFO] rit_api: MARKET SELL 28 RTM1C48 -> order_id=6291
2026-02-08 09:47:28,599 [INFO] rit_api: MARKET SELL 100 RTM1P48 -> order_id=6292
2026-02-08 09:47:28,657 [INFO] rit_api: MARKET SELL 28 RTM1P48 -> order_id=6293
2026-02-08 09:47:28,715 [INFO] rit_api: MARKET SELL 100 RTM1C46 -> order_id=6294
2026-02-08 09:47:28,777 [INFO] rit_api: MARKET SELL 16 RTM1C46 -> order_id=6295
2026-02-08 09:47:28,836 [INFO] rit_api: MARKET SELL 100 RTM1P46 -> order_id=6296
2026-02-08 09:47:28,913 [INFO] rit_api: MARKET SELL 16 RTM1P46 -> order_id=6297
2026-02-08 09:47:28,972 [INFO] rit_api: MARKET SELL 100 RTM1C49 -> order_id=6298
2026-02-08 09:47:29,032 [INFO] rit_api: MARKET SELL 9 RTM1C49 -> order_id=6299
2026-02-08 09:47:29,124 [INFO] rit_api: MARKET SELL 100 RTM1P49 -> order_id=6342
2026-02-08 09:47:29,200 [INFO] rit_api: MARKET SELL 9 RTM1P49 -> order_id=6343
2026-02-08 09:47:29,471 [INFO] trading_engine: POSITION BUILT at tick 146: gross=894 net=-866
2026-02-08 09:47:33,243 [INFO] news_parser: NEWS: Current realized vol = 36.0% (history: ['40%', '36%']) [NOW USING REALIZED]
2026-02-08 09:47:35,350 [INFO] rit_api: MARKET BUY 5928 RTM -> order_id=6613
2026-02-08 09:47:35,350 [INFO] trading_engine: HEDGE BUY 5928 RTM (delta=-7728 -> target=-1800, limit=9000)
2026-02-08 09:47:44,352 [INFO] rit_api: MARKET BUY 5350 RTM -> order_id=7017
2026-02-08 09:47:44,352 [INFO] trading_engine: HEDGE BUY 5350 RTM (delta=-7150 -> target=-1800, limit=9000)
2026-02-08 09:47:58,482 [INFO] rit_api: MARKET BUY 7898 RTM -> order_id=7647
2026-02-08 09:47:58,483 [INFO] trading_engine: HEDGE BUY 7898 RTM (delta=-9698 -> target=-1800, limit=9000)
2026-02-08 09:48:03,501 [INFO] rit_api: MARKET BUY 5093 RTM -> order_id=7872
2026-02-08 09:48:03,502 [INFO] trading_engine: HEDGE BUY 5093 RTM (delta=-6893 -> target=-1800, limit=9000)
2026-02-08 09:48:10,424 [INFO] news_parser: NEWS: Forecast vol next week = 26.0% - 31.0% (mid=28.5%) [NOW USING FORECAST]
2026-02-08 09:48:12,506 [INFO] rit_api: MARKET BUY 7932 RTM -> order_id=8270
2026-02-08 09:48:12,507 [INFO] trading_engine: HEDGE BUY 7932 RTM (delta=-9732 -> target=-1800, limit=9000)
2026-02-08 09:48:44,681 [INFO] rit_api: MARKET BUY 5799 RTM -> order_id=9675
2026-02-08 09:48:44,682 [INFO] trading_engine: HEDGE BUY 5799 RTM (delta=-7599 -> target=-1800, limit=9000)
2026-02-08 09:48:48,566 [INFO] news_parser: NEWS: Current realized vol = 27.0% (history: ['40%', '36%', '27%']) [NOW USING REALIZED]
2026-02-08 09:48:49,609 [INFO] trading_engine: BLOCKED reversal at tick 226 (after 220)
2026-02-08 09:48:50,645 [INFO] trading_engine: BLOCKED reversal at tick 227 (after 220)
2026-02-08 09:48:51,679 [INFO] trading_engine: BLOCKED reversal at tick 228 (after 220)
2026-02-08 09:48:52,598 [INFO] trading_engine: BLOCKED reversal at tick 229 (after 220)
2026-02-08 09:48:53,643 [INFO] trading_engine: BLOCKED reversal at tick 230 (after 220)
2026-02-08 09:48:54,682 [INFO] trading_engine: BLOCKED reversal at tick 231 (after 220)
2026-02-08 09:48:55,716 [INFO] trading_engine: BLOCKED reversal at tick 232 (after 220)
2026-02-08 09:48:56,645 [INFO] trading_engine: BLOCKED reversal at tick 233 (after 220)
2026-02-08 09:48:57,809 [INFO] trading_engine: BLOCKED reversal at tick 234 (after 220)
2026-02-08 09:48:58,715 [INFO] trading_engine: BLOCKED reversal at tick 235 (after 220)
2026-02-08 09:48:59,752 [INFO] trading_engine: BLOCKED reversal at tick 236 (after 220)
2026-02-08 09:49:00,687 [INFO] trading_engine: BLOCKED reversal at tick 237 (after 220)
2026-02-08 09:49:01,719 [INFO] trading_engine: BLOCKED reversal at tick 238 (after 220)
2026-02-08 09:49:02,659 [INFO] trading_engine: BLOCKED reversal at tick 239 (after 220)
2026-02-08 09:49:03,709 [INFO] trading_engine: BLOCKED reversal at tick 240 (after 220)
2026-02-08 09:49:04,744 [INFO] trading_engine: BLOCKED reversal at tick 241 (after 220)
2026-02-08 09:49:05,667 [INFO] trading_engine: BLOCKED reversal at tick 242 (after 220)
2026-02-08 09:49:06,722 [INFO] trading_engine: BLOCKED reversal at tick 243 (after 220)
2026-02-08 09:49:07,758 [INFO] trading_engine: BLOCKED reversal at tick 244 (after 220)
2026-02-08 09:49:08,685 [INFO] trading_engine: BLOCKED reversal at tick 245 (after 220)
2026-02-08 09:49:09,722 [INFO] trading_engine: BLOCKED reversal at tick 246 (after 220)
2026-02-08 09:49:10,760 [INFO] trading_engine: BLOCKED reversal at tick 247 (after 220)
2026-02-08 09:49:11,800 [INFO] trading_engine: BLOCKED reversal at tick 248 (after 220)
2026-02-08 09:49:12,732 [INFO] trading_engine: BLOCKED reversal at tick 249 (after 220)
2026-02-08 09:49:13,768 [INFO] trading_engine: BLOCKED reversal at tick 250 (after 220)
2026-02-08 09:49:14,708 [INFO] trading_engine: BLOCKED reversal at tick 251 (after 220)
2026-02-08 09:49:15,742 [INFO] trading_engine: BLOCKED reversal at tick 252 (after 220)
2026-02-08 09:49:16,777 [INFO] trading_engine: BLOCKED reversal at tick 253 (after 220)
2026-02-08 09:49:17,804 [INFO] trading_engine: BLOCKED reversal at tick 254 (after 220)
2026-02-08 09:49:18,830 [INFO] trading_engine: BLOCKED reversal at tick 255 (after 220)
2026-02-08 09:49:19,747 [INFO] trading_engine: BLOCKED reversal at tick 256 (after 220)
2026-02-08 09:49:20,904 [INFO] trading_engine: BLOCKED reversal at tick 257 (after 220)
2026-02-08 09:49:21,804 [INFO] trading_engine: BLOCKED reversal at tick 258 (after 220)
2026-02-08 09:49:22,831 [INFO] trading_engine: BLOCKED reversal at tick 259 (after 220)
2026-02-08 09:49:23,857 [INFO] trading_engine: BLOCKED reversal at tick 260 (after 220)
2026-02-08 09:49:24,884 [INFO] trading_engine: BLOCKED reversal at tick 261 (after 220)
2026-02-08 09:49:25,788 [INFO] trading_engine: BLOCKED reversal at tick 262 (after 220)
2026-02-08 09:49:26,826 [INFO] trading_engine: BLOCKED reversal at tick 263 (after 220)
2026-02-08 09:49:27,867 [INFO] trading_engine: BLOCKED reversal at tick 264 (after 220)
2026-02-08 09:49:28,789 [INFO] trading_engine: BLOCKED reversal at tick 265 (after 220)
2026-02-08 09:49:29,832 [INFO] trading_engine: BLOCKED reversal at tick 266 (after 220)
2026-02-08 09:49:30,868 [INFO] trading_engine: BLOCKED reversal at tick 267 (after 220)
2026-02-08 09:49:31,790 [INFO] trading_engine: BLOCKED reversal at tick 268 (after 220)
2026-02-08 09:49:32,835 [INFO] trading_engine: BLOCKED reversal at tick 269 (after 220)
2026-02-08 09:49:33,925 [INFO] trading_engine: ENTERING UNWIND PHASE at tick 270
2026-02-08 09:49:33,989 [INFO] rit_api: LIMIT SELL 7 RTM1C45 @ 7.12 -> order_id=11793
2026-02-08 09:49:34,049 [INFO] rit_api: LIMIT BUY 100 RTM1C46 @ 6.14 -> order_id=11794
2026-02-08 09:49:34,110 [INFO] rit_api: LIMIT BUY 100 RTM1C47 @ 5.14 -> order_id=11795
2026-02-08 09:49:34,168 [INFO] rit_api: LIMIT BUY 100 RTM1C48 @ 4.14 -> order_id=11796
2026-02-08 09:49:34,231 [INFO] rit_api: LIMIT BUY 100 RTM1C49 @ 3.14 -> order_id=11797
2026-02-08 09:49:34,290 [INFO] rit_api: LIMIT SELL 10000 RTM @ 52.10 -> order_id=11798
2026-02-08 09:49:34,904 [INFO] rit_api: LIMIT BUY 2 RTM1C46 @ 6.24 -> order_id=11841
2026-02-08 09:49:34,968 [INFO] rit_api: LIMIT BUY 13 RTM1C47 @ 5.24 -> order_id=11842
2026-02-08 09:49:35,043 [INFO] rit_api: LIMIT BUY 16 RTM1C48 @ 4.24 -> order_id=11843
2026-02-08 09:49:35,102 [INFO] rit_api: LIMIT BUY 9 RTM1C49 @ 3.24 -> order_id=11844
2026-02-08 09:49:35,160 [INFO] rit_api: LIMIT SELL 10000 RTM @ 52.20 -> order_id=11845
2026-02-08 09:49:35,892 [INFO] rit_api: LIMIT SELL 10000 RTM @ 52.01 -> order_id=11888
2026-02-08 09:49:36,876 [INFO] rit_api: LIMIT SELL 7963 RTM @ 52.25 -> order_id=11931
2026-02-08 09:49:49,022 [INFO] rit_api: MARKET BUY 100 RTM1P46 -> order_id=12436
2026-02-08 09:49:49,081 [INFO] rit_api: MARKET BUY 100 RTM1P47 -> order_id=12437
2026-02-08 09:49:49,140 [INFO] rit_api: MARKET BUY 100 RTM1P48 -> order_id=12438
2026-02-08 09:49:49,198 [INFO] rit_api: MARKET BUY 100 RTM1P49 -> order_id=12439
2026-02-08 09:49:50,034 [INFO] rit_api: MARKET BUY 2 RTM1P46 -> order_id=12482
2026-02-08 09:49:50,095 [INFO] rit_api: MARKET BUY 13 RTM1P47 -> order_id=12483
2026-02-08 09:49:50,154 [INFO] rit_api: MARKET BUY 16 RTM1P48 -> order_id=12484
2026-02-08 09:49:50,212 [INFO] rit_api: MARKET BUY 9 RTM1P49 -> order_id=12485
2026-02-08 09:49:59,028 [INFO] rit_api: MARKET SELL 7 RTM1P45 -> order_id=12864
2026-02-08 09:51:32,448 [INFO] news_parser: NEWS: Delta limit = 7000
2026-02-08 09:51:32,449 [INFO] news_parser: NEWS: Penalty rate = 2.00%
2026-02-08 09:52:05,923 [INFO] news_parser: NEWS: Forecast vol next week = 10.0% - 15.0% (mid=12.5%) [NOW USING FORECAST]
2026-02-08 09:52:05,989 [INFO] rit_api: MARKET SELL 100 RTM1C51 -> order_id=1513
2026-02-08 09:52:06,046 [INFO] rit_api: MARKET SELL 35 RTM1C51 -> order_id=1514
2026-02-08 09:52:06,104 [INFO] rit_api: MARKET SELL 100 RTM1P51 -> order_id=1515
2026-02-08 09:52:06,161 [INFO] rit_api: MARKET SELL 35 RTM1P51 -> order_id=1516
2026-02-08 09:52:06,220 [INFO] rit_api: MARKET SELL 100 RTM1C52 -> order_id=1517
2026-02-08 09:52:06,281 [INFO] rit_api: MARKET SELL 25 RTM1C52 -> order_id=1518
2026-02-08 09:52:06,337 [INFO] rit_api: MARKET SELL 100 RTM1P52 -> order_id=1519
2026-02-08 09:52:06,393 [INFO] rit_api: MARKET SELL 25 RTM1P52 -> order_id=1520
2026-02-08 09:52:06,451 [INFO] rit_api: MARKET SELL 100 RTM1C50 -> order_id=1521
2026-02-08 09:52:06,507 [INFO] rit_api: MARKET SELL 100 RTM1P50 -> order_id=1522
2026-02-08 09:52:06,568 [INFO] rit_api: MARKET SELL 84 RTM1C53 -> order_id=1523
2026-02-08 09:52:06,629 [INFO] rit_api: MARKET SELL 84 RTM1P53 -> order_id=1524
2026-02-08 09:52:06,770 [INFO] rit_api: MARKET BUY 3924 RTM -> order_id=1525
2026-02-08 09:52:06,770 [INFO] trading_engine: HEDGE BUY 3924 RTM (delta=-5324 -> target=-1400, limit=7000)
2026-02-08 09:52:07,092 [INFO] rit_api: MARKET SELL 9 RTM1C50 -> order_id=1568
2026-02-08 09:52:07,154 [INFO] rit_api: MARKET SELL 9 RTM1P50 -> order_id=1569
2026-02-08 09:52:07,209 [INFO] rit_api: MARKET BUY 5 RTM1C53 -> order_id=1570
2026-02-08 09:52:07,269 [INFO] rit_api: MARKET BUY 5 RTM1P53 -> order_id=1571
2026-02-08 09:52:07,275 [WARNING] trading_engine: BYPASSING cooldown: delta=8079 exceeds 90% of limit 7000
2026-02-08 09:52:07,412 [INFO] rit_api: MARKET SELL 6679 RTM -> order_id=1572
2026-02-08 09:52:07,413 [INFO] trading_engine: HEDGE SELL 6679 RTM (delta=8079 -> target=1400, limit=7000)
2026-02-08 09:52:07,986 [INFO] rit_api: MARKET SELL 79 RTM1C49 -> order_id=1615
2026-02-08 09:52:08,044 [INFO] rit_api: MARKET SELL 5 RTM1P49 -> order_id=1616
2026-02-08 09:52:08,103 [INFO] rit_api: MARKET BUY 17 RTM1C52 -> order_id=1617
2026-02-08 09:52:08,162 [INFO] rit_api: MARKET BUY 17 RTM1P52 -> order_id=1618
2026-02-08 09:52:08,220 [INFO] rit_api: MARKET SELL 15 RTM1C50 -> order_id=1619
2026-02-08 09:52:08,278 [INFO] rit_api: MARKET SELL 15 RTM1P50 -> order_id=1620
2026-02-08 09:52:08,942 [INFO] trading_engine: POSITION BUILT at tick 39: gross=976 net=-976
2026-02-08 09:52:10,005 [INFO] rit_api: MARKET SELL 4183 RTM -> order_id=1705
2026-02-08 09:52:10,006 [INFO] trading_engine: HEDGE SELL 4183 RTM (delta=5583 -> target=1400, limit=7000)
2026-02-08 09:52:15,047 [INFO] rit_api: MARKET SELL 5462 RTM -> order_id=1916
2026-02-08 09:52:15,047 [INFO] trading_engine: HEDGE SELL 5462 RTM (delta=6862 -> target=1400, limit=7000)
2026-02-08 09:52:18,142 [INFO] rit_api: MARKET SELL 3870 RTM -> order_id=2043
2026-02-08 09:52:18,143 [INFO] trading_engine: HEDGE SELL 3870 RTM (delta=5270 -> target=1400, limit=7000)
2026-02-08 09:52:22,071 [INFO] rit_api: MARKET SELL 6210 RTM -> order_id=2212
2026-02-08 09:52:22,072 [INFO] trading_engine: HEDGE SELL 6210 RTM (delta=7610 -> target=1400, limit=7000)
2026-02-08 09:52:45,128 [INFO] news_parser: NEWS: Current realized vol = 13.0% (history: ['13%']) [NOW USING REALIZED]
2026-02-08 09:53:11,455 [INFO] rit_api: MARKET SELL 4493 RTM -> order_id=4302
2026-02-08 09:53:11,456 [INFO] trading_engine: HEDGE SELL 4493 RTM (delta=5893 -> target=1400, limit=7000)
2026-02-08 09:53:22,279 [INFO] news_parser: NEWS: Forecast vol next week = 37.0% - 42.0% (mid=39.5%) [NOW USING FORECAST]
2026-02-08 09:53:22,285 [INFO] trading_engine: REVERSAL APPROVED at tick 112: -1 -> 1 (edge=27.1%)
2026-02-08 09:53:22,286 [INFO] trading_engine: VOL REVERSAL at tick 112: -1 -> 1 (edge=27.1%)
2026-02-08 09:53:22,442 [INFO] rit_api: MARKET BUY 79 RTM1C49 -> order_id=4767
2026-02-08 09:53:22,499 [INFO] rit_api: MARKET BUY 5 RTM1P49 -> order_id=4770
2026-02-08 09:53:22,555 [INFO] rit_api: MARKET BUY 100 RTM1C50 -> order_id=4771
2026-02-08 09:53:22,612 [INFO] rit_api: MARKET BUY 100 RTM1P50 -> order_id=4772
2026-02-08 09:53:22,672 [INFO] rit_api: MARKET BUY 100 RTM1C51 -> order_id=4773
2026-02-08 09:53:22,739 [INFO] rit_api: MARKET BUY 100 RTM1P51 -> order_id=4774
2026-02-08 09:53:22,819 [INFO] rit_api: MARKET BUY 100 RTM1C52 -> order_id=4775
2026-02-08 09:53:22,893 [INFO] rit_api: MARKET BUY 100 RTM1P52 -> order_id=4776
2026-02-08 09:53:22,978 [INFO] rit_api: MARKET BUY 79 RTM1C53 -> order_id=4777
2026-02-08 09:53:23,040 [INFO] rit_api: MARKET BUY 79 RTM1P53 -> order_id=4778
2026-02-08 09:53:23,158 [INFO] rit_api: MARKET BUY 10000 RTM -> order_id=4779
2026-02-08 09:53:23,159 [INFO] trading_engine: HEDGE BUY 10000 RTM (delta=-14823 -> target=-1400, limit=7000)
2026-02-08 09:53:23,478 [INFO] rit_api: MARKET BUY 100 RTM1C51 -> order_id=4822
2026-02-08 09:53:23,535 [INFO] rit_api: MARKET BUY 48 RTM1C51 -> order_id=4823
2026-02-08 09:53:23,592 [INFO] rit_api: MARKET BUY 100 RTM1P51 -> order_id=4824
2026-02-08 09:53:23,650 [INFO] rit_api: MARKET BUY 48 RTM1P51 -> order_id=4825
2026-02-08 09:53:23,710 [INFO] rit_api: MARKET BUY 100 RTM1C50 -> order_id=4826
2026-02-08 09:53:23,783 [INFO] rit_api: MARKET BUY 40 RTM1C50 -> order_id=4827
2026-02-08 09:53:23,840 [INFO] rit_api: MARKET BUY 100 RTM1P50 -> order_id=4828
2026-02-08 09:53:23,898 [INFO] rit_api: MARKET BUY 40 RTM1P50 -> order_id=4829
2026-02-08 09:53:23,956 [INFO] rit_api: MARKET BUY 100 RTM1C49 -> order_id=4830
2026-02-08 09:53:24,019 [INFO] rit_api: MARKET BUY 14 RTM1C49 -> order_id=4831
2026-02-08 09:53:24,078 [INFO] rit_api: MARKET BUY 100 RTM1P49 -> order_id=4832
2026-02-08 09:53:24,165 [INFO] rit_api: MARKET BUY 14 RTM1P49 -> order_id=4833
2026-02-08 09:53:24,225 [INFO] rit_api: MARKET BUY 100 RTM1C48 -> order_id=4834
2026-02-08 09:53:24,301 [INFO] rit_api: MARKET BUY 5 RTM1C48 -> order_id=4877
2026-02-08 09:53:24,377 [INFO] rit_api: MARKET BUY 100 RTM1P48 -> order_id=4878
2026-02-08 09:53:24,435 [INFO] rit_api: MARKET BUY 5 RTM1P48 -> order_id=4879
2026-02-08 09:53:24,444 [WARNING] trading_engine: BYPASSING cooldown: delta=-13473 exceeds 90% of limit 7000
2026-02-08 09:53:24,577 [INFO] rit_api: MARKET BUY 10000 RTM -> order_id=4880
2026-02-08 09:53:24,577 [INFO] trading_engine: HEDGE BUY 10000 RTM (delta=-13473 -> target=-1400, limit=7000)
2026-02-08 09:53:24,838 [INFO] trading_engine: POSITION BUILT at tick 114: gross=912 net=880
2026-02-08 09:53:30,546 [INFO] rit_api: MARKET BUY 3789 RTM -> order_id=5137
2026-02-08 09:53:30,546 [INFO] trading_engine: HEDGE BUY 3789 RTM (delta=-5189 -> target=-1400, limit=7000)
2026-02-08 09:54:00,491 [INFO] news_parser: NEWS: Current realized vol = 39.0% (history: ['13%', '39%']) [NOW USING REALIZED]
2026-02-08 09:54:04,624 [INFO] rit_api: MARKET SELL 3790 RTM -> order_id=6585
2026-02-08 09:54:04,624 [INFO] trading_engine: HEDGE SELL 3790 RTM (delta=5190 -> target=1400, limit=7000)
2026-02-08 09:54:11,542 [INFO] trading_engine: REVERSAL APPROVED at tick 161: 1 -> -1 (edge=4.3%)
2026-02-08 09:54:11,543 [INFO] trading_engine: VOL REVERSAL at tick 161: 1 -> -1 (edge=4.3%)
2026-02-08 09:54:11,667 [INFO] rit_api: MARKET SELL 100 RTM1C48 -> order_id=6892
2026-02-08 09:54:11,726 [INFO] rit_api: MARKET SELL 100 RTM1P48 -> order_id=6896
2026-02-08 09:54:11,786 [INFO] rit_api: MARKET SELL 100 RTM1C49 -> order_id=6898
2026-02-08 09:54:11,846 [INFO] rit_api: MARKET SELL 100 RTM1P49 -> order_id=6901
2026-02-08 09:54:11,903 [INFO] rit_api: MARKET SELL 100 RTM1C50 -> order_id=6905
2026-02-08 09:54:11,983 [INFO] rit_api: MARKET SELL 100 RTM1P50 -> order_id=6910
2026-02-08 09:54:12,075 [INFO] rit_api: MARKET SELL 100 RTM1C51 -> order_id=6914
2026-02-08 09:54:12,133 [INFO] rit_api: MARKET SELL 100 RTM1P51 -> order_id=6917
2026-02-08 09:54:12,261 [INFO] rit_api: MARKET BUY 8 RTM1C52 -> order_id=6918
2026-02-08 09:54:12,347 [INFO] rit_api: MARKET BUY 8 RTM1P52 -> order_id=6919
2026-02-08 09:54:12,498 [INFO] rit_api: MARKET BUY 4583 RTM -> order_id=6962
2026-02-08 09:54:12,499 [INFO] trading_engine: HEDGE BUY 4583 RTM (delta=-5983 -> target=-1400, limit=7000)
2026-02-08 09:54:12,817 [INFO] rit_api: MARKET SELL 100 RTM1C50 -> order_id=6964
2026-02-08 09:54:12,876 [INFO] rit_api: MARKET SELL 32 RTM1C50 -> order_id=6965
2026-02-08 09:54:12,933 [INFO] rit_api: MARKET SELL 100 RTM1P50 -> order_id=6966
2026-02-08 09:54:12,991 [INFO] rit_api: MARKET SELL 32 RTM1P50 -> order_id=6967
2026-02-08 09:54:13,057 [INFO] rit_api: MARKET SELL 100 RTM1C51 -> order_id=6968
2026-02-08 09:54:13,116 [INFO] rit_api: MARKET SELL 29 RTM1C51 -> order_id=6969
2026-02-08 09:54:13,179 [INFO] rit_api: MARKET SELL 100 RTM1P51 -> order_id=6970
2026-02-08 09:54:13,237 [INFO] rit_api: MARKET SELL 29 RTM1P51 -> order_id=6971
2026-02-08 09:54:13,324 [INFO] rit_api: MARKET SELL 100 RTM1C49 -> order_id=6972
2026-02-08 09:54:13,383 [INFO] rit_api: MARKET SELL 23 RTM1C49 -> order_id=6973
2026-02-08 09:54:13,440 [INFO] rit_api: MARKET SELL 100 RTM1P49 -> order_id=6974
2026-02-08 09:54:13,513 [INFO] rit_api: MARKET SELL 23 RTM1P49 -> order_id=7017
2026-02-08 09:54:13,594 [INFO] rit_api: MARKET SELL 100 RTM1C52 -> order_id=7018
2026-02-08 09:54:13,673 [INFO] rit_api: MARKET SELL 8 RTM1C52 -> order_id=7020
2026-02-08 09:54:13,729 [INFO] rit_api: MARKET SELL 100 RTM1P52 -> order_id=7021
2026-02-08 09:54:13,788 [INFO] rit_api: MARKET SELL 8 RTM1P52 -> order_id=7022
2026-02-08 09:54:13,794 [WARNING] trading_engine: BYPASSING cooldown: delta=-9502 exceeds 90% of limit 7000
2026-02-08 09:54:13,929 [INFO] rit_api: MARKET BUY 8102 RTM -> order_id=7023
2026-02-08 09:54:13,929 [INFO] trading_engine: HEDGE BUY 8102 RTM (delta=-9502 -> target=-1400, limit=7000)
2026-02-08 09:54:14,191 [INFO] trading_engine: POSITION BUILT at tick 163: gross=908 net=-888
2026-02-08 09:54:14,722 [INFO] rit_api: MARKET SELL 7152 RTM -> order_id=7072
2026-02-08 09:54:14,722 [INFO] trading_engine: HEDGE SELL 7152 RTM (delta=8552 -> target=1400, limit=7000)
2026-02-08 09:54:22,959 [INFO] rit_api: MARKET BUY 5435 RTM -> order_id=7435
2026-02-08 09:54:22,960 [INFO] trading_engine: HEDGE BUY 5435 RTM (delta=-6835 -> target=-1400, limit=7000)
2026-02-08 09:54:28,845 [INFO] rit_api: MARKET SELL 8629 RTM -> order_id=7708
2026-02-08 09:54:28,845 [INFO] trading_engine: HEDGE SELL 8629 RTM (delta=10029 -> target=1400, limit=7000)
2026-02-08 09:54:30,796 [INFO] rit_api: MARKET SELL 4642 RTM -> order_id=7800
2026-02-08 09:54:30,796 [INFO] trading_engine: HEDGE SELL 4642 RTM (delta=6042 -> target=1400, limit=7000)
2026-02-08 09:54:33,811 [INFO] rit_api: MARKET BUY 6653 RTM -> order_id=7939
2026-02-08 09:54:33,812 [INFO] trading_engine: HEDGE BUY 6653 RTM (delta=-8053 -> target=-1400, limit=7000)
2026-02-08 09:54:35,757 [INFO] rit_api: MARKET SELL 6057 RTM -> order_id=8027
2026-02-08 09:54:35,759 [INFO] trading_engine: HEDGE SELL 6057 RTM (delta=7457 -> target=1400, limit=7000)
2026-02-08 09:54:37,744 [INFO] news_parser: NEWS: Forecast vol next week = 8.0% - 13.0% (mid=10.5%) [NOW USING FORECAST]
2026-02-08 09:54:37,883 [INFO] rit_api: MARKET SELL 10000 RTM -> order_id=8121
2026-02-08 09:54:37,883 [INFO] trading_engine: HEDGE SELL 10000 RTM (delta=20635 -> target=1400, limit=7000)
2026-02-08 09:54:38,791 [WARNING] trading_engine: BYPASSING cooldown: delta=13700 exceeds 90% of limit 7000
2026-02-08 09:54:38,905 [INFO] rit_api: MARKET SELL 10000 RTM -> order_id=8169
2026-02-08 09:54:38,905 [INFO] trading_engine: HEDGE SELL 10000 RTM (delta=13700 -> target=1400, limit=7000)
2026-02-08 09:54:39,684 [WARNING] trading_engine: BYPASSING cooldown: delta=10527 exceeds 90% of limit 7000
2026-02-08 09:54:39,830 [INFO] rit_api: MARKET SELL 9127 RTM -> order_id=8212
2026-02-08 09:54:39,830 [INFO] trading_engine: HEDGE SELL 9127 RTM (delta=10527 -> target=1400, limit=7000)
2026-02-08 09:54:47,884 [INFO] rit_api: MARKET SELL 4170 RTM -> order_id=8570
2026-02-08 09:54:47,885 [INFO] trading_engine: HEDGE SELL 4170 RTM (delta=5570 -> target=1400, limit=7000)
2026-02-08 09:54:55,869 [INFO] rit_api: MARKET BUY 9941 RTM -> order_id=8927
2026-02-08 09:54:55,870 [INFO] trading_engine: HEDGE BUY 9941 RTM (delta=-11341 -> target=-1400, limit=7000)
2026-02-08 09:54:57,937 [INFO] rit_api: MARKET BUY 5197 RTM -> order_id=9021
2026-02-08 09:54:57,937 [INFO] trading_engine: HEDGE BUY 5197 RTM (delta=-6597 -> target=-1400, limit=7000)
2026-02-08 09:54:59,989 [INFO] rit_api: MARKET BUY 4982 RTM -> order_id=9112
2026-02-08 09:54:59,989 [INFO] trading_engine: HEDGE BUY 4982 RTM (delta=-6382 -> target=-1400, limit=7000)
2026-02-08 09:55:04,021 [INFO] rit_api: MARKET SELL 5565 RTM -> order_id=9284
2026-02-08 09:55:04,021 [INFO] trading_engine: HEDGE SELL 5565 RTM (delta=6965 -> target=1400, limit=7000)
2026-02-08 09:55:10,007 [INFO] rit_api: MARKET BUY 4725 RTM -> order_id=9542
2026-02-08 09:55:10,007 [INFO] trading_engine: HEDGE BUY 4725 RTM (delta=-6125 -> target=-1400, limit=7000)
2026-02-08 09:55:14,035 [INFO] rit_api: MARKET BUY 10000 RTM -> order_id=9714
2026-02-08 09:55:14,036 [INFO] trading_engine: HEDGE BUY 10000 RTM (delta=-12086 -> target=-1400, limit=7000)
2026-02-08 09:55:15,847 [INFO] news_parser: NEWS: Current realized vol = 11.0% (history: ['13%', '39%', '11%']) [NOW USING REALIZED]
2026-02-08 09:55:16,007 [INFO] rit_api: MARKET BUY 4800 RTM -> order_id=9802
2026-02-08 09:55:16,007 [INFO] trading_engine: HEDGE BUY 4800 RTM (delta=-6200 -> target=-1400, limit=7000)
2026-02-08 09:55:29,125 [INFO] rit_api: MARKET BUY 5411 RTM -> order_id=10358
2026-02-08 09:55:29,126 [INFO] trading_engine: HEDGE BUY 5411 RTM (delta=-6811 -> target=-1400, limit=7000)
2026-02-08 09:55:31,093 [INFO] rit_api: MARKET BUY 5952 RTM -> order_id=10449
2026-02-08 09:55:31,093 [INFO] trading_engine: HEDGE BUY 5952 RTM (delta=-7352 -> target=-1400, limit=7000)
2026-02-08 09:55:36,154 [INFO] rit_api: MARKET BUY 8179 RTM -> order_id=10664
2026-02-08 09:55:36,154 [INFO] trading_engine: HEDGE BUY 8179 RTM (delta=-9579 -> target=-1400, limit=7000)
2026-02-08 09:55:39,148 [INFO] rit_api: MARKET BUY 7095 RTM -> order_id=10793
2026-02-08 09:55:39,148 [INFO] trading_engine: HEDGE BUY 7095 RTM (delta=-8495 -> target=-1400, limit=7000)
2026-02-08 09:55:45,153 [INFO] rit_api: MARKET BUY 4153 RTM -> order_id=11049
2026-02-08 09:55:45,154 [INFO] trading_engine: HEDGE BUY 4153 RTM (delta=-5553 -> target=-1400, limit=7000)
2026-02-08 09:55:56,234 [INFO] rit_api: MARKET BUY 4196 RTM -> order_id=11512
2026-02-08 09:55:56,234 [INFO] trading_engine: HEDGE BUY 4196 RTM (delta=-5596 -> target=-1400, limit=7000)
2026-02-08 09:56:01,237 [INFO] trading_engine: ENTERING UNWIND PHASE at tick 270
2026-02-08 09:56:01,294 [INFO] rit_api: LIMIT SELL 5 RTM1C48 @ 3.70 -> order_id=11723
2026-02-08 09:56:01,352 [INFO] rit_api: LIMIT BUY 100 RTM1C49 @ 2.72 -> order_id=11724
2026-02-08 09:56:01,410 [INFO] rit_api: LIMIT BUY 100 RTM1C50 @ 1.72 -> order_id=11725
2026-02-08 09:56:01,469 [INFO] rit_api: LIMIT BUY 100 RTM1C51 @ 0.75 -> order_id=11726
2026-02-08 09:56:01,527 [INFO] rit_api: LIMIT BUY 100 RTM1C52 @ 0.12 -> order_id=11727
2026-02-08 09:56:01,587 [INFO] rit_api: LIMIT BUY 100 RTM1P52 @ 0.40 -> order_id=11728
2026-02-08 09:56:01,648 [INFO] rit_api: LIMIT SELL 10000 RTM @ 51.68 -> order_id=11729
2026-02-08 09:56:02,240 [INFO] rit_api: LIMIT BUY 9 RTM1C49 @ 2.85 -> order_id=11772
2026-02-08 09:56:02,299 [INFO] rit_api: LIMIT BUY 16 RTM1C50 @ 1.85 -> order_id=11773
2026-02-08 09:56:02,357 [INFO] rit_api: LIMIT BUY 16 RTM1C51 @ 0.86 -> order_id=11774
2026-02-08 09:56:02,421 [INFO] rit_api: LIMIT BUY 8 RTM1C52 @ 0.15 -> order_id=11775
2026-02-08 09:56:02,488 [INFO] rit_api: LIMIT BUY 8 RTM1P52 @ 0.32 -> order_id=11776
2026-02-08 09:56:02,549 [INFO] rit_api: LIMIT SELL 10000 RTM @ 51.81 -> order_id=11777
2026-02-08 09:56:03,256 [INFO] rit_api: LIMIT SELL 7088 RTM @ 51.75 -> order_id=11820
2026-02-08 09:56:16,306 [INFO] rit_api: MARKET BUY 100 RTM1P49 -> order_id=12367
2026-02-08 09:56:16,367 [INFO] rit_api: MARKET BUY 100 RTM1P50 -> order_id=12368
2026-02-08 09:56:16,424 [INFO] rit_api: MARKET BUY 100 RTM1P51 -> order_id=12369
2026-02-08 09:56:17,268 [INFO] rit_api: MARKET BUY 9 RTM1P49 -> order_id=12412
2026-02-08 09:56:17,328 [INFO] rit_api: MARKET BUY 16 RTM1P50 -> order_id=12413
2026-02-08 09:56:17,388 [INFO] rit_api: MARKET BUY 16 RTM1P51 -> order_id=12414
2026-02-08 09:56:26,420 [INFO] rit_api: MARKET SELL 5 RTM1P48 -> order_id=12793
2026-02-08 09:57:58,997 [INFO] news_parser: NEWS: Delta limit = 10000
2026-02-08 09:57:58,997 [INFO] news_parser: NEWS: Penalty rate = 2.00%
2026-02-08 09:58:33,132 [INFO] news_parser: NEWS: Forecast vol next week = 15.0% - 20.0% (mid=17.5%) [NOW USING FORECAST]
2026-02-08 09:58:33,200 [INFO] rit_api: MARKET BUY 100 RTM1C51 -> order_id=1513
2026-02-08 09:58:33,257 [INFO] rit_api: MARKET BUY 23 RTM1C51 -> order_id=1514
2026-02-08 09:58:33,315 [INFO] rit_api: MARKET BUY 100 RTM1P51 -> order_id=1515
2026-02-08 09:58:33,374 [INFO] rit_api: MARKET BUY 23 RTM1P51 -> order_id=1516
2026-02-08 09:58:33,430 [INFO] rit_api: MARKET BUY 100 RTM1C50 -> order_id=1517
2026-02-08 09:58:33,488 [INFO] rit_api: MARKET BUY 20 RTM1C50 -> order_id=1518
2026-02-08 09:58:33,568 [INFO] rit_api: MARKET BUY 100 RTM1P50 -> order_id=1519
2026-02-08 09:58:33,626 [INFO] rit_api: MARKET BUY 20 RTM1P50 -> order_id=1520
2026-02-08 09:58:33,701 [INFO] rit_api: MARKET BUY 100 RTM1C52 -> order_id=1521
2026-02-08 09:58:33,761 [INFO] rit_api: MARKET BUY 6 RTM1C52 -> order_id=1522
2026-02-08 09:58:33,820 [INFO] rit_api: MARKET BUY 100 RTM1P52 -> order_id=1523
2026-02-08 09:58:33,877 [INFO] rit_api: MARKET BUY 6 RTM1P52 -> order_id=1524
2026-02-08 09:58:33,937 [INFO] rit_api: MARKET BUY 98 RTM1C49 -> order_id=1525
2026-02-08 09:58:33,994 [INFO] rit_api: MARKET BUY 98 RTM1P49 -> order_id=1526
2026-02-08 09:58:34,281 [INFO] trading_engine: POSITION BUILT at tick 37: gross=894 net=894
2026-02-08 09:58:44,398 [INFO] rit_api: MARKET SELL 5520 RTM -> order_id=1989
2026-02-08 09:58:44,399 [INFO] trading_engine: HEDGE SELL 5520 RTM (delta=7520 -> target=2000, limit=10000)
2026-02-08 09:59:01,416 [INFO] rit_api: MARKET SELL 5626 RTM -> order_id=2704
2026-02-08 09:59:01,416 [INFO] trading_engine: HEDGE SELL 5626 RTM (delta=7626 -> target=2000, limit=10000)
2026-02-08 09:59:12,383 [INFO] news_parser: NEWS: Current realized vol = 15.0% (history: ['15%']) [NOW USING REALIZED]
2026-02-08 09:59:15,508 [INFO] rit_api: MARKET SELL 5177 RTM -> order_id=3304
2026-02-08 09:59:15,509 [INFO] trading_engine: HEDGE SELL 5177 RTM (delta=7177 -> target=2000, limit=10000)
2026-02-08 09:59:48,694 [INFO] rit_api: MARKET SELL 5014 RTM -> order_id=4720
2026-02-08 09:59:48,695 [INFO] trading_engine: HEDGE SELL 5014 RTM (delta=7014 -> target=2000, limit=10000)
2026-02-08 09:59:49,596 [INFO] news_parser: NEWS: Forecast vol next week = 13.0% - 18.0% (mid=15.5%) [NOW USING FORECAST]
2026-02-08 10:00:04,821 [INFO] rit_api: MARKET SELL 5052 RTM -> order_id=5403
2026-02-08 10:00:04,821 [INFO] trading_engine: HEDGE SELL 5052 RTM (delta=7052 -> target=2000, limit=10000)
2026-02-08 10:00:17,819 [INFO] rit_api: MARKET BUY 5095 RTM -> order_id=5950
2026-02-08 10:00:17,819 [INFO] trading_engine: HEDGE BUY 5095 RTM (delta=-7095 -> target=-2000, limit=10000)
2026-02-08 10:00:27,758 [INFO] news_parser: NEWS: Current realized vol = 18.0% (history: ['15%', '18%']) [NOW USING REALIZED]
2026-02-08 10:00:31,960 [INFO] rit_api: MARKET BUY 5793 RTM -> order_id=6566
2026-02-08 10:00:31,961 [INFO] trading_engine: HEDGE BUY 5793 RTM (delta=-7793 -> target=-2000, limit=10000)
2026-02-08 10:00:38,844 [INFO] trading_engine: REVERSAL APPROVED at tick 161: 1 -> -1 (edge=4.2%)
2026-02-08 10:00:38,845 [INFO] trading_engine: VOL REVERSAL at tick 161: 1 -> -1 (edge=4.2%)
2026-02-08 10:00:38,960 [INFO] rit_api: MARKET SELL 98 RTM1C49 -> order_id=6868
2026-02-08 10:00:39,017 [INFO] rit_api: MARKET SELL 98 RTM1P49 -> order_id=6869
2026-02-08 10:00:39,077 [INFO] rit_api: MARKET SELL 100 RTM1C50 -> order_id=6870
2026-02-08 10:00:39,135 [INFO] rit_api: MARKET SELL 100 RTM1P50 -> order_id=6871
2026-02-08 10:00:39,211 [INFO] rit_api: MARKET SELL 100 RTM1C51 -> order_id=6872
2026-02-08 10:00:39,269 [INFO] rit_api: MARKET SELL 100 RTM1P51 -> order_id=6873
2026-02-08 10:00:39,330 [INFO] rit_api: MARKET SELL 100 RTM1C52 -> order_id=6874
2026-02-08 10:00:39,390 [INFO] rit_api: MARKET SELL 100 RTM1P52 -> order_id=6875
2026-02-08 10:00:39,516 [INFO] rit_api: MARKET BUY 10000 RTM -> order_id=6876
2026-02-08 10:00:39,517 [INFO] trading_engine: HEDGE BUY 10000 RTM (delta=-15773 -> target=-2000, limit=10000)
2026-02-08 10:00:39,849 [INFO] rit_api: MARKET SELL 100 RTM1C51 -> order_id=6919
2026-02-08 10:00:39,930 [INFO] rit_api: MARKET SELL 48 RTM1C51 -> order_id=6920
2026-02-08 10:00:39,989 [INFO] rit_api: MARKET SELL 100 RTM1P51 -> order_id=6921
2026-02-08 10:00:40,047 [INFO] rit_api: MARKET SELL 48 RTM1P51 -> order_id=6922
2026-02-08 10:00:40,123 [INFO] rit_api: MARKET SELL 100 RTM1C52 -> order_id=6923
2026-02-08 10:00:40,181 [INFO] rit_api: MARKET SELL 38 RTM1C52 -> order_id=6924
2026-02-08 10:00:40,237 [INFO] rit_api: MARKET SELL 100 RTM1P52 -> order_id=6925
2026-02-08 10:00:40,294 [INFO] rit_api: MARKET SELL 38 RTM1P52 -> order_id=6926
2026-02-08 10:00:40,353 [INFO] rit_api: MARKET SELL 100 RTM1C50 -> order_id=6927
2026-02-08 10:00:40,417 [INFO] rit_api: MARKET SELL 7 RTM1C50 -> order_id=6928
2026-02-08 10:00:40,478 [INFO] rit_api: MARKET SELL 100 RTM1P50 -> order_id=6929
2026-02-08 10:00:40,537 [INFO] rit_api: MARKET SELL 7 RTM1P50 -> order_id=6930
2026-02-08 10:00:40,595 [INFO] rit_api: MARKET SELL 100 RTM1C53 -> order_id=6931
2026-02-08 10:00:40,657 [INFO] rit_api: MARKET SELL 100 RTM1P53 -> order_id=6932
2026-02-08 10:00:40,688 [WARNING] trading_engine: BYPASSING cooldown: delta=-12892 exceeds 90% of limit 10000
2026-02-08 10:00:40,825 [INFO] rit_api: MARKET BUY 10000 RTM -> order_id=6975
2026-02-08 10:00:40,825 [INFO] trading_engine: HEDGE BUY 10000 RTM (delta=-12892 -> target=-2000, limit=10000)
2026-02-08 10:00:41,171 [INFO] rit_api: MARKET BUY 6 RTM1C50 -> order_id=6976
2026-02-08 10:00:41,257 [INFO] rit_api: MARKET BUY 6 RTM1P50 -> order_id=6977
2026-02-08 10:00:41,859 [INFO] rit_api: MARKET SELL 7 RTM1C53 -> order_id=7020
2026-02-08 10:00:41,918 [INFO] rit_api: MARKET SELL 7 RTM1P53 -> order_id=7021
2026-02-08 10:00:42,847 [INFO] trading_engine: POSITION BUILT at tick 165: gross=890 net=-890
2026-02-08 10:00:50,008 [INFO] rit_api: MARKET BUY 6826 RTM -> order_id=7363
2026-02-08 10:00:50,008 [INFO] trading_engine: HEDGE BUY 6826 RTM (delta=-8826 -> target=-2000, limit=10000)
2026-02-08 10:01:04,893 [INFO] news_parser: NEWS: Forecast vol next week = 14.0% - 19.0% (mid=16.5%) [NOW USING FORECAST]
