2026-02-16 10:18:25,031 [INFO] news_parser: NEWS: Current realized vol = 30.0% (history: ['30%']) [NOW USING REALIZED]
2026-02-16 10:18:25,032 [INFO] news_parser: NEWS: Delta limit = 9000
2026-02-16 10:18:25,032 [INFO] news_parser: NEWS: Penalty rate = 3.00%
2026-02-16 10:18:25,032 [INFO] news_parser: NEWS: Current realized vol = 11.0% (history: ['30%', '11%']) [NOW USING REALIZED]
2026-02-16 10:18:25,032 [INFO] news_parser: NEWS: Forecast vol next week = 11.0% - 16.0% (mid=13.5%) [NOW USING FORECAST]
2026-02-16 10:18:25,054 [INFO] trading_engine: Scheduled close complete week 1 by tick 56
2026-02-16 10:18:25,591 [INFO] trading_engine: Scheduled close complete week 1 by tick 57
2026-02-16 10:18:26,551 [INFO] trading_engine: Scheduled close complete week 1 by tick 58
2026-02-16 10:18:27,557 [INFO] trading_engine: Scheduled close complete week 1 by tick 59
2026-02-16 10:18:28,574 [INFO] trading_engine: Scheduled close complete week 1 by tick 60
2026-02-16 10:18:29,575 [INFO] trading_engine: Scheduled close complete week 1 by tick 61
2026-02-16 10:18:30,588 [INFO] trading_engine: Scheduled close complete week 1 by tick 62
2026-02-16 10:18:31,589 [INFO] trading_engine: Scheduled close complete week 1 by tick 63
2026-02-16 10:18:32,597 [INFO] trading_engine: Scheduled close complete week 1 by tick 64
2026-02-16 10:18:33,606 [INFO] trading_engine: Scheduled close complete week 1 by tick 65
2026-02-16 10:18:34,607 [INFO] trading_engine: Scheduled close complete week 1 by tick 66
2026-02-16 10:18:35,621 [INFO] trading_engine: Scheduled close complete week 1 by tick 67
2026-02-16 10:18:36,631 [INFO] trading_engine: Scheduled close complete week 1 by tick 68
2026-02-16 10:18:37,642 [INFO] trading_engine: Scheduled close complete week 1 by tick 69
2026-02-16 10:18:38,650 [INFO] trading_engine: Scheduled close complete week 1 by tick 70
2026-02-16 10:18:39,665 [INFO] trading_engine: Scheduled close complete week 1 by tick 71
2026-02-16 10:18:40,675 [INFO] trading_engine: Scheduled close complete week 1 by tick 72
2026-02-16 10:18:41,684 [INFO] trading_engine: Scheduled close complete week 1 by tick 73
2026-02-16 10:18:42,658 [INFO] trading_engine: Scheduled close complete week 1 by tick 74
2026-02-16 10:18:43,668 [INFO] news_parser: NEWS: Current realized vol = 13.0% (history: ['30%', '11%', '13%']) [NOW USING REALIZED]
2026-02-16 10:18:43,672 [INFO] trading_engine: WEEK 2 positioning tick 75
2026-02-16 10:18:43,672 [INFO] trading_engine: Immediate positioning at week 2 tick 75
2026-02-16 10:18:43,674 [INFO] optimizer: ============================================================
2026-02-16 10:18:43,674 [INFO] optimizer: OPTIMIZER RESULT: n*=756 SHORT straddles @ strike 48
2026-02-16 10:18:43,674 [INFO] optimizer:   Expected profit: $46174.61
2026-02-16 10:18:43,675 [INFO] optimizer:   Gain/contract: $74.3529 | Pos cost/contract: $4.0200
2026-02-16 10:18:43,675 [INFO] optimizer:   Rebalancing cost: $6997.10 | Z=0.23
2026-02-16 10:18:43,675 [INFO] optimizer:   Inputs: S0=47.80 sigma=0.1300 sigma_hat=0.2884 L=9000 Gamma=51.0380
2026-02-16 10:18:43,675 [INFO] optimizer:   Spreads: Bo=0.0400 Bs=0.0200 T=0.019231
2026-02-16 10:18:43,675 [INFO] optimizer: ============================================================
2026-02-16 10:18:43,747 [INFO] rit_api: MARKET SELL 100 RTM1C48 -> order_id=6494
2026-02-16 10:18:43,805 [INFO] rit_api: MARKET SELL 100 RTM1P48 -> order_id=6496
2026-02-16 10:18:43,864 [INFO] rit_api: MARKET SELL 100 RTM1C48 -> order_id=6497
2026-02-16 10:18:43,922 [INFO] rit_api: MARKET SELL 100 RTM1P48 -> order_id=6498
2026-02-16 10:18:43,983 [INFO] rit_api: MARKET SELL 100 RTM1C48 -> order_id=6499
2026-02-16 10:18:44,045 [INFO] rit_api: MARKET SELL 100 RTM1P48 -> order_id=6501
2026-02-16 10:18:44,103 [INFO] rit_api: MARKET SELL 100 RTM1C48 -> order_id=6503
2026-02-16 10:18:44,161 [INFO] rit_api: MARKET SELL 100 RTM1P48 -> order_id=6506
2026-02-16 10:18:44,219 [INFO] rit_api: MARKET SELL 100 RTM1C48 -> order_id=6507
2026-02-16 10:18:44,279 [INFO] rit_api: MARKET SELL 100 RTM1P48 -> order_id=6510
2026-02-16 10:18:44,279 [WARNING] trading_engine: Net limit approaching (-1100), stopping
2026-02-16 10:18:44,280 [WARNING] trading_engine: Call leg failed, stopping straddle build
2026-02-16 10:18:44,280 [INFO] trading_engine: STRADDLE SELL 500/756 @ K=48: 10 orders (500C+500P filled)
2026-02-16 10:18:44,280 [INFO] trading_engine: POSITIONED: 756 SHORT straddles @ 48 (week 2, expected $46175)
2026-02-16 10:18:48,859 [INFO] rit_api: MARKET SELL 10000 RTM -> order_id=6834
2026-02-16 10:18:48,859 [INFO] trading_engine: HEDGE SELL 10000 RTM | delta 10157 -> ~157 | target 0 (0% of limit 9000) | trigger 88%
2026-02-16 10:19:01,918 [INFO] rit_api: MARKET BUY 9555 RTM -> order_id=7825
2026-02-16 10:19:01,918 [INFO] trading_engine: HEDGE BUY 9555 RTM | delta -9555 -> ~0 | target -0 (0% of limit 9000) | trigger 88%
2026-02-16 10:19:15,135 [INFO] rit_api: MARKET SELL 9628 RTM -> order_id=8478
2026-02-16 10:19:15,136 [INFO] trading_engine: HEDGE SELL 9628 RTM | delta 9628 -> ~0 | target 0 (0% of limit 9000) | trigger 88%
2026-02-16 10:19:20,093 [INFO] rit_api: MARKET BUY 13 RTM1C48 -> order_id=8704
2026-02-16 10:19:20,215 [INFO] rit_api: MARKET BUY 13 RTM1P48 -> order_id=8728
2026-02-16 10:19:20,333 [INFO] rit_api: MARKET BUY 259 RTM -> order_id=8737
2026-02-16 10:19:20,334 [INFO] trading_engine: SCHEDULED CLOSE tick 111: options_closed=26 stock_closed=259 orders=3
2026-02-16 10:19:20,334 [INFO] trading_engine: Scheduled close week 2 tick 111 (window 111-149), trades=3
2026-02-16 10:22:17,354 [WARNING] rit_api: GET /case returned 401
2026-02-16 10:22:17,858 [WARNING] rit_api: GET /case returned 401
2026-02-16 10:22:18,362 [WARNING] rit_api: GET /case returned 401
2026-02-16 10:22:18,865 [WARNING] rit_api: GET /case returned 401
2026-02-16 10:22:19,369 [WARNING] rit_api: GET /case returned 401
2026-02-16 10:22:19,872 [WARNING] rit_api: GET /case returned 401
2026-02-16 10:22:20,375 [WARNING] rit_api: GET /case returned 401
2026-02-16 10:22:20,870 [WARNING] rit_api: POST /commands/cancel returned 401: {"code":"UNAUTHORIZED","message":"Must be logged in."}
2026-02-16 10:22:20,872 [WARNING] rit_api: GET /trader returned 401
