2026-02-08 17:11:38,924 [ERROR] rit_api: GET /case error: HTTPConnectionPool(host='localhost', port=9998): Read timed out. (read timeout=5)
2026-02-08 17:11:43,704 [WARNING] rit_api: GET /case returned 401
2026-02-08 17:11:44,208 [WARNING] rit_api: GET /case returned 401
2026-02-08 17:11:44,712 [WARNING] rit_api: GET /case returned 401
2026-02-08 17:11:45,214 [WARNING] rit_api: GET /case returned 401
2026-02-08 17:11:45,717 [WARNING] rit_api: GET /case returned 401
2026-02-08 17:11:46,221 [WARNING] rit_api: GET /case returned 401
2026-02-08 17:11:46,725 [WARNING] rit_api: GET /case returned 401
2026-02-08 17:11:47,230 [WARNING] rit_api: GET /case returned 401
2026-02-08 17:11:47,732 [WARNING] rit_api: GET /case returned 401
2026-02-08 17:11:48,234 [WARNING] rit_api: GET /case returned 401
2026-02-08 17:11:48,738 [WARNING] rit_api: GET /case returned 401
2026-02-08 17:11:49,240 [WARNING] rit_api: GET /case returned 401
2026-02-08 17:11:49,743 [WARNING] rit_api: GET /case returned 401
2026-02-08 17:11:50,251 [WARNING] rit_api: GET /case returned 401
2026-02-08 17:11:50,754 [WARNING] rit_api: GET /case returned 401
2026-02-08 17:11:51,257 [WARNING] rit_api: GET /case returned 401
2026-02-08 17:11:51,760 [WARNING] rit_api: GET /case returned 401
2026-02-08 17:11:52,263 [WARNING] rit_api: GET /case returned 401
2026-02-08 17:11:52,766 [WARNING] rit_api: GET /case returned 401
2026-02-08 17:11:53,269 [WARNING] rit_api: GET /case returned 401
2026-02-08 17:11:53,772 [WARNING] rit_api: GET /case returned 401
2026-02-08 17:11:54,276 [WARNING] rit_api: GET /case returned 401
2026-02-08 17:11:54,780 [WARNING] rit_api: GET /case returned 401
2026-02-08 17:11:55,282 [WARNING] rit_api: GET /case returned 401
2026-02-08 17:11:55,786 [WARNING] rit_api: GET /case returned 401
2026-02-08 17:11:56,290 [WARNING] rit_api: GET /case returned 401
2026-02-08 17:11:56,793 [WARNING] rit_api: GET /case returned 401
2026-02-08 17:11:57,303 [INFO] news_parser: NEWS: Delta limit = 5000
2026-02-08 17:11:57,303 [INFO] news_parser: NEWS: Penalty rate = 2.00%
2026-02-08 17:13:10,571 [INFO] news_parser: NEWS: Forecast vol next week = 18.0% - 23.0% (mid=20.5%)
2026-02-08 17:13:11,736 [INFO] rit_api: MARKET SELL 50 RTM1C49 -> order_id=3947
2026-02-08 17:13:11,906 [INFO] rit_api: MARKET SELL 50 RTM1P49 -> order_id=3952
2026-02-08 17:13:12,774 [WARNING] rit_api: POST /orders returned 500: {"code":"INTERNAL_SERVER_ERROR","message":"Order could not be submitted because the order size is larger than the maximum order size of 10000 for the contract."}
2026-02-08 17:13:13,610 [WARNING] rit_api: POST /orders returned 500: {"code":"INTERNAL_SERVER_ERROR","message":"Order could not be submitted because the order size is larger than the maximum order size of 10000 for the contract."}
2026-02-08 17:13:14,583 [WARNING] rit_api: POST /orders returned 500: {"code":"INTERNAL_SERVER_ERROR","message":"Order could not be submitted because the order size is larger than the maximum order size of 10000 for the contract."}
2026-02-08 17:13:15,689 [WARNING] rit_api: POST /orders returned 500: {"code":"INTERNAL_SERVER_ERROR","message":"Order could not be submitted because the order size is larger than the maximum order size of 10000 for the contract."}
2026-02-08 17:13:16,657 [WARNING] rit_api: POST /orders returned 500: {"code":"INTERNAL_SERVER_ERROR","message":"Order could not be submitted because the order size is larger than the maximum order size of 10000 for the contract."}
2026-02-08 17:13:17,686 [WARNING] rit_api: POST /orders returned 500: {"code":"INTERNAL_SERVER_ERROR","message":"Order could not be submitted because the order size is larger than the maximum order size of 10000 for the contract."}
2026-02-08 17:13:18,666 [WARNING] rit_api: POST /orders returned 500: {"code":"INTERNAL_SERVER_ERROR","message":"Order could not be submitted because the order size is larger than the maximum order size of 10000 for the contract."}
2026-02-08 17:13:19,633 [WARNING] rit_api: POST /orders returned 500: {"code":"INTERNAL_SERVER_ERROR","message":"Order could not be submitted because the order size is larger than the maximum order size of 10000 for the contract."}
2026-02-08 17:13:20,792 [WARNING] rit_api: POST /orders returned 500: {"code":"INTERNAL_SERVER_ERROR","message":"Order could not be submitted because the order size is larger than the maximum order size of 10000 for the contract."}
2026-02-08 17:13:21,827 [WARNING] rit_api: POST /orders returned 500: {"code":"INTERNAL_SERVER_ERROR","message":"Order could not be submitted because the order size is larger than the maximum order size of 10000 for the contract."}
2026-02-08 17:13:22,719 [WARNING] rit_api: POST /orders returned 500: {"code":"INTERNAL_SERVER_ERROR","message":"Order could not be submitted because the order size is larger than the maximum order size of 10000 for the contract."}
2026-02-08 17:13:23,704 [WARNING] rit_api: POST /orders returned 500: {"code":"INTERNAL_SERVER_ERROR","message":"Order could not be submitted because the order size is larger than the maximum order size of 10000 for the contract."}
2026-02-08 17:13:24,674 [WARNING] rit_api: POST /orders returned 500: {"code":"INTERNAL_SERVER_ERROR","message":"Order could not be submitted because the order size is larger than the maximum order size of 10000 for the contract."}
2026-02-08 17:13:25,658 [WARNING] rit_api: POST /orders returned 500: {"code":"INTERNAL_SERVER_ERROR","message":"Order could not be submitted because the order size is larger than the maximum order size of 10000 for the contract."}
2026-02-08 17:13:26,808 [WARNING] rit_api: POST /orders returned 500: {"code":"INTERNAL_SERVER_ERROR","message":"Order could not be submitted because the order size is larger than the maximum order size of 10000 for the contract."}
2026-02-08 17:13:27,646 [WARNING] rit_api: POST /orders returned 500: {"code":"INTERNAL_SERVER_ERROR","message":"Order could not be submitted because the order size is larger than the maximum order size of 10000 for the contract."}
2026-02-08 17:13:28,792 [WARNING] rit_api: POST /orders returned 500: {"code":"INTERNAL_SERVER_ERROR","message":"Order could not be submitted because the order size is larger than the maximum order size of 10000 for the contract."}
2026-02-08 17:13:29,833 [WARNING] rit_api: POST /orders returned 500: {"code":"INTERNAL_SERVER_ERROR","message":"Order could not be submitted because the order size is larger than the maximum order size of 10000 for the contract."}
2026-02-08 17:13:30,720 [WARNING] rit_api: POST /orders returned 500: {"code":"INTERNAL_SERVER_ERROR","message":"Order could not be submitted because the order size is larger than the maximum order size of 10000 for the contract."}
2026-02-08 17:13:31,689 [WARNING] rit_api: POST /orders returned 500: {"code":"INTERNAL_SERVER_ERROR","message":"Order could not be submitted because the order size is larger than the maximum order size of 10000 for the contract."}
2026-02-08 17:13:32,791 [WARNING] rit_api: POST /orders returned 500: {"code":"INTERNAL_SERVER_ERROR","message":"Order could not be submitted because the order size is larger than the maximum order size of 10000 for the contract."}
2026-02-08 17:13:33,813 [WARNING] rit_api: POST /orders returned 500: {"code":"INTERNAL_SERVER_ERROR","message":"Order could not be submitted because the order size is larger than the maximum order size of 10000 for the contract."}
2026-02-08 17:13:35,006 [WARNING] rit_api: POST /orders returned 500: {"code":"INTERNAL_SERVER_ERROR","message":"Order could not be submitted because the order size is larger than the maximum order size of 10000 for the contract."}
2026-02-08 17:13:35,854 [WARNING] rit_api: POST /orders returned 500: {"code":"INTERNAL_SERVER_ERROR","message":"Order could not be submitted because the order size is larger than the maximum order size of 10000 for the contract."}
2026-02-08 17:13:36,795 [WARNING] rit_api: POST /orders returned 500: {"code":"INTERNAL_SERVER_ERROR","message":"Order could not be submitted because the order size is larger than the maximum order size of 10000 for the contract."}
2026-02-08 17:13:37,913 [WARNING] rit_api: POST /orders returned 500: {"code":"INTERNAL_SERVER_ERROR","message":"Order could not be submitted because the order size is larger than the maximum order size of 10000 for the contract."}
2026-02-08 17:13:39,813 [WARNING] rit_api: POST /orders returned 500: {"code":"INTERNAL_SERVER_ERROR","message":"Order could not be submitted because the order size is larger than the maximum order size of 10000 for the contract."}
2026-02-08 17:13:40,829 [WARNING] rit_api: POST /orders returned 500: {"code":"INTERNAL_SERVER_ERROR","message":"Order could not be submitted because the order size is larger than the maximum order size of 10000 for the contract."}
2026-02-08 17:13:41,853 [WARNING] rit_api: POST /orders returned 500: {"code":"INTERNAL_SERVER_ERROR","message":"Order could not be submitted because the order size is larger than the maximum order size of 10000 for the contract."}
2026-02-08 17:13:42,893 [WARNING] rit_api: POST /orders returned 500: {"code":"INTERNAL_SERVER_ERROR","message":"Order could not be submitted because the order size is larger than the maximum order size of 10000 for the contract."}
2026-02-08 17:13:43,830 [WARNING] rit_api: POST /orders returned 500: {"code":"INTERNAL_SERVER_ERROR","message":"Order could not be submitted because the order size is larger than the maximum order size of 10000 for the contract."}
2026-02-08 17:13:44,872 [WARNING] rit_api: POST /orders returned 500: {"code":"INTERNAL_SERVER_ERROR","message":"Order could not be submitted because the order size is larger than the maximum order size of 10000 for the contract."}
2026-02-08 17:13:45,920 [WARNING] rit_api: POST /orders returned 500: {"code":"INTERNAL_SERVER_ERROR","message":"Order could not be submitted because the order size is larger than the maximum order size of 10000 for the contract."}
2026-02-08 17:13:46,762 [WARNING] rit_api: POST /orders returned 500: {"code":"INTERNAL_SERVER_ERROR","message":"Order could not be submitted because the order size is larger than the maximum order size of 10000 for the contract."}
2026-02-08 17:13:47,914 [WARNING] rit_api: POST /orders returned 500: {"code":"INTERNAL_SERVER_ERROR","message":"Order could not be submitted because the order size is larger than the maximum order size of 10000 for the contract."}
2026-02-08 17:13:48,898 [WARNING] rit_api: POST /orders returned 500: {"code":"INTERNAL_SERVER_ERROR","message":"Order could not be submitted because the order size is larger than the maximum order size of 10000 for the contract."}
2026-02-08 17:13:49,924 [WARNING] rit_api: POST /orders returned 500: {"code":"INTERNAL_SERVER_ERROR","message":"Order could not be submitted because the order size is larger than the maximum order size of 10000 for the contract."}
2026-02-08 17:13:50,945 [WARNING] rit_api: POST /orders returned 500: {"code":"INTERNAL_SERVER_ERROR","message":"Order could not be submitted because the order size is larger than the maximum order size of 10000 for the contract."}
2026-02-08 17:13:51,843 [WARNING] rit_api: POST /orders returned 500: {"code":"INTERNAL_SERVER_ERROR","message":"Order could not be submitted because the order size is larger than the maximum order size of 10000 for the contract."}
2026-02-08 17:13:52,828 [WARNING] rit_api: POST /orders returned 500: {"code":"INTERNAL_SERVER_ERROR","message":"Order could not be submitted because the order size is larger than the maximum order size of 10000 for the contract."}
2026-02-08 17:13:53,791 [WARNING] rit_api: POST /orders returned 500: {"code":"INTERNAL_SERVER_ERROR","message":"Order could not be submitted because the order size is larger than the maximum order size of 10000 for the contract."}
2026-02-08 17:13:54,867 [WARNING] rit_api: POST /orders returned 500: {"code":"INTERNAL_SERVER_ERROR","message":"Order could not be submitted because the order size is larger than the maximum order size of 10000 for the contract."}
2026-02-08 17:13:55,834 [WARNING] rit_api: POST /orders returned 500: {"code":"INTERNAL_SERVER_ERROR","message":"Order could not be submitted because the order size is larger than the maximum order size of 10000 for the contract."}
2026-02-08 17:13:56,950 [WARNING] rit_api: POST /orders returned 500: {"code":"INTERNAL_SERVER_ERROR","message":"Order could not be submitted because the order size is larger than the maximum order size of 10000 for the contract."}
2026-02-08 17:13:57,977 [WARNING] rit_api: POST /orders returned 500: {"code":"INTERNAL_SERVER_ERROR","message":"Order could not be submitted because the order size is larger than the maximum order size of 10000 for the contract."}
2026-02-08 17:13:58,945 [WARNING] rit_api: POST /orders returned 500: {"code":"INTERNAL_SERVER_ERROR","message":"Order could not be submitted because the order size is larger than the maximum order size of 10000 for the contract."}
2026-02-08 17:13:59,980 [WARNING] rit_api: POST /orders returned 500: {"code":"INTERNAL_SERVER_ERROR","message":"Order could not be submitted because the order size is larger than the maximum order size of 10000 for the contract."}
2026-02-08 17:14:00,825 [WARNING] rit_api: POST /orders returned 500: {"code":"INTERNAL_SERVER_ERROR","message":"Order could not be submitted because the order size is larger than the maximum order size of 10000 for the contract."}
2026-02-08 17:14:01,928 [WARNING] rit_api: POST /orders returned 500: {"code":"INTERNAL_SERVER_ERROR","message":"Order could not be submitted because the order size is larger than the maximum order size of 10000 for the contract."}
2026-02-08 17:14:02,896 [WARNING] rit_api: POST /orders returned 500: {"code":"INTERNAL_SERVER_ERROR","message":"Order could not be submitted because the order size is larger than the maximum order size of 10000 for the contract."}
2026-02-08 17:14:03,869 [WARNING] rit_api: POST /orders returned 500: {"code":"INTERNAL_SERVER_ERROR","message":"Order could not be submitted because the order size is larger than the maximum order size of 10000 for the contract."}
2026-02-08 17:14:05,031 [WARNING] rit_api: POST /orders returned 500: {"code":"INTERNAL_SERVER_ERROR","message":"Order could not be submitted because the order size is larger than the maximum order size of 10000 for the contract."}
2026-02-08 17:14:06,073 [WARNING] rit_api: POST /orders returned 500: {"code":"INTERNAL_SERVER_ERROR","message":"Order could not be submitted because the order size is larger than the maximum order size of 10000 for the contract."}
2026-02-08 17:14:06,939 [WARNING] rit_api: POST /orders returned 500: {"code":"INTERNAL_SERVER_ERROR","message":"Order could not be submitted because the order size is larger than the maximum order size of 10000 for the contract."}
2026-02-08 17:14:07,905 [WARNING] rit_api: POST /orders returned 500: {"code":"INTERNAL_SERVER_ERROR","message":"Order could not be submitted because the order size is larger than the maximum order size of 10000 for the contract."}
2026-02-08 17:14:09,082 [WARNING] rit_api: POST /orders returned 500: {"code":"INTERNAL_SERVER_ERROR","message":"Order could not be submitted because the order size is larger than the maximum order size of 10000 for the contract."}
2026-02-08 17:14:09,998 [WARNING] rit_api: POST /orders returned 500: {"code":"INTERNAL_SERVER_ERROR","message":"Order could not be submitted because the order size is larger than the maximum order size of 10000 for the contract."}
2026-02-08 17:14:10,986 [WARNING] rit_api: POST /orders returned 500: {"code":"INTERNAL_SERVER_ERROR","message":"Order could not be submitted because the order size is larger than the maximum order size of 10000 for the contract."}
2026-02-08 17:14:11,955 [WARNING] rit_api: POST /orders returned 500: {"code":"INTERNAL_SERVER_ERROR","message":"Order could not be submitted because the order size is larger than the maximum order size of 10000 for the contract."}
2026-02-08 17:14:12,918 [WARNING] rit_api: POST /orders returned 500: {"code":"INTERNAL_SERVER_ERROR","message":"Order could not be submitted because the order size is larger than the maximum order size of 10000 for the contract."}
2026-02-08 17:14:13,954 [WARNING] rit_api: POST /orders returned 500: {"code":"INTERNAL_SERVER_ERROR","message":"Order could not be submitted because the order size is larger than the maximum order size of 10000 for the contract."}
2026-02-08 17:14:14,920 [WARNING] rit_api: POST /orders returned 500: {"code":"INTERNAL_SERVER_ERROR","message":"Order could not be submitted because the order size is larger than the maximum order size of 10000 for the contract."}
2026-02-08 17:14:15,898 [WARNING] rit_api: POST /orders returned 500: {"code":"INTERNAL_SERVER_ERROR","message":"Order could not be submitted because the order size is larger than the maximum order size of 10000 for the contract."}
2026-02-08 17:14:17,047 [WARNING] rit_api: POST /orders returned 500: {"code":"INTERNAL_SERVER_ERROR","message":"Order could not be submitted because the order size is larger than the maximum order size of 10000 for the contract."}
2026-02-08 17:14:18,007 [WARNING] rit_api: POST /orders returned 500: {"code":"INTERNAL_SERVER_ERROR","message":"Order could not be submitted because the order size is larger than the maximum order size of 10000 for the contract."}
2026-02-08 17:14:19,035 [WARNING] rit_api: POST /orders returned 500: {"code":"INTERNAL_SERVER_ERROR","message":"Order could not be submitted because the order size is larger than the maximum order size of 10000 for the contract."}
2026-02-08 17:14:20,008 [WARNING] rit_api: POST /orders returned 500: {"code":"INTERNAL_SERVER_ERROR","message":"Order could not be submitted because the order size is larger than the maximum order size of 10000 for the contract."}
2026-02-08 17:14:20,981 [WARNING] rit_api: POST /orders returned 500: {"code":"INTERNAL_SERVER_ERROR","message":"Order could not be submitted because the order size is larger than the maximum order size of 10000 for the contract."}
2026-02-08 17:14:22,011 [WARNING] rit_api: POST /orders returned 500: {"code":"INTERNAL_SERVER_ERROR","message":"Order could not be submitted because the order size is larger than the maximum order size of 10000 for the contract."}
2026-02-08 17:14:23,064 [WARNING] rit_api: POST /orders returned 500: {"code":"INTERNAL_SERVER_ERROR","message":"Order could not be submitted because the order size is larger than the maximum order size of 10000 for the contract."}
2026-02-08 17:14:24,032 [WARNING] rit_api: POST /orders returned 500: {"code":"INTERNAL_SERVER_ERROR","message":"Order could not be submitted because the order size is larger than the maximum order size of 10000 for the contract."}
2026-02-08 17:14:25,001 [WARNING] rit_api: POST /orders returned 500: {"code":"INTERNAL_SERVER_ERROR","message":"Order could not be submitted because the order size is larger than the maximum order size of 10000 for the contract."}
2026-02-08 17:14:25,897 [INFO] news_parser: NEWS: Forecast vol next week = 9.0% - 14.0% (mid=11.5%)
2026-02-08 17:14:25,971 [WARNING] rit_api: POST /orders returned 500: {"code":"INTERNAL_SERVER_ERROR","message":"Order could not be submitted because the order size is larger than the maximum order size of 10000 for the contract."}
2026-02-08 17:14:27,116 [WARNING] rit_api: POST /orders returned 500: {"code":"INTERNAL_SERVER_ERROR","message":"Order could not be submitted because the order size is larger than the maximum order size of 100 for the contract."}
2026-02-08 17:14:27,286 [WARNING] rit_api: POST /orders returned 500: {"code":"INTERNAL_SERVER_ERROR","message":"Order could not be submitted because the order size is larger than the maximum order size of 100 for the contract."}
2026-02-08 17:14:27,458 [INFO] rit_api: MARKET SELL 50 RTM1C47 -> order_id=7430
2026-02-08 17:14:27,571 [INFO] rit_api: MARKET SELL 50 RTM1P47 -> order_id=7432
2026-02-08 17:14:27,756 [INFO] rit_api: MARKET SELL 5000 RTM -> order_id=7435
2026-02-08 17:14:28,106 [WARNING] rit_api: POST /orders returned 500: {"code":"INTERNAL_SERVER_ERROR","message":"Order could not be submitted because the order size is larger than the maximum order size of 10000 for the contract."}
2026-02-08 17:14:29,134 [WARNING] rit_api: POST /orders returned 500: {"code":"INTERNAL_SERVER_ERROR","message":"Order could not be submitted because the order size is larger than the maximum order size of 10000 for the contract."}
2026-02-08 17:14:30,150 [WARNING] rit_api: POST /orders returned 500: {"code":"INTERNAL_SERVER_ERROR","message":"Order could not be submitted because the order size is larger than the maximum order size of 10000 for the contract."}
2026-02-08 17:14:31,163 [WARNING] rit_api: POST /orders returned 500: {"code":"INTERNAL_SERVER_ERROR","message":"Order could not be submitted because the order size is larger than the maximum order size of 10000 for the contract."}
2026-02-08 17:14:32,014 [WARNING] rit_api: POST /orders returned 500: {"code":"INTERNAL_SERVER_ERROR","message":"Order could not be submitted because the order size is larger than the maximum order size of 10000 for the contract."}
2026-02-08 17:14:33,134 [WARNING] rit_api: POST /orders returned 500: {"code":"INTERNAL_SERVER_ERROR","message":"Order could not be submitted because the order size is larger than the maximum order size of 10000 for the contract."}
2026-02-08 17:14:34,167 [WARNING] rit_api: POST /orders returned 500: {"code":"INTERNAL_SERVER_ERROR","message":"Order could not be submitted because the order size is larger than the maximum order size of 10000 for the contract."}
2026-02-08 17:14:35,190 [WARNING] rit_api: POST /orders returned 500: {"code":"INTERNAL_SERVER_ERROR","message":"Order could not be submitted because the order size is larger than the maximum order size of 10000 for the contract."}
2026-02-08 17:14:36,084 [WARNING] rit_api: POST /orders returned 500: {"code":"INTERNAL_SERVER_ERROR","message":"Order could not be submitted because the order size is larger than the maximum order size of 10000 for the contract."}
2026-02-08 17:14:37,055 [WARNING] rit_api: POST /orders returned 500: {"code":"INTERNAL_SERVER_ERROR","message":"Order could not be submitted because the order size is larger than the maximum order size of 10000 for the contract."}
2026-02-08 17:14:38,033 [WARNING] rit_api: POST /orders returned 500: {"code":"INTERNAL_SERVER_ERROR","message":"Order could not be submitted because the order size is larger than the maximum order size of 10000 for the contract."}
2026-02-08 17:14:39,194 [WARNING] rit_api: POST /orders returned 500: {"code":"INTERNAL_SERVER_ERROR","message":"Order could not be submitted because the order size is larger than the maximum order size of 10000 for the contract."}
2026-02-08 17:14:40,181 [WARNING] rit_api: POST /orders returned 500: {"code":"INTERNAL_SERVER_ERROR","message":"Order could not be submitted because the order size is larger than the maximum order size of 10000 for the contract."}
2026-02-08 17:14:41,201 [WARNING] rit_api: POST /orders returned 500: {"code":"INTERNAL_SERVER_ERROR","message":"Order could not be submitted because the order size is larger than the maximum order size of 10000 for the contract."}
2026-02-08 17:14:42,049 [WARNING] rit_api: POST /orders returned 500: {"code":"INTERNAL_SERVER_ERROR","message":"Order could not be submitted because the order size is larger than the maximum order size of 10000 for the contract."}
2026-02-08 17:14:43,203 [WARNING] rit_api: POST /orders returned 500: {"code":"INTERNAL_SERVER_ERROR","message":"Order could not be submitted because the order size is larger than the maximum order size of 10000 for the contract."}
2026-02-08 17:14:44,241 [WARNING] rit_api: POST /orders returned 500: {"code":"INTERNAL_SERVER_ERROR","message":"Order could not be submitted because the order size is larger than the maximum order size of 10000 for the contract."}
2026-02-08 17:14:45,127 [WARNING] rit_api: POST /orders returned 500: {"code":"INTERNAL_SERVER_ERROR","message":"Order could not be submitted because the order size is larger than the maximum order size of 10000 for the contract."}
2026-02-08 17:14:46,095 [WARNING] rit_api: POST /orders returned 500: {"code":"INTERNAL_SERVER_ERROR","message":"Order could not be submitted because the order size is larger than the maximum order size of 10000 for the contract."}
2026-02-08 17:14:47,252 [WARNING] rit_api: POST /orders returned 500: {"code":"INTERNAL_SERVER_ERROR","message":"Order could not be submitted because the order size is larger than the maximum order size of 10000 for the contract."}
2026-02-08 17:14:48,146 [WARNING] rit_api: POST /orders returned 500: {"code":"INTERNAL_SERVER_ERROR","message":"Order could not be submitted because the order size is larger than the maximum order size of 10000 for the contract."}
2026-02-08 17:14:49,113 [WARNING] rit_api: POST /orders returned 500: {"code":"INTERNAL_SERVER_ERROR","message":"Order could not be submitted because the order size is larger than the maximum order size of 10000 for the contract."}
2026-02-08 17:14:50,143 [WARNING] rit_api: POST /orders returned 500: {"code":"INTERNAL_SERVER_ERROR","message":"Order could not be submitted because the order size is larger than the maximum order size of 10000 for the contract."}
2026-02-08 17:14:51,112 [WARNING] rit_api: POST /orders returned 500: {"code":"INTERNAL_SERVER_ERROR","message":"Order could not be submitted because the order size is larger than the maximum order size of 10000 for the contract."}
2026-02-08 17:14:52,089 [WARNING] rit_api: POST /orders returned 500: {"code":"INTERNAL_SERVER_ERROR","message":"Order could not be submitted because the order size is larger than the maximum order size of 10000 for the contract."}
2026-02-08 17:14:53,193 [WARNING] rit_api: POST /orders returned 500: {"code":"INTERNAL_SERVER_ERROR","message":"Order could not be submitted because the order size is larger than the maximum order size of 10000 for the contract."}
2026-02-08 17:14:54,163 [WARNING] rit_api: POST /orders returned 500: {"code":"INTERNAL_SERVER_ERROR","message":"Order could not be submitted because the order size is larger than the maximum order size of 10000 for the contract."}
2026-02-08 17:14:55,135 [WARNING] rit_api: POST /orders returned 500: {"code":"INTERNAL_SERVER_ERROR","message":"Order could not be submitted because the order size is larger than the maximum order size of 10000 for the contract."}
2026-02-08 17:14:56,163 [WARNING] rit_api: POST /orders returned 500: {"code":"INTERNAL_SERVER_ERROR","message":"Order could not be submitted because the order size is larger than the maximum order size of 10000 for the contract."}
2026-02-08 17:14:57,126 [WARNING] rit_api: POST /orders returned 500: {"code":"INTERNAL_SERVER_ERROR","message":"Order could not be submitted because the order size is larger than the maximum order size of 10000 for the contract."}
2026-02-08 17:14:58,101 [WARNING] rit_api: POST /orders returned 500: {"code":"INTERNAL_SERVER_ERROR","message":"Order could not be submitted because the order size is larger than the maximum order size of 10000 for the contract."}
2026-02-08 17:14:59,201 [WARNING] rit_api: POST /orders returned 500: {"code":"INTERNAL_SERVER_ERROR","message":"Order could not be submitted because the order size is larger than the maximum order size of 10000 for the contract."}
2026-02-08 17:15:00,170 [WARNING] rit_api: POST /orders returned 500: {"code":"INTERNAL_SERVER_ERROR","message":"Order could not be submitted because the order size is larger than the maximum order size of 10000 for the contract."}
2026-02-08 17:15:01,149 [WARNING] rit_api: POST /orders returned 500: {"code":"INTERNAL_SERVER_ERROR","message":"Order could not be submitted because the order size is larger than the maximum order size of 10000 for the contract."}
2026-02-08 17:15:02,176 [WARNING] rit_api: POST /orders returned 500: {"code":"INTERNAL_SERVER_ERROR","message":"Order could not be submitted because the order size is larger than the maximum order size of 10000 for the contract."}
2026-02-08 17:15:03,143 [WARNING] rit_api: POST /orders returned 500: {"code":"INTERNAL_SERVER_ERROR","message":"Order could not be submitted because the order size is larger than the maximum order size of 10000 for the contract."}
2026-02-08 17:15:04,256 [WARNING] rit_api: POST /orders returned 500: {"code":"INTERNAL_SERVER_ERROR","message":"Order could not be submitted because the order size is larger than the maximum order size of 10000 for the contract."}
2026-02-08 17:15:05,276 [WARNING] rit_api: POST /orders returned 500: {"code":"INTERNAL_SERVER_ERROR","message":"Order could not be submitted because the order size is larger than the maximum order size of 10000 for the contract."}
2026-02-08 17:15:06,250 [WARNING] rit_api: POST /orders returned 500: {"code":"INTERNAL_SERVER_ERROR","message":"Order could not be submitted because the order size is larger than the maximum order size of 10000 for the contract."}
2026-02-08 17:15:07,276 [WARNING] rit_api: POST /orders returned 500: {"code":"INTERNAL_SERVER_ERROR","message":"Order could not be submitted because the order size is larger than the maximum order size of 10000 for the contract."}
2026-02-08 17:15:08,246 [WARNING] rit_api: POST /orders returned 500: {"code":"INTERNAL_SERVER_ERROR","message":"Order could not be submitted because the order size is larger than the maximum order size of 10000 for the contract."}
2026-02-08 17:15:09,276 [WARNING] rit_api: POST /orders returned 500: {"code":"INTERNAL_SERVER_ERROR","message":"Order could not be submitted because the order size is larger than the maximum order size of 10000 for the contract."}
2026-02-08 17:15:10,294 [WARNING] rit_api: POST /orders returned 500: {"code":"INTERNAL_SERVER_ERROR","message":"Order could not be submitted because the order size is larger than the maximum order size of 10000 for the contract."}
2026-02-08 17:15:11,276 [WARNING] rit_api: POST /orders returned 500: {"code":"INTERNAL_SERVER_ERROR","message":"Order could not be submitted because the order size is larger than the maximum order size of 10000 for the contract."}
2026-02-08 17:15:12,306 [WARNING] rit_api: POST /orders returned 500: {"code":"INTERNAL_SERVER_ERROR","message":"Order could not be submitted because the order size is larger than the maximum order size of 10000 for the contract."}
2026-02-08 17:15:13,341 [WARNING] rit_api: POST /orders returned 500: {"code":"INTERNAL_SERVER_ERROR","message":"Order could not be submitted because the order size is larger than the maximum order size of 10000 for the contract."}
2026-02-08 17:15:14,185 [WARNING] rit_api: POST /orders returned 500: {"code":"INTERNAL_SERVER_ERROR","message":"Order could not be submitted because the order size is larger than the maximum order size of 10000 for the contract."}
2026-02-08 17:15:15,352 [WARNING] rit_api: POST /orders returned 500: {"code":"INTERNAL_SERVER_ERROR","message":"Order could not be submitted because the order size is larger than the maximum order size of 10000 for the contract."}
2026-02-08 17:15:16,253 [WARNING] rit_api: POST /orders returned 500: {"code":"INTERNAL_SERVER_ERROR","message":"Order could not be submitted because the order size is larger than the maximum order size of 10000 for the contract."}
2026-02-08 17:15:17,221 [WARNING] rit_api: POST /orders returned 500: {"code":"INTERNAL_SERVER_ERROR","message":"Order could not be submitted because the order size is larger than the maximum order size of 10000 for the contract."}
2026-02-08 17:15:18,364 [WARNING] rit_api: POST /orders returned 500: {"code":"INTERNAL_SERVER_ERROR","message":"Order could not be submitted because the order size is larger than the maximum order size of 10000 for the contract."}
2026-02-08 17:15:19,393 [WARNING] rit_api: POST /orders returned 500: {"code":"INTERNAL_SERVER_ERROR","message":"Order could not be submitted because the order size is larger than the maximum order size of 10000 for the contract."}
2026-02-08 17:15:20,285 [WARNING] rit_api: POST /orders returned 500: {"code":"INTERNAL_SERVER_ERROR","message":"Order could not be submitted because the order size is larger than the maximum order size of 10000 for the contract."}
2026-02-08 17:15:21,250 [WARNING] rit_api: POST /orders returned 500: {"code":"INTERNAL_SERVER_ERROR","message":"Order could not be submitted because the order size is larger than the maximum order size of 10000 for the contract."}
2026-02-08 17:15:22,224 [WARNING] rit_api: POST /orders returned 500: {"code":"INTERNAL_SERVER_ERROR","message":"Order could not be submitted because the order size is larger than the maximum order size of 10000 for the contract."}
2026-02-08 17:15:23,317 [WARNING] rit_api: POST /orders returned 500: {"code":"INTERNAL_SERVER_ERROR","message":"Order could not be submitted because the order size is larger than the maximum order size of 10000 for the contract."}
2026-02-08 17:15:24,284 [WARNING] rit_api: POST /orders returned 500: {"code":"INTERNAL_SERVER_ERROR","message":"Order could not be submitted because the order size is larger than the maximum order size of 10000 for the contract."}
2026-02-08 17:15:25,306 [WARNING] rit_api: POST /orders returned 500: {"code":"INTERNAL_SERVER_ERROR","message":"Order could not be submitted because the order size is larger than the maximum order size of 10000 for the contract."}
2026-02-08 17:15:26,270 [WARNING] rit_api: POST /orders returned 500: {"code":"INTERNAL_SERVER_ERROR","message":"Order could not be submitted because the order size is larger than the maximum order size of 10000 for the contract."}
2026-02-08 17:15:27,374 [WARNING] rit_api: POST /orders returned 500: {"code":"INTERNAL_SERVER_ERROR","message":"Order could not be submitted because the order size is larger than the maximum order size of 10000 for the contract."}
2026-02-08 17:15:28,401 [WARNING] rit_api: POST /orders returned 500: {"code":"INTERNAL_SERVER_ERROR","message":"Order could not be submitted because the order size is larger than the maximum order size of 10000 for the contract."}
2026-02-08 17:15:29,427 [WARNING] rit_api: POST /orders returned 500: {"code":"INTERNAL_SERVER_ERROR","message":"Order could not be submitted because the order size is larger than the maximum order size of 10000 for the contract."}
2026-02-08 17:15:30,469 [WARNING] rit_api: POST /orders returned 500: {"code":"INTERNAL_SERVER_ERROR","message":"Order could not be submitted because the order size is larger than the maximum order size of 10000 for the contract."}
2026-02-08 17:15:31,368 [WARNING] rit_api: POST /orders returned 500: {"code":"INTERNAL_SERVER_ERROR","message":"Order could not be submitted because the order size is larger than the maximum order size of 10000 for the contract."}
2026-02-08 17:15:32,332 [WARNING] rit_api: POST /orders returned 500: {"code":"INTERNAL_SERVER_ERROR","message":"Order could not be submitted because the order size is larger than the maximum order size of 10000 for the contract."}
2026-02-08 17:15:33,429 [WARNING] rit_api: POST /orders returned 500: {"code":"INTERNAL_SERVER_ERROR","message":"Order could not be submitted because the order size is larger than the maximum order size of 10000 for the contract."}
2026-02-08 17:15:34,449 [WARNING] rit_api: POST /orders returned 500: {"code":"INTERNAL_SERVER_ERROR","message":"Order could not be submitted because the order size is larger than the maximum order size of 10000 for the contract."}
2026-02-08 17:15:35,474 [WARNING] rit_api: POST /orders returned 500: {"code":"INTERNAL_SERVER_ERROR","message":"Order could not be submitted because the order size is larger than the maximum order size of 10000 for the contract."}
2026-02-08 17:15:36,318 [WARNING] rit_api: POST /orders returned 500: {"code":"INTERNAL_SERVER_ERROR","message":"Order could not be submitted because the order size is larger than the maximum order size of 10000 for the contract."}
2026-02-08 17:15:37,421 [WARNING] rit_api: POST /orders returned 500: {"code":"INTERNAL_SERVER_ERROR","message":"Order could not be submitted because the order size is larger than the maximum order size of 10000 for the contract."}
2026-02-08 17:15:38,395 [WARNING] rit_api: POST /orders returned 500: {"code":"INTERNAL_SERVER_ERROR","message":"Order could not be submitted because the order size is larger than the maximum order size of 10000 for the contract."}
2026-02-08 17:15:39,363 [WARNING] rit_api: POST /orders returned 500: {"code":"INTERNAL_SERVER_ERROR","message":"Order could not be submitted because the order size is larger than the maximum order size of 10000 for the contract."}
2026-02-08 17:15:40,399 [WARNING] rit_api: POST /orders returned 500: {"code":"INTERNAL_SERVER_ERROR","message":"Order could not be submitted because the order size is larger than the maximum order size of 10000 for the contract."}
2026-02-08 17:15:41,295 [INFO] news_parser: NEWS: Forecast vol next week = 14.0% - 19.0% (mid=16.5%)
2026-02-08 17:15:41,383 [WARNING] rit_api: POST /orders returned 500: {"code":"INTERNAL_SERVER_ERROR","message":"Order could not be submitted because the order size is larger than the maximum order size of 10000 for the contract."}
2026-02-08 17:15:42,356 [INFO] rit_api: MARKET BUY 100 RTM1C47 -> order_id=10789
2026-02-08 17:15:42,467 [INFO] rit_api: MARKET BUY 100 RTM1P47 -> order_id=10791
2026-02-08 17:15:42,646 [INFO] rit_api: MARKET BUY 10000 RTM -> order_id=10794
2026-02-08 17:15:43,362 [WARNING] rit_api: POST /orders returned 500: {"code":"INTERNAL_SERVER_ERROR","message":"Order could not be submitted because the order size is larger than the maximum order size of 10000 for the contract."}
2026-02-08 17:15:44,536 [WARNING] rit_api: POST /orders returned 500: {"code":"INTERNAL_SERVER_ERROR","message":"Order could not be submitted because the order size is larger than the maximum order size of 10000 for the contract."}
2026-02-08 17:15:45,434 [WARNING] rit_api: POST /orders returned 500: {"code":"INTERNAL_SERVER_ERROR","message":"Order could not be submitted because the order size is larger than the maximum order size of 10000 for the contract."}
2026-02-08 17:15:46,401 [WARNING] rit_api: POST /orders returned 500: {"code":"INTERNAL_SERVER_ERROR","message":"Order could not be submitted because the order size is larger than the maximum order size of 10000 for the contract."}
2026-02-08 17:15:47,371 [WARNING] rit_api: POST /orders returned 500: {"code":"INTERNAL_SERVER_ERROR","message":"Order could not be submitted because the order size is larger than the maximum order size of 10000 for the contract."}
2026-02-08 17:15:48,529 [WARNING] rit_api: POST /orders returned 500: {"code":"INTERNAL_SERVER_ERROR","message":"Order could not be submitted because the order size is larger than the maximum order size of 10000 for the contract."}
2026-02-08 17:15:49,512 [WARNING] rit_api: POST /orders returned 500: {"code":"INTERNAL_SERVER_ERROR","message":"Order could not be submitted because the order size is larger than the maximum order size of 10000 for the contract."}
2026-02-08 17:15:50,538 [WARNING] rit_api: POST /orders returned 500: {"code":"INTERNAL_SERVER_ERROR","message":"Order could not be submitted because the order size is larger than the maximum order size of 10000 for the contract."}
2026-02-08 17:15:51,394 [WARNING] rit_api: POST /orders returned 500: {"code":"INTERNAL_SERVER_ERROR","message":"Order could not be submitted because the order size is larger than the maximum order size of 10000 for the contract."}
2026-02-08 17:15:52,561 [WARNING] rit_api: POST /orders returned 500: {"code":"INTERNAL_SERVER_ERROR","message":"Order could not be submitted because the order size is larger than the maximum order size of 10000 for the contract."}
2026-02-08 17:15:53,544 [WARNING] rit_api: POST /orders returned 500: {"code":"INTERNAL_SERVER_ERROR","message":"Order could not be submitted because the order size is larger than the maximum order size of 10000 for the contract."}
2026-02-08 17:15:54,577 [WARNING] rit_api: POST /orders returned 500: {"code":"INTERNAL_SERVER_ERROR","message":"Order could not be submitted because the order size is larger than the maximum order size of 10000 for the contract."}
2026-02-08 17:15:55,419 [WARNING] rit_api: POST /orders returned 500: {"code":"INTERNAL_SERVER_ERROR","message":"Order could not be submitted because the order size is larger than the maximum order size of 10000 for the contract."}
2026-02-08 17:15:56,572 [WARNING] rit_api: POST /orders returned 500: {"code":"INTERNAL_SERVER_ERROR","message":"Order could not be submitted because the order size is larger than the maximum order size of 10000 for the contract."}
2026-02-08 17:15:57,469 [WARNING] rit_api: POST /orders returned 500: {"code":"INTERNAL_SERVER_ERROR","message":"Order could not be submitted because the order size is larger than the maximum order size of 10000 for the contract."}
2026-02-08 17:15:58,432 [WARNING] rit_api: POST /orders returned 500: {"code":"INTERNAL_SERVER_ERROR","message":"Order could not be submitted because the order size is larger than the maximum order size of 10000 for the contract."}
2026-02-08 17:15:59,583 [WARNING] rit_api: POST /orders returned 500: {"code":"INTERNAL_SERVER_ERROR","message":"Order could not be submitted because the order size is larger than the maximum order size of 10000 for the contract."}
2026-02-08 17:16:00,423 [WARNING] rit_api: POST /orders returned 500: {"code":"INTERNAL_SERVER_ERROR","message":"Order could not be submitted because the order size is larger than the maximum order size of 10000 for the contract."}
2026-02-08 17:16:01,595 [WARNING] rit_api: POST /orders returned 500: {"code":"INTERNAL_SERVER_ERROR","message":"Order could not be submitted because the order size is larger than the maximum order size of 10000 for the contract."}
2026-02-08 17:16:02,493 [WARNING] rit_api: POST /orders returned 500: {"code":"INTERNAL_SERVER_ERROR","message":"Order could not be submitted because the order size is larger than the maximum order size of 10000 for the contract."}
2026-02-08 17:16:03,463 [WARNING] rit_api: POST /orders returned 500: {"code":"INTERNAL_SERVER_ERROR","message":"Order could not be submitted because the order size is larger than the maximum order size of 10000 for the contract."}
2026-02-08 17:16:04,438 [WARNING] rit_api: POST /orders returned 500: {"code":"INTERNAL_SERVER_ERROR","message":"Order could not be submitted because the order size is larger than the maximum order size of 10000 for the contract."}
2026-02-08 17:16:05,595 [WARNING] rit_api: POST /orders returned 500: {"code":"INTERNAL_SERVER_ERROR","message":"Order could not be submitted because the order size is larger than the maximum order size of 10000 for the contract."}
2026-02-08 17:16:06,435 [WARNING] rit_api: POST /orders returned 500: {"code":"INTERNAL_SERVER_ERROR","message":"Order could not be submitted because the order size is larger than the maximum order size of 10000 for the contract."}
2026-02-08 17:16:07,537 [WARNING] rit_api: POST /orders returned 500: {"code":"INTERNAL_SERVER_ERROR","message":"Order could not be submitted because the order size is larger than the maximum order size of 10000 for the contract."}
2026-02-08 17:16:08,506 [WARNING] rit_api: POST /orders returned 500: {"code":"INTERNAL_SERVER_ERROR","message":"Order could not be submitted because the order size is larger than the maximum order size of 10000 for the contract."}
2026-02-08 17:16:09,477 [WARNING] rit_api: POST /orders returned 500: {"code":"INTERNAL_SERVER_ERROR","message":"Order could not be submitted because the order size is larger than the maximum order size of 10000 for the contract."}
2026-02-08 17:16:10,457 [WARNING] rit_api: POST /orders returned 500: {"code":"INTERNAL_SERVER_ERROR","message":"Order could not be submitted because the order size is larger than the maximum order size of 10000 for the contract."}
2026-02-08 17:16:11,611 [WARNING] rit_api: POST /orders returned 500: {"code":"INTERNAL_SERVER_ERROR","message":"Order could not be submitted because the order size is larger than the maximum order size of 10000 for the contract."}
2026-02-08 17:16:12,597 [WARNING] rit_api: POST /orders returned 500: {"code":"INTERNAL_SERVER_ERROR","message":"Order could not be submitted because the order size is larger than the maximum order size of 10000 for the contract."}
2026-02-08 17:16:13,625 [WARNING] rit_api: POST /orders returned 500: {"code":"INTERNAL_SERVER_ERROR","message":"Order could not be submitted because the order size is larger than the maximum order size of 10000 for the contract."}
2026-02-08 17:16:14,653 [WARNING] rit_api: POST /orders returned 500: {"code":"INTERNAL_SERVER_ERROR","message":"Order could not be submitted because the order size is larger than the maximum order size of 10000 for the contract."}
2026-02-08 17:16:15,679 [WARNING] rit_api: POST /orders returned 500: {"code":"INTERNAL_SERVER_ERROR","message":"Order could not be submitted because the order size is larger than the maximum order size of 10000 for the contract."}
2026-02-08 17:16:16,565 [WARNING] rit_api: POST /orders returned 500: {"code":"INTERNAL_SERVER_ERROR","message":"Order could not be submitted because the order size is larger than the maximum order size of 10000 for the contract."}
2026-02-08 17:16:17,523 [WARNING] rit_api: POST /orders returned 500: {"code":"INTERNAL_SERVER_ERROR","message":"Order could not be submitted because the order size is larger than the maximum order size of 10000 for the contract."}
2026-02-08 17:16:18,676 [WARNING] rit_api: POST /orders returned 500: {"code":"INTERNAL_SERVER_ERROR","message":"Order could not be submitted because the order size is larger than the maximum order size of 10000 for the contract."}
2026-02-08 17:16:19,574 [WARNING] rit_api: POST /orders returned 500: {"code":"INTERNAL_SERVER_ERROR","message":"Order could not be submitted because the order size is larger than the maximum order size of 10000 for the contract."}
2026-02-08 17:16:20,543 [WARNING] rit_api: POST /orders returned 500: {"code":"INTERNAL_SERVER_ERROR","message":"Order could not be submitted because the order size is larger than the maximum order size of 10000 for the contract."}
2026-02-08 17:16:21,668 [WARNING] rit_api: POST /orders returned 500: {"code":"INTERNAL_SERVER_ERROR","message":"Order could not be submitted because the order size is larger than the maximum order size of 10000 for the contract."}
2026-02-08 17:16:22,686 [WARNING] rit_api: POST /orders returned 500: {"code":"INTERNAL_SERVER_ERROR","message":"Order could not be submitted because the order size is larger than the maximum order size of 10000 for the contract."}
2026-02-08 17:16:23,702 [WARNING] rit_api: POST /orders returned 500: {"code":"INTERNAL_SERVER_ERROR","message":"Order could not be submitted because the order size is larger than the maximum order size of 10000 for the contract."}
2026-02-08 17:16:24,683 [WARNING] rit_api: POST /orders returned 500: {"code":"INTERNAL_SERVER_ERROR","message":"Order could not be submitted because the order size is larger than the maximum order size of 10000 for the contract."}
2026-02-08 17:16:25,651 [WARNING] rit_api: POST /orders returned 500: {"code":"INTERNAL_SERVER_ERROR","message":"Order could not be submitted because the order size is larger than the maximum order size of 10000 for the contract."}
2026-02-08 17:16:26,616 [WARNING] rit_api: POST /orders returned 500: {"code":"INTERNAL_SERVER_ERROR","message":"Order could not be submitted because the order size is larger than the maximum order size of 10000 for the contract."}
2026-02-08 17:16:27,584 [WARNING] rit_api: POST /orders returned 500: {"code":"INTERNAL_SERVER_ERROR","message":"Order could not be submitted because the order size is larger than the maximum order size of 10000 for the contract."}
2026-02-08 17:16:28,695 [WARNING] rit_api: POST /orders returned 500: {"code":"INTERNAL_SERVER_ERROR","message":"Order could not be submitted because the order size is larger than the maximum order size of 10000 for the contract."}
2026-02-08 17:16:29,663 [WARNING] rit_api: POST /orders returned 500: {"code":"INTERNAL_SERVER_ERROR","message":"Order could not be submitted because the order size is larger than the maximum order size of 10000 for the contract."}
2026-02-08 17:16:30,631 [WARNING] rit_api: POST /orders returned 500: {"code":"INTERNAL_SERVER_ERROR","message":"Order could not be submitted because the order size is larger than the maximum order size of 10000 for the contract."}
2026-02-08 17:16:31,605 [WARNING] rit_api: POST /orders returned 500: {"code":"INTERNAL_SERVER_ERROR","message":"Order could not be submitted because the order size is larger than the maximum order size of 10000 for the contract."}
2026-02-08 17:16:32,713 [WARNING] rit_api: POST /orders returned 500: {"code":"INTERNAL_SERVER_ERROR","message":"Order could not be submitted because the order size is larger than the maximum order size of 10000 for the contract."}
2026-02-08 17:16:33,684 [WARNING] rit_api: POST /orders returned 500: {"code":"INTERNAL_SERVER_ERROR","message":"Order could not be submitted because the order size is larger than the maximum order size of 10000 for the contract."}
2026-02-08 17:16:34,653 [WARNING] rit_api: POST /orders returned 500: {"code":"INTERNAL_SERVER_ERROR","message":"Order could not be submitted because the order size is larger than the maximum order size of 10000 for the contract."}
2026-02-08 17:16:35,618 [WARNING] rit_api: POST /orders returned 500: {"code":"INTERNAL_SERVER_ERROR","message":"Order could not be submitted because the order size is larger than the maximum order size of 10000 for the contract."}
2026-02-08 17:16:36,731 [WARNING] rit_api: POST /orders returned 500: {"code":"INTERNAL_SERVER_ERROR","message":"Order could not be submitted because the order size is larger than the maximum order size of 10000 for the contract."}
2026-02-08 17:16:37,699 [WARNING] rit_api: POST /orders returned 500: {"code":"INTERNAL_SERVER_ERROR","message":"Order could not be submitted because the order size is larger than the maximum order size of 10000 for the contract."}
2026-02-08 17:16:38,661 [WARNING] rit_api: POST /orders returned 500: {"code":"INTERNAL_SERVER_ERROR","message":"Order could not be submitted because the order size is larger than the maximum order size of 10000 for the contract."}
2026-02-08 17:16:39,765 [WARNING] rit_api: POST /orders returned 500: {"code":"INTERNAL_SERVER_ERROR","message":"Order could not be submitted because the order size is larger than the maximum order size of 10000 for the contract."}
2026-02-08 17:16:40,732 [WARNING] rit_api: POST /orders returned 500: {"code":"INTERNAL_SERVER_ERROR","message":"Order could not be submitted because the order size is larger than the maximum order size of 10000 for the contract."}
2026-02-08 17:16:41,690 [WARNING] rit_api: POST /orders returned 500: {"code":"INTERNAL_SERVER_ERROR","message":"Order could not be submitted because the order size is larger than the maximum order size of 10000 for the contract."}
2026-02-08 17:16:42,850 [WARNING] rit_api: POST /orders returned 500: {"code":"INTERNAL_SERVER_ERROR","message":"Order could not be submitted because the order size is larger than the maximum order size of 10000 for the contract."}
2026-02-08 17:16:43,786 [WARNING] rit_api: POST /orders returned 500: {"code":"INTERNAL_SERVER_ERROR","message":"Order could not be submitted because the order size is larger than the maximum order size of 10000 for the contract."}
2026-02-08 17:16:44,841 [WARNING] rit_api: POST /orders returned 500: {"code":"INTERNAL_SERVER_ERROR","message":"Order could not be submitted because the order size is larger than the maximum order size of 10000 for the contract."}
2026-02-08 17:16:45,783 [WARNING] rit_api: POST /orders returned 500: {"code":"INTERNAL_SERVER_ERROR","message":"Order could not be submitted because the order size is larger than the maximum order size of 10000 for the contract."}
2026-02-08 17:16:46,903 [WARNING] rit_api: POST /orders returned 500: {"code":"INTERNAL_SERVER_ERROR","message":"Order could not be submitted because the order size is larger than the maximum order size of 10000 for the contract."}
2026-02-08 17:16:47,788 [WARNING] rit_api: POST /orders returned 500: {"code":"INTERNAL_SERVER_ERROR","message":"Order could not be submitted because the order size is larger than the maximum order size of 10000 for the contract."}
2026-02-08 17:16:48,756 [WARNING] rit_api: POST /orders returned 500: {"code":"INTERNAL_SERVER_ERROR","message":"Order could not be submitted because the order size is larger than the maximum order size of 10000 for the contract."}
2026-02-08 17:16:49,713 [WARNING] rit_api: POST /orders returned 500: {"code":"INTERNAL_SERVER_ERROR","message":"Order could not be submitted because the order size is larger than the maximum order size of 10000 for the contract."}
2026-02-08 17:16:50,803 [WARNING] rit_api: POST /orders returned 500: {"code":"INTERNAL_SERVER_ERROR","message":"Order could not be submitted because the order size is larger than the maximum order size of 10000 for the contract."}
2026-02-08 17:16:51,765 [WARNING] rit_api: POST /orders returned 500: {"code":"INTERNAL_SERVER_ERROR","message":"Order could not be submitted because the order size is larger than the maximum order size of 10000 for the contract."}
2026-02-08 17:16:52,729 [WARNING] rit_api: POST /orders returned 500: {"code":"INTERNAL_SERVER_ERROR","message":"Order could not be submitted because the order size is larger than the maximum order size of 10000 for the contract."}
2026-02-08 17:16:53,824 [WARNING] rit_api: POST /orders returned 500: {"code":"INTERNAL_SERVER_ERROR","message":"Order could not be submitted because the order size is larger than the maximum order size of 10000 for the contract."}
2026-02-08 17:16:54,788 [WARNING] rit_api: POST /orders returned 500: {"code":"INTERNAL_SERVER_ERROR","message":"Order could not be submitted because the order size is larger than the maximum order size of 10000 for the contract."}
2026-02-08 17:16:55,748 [WARNING] rit_api: POST /orders returned 500: {"code":"INTERNAL_SERVER_ERROR","message":"Order could not be submitted because the order size is larger than the maximum order size of 10000 for the contract."}
2026-02-08 17:16:56,839 [WARNING] rit_api: POST /orders returned 500: {"code":"INTERNAL_SERVER_ERROR","message":"Order could not be submitted because the order size is larger than the maximum order size of 10000 for the contract."}
2026-02-08 17:18:20,987 [INFO] news_parser: NEWS: Delta limit = 8000
2026-02-08 17:18:20,987 [INFO] news_parser: NEWS: Penalty rate = 3.00%
2026-02-08 17:18:21,541 [INFO] rit_api: MARKET SELL 50 RTM1C50 -> order_id=87
2026-02-08 17:18:21,603 [INFO] rit_api: MARKET SELL 50 RTM1P50 -> order_id=88
2026-02-08 17:18:21,671 [INFO] rit_api: MARKET BUY 5000 RTM -> order_id=89
2026-02-08 17:18:56,600 [WARNING] rit_api: POST /orders returned 500: {"code":"INTERNAL_SERVER_ERROR","message":"Order could not be submitted because the order size is larger than the maximum order size of 10000 for the contract."}
2026-02-08 17:18:57,687 [WARNING] rit_api: POST /orders returned 500: {"code":"INTERNAL_SERVER_ERROR","message":"Order could not be submitted because the order size is larger than the maximum order size of 10000 for the contract."}
2026-02-08 17:18:58,651 [WARNING] rit_api: POST /orders returned 500: {"code":"INTERNAL_SERVER_ERROR","message":"Order could not be submitted because the order size is larger than the maximum order size of 10000 for the contract."}
2026-02-08 17:18:59,613 [WARNING] rit_api: POST /orders returned 500: {"code":"INTERNAL_SERVER_ERROR","message":"Order could not be submitted because the order size is larger than the maximum order size of 10000 for the contract."}
2026-02-08 17:19:00,708 [WARNING] rit_api: POST /orders returned 500: {"code":"INTERNAL_SERVER_ERROR","message":"Order could not be submitted because the order size is larger than the maximum order size of 10000 for the contract."}
2026-02-08 17:19:01,670 [WARNING] rit_api: POST /orders returned 500: {"code":"INTERNAL_SERVER_ERROR","message":"Order could not be submitted because the order size is larger than the maximum order size of 10000 for the contract."}
2026-02-08 17:19:02,633 [WARNING] rit_api: POST /orders returned 500: {"code":"INTERNAL_SERVER_ERROR","message":"Order could not be submitted because the order size is larger than the maximum order size of 10000 for the contract."}
2026-02-08 17:19:03,725 [WARNING] rit_api: POST /orders returned 500: {"code":"INTERNAL_SERVER_ERROR","message":"Order could not be submitted because the order size is larger than the maximum order size of 10000 for the contract."}
2026-02-08 17:19:04,683 [WARNING] rit_api: POST /orders returned 500: {"code":"INTERNAL_SERVER_ERROR","message":"Order could not be submitted because the order size is larger than the maximum order size of 10000 for the contract."}
2026-02-08 17:19:05,643 [WARNING] rit_api: POST /orders returned 500: {"code":"INTERNAL_SERVER_ERROR","message":"Order could not be submitted because the order size is larger than the maximum order size of 10000 for the contract."}
2026-02-08 17:19:06,742 [WARNING] rit_api: POST /orders returned 500: {"code":"INTERNAL_SERVER_ERROR","message":"Order could not be submitted because the order size is larger than the maximum order size of 10000 for the contract."}
2026-02-08 17:19:07,699 [WARNING] rit_api: POST /orders returned 500: {"code":"INTERNAL_SERVER_ERROR","message":"Order could not be submitted because the order size is larger than the maximum order size of 10000 for the contract."}
2026-02-08 17:19:11,753 [WARNING] rit_api: POST /orders returned 500: {"code":"INTERNAL_SERVER_ERROR","message":"Order could not be submitted because the order size is larger than the maximum order size of 10000 for the contract."}
2026-02-08 17:19:13,747 [WARNING] rit_api: POST /orders returned 500: {"code":"INTERNAL_SERVER_ERROR","message":"Order could not be submitted because the order size is larger than the maximum order size of 10000 for the contract."}
2026-02-08 17:19:32,766 [WARNING] rit_api: POST /orders returned 500: {"code":"INTERNAL_SERVER_ERROR","message":"Order could not be submitted because the order size is larger than the maximum order size of 10000 for the contract."}
2026-02-08 17:19:33,789 [INFO] news_parser: NEWS: Forecast vol next week = 28.0% - 33.0% (mid=30.5%)
2026-02-08 17:19:33,856 [WARNING] rit_api: POST /orders returned 500: {"code":"INTERNAL_SERVER_ERROR","message":"Order could not be submitted because the order size is larger than the maximum order size of 10000 for the contract."}
2026-02-08 17:19:34,900 [INFO] rit_api: MARKET BUY 50 RTM1C50 -> order_id=3232
2026-02-08 17:19:34,963 [INFO] rit_api: MARKET BUY 50 RTM1P50 -> order_id=3233
2026-02-08 17:19:35,085 [WARNING] rit_api: POST /orders returned 500: {"code":"INTERNAL_SERVER_ERROR","message":"Order could not be submitted because the order size is larger than the maximum order size of 10000 for the contract."}
2026-02-08 17:20:49,166 [INFO] news_parser: NEWS: Forecast vol next week = 23.0% - 28.0% (mid=25.5%)
2026-02-08 17:20:50,326 [INFO] rit_api: MARKET SELL 50 RTM1C51 -> order_id=6385
2026-02-08 17:20:50,436 [INFO] rit_api: MARKET SELL 50 RTM1P51 -> order_id=6387
2026-02-08 17:20:50,559 [INFO] rit_api: MARKET SELL 5000 RTM -> order_id=6389
2026-02-08 17:20:51,264 [WARNING] rit_api: POST /orders returned 500: {"code":"INTERNAL_SERVER_ERROR","message":"Order could not be submitted because the order size is larger than the maximum order size of 10000 for the contract."}
2026-02-08 17:20:52,369 [WARNING] rit_api: POST /orders returned 500: {"code":"INTERNAL_SERVER_ERROR","message":"Order could not be submitted because the order size is larger than the maximum order size of 10000 for the contract."}
2026-02-08 17:21:21,477 [WARNING] rit_api: POST /orders returned 500: {"code":"INTERNAL_SERVER_ERROR","message":"Order could not be submitted because the order size is larger than the maximum order size of 10000 for the contract."}
2026-02-08 17:21:22,494 [WARNING] rit_api: POST /orders returned 500: {"code":"INTERNAL_SERVER_ERROR","message":"Order could not be submitted because the order size is larger than the maximum order size of 10000 for the contract."}
2026-02-08 17:21:23,516 [WARNING] rit_api: POST /orders returned 500: {"code":"INTERNAL_SERVER_ERROR","message":"Order could not be submitted because the order size is larger than the maximum order size of 10000 for the contract."}
2026-02-08 17:21:24,494 [WARNING] rit_api: POST /orders returned 500: {"code":"INTERNAL_SERVER_ERROR","message":"Order could not be submitted because the order size is larger than the maximum order size of 10000 for the contract."}
2026-02-08 17:21:25,519 [WARNING] rit_api: POST /orders returned 500: {"code":"INTERNAL_SERVER_ERROR","message":"Order could not be submitted because the order size is larger than the maximum order size of 10000 for the contract."}
2026-02-08 17:21:26,545 [WARNING] rit_api: POST /orders returned 500: {"code":"INTERNAL_SERVER_ERROR","message":"Order could not be submitted because the order size is larger than the maximum order size of 10000 for the contract."}
2026-02-08 17:21:27,591 [WARNING] rit_api: POST /orders returned 500: {"code":"INTERNAL_SERVER_ERROR","message":"Order could not be submitted because the order size is larger than the maximum order size of 10000 for the contract."}
2026-02-08 17:21:28,482 [WARNING] rit_api: POST /orders returned 500: {"code":"INTERNAL_SERVER_ERROR","message":"Order could not be submitted because the order size is larger than the maximum order size of 10000 for the contract."}
2026-02-08 17:21:30,495 [WARNING] rit_api: POST /orders returned 500: {"code":"INTERNAL_SERVER_ERROR","message":"Order could not be submitted because the order size is larger than the maximum order size of 10000 for the contract."}
2026-02-08 17:21:31,465 [WARNING] rit_api: POST /orders returned 500: {"code":"INTERNAL_SERVER_ERROR","message":"Order could not be submitted because the order size is larger than the maximum order size of 10000 for the contract."}
2026-02-08 17:21:32,486 [WARNING] rit_api: POST /orders returned 500: {"code":"INTERNAL_SERVER_ERROR","message":"Order could not be submitted because the order size is larger than the maximum order size of 10000 for the contract."}
2026-02-08 17:21:33,458 [WARNING] rit_api: POST /orders returned 500: {"code":"INTERNAL_SERVER_ERROR","message":"Order could not be submitted because the order size is larger than the maximum order size of 10000 for the contract."}
2026-02-08 17:21:34,611 [WARNING] rit_api: POST /orders returned 500: {"code":"INTERNAL_SERVER_ERROR","message":"Order could not be submitted because the order size is larger than the maximum order size of 10000 for the contract."}
2026-02-08 17:21:35,497 [WARNING] rit_api: POST /orders returned 500: {"code":"INTERNAL_SERVER_ERROR","message":"Order could not be submitted because the order size is larger than the maximum order size of 10000 for the contract."}
2026-02-08 17:21:36,464 [WARNING] rit_api: POST /orders returned 500: {"code":"INTERNAL_SERVER_ERROR","message":"Order could not be submitted because the order size is larger than the maximum order size of 10000 for the contract."}
2026-02-08 17:21:37,625 [WARNING] rit_api: POST /orders returned 500: {"code":"INTERNAL_SERVER_ERROR","message":"Order could not be submitted because the order size is larger than the maximum order size of 10000 for the contract."}
2026-02-08 17:21:38,514 [WARNING] rit_api: POST /orders returned 500: {"code":"INTERNAL_SERVER_ERROR","message":"Order could not be submitted because the order size is larger than the maximum order size of 10000 for the contract."}
2026-02-08 17:21:39,481 [WARNING] rit_api: POST /orders returned 500: {"code":"INTERNAL_SERVER_ERROR","message":"Order could not be submitted because the order size is larger than the maximum order size of 10000 for the contract."}
2026-02-08 17:21:40,585 [WARNING] rit_api: POST /orders returned 500: {"code":"INTERNAL_SERVER_ERROR","message":"Order could not be submitted because the order size is larger than the maximum order size of 10000 for the contract."}
2026-02-08 17:21:41,598 [WARNING] rit_api: POST /orders returned 500: {"code":"INTERNAL_SERVER_ERROR","message":"Order could not be submitted because the order size is larger than the maximum order size of 10000 for the contract."}
2026-02-08 17:21:42,651 [WARNING] rit_api: POST /orders returned 500: {"code":"INTERNAL_SERVER_ERROR","message":"Order could not be submitted because the order size is larger than the maximum order size of 10000 for the contract."}
2026-02-08 17:21:43,591 [WARNING] rit_api: POST /orders returned 500: {"code":"INTERNAL_SERVER_ERROR","message":"Order could not be submitted because the order size is larger than the maximum order size of 10000 for the contract."}
2026-02-08 17:21:53,580 [WARNING] rit_api: POST /orders returned 500: {"code":"INTERNAL_SERVER_ERROR","message":"Order could not be submitted because the order size is larger than the maximum order size of 10000 for the contract."}
2026-02-08 17:21:57,700 [WARNING] rit_api: POST /orders returned 500: {"code":"INTERNAL_SERVER_ERROR","message":"Order could not be submitted because the order size is larger than the maximum order size of 10000 for the contract."}
2026-02-08 17:21:58,720 [WARNING] rit_api: POST /orders returned 500: {"code":"INTERNAL_SERVER_ERROR","message":"Order could not be submitted because the order size is larger than the maximum order size of 10000 for the contract."}
2026-02-08 17:21:59,565 [WARNING] rit_api: POST /orders returned 500: {"code":"INTERNAL_SERVER_ERROR","message":"Order could not be submitted because the order size is larger than the maximum order size of 10000 for the contract."}
2026-02-08 17:22:00,710 [WARNING] rit_api: POST /orders returned 500: {"code":"INTERNAL_SERVER_ERROR","message":"Order could not be submitted because the order size is larger than the maximum order size of 10000 for the contract."}
2026-02-08 17:22:01,753 [WARNING] rit_api: POST /orders returned 500: {"code":"INTERNAL_SERVER_ERROR","message":"Order could not be submitted because the order size is larger than the maximum order size of 10000 for the contract."}
2026-02-08 17:22:02,642 [WARNING] rit_api: POST /orders returned 500: {"code":"INTERNAL_SERVER_ERROR","message":"Order could not be submitted because the order size is larger than the maximum order size of 10000 for the contract."}
2026-02-08 17:22:03,608 [WARNING] rit_api: POST /orders returned 500: {"code":"INTERNAL_SERVER_ERROR","message":"Order could not be submitted because the order size is larger than the maximum order size of 10000 for the contract."}
2026-02-08 17:22:04,509 [INFO] news_parser: NEWS: Forecast vol next week = 19.0% - 24.0% (mid=21.5%)
2026-02-08 17:22:04,580 [WARNING] rit_api: POST /orders returned 500: {"code":"INTERNAL_SERVER_ERROR","message":"Order could not be submitted because the order size is larger than the maximum order size of 10000 for the contract."}
2026-02-08 17:22:05,725 [INFO] rit_api: MARKET BUY 100 RTM1C51 -> order_id=9543
2026-02-08 17:22:05,837 [INFO] rit_api: MARKET BUY 100 RTM1P51 -> order_id=9545
2026-02-08 17:22:06,006 [INFO] rit_api: MARKET SELL 50 RTM1C52 -> order_id=9548
2026-02-08 17:22:06,120 [INFO] rit_api: MARKET SELL 50 RTM1P52 -> order_id=9550
2026-02-08 17:22:06,351 [WARNING] rit_api: POST /orders returned 500: {"code":"INTERNAL_SERVER_ERROR","message":"Order could not be submitted because the order size is larger than the maximum order size of 10000 for the contract."}
2026-02-08 17:22:06,676 [WARNING] rit_api: POST /orders returned 500: {"code":"INTERNAL_SERVER_ERROR","message":"Order could not be submitted because the order size is larger than the maximum order size of 10000 for the contract."}
2026-02-08 17:22:48,987 [WARNING] rit_api: POST /orders returned 500: {"code":"INTERNAL_SERVER_ERROR","message":"Order could not be submitted because the order size is larger than the maximum order size of 10000 for the contract."}
2026-02-08 17:22:49,951 [WARNING] rit_api: POST /orders returned 500: {"code":"INTERNAL_SERVER_ERROR","message":"Order could not be submitted because the order size is larger than the maximum order size of 10000 for the contract."}
2026-02-08 17:22:50,914 [WARNING] rit_api: POST /orders returned 500: {"code":"INTERNAL_SERVER_ERROR","message":"Order could not be submitted because the order size is larger than the maximum order size of 10000 for the contract."}
2026-02-08 17:22:52,060 [WARNING] rit_api: POST /orders returned 500: {"code":"INTERNAL_SERVER_ERROR","message":"Order could not be submitted because the order size is larger than the maximum order size of 10000 for the contract."}
2026-02-08 17:22:52,909 [WARNING] rit_api: POST /orders returned 500: {"code":"INTERNAL_SERVER_ERROR","message":"Order could not be submitted because the order size is larger than the maximum order size of 10000 for the contract."}
2026-02-08 17:22:54,054 [WARNING] rit_api: POST /orders returned 500: {"code":"INTERNAL_SERVER_ERROR","message":"Order could not be submitted because the order size is larger than the maximum order size of 10000 for the contract."}
2026-02-08 17:22:55,996 [WARNING] rit_api: POST /orders returned 500: {"code":"INTERNAL_SERVER_ERROR","message":"Order could not be submitted because the order size is larger than the maximum order size of 10000 for the contract."}
2026-02-08 17:22:56,963 [WARNING] rit_api: POST /orders returned 500: {"code":"INTERNAL_SERVER_ERROR","message":"Order could not be submitted because the order size is larger than the maximum order size of 10000 for the contract."}
2026-02-08 17:23:05,996 [WARNING] rit_api: POST /orders returned 500: {"code":"INTERNAL_SERVER_ERROR","message":"Order could not be submitted because the order size is larger than the maximum order size of 10000 for the contract."}
2026-02-08 17:23:06,965 [WARNING] rit_api: POST /orders returned 500: {"code":"INTERNAL_SERVER_ERROR","message":"Order could not be submitted because the order size is larger than the maximum order size of 10000 for the contract."}
2026-02-08 17:23:08,077 [WARNING] rit_api: POST /orders returned 500: {"code":"INTERNAL_SERVER_ERROR","message":"Order could not be submitted because the order size is larger than the maximum order size of 10000 for the contract."}
2026-02-08 17:24:44,450 [INFO] news_parser: NEWS: Delta limit = 14000
2026-02-08 17:24:44,450 [INFO] news_parser: NEWS: Penalty rate = 1.00%
2026-02-08 17:24:45,291 [INFO] rit_api: MARKET BUY 50 RTM1C50 -> order_id=85
2026-02-08 17:24:45,349 [INFO] rit_api: MARKET BUY 50 RTM1P50 -> order_id=87
