2026-02-12 07:27:27,754 [INFO] news_parser: NEWS: Delta limit = 11000
2026-02-12 07:27:27,755 [INFO] news_parser: NEWS: Penalty rate = 2.00%
2026-02-12 07:28:02,079 [INFO] news_parser: NEWS: Forecast vol next week = 17.0% - 22.0% (mid=19.5%) [NOW USING FORECAST]
2026-02-12 07:28:02,085 [INFO] trading_engine: WEEK 1 positioning tick 36
2026-02-12 07:28:03,099 [INFO] optimizer: Gamma cap: reducing max_n from 400 to 181
2026-02-12 07:28:03,100 [INFO] optimizer: ============================================================
2026-02-12 07:28:03,100 [INFO] optimizer: OPTIMIZER RESULT: n*=181 LONG straddles @ strike 50
2026-02-12 07:28:03,100 [INFO] optimizer:   Expected profit: $3140.83
2026-02-12 07:28:03,101 [INFO] optimizer:   Gain/contract: $21.7895 | Pos cost/contract: $4.0200
2026-02-12 07:28:03,101 [INFO] optimizer:   Rebalancing cost: $75.46 | Z=2.00
2026-02-12 07:28:03,101 [INFO] optimizer:   Inputs: S0=49.85 sigma=0.1950 sigma_hat=0.0894 L=11000 Gamma=30.3536
2026-02-12 07:28:03,102 [INFO] optimizer:   Spreads: Bo=0.0400 Bs=0.0200 T=0.019231
2026-02-12 07:28:03,102 [INFO] optimizer: ============================================================
2026-02-12 07:28:03,170 [INFO] rit_api: MARKET BUY 100 RTM1C50 -> order_id=1614
2026-02-12 07:28:03,239 [INFO] rit_api: MARKET BUY 100 RTM1P50 -> order_id=1615
2026-02-12 07:28:03,301 [INFO] rit_api: MARKET BUY 81 RTM1C50 -> order_id=1616
2026-02-12 07:28:03,362 [INFO] rit_api: MARKET BUY 81 RTM1P50 -> order_id=1617
2026-02-12 07:28:03,363 [INFO] trading_engine: STRADDLE BUY 181/181 @ K=50: 4 orders (181C+181P filled)
2026-02-12 07:28:03,363 [INFO] trading_engine: POSITIONED: 181 LONG straddles @ 50 (week 1, expected $3141)
2026-02-12 07:28:41,298 [INFO] news_parser: NEWS: Current realized vol = 20.0% (history: ['20%']) [NOW USING REALIZED]
2026-02-12 07:28:41,302 [INFO] trading_engine: WEEK 2 positioning tick 75
2026-02-12 07:28:41,302 [INFO] optimizer: Gamma cap: reducing max_n from 400 to 172
2026-02-12 07:28:41,303 [INFO] optimizer: ============================================================
2026-02-12 07:28:41,304 [INFO] optimizer: OPTIMIZER RESULT: n*=172 LONG straddles @ strike 50
2026-02-12 07:28:41,304 [INFO] optimizer:   Expected profit: $3211.61
2026-02-12 07:28:41,304 [INFO] optimizer:   Gain/contract: $23.1501 | Pos cost/contract: $4.0200
2026-02-12 07:28:41,304 [INFO] optimizer:   Rebalancing cost: $78.77 | Z=2.01
2026-02-12 07:28:41,304 [INFO] optimizer:   Inputs: S0=50.04 sigma=0.2000 sigma_hat=0.0992 L=11000 Gamma=31.8631
2026-02-12 07:28:41,304 [INFO] optimizer:   Spreads: Bo=0.0400 Bs=0.0200 T=0.019231
2026-02-12 07:28:41,304 [INFO] optimizer: ============================================================
2026-02-12 07:28:41,304 [INFO] trading_engine: HOLD THROUGH week 2: same direction=LONG strike=50 (saved $1448 in repositioning costs)
2026-02-12 07:28:43,403 [INFO] rit_api: MARKET SELL 10000 RTM -> order_id=3447
2026-02-12 07:28:43,461 [INFO] rit_api: MARKET SELL 10000 RTM -> order_id=3448
2026-02-12 07:28:43,571 [INFO] rit_api: MARKET SELL 2272 RTM -> order_id=3449
2026-02-12 07:28:43,571 [INFO] trading_engine: HEDGE SELL 22272 RTM (3 orders) | delta 22272 -> ~0 | limit 11000 (202%)
2026-02-12 07:28:44,285 [WARNING] trading_engine: EMERGENCY hedge bypass: delta=-11371 limit=11000
2026-02-12 07:28:44,456 [INFO] rit_api: MARKET BUY 10000 RTM -> order_id=3497
2026-02-12 07:28:44,577 [INFO] rit_api: MARKET BUY 1371 RTM -> order_id=3500
2026-02-12 07:28:44,577 [INFO] trading_engine: HEDGE BUY 11371 RTM (2 orders) | delta -11371 -> ~0 | limit 11000 (103%)
2026-02-12 07:28:59,574 [INFO] rit_api: MARKET SELL 10000 RTM -> order_id=4205
2026-02-12 07:28:59,631 [INFO] rit_api: MARKET SELL 3759 RTM -> order_id=4206
2026-02-12 07:28:59,632 [INFO] trading_engine: HEDGE SELL 13759 RTM (2 orders) | delta 13759 -> ~0 | limit 11000 (125%)
2026-02-12 07:29:18,500 [INFO] news_parser: NEWS: Forecast vol next week = 23.0% - 28.0% (mid=25.5%) [NOW USING FORECAST]
2026-02-12 07:29:30,749 [INFO] rit_api: MARKET BUY 10000 RTM -> order_id=5648
2026-02-12 07:29:30,859 [INFO] rit_api: MARKET BUY 1273 RTM -> order_id=5651
2026-02-12 07:29:30,859 [INFO] trading_engine: HEDGE BUY 11273 RTM (2 orders) | delta -11273 -> ~0 | limit 11000 (102%)
2026-02-12 07:29:36,712 [INFO] rit_api: MARKET SELL 10000 RTM -> order_id=5913
2026-02-12 07:29:36,770 [INFO] rit_api: MARKET SELL 709 RTM -> order_id=5914
2026-02-12 07:29:36,770 [INFO] trading_engine: HEDGE SELL 10709 RTM (2 orders) | delta 10709 -> ~0 | limit 11000 (97%)
2026-02-12 07:29:37,594 [WARNING] trading_engine: EMERGENCY hedge bypass: delta=-10673 limit=11000
2026-02-12 07:29:37,762 [INFO] rit_api: MARKET BUY 10000 RTM -> order_id=5961
2026-02-12 07:29:37,880 [INFO] rit_api: MARKET BUY 673 RTM -> order_id=5963
2026-02-12 07:29:37,880 [INFO] trading_engine: HEDGE BUY 10673 RTM (2 orders) | delta -10673 -> ~0 | limit 11000 (97%)
2026-02-12 07:29:56,667 [INFO] news_parser: NEWS: Current realized vol = 25.0% (history: ['20%', '25%']) [NOW USING REALIZED]
2026-02-12 07:29:56,678 [INFO] trading_engine: WEEK 3 positioning tick 150
2026-02-12 07:29:56,678 [INFO] optimizer: Gamma cap: reducing max_n from 400 to 176
2026-02-12 07:29:56,679 [INFO] optimizer: ============================================================
2026-02-12 07:29:56,680 [INFO] optimizer: OPTIMIZER RESULT: n*=176 LONG straddles @ strike 50
2026-02-12 07:29:56,680 [INFO] optimizer:   Expected profit: $2209.21
2026-02-12 07:29:56,680 [INFO] optimizer:   Gain/contract: $17.3053 | Pos cost/contract: $4.0200
2026-02-12 07:29:56,680 [INFO] optimizer:   Rebalancing cost: $129.00 | Z=2.00
2026-02-12 07:29:56,680 [INFO] optimizer:   Inputs: S0=49.56 sigma=0.2500 sigma_hat=0.1976 L=11000 Gamma=31.2060
2026-02-12 07:29:56,680 [INFO] optimizer:   Spreads: Bo=0.0400 Bs=0.0200 T=0.019231
2026-02-12 07:29:56,680 [INFO] optimizer: ============================================================
2026-02-12 07:29:56,680 [INFO] trading_engine: HOLD THROUGH week 3: same direction=LONG strike=50 (saved $1448 in repositioning costs)
2026-02-12 07:30:02,867 [INFO] rit_api: MARKET SELL 10000 RTM -> order_id=7141
2026-02-12 07:30:02,972 [INFO] rit_api: MARKET SELL 2446 RTM -> order_id=7143
2026-02-12 07:30:02,972 [INFO] trading_engine: HEDGE SELL 12446 RTM (2 orders) | delta 12446 -> ~0 | limit 11000 (113%)
2026-02-12 07:30:06,982 [INFO] rit_api: MARKET BUY 10000 RTM -> order_id=7321
2026-02-12 07:30:07,039 [INFO] rit_api: MARKET BUY 2670 RTM -> order_id=7322
2026-02-12 07:30:07,039 [INFO] trading_engine: HEDGE BUY 12670 RTM (2 orders) | delta -12670 -> ~0 | limit 11000 (115%)
2026-02-12 07:30:07,730 [WARNING] trading_engine: EMERGENCY hedge bypass: delta=15300 limit=11000
2026-02-12 07:30:07,846 [INFO] rit_api: MARKET SELL 10000 RTM -> order_id=7366
2026-02-12 07:30:07,901 [INFO] rit_api: MARKET SELL 5300 RTM -> order_id=7367
2026-02-12 07:30:07,901 [INFO] trading_engine: HEDGE SELL 15300 RTM (2 orders) | delta 15300 -> ~0 | limit 11000 (139%)
2026-02-12 07:30:08,717 [WARNING] trading_engine: EMERGENCY hedge bypass: delta=-11023 limit=11000
2026-02-12 07:30:08,836 [INFO] rit_api: MARKET BUY 10000 RTM -> order_id=7415
2026-02-12 07:30:08,950 [INFO] rit_api: MARKET BUY 1023 RTM -> order_id=7416
2026-02-12 07:30:08,950 [INFO] trading_engine: HEDGE BUY 11023 RTM (2 orders) | delta -11023 -> ~0 | limit 11000 (100%)
2026-02-12 07:30:13,998 [INFO] rit_api: MARKET SELL 10000 RTM -> order_id=7642
2026-02-12 07:30:14,054 [INFO] rit_api: MARKET SELL 6798 RTM -> order_id=7643
2026-02-12 07:30:14,054 [INFO] trading_engine: HEDGE SELL 16798 RTM (2 orders) | delta 16798 -> ~0 | limit 11000 (153%)
2026-02-12 07:30:15,744 [WARNING] trading_engine: EMERGENCY hedge bypass: delta=-10631 limit=11000
2026-02-12 07:30:15,855 [INFO] rit_api: MARKET BUY 10000 RTM -> order_id=7731
2026-02-12 07:30:15,912 [INFO] rit_api: MARKET BUY 631 RTM -> order_id=7732
2026-02-12 07:30:15,912 [INFO] trading_engine: HEDGE BUY 10631 RTM (2 orders) | delta -10631 -> ~0 | limit 11000 (97%)
2026-02-12 07:30:16,749 [WARNING] trading_engine: EMERGENCY hedge bypass: delta=14440 limit=11000
2026-02-12 07:30:16,922 [INFO] rit_api: MARKET SELL 10000 RTM -> order_id=7777
2026-02-12 07:30:17,026 [INFO] rit_api: MARKET SELL 4440 RTM -> order_id=7779
2026-02-12 07:30:17,027 [INFO] trading_engine: HEDGE SELL 14440 RTM (2 orders) | delta 14440 -> ~0 | limit 11000 (131%)
2026-02-12 07:30:17,789 [WARNING] trading_engine: EMERGENCY hedge bypass: delta=-10771 limit=11000
2026-02-12 07:30:18,000 [INFO] rit_api: MARKET BUY 10000 RTM -> order_id=7825
2026-02-12 07:30:18,062 [INFO] rit_api: MARKET BUY 771 RTM -> order_id=7826
2026-02-12 07:30:18,062 [INFO] trading_engine: HEDGE BUY 10771 RTM (2 orders) | delta -10771 -> ~0 | limit 11000 (98%)
2026-02-12 07:30:18,876 [WARNING] trading_engine: EMERGENCY hedge bypass: delta=15512 limit=11000
2026-02-12 07:30:18,991 [INFO] rit_api: MARKET SELL 10000 RTM -> order_id=7871
2026-02-12 07:30:19,068 [WARNING] rit_api: POST /orders returned 500: {"code":"INTERNAL_SERVER_ERROR","message":"Order request cannot be submitted because it will exceed net trading limits in the risk category Limit-ETF."}
2026-02-12 07:30:19,068 [INFO] trading_engine: HEDGE SELL 10000 RTM (1 orders) | delta 15512 -> ~0 | limit 11000 (141%)
2026-02-12 07:30:33,803 [INFO] news_parser: NEWS: Forecast vol next week = 32.0% - 37.0% (mid=34.5%) [NOW USING FORECAST]
2026-02-12 07:30:49,033 [INFO] rit_api: MARKET BUY 10000 RTM -> order_id=9215
2026-02-12 07:30:49,090 [INFO] rit_api: MARKET BUY 2808 RTM -> order_id=9216
2026-02-12 07:30:49,090 [INFO] trading_engine: HEDGE BUY 12808 RTM (2 orders) | delta -12808 -> ~0 | limit 11000 (116%)
2026-02-12 07:30:49,910 [WARNING] trading_engine: EMERGENCY hedge bypass: delta=12765 limit=11000
2026-02-12 07:30:50,074 [INFO] rit_api: MARKET SELL 10000 RTM -> order_id=9260
2026-02-12 07:30:50,179 [INFO] rit_api: MARKET SELL 2765 RTM -> order_id=9262
2026-02-12 07:30:50,179 [INFO] trading_engine: HEDGE SELL 12765 RTM (2 orders) | delta 12765 -> ~0 | limit 11000 (116%)
2026-02-12 07:31:12,079 [INFO] news_parser: NEWS: Current realized vol = 33.0% (history: ['20%', '25%', '33%']) [NOW USING REALIZED]
2026-02-12 07:31:12,136 [INFO] trading_engine: WEEK 4 positioning tick 225
2026-02-12 07:31:12,136 [INFO] optimizer: Gamma cap: reducing max_n from 400 to 170
2026-02-12 07:31:12,137 [INFO] optimizer: ============================================================
2026-02-12 07:31:12,137 [INFO] optimizer: OPTIMIZER RESULT: n*=170 LONG straddles @ strike 52
2026-02-12 07:31:12,137 [INFO] optimizer:   Expected profit: $5058.69
2026-02-12 07:31:12,137 [INFO] optimizer:   Gain/contract: $35.1369 | Pos cost/contract: $4.0200
2026-02-12 07:31:12,137 [INFO] optimizer:   Rebalancing cost: $231.18 | Z=2.01
2026-02-12 07:31:12,137 [INFO] optimizer:   Inputs: S0=52.01 sigma=0.3300 sigma_hat=0.2588 L=11000 Gamma=32.1952
2026-02-12 07:31:12,137 [INFO] optimizer:   Spreads: Bo=0.0400 Bs=0.0200 T=0.019231
2026-02-12 07:31:12,137 [INFO] optimizer: ============================================================
2026-02-12 07:31:12,137 [INFO] trading_engine: REPOSITIONING: dir 1->1, strike 50->52
2026-02-12 07:31:12,244 [INFO] trading_engine: CLOSE: cancel phase - waiting for cancels to settle
2026-02-12 07:31:18,252 [INFO] rit_api: MARKET BUY 10000 RTM -> order_id=10554
2026-02-12 07:31:18,310 [INFO] rit_api: MARKET BUY 10000 RTM -> order_id=10555
2026-02-12 07:31:18,370 [INFO] rit_api: MARKET BUY 7585 RTM -> order_id=10556
2026-02-12 07:31:19,194 [INFO] rit_api: MARKET SELL 10000 RTM -> order_id=10602
2026-02-12 07:31:20,202 [INFO] rit_api: MARKET BUY 10000 RTM -> order_id=10647
2026-02-12 07:31:21,300 [INFO] rit_api: MARKET SELL 10000 RTM -> order_id=10694
2026-02-12 07:31:22,201 [INFO] rit_api: MARKET BUY 10000 RTM -> order_id=10738
2026-02-12 07:31:23,200 [INFO] rit_api: MARKET SELL 10000 RTM -> order_id=10784
2026-02-12 07:31:23,200 [WARNING] trading_engine: Could not fully flatten after 10 ticks, moving on
2026-02-12 07:31:24,105 [INFO] optimizer: Gamma cap: reducing max_n from 400 to 162
2026-02-12 07:31:24,106 [INFO] optimizer: ============================================================
2026-02-12 07:31:24,106 [INFO] optimizer: OPTIMIZER RESULT: n*=162 SHORT straddles @ strike 52
2026-02-12 07:31:24,106 [INFO] optimizer:   Expected profit: $4269.23
2026-02-12 07:31:24,106 [INFO] optimizer:   Gain/contract: $31.9067 | Pos cost/contract: $4.0200
2026-02-12 07:31:24,106 [INFO] optimizer:   Rebalancing cost: $248.41 | Z=2.00
2026-02-12 07:31:24,106 [INFO] optimizer:   Inputs: S0=52.48 sigma=0.3300 sigma_hat=0.3800 L=11000 Gamma=33.8996
2026-02-12 07:31:24,106 [INFO] optimizer:   Spreads: Bo=0.0400 Bs=0.0200 T=0.019231
2026-02-12 07:31:24,106 [INFO] optimizer: ============================================================
2026-02-12 07:31:24,161 [INFO] rit_api: MARKET SELL 100 RTM1C52 -> order_id=10830
2026-02-12 07:31:24,218 [INFO] rit_api: MARKET SELL 100 RTM1P52 -> order_id=10831
2026-02-12 07:31:24,274 [INFO] rit_api: MARKET SELL 62 RTM1C52 -> order_id=10832
2026-02-12 07:31:24,330 [INFO] rit_api: MARKET SELL 62 RTM1P52 -> order_id=10833
2026-02-12 07:31:24,330 [INFO] trading_engine: STRADDLE SELL 162/162 @ K=52: 4 orders (162C+162P filled)
2026-02-12 07:31:24,330 [INFO] trading_engine: POSITIONED: 162 SHORT straddles @ 52 (week 4, expected $4269)
2026-02-12 07:31:25,211 [INFO] rit_api: MARKET BUY 10000 RTM -> order_id=10877
2026-02-12 07:31:25,271 [INFO] rit_api: MARKET BUY 2382 RTM -> order_id=10878
2026-02-12 07:31:25,271 [INFO] trading_engine: HEDGE BUY 12382 RTM (2 orders) | delta -12382 -> ~0 | limit 11000 (113%)
2026-02-12 07:31:57,299 [INFO] trading_engine: ENTERING UNWIND at tick 270
2026-02-12 07:31:57,418 [INFO] rit_api: MARKET BUY 100 RTM1C52 -> order_id=12283
2026-02-12 07:31:57,473 [INFO] rit_api: MARKET BUY 62 RTM1C52 -> order_id=12284
2026-02-12 07:31:57,529 [INFO] rit_api: MARKET BUY 100 RTM1P52 -> order_id=12285
2026-02-12 07:31:57,584 [INFO] rit_api: MARKET BUY 62 RTM1P52 -> order_id=12286
2026-02-12 07:31:57,642 [INFO] rit_api: MARKET SELL 2382 RTM -> order_id=12287
2026-02-12 07:32:27,509 [WARNING] rit_api: POST /commands/cancel returned 401: {"code":"UNAUTHORIZED","message":"Simulation must be running."}
2026-02-12 07:34:25,397 [INFO] news_parser: NEWS: Delta limit = 11000
2026-02-12 07:34:25,397 [INFO] news_parser: NEWS: Penalty rate = 3.00%
2026-02-12 07:34:52,902 [INFO] news_parser: NEWS: Forecast vol next week = 32.0% - 37.0% (mid=34.5%) [NOW USING FORECAST]
2026-02-12 07:34:52,909 [INFO] trading_engine: WEEK 1 positioning tick 36
2026-02-12 07:34:53,893 [INFO] optimizer: Gamma cap: reducing max_n from 400 to 328
2026-02-12 07:34:53,895 [INFO] optimizer: ============================================================
2026-02-12 07:34:53,895 [INFO] optimizer: OPTIMIZER RESULT: n*=328 LONG straddles @ strike 50
2026-02-12 07:34:53,895 [INFO] optimizer:   Expected profit: $11574.26
2026-02-12 07:34:53,895 [INFO] optimizer:   Gain/contract: $40.0773 | Pos cost/contract: $4.0200
2026-02-12 07:34:53,895 [INFO] optimizer:   Rebalancing cost: $252.52 | Z=2.00
2026-02-12 07:34:53,895 [INFO] optimizer:   Inputs: S0=50.50 sigma=0.3450 sigma_hat=0.1468 L=11000 Gamma=16.7455
2026-02-12 07:34:53,897 [INFO] optimizer:   Spreads: Bo=0.0400 Bs=0.0200 T=0.019231
2026-02-12 07:34:53,897 [INFO] optimizer: ============================================================
2026-02-12 07:34:53,962 [INFO] rit_api: MARKET BUY 100 RTM1C50 -> order_id=1653
2026-02-12 07:34:54,019 [INFO] rit_api: MARKET BUY 100 RTM1P50 -> order_id=1654
2026-02-12 07:34:54,075 [INFO] rit_api: MARKET BUY 100 RTM1C50 -> order_id=1655
2026-02-12 07:34:54,133 [INFO] rit_api: MARKET BUY 100 RTM1P50 -> order_id=1656
2026-02-12 07:34:54,188 [INFO] rit_api: MARKET BUY 100 RTM1C50 -> order_id=1657
2026-02-12 07:34:54,244 [INFO] rit_api: MARKET BUY 100 RTM1P50 -> order_id=1658
2026-02-12 07:34:54,300 [INFO] rit_api: MARKET BUY 28 RTM1C50 -> order_id=1659
2026-02-12 07:34:54,357 [INFO] rit_api: MARKET BUY 28 RTM1P50 -> order_id=1660
2026-02-12 07:34:54,357 [INFO] trading_engine: STRADDLE BUY 328/328 @ K=50: 8 orders (328C+328P filled)
2026-02-12 07:34:54,358 [INFO] trading_engine: POSITIONED: 328 LONG straddles @ 50 (week 1, expected $11574)
