2026-02-07 22:13:58,577 [WARNING] rit_api: GET /case returned 401
2026-02-07 22:13:59,079 [WARNING] rit_api: GET /case returned 401
2026-02-07 22:13:59,583 [WARNING] rit_api: GET /case returned 401
2026-02-07 22:14:00,086 [WARNING] rit_api: GET /case returned 401
2026-02-07 22:14:00,589 [WARNING] rit_api: GET /case returned 401
2026-02-07 22:14:01,092 [WARNING] rit_api: GET /case returned 401
2026-02-07 22:14:01,595 [WARNING] rit_api: GET /case returned 401
2026-02-07 22:14:02,098 [WARNING] rit_api: GET /case returned 401
2026-02-07 22:14:02,601 [WARNING] rit_api: GET /case returned 401
2026-02-07 22:14:03,104 [WARNING] rit_api: GET /case returned 401
2026-02-07 22:14:03,607 [WARNING] rit_api: GET /case returned 401
2026-02-07 22:14:04,111 [WARNING] rit_api: GET /case returned 401
2026-02-07 22:14:04,614 [WARNING] rit_api: GET /case returned 401
2026-02-07 22:14:05,118 [WARNING] rit_api: GET /case returned 401
2026-02-07 22:14:05,619 [WARNING] rit_api: GET /case returned 401
2026-02-07 22:14:06,121 [WARNING] rit_api: GET /case returned 401
2026-02-07 22:14:06,625 [WARNING] rit_api: GET /case returned 401
2026-02-07 22:14:07,130 [WARNING] rit_api: GET /case returned 401
2026-02-07 22:14:07,632 [WARNING] rit_api: GET /case returned 401
2026-02-07 22:14:08,136 [WARNING] rit_api: GET /case returned 401
2026-02-07 22:14:08,640 [WARNING] rit_api: GET /case returned 401
2026-02-07 22:14:09,143 [WARNING] rit_api: GET /case returned 401
2026-02-07 22:14:09,645 [WARNING] rit_api: GET /case returned 401
2026-02-07 22:14:10,149 [WARNING] rit_api: GET /case returned 401
2026-02-07 22:14:10,789 [INFO] news_parser: NEWS: Forecast vol next week = 15.0% - 20.0%
2026-02-07 22:14:10,927 [INFO] rit_api: MARKET SELL 86 RTM1C48 -> order_id=9792
2026-02-07 22:14:10,986 [INFO] rit_api: MARKET SELL 86 RTM1P48 -> order_id=9793
2026-02-07 22:14:11,045 [INFO] rit_api: MARKET SELL 82 RTM1C47 -> order_id=9794
2026-02-07 22:14:11,109 [INFO] rit_api: MARKET SELL 82 RTM1P47 -> order_id=9795
2026-02-07 22:14:11,166 [INFO] rit_api: MARKET SELL 46 RTM1C49 -> order_id=9796
2026-02-07 22:14:11,248 [INFO] rit_api: MARKET SELL 46 RTM1P49 -> order_id=9797
2026-02-07 22:14:11,306 [INFO] rit_api: MARKET SELL 39 RTM1C46 -> order_id=9798
2026-02-07 22:14:11,376 [INFO] rit_api: MARKET SELL 39 RTM1P46 -> order_id=9841
2026-02-07 22:14:11,451 [INFO] rit_api: MARKET SELL 13 RTM1P50 -> order_id=9842
2026-02-07 22:14:11,514 [INFO] rit_api: MARKET SELL 8 RTM1C45 -> order_id=9845
2026-02-07 22:14:11,570 [INFO] rit_api: MARKET SELL 1665 RTM -> order_id=9846
2026-02-07 22:14:11,827 [INFO] news_parser: NEWS: Current realized vol = 19.0%
2026-02-07 22:14:11,945 [INFO] rit_api: MARKET BUY 41 RTM1C48 -> order_id=9847
2026-02-07 22:14:12,004 [INFO] rit_api: MARKET BUY 41 RTM1P48 -> order_id=9848
2026-02-07 22:14:12,060 [INFO] rit_api: MARKET BUY 37 RTM1C47 -> order_id=9849
2026-02-07 22:14:12,116 [INFO] rit_api: MARKET BUY 37 RTM1P47 -> order_id=9850
2026-02-07 22:14:12,176 [INFO] rit_api: MARKET BUY 20 RTM1C49 -> order_id=9851
2026-02-07 22:14:12,232 [INFO] rit_api: MARKET BUY 20 RTM1P49 -> order_id=9852
2026-02-07 22:14:12,288 [INFO] rit_api: MARKET BUY 15 RTM1C46 -> order_id=9853
2026-02-07 22:14:12,379 [INFO] rit_api: MARKET BUY 15 RTM1P46 -> order_id=9896
2026-02-07 22:14:12,442 [INFO] rit_api: MARKET BUY 5 RTM1P50 -> order_id=9897
2026-02-07 22:14:12,508 [INFO] rit_api: MARKET BUY 2 RTM1C45 -> order_id=9898
2026-02-07 22:14:12,583 [INFO] rit_api: MARKET BUY 1285 RTM -> order_id=9899
2026-02-07 22:14:12,951 [INFO] rit_api: MARKET SELL 93 RTM1C47 -> order_id=9925
2026-02-07 22:14:13,011 [INFO] rit_api: MARKET SELL 93 RTM1P47 -> order_id=9926
2026-02-07 22:14:13,136 [INFO] rit_api: MARKET SELL 90 RTM1C48 -> order_id=9928
2026-02-07 22:14:13,190 [INFO] rit_api: MARKET SELL 90 RTM1P48 -> order_id=9929
2026-02-07 22:14:13,268 [INFO] rit_api: MARKET SELL 52 RTM1C46 -> order_id=9930
2026-02-07 22:14:13,336 [INFO] rit_api: MARKET SELL 52 RTM1P46 -> order_id=9931
2026-02-07 22:14:13,394 [INFO] rit_api: MARKET SELL 48 RTM1C49 -> order_id=9974
2026-02-07 22:14:13,480 [INFO] rit_api: MARKET SELL 48 RTM1P49 -> order_id=9975
2026-02-07 22:14:13,547 [INFO] rit_api: MARKET SELL 23 RTM1C50 -> order_id=9976
2026-02-07 22:14:13,616 [INFO] rit_api: MARKET SELL 21 RTM1P45 -> order_id=9977
2026-02-07 22:14:13,999 [INFO] rit_api: MARKET SELL 16 RTM1P50 -> order_id=9982
2026-02-07 22:14:14,067 [INFO] rit_api: MARKET SELL 14 RTM1C45 -> order_id=9983
2026-02-07 22:14:14,145 [INFO] rit_api: MARKET SELL 4 RTM1P51 -> order_id=9984
2026-02-07 22:14:14,222 [INFO] rit_api: MARKET BUY 2 RTM1C46 -> order_id=9985
2026-02-07 22:14:14,305 [INFO] rit_api: MARKET BUY 2 RTM1P46 -> order_id=9986
2026-02-07 22:14:14,399 [INFO] rit_api: MARKET SELL 2 RTM1C48 -> order_id=10029
2026-02-07 22:14:14,473 [INFO] rit_api: MARKET SELL 2 RTM1P48 -> order_id=10030
2026-02-07 22:14:14,530 [INFO] rit_api: MARKET BUY 1 RTM1P45 -> order_id=10031
2026-02-07 22:14:14,588 [INFO] rit_api: MARKET BUY 1 RTM1C47 -> order_id=10032
2026-02-07 22:14:14,651 [INFO] rit_api: MARKET BUY 1 RTM1P47 -> order_id=10033
2026-02-07 22:14:14,712 [INFO] rit_api: MARKET SELL 1082 RTM -> order_id=10034
2026-02-07 22:14:15,091 [INFO] rit_api: MARKET SELL 3 RTM1C47 -> order_id=10035
2026-02-07 22:14:15,147 [INFO] rit_api: MARKET SELL 3 RTM1P47 -> order_id=10036
2026-02-07 22:14:15,204 [INFO] rit_api: MARKET SELL 2 RTM1C46 -> order_id=10037
2026-02-07 22:14:15,358 [INFO] rit_api: MARKET SELL 2 RTM1P46 -> order_id=10038
2026-02-07 22:14:15,431 [INFO] rit_api: MARKET BUY 2 RTM1P50 -> order_id=10081
2026-02-07 22:14:15,553 [INFO] rit_api: MARKET SELL 1 RTM1C45 -> order_id=10082
2026-02-07 22:14:15,634 [INFO] rit_api: MARKET SELL 1 RTM1P45 -> order_id=10084
2026-02-07 22:14:15,709 [INFO] rit_api: MARKET BUY 1 RTM1C48 -> order_id=10085
2026-02-07 22:14:15,765 [INFO] rit_api: MARKET BUY 1 RTM1P48 -> order_id=10086
2026-02-07 22:14:15,916 [INFO] rit_api: MARKET BUY 1 RTM1C49 -> order_id=10087
2026-02-07 22:14:16,342 [INFO] rit_api: MARKET BUY 4 RTM1P49 -> order_id=10088
2026-02-07 22:14:16,481 [INFO] rit_api: MARKET SELL 3 RTM1C46 -> order_id=10131
2026-02-07 22:14:16,557 [INFO] rit_api: MARKET SELL 3 RTM1P46 -> order_id=10132
2026-02-07 22:14:16,616 [INFO] rit_api: MARKET SELL 3 RTM1C47 -> order_id=10133
2026-02-07 22:14:16,776 [INFO] rit_api: MARKET SELL 3 RTM1P47 -> order_id=10134
2026-02-07 22:14:16,834 [INFO] rit_api: MARKET BUY 3 RTM1C49 -> order_id=10135
2026-02-07 22:14:16,894 [INFO] rit_api: MARKET BUY 3 RTM1C50 -> order_id=10136
2026-02-07 22:14:17,049 [INFO] rit_api: MARKET BUY 2 RTM1P50 -> order_id=10137
2026-02-07 22:14:17,108 [INFO] rit_api: MARKET SELL 1 RTM1C45 -> order_id=10138
2026-02-07 22:14:17,279 [INFO] rit_api: MARKET SELL 1 RTM1P45 -> order_id=10139
2026-02-07 22:14:17,809 [INFO] rit_api: MARKET BUY 25 RTM1C47 -> order_id=10183
2026-02-07 22:14:17,874 [INFO] rit_api: MARKET BUY 25 RTM1P47 -> order_id=10184
2026-02-07 22:14:17,929 [INFO] rit_api: MARKET BUY 18 RTM1C46 -> order_id=10185
2026-02-07 22:14:18,057 [INFO] rit_api: MARKET BUY 18 RTM1P46 -> order_id=10186
2026-02-07 22:14:18,110 [INFO] rit_api: MARKET BUY 18 RTM1C48 -> order_id=10187
2026-02-07 22:14:18,172 [INFO] rit_api: MARKET BUY 18 RTM1P48 -> order_id=10188
2026-02-07 22:14:18,322 [INFO] rit_api: MARKET BUY 7 RTM1C45 -> order_id=10189
2026-02-07 22:14:18,377 [INFO] rit_api: MARKET BUY 7 RTM1P45 -> order_id=10190
2026-02-07 22:14:18,435 [INFO] rit_api: MARKET BUY 7 RTM1C49 -> order_id=10233
2026-02-07 22:14:18,588 [INFO] rit_api: MARKET BUY 7 RTM1P49 -> order_id=10234
2026-02-07 22:14:18,682 [INFO] rit_api: MARKET SELL 1483 RTM -> order_id=10235
2026-02-07 22:14:19,173 [INFO] rit_api: MARKET SELL 17 RTM1C47 -> order_id=10237
2026-02-07 22:14:19,234 [INFO] rit_api: MARKET SELL 17 RTM1P47 -> order_id=10238
2026-02-07 22:14:19,381 [INFO] rit_api: MARKET SELL 11 RTM1C46 -> order_id=10239
2026-02-07 22:14:19,440 [INFO] rit_api: MARKET SELL 11 RTM1P46 -> order_id=10282
2026-02-07 22:14:19,512 [INFO] rit_api: MARKET SELL 10 RTM1C48 -> order_id=10283
2026-02-07 22:14:19,650 [INFO] rit_api: MARKET SELL 10 RTM1P48 -> order_id=10284
2026-02-07 22:14:19,708 [INFO] rit_api: MARKET SELL 4 RTM1C45 -> order_id=10286
2026-02-07 22:14:19,766 [INFO] rit_api: MARKET SELL 4 RTM1P45 -> order_id=10287
2026-02-07 22:14:19,927 [INFO] rit_api: MARKET BUY 2 RTM1C50 -> order_id=10288
2026-02-07 22:14:19,998 [INFO] rit_api: MARKET BUY 2 RTM1P50 -> order_id=10289
2026-02-07 22:14:20,498 [INFO] rit_api: MARKET BUY 10 RTM1C48 -> order_id=10332
2026-02-07 22:14:20,569 [INFO] rit_api: MARKET BUY 10 RTM1P48 -> order_id=10333
2026-02-07 22:14:20,711 [INFO] rit_api: MARKET BUY 8 RTM1C49 -> order_id=10334
2026-02-07 22:14:20,772 [INFO] rit_api: MARKET BUY 8 RTM1P49 -> order_id=10336
2026-02-07 22:14:20,846 [INFO] rit_api: MARKET SELL 5 RTM1C46 -> order_id=10337
2026-02-07 22:14:20,976 [INFO] rit_api: MARKET SELL 5 RTM1P46 -> order_id=10338
2026-02-07 22:14:21,044 [INFO] rit_api: MARKET BUY 4 RTM1C50 -> order_id=10339
2026-02-07 22:14:21,105 [INFO] rit_api: MARKET BUY 4 RTM1P50 -> order_id=10340
2026-02-07 22:14:21,238 [INFO] rit_api: MARKET SELL 2 RTM1C45 -> order_id=10341
2026-02-07 22:14:21,294 [INFO] rit_api: MARKET SELL 2 RTM1P45 -> order_id=10342
2026-02-07 22:14:21,378 [INFO] rit_api: MARKET BUY 4568 RTM -> order_id=10343
2026-02-07 22:14:23,021 [INFO] rit_api: MARKET BUY 35 RTM1C47 -> order_id=10430
2026-02-07 22:14:23,093 [INFO] rit_api: MARKET BUY 35 RTM1P47 -> order_id=10431
2026-02-07 22:14:23,185 [INFO] rit_api: MARKET BUY 33 RTM1C46 -> order_id=10432
2026-02-07 22:14:23,312 [INFO] rit_api: MARKET BUY 33 RTM1P46 -> order_id=10433
2026-02-07 22:14:23,397 [INFO] rit_api: MARKET BUY 12 RTM1C45 -> order_id=10434
2026-02-07 22:14:23,486 [INFO] rit_api: MARKET SELL 11 RTM1C49 -> order_id=10477
2026-02-07 22:14:23,569 [INFO] rit_api: MARKET SELL 11 RTM1P49 -> order_id=10479
2026-02-07 22:14:23,654 [INFO] rit_api: MARKET SELL 7 RTM1P50 -> order_id=10483
2026-02-07 22:14:23,743 [INFO] rit_api: MARKET BUY 6 RTM1C48 -> order_id=10486
2026-02-07 22:14:23,827 [INFO] rit_api: MARKET BUY 6 RTM1P48 -> order_id=10489
2026-02-07 22:14:23,914 [INFO] rit_api: MARKET BUY 2295 RTM -> order_id=10490
2026-02-07 22:14:24,359 [INFO] rit_api: MARKET BUY 30 RTM1C47 -> order_id=10491
2026-02-07 22:14:24,459 [INFO] rit_api: MARKET BUY 30 RTM1P47 -> order_id=10534
2026-02-07 22:14:24,531 [INFO] rit_api: MARKET BUY 20 RTM1C46 -> order_id=10536
2026-02-07 22:14:24,590 [INFO] rit_api: MARKET BUY 20 RTM1P46 -> order_id=10538
2026-02-07 22:14:24,647 [INFO] rit_api: MARKET BUY 14 RTM1C48 -> order_id=10539
2026-02-07 22:14:24,704 [INFO] rit_api: MARKET BUY 14 RTM1P48 -> order_id=10542
2026-02-07 22:14:24,786 [INFO] rit_api: MARKET SELL 11 RTM1C50 -> order_id=10543
2026-02-07 22:14:24,841 [INFO] rit_api: MARKET BUY 6 RTM1C45 -> order_id=10544
2026-02-07 22:14:24,901 [INFO] rit_api: MARKET SELL 4 RTM1P50 -> order_id=10545
2026-02-07 22:14:24,981 [INFO] rit_api: MARKET SELL 3 RTM1C49 -> order_id=10546
2026-02-07 22:14:25,363 [INFO] rit_api: MARKET BUY 24 RTM1C47 -> order_id=10547
2026-02-07 22:14:25,440 [INFO] rit_api: MARKET BUY 24 RTM1P47 -> order_id=10590
2026-02-07 22:14:25,516 [INFO] rit_api: MARKET BUY 19 RTM1C48 -> order_id=10591
2026-02-07 22:14:25,576 [INFO] rit_api: MARKET BUY 19 RTM1P48 -> order_id=10592
2026-02-07 22:14:25,635 [INFO] rit_api: MARKET BUY 12 RTM1C46 -> order_id=10593
2026-02-07 22:14:25,692 [INFO] rit_api: MARKET BUY 12 RTM1P46 -> order_id=10595
2026-02-07 22:14:25,756 [INFO] rit_api: MARKET SELL 5 RTM1C50 -> order_id=10596
2026-02-07 22:14:25,812 [INFO] rit_api: MARKET SELL 5 RTM1P50 -> order_id=10597
2026-02-07 22:14:25,869 [INFO] rit_api: MARKET SELL 3 RTM1P51 -> order_id=10598
2026-02-07 22:14:25,933 [INFO] rit_api: MARKET BUY 2 RTM1C45 -> order_id=10599
2026-02-07 22:14:26,021 [INFO] rit_api: MARKET SELL 1964 RTM -> order_id=10600
2026-02-07 22:14:26,397 [INFO] rit_api: MARKET SELL 12 RTM1P49 -> order_id=10601
2026-02-07 22:14:26,454 [INFO] rit_api: MARKET SELL 9 RTM1C49 -> order_id=10644
2026-02-07 22:14:26,525 [INFO] rit_api: MARKET SELL 7 RTM1C50 -> order_id=10645
2026-02-07 22:14:26,587 [INFO] rit_api: MARKET SELL 7 RTM1P50 -> order_id=10646
2026-02-07 22:14:26,643 [INFO] rit_api: MARKET SELL 4 RTM1C48 -> order_id=10647
2026-02-07 22:14:26,702 [INFO] rit_api: MARKET SELL 4 RTM1P48 -> order_id=10648
2026-02-07 22:14:26,785 [INFO] rit_api: MARKET BUY 3 RTM1C47 -> order_id=10650
2026-02-07 22:14:26,841 [INFO] rit_api: MARKET BUY 3 RTM1P47 -> order_id=10651
2026-02-07 22:14:26,898 [INFO] rit_api: MARKET BUY 2 RTM1C46 -> order_id=10652
2026-02-07 22:14:26,958 [INFO] rit_api: MARKET SELL 2 RTM1P51 -> order_id=10653
2026-02-07 22:14:27,344 [INFO] rit_api: MARKET BUY 6 RTM1C47 -> order_id=10654
2026-02-07 22:14:27,401 [INFO] rit_api: MARKET BUY 6 RTM1P47 -> order_id=10655
2026-02-07 22:14:27,479 [INFO] rit_api: MARKET BUY 6 RTM1C48 -> order_id=10698
2026-02-07 22:14:27,550 [INFO] rit_api: MARKET BUY 6 RTM1P48 -> order_id=10699
2026-02-07 22:14:27,609 [INFO] rit_api: MARKET BUY 2 RTM1C46 -> order_id=10700
2026-02-07 22:14:27,666 [INFO] rit_api: MARKET BUY 1 RTM1C45 -> order_id=10701
2026-02-07 22:14:27,760 [INFO] rit_api: MARKET BUY 1 RTM1C49 -> order_id=10704
2026-02-07 22:14:27,818 [INFO] rit_api: MARKET BUY 1 RTM1P49 -> order_id=10705
2026-02-07 22:14:27,874 [INFO] rit_api: MARKET SELL 1 RTM1C50 -> order_id=10706
2026-02-07 22:14:27,933 [INFO] rit_api: MARKET SELL 1 RTM1P50 -> order_id=10707
2026-02-07 22:14:28,323 [INFO] rit_api: MARKET BUY 10 RTM1C47 -> order_id=10708
2026-02-07 22:14:28,381 [INFO] rit_api: MARKET BUY 10 RTM1P47 -> order_id=10709
2026-02-07 22:14:28,456 [INFO] rit_api: MARKET BUY 10 RTM1C48 -> order_id=10752
2026-02-07 22:14:28,528 [INFO] rit_api: MARKET BUY 10 RTM1P48 -> order_id=10753
2026-02-07 22:14:28,591 [INFO] rit_api: MARKET SELL 8 RTM1C50 -> order_id=10754
2026-02-07 22:14:28,662 [INFO] rit_api: MARKET SELL 8 RTM1P50 -> order_id=10755
2026-02-07 22:14:28,722 [INFO] rit_api: MARKET SELL 5 RTM1P51 -> order_id=10757
2026-02-07 22:14:28,793 [INFO] rit_api: MARKET BUY 4 RTM1C46 -> order_id=10758
2026-02-07 22:14:28,850 [INFO] rit_api: MARKET SELL 2 RTM1C49 -> order_id=10759
2026-02-07 22:14:28,908 [INFO] rit_api: MARKET SELL 2 RTM1P49 -> order_id=10760
2026-02-07 22:14:28,973 [INFO] rit_api: MARKET SELL 2325 RTM -> order_id=10761
2026-02-07 22:14:29,349 [INFO] rit_api: MARKET BUY 6 RTM1C50 -> order_id=10762
2026-02-07 22:14:29,405 [INFO] rit_api: MARKET BUY 6 RTM1P50 -> order_id=10763
2026-02-07 22:14:29,460 [INFO] rit_api: MARKET BUY 5 RTM1C49 -> order_id=10806
2026-02-07 22:14:29,539 [INFO] rit_api: MARKET BUY 5 RTM1P49 -> order_id=10807
2026-02-07 22:14:29,596 [INFO] rit_api: MARKET BUY 3 RTM1P51 -> order_id=10808
2026-02-07 22:14:29,665 [INFO] rit_api: MARKET SELL 1 RTM1C46 -> order_id=10809
2026-02-07 22:14:29,721 [INFO] rit_api: MARKET SELL 1 RTM1C47 -> order_id=10811
2026-02-07 22:14:29,778 [INFO] rit_api: MARKET SELL 1 RTM1P47 -> order_id=10812
2026-02-07 22:14:29,834 [INFO] rit_api: MARKET SELL 1 RTM1P52 -> order_id=10813
2026-02-07 22:14:29,896 [INFO] rit_api: MARKET SELL 1175 RTM -> order_id=10814
2026-02-07 22:14:30,271 [INFO] rit_api: MARKET SELL 7 RTM1C48 -> order_id=10815
2026-02-07 22:14:30,328 [INFO] rit_api: MARKET SELL 7 RTM1P48 -> order_id=10816
2026-02-07 22:14:30,386 [INFO] rit_api: MARKET SELL 5 RTM1C47 -> order_id=10817
2026-02-07 22:14:30,473 [INFO] rit_api: MARKET SELL 5 RTM1P47 -> order_id=10860
2026-02-07 22:14:30,550 [INFO] rit_api: MARKET BUY 3 RTM1C50 -> order_id=10861
2026-02-07 22:14:30,610 [INFO] rit_api: MARKET BUY 3 RTM1P50 -> order_id=10863
2026-02-07 22:14:30,675 [INFO] rit_api: MARKET BUY 2 RTM1P51 -> order_id=10866
2026-02-07 22:14:30,730 [INFO] rit_api: MARKET SELL 1 RTM1C46 -> order_id=10868
2026-02-07 22:14:30,792 [INFO] rit_api: MARKET SELL 1 RTM1C49 -> order_id=10871
2026-02-07 22:14:30,847 [INFO] rit_api: MARKET SELL 1 RTM1P49 -> order_id=10872
2026-02-07 22:14:30,909 [INFO] rit_api: MARKET BUY 6780 RTM -> order_id=10873
2026-02-07 22:14:31,291 [INFO] rit_api: MARKET BUY 23 RTM1C48 -> order_id=10874
2026-02-07 22:14:31,349 [INFO] rit_api: MARKET BUY 23 RTM1P48 -> order_id=10875
2026-02-07 22:14:31,409 [INFO] rit_api: MARKET SELL 19 RTM1C51 -> order_id=10876
2026-02-07 22:14:31,471 [INFO] rit_api: MARKET BUY 18 RTM1C47 -> order_id=10919
2026-02-07 22:14:31,545 [INFO] rit_api: MARKET BUY 18 RTM1P47 -> order_id=10920
2026-02-07 22:14:31,606 [INFO] rit_api: MARKET SELL 18 RTM1C50 -> order_id=10921
2026-02-07 22:14:31,666 [INFO] rit_api: MARKET SELL 18 RTM1P50 -> order_id=10922
2026-02-07 22:14:31,743 [INFO] rit_api: MARKET SELL 10 RTM1P51 -> order_id=10923
2026-02-07 22:14:31,803 [INFO] rit_api: MARKET BUY 4 RTM1C46 -> order_id=10924
2026-02-07 22:14:31,880 [INFO] rit_api: MARKET SELL 2 RTM1C49 -> order_id=10925
2026-02-07 22:14:31,943 [INFO] rit_api: MARKET SELL 3950 RTM -> order_id=10927
2026-02-07 22:14:32,327 [INFO] rit_api: MARKET SELL 5 RTM1C50 -> order_id=10928
2026-02-07 22:14:32,380 [INFO] rit_api: MARKET SELL 5 RTM1P50 -> order_id=10929
2026-02-07 22:14:32,477 [INFO] rit_api: MARKET SELL 4 RTM1P49 -> order_id=10972
2026-02-07 22:14:32,557 [INFO] rit_api: MARKET SELL 3 RTM1P51 -> order_id=10973
2026-02-07 22:14:32,617 [INFO] rit_api: MARKET SELL 3 RTM1P52 -> order_id=10974
2026-02-07 22:14:32,669 [INFO] rit_api: MARKET BUY 2 RTM1C47 -> order_id=10975
2026-02-07 22:14:32,746 [INFO] rit_api: MARKET BUY 2 RTM1P47 -> order_id=10976
2026-02-07 22:14:32,809 [INFO] rit_api: MARKET BUY 2 RTM1C48 -> order_id=10978
2026-02-07 22:14:32,869 [INFO] rit_api: MARKET BUY 2 RTM1P48 -> order_id=10979
2026-02-07 22:14:32,925 [INFO] rit_api: MARKET SELL 2 RTM1C49 -> order_id=10980
2026-02-07 22:14:32,989 [INFO] rit_api: MARKET SELL 3538 RTM -> order_id=10981
2026-02-07 22:14:33,364 [INFO] rit_api: MARKET BUY 10 RTM1C50 -> order_id=10982
2026-02-07 22:14:33,420 [INFO] rit_api: MARKET BUY 10 RTM1P50 -> order_id=10983
2026-02-07 22:14:33,479 [INFO] rit_api: MARKET BUY 6 RTM1P51 -> order_id=11026
2026-02-07 22:14:33,556 [INFO] rit_api: MARKET SELL 4 RTM1C48 -> order_id=11027
2026-02-07 22:14:33,614 [INFO] rit_api: MARKET SELL 4 RTM1P48 -> order_id=11028
2026-02-07 22:14:33,673 [INFO] rit_api: MARKET SELL 3 RTM1C47 -> order_id=11029
2026-02-07 22:14:33,748 [INFO] rit_api: MARKET BUY 3 RTM1C49 -> order_id=11030
2026-02-07 22:14:33,808 [INFO] rit_api: MARKET BUY 3 RTM1P49 -> order_id=11032
2026-02-07 22:14:33,868 [INFO] rit_api: MARKET BUY 3 RTM1C51 -> order_id=11033
2026-02-07 22:14:33,927 [INFO] rit_api: MARKET BUY 2 RTM1P52 -> order_id=11034
2026-02-07 22:14:34,303 [INFO] rit_api: MARKET BUY 10 RTM1C50 -> order_id=11035
2026-02-07 22:14:34,364 [INFO] rit_api: MARKET BUY 10 RTM1P50 -> order_id=11036
2026-02-07 22:14:34,421 [INFO] rit_api: MARKET BUY 7 RTM1C49 -> order_id=11037
2026-02-07 22:14:34,474 [INFO] rit_api: MARKET BUY 7 RTM1P49 -> order_id=11080
2026-02-07 22:14:34,551 [INFO] rit_api: MARKET BUY 5 RTM1C51 -> order_id=11081
2026-02-07 22:14:34,608 [INFO] rit_api: MARKET BUY 5 RTM1P51 -> order_id=11082
2026-02-07 22:14:34,663 [INFO] rit_api: MARKET SELL 2 RTM1C47 -> order_id=11083
2026-02-07 22:14:34,740 [INFO] rit_api: MARKET BUY 1 RTM1P52 -> order_id=11085
2026-02-07 22:14:35,131 [INFO] rit_api: MARKET SELL 9 RTM1P47 -> order_id=11086
2026-02-07 22:14:35,188 [INFO] rit_api: MARKET BUY 7 RTM1C50 -> order_id=11087
2026-02-07 22:14:35,252 [INFO] rit_api: MARKET BUY 7 RTM1P50 -> order_id=11088
2026-02-07 22:14:35,306 [INFO] rit_api: MARKET SELL 6 RTM1C48 -> order_id=11089
2026-02-07 22:14:35,371 [INFO] rit_api: MARKET SELL 6 RTM1P48 -> order_id=11090
2026-02-07 22:14:35,423 [INFO] rit_api: MARKET SELL 4 RTM1C47 -> order_id=11091
2026-02-07 22:14:35,489 [INFO] rit_api: MARKET BUY 3 RTM1C49 -> order_id=11134
2026-02-07 22:14:35,563 [INFO] rit_api: MARKET BUY 3 RTM1P49 -> order_id=11135
2026-02-07 22:14:35,622 [INFO] rit_api: MARKET BUY 3 RTM1P51 -> order_id=11136
2026-02-07 22:14:35,679 [INFO] rit_api: MARKET SELL 1 RTM1C46 -> order_id=11137
2026-02-07 22:14:35,762 [INFO] rit_api: MARKET BUY 2370 RTM -> order_id=11139
2026-02-07 22:14:36,146 [INFO] rit_api: MARKET SELL 7 RTM1C49 -> order_id=11140
2026-02-07 22:14:36,204 [INFO] rit_api: MARKET SELL 7 RTM1P49 -> order_id=11141
2026-02-07 22:14:36,261 [INFO] rit_api: MARKET SELL 6 RTM1C50 -> order_id=11142
2026-02-07 22:14:36,336 [INFO] rit_api: MARKET SELL 6 RTM1P50 -> order_id=11143
2026-02-07 22:14:36,394 [INFO] rit_api: MARKET BUY 1 RTM1C46 -> order_id=11144
2026-02-07 22:14:36,487 [INFO] rit_api: MARKET BUY 1 RTM1C47 -> order_id=11187
2026-02-07 22:14:36,566 [INFO] rit_api: MARKET BUY 1 RTM1P47 -> order_id=11188
2026-02-07 22:14:36,625 [INFO] rit_api: MARKET SELL 1 RTM1C48 -> order_id=11189
2026-02-07 22:14:36,683 [INFO] rit_api: MARKET SELL 1 RTM1P48 -> order_id=11190
2026-02-07 22:14:36,760 [INFO] rit_api: MARKET SELL 1 RTM1P51 -> order_id=11191
2026-02-07 22:14:37,145 [INFO] rit_api: MARKET BUY 13 RTM1C49 -> order_id=11192
2026-02-07 22:14:37,215 [INFO] rit_api: MARKET BUY 13 RTM1P49 -> order_id=11193
2026-02-07 22:14:37,296 [INFO] rit_api: MARKET BUY 8 RTM1C48 -> order_id=11194
2026-02-07 22:14:37,354 [INFO] rit_api: MARKET BUY 8 RTM1P48 -> order_id=11195
2026-02-07 22:14:37,411 [INFO] rit_api: MARKET BUY 8 RTM1C50 -> order_id=11196
2026-02-07 22:14:37,488 [INFO] rit_api: MARKET BUY 8 RTM1P50 -> order_id=11239
2026-02-07 22:14:37,557 [INFO] rit_api: MARKET BUY 3 RTM1C47 -> order_id=11241
2026-02-07 22:14:37,620 [INFO] rit_api: MARKET BUY 3 RTM1P47 -> order_id=11242
2026-02-07 22:14:37,681 [INFO] rit_api: MARKET BUY 2 RTM1P51 -> order_id=11243
2026-02-07 22:14:37,735 [INFO] rit_api: MARKET BUY 1 RTM1P52 -> order_id=11247
2026-02-07 22:14:37,821 [INFO] rit_api: MARKET SELL 3646 RTM -> order_id=11248
2026-02-07 22:14:38,214 [INFO] rit_api: MARKET SELL 36 RTM1C48 -> order_id=11249
2026-02-07 22:14:38,269 [INFO] rit_api: MARKET SELL 36 RTM1P48 -> order_id=11250
2026-02-07 22:14:38,324 [INFO] rit_api: MARKET SELL 23 RTM1C47 -> order_id=11251
2026-02-07 22:14:38,385 [INFO] rit_api: MARKET SELL 23 RTM1P47 -> order_id=11252
2026-02-07 22:14:38,440 [INFO] rit_api: MARKET SELL 17 RTM1C49 -> order_id=11253
2026-02-07 22:14:38,507 [INFO] rit_api: MARKET SELL 17 RTM1P49 -> order_id=11296
2026-02-07 22:14:38,578 [INFO] rit_api: MARKET SELL 5 RTM1C46 -> order_id=11297
2026-02-07 22:14:38,640 [INFO] rit_api: MARKET BUY 2 RTM1C50 -> order_id=11298
2026-02-07 22:14:38,699 [INFO] rit_api: MARKET BUY 2 RTM1P50 -> order_id=11300
2026-02-07 22:14:38,770 [INFO] rit_api: MARKET BUY 2 RTM1P51 -> order_id=11301
2026-02-07 22:14:38,859 [INFO] rit_api: MARKET BUY 3421 RTM -> order_id=11302
2026-02-07 22:14:39,254 [INFO] rit_api: MARKET BUY 17 RTM1C48 -> order_id=11303
2026-02-07 22:14:39,314 [INFO] rit_api: MARKET BUY 17 RTM1P48 -> order_id=11304
2026-02-07 22:14:39,370 [INFO] rit_api: MARKET BUY 13 RTM1C49 -> order_id=11305
2026-02-07 22:14:39,425 [INFO] rit_api: MARKET BUY 13 RTM1P49 -> order_id=11306
2026-02-07 22:14:39,500 [INFO] rit_api: MARKET BUY 10 RTM1C47 -> order_id=11349
2026-02-07 22:14:39,571 [INFO] rit_api: MARKET BUY 10 RTM1P47 -> order_id=11350
2026-02-07 22:14:39,631 [INFO] rit_api: MARKET BUY 4 RTM1C50 -> order_id=11351
2026-02-07 22:14:39,690 [INFO] rit_api: MARKET BUY 4 RTM1P50 -> order_id=11352
2026-02-07 22:14:39,764 [INFO] rit_api: MARKET BUY 2 RTM1C46 -> order_id=11354
2026-02-07 22:14:39,824 [INFO] rit_api: MARKET BUY 1 RTM1P51 -> order_id=11355
2026-02-07 22:14:40,206 [INFO] rit_api: MARKET BUY 12 RTM1C48 -> order_id=11356
2026-02-07 22:14:40,263 [INFO] rit_api: MARKET BUY 12 RTM1P48 -> order_id=11357
2026-02-07 22:14:40,319 [INFO] rit_api: MARKET BUY 8 RTM1C47 -> order_id=11358
2026-02-07 22:14:40,376 [INFO] rit_api: MARKET BUY 8 RTM1P47 -> order_id=11359
2026-02-07 22:14:40,434 [INFO] rit_api: MARKET BUY 6 RTM1C49 -> order_id=11360
2026-02-07 22:14:40,510 [INFO] rit_api: MARKET BUY 6 RTM1P49 -> order_id=11403
2026-02-07 22:14:40,584 [INFO] rit_api: MARKET BUY 2 RTM1C46 -> order_id=11404
2026-02-07 22:14:40,644 [INFO] rit_api: MARKET BUY 1 RTM1C50 -> order_id=11405
2026-02-07 22:14:40,703 [INFO] rit_api: MARKET BUY 1 RTM1P50 -> order_id=11406
2026-02-07 22:14:41,083 [INFO] rit_api: MARKET SELL 3 RTM1C48 -> order_id=11407
2026-02-07 22:14:41,140 [INFO] rit_api: MARKET SELL 3 RTM1P48 -> order_id=11408
2026-02-07 22:14:41,204 [INFO] rit_api: MARKET SELL 2 RTM1C47 -> order_id=11409
2026-02-07 22:14:41,263 [INFO] rit_api: MARKET SELL 2 RTM1P47 -> order_id=11410
2026-02-07 22:14:41,341 [INFO] rit_api: MARKET SELL 2 RTM1C49 -> order_id=11411
2026-02-07 22:14:41,399 [INFO] rit_api: MARKET SELL 2 RTM1P49 -> order_id=11412
2026-02-07 22:14:41,455 [INFO] rit_api: MARKET BUY 1 RTM1C50 -> order_id=11413
2026-02-07 22:14:41,521 [INFO] rit_api: MARKET BUY 1 RTM1P50 -> order_id=11456
2026-02-07 22:14:41,621 [INFO] rit_api: MARKET BUY 1100 RTM -> order_id=11457
2026-02-07 22:14:42,015 [INFO] rit_api: MARKET BUY 6 RTM1C47 -> order_id=11459
2026-02-07 22:14:42,073 [INFO] rit_api: MARKET BUY 6 RTM1P47 -> order_id=11460
2026-02-07 22:14:42,130 [INFO] rit_api: MARKET BUY 5 RTM1C48 -> order_id=11461
2026-02-07 22:14:42,186 [INFO] rit_api: MARKET BUY 5 RTM1P48 -> order_id=11462
2026-02-07 22:14:42,246 [INFO] rit_api: MARKET SELL 4 RTM1C50 -> order_id=11463
2026-02-07 22:14:42,303 [INFO] rit_api: MARKET SELL 4 RTM1P50 -> order_id=11464
2026-02-07 22:14:42,366 [INFO] rit_api: MARKET SELL 3 RTM1C49 -> order_id=11465
2026-02-07 22:14:42,423 [INFO] rit_api: MARKET SELL 3 RTM1P49 -> order_id=11466
2026-02-07 22:14:42,479 [INFO] rit_api: MARKET BUY 1 RTM1C46 -> order_id=11467
2026-02-07 22:14:42,539 [INFO] rit_api: MARKET SELL 1 RTM1P51 -> order_id=11510
2026-02-07 22:14:42,933 [INFO] rit_api: MARKET BUY 5 RTM1C48 -> order_id=11512
2026-02-07 22:14:42,989 [INFO] rit_api: MARKET BUY 5 RTM1P48 -> order_id=11513
2026-02-07 22:14:43,048 [INFO] rit_api: MARKET BUY 3 RTM1C49 -> order_id=11514
2026-02-07 22:14:43,105 [INFO] rit_api: MARKET BUY 3 RTM1P49 -> order_id=11515
2026-02-07 22:14:43,167 [INFO] rit_api: MARKET BUY 2 RTM1C47 -> order_id=11516
2026-02-07 22:14:43,230 [INFO] rit_api: MARKET BUY 2 RTM1P47 -> order_id=11517
2026-02-07 22:14:43,288 [INFO] rit_api: MARKET BUY 1 RTM1C46 -> order_id=11518
2026-02-07 22:14:43,367 [INFO] rit_api: MARKET BUY 1 RTM1C50 -> order_id=11519
2026-02-07 22:14:43,422 [INFO] rit_api: MARKET BUY 1 RTM1P50 -> order_id=11520
2026-02-07 22:14:43,478 [INFO] rit_api: MARKET BUY 1 RTM1P51 -> order_id=11521
2026-02-07 22:14:43,596 [INFO] rit_api: MARKET SELL 1237 RTM -> order_id=11564
2026-02-07 22:14:43,976 [INFO] rit_api: MARKET BUY 4 RTM1C48 -> order_id=11565
2026-02-07 22:14:44,032 [INFO] rit_api: MARKET BUY 4 RTM1P48 -> order_id=11566
2026-02-07 22:14:44,089 [INFO] rit_api: MARKET BUY 4 RTM1C49 -> order_id=11567
2026-02-07 22:14:44,146 [INFO] rit_api: MARKET BUY 4 RTM1P49 -> order_id=11568
2026-02-07 22:14:44,204 [INFO] rit_api: MARKET BUY 2 RTM1C47 -> order_id=11569
2026-02-07 22:14:44,260 [INFO] rit_api: MARKET BUY 1 RTM1C50 -> order_id=11570
2026-02-07 22:14:44,325 [INFO] rit_api: MARKET BUY 1 RTM1P50 -> order_id=11571
2026-02-07 22:14:44,735 [INFO] rit_api: MARKET SELL 4 RTM1C49 -> order_id=11615
2026-02-07 22:14:44,792 [INFO] rit_api: MARKET SELL 4 RTM1P49 -> order_id=11616
2026-02-07 22:14:44,849 [INFO] rit_api: MARKET SELL 3 RTM1C50 -> order_id=11617
2026-02-07 22:14:44,905 [INFO] rit_api: MARKET SELL 3 RTM1P50 -> order_id=11618
2026-02-07 22:14:44,961 [INFO] rit_api: MARKET BUY 2 RTM1C47 -> order_id=11619
2026-02-07 22:14:45,018 [INFO] rit_api: MARKET BUY 1 RTM1C48 -> order_id=11620
2026-02-07 22:14:45,076 [INFO] rit_api: MARKET BUY 1 RTM1P48 -> order_id=11621
2026-02-07 22:14:45,139 [INFO] rit_api: MARKET SELL 1 RTM1P51 -> order_id=11622
2026-02-07 22:14:45,776 [INFO] rit_api: MARKET BUY 7 RTM1C49 -> order_id=11666
2026-02-07 22:14:45,835 [INFO] rit_api: MARKET BUY 7 RTM1P49 -> order_id=11667
2026-02-07 22:14:45,892 [INFO] rit_api: MARKET BUY 7 RTM1C50 -> order_id=11668
2026-02-07 22:14:45,949 [INFO] rit_api: MARKET BUY 7 RTM1P50 -> order_id=11669
2026-02-07 22:14:46,007 [INFO] rit_api: MARKET BUY 3 RTM1P47 -> order_id=11670
2026-02-07 22:14:46,063 [INFO] rit_api: MARKET BUY 2 RTM1P51 -> order_id=11671
2026-02-07 22:14:46,132 [INFO] rit_api: MARKET SELL 1 RTM1C47 -> order_id=11672
2026-02-07 22:14:46,772 [INFO] rit_api: MARKET SELL 1 RTM1C48 -> order_id=11715
2026-02-07 22:14:46,829 [INFO] rit_api: MARKET SELL 1 RTM1P48 -> order_id=11716
2026-02-07 22:14:46,886 [INFO] rit_api: MARKET BUY 1 RTM1C50 -> order_id=11717
2026-02-07 22:14:46,942 [INFO] rit_api: MARKET BUY 1 RTM1P50 -> order_id=11718
2026-02-07 22:14:47,733 [INFO] rit_api: MARKET BUY 4 RTM1C48 -> order_id=11761
2026-02-07 22:14:47,790 [INFO] rit_api: MARKET BUY 4 RTM1P48 -> order_id=11763
2026-02-07 22:14:47,848 [INFO] rit_api: MARKET SELL 4 RTM1C50 -> order_id=11764
2026-02-07 22:14:47,903 [INFO] rit_api: MARKET SELL 4 RTM1P50 -> order_id=11765
2026-02-07 22:14:47,964 [INFO] rit_api: MARKET BUY 3 RTM1C47 -> order_id=11766
2026-02-07 22:14:48,020 [INFO] rit_api: MARKET SELL 3 RTM1C49 -> order_id=11768
2026-02-07 22:14:48,074 [INFO] rit_api: MARKET SELL 3 RTM1P49 -> order_id=11769
2026-02-07 22:14:48,134 [INFO] rit_api: MARKET BUY 1 RTM1C46 -> order_id=11770
2026-02-07 22:14:48,800 [INFO] rit_api: MARKET SELL 12 RTM1C50 -> order_id=11818
2026-02-07 22:14:48,859 [INFO] rit_api: MARKET SELL 12 RTM1P50 -> order_id=11821
2026-02-07 22:14:48,916 [INFO] rit_api: MARKET SELL 8 RTM1C49 -> order_id=11822
2026-02-07 22:14:48,979 [INFO] rit_api: MARKET SELL 8 RTM1P49 -> order_id=11823
2026-02-07 22:14:49,034 [INFO] rit_api: MARKET BUY 6 RTM1C48 -> order_id=11824
2026-02-07 22:14:49,086 [INFO] rit_api: MARKET BUY 6 RTM1P48 -> order_id=11825
2026-02-07 22:14:49,150 [INFO] rit_api: MARKET BUY 4 RTM1C47 -> order_id=11826
2026-02-07 22:14:49,205 [INFO] rit_api: MARKET SELL 4 RTM1P51 -> order_id=11827
2026-02-07 22:14:49,740 [INFO] rit_api: MARKET BUY 11 RTM1C48 -> order_id=11870
2026-02-07 22:14:49,797 [INFO] rit_api: MARKET BUY 11 RTM1P48 -> order_id=11872
2026-02-07 22:14:49,855 [INFO] rit_api: MARKET BUY 5 RTM1C49 -> order_id=11873
2026-02-07 22:14:49,911 [INFO] rit_api: MARKET BUY 5 RTM1P49 -> order_id=11874
2026-02-07 22:14:49,971 [INFO] rit_api: MARKET SELL 5 RTM1C50 -> order_id=11875
2026-02-07 22:14:50,031 [INFO] rit_api: MARKET SELL 5 RTM1P50 -> order_id=11876
2026-02-07 22:14:50,087 [INFO] rit_api: MARKET BUY 4 RTM1C47 -> order_id=11877
2026-02-07 22:14:50,165 [INFO] rit_api: MARKET SELL 2 RTM1P51 -> order_id=11878
2026-02-07 22:14:50,721 [INFO] rit_api: MARKET SELL 6 RTM1C48 -> order_id=11921
2026-02-07 22:14:50,778 [INFO] rit_api: MARKET SELL 6 RTM1P48 -> order_id=11922
2026-02-07 22:14:50,835 [INFO] rit_api: MARKET BUY 6 RTM1C50 -> order_id=11923
2026-02-07 22:14:50,889 [INFO] rit_api: MARKET BUY 6 RTM1P50 -> order_id=11924
2026-02-07 22:14:50,946 [INFO] rit_api: MARKET BUY 3 RTM1P51 -> order_id=11925
2026-02-07 22:14:51,021 [INFO] rit_api: MARKET SELL 2 RTM1C47 -> order_id=11926
2026-02-07 22:14:51,079 [INFO] rit_api: MARKET SELL 2 RTM1C49 -> order_id=11927
2026-02-07 22:14:51,136 [INFO] rit_api: MARKET SELL 2 RTM1P49 -> order_id=11928
2026-02-07 22:14:51,773 [INFO] rit_api: MARKET BUY 3 RTM1C48 -> order_id=11971
2026-02-07 22:14:51,834 [INFO] rit_api: MARKET BUY 3 RTM1P48 -> order_id=11972
2026-02-07 22:14:51,891 [INFO] rit_api: MARKET SELL 2 RTM1C50 -> order_id=11973
2026-02-07 22:14:51,946 [INFO] rit_api: MARKET SELL 2 RTM1P50 -> order_id=11974
2026-02-07 22:14:52,006 [INFO] rit_api: MARKET BUY 1 RTM1C47 -> order_id=11975
2026-02-07 22:14:52,063 [INFO] rit_api: MARKET SELL 1 RTM1P51 -> order_id=11976
2026-02-07 22:14:52,744 [INFO] rit_api: MARKET SELL 9 RTM1C48 -> order_id=12019
2026-02-07 22:14:52,799 [INFO] rit_api: MARKET SELL 9 RTM1P48 -> order_id=12020
2026-02-07 22:14:52,858 [INFO] rit_api: MARKET BUY 8 RTM1C50 -> order_id=12022
2026-02-07 22:14:52,915 [INFO] rit_api: MARKET BUY 8 RTM1P50 -> order_id=12023
2026-02-07 22:14:52,970 [INFO] rit_api: MARKET BUY 3 RTM1P51 -> order_id=12024
2026-02-07 22:14:53,032 [INFO] rit_api: MARKET SELL 2 RTM1C47 -> order_id=12025
2026-02-07 22:14:53,087 [INFO] rit_api: MARKET SELL 1 RTM1C49 -> order_id=12026
2026-02-07 22:14:53,140 [INFO] rit_api: MARKET SELL 1 RTM1P49 -> order_id=12027
2026-02-07 22:14:53,204 [INFO] rit_api: MARKET SELL 1158 RTM -> order_id=12028
2026-02-07 22:14:53,779 [INFO] rit_api: MARKET SELL 10 RTM1C48 -> order_id=12076
2026-02-07 22:14:53,834 [INFO] rit_api: MARKET SELL 10 RTM1P48 -> order_id=12077
2026-02-07 22:14:53,893 [INFO] rit_api: MARKET BUY 10 RTM1P50 -> order_id=12078
2026-02-07 22:14:53,952 [INFO] rit_api: MARKET SELL 5 RTM1C47 -> order_id=12079
2026-02-07 22:14:54,017 [INFO] rit_api: MARKET BUY 4 RTM1C49 -> order_id=12080
2026-02-07 22:14:54,094 [INFO] rit_api: MARKET BUY 4 RTM1P49 -> order_id=12081
2026-02-07 22:14:54,156 [INFO] rit_api: MARKET BUY 2 RTM1P51 -> order_id=12082
2026-02-07 22:14:54,798 [INFO] rit_api: MARKET SELL 2 RTM1C49 -> order_id=12125
2026-02-07 22:14:54,854 [INFO] rit_api: MARKET SELL 2 RTM1P49 -> order_id=12126
2026-02-07 22:14:54,911 [INFO] rit_api: MARKET BUY 1 RTM1C47 -> order_id=12127
2026-02-07 22:14:54,968 [INFO] rit_api: MARKET SELL 1 RTM1P50 -> order_id=12128
2026-02-07 22:14:55,053 [INFO] rit_api: MARKET BUY 1342 RTM -> order_id=12129
2026-02-07 22:14:55,813 [INFO] rit_api: MARKET SELL 3 RTM1C48 -> order_id=12172
2026-02-07 22:14:55,871 [INFO] rit_api: MARKET SELL 3 RTM1P48 -> order_id=12173
2026-02-07 22:14:55,927 [INFO] rit_api: MARKET BUY 3 RTM1P50 -> order_id=12174
2026-02-07 22:14:55,984 [INFO] rit_api: MARKET SELL 1 RTM1C47 -> order_id=12175
2026-02-07 22:14:56,041 [INFO] rit_api: MARKET BUY 1 RTM1C49 -> order_id=12176
2026-02-07 22:14:56,118 [INFO] rit_api: MARKET BUY 1 RTM1P49 -> order_id=12177
2026-02-07 22:14:56,175 [INFO] rit_api: MARKET BUY 1 RTM1P51 -> order_id=12178
2026-02-07 22:14:56,817 [INFO] rit_api: MARKET BUY 1 RTM1C47 -> order_id=12251
2026-02-07 22:14:56,879 [INFO] rit_api: MARKET SELL 1 RTM1C49 -> order_id=12252
2026-02-07 22:14:56,934 [INFO] rit_api: MARKET SELL 1 RTM1P49 -> order_id=12253
2026-02-07 22:14:57,816 [INFO] rit_api: MARKET BUY 4 RTM1C48 -> order_id=12296
2026-02-07 22:14:57,884 [INFO] rit_api: MARKET BUY 4 RTM1P48 -> order_id=12297
2026-02-07 22:14:57,939 [INFO] rit_api: MARKET SELL 3 RTM1C49 -> order_id=12298
2026-02-07 22:14:57,995 [INFO] rit_api: MARKET SELL 3 RTM1P49 -> order_id=12299
2026-02-07 22:14:58,050 [INFO] rit_api: MARKET BUY 2 RTM1C47 -> order_id=12300
2026-02-07 22:14:58,114 [INFO] rit_api: MARKET SELL 2 RTM1P50 -> order_id=12301
2026-02-07 22:14:58,870 [INFO] rit_api: MARKET BUY 4 RTM1C48 -> order_id=12344
2026-02-07 22:14:58,927 [INFO] rit_api: MARKET BUY 4 RTM1P48 -> order_id=12345
2026-02-07 22:14:58,982 [INFO] rit_api: MARKET SELL 3 RTM1C49 -> order_id=12346
2026-02-07 22:14:59,038 [INFO] rit_api: MARKET SELL 3 RTM1P49 -> order_id=12347
2026-02-07 22:14:59,093 [INFO] rit_api: MARKET SELL 3 RTM1P50 -> order_id=12348
2026-02-07 22:14:59,150 [INFO] rit_api: MARKET BUY 2 RTM1C47 -> order_id=12349
2026-02-07 22:14:59,787 [INFO] rit_api: MARKET SELL 7 RTM1C48 -> order_id=12392
2026-02-07 22:14:59,847 [INFO] rit_api: MARKET SELL 7 RTM1P48 -> order_id=12393
2026-02-07 22:14:59,904 [INFO] rit_api: MARKET BUY 5 RTM1P50 -> order_id=12394
2026-02-07 22:14:59,958 [INFO] rit_api: MARKET SELL 2 RTM1C47 -> order_id=12395
2026-02-07 22:15:00,023 [INFO] rit_api: MARKET BUY 2 RTM1C49 -> order_id=12396
2026-02-07 22:15:00,076 [INFO] rit_api: MARKET BUY 2 RTM1P49 -> order_id=12397
2026-02-07 22:15:00,850 [INFO] rit_api: MARKET SELL 8 RTM1C48 -> order_id=12440
2026-02-07 22:15:00,906 [INFO] rit_api: MARKET SELL 8 RTM1P48 -> order_id=12441
2026-02-07 22:15:00,960 [INFO] rit_api: MARKET BUY 5 RTM1C49 -> order_id=12442
2026-02-07 22:15:01,014 [INFO] rit_api: MARKET BUY 5 RTM1P49 -> order_id=12443
2026-02-07 22:15:01,073 [INFO] rit_api: MARKET BUY 5 RTM1P50 -> order_id=12444
2026-02-07 22:15:01,127 [INFO] rit_api: MARKET SELL 3 RTM1C47 -> order_id=12445
2026-02-07 22:15:01,180 [INFO] rit_api: MARKET BUY 1 RTM1P51 -> order_id=12446
2026-02-07 22:15:01,834 [INFO] rit_api: MARKET SELL 6 RTM1C48 -> order_id=12489
2026-02-07 22:15:01,898 [INFO] rit_api: MARKET SELL 6 RTM1P48 -> order_id=12490
2026-02-07 22:15:01,969 [INFO] rit_api: MARKET BUY 6 RTM1C49 -> order_id=12491
2026-02-07 22:15:02,026 [INFO] rit_api: MARKET BUY 6 RTM1P49 -> order_id=12492
2026-02-07 22:15:02,080 [INFO] rit_api: MARKET BUY 4 RTM1P50 -> order_id=12493
2026-02-07 22:15:02,140 [INFO] rit_api: MARKET SELL 3 RTM1C47 -> order_id=12494
2026-02-07 22:15:02,805 [INFO] rit_api: MARKET SELL 3 RTM1C48 -> order_id=12537
2026-02-07 22:15:02,864 [INFO] rit_api: MARKET SELL 3 RTM1P48 -> order_id=12538
2026-02-07 22:15:02,921 [INFO] rit_api: MARKET BUY 1 RTM1C49 -> order_id=12539
2026-02-07 22:15:02,989 [INFO] rit_api: MARKET BUY 1 RTM1P49 -> order_id=12540
2026-02-07 22:15:03,045 [INFO] rit_api: MARKET BUY 1 RTM1P50 -> order_id=12541
2026-02-07 22:15:03,818 [INFO] rit_api: MARKET BUY 1357 RTM -> order_id=12584
2026-02-07 22:15:04,834 [INFO] rit_api: MARKET SELL 15 RTM1C49 -> order_id=12627
2026-02-07 22:15:04,891 [INFO] rit_api: MARKET SELL 15 RTM1P49 -> order_id=12628
2026-02-07 22:15:04,949 [INFO] rit_api: MARKET BUY 13 RTM1C48 -> order_id=12629
2026-02-07 22:15:05,006 [INFO] rit_api: MARKET BUY 13 RTM1P48 -> order_id=12630
2026-02-07 22:15:05,077 [INFO] rit_api: MARKET BUY 8 RTM1C47 -> order_id=12631
2026-02-07 22:15:05,135 [INFO] rit_api: MARKET SELL 5 RTM1P50 -> order_id=12632
2026-02-07 22:15:05,907 [INFO] rit_api: MARKET SELL 1053 RTM -> order_id=12675
2026-02-07 22:15:07,833 [INFO] rit_api: MARKET BUY 4040 RTM -> order_id=12760
2026-02-07 22:15:10,953 [INFO] rit_api: MARKET SELL 1049 RTM -> order_id=12887
2026-02-07 22:15:11,865 [INFO] rit_api: MARKET BUY 21 RTM1P45 -> order_id=12930
2026-02-07 22:15:11,921 [INFO] rit_api: MARKET BUY 12 RTM1P46 -> order_id=12931
2026-02-07 22:15:11,978 [INFO] rit_api: MARKET BUY 6 RTM1C47 -> order_id=12932
2026-02-07 22:15:12,039 [INFO] rit_api: MARKET BUY 14 RTM1P47 -> order_id=12933
2026-02-07 22:15:12,096 [INFO] rit_api: MARKET BUY 55 RTM1C48 -> order_id=12934
2026-02-07 22:15:12,157 [INFO] rit_api: MARKET BUY 55 RTM1P48 -> order_id=12935
2026-02-07 22:15:12,213 [INFO] rit_api: MARKET BUY 67 RTM1C49 -> order_id=12936
2026-02-07 22:15:12,295 [INFO] rit_api: MARKET BUY 67 RTM1P49 -> order_id=12937
2026-02-07 22:15:12,360 [INFO] rit_api: MARKET BUY 29 RTM1C50 -> order_id=12938
2026-02-07 22:15:12,416 [INFO] rit_api: MARKET BUY 12 RTM1P50 -> order_id=12939
2026-02-07 22:15:12,491 [INFO] rit_api: MARKET BUY 11 RTM1C51 -> order_id=12940
2026-02-07 22:15:12,541 [INFO] rit_api: MARKET SELL 3233 RTM -> order_id=12941
