2026-02-08 18:28:53,948 [INFO] news_parser: NEWS: Delta limit = 9000
2026-02-08 18:28:53,949 [INFO] news_parser: NEWS: Penalty rate = 4.00%
2026-02-08 18:28:54,918 [INFO] rit_api: MARKET SELL 50 RTM1C50 -> order_id=85
2026-02-08 18:28:54,976 [INFO] rit_api: MARKET SELL 50 RTM1P50 -> order_id=86
2026-02-08 18:30:08,199 [INFO] news_parser: NEWS: Current realized vol = 35.0% (history: ['35%'])
2026-02-08 18:30:08,266 [INFO] rit_api: MARKET BUY 50 RTM1C50 -> order_id=3153
2026-02-08 18:30:08,324 [INFO] rit_api: MARKET BUY 50 RTM1P50 -> order_id=3154
2026-02-08 18:30:08,384 [INFO] rit_api: MARKET BUY 50 RTM1C52 -> order_id=3155
2026-02-08 18:30:08,445 [INFO] rit_api: MARKET BUY 50 RTM1P52 -> order_id=3156
2026-02-08 18:30:08,510 [INFO] rit_api: MARKET BUY 5000 RTM -> order_id=3157
2026-02-08 18:31:04,571 [INFO] rit_api: MARKET SELL 10000 RTM -> order_id=5510
2026-02-08 18:31:05,540 [INFO] rit_api: MARKET BUY 10000 RTM -> order_id=5553
2026-02-08 18:31:07,673 [INFO] rit_api: MARKET SELL 10000 RTM -> order_id=5638
2026-02-08 18:31:23,606 [INFO] news_parser: NEWS: Current realized vol = 28.0% (history: ['35%', '28%'])
2026-02-08 18:31:23,679 [INFO] rit_api: MARKET SELL 50 RTM1C52 -> order_id=6311
2026-02-08 18:31:23,740 [INFO] rit_api: MARKET SELL 50 RTM1P52 -> order_id=6312
2026-02-08 18:31:23,802 [INFO] rit_api: MARKET BUY 50 RTM1C53 -> order_id=6313
2026-02-08 18:31:23,862 [INFO] rit_api: MARKET BUY 50 RTM1P53 -> order_id=6314
2026-02-08 18:31:24,711 [INFO] rit_api: MARKET BUY 10000 RTM -> order_id=6357
2026-02-08 18:31:45,830 [INFO] rit_api: MARKET SELL 10000 RTM -> order_id=7240
2026-02-08 18:31:49,769 [INFO] rit_api: MARKET BUY 10000 RTM -> order_id=7409
2026-02-08 18:31:54,848 [INFO] rit_api: MARKET SELL 10000 RTM -> order_id=7620
2026-02-08 18:32:13,904 [INFO] rit_api: MARKET BUY 10000 RTM -> order_id=8419
2026-02-08 18:32:39,037 [INFO] news_parser: NEWS: Current realized vol = 21.0% (history: ['35%', '28%', '21%'])
2026-02-08 18:32:39,110 [INFO] rit_api: MARKET SELL 50 RTM1C53 -> order_id=9470
2026-02-08 18:32:39,169 [INFO] rit_api: MARKET SELL 50 RTM1P53 -> order_id=9471
2026-02-08 18:32:39,231 [INFO] rit_api: MARKET SELL 50 RTM1C50 -> order_id=9472
2026-02-08 18:32:39,290 [INFO] rit_api: MARKET SELL 50 RTM1P50 -> order_id=9473
2026-02-08 18:32:54,146 [INFO] rit_api: MARKET SELL 10000 RTM -> order_id=10104
2026-02-08 18:32:58,219 [INFO] rit_api: MARKET BUY 10000 RTM -> order_id=10273
2026-02-08 18:32:59,186 [INFO] rit_api: MARKET SELL 10000 RTM -> order_id=10316
2026-02-08 18:33:04,186 [INFO] rit_api: MARKET BUY 10000 RTM -> order_id=10527
2026-02-08 18:33:05,281 [INFO] rit_api: MARKET SELL 10000 RTM -> order_id=10570
2026-02-08 18:33:13,238 [INFO] rit_api: MARKET BUY 10000 RTM -> order_id=10907
2026-02-08 18:34:16,290 [WARNING] rit_api: POST /commands/cancel returned 401: {"code":"UNAUTHORIZED","message":"Simulation must be running."}
