2026-02-12 07:04:05,824 [INFO] news_parser: NEWS: Forecast vol next week = 14.0% - 19.0% (mid=16.5%) [NOW USING FORECAST]
2026-02-12 07:04:19,740 [INFO] news_parser: NEWS: Current realized vol = 15.0% (history: ['15%']) [NOW USING REALIZED]
2026-02-12 07:04:19,746 [INFO] trading_engine: WEEK 4 positioning tick 225
2026-02-12 07:04:20,723 [INFO] trading_engine: No delta limit from news, using default 10000
2026-02-12 07:04:20,724 [INFO] optimizer: ============================================================
2026-02-12 07:04:20,724 [INFO] optimizer: OPTIMIZER RESULT: n*=376 LONG straddles @ strike 52
2026-02-12 07:04:20,724 [INFO] optimizer:   Expected profit: $3404.66
2026-02-12 07:04:20,724 [INFO] optimizer:   Gain/contract: $17.8181 | Pos cost/contract: $4.0200
2026-02-12 07:04:20,725 [INFO] optimizer:   Rebalancing cost: $1783.43 | Z=0.38
2026-02-12 07:04:20,725 [INFO] optimizer:   Inputs: S0=51.79 sigma=0.1500 sigma_hat=0.1127 L=10000 Gamma=70.5186
2026-02-12 07:04:20,725 [INFO] optimizer:   Spreads: Bo=0.0400 Bs=0.0200 T=0.019231
2026-02-12 07:04:20,725 [INFO] optimizer: ============================================================
2026-02-12 07:04:20,786 [INFO] rit_api: MARKET BUY 100 RTM1C52 -> order_id=9855
2026-02-12 07:04:20,842 [INFO] rit_api: MARKET BUY 100 RTM1C52 -> order_id=9856
2026-02-12 07:04:20,899 [INFO] rit_api: MARKET BUY 100 RTM1C52 -> order_id=9857
2026-02-12 07:04:20,956 [INFO] rit_api: MARKET BUY 76 RTM1C52 -> order_id=9858
2026-02-12 07:04:21,012 [INFO] rit_api: MARKET BUY 100 RTM1P52 -> order_id=9859
2026-02-12 07:04:21,068 [INFO] rit_api: MARKET BUY 100 RTM1P52 -> order_id=9860
2026-02-12 07:04:21,125 [INFO] rit_api: MARKET BUY 100 RTM1P52 -> order_id=9861
2026-02-12 07:04:21,183 [INFO] rit_api: MARKET BUY 76 RTM1P52 -> order_id=9862
2026-02-12 07:04:21,183 [INFO] trading_engine: STRADDLE BUY 376/376 @ K=52: 8 orders (376C+376P filled)
2026-02-12 07:04:21,183 [INFO] trading_engine: POSITIONED: 376 LONG straddles @ 52 (week 4, expected $3405)
2026-02-12 07:04:23,035 [INFO] rit_api: MARKET SELL 10000 RTM -> order_id=9961
2026-02-12 07:04:23,035 [INFO] trading_engine: HEDGE SELL 10000 RTM | delta 12122 -> ~0 | limit 10000 (121%)
2026-02-12 07:04:27,920 [INFO] rit_api: MARKET BUY 10000 RTM -> order_id=10183
2026-02-12 07:04:27,921 [INFO] trading_engine: HEDGE BUY 10000 RTM | delta -12467 -> ~0 | limit 10000 (125%)
2026-02-12 07:04:28,799 [WARNING] trading_engine: EMERGENCY hedge bypass: delta=17514 limit=10000
2026-02-12 07:04:29,018 [INFO] rit_api: MARKET SELL 10000 RTM -> order_id=10229
2026-02-12 07:04:29,018 [INFO] trading_engine: HEDGE SELL 10000 RTM | delta 17514 -> ~0 | limit 10000 (175%)
2026-02-12 07:04:31,907 [INFO] rit_api: MARKET SELL 10000 RTM -> order_id=10360
2026-02-12 07:04:31,908 [INFO] trading_engine: HEDGE SELL 10000 RTM | delta 12321 -> ~0 | limit 10000 (123%)
2026-02-12 07:04:34,042 [INFO] rit_api: MARKET BUY 10000 RTM -> order_id=10450
2026-02-12 07:04:34,043 [INFO] trading_engine: HEDGE BUY 10000 RTM | delta -14785 -> ~0 | limit 10000 (148%)
2026-02-12 07:04:35,915 [INFO] rit_api: MARKET SELL 10000 RTM -> order_id=10538
2026-02-12 07:04:35,915 [INFO] trading_engine: HEDGE SELL 10000 RTM | delta 10126 -> ~0 | limit 10000 (101%)
2026-02-12 07:04:36,806 [WARNING] trading_engine: EMERGENCY hedge bypass: delta=-12375 limit=10000
2026-02-12 07:04:36,919 [INFO] rit_api: MARKET BUY 10000 RTM -> order_id=10583
2026-02-12 07:04:36,920 [INFO] trading_engine: HEDGE BUY 10000 RTM | delta -12375 -> ~0 | limit 10000 (124%)
2026-02-12 07:04:37,945 [WARNING] trading_engine: EMERGENCY hedge bypass: delta=13896 limit=10000
2026-02-12 07:04:38,057 [INFO] rit_api: MARKET SELL 10000 RTM -> order_id=10629
2026-02-12 07:04:38,057 [INFO] trading_engine: HEDGE SELL 10000 RTM | delta 13896 -> ~0 | limit 10000 (139%)
2026-02-12 07:04:40,949 [INFO] rit_api: MARKET BUY 9419 RTM -> order_id=10759
2026-02-12 07:04:40,950 [INFO] trading_engine: HEDGE BUY 9419 RTM | delta -9419 -> ~0 | limit 10000 (94%)
2026-02-12 07:04:48,096 [INFO] rit_api: MARKET SELL 10000 RTM -> order_id=11064
2026-02-12 07:04:48,096 [INFO] trading_engine: HEDGE SELL 10000 RTM | delta 11036 -> ~0 | limit 10000 (110%)
2026-02-12 07:04:50,028 [INFO] rit_api: MARKET BUY 10000 RTM -> order_id=11153
2026-02-12 07:04:50,028 [INFO] trading_engine: HEDGE BUY 10000 RTM | delta -11820 -> ~0 | limit 10000 (118%)
2026-02-12 07:04:52,198 [INFO] rit_api: MARKET SELL 10000 RTM -> order_id=11251
2026-02-12 07:04:52,198 [INFO] trading_engine: HEDGE SELL 10000 RTM | delta 10808 -> ~0 | limit 10000 (108%)
2026-02-12 07:05:01,048 [INFO] rit_api: MARKET BUY 10000 RTM -> order_id=11642
2026-02-12 07:05:01,048 [INFO] trading_engine: HEDGE BUY 10000 RTM | delta -15385 -> ~0 | limit 10000 (154%)
2026-02-12 07:05:03,070 [INFO] rit_api: MARKET SELL 10000 RTM -> order_id=11728
2026-02-12 07:05:03,070 [INFO] trading_engine: HEDGE SELL 10000 RTM | delta 11267 -> ~0 | limit 10000 (113%)
2026-02-12 07:05:03,951 [WARNING] trading_engine: EMERGENCY hedge bypass: delta=-14710 limit=10000
2026-02-12 07:05:04,069 [INFO] rit_api: MARKET BUY 10000 RTM -> order_id=11774
2026-02-12 07:05:04,069 [INFO] trading_engine: HEDGE BUY 10000 RTM | delta -14710 -> ~0 | limit 10000 (147%)
2026-02-12 07:05:06,091 [INFO] rit_api: MARKET SELL 10000 RTM -> order_id=11861
2026-02-12 07:05:06,092 [INFO] trading_engine: HEDGE SELL 10000 RTM | delta 14334 -> ~0 | limit 10000 (143%)
2026-02-12 07:05:06,971 [WARNING] trading_engine: EMERGENCY hedge bypass: delta=-10584 limit=10000
2026-02-12 07:05:07,084 [INFO] rit_api: MARKET BUY 10000 RTM -> order_id=11905
2026-02-12 07:05:07,084 [INFO] trading_engine: HEDGE BUY 10000 RTM | delta -10584 -> ~0 | limit 10000 (106%)
2026-02-12 07:05:10,064 [INFO] rit_api: MARKET BUY 10000 RTM -> order_id=12036
2026-02-12 07:05:10,065 [INFO] trading_engine: HEDGE BUY 10000 RTM | delta -19058 -> ~0 | limit 10000 (191%)
2026-02-12 07:05:11,094 [WARNING] trading_engine: EMERGENCY hedge bypass: delta=9667 limit=10000
2026-02-12 07:05:11,207 [INFO] rit_api: MARKET SELL 9667 RTM -> order_id=12082
2026-02-12 07:05:11,207 [INFO] trading_engine: HEDGE SELL 9667 RTM | delta 9667 -> ~0 | limit 10000 (97%)
2026-02-12 07:05:16,095 [INFO] rit_api: MARKET SELL 9984 RTM -> order_id=12295
2026-02-12 07:05:16,096 [INFO] trading_engine: HEDGE SELL 9984 RTM | delta 9984 -> ~0 | limit 10000 (100%)
2026-02-12 07:05:17,269 [INFO] trading_engine: ENTERING UNWIND at tick 282
2026-02-12 07:05:17,375 [INFO] rit_api: LIMIT SELL 100 RTM1C52 @ 0.40 -> order_id=12343
2026-02-12 07:05:17,484 [INFO] rit_api: LIMIT SELL 100 RTM1C52 @ 0.40 -> order_id=12345
2026-02-12 07:05:17,593 [INFO] rit_api: LIMIT SELL 100 RTM1C52 @ 0.40 -> order_id=12347
2026-02-12 07:05:17,703 [INFO] rit_api: LIMIT SELL 100 RTM1C52 @ 0.40 -> order_id=12349
2026-02-12 07:05:17,809 [INFO] rit_api: LIMIT SELL 100 RTM1C52 @ 0.40 -> order_id=12351
2026-02-12 07:05:17,920 [INFO] rit_api: LIMIT SELL 76 RTM1C52 @ 0.40 -> order_id=12353
2026-02-12 07:05:18,037 [INFO] rit_api: LIMIT SELL 100 RTM1P52 @ 0.07 -> order_id=12397
2026-02-12 07:05:18,167 [INFO] rit_api: LIMIT SELL 100 RTM1P52 @ 0.07 -> order_id=12399
2026-02-12 07:05:18,273 [INFO] rit_api: LIMIT SELL 100 RTM1P52 @ 0.07 -> order_id=12401
2026-02-12 07:05:18,329 [INFO] rit_api: LIMIT SELL 76 RTM1P52 @ 0.07 -> order_id=12402
2026-02-12 07:05:18,385 [INFO] rit_api: LIMIT BUY 10000 RTM @ 52.35 -> order_id=12403
2026-02-12 07:05:18,743 [INFO] rit_api: LIMIT BUY 100 RTM1C52 @ 0.55 -> order_id=12409
2026-02-12 07:05:18,858 [INFO] rit_api: LIMIT BUY 100 RTM1C52 @ 0.55 -> order_id=12411
2026-02-12 07:05:19,000 [INFO] rit_api: LIMIT BUY 100 RTM1C52 @ 0.55 -> order_id=12455
2026-02-12 07:05:19,139 [INFO] rit_api: LIMIT BUY 100 RTM1C52 @ 0.55 -> order_id=12457
2026-02-12 07:05:19,249 [INFO] rit_api: LIMIT BUY 100 RTM1C52 @ 0.55 -> order_id=12459
2026-02-12 07:05:19,306 [INFO] rit_api: LIMIT BUY 76 RTM1C52 @ 0.55 -> order_id=12460
2026-02-12 07:05:19,363 [INFO] rit_api: LIMIT SELL 100 RTM1P52 @ 0.04 -> order_id=12461
2026-02-12 07:05:19,435 [INFO] rit_api: LIMIT SELL 76 RTM1P52 @ 0.04 -> order_id=12462
2026-02-12 07:05:19,498 [INFO] rit_api: LIMIT BUY 10000 RTM @ 52.51 -> order_id=12463
2026-02-12 07:05:19,854 [INFO] rit_api: LIMIT SELL 100 RTM1C52 @ 0.39 -> order_id=12469
2026-02-12 07:05:19,984 [INFO] rit_api: LIMIT SELL 100 RTM1C52 @ 0.39 -> order_id=12513
2026-02-12 07:05:20,114 [INFO] rit_api: LIMIT SELL 100 RTM1C52 @ 0.39 -> order_id=12515
2026-02-12 07:05:20,219 [INFO] rit_api: LIMIT SELL 100 RTM1C52 @ 0.39 -> order_id=12517
2026-02-12 07:05:20,326 [INFO] rit_api: LIMIT SELL 76 RTM1C52 @ 0.39 -> order_id=12519
2026-02-12 07:05:20,431 [INFO] rit_api: LIMIT BUY 100 RTM1P52 @ 0.09 -> order_id=12521
2026-02-12 07:05:20,540 [INFO] rit_api: LIMIT BUY 100 RTM1P52 @ 0.09 -> order_id=12523
2026-02-12 07:05:20,657 [INFO] rit_api: LIMIT BUY 100 RTM1P52 @ 0.09 -> order_id=12525
2026-02-12 07:05:20,767 [INFO] rit_api: LIMIT BUY 100 RTM1P52 @ 0.09 -> order_id=12527
2026-02-12 07:05:20,823 [INFO] rit_api: LIMIT BUY 100 RTM1P52 @ 0.09 -> order_id=12528
2026-02-12 07:05:20,880 [INFO] rit_api: LIMIT BUY 100 RTM1P52 @ 0.09 -> order_id=12529
2026-02-12 07:05:20,937 [INFO] rit_api: LIMIT BUY 100 RTM1P52 @ 0.09 -> order_id=12530
2026-02-12 07:05:21,024 [INFO] rit_api: LIMIT BUY 28 RTM1P52 @ 0.09 -> order_id=12573
2026-02-12 07:05:21,106 [INFO] rit_api: LIMIT BUY 464 RTM @ 52.34 -> order_id=12574
2026-02-12 07:05:21,462 [INFO] rit_api: LIMIT BUY 100 RTM1C52 @ 0.36 -> order_id=12580
2026-02-12 07:05:21,622 [INFO] rit_api: LIMIT SELL 100 RTM1P52 @ 0.07 -> order_id=12581
2026-02-12 07:05:21,729 [INFO] rit_api: LIMIT SELL 100 RTM1P52 @ 0.07 -> order_id=12583
2026-02-12 07:05:21,835 [INFO] rit_api: LIMIT SELL 100 RTM1P52 @ 0.07 -> order_id=12585
2026-02-12 07:05:21,943 [INFO] rit_api: LIMIT SELL 100 RTM1P52 @ 0.07 -> order_id=12587
2026-02-12 07:05:22,052 [INFO] rit_api: LIMIT SELL 100 RTM1P52 @ 0.07 -> order_id=12631
2026-02-12 07:05:22,125 [INFO] rit_api: LIMIT SELL 52 RTM1P52 @ 0.07 -> order_id=12632
2026-02-12 07:05:22,181 [INFO] rit_api: LIMIT SELL 10000 RTM @ 52.24 -> order_id=12633
2026-02-12 07:05:22,582 [INFO] rit_api: LIMIT SELL 100 RTM1P52 @ 0.06 -> order_id=12639
2026-02-12 07:05:22,687 [INFO] rit_api: LIMIT SELL 100 RTM1P52 @ 0.06 -> order_id=12641
2026-02-12 07:05:22,796 [INFO] rit_api: LIMIT SELL 100 RTM1P52 @ 0.06 -> order_id=12643
2026-02-12 07:05:22,912 [INFO] rit_api: LIMIT SELL 100 RTM1P52 @ 0.06 -> order_id=12645
2026-02-12 07:05:23,061 [INFO] rit_api: LIMIT SELL 100 RTM1P52 @ 0.06 -> order_id=12689
2026-02-12 07:05:23,135 [INFO] rit_api: LIMIT SELL 100 RTM1P52 @ 0.06 -> order_id=12690
2026-02-12 07:05:23,190 [INFO] rit_api: LIMIT SELL 100 RTM1P52 @ 0.06 -> order_id=12691
2026-02-12 07:05:23,264 [INFO] rit_api: LIMIT SELL 80 RTM1P52 @ 0.06 -> order_id=12692
2026-02-12 07:05:23,320 [INFO] rit_api: LIMIT SELL 464 RTM @ 52.26 -> order_id=12693
2026-02-12 07:05:23,675 [INFO] rit_api: LIMIT BUY 100 RTM1P52 @ 0.06 -> order_id=12699
2026-02-12 07:05:23,730 [INFO] rit_api: LIMIT BUY 100 RTM1P52 @ 0.06 -> order_id=12700
2026-02-12 07:05:23,817 [INFO] rit_api: LIMIT BUY 100 RTM1P52 @ 0.06 -> order_id=12701
2026-02-12 07:05:23,872 [INFO] rit_api: LIMIT BUY 100 RTM1P52 @ 0.06 -> order_id=12702
2026-02-12 07:05:23,929 [INFO] rit_api: LIMIT BUY 10000 RTM @ 52.32 -> order_id=12703
2026-02-12 07:05:24,258 [INFO] rit_api: LIMIT BUY 100 RTM1C52 @ 0.44 -> order_id=12749
2026-02-12 07:05:24,365 [INFO] rit_api: LIMIT BUY 100 RTM1C52 @ 0.44 -> order_id=12751
2026-02-12 07:05:24,472 [INFO] rit_api: LIMIT BUY 100 RTM1C52 @ 0.44 -> order_id=12753
2026-02-12 07:05:24,582 [INFO] rit_api: LIMIT BUY 76 RTM1C52 @ 0.44 -> order_id=12755
2026-02-12 07:05:24,638 [INFO] rit_api: LIMIT SELL 20 RTM1P52 @ 0.03 -> order_id=12756
2026-02-12 07:05:24,699 [INFO] rit_api: LIMIT SELL 9536 RTM @ 52.37 -> order_id=12757
2026-02-12 07:05:25,206 [INFO] rit_api: LIMIT SELL 100 RTM1C52 @ 0.25 -> order_id=12801
2026-02-12 07:05:25,312 [INFO] rit_api: LIMIT SELL 100 RTM1C52 @ 0.25 -> order_id=12803
2026-02-12 07:05:25,419 [INFO] rit_api: LIMIT SELL 100 RTM1C52 @ 0.25 -> order_id=12806
2026-02-12 07:05:25,525 [INFO] rit_api: LIMIT SELL 100 RTM1C52 @ 0.25 -> order_id=12808
2026-02-12 07:05:25,657 [INFO] rit_api: LIMIT SELL 76 RTM1C52 @ 0.25 -> order_id=12810
2026-02-12 07:05:25,762 [INFO] rit_api: LIMIT BUY 100 RTM1P52 @ 0.10 -> order_id=12812
2026-02-12 07:05:26,002 [INFO] rit_api: LIMIT BUY 72 RTM1P52 @ 0.10 -> order_id=12856
2026-02-12 07:05:26,128 [INFO] rit_api: LIMIT BUY 9536 RTM @ 52.19 -> order_id=12858
2026-02-12 07:05:26,499 [INFO] rit_api: LIMIT BUY 100 RTM1C52 @ 0.40 -> order_id=12863
2026-02-12 07:05:26,606 [INFO] rit_api: LIMIT BUY 100 RTM1C52 @ 0.40 -> order_id=12865
2026-02-12 07:05:26,726 [INFO] rit_api: LIMIT BUY 100 RTM1C52 @ 0.40 -> order_id=12867
2026-02-12 07:05:26,831 [INFO] rit_api: LIMIT BUY 100 RTM1C52 @ 0.40 -> order_id=12869
2026-02-12 07:05:26,942 [INFO] rit_api: LIMIT BUY 76 RTM1C52 @ 0.40 -> order_id=12871
2026-02-12 07:05:27,017 [INFO] rit_api: LIMIT SELL 100 RTM1P52 @ 0.03 -> order_id=12914
2026-02-12 07:05:27,125 [INFO] rit_api: LIMIT SELL 72 RTM1P52 @ 0.03 -> order_id=12915
2026-02-12 07:05:27,181 [INFO] rit_api: LIMIT BUY 9536 RTM @ 52.38 -> order_id=12916
2026-02-12 07:05:27,574 [INFO] rit_api: MARKET SELL 100 RTM1C52 -> order_id=12923
2026-02-12 07:05:27,691 [INFO] rit_api: MARKET SELL 100 RTM1C52 -> order_id=12925
2026-02-12 07:05:27,748 [INFO] rit_api: MARKET SELL 76 RTM1C52 -> order_id=12926
2026-02-12 07:05:27,806 [INFO] rit_api: MARKET BUY 100 RTM1P52 -> order_id=12927
2026-02-12 07:05:27,862 [INFO] rit_api: MARKET BUY 72 RTM1P52 -> order_id=12928
2026-02-12 07:05:27,918 [INFO] rit_api: MARKET SELL 9536 RTM -> order_id=12929
2026-02-12 07:05:28,139 [INFO] rit_api: MARKET BUY 100 RTM1C52 -> order_id=12972
2026-02-12 07:05:28,247 [INFO] rit_api: MARKET BUY 100 RTM1C52 -> order_id=12974
2026-02-12 07:05:28,352 [INFO] rit_api: MARKET BUY 76 RTM1C52 -> order_id=12977
2026-02-12 07:05:28,466 [INFO] rit_api: MARKET SELL 100 RTM1P52 -> order_id=12979
2026-02-12 07:05:29,301 [INFO] rit_api: MARKET SELL 100 RTM1C52 -> order_id=13026
2026-02-12 07:05:29,413 [INFO] rit_api: MARKET SELL 100 RTM1C52 -> order_id=13028
2026-02-12 07:05:29,470 [INFO] rit_api: MARKET SELL 76 RTM1C52 -> order_id=13029
2026-02-12 07:05:29,526 [INFO] rit_api: MARKET BUY 100 RTM1P52 -> order_id=13030
2026-02-12 07:05:30,138 [INFO] rit_api: MARKET BUY 100 RTM1C52 -> order_id=13074
2026-02-12 07:05:30,194 [INFO] rit_api: MARKET BUY 100 RTM1C52 -> order_id=13075
2026-02-12 07:05:30,299 [INFO] rit_api: MARKET BUY 76 RTM1C52 -> order_id=13078
2026-02-12 07:05:30,406 [INFO] rit_api: MARKET SELL 100 RTM1P52 -> order_id=13080
2026-02-12 07:05:31,294 [INFO] rit_api: MARKET SELL 100 RTM1C52 -> order_id=13129
2026-02-12 07:05:31,400 [INFO] rit_api: MARKET SELL 100 RTM1C52 -> order_id=13131
2026-02-12 07:05:31,459 [INFO] rit_api: MARKET SELL 76 RTM1C52 -> order_id=13132
2026-02-12 07:05:31,515 [INFO] rit_api: MARKET BUY 100 RTM1P52 -> order_id=13133
2026-02-12 07:05:32,185 [INFO] rit_api: MARKET BUY 100 RTM1C52 -> order_id=13178
2026-02-12 07:05:32,292 [INFO] rit_api: MARKET BUY 100 RTM1C52 -> order_id=13180
2026-02-12 07:05:32,398 [INFO] rit_api: MARKET BUY 76 RTM1C52 -> order_id=13182
2026-02-12 07:05:32,504 [INFO] rit_api: MARKET SELL 100 RTM1P52 -> order_id=13184
2026-02-12 07:05:33,133 [INFO] rit_api: MARKET SELL 100 RTM1C52 -> order_id=13227
2026-02-12 07:05:33,190 [INFO] rit_api: MARKET SELL 100 RTM1C52 -> order_id=13228
2026-02-12 07:05:33,247 [INFO] rit_api: MARKET SELL 76 RTM1C52 -> order_id=13229
2026-02-12 07:05:33,354 [INFO] rit_api: MARKET BUY 100 RTM1P52 -> order_id=13231
2026-02-12 07:05:34,145 [INFO] rit_api: MARKET BUY 100 RTM1C52 -> order_id=13277
2026-02-12 07:05:34,251 [INFO] rit_api: MARKET BUY 100 RTM1C52 -> order_id=13279
2026-02-12 07:05:34,371 [INFO] rit_api: MARKET BUY 76 RTM1C52 -> order_id=13281
2026-02-12 07:05:34,477 [INFO] rit_api: MARKET SELL 100 RTM1P52 -> order_id=13283
2026-02-12 07:05:40,112 [ERROR] rit_api: GET /case error: HTTPConnectionPool(host='localhost', port=10000): Read timed out. (read timeout=5)
2026-02-12 07:05:45,642 [ERROR] rit_api: GET /case error: HTTPConnectionPool(host='localhost', port=10000): Read timed out. (read timeout=5)
