2026-02-17 20:26:08,298 [INFO] news_parser: NEWS: Current realized vol = 23.0% (history: ['23%']) [NOW USING REALIZED]
2026-02-17 20:26:08,298 [INFO] news_parser: NEWS: Delta limit = 14000
2026-02-17 20:26:08,299 [INFO] news_parser: NEWS: Penalty rate = 3.00%
2026-02-17 20:26:09,060 [INFO] trading_engine: WEEK 1 positioning tick 2
2026-02-17 20:26:09,060 [INFO] trading_engine: Immediate positioning at week 1 tick 2
2026-02-17 20:26:09,062 [INFO] optimizer: ============================================================
2026-02-17 20:26:09,062 [INFO] optimizer: OPTIMIZER RESULT: n*=500 SHORT straddles @ strike 50
2026-02-17 20:26:09,065 [INFO] optimizer:   Expected profit: $5913.88
2026-02-17 20:26:09,065 [INFO] optimizer:   Gain/contract: $16.6386 | Pos cost/contract: $4.0200
2026-02-17 20:26:09,066 [INFO] optimizer:   Rebalancing cost: $395.43 | Z=1.16
2026-02-17 20:26:09,066 [INFO] optimizer:   Inputs: S0=50.06 sigma=0.2300 sigma_hat=0.2856 L=14000 Gamma=24.0544
2026-02-17 20:26:09,066 [INFO] optimizer:   Spreads: Bo=0.0400 Bs=0.0200 T=0.019231
2026-02-17 20:26:09,066 [INFO] optimizer: ============================================================
2026-02-17 20:26:09,132 [INFO] rit_api: MARKET SELL 100 RTM1C50 -> order_id=161
2026-02-17 20:26:09,212 [INFO] rit_api: MARKET SELL 100 RTM1P50 -> order_id=167
2026-02-17 20:26:09,278 [INFO] rit_api: MARKET SELL 100 RTM1C50 -> order_id=172
2026-02-17 20:26:09,352 [INFO] rit_api: MARKET SELL 100 RTM1P50 -> order_id=178
2026-02-17 20:26:09,419 [INFO] rit_api: MARKET SELL 100 RTM1C50 -> order_id=198
2026-02-17 20:26:09,486 [INFO] rit_api: MARKET SELL 100 RTM1P50 -> order_id=229
2026-02-17 20:26:09,554 [INFO] rit_api: MARKET SELL 100 RTM1C50 -> order_id=245
2026-02-17 20:26:09,642 [INFO] rit_api: MARKET SELL 100 RTM1P50 -> order_id=251
2026-02-17 20:26:09,708 [INFO] rit_api: MARKET SELL 100 RTM1C50 -> order_id=254
2026-02-17 20:26:09,775 [INFO] rit_api: MARKET SELL 100 RTM1P50 -> order_id=256
2026-02-17 20:26:09,775 [INFO] trading_engine: STRADDLE SELL 500/500 @ K=50: 10 orders | ATM 500C+500P | WINGS 0C+0P
2026-02-17 20:26:09,776 [INFO] trading_engine: POSITIONED: 500 SHORT straddles @ 50 (week 1, expected $5914)
2026-02-17 20:26:25,284 [INFO] rit_api: MARKET SELL 5670 RTM -> order_id=1496
2026-02-17 20:26:25,285 [INFO] trading_engine: HEDGE SELL 5670 RTM | delta 9870 -> ~4200 | target 4200 (30% of limit 14000) | trigger 70%
2026-02-17 20:26:42,256 [INFO] rit_api: MARKET BUY 84 RTM1C50 -> order_id=2773
2026-02-17 20:26:42,332 [INFO] rit_api: MARKET BUY 84 RTM1P50 -> order_id=2778
2026-02-17 20:26:42,399 [INFO] rit_api: MARKET BUY 945 RTM -> order_id=2782
2026-02-17 20:26:42,400 [INFO] trading_engine: SCHEDULED CLOSE tick 35: options_closed=168 stock_closed=945 orders=3
2026-02-17 20:26:42,400 [INFO] trading_engine: Scheduled close week 1 tick 35 (window 35-40), trades=3
2026-02-17 20:26:43,194 [INFO] news_parser: NEWS: Current realized vol = 34.0% (history: ['23%', '34%']) [NOW USING REALIZED]
2026-02-17 20:26:43,194 [INFO] news_parser: NEWS: Forecast vol next week = 34.0% - 39.0% (mid=36.5%) [NOW USING FORECAST]
2026-02-17 20:26:43,262 [INFO] rit_api: MARKET BUY 84 RTM1C50 -> order_id=2830
2026-02-17 20:26:43,330 [INFO] rit_api: MARKET BUY 84 RTM1P50 -> order_id=2833
2026-02-17 20:26:43,398 [INFO] rit_api: MARKET BUY 945 RTM -> order_id=2834
2026-02-17 20:26:43,398 [INFO] trading_engine: SCHEDULED CLOSE tick 36: options_closed=168 stock_closed=945 orders=3
2026-02-17 20:26:43,399 [INFO] trading_engine: Scheduled close week 1 tick 36 (window 35-40), trades=3
2026-02-17 20:26:44,261 [INFO] rit_api: MARKET BUY 83 RTM1C50 -> order_id=2878
2026-02-17 20:26:44,332 [INFO] rit_api: MARKET BUY 83 RTM1P50 -> order_id=2880
2026-02-17 20:26:44,401 [INFO] rit_api: MARKET BUY 945 RTM -> order_id=2881
2026-02-17 20:26:44,401 [INFO] trading_engine: SCHEDULED CLOSE tick 37: options_closed=166 stock_closed=945 orders=3
2026-02-17 20:26:44,401 [INFO] trading_engine: Scheduled close week 1 tick 37 (window 35-40), trades=3
2026-02-17 20:26:45,278 [INFO] rit_api: MARKET BUY 83 RTM1C50 -> order_id=2924
2026-02-17 20:26:45,354 [INFO] rit_api: MARKET BUY 83 RTM1P50 -> order_id=2927
2026-02-17 20:26:45,420 [INFO] rit_api: MARKET BUY 945 RTM -> order_id=2928
2026-02-17 20:26:45,421 [INFO] trading_engine: SCHEDULED CLOSE tick 38: options_closed=166 stock_closed=945 orders=3
2026-02-17 20:26:45,421 [INFO] trading_engine: Scheduled close week 1 tick 38 (window 35-40), trades=3
2026-02-17 20:26:46,286 [INFO] rit_api: MARKET BUY 83 RTM1C50 -> order_id=2972
2026-02-17 20:26:46,354 [INFO] rit_api: MARKET BUY 83 RTM1P50 -> order_id=2974
2026-02-17 20:26:46,458 [INFO] rit_api: MARKET BUY 945 RTM -> order_id=2975
2026-02-17 20:26:46,459 [INFO] trading_engine: SCHEDULED CLOSE tick 39: options_closed=166 stock_closed=945 orders=3
2026-02-17 20:26:46,459 [INFO] trading_engine: Scheduled close week 1 tick 39 (window 35-40), trades=3
2026-02-17 20:26:47,275 [INFO] rit_api: MARKET BUY 83 RTM1C50 -> order_id=3027
2026-02-17 20:26:47,343 [INFO] rit_api: MARKET BUY 83 RTM1P50 -> order_id=3031
2026-02-17 20:26:47,412 [INFO] rit_api: MARKET BUY 945 RTM -> order_id=3032
2026-02-17 20:26:47,413 [INFO] trading_engine: SCHEDULED CLOSE tick 40: options_closed=166 stock_closed=945 orders=3
2026-02-17 20:26:47,413 [INFO] trading_engine: Scheduled close week 1 tick 40 (window 35-40), trades=3
2026-02-17 20:26:48,215 [INFO] trading_engine: Position flat. Waiting for next scheduled positioning tick.
2026-02-17 20:27:22,373 [INFO] news_parser: NEWS: Current realized vol = 35.0% (history: ['23%', '34%', '35%']) [NOW USING REALIZED]
2026-02-17 20:27:22,383 [INFO] trading_engine: WEEK 2 positioning tick 75
2026-02-17 20:27:22,383 [INFO] trading_engine: Immediate positioning at week 2 tick 75
2026-02-17 20:27:22,384 [INFO] optimizer: ============================================================
2026-02-17 20:27:22,384 [INFO] optimizer: OPTIMIZER RESULT: n*=500 LONG straddles @ strike 48
2026-02-17 20:27:22,385 [INFO] optimizer:   Expected profit: $11472.36
2026-02-17 20:27:22,385 [INFO] optimizer:   Gain/contract: $28.0749 | Pos cost/contract: $4.0200
2026-02-17 20:27:22,385 [INFO] optimizer:   Rebalancing cost: $555.06 | Z=1.46
2026-02-17 20:27:22,385 [INFO] optimizer:   Inputs: S0=47.68 sigma=0.3500 sigma_hat=0.2353 L=14000 Gamma=19.1145
2026-02-17 20:27:22,385 [INFO] optimizer:   Spreads: Bo=0.0400 Bs=0.0200 T=0.019231
2026-02-17 20:27:22,386 [INFO] optimizer: ============================================================
2026-02-17 20:27:22,456 [INFO] rit_api: MARKET BUY 100 RTM1C48 -> order_id=5191
2026-02-17 20:27:22,525 [INFO] rit_api: MARKET BUY 100 RTM1P48 -> order_id=5194
2026-02-17 20:27:22,593 [INFO] rit_api: MARKET BUY 100 RTM1C48 -> order_id=5199
2026-02-17 20:27:22,659 [INFO] rit_api: MARKET BUY 100 RTM1P48 -> order_id=5202
2026-02-17 20:27:22,730 [INFO] rit_api: MARKET BUY 100 RTM1C48 -> order_id=5206
2026-02-17 20:27:22,796 [INFO] rit_api: MARKET BUY 100 RTM1P48 -> order_id=5210
2026-02-17 20:27:22,863 [INFO] rit_api: MARKET BUY 100 RTM1C48 -> order_id=5213
2026-02-17 20:27:22,929 [INFO] rit_api: MARKET BUY 100 RTM1P48 -> order_id=5217
2026-02-17 20:27:22,995 [INFO] rit_api: MARKET BUY 100 RTM1C48 -> order_id=5220
2026-02-17 20:27:23,068 [INFO] rit_api: MARKET BUY 100 RTM1P48 -> order_id=5225
2026-02-17 20:27:23,068 [INFO] trading_engine: STRADDLE BUY 500/500 @ K=48: 10 orders | ATM 500C+500P | WINGS 0C+0P
2026-02-17 20:27:23,068 [INFO] trading_engine: POSITIONED: 500 LONG straddles @ 48 (week 2, expected $11472)
2026-02-17 20:27:58,726 [INFO] rit_api: MARKET SELL 84 RTM1C48 -> order_id=7783
2026-02-17 20:27:58,793 [INFO] rit_api: MARKET SELL 84 RTM1P48 -> order_id=7785
2026-02-17 20:27:58,793 [INFO] trading_engine: SCHEDULED CLOSE tick 111: options_closed=168 stock_closed=0 orders=2
2026-02-17 20:27:58,793 [INFO] trading_engine: Scheduled close week 2 tick 111 (window 111-116), trades=2
2026-02-17 20:27:59,643 [INFO] news_parser: NEWS: Current realized vol = 33.0% (history: ['23%', '34%', '35%', '33%']) [NOW USING REALIZED]
2026-02-17 20:27:59,643 [INFO] news_parser: NEWS: Forecast vol next week = 33.0% - 38.0% (mid=35.5%) [NOW USING FORECAST]
2026-02-17 20:27:59,711 [INFO] rit_api: MARKET SELL 84 RTM1C48 -> order_id=7837
2026-02-17 20:27:59,778 [INFO] rit_api: MARKET SELL 84 RTM1P48 -> order_id=7838
2026-02-17 20:27:59,779 [INFO] trading_engine: SCHEDULED CLOSE tick 112: options_closed=168 stock_closed=0 orders=2
2026-02-17 20:27:59,779 [INFO] trading_engine: Scheduled close week 2 tick 112 (window 111-116), trades=2
2026-02-17 20:28:00,740 [INFO] rit_api: MARKET SELL 58 RTM1C48 -> order_id=7886
2026-02-17 20:28:00,812 [INFO] rit_api: MARKET SELL 83 RTM1P48 -> order_id=7887
2026-02-17 20:28:00,812 [INFO] trading_engine: SCHEDULED CLOSE tick 113: options_closed=141 stock_closed=0 orders=2
2026-02-17 20:28:00,812 [INFO] trading_engine: Scheduled close week 2 tick 113 (window 111-116), trades=2
2026-02-17 20:28:01,725 [INFO] rit_api: MARKET SELL 25 RTM1C48 -> order_id=7934
2026-02-17 20:28:01,800 [INFO] rit_api: MARKET SELL 17 RTM1P48 -> order_id=7935
2026-02-17 20:28:01,800 [INFO] trading_engine: SCHEDULED CLOSE tick 114: options_closed=42 stock_closed=0 orders=2
2026-02-17 20:28:01,800 [INFO] trading_engine: Scheduled close week 2 tick 114 (window 111-116), trades=2
2026-02-17 20:28:02,715 [INFO] rit_api: MARKET SELL 25 RTM1C48 -> order_id=7981
2026-02-17 20:28:02,782 [INFO] rit_api: MARKET SELL 16 RTM1P48 -> order_id=7982
2026-02-17 20:28:02,782 [INFO] trading_engine: SCHEDULED CLOSE tick 115: options_closed=41 stock_closed=0 orders=2
2026-02-17 20:28:02,782 [INFO] trading_engine: Scheduled close week 2 tick 115 (window 111-116), trades=2
2026-02-17 20:28:03,708 [INFO] rit_api: MARKET SELL 24 RTM1C48 -> order_id=8033
2026-02-17 20:28:03,774 [INFO] rit_api: MARKET SELL 16 RTM1P48 -> order_id=8036
2026-02-17 20:28:03,775 [INFO] trading_engine: SCHEDULED CLOSE tick 116: options_closed=40 stock_closed=0 orders=2
2026-02-17 20:28:03,775 [INFO] trading_engine: Scheduled close week 2 tick 116 (window 111-116), trades=2
2026-02-17 20:28:04,629 [INFO] trading_engine: Position flat. Waiting for next scheduled positioning tick.
2026-02-17 20:28:37,842 [INFO] news_parser: NEWS: Current realized vol = 37.0% (history: ['23%', '34%', '35%', '33%', '37%']) [NOW USING REALIZED]
2026-02-17 20:28:37,844 [INFO] trading_engine: WEEK 3 positioning tick 150
2026-02-17 20:28:37,844 [INFO] trading_engine: Immediate positioning at week 3 tick 150
2026-02-17 20:28:37,844 [INFO] optimizer: Not profitable: gain/contract=$0.2072, pos_cost=$4.0200
2026-02-17 20:28:37,844 [INFO] trading_engine: No profitable trade for this week (n*=0)
2026-02-17 20:29:14,013 [INFO] trading_engine: Scheduled close complete week 3 by tick 186
2026-02-17 20:29:15,014 [INFO] news_parser: NEWS: Current realized vol = 24.0% (history: ['23%', '34%', '35%', '33%', '37%', '24%']) [NOW USING REALIZED]
2026-02-17 20:29:15,015 [INFO] news_parser: NEWS: Forecast vol next week = 24.0% - 29.0% (mid=26.5%) [NOW USING FORECAST]
2026-02-17 20:29:15,017 [INFO] trading_engine: Scheduled close complete week 3 by tick 187
2026-02-17 20:29:16,012 [INFO] trading_engine: Scheduled close complete week 3 by tick 188
2026-02-17 20:29:17,020 [INFO] trading_engine: Scheduled close complete week 3 by tick 189
2026-02-17 20:29:18,022 [INFO] trading_engine: Scheduled close complete week 3 by tick 190
2026-02-17 20:29:19,027 [INFO] trading_engine: Scheduled close complete week 3 by tick 191
2026-02-17 20:29:53,180 [INFO] news_parser: NEWS: Current realized vol = 27.0% (history: ['23%', '34%', '35%', '33%', '37%', '24%', '27%']) [NOW USING REALIZED]
2026-02-17 20:29:53,183 [INFO] trading_engine: WEEK 4 positioning tick 225
2026-02-17 20:29:53,183 [INFO] trading_engine: Immediate positioning at week 4 tick 225
2026-02-17 20:29:53,184 [INFO] optimizer: ============================================================
2026-02-17 20:29:53,184 [INFO] optimizer: OPTIMIZER RESULT: n*=500 SHORT straddles @ strike 47
2026-02-17 20:29:53,185 [INFO] optimizer:   Expected profit: $25522.55
2026-02-17 20:29:53,185 [INFO] optimizer:   Gain/contract: $58.4951 | Pos cost/contract: $4.0200
2026-02-17 20:29:53,185 [INFO] optimizer:   Rebalancing cost: $1715.00 | Z=0.65
2026-02-17 20:29:53,185 [INFO] optimizer:   Inputs: S0=47.21 sigma=0.2700 sigma_hat=0.3693 L=14000 Gamma=42.9804
2026-02-17 20:29:53,186 [INFO] optimizer:   Spreads: Bo=0.0400 Bs=0.0200 T=0.019231
2026-02-17 20:29:53,186 [INFO] optimizer: ============================================================
2026-02-17 20:29:53,253 [INFO] rit_api: MARKET SELL 100 RTM1C47 -> order_id=16084
2026-02-17 20:29:53,320 [INFO] rit_api: MARKET SELL 100 RTM1P47 -> order_id=16088
2026-02-17 20:29:53,387 [INFO] rit_api: MARKET SELL 100 RTM1C47 -> order_id=16093
2026-02-17 20:29:53,462 [INFO] rit_api: MARKET SELL 100 RTM1P47 -> order_id=16097
2026-02-17 20:29:53,532 [INFO] rit_api: MARKET SELL 100 RTM1C47 -> order_id=16102
2026-02-17 20:29:53,600 [INFO] rit_api: MARKET SELL 100 RTM1P47 -> order_id=16107
2026-02-17 20:29:53,668 [INFO] rit_api: MARKET SELL 100 RTM1C47 -> order_id=16110
2026-02-17 20:29:53,736 [INFO] rit_api: MARKET SELL 100 RTM1P47 -> order_id=16114
2026-02-17 20:29:53,812 [INFO] rit_api: MARKET SELL 100 RTM1C47 -> order_id=16119
2026-02-17 20:29:53,879 [INFO] rit_api: MARKET SELL 100 RTM1P47 -> order_id=16123
2026-02-17 20:29:53,880 [INFO] trading_engine: STRADDLE SELL 500/500 @ K=47: 10 orders | ATM 500C+500P | WINGS 0C+0P
2026-02-17 20:29:53,880 [INFO] trading_engine: POSITIONED: 500 SHORT straddles @ 47 (week 4, expected $25523)
2026-02-17 20:29:54,327 [INFO] rit_api: MARKET BUY 10000 RTM -> order_id=16199
2026-02-17 20:29:54,327 [INFO] trading_engine: HEDGE BUY 10000 RTM | delta -14989 -> ~-4989 | target -4200 (30% of limit 14000) | trigger 70%
2026-02-17 20:29:59,314 [INFO] rit_api: MARKET BUY 9067 RTM -> order_id=16684
2026-02-17 20:29:59,315 [INFO] trading_engine: HEDGE BUY 9067 RTM | delta -13267 -> ~-4200 | target -4200 (30% of limit 14000) | trigger 70%
2026-02-17 20:30:05,363 [INFO] rit_api: MARKET BUY 8565 RTM -> order_id=16981
2026-02-17 20:30:05,363 [INFO] trading_engine: HEDGE BUY 8565 RTM | delta -12765 -> ~-4200 | target -4200 (30% of limit 14000) | trigger 70%
2026-02-17 20:30:13,429 [INFO] rit_api: MARKET SELL 6172 RTM -> order_id=17524
2026-02-17 20:30:13,430 [INFO] trading_engine: HEDGE SELL 6172 RTM | delta 10372 -> ~4200 | target 4200 (30% of limit 14000) | trigger 70%
2026-02-17 20:30:22,461 [INFO] rit_api: MARKET BUY 6357 RTM -> order_id=18109
2026-02-17 20:30:22,462 [INFO] trading_engine: HEDGE BUY 6357 RTM | delta -10557 -> ~-4200 | target -4200 (30% of limit 14000) | trigger 70%
2026-02-17 20:30:23,379 [INFO] rit_api: MARKET BUY 84 RTM1C47 -> order_id=18163
2026-02-17 20:30:23,447 [INFO] rit_api: MARKET BUY 84 RTM1P47 -> order_id=18167
2026-02-17 20:30:23,515 [INFO] rit_api: MARKET SELL 4637 RTM -> order_id=18168
2026-02-17 20:30:23,516 [INFO] trading_engine: SCHEDULED CLOSE tick 255: options_closed=168 stock_closed=4637 orders=3
2026-02-17 20:30:23,516 [INFO] trading_engine: Scheduled close week 4 tick 255 (window 255-260), trades=3
2026-02-17 20:30:24,392 [INFO] rit_api: MARKET BUY 84 RTM1C47 -> order_id=18214
2026-02-17 20:30:24,460 [INFO] rit_api: MARKET BUY 84 RTM1P47 -> order_id=18215
2026-02-17 20:30:24,529 [INFO] rit_api: MARKET SELL 4636 RTM -> order_id=18217
2026-02-17 20:30:24,530 [INFO] trading_engine: SCHEDULED CLOSE tick 256: options_closed=168 stock_closed=4636 orders=3
2026-02-17 20:30:24,530 [INFO] trading_engine: Scheduled close week 4 tick 256 (window 255-260), trades=3
2026-02-17 20:30:25,501 [INFO] rit_api: MARKET BUY 83 RTM1C47 -> order_id=18271
2026-02-17 20:30:25,569 [INFO] rit_api: MARKET BUY 83 RTM1P47 -> order_id=18273
2026-02-17 20:30:25,638 [INFO] rit_api: MARKET SELL 4636 RTM -> order_id=18276
2026-02-17 20:30:25,638 [INFO] trading_engine: SCHEDULED CLOSE tick 257: options_closed=166 stock_closed=4636 orders=3
2026-02-17 20:30:25,638 [INFO] trading_engine: Scheduled close week 4 tick 257 (window 255-260), trades=3
2026-02-17 20:30:26,451 [INFO] rit_api: MARKET BUY 83 RTM1C47 -> order_id=18320
2026-02-17 20:30:26,521 [INFO] rit_api: MARKET BUY 83 RTM1P47 -> order_id=18322
2026-02-17 20:30:26,589 [INFO] rit_api: MARKET SELL 4636 RTM -> order_id=18323
2026-02-17 20:30:26,590 [INFO] trading_engine: SCHEDULED CLOSE tick 258: options_closed=166 stock_closed=4636 orders=3
2026-02-17 20:30:26,590 [INFO] trading_engine: Scheduled close week 4 tick 258 (window 255-260), trades=3
2026-02-17 20:30:27,402 [INFO] rit_api: MARKET BUY 83 RTM1C47 -> order_id=18367
2026-02-17 20:30:27,470 [INFO] rit_api: MARKET BUY 83 RTM1P47 -> order_id=18368
2026-02-17 20:30:27,537 [INFO] rit_api: MARKET SELL 4636 RTM -> order_id=18369
2026-02-17 20:30:27,537 [INFO] trading_engine: SCHEDULED CLOSE tick 259: options_closed=166 stock_closed=4636 orders=3
2026-02-17 20:30:27,537 [INFO] trading_engine: Scheduled close week 4 tick 259 (window 255-260), trades=3
2026-02-17 20:30:28,407 [INFO] rit_api: MARKET BUY 83 RTM1C47 -> order_id=18422
2026-02-17 20:30:28,479 [INFO] rit_api: MARKET BUY 83 RTM1P47 -> order_id=18427
2026-02-17 20:30:28,548 [INFO] rit_api: MARKET SELL 4636 RTM -> order_id=18430
2026-02-17 20:30:28,548 [INFO] trading_engine: SCHEDULED CLOSE tick 260: options_closed=166 stock_closed=4636 orders=3
2026-02-17 20:30:28,549 [INFO] trading_engine: Scheduled close week 4 tick 260 (window 255-260), trades=3
2026-02-17 20:30:29,401 [INFO] trading_engine: Position flat. Waiting for next scheduled positioning tick.
2026-02-17 20:31:31,480 [WARNING] rit_api: POST /commands/cancel returned 401: {"code":"UNAUTHORIZED","message":"Simulation must be running."}
