2026-02-18 23:53:28,299 [INFO] news_parser: NEWS: Current realized vol = 20.0% (history: ['20%']) [NOW USING REALIZED]
2026-02-18 23:53:28,300 [INFO] news_parser: NEWS: Delta limit = 9000
2026-02-18 23:53:28,300 [INFO] news_parser: NEWS: Penalty rate = 5.00%
2026-02-18 23:53:28,300 [INFO] news_parser: NEWS: Current realized vol = 14.0% (history: ['20%', '14%']) [NOW USING REALIZED]
2026-02-18 23:53:28,300 [INFO] news_parser: NEWS: Forecast vol next week = 14.0% - 19.0% (mid=16.5%) [NOW USING FORECAST]
2026-02-18 23:53:28,300 [INFO] news_parser: NEWS: Current realized vol = 17.0% (history: ['20%', '14%', '17%']) [NOW USING REALIZED]
2026-02-18 23:53:28,301 [INFO] news_parser: NEWS: Current realized vol = 27.0% (history: ['20%', '14%', '17%', '27%']) [NOW USING REALIZED]
2026-02-18 23:53:28,301 [INFO] news_parser: NEWS: Forecast vol next week = 27.0% - 32.0% (mid=29.5%) [NOW USING FORECAST]
2026-02-18 23:53:28,301 [INFO] news_parser: NEWS: Current realized vol = 31.0% (history: ['20%', '14%', '17%', '27%', '31%']) [NOW USING REALIZED]
2026-02-18 23:53:28,302 [INFO] news_parser: NEWS: Current realized vol = 23.0% (history: ['20%', '14%', '17%', '27%', '31%', '23%']) [NOW USING REALIZED]
2026-02-18 23:53:28,302 [INFO] news_parser: NEWS: Forecast vol next week = 23.0% - 28.0% (mid=25.5%) [NOW USING FORECAST]
2026-02-18 23:53:46,558 [INFO] trading_engine: WEEK 4 positioning tick 224
2026-02-18 23:53:46,558 [INFO] trading_engine: Immediate positioning at week 4 tick 224
2026-02-18 23:53:46,568 [INFO] optimizer: ============================================================
2026-02-18 23:53:46,568 [INFO] optimizer: OPTIMIZER RESULT: n*=1250 SHORT straddles @ strike 47
2026-02-18 23:53:46,568 [INFO] optimizer:   Expected profit: $22414.59
2026-02-18 23:53:46,569 [INFO] optimizer:   Gain/contract: $34.8862 | Pos cost/contract: $4.0200
2026-02-18 23:53:46,569 [INFO] optimizer:   Rebalancing cost: $16168.17 | Z=0.16
2026-02-18 23:53:46,569 [INFO] optimizer:   Inputs: S0=46.96 sigma=0.2550 sigma_hat=0.3176 L=9000 Gamma=45.8577
2026-02-18 23:53:46,569 [INFO] optimizer:   Spreads: Bo=0.0400 Bs=0.0200 T=0.019231
2026-02-18 23:53:46,570 [INFO] optimizer: ============================================================
2026-02-18 23:53:46,591 [INFO] rit_api: MARKET SELL 100 RTM1C47 -> order_id=13572
2026-02-18 23:53:46,612 [INFO] rit_api: MARKET SELL 100 RTM1P47 -> order_id=13574
2026-02-18 23:53:46,634 [INFO] rit_api: MARKET SELL 100 RTM1C47 -> order_id=13575
2026-02-18 23:53:46,656 [INFO] rit_api: MARKET SELL 100 RTM1P47 -> order_id=13576
2026-02-18 23:53:46,678 [INFO] rit_api: MARKET SELL 100 RTM1C47 -> order_id=13577
2026-02-18 23:53:46,701 [INFO] rit_api: MARKET SELL 100 RTM1P47 -> order_id=13578
2026-02-18 23:53:46,725 [INFO] rit_api: MARKET SELL 100 RTM1C47 -> order_id=13579
2026-02-18 23:53:46,748 [INFO] rit_api: MARKET SELL 100 RTM1P47 -> order_id=13580
2026-02-18 23:53:46,769 [INFO] rit_api: MARKET SELL 100 RTM1C47 -> order_id=13581
2026-02-18 23:53:46,792 [INFO] rit_api: MARKET SELL 100 RTM1P47 -> order_id=13582
2026-02-18 23:53:46,814 [INFO] rit_api: MARKET BUY 100 RTM1C54 -> order_id=13584
2026-02-18 23:53:46,837 [INFO] rit_api: MARKET BUY 100 RTM1P45 -> order_id=13586
2026-02-18 23:53:46,860 [INFO] rit_api: MARKET SELL 100 RTM1C47 -> order_id=13587
2026-02-18 23:53:46,882 [INFO] rit_api: MARKET SELL 100 RTM1P47 -> order_id=13588
2026-02-18 23:53:46,904 [INFO] rit_api: MARKET BUY 100 RTM1C54 -> order_id=13589
2026-02-18 23:53:46,927 [INFO] rit_api: MARKET BUY 100 RTM1P45 -> order_id=13590
2026-02-18 23:53:46,950 [INFO] rit_api: MARKET SELL 100 RTM1C47 -> order_id=13591
2026-02-18 23:53:46,974 [INFO] rit_api: MARKET SELL 100 RTM1P47 -> order_id=13592
2026-02-18 23:53:46,996 [INFO] rit_api: MARKET BUY 100 RTM1C54 -> order_id=13593
2026-02-18 23:53:47,018 [INFO] rit_api: MARKET BUY 100 RTM1P45 -> order_id=13594
2026-02-18 23:53:47,041 [INFO] rit_api: MARKET SELL 100 RTM1C47 -> order_id=13596
2026-02-18 23:53:47,063 [INFO] rit_api: MARKET SELL 100 RTM1P47 -> order_id=13598
2026-02-18 23:53:47,085 [INFO] rit_api: MARKET BUY 100 RTM1C54 -> order_id=13599
2026-02-18 23:53:47,106 [INFO] rit_api: MARKET BUY 100 RTM1P45 -> order_id=13600
2026-02-18 23:53:47,127 [INFO] rit_api: MARKET SELL 100 RTM1C47 -> order_id=13601
2026-02-18 23:53:47,128 [WARNING] trading_engine: Gross limit approaching (2600), stopping
2026-02-18 23:53:47,128 [WARNING] trading_engine: ATM-EXTRA put leg short by 100, closing unmatched calls
2026-02-18 23:53:47,128 [WARNING] trading_engine: Gross limit approaching (2600), stopping
2026-02-18 23:53:47,128 [WARNING] trading_engine: ATM-EXTRA unmatched-call close incomplete: 0/100
2026-02-18 23:53:47,128 [WARNING] trading_engine: ATM extra short by 100, unwinding unmatched extreme legs
2026-02-18 23:53:47,128 [WARNING] trading_engine: Gross limit approaching (2600), stopping
2026-02-18 23:53:47,129 [INFO] trading_engine: STRADDLE SELL 800/1250 @ K=47: 25 orders | ATM 900C+800P | EXTREME C54 400 + P45 400
2026-02-18 23:53:47,129 [INFO] trading_engine: POSITIONED: 1250 SHORT straddles @ 47 (week 4, expected $22415)
2026-02-18 23:53:47,556 [INFO] news_parser: NEWS: Current realized vol = 26.0% (history: ['20%', '14%', '17%', '27%', '31%', '23%', '26%']) [NOW USING REALIZED]
2026-02-18 23:53:47,607 [INFO] rit_api: MARKET BUY 3324 RTM -> order_id=13676
2026-02-18 23:53:47,608 [INFO] trading_engine: HEDGE BUY 3324 RTM | delta -3324 -> ~-0 | target -0 (0% of limit 9000) | interval 1t
2026-02-18 23:53:48,609 [INFO] rit_api: MARKET SELL 5400 RTM -> order_id=13768
2026-02-18 23:53:48,609 [INFO] trading_engine: HEDGE SELL 5400 RTM | delta 5400 -> ~0 | target 0 (0% of limit 9000) | interval 1t
2026-02-18 23:53:49,618 [INFO] rit_api: MARKET SELL 4357 RTM -> order_id=13901
2026-02-18 23:53:49,619 [INFO] trading_engine: HEDGE SELL 4357 RTM | delta 4357 -> ~-0 | target 0 (0% of limit 9000) | interval 1t
2026-02-18 23:53:50,625 [INFO] rit_api: MARKET SELL 2102 RTM -> order_id=13968
2026-02-18 23:53:50,626 [INFO] trading_engine: HEDGE SELL 2102 RTM | delta 2102 -> ~0 | target 0 (0% of limit 9000) | interval 1t
2026-02-18 23:53:51,640 [INFO] rit_api: MARKET SELL 2715 RTM -> order_id=14050
2026-02-18 23:53:51,641 [INFO] trading_engine: HEDGE SELL 2715 RTM | delta 2715 -> ~0 | target 0 (0% of limit 9000) | interval 1t
2026-02-18 23:53:52,674 [INFO] trading_engine: Hedge qty capped: requested 11503, capped 10000
2026-02-18 23:53:52,697 [INFO] rit_api: MARKET BUY 10000 RTM -> order_id=14166
2026-02-18 23:53:52,697 [INFO] trading_engine: HEDGE BUY 10000 RTM | delta -11503 -> ~-1503 | target -0 (0% of limit 9000) | interval 1t
2026-02-18 23:53:53,692 [INFO] rit_api: MARKET SELL 1384 RTM -> order_id=14230
2026-02-18 23:53:53,692 [INFO] trading_engine: HEDGE SELL 1384 RTM | delta 1384 -> ~0 | target 0 (0% of limit 9000) | interval 1t
2026-02-18 23:53:54,626 [INFO] trading_engine: Hedge qty capped: requested 10672, capped 10000
2026-02-18 23:53:54,646 [INFO] rit_api: MARKET BUY 10000 RTM -> order_id=14297
2026-02-18 23:53:54,647 [INFO] trading_engine: HEDGE BUY 10000 RTM | delta -10672 -> ~-672 | target -0 (0% of limit 9000) | interval 1t
2026-02-18 23:53:55,657 [INFO] rit_api: MARKET BUY 575 RTM -> order_id=14369
2026-02-18 23:53:55,658 [INFO] trading_engine: HEDGE BUY 575 RTM | delta -575 -> ~-0 | target -0 (0% of limit 9000) | interval 1t
2026-02-18 23:53:56,664 [INFO] rit_api: MARKET SELL 825 RTM -> order_id=14480
2026-02-18 23:53:56,665 [INFO] trading_engine: HEDGE SELL 825 RTM | delta 825 -> ~0 | target 0 (0% of limit 9000) | interval 1t
2026-02-18 23:53:57,670 [INFO] rit_api: MARKET SELL 473 RTM -> order_id=14532
2026-02-18 23:53:57,670 [INFO] trading_engine: HEDGE SELL 473 RTM | delta 473 -> ~-0 | target 0 (0% of limit 9000) | interval 1t
2026-02-18 23:53:58,675 [INFO] rit_api: MARKET SELL 111 RTM -> order_id=14581
2026-02-18 23:53:58,675 [INFO] trading_engine: HEDGE SELL 111 RTM | delta 111 -> ~-0 | target 0 (0% of limit 9000) | interval 1t
2026-02-18 23:53:59,671 [INFO] rit_api: MARKET SELL 2343 RTM -> order_id=14630
2026-02-18 23:53:59,672 [INFO] trading_engine: HEDGE SELL 2343 RTM | delta 2343 -> ~-0 | target 0 (0% of limit 9000) | interval 1t
2026-02-18 23:54:00,679 [INFO] rit_api: MARKET BUY 3673 RTM -> order_id=14736
2026-02-18 23:54:00,679 [INFO] trading_engine: HEDGE BUY 3673 RTM | delta -3673 -> ~-0 | target -0 (0% of limit 9000) | interval 1t
2026-02-18 23:54:01,689 [INFO] rit_api: MARKET BUY 9279 RTM -> order_id=14795
2026-02-18 23:54:01,689 [INFO] trading_engine: HEDGE BUY 9279 RTM | delta -9279 -> ~0 | target -0 (0% of limit 9000) | interval 1t
2026-02-18 23:54:02,678 [INFO] trading_engine: Hedge qty capped: requested 17606, capped 10000
2026-02-18 23:54:02,700 [INFO] rit_api: MARKET BUY 10000 RTM -> order_id=14904
2026-02-18 23:54:02,700 [INFO] trading_engine: HEDGE BUY 10000 RTM | delta -17606 -> ~-7606 | target -0 (0% of limit 9000) | interval 1t
2026-02-18 23:54:03,695 [INFO] trading_engine: Hedge qty capped: requested 17915, capped 10000
2026-02-18 23:54:03,719 [INFO] rit_api: MARKET BUY 10000 RTM -> order_id=14962
2026-02-18 23:54:03,719 [INFO] trading_engine: HEDGE BUY 10000 RTM | delta -17915 -> ~-7915 | target -0 (0% of limit 9000) | interval 1t
2026-02-18 23:54:04,704 [INFO] trading_engine: Hedge qty capped: requested 12859, capped 10000
2026-02-18 23:54:04,726 [INFO] rit_api: MARKET BUY 10000 RTM -> order_id=15019
2026-02-18 23:54:04,726 [INFO] trading_engine: HEDGE BUY 10000 RTM | delta -19224 -> ~-9224 | target -0 (0% of limit 9000) | interval 1t
2026-02-18 23:54:05,734 [INFO] rit_api: MARKET BUY 2859 RTM -> order_id=15084
2026-02-18 23:54:05,734 [INFO] trading_engine: HEDGE BUY 2859 RTM | delta -11076 -> ~-8217 | target -0 (0% of limit 9000) | interval 1t
2026-02-18 23:54:06,738 [WARNING] rit_api: POST /orders returned 500: {"code":"INTERNAL_SERVER_ERROR","message":"Order could not be submitted because the order size is 0."}
2026-02-18 23:54:07,740 [WARNING] rit_api: POST /orders returned 500: {"code":"INTERNAL_SERVER_ERROR","message":"Order could not be submitted because the order size is 0."}
2026-02-18 23:54:08,748 [WARNING] rit_api: POST /orders returned 500: {"code":"INTERNAL_SERVER_ERROR","message":"Order could not be submitted because the order size is 0."}
2026-02-18 23:54:09,748 [WARNING] rit_api: POST /orders returned 500: {"code":"INTERNAL_SERVER_ERROR","message":"Order could not be submitted because the order size is 0."}
2026-02-18 23:54:10,760 [WARNING] rit_api: POST /orders returned 500: {"code":"INTERNAL_SERVER_ERROR","message":"Order could not be submitted because the order size is 0."}
2026-02-18 23:54:11,768 [WARNING] rit_api: POST /orders returned 500: {"code":"INTERNAL_SERVER_ERROR","message":"Order could not be submitted because the order size is 0."}
2026-02-18 23:54:12,775 [WARNING] rit_api: POST /orders returned 500: {"code":"INTERNAL_SERVER_ERROR","message":"Order could not be submitted because the order size is 0."}
2026-02-18 23:54:13,777 [WARNING] rit_api: POST /orders returned 500: {"code":"INTERNAL_SERVER_ERROR","message":"Order could not be submitted because the order size is 0."}
2026-02-18 23:54:14,783 [WARNING] rit_api: POST /orders returned 500: {"code":"INTERNAL_SERVER_ERROR","message":"Order could not be submitted because the order size is 0."}
2026-02-18 23:54:15,799 [WARNING] rit_api: POST /orders returned 500: {"code":"INTERNAL_SERVER_ERROR","message":"Order could not be submitted because the order size is 0."}
2026-02-18 23:54:16,807 [WARNING] rit_api: POST /orders returned 500: {"code":"INTERNAL_SERVER_ERROR","message":"Order could not be submitted because the order size is 0."}
2026-02-18 23:54:17,743 [INFO] rit_api: MARKET SELL 67 RTM1P45 -> order_id=15693
2026-02-18 23:54:17,765 [INFO] rit_api: MARKET BUY 100 RTM1C47 -> order_id=15694
2026-02-18 23:54:17,786 [INFO] rit_api: MARKET BUY 34 RTM1C47 -> order_id=15695
2026-02-18 23:54:17,810 [INFO] rit_api: MARKET BUY 100 RTM1P47 -> order_id=15696
2026-02-18 23:54:17,833 [INFO] rit_api: MARKET BUY 34 RTM1P47 -> order_id=15697
2026-02-18 23:54:17,859 [INFO] rit_api: MARKET SELL 67 RTM1C54 -> order_id=15701
2026-02-18 23:54:17,881 [INFO] rit_api: MARKET SELL 8334 RTM -> order_id=15703
2026-02-18 23:54:17,881 [INFO] trading_engine: SCHEDULED CLOSE tick 255: options_closed=402 stock_closed=8334 orders=7
2026-02-18 23:54:17,881 [INFO] trading_engine: Scheduled close week 4 tick 255 (window 255-260), trades=7
2026-02-18 23:54:18,757 [INFO] rit_api: MARKET SELL 67 RTM1P45 -> order_id=15753
2026-02-18 23:54:18,779 [INFO] rit_api: MARKET BUY 100 RTM1C47 -> order_id=15754
2026-02-18 23:54:18,800 [INFO] rit_api: MARKET BUY 34 RTM1C47 -> order_id=15755
2026-02-18 23:54:18,823 [INFO] rit_api: MARKET BUY 100 RTM1P47 -> order_id=15757
2026-02-18 23:54:18,845 [INFO] rit_api: MARKET BUY 34 RTM1P47 -> order_id=15760
2026-02-18 23:54:18,867 [INFO] rit_api: MARKET SELL 67 RTM1C54 -> order_id=15763
2026-02-18 23:54:18,889 [INFO] rit_api: MARKET SELL 8334 RTM -> order_id=15765
2026-02-18 23:54:18,889 [INFO] trading_engine: SCHEDULED CLOSE tick 256: options_closed=402 stock_closed=8334 orders=7
2026-02-18 23:54:18,889 [INFO] trading_engine: Scheduled close week 4 tick 256 (window 255-260), trades=7
2026-02-18 23:54:19,830 [INFO] rit_api: MARKET SELL 67 RTM1P45 -> order_id=15813
2026-02-18 23:54:19,853 [INFO] rit_api: MARKET BUY 100 RTM1C47 -> order_id=15814
2026-02-18 23:54:19,874 [INFO] rit_api: MARKET BUY 33 RTM1C47 -> order_id=15815
2026-02-18 23:54:19,902 [INFO] rit_api: MARKET BUY 100 RTM1P47 -> order_id=15816
2026-02-18 23:54:19,924 [INFO] rit_api: MARKET BUY 33 RTM1P47 -> order_id=15817
2026-02-18 23:54:19,948 [INFO] rit_api: MARKET SELL 67 RTM1C54 -> order_id=15818
2026-02-18 23:54:19,970 [INFO] rit_api: MARKET SELL 8333 RTM -> order_id=15819
2026-02-18 23:54:19,970 [INFO] trading_engine: SCHEDULED CLOSE tick 257: options_closed=400 stock_closed=8333 orders=7
2026-02-18 23:54:19,971 [INFO] trading_engine: Scheduled close week 4 tick 257 (window 255-260), trades=7
2026-02-18 23:54:20,794 [INFO] rit_api: MARKET SELL 67 RTM1P45 -> order_id=15884
2026-02-18 23:54:20,814 [INFO] rit_api: MARKET BUY 100 RTM1C47 -> order_id=15885
2026-02-18 23:54:20,837 [INFO] rit_api: MARKET BUY 33 RTM1C47 -> order_id=15886
2026-02-18 23:54:20,859 [INFO] rit_api: MARKET BUY 100 RTM1P47 -> order_id=15887
2026-02-18 23:54:20,880 [INFO] rit_api: MARKET BUY 33 RTM1P47 -> order_id=15888
2026-02-18 23:54:20,901 [INFO] rit_api: MARKET SELL 67 RTM1C54 -> order_id=15889
2026-02-18 23:54:20,927 [INFO] rit_api: MARKET SELL 8333 RTM -> order_id=15892
2026-02-18 23:54:20,928 [INFO] trading_engine: SCHEDULED CLOSE tick 258: options_closed=400 stock_closed=8333 orders=7
2026-02-18 23:54:20,928 [INFO] trading_engine: Scheduled close week 4 tick 258 (window 255-260), trades=7
2026-02-18 23:54:21,805 [INFO] rit_api: MARKET SELL 66 RTM1P45 -> order_id=15946
2026-02-18 23:54:21,826 [INFO] rit_api: MARKET BUY 100 RTM1C47 -> order_id=15947
2026-02-18 23:54:21,848 [INFO] rit_api: MARKET BUY 33 RTM1C47 -> order_id=15948
2026-02-18 23:54:21,870 [INFO] rit_api: MARKET BUY 100 RTM1P47 -> order_id=15949
2026-02-18 23:54:21,892 [INFO] rit_api: MARKET BUY 33 RTM1P47 -> order_id=15951
2026-02-18 23:54:21,915 [INFO] rit_api: MARKET SELL 66 RTM1C54 -> order_id=15954
2026-02-18 23:54:21,938 [INFO] rit_api: MARKET SELL 8333 RTM -> order_id=15957
2026-02-18 23:54:21,938 [INFO] trading_engine: SCHEDULED CLOSE tick 259: options_closed=398 stock_closed=8333 orders=7
2026-02-18 23:54:21,939 [INFO] trading_engine: Scheduled close week 4 tick 259 (window 255-260), trades=7
2026-02-18 23:54:22,810 [INFO] rit_api: MARKET SELL 66 RTM1P45 -> order_id=16006
2026-02-18 23:54:22,832 [INFO] rit_api: MARKET BUY 100 RTM1C47 -> order_id=16007
2026-02-18 23:54:22,854 [INFO] rit_api: MARKET BUY 33 RTM1C47 -> order_id=16008
2026-02-18 23:54:22,875 [INFO] rit_api: MARKET BUY 100 RTM1P47 -> order_id=16010
2026-02-18 23:54:22,898 [INFO] rit_api: MARKET BUY 33 RTM1P47 -> order_id=16012
2026-02-18 23:54:22,919 [INFO] rit_api: MARKET SELL 66 RTM1C54 -> order_id=16014
2026-02-18 23:54:22,940 [INFO] rit_api: MARKET SELL 8333 RTM -> order_id=16017
2026-02-18 23:54:22,941 [INFO] trading_engine: SCHEDULED CLOSE tick 260: options_closed=398 stock_closed=8333 orders=7
2026-02-18 23:54:22,941 [INFO] trading_engine: Scheduled close week 4 tick 260 (window 255-260), trades=7
2026-02-18 23:54:23,792 [INFO] trading_engine: Position flat. Waiting for next scheduled positioning tick.
2026-02-18 23:56:46,928 [WARNING] rit_api: POST /commands/cancel returned 401: {"code":"UNAUTHORIZED","message":"Simulation must be running."}
