2026-02-15 16:57:45,185 [INFO] news_parser: NEWS: Current realized vol = 11.0% (history: ['11%']) [NOW USING REALIZED]
2026-02-15 16:57:45,185 [INFO] news_parser: NEWS: Delta limit = 15000
2026-02-15 16:57:45,186 [INFO] news_parser: NEWS: Penalty rate = 1.00%
2026-02-15 16:57:45,626 [INFO] trading_engine: WEEK 1 positioning tick 2
2026-02-15 16:57:45,626 [INFO] trading_engine: Immediate positioning at week 1 tick 2
2026-02-15 16:57:45,629 [INFO] optimizer: ============================================================
2026-02-15 16:57:45,629 [INFO] optimizer: OPTIMIZER RESULT: n*=745 LONG straddles @ strike 50
2026-02-15 16:57:45,632 [INFO] optimizer:   Expected profit: $1400.37
2026-02-15 16:57:45,632 [INFO] optimizer:   Gain/contract: $7.2129 | Pos cost/contract: $4.0200
2026-02-15 16:57:45,632 [INFO] optimizer:   Rebalancing cost: $978.33 | Z=0.40
2026-02-15 16:57:45,632 [INFO] optimizer:   Inputs: S0=50.17 sigma=0.1100 sigma_hat=0.0783 L=15000 Gamma=49.8721
2026-02-15 16:57:45,632 [INFO] optimizer:   Spreads: Bo=0.0400 Bs=0.0200 T=0.019231
2026-02-15 16:57:45,633 [INFO] optimizer: ============================================================
2026-02-15 16:57:45,691 [INFO] rit_api: MARKET BUY 100 RTM1C50 -> order_id=88
2026-02-15 16:57:45,752 [INFO] rit_api: MARKET BUY 100 RTM1P50 -> order_id=91
2026-02-15 16:57:45,813 [INFO] rit_api: MARKET BUY 100 RTM1C50 -> order_id=94
2026-02-15 16:57:45,876 [INFO] rit_api: MARKET BUY 100 RTM1P50 -> order_id=97
2026-02-15 16:57:45,936 [INFO] rit_api: MARKET BUY 100 RTM1C50 -> order_id=100
2026-02-15 16:57:46,004 [INFO] rit_api: MARKET BUY 100 RTM1P50 -> order_id=103
2026-02-15 16:57:46,066 [INFO] rit_api: MARKET BUY 100 RTM1C50 -> order_id=106
2026-02-15 16:57:46,125 [INFO] rit_api: MARKET BUY 100 RTM1P50 -> order_id=109
2026-02-15 16:57:46,186 [INFO] rit_api: MARKET BUY 100 RTM1C50 -> order_id=112
2026-02-15 16:57:46,187 [WARNING] trading_engine: Net limit approaching (1000), stopping
2026-02-15 16:57:46,187 [WARNING] trading_engine: Put leg short by 100, closing unmatched calls
2026-02-15 16:57:46,249 [INFO] rit_api: MARKET SELL 100 RTM1C50 -> order_id=115
2026-02-15 16:57:46,250 [INFO] trading_engine: STRADDLE BUY 400/745 @ K=50: 9 orders (400C+400P filled)
2026-02-15 16:57:46,250 [INFO] trading_engine: POSITIONED: 745 LONG straddles @ 50 (week 1, expected $1400)
2026-02-15 16:57:51,769 [INFO] rit_api: MARKET SELL 10000 RTM -> order_id=376
2026-02-15 16:57:51,769 [INFO] trading_engine: HEDGE SELL 10000 RTM | delta 13619 -> ~3619 | limit 15000 (91%)
2026-02-15 16:58:08,947 [INFO] rit_api: MARKET SELL 10000 RTM -> order_id=1096
2026-02-15 16:58:08,947 [INFO] trading_engine: HEDGE SELL 10000 RTM | delta 14678 -> ~4678 | limit 15000 (98%)
2026-02-15 16:58:18,943 [INFO] rit_api: MARKET SELL 10 RTM1C50 -> order_id=1525
2026-02-15 16:58:19,002 [INFO] rit_api: MARKET SELL 10 RTM1P50 -> order_id=1526
2026-02-15 16:58:19,003 [INFO] trading_engine: Scheduled close week 1 tick 35 (window 35-74), trades=2
2026-02-15 16:58:19,852 [INFO] news_parser: NEWS: Current realized vol = 11.0% (history: ['11%', '11%']) [NOW USING REALIZED]
2026-02-15 16:58:19,852 [INFO] news_parser: NEWS: Forecast vol next week = 11.0% - 16.0% (mid=13.5%) [NOW USING FORECAST]
2026-02-15 16:58:19,916 [INFO] rit_api: MARKET SELL 10 RTM1C50 -> order_id=1571
2026-02-15 16:58:19,976 [INFO] rit_api: MARKET SELL 10 RTM1P50 -> order_id=1572
2026-02-15 16:58:19,976 [INFO] trading_engine: Scheduled close week 1 tick 36 (window 35-74), trades=2
2026-02-15 16:58:20,940 [INFO] rit_api: MARKET SELL 10 RTM1C50 -> order_id=1615
2026-02-15 16:58:21,000 [INFO] rit_api: MARKET SELL 10 RTM1P50 -> order_id=1616
2026-02-15 16:58:21,000 [INFO] trading_engine: Scheduled close week 1 tick 37 (window 35-74), trades=2
2026-02-15 16:58:21,927 [INFO] rit_api: MARKET SELL 10 RTM1C50 -> order_id=1659
2026-02-15 16:58:21,987 [INFO] rit_api: MARKET SELL 10 RTM1P50 -> order_id=1660
2026-02-15 16:58:21,988 [INFO] trading_engine: Scheduled close week 1 tick 38 (window 35-74), trades=2
2026-02-15 16:58:22,957 [INFO] rit_api: MARKET SELL 10 RTM1C50 -> order_id=1703
2026-02-15 16:58:23,020 [INFO] rit_api: MARKET SELL 10 RTM1P50 -> order_id=1704
2026-02-15 16:58:23,021 [INFO] trading_engine: Scheduled close week 1 tick 39 (window 35-74), trades=2
2026-02-15 16:58:23,937 [INFO] rit_api: MARKET SELL 10 RTM1C50 -> order_id=1747
2026-02-15 16:58:23,998 [INFO] rit_api: MARKET SELL 10 RTM1P50 -> order_id=1748
2026-02-15 16:58:23,999 [INFO] trading_engine: Scheduled close week 1 tick 40 (window 35-74), trades=2
2026-02-15 16:58:24,967 [INFO] rit_api: MARKET SELL 10 RTM1C50 -> order_id=1791
2026-02-15 16:58:25,027 [INFO] rit_api: MARKET SELL 10 RTM1P50 -> order_id=1792
2026-02-15 16:58:25,028 [INFO] trading_engine: Scheduled close week 1 tick 41 (window 35-74), trades=2
2026-02-15 16:58:25,939 [INFO] rit_api: MARKET SELL 10 RTM1C50 -> order_id=1835
2026-02-15 16:58:25,998 [INFO] rit_api: MARKET SELL 10 RTM1P50 -> order_id=1836
2026-02-15 16:58:25,998 [INFO] trading_engine: Scheduled close week 1 tick 42 (window 35-74), trades=2
2026-02-15 16:58:26,958 [INFO] rit_api: MARKET SELL 10 RTM1C50 -> order_id=1879
2026-02-15 16:58:27,017 [INFO] rit_api: MARKET SELL 10 RTM1P50 -> order_id=1880
2026-02-15 16:58:27,018 [INFO] trading_engine: Scheduled close week 1 tick 43 (window 35-74), trades=2
2026-02-15 16:58:27,979 [INFO] rit_api: MARKET SELL 10 RTM1C50 -> order_id=1923
2026-02-15 16:58:28,037 [INFO] rit_api: MARKET SELL 10 RTM1P50 -> order_id=1924
2026-02-15 16:58:28,037 [INFO] trading_engine: Scheduled close week 1 tick 44 (window 35-74), trades=2
2026-02-15 16:58:28,991 [INFO] rit_api: MARKET SELL 10 RTM1C50 -> order_id=1967
2026-02-15 16:58:29,050 [INFO] rit_api: MARKET SELL 10 RTM1P50 -> order_id=1968
2026-02-15 16:58:29,051 [INFO] trading_engine: Scheduled close week 1 tick 45 (window 35-74), trades=2
2026-02-15 16:58:29,961 [INFO] rit_api: MARKET SELL 10 RTM1C50 -> order_id=2011
2026-02-15 16:58:30,019 [INFO] rit_api: MARKET SELL 10 RTM1P50 -> order_id=2012
2026-02-15 16:58:30,020 [INFO] trading_engine: Scheduled close week 1 tick 46 (window 35-74), trades=2
2026-02-15 16:58:30,983 [INFO] rit_api: MARKET SELL 10 RTM1C50 -> order_id=2055
2026-02-15 16:58:31,043 [INFO] rit_api: MARKET SELL 10 RTM1P50 -> order_id=2056
2026-02-15 16:58:31,044 [INFO] trading_engine: Scheduled close week 1 tick 47 (window 35-74), trades=2
2026-02-15 16:58:32,011 [INFO] rit_api: MARKET SELL 10 RTM1C50 -> order_id=2100
2026-02-15 16:58:32,070 [INFO] rit_api: MARKET SELL 10 RTM1P50 -> order_id=2101
2026-02-15 16:58:32,070 [INFO] trading_engine: Scheduled close week 1 tick 48 (window 35-74), trades=2
2026-02-15 16:58:32,991 [INFO] rit_api: MARKET SELL 10 RTM1C50 -> order_id=2144
2026-02-15 16:58:33,051 [INFO] rit_api: MARKET SELL 10 RTM1P50 -> order_id=2145
2026-02-15 16:58:33,051 [INFO] trading_engine: Scheduled close week 1 tick 49 (window 35-74), trades=2
2026-02-15 16:58:34,009 [INFO] rit_api: MARKET SELL 10 RTM1C50 -> order_id=2188
2026-02-15 16:58:34,068 [INFO] rit_api: MARKET SELL 10 RTM1P50 -> order_id=2189
2026-02-15 16:58:34,068 [INFO] trading_engine: Scheduled close week 1 tick 50 (window 35-74), trades=2
2026-02-15 16:58:35,030 [INFO] rit_api: MARKET SELL 10 RTM1C50 -> order_id=2232
2026-02-15 16:58:35,089 [INFO] rit_api: MARKET SELL 10 RTM1P50 -> order_id=2233
2026-02-15 16:58:35,090 [INFO] trading_engine: Scheduled close week 1 tick 51 (window 35-74), trades=2
2026-02-15 16:58:36,007 [INFO] rit_api: MARKET SELL 10 RTM1C50 -> order_id=2276
2026-02-15 16:58:36,068 [INFO] rit_api: MARKET SELL 10 RTM1P50 -> order_id=2277
2026-02-15 16:58:36,068 [INFO] trading_engine: Scheduled close week 1 tick 52 (window 35-74), trades=2
2026-02-15 16:58:37,033 [INFO] rit_api: MARKET SELL 10 RTM1C50 -> order_id=2321
2026-02-15 16:58:37,093 [INFO] rit_api: MARKET SELL 10 RTM1P50 -> order_id=2322
2026-02-15 16:58:37,094 [INFO] trading_engine: Scheduled close week 1 tick 53 (window 35-74), trades=2
2026-02-15 16:58:38,006 [INFO] rit_api: MARKET SELL 10 RTM1C50 -> order_id=2365
2026-02-15 16:58:38,066 [INFO] rit_api: MARKET SELL 10 RTM1P50 -> order_id=2366
2026-02-15 16:58:38,066 [INFO] trading_engine: Scheduled close week 1 tick 54 (window 35-74), trades=2
2026-02-15 16:58:39,034 [INFO] rit_api: MARKET SELL 10 RTM1C50 -> order_id=2409
2026-02-15 16:58:39,093 [INFO] rit_api: MARKET SELL 10 RTM1P50 -> order_id=2410
2026-02-15 16:58:39,094 [INFO] trading_engine: Scheduled close week 1 tick 55 (window 35-74), trades=2
2026-02-15 16:58:40,010 [INFO] rit_api: MARKET SELL 10 RTM1C50 -> order_id=2453
2026-02-15 16:58:40,069 [INFO] rit_api: MARKET SELL 10 RTM1P50 -> order_id=2454
2026-02-15 16:58:40,070 [INFO] trading_engine: Scheduled close week 1 tick 56 (window 35-74), trades=2
2026-02-15 16:58:41,030 [INFO] rit_api: MARKET SELL 10 RTM1C50 -> order_id=2497
2026-02-15 16:58:41,089 [INFO] rit_api: MARKET SELL 10 RTM1P50 -> order_id=2498
2026-02-15 16:58:41,090 [INFO] trading_engine: Scheduled close week 1 tick 57 (window 35-74), trades=2
2026-02-15 16:58:42,065 [INFO] rit_api: MARKET SELL 10 RTM1C50 -> order_id=2541
2026-02-15 16:58:42,129 [INFO] rit_api: MARKET SELL 10 RTM1P50 -> order_id=2542
2026-02-15 16:58:42,130 [INFO] trading_engine: Scheduled close week 1 tick 58 (window 35-74), trades=2
2026-02-15 16:58:43,050 [INFO] rit_api: MARKET SELL 10 RTM1C50 -> order_id=2585
2026-02-15 16:58:43,109 [INFO] rit_api: MARKET SELL 10 RTM1P50 -> order_id=2586
2026-02-15 16:58:43,109 [INFO] trading_engine: Scheduled close week 1 tick 59 (window 35-74), trades=2
2026-02-15 16:58:44,079 [INFO] rit_api: MARKET SELL 10 RTM1C50 -> order_id=2629
2026-02-15 16:58:44,138 [INFO] rit_api: MARKET SELL 10 RTM1P50 -> order_id=2630
2026-02-15 16:58:44,139 [INFO] trading_engine: Scheduled close week 1 tick 60 (window 35-74), trades=2
2026-02-15 16:58:45,104 [INFO] rit_api: MARKET SELL 10 RTM1C50 -> order_id=2696
2026-02-15 16:58:45,162 [INFO] rit_api: MARKET SELL 10 RTM1P50 -> order_id=2699
2026-02-15 16:58:45,163 [INFO] trading_engine: Scheduled close week 1 tick 61 (window 35-74), trades=2
2026-02-15 16:58:46,074 [INFO] rit_api: MARKET SELL 10 RTM1C50 -> order_id=2763
2026-02-15 16:58:46,151 [INFO] rit_api: MARKET SELL 10 RTM1P50 -> order_id=2766
2026-02-15 16:58:46,151 [INFO] trading_engine: Scheduled close week 1 tick 62 (window 35-74), trades=2
2026-02-15 16:58:47,067 [INFO] rit_api: MARKET SELL 10 RTM1C50 -> order_id=2831
2026-02-15 16:58:47,127 [INFO] rit_api: MARKET SELL 10 RTM1P50 -> order_id=2832
2026-02-15 16:58:47,127 [INFO] trading_engine: Scheduled close week 1 tick 63 (window 35-74), trades=2
2026-02-15 16:58:48,093 [INFO] rit_api: MARKET SELL 10 RTM1C50 -> order_id=2903
2026-02-15 16:58:48,152 [INFO] rit_api: MARKET SELL 10 RTM1P50 -> order_id=2906
2026-02-15 16:58:48,152 [INFO] trading_engine: Scheduled close week 1 tick 64 (window 35-74), trades=2
2026-02-15 16:58:49,114 [INFO] rit_api: MARKET SELL 10 RTM1C50 -> order_id=2971
2026-02-15 16:58:49,175 [INFO] rit_api: MARKET SELL 10 RTM1P50 -> order_id=2972
2026-02-15 16:58:49,175 [INFO] trading_engine: Scheduled close week 1 tick 65 (window 35-74), trades=2
2026-02-15 16:58:50,232 [INFO] rit_api: MARKET SELL 10 RTM1C50 -> order_id=3043
2026-02-15 16:58:50,323 [INFO] rit_api: MARKET SELL 10 RTM1P50 -> order_id=3044
2026-02-15 16:58:50,324 [INFO] trading_engine: Scheduled close week 1 tick 66 (window 35-74), trades=2
2026-02-15 16:58:51,269 [INFO] rit_api: MARKET SELL 10 RTM1C50 -> order_id=3109
2026-02-15 16:58:51,359 [INFO] rit_api: MARKET SELL 10 RTM1P50 -> order_id=3113
2026-02-15 16:58:51,359 [INFO] trading_engine: Scheduled close week 1 tick 67 (window 35-74), trades=2
2026-02-15 16:58:52,237 [INFO] rit_api: MARKET SELL 10 RTM1C50 -> order_id=3184
2026-02-15 16:58:52,324 [INFO] rit_api: MARKET SELL 10 RTM1P50 -> order_id=3185
2026-02-15 16:58:52,325 [INFO] trading_engine: Scheduled close week 1 tick 68 (window 35-74), trades=2
2026-02-15 16:58:53,250 [INFO] rit_api: MARKET SELL 10 RTM1C50 -> order_id=3249
2026-02-15 16:58:53,341 [INFO] rit_api: MARKET SELL 10 RTM1P50 -> order_id=3253
2026-02-15 16:58:53,342 [INFO] trading_engine: Scheduled close week 1 tick 69 (window 35-74), trades=2
2026-02-15 16:58:54,217 [INFO] rit_api: MARKET SELL 10 RTM1C50 -> order_id=3317
2026-02-15 16:58:54,389 [INFO] rit_api: MARKET SELL 10 RTM1P50 -> order_id=3320
2026-02-15 16:58:54,389 [INFO] trading_engine: Scheduled close week 1 tick 70 (window 35-74), trades=2
2026-02-15 16:58:55,303 [INFO] rit_api: MARKET SELL 10 RTM1C50 -> order_id=3385
2026-02-15 16:58:55,415 [INFO] rit_api: MARKET SELL 10 RTM1P50 -> order_id=3387
2026-02-15 16:58:55,415 [INFO] trading_engine: Scheduled close week 1 tick 71 (window 35-74), trades=2
2026-02-15 16:58:56,179 [INFO] rit_api: MARKET SELL 10 RTM1C50 -> order_id=3452
2026-02-15 16:58:56,240 [INFO] rit_api: MARKET SELL 10 RTM1P50 -> order_id=3455
2026-02-15 16:58:56,241 [INFO] trading_engine: Scheduled close week 1 tick 72 (window 35-74), trades=2
2026-02-15 16:58:57,146 [INFO] rit_api: MARKET SELL 10 RTM1C50 -> order_id=3517
2026-02-15 16:58:57,205 [INFO] rit_api: MARKET SELL 10 RTM1P50 -> order_id=3520
2026-02-15 16:58:57,205 [INFO] trading_engine: Scheduled close week 1 tick 73 (window 35-74), trades=2
2026-02-15 16:58:58,195 [INFO] rit_api: MARKET SELL 10 RTM1C50 -> order_id=3593
2026-02-15 16:58:58,254 [INFO] rit_api: MARKET SELL 10 RTM1P50 -> order_id=3596
2026-02-15 16:58:58,313 [INFO] rit_api: MARKET BUY 10000 RTM -> order_id=3599
2026-02-15 16:58:58,373 [INFO] rit_api: MARKET BUY 10000 RTM -> order_id=3602
2026-02-15 16:58:58,374 [INFO] trading_engine: Scheduled close week 1 tick 74 (window 35-74), trades=4
2026-02-15 16:58:59,117 [INFO] news_parser: NEWS: Current realized vol = 16.0% (history: ['11%', '11%', '16%']) [NOW USING REALIZED]
2026-02-15 16:58:59,120 [INFO] trading_engine: Position flat. Ready to reposition.
2026-02-15 16:59:00,133 [INFO] optimizer: ============================================================
2026-02-15 16:59:00,134 [INFO] optimizer: OPTIMIZER RESULT: n*=1250 LONG straddles @ strike 51
2026-02-15 16:59:00,134 [INFO] optimizer:   Expected profit: $15147.33
2026-02-15 16:59:00,134 [INFO] optimizer:   Gain/contract: $18.9344 | Pos cost/contract: $4.0200
2026-02-15 16:59:00,135 [INFO] optimizer:   Rebalancing cost: $3495.71 | Z=0.31
2026-02-15 16:59:00,135 [INFO] optimizer:   Inputs: S0=51.11 sigma=0.1600 sigma_hat=0.0792 L=15000 Gamma=39.0081
2026-02-15 16:59:00,135 [INFO] optimizer:   Spreads: Bo=0.0400 Bs=0.0200 T=0.019231
2026-02-15 16:59:00,135 [INFO] optimizer: ============================================================
2026-02-15 16:59:00,194 [INFO] rit_api: MARKET BUY 100 RTM1C51 -> order_id=3706
2026-02-15 16:59:00,253 [INFO] rit_api: MARKET BUY 100 RTM1P51 -> order_id=3708
2026-02-15 16:59:00,317 [INFO] rit_api: MARKET BUY 100 RTM1C51 -> order_id=3709
2026-02-15 16:59:00,377 [INFO] rit_api: MARKET BUY 100 RTM1P51 -> order_id=3710
2026-02-15 16:59:00,436 [INFO] rit_api: MARKET BUY 100 RTM1C51 -> order_id=3712
2026-02-15 16:59:00,494 [INFO] rit_api: MARKET BUY 100 RTM1P51 -> order_id=3715
2026-02-15 16:59:00,554 [INFO] rit_api: MARKET BUY 100 RTM1C51 -> order_id=3718
2026-02-15 16:59:00,614 [INFO] rit_api: MARKET BUY 100 RTM1P51 -> order_id=3721
2026-02-15 16:59:00,674 [INFO] rit_api: MARKET BUY 100 RTM1C51 -> order_id=3723
2026-02-15 16:59:00,675 [WARNING] trading_engine: Net limit approaching (1000), stopping
2026-02-15 16:59:00,675 [WARNING] trading_engine: Put leg short by 100, closing unmatched calls
2026-02-15 16:59:00,734 [INFO] rit_api: MARKET SELL 100 RTM1C51 -> order_id=3727
2026-02-15 16:59:00,734 [INFO] trading_engine: STRADDLE BUY 400/1250 @ K=51: 9 orders (400C+400P filled)
2026-02-15 16:59:00,734 [INFO] trading_engine: POSITIONED: 1250 LONG straddles @ 51 (week 2, expected $15147)
2026-02-15 16:59:35,368 [INFO] rit_api: MARKET SELL 11 RTM1C51 -> order_id=5220
2026-02-15 16:59:35,428 [INFO] rit_api: MARKET SELL 11 RTM1P51 -> order_id=5221
2026-02-15 16:59:35,428 [INFO] trading_engine: Scheduled close week 2 tick 111 (window 111-149), trades=2
2026-02-15 16:59:36,278 [INFO] news_parser: NEWS: Current realized vol = 15.0% (history: ['11%', '11%', '16%', '15%']) [NOW USING REALIZED]
2026-02-15 16:59:36,278 [INFO] news_parser: NEWS: Forecast vol next week = 15.0% - 20.0% (mid=17.5%) [NOW USING FORECAST]
2026-02-15 16:59:36,343 [INFO] rit_api: MARKET SELL 11 RTM1C51 -> order_id=5264
2026-02-15 16:59:36,403 [INFO] rit_api: MARKET SELL 11 RTM1P51 -> order_id=5265
2026-02-15 16:59:36,404 [INFO] trading_engine: Scheduled close week 2 tick 112 (window 111-149), trades=2
2026-02-15 16:59:37,376 [INFO] rit_api: MARKET SELL 11 RTM1C51 -> order_id=5308
2026-02-15 16:59:37,437 [INFO] rit_api: MARKET SELL 11 RTM1P51 -> order_id=5309
2026-02-15 16:59:37,437 [INFO] trading_engine: Scheduled close week 2 tick 113 (window 111-149), trades=2
2026-02-15 16:59:38,364 [INFO] rit_api: MARKET SELL 11 RTM1C51 -> order_id=5352
2026-02-15 16:59:38,425 [INFO] rit_api: MARKET SELL 11 RTM1P51 -> order_id=5353
2026-02-15 16:59:38,425 [INFO] trading_engine: Scheduled close week 2 tick 114 (window 111-149), trades=2
2026-02-15 16:59:39,390 [INFO] rit_api: MARKET SELL 11 RTM1C51 -> order_id=5396
2026-02-15 16:59:39,450 [INFO] rit_api: MARKET SELL 11 RTM1P51 -> order_id=5397
2026-02-15 16:59:39,450 [INFO] trading_engine: Scheduled close week 2 tick 115 (window 111-149), trades=2
2026-02-15 16:59:40,366 [INFO] rit_api: MARKET SELL 11 RTM1C51 -> order_id=5440
2026-02-15 16:59:40,429 [INFO] rit_api: MARKET SELL 11 RTM1P51 -> order_id=5441
2026-02-15 16:59:40,430 [INFO] trading_engine: Scheduled close week 2 tick 116 (window 111-149), trades=2
2026-02-15 16:59:41,396 [INFO] rit_api: MARKET SELL 11 RTM1C51 -> order_id=5484
2026-02-15 16:59:41,455 [INFO] rit_api: MARKET SELL 11 RTM1P51 -> order_id=5485
2026-02-15 16:59:41,455 [INFO] trading_engine: Scheduled close week 2 tick 117 (window 111-149), trades=2
2026-02-15 16:59:42,381 [INFO] rit_api: MARKET SELL 11 RTM1C51 -> order_id=5528
2026-02-15 16:59:42,441 [INFO] rit_api: MARKET SELL 11 RTM1P51 -> order_id=5529
2026-02-15 16:59:42,441 [INFO] trading_engine: Scheduled close week 2 tick 118 (window 111-149), trades=2
2026-02-15 16:59:43,407 [INFO] rit_api: MARKET SELL 11 RTM1C51 -> order_id=5572
2026-02-15 16:59:43,470 [INFO] rit_api: MARKET SELL 11 RTM1P51 -> order_id=5573
2026-02-15 16:59:43,471 [INFO] trading_engine: Scheduled close week 2 tick 119 (window 111-149), trades=2
2026-02-15 16:59:44,436 [INFO] rit_api: MARKET SELL 11 RTM1C51 -> order_id=5616
2026-02-15 16:59:44,496 [INFO] rit_api: MARKET SELL 11 RTM1P51 -> order_id=5617
2026-02-15 16:59:44,496 [INFO] trading_engine: Scheduled close week 2 tick 120 (window 111-149), trades=2
2026-02-15 16:59:45,409 [INFO] rit_api: MARKET SELL 10 RTM1C51 -> order_id=5660
2026-02-15 16:59:45,468 [INFO] rit_api: MARKET SELL 10 RTM1P51 -> order_id=5661
2026-02-15 16:59:45,468 [INFO] trading_engine: Scheduled close week 2 tick 121 (window 111-149), trades=2
2026-02-15 16:59:46,435 [INFO] rit_api: MARKET SELL 10 RTM1C51 -> order_id=5704
2026-02-15 16:59:46,493 [INFO] rit_api: MARKET SELL 10 RTM1P51 -> order_id=5705
2026-02-15 16:59:46,494 [INFO] trading_engine: Scheduled close week 2 tick 122 (window 111-149), trades=2
2026-02-15 16:59:47,410 [INFO] rit_api: MARKET SELL 10 RTM1C51 -> order_id=5748
2026-02-15 16:59:47,470 [INFO] rit_api: MARKET SELL 10 RTM1P51 -> order_id=5749
2026-02-15 16:59:47,470 [INFO] trading_engine: Scheduled close week 2 tick 123 (window 111-149), trades=2
2026-02-15 16:59:48,441 [INFO] rit_api: MARKET SELL 10 RTM1C51 -> order_id=5792
2026-02-15 16:59:48,502 [INFO] rit_api: MARKET SELL 10 RTM1P51 -> order_id=5793
2026-02-15 16:59:48,503 [INFO] trading_engine: Scheduled close week 2 tick 124 (window 111-149), trades=2
2026-02-15 16:59:49,418 [INFO] rit_api: MARKET SELL 10 RTM1C51 -> order_id=5836
2026-02-15 16:59:49,478 [INFO] rit_api: MARKET SELL 10 RTM1P51 -> order_id=5837
2026-02-15 16:59:49,478 [INFO] trading_engine: Scheduled close week 2 tick 125 (window 111-149), trades=2
2026-02-15 16:59:50,441 [INFO] rit_api: MARKET SELL 10 RTM1C51 -> order_id=5880
2026-02-15 16:59:50,501 [INFO] rit_api: MARKET SELL 10 RTM1P51 -> order_id=5881
2026-02-15 16:59:50,501 [INFO] trading_engine: Scheduled close week 2 tick 126 (window 111-149), trades=2
2026-02-15 16:59:51,422 [INFO] rit_api: MARKET SELL 10 RTM1C51 -> order_id=5924
2026-02-15 16:59:51,482 [INFO] rit_api: MARKET SELL 10 RTM1P51 -> order_id=5925
2026-02-15 16:59:51,482 [INFO] trading_engine: Scheduled close week 2 tick 127 (window 111-149), trades=2
2026-02-15 16:59:52,453 [INFO] rit_api: MARKET SELL 10 RTM1C51 -> order_id=5972
2026-02-15 16:59:52,514 [INFO] rit_api: MARKET SELL 10 RTM1P51 -> order_id=5973
2026-02-15 16:59:52,514 [INFO] trading_engine: Scheduled close week 2 tick 128 (window 111-149), trades=2
2026-02-15 16:59:53,487 [INFO] rit_api: MARKET SELL 10 RTM1C51 -> order_id=6037
2026-02-15 16:59:53,547 [INFO] rit_api: MARKET SELL 10 RTM1P51 -> order_id=6040
2026-02-15 16:59:53,548 [INFO] trading_engine: Scheduled close week 2 tick 129 (window 111-149), trades=2
2026-02-15 16:59:54,466 [INFO] rit_api: MARKET SELL 10 RTM1C51 -> order_id=6109
2026-02-15 16:59:54,530 [INFO] rit_api: MARKET SELL 10 RTM1P51 -> order_id=6111
2026-02-15 16:59:54,531 [INFO] trading_engine: Scheduled close week 2 tick 130 (window 111-149), trades=2
2026-02-15 16:59:55,439 [INFO] rit_api: MARKET SELL 10 RTM1C51 -> order_id=6183
2026-02-15 16:59:55,512 [INFO] rit_api: MARKET SELL 10 RTM1P51 -> order_id=6186
2026-02-15 16:59:55,512 [INFO] trading_engine: Scheduled close week 2 tick 131 (window 111-149), trades=2
2026-02-15 16:59:56,472 [INFO] rit_api: MARKET SELL 10 RTM1C51 -> order_id=6234
2026-02-15 16:59:56,531 [INFO] rit_api: MARKET SELL 10 RTM1P51 -> order_id=6235
2026-02-15 16:59:56,531 [INFO] trading_engine: Scheduled close week 2 tick 132 (window 111-149), trades=2
2026-02-15 16:59:57,455 [INFO] rit_api: MARKET SELL 10 RTM1C51 -> order_id=6278
2026-02-15 16:59:57,516 [INFO] rit_api: MARKET SELL 10 RTM1P51 -> order_id=6279
2026-02-15 16:59:57,516 [INFO] trading_engine: Scheduled close week 2 tick 133 (window 111-149), trades=2
2026-02-15 16:59:58,487 [INFO] rit_api: MARKET SELL 10 RTM1C51 -> order_id=6322
2026-02-15 16:59:58,562 [INFO] rit_api: MARKET SELL 10 RTM1P51 -> order_id=6323
2026-02-15 16:59:58,562 [INFO] trading_engine: Scheduled close week 2 tick 134 (window 111-149), trades=2
2026-02-15 16:59:59,477 [INFO] rit_api: MARKET SELL 10 RTM1C51 -> order_id=6366
2026-02-15 16:59:59,537 [INFO] rit_api: MARKET SELL 10 RTM1P51 -> order_id=6367
2026-02-15 16:59:59,537 [INFO] trading_engine: Scheduled close week 2 tick 135 (window 111-149), trades=2
2026-02-15 17:00:00,504 [INFO] rit_api: MARKET SELL 10 RTM1C51 -> order_id=6433
2026-02-15 17:00:00,564 [INFO] rit_api: MARKET SELL 10 RTM1P51 -> order_id=6436
2026-02-15 17:00:00,564 [INFO] trading_engine: Scheduled close week 2 tick 136 (window 111-149), trades=2
2026-02-15 17:00:01,476 [INFO] rit_api: MARKET SELL 10 RTM1C51 -> order_id=6503
2026-02-15 17:00:01,536 [INFO] rit_api: MARKET SELL 10 RTM1P51 -> order_id=6506
2026-02-15 17:00:01,537 [INFO] trading_engine: Scheduled close week 2 tick 137 (window 111-149), trades=2
2026-02-15 17:00:02,502 [INFO] rit_api: MARKET SELL 10 RTM1C51 -> order_id=6577
2026-02-15 17:00:02,561 [INFO] rit_api: MARKET SELL 10 RTM1P51 -> order_id=6580
2026-02-15 17:00:02,562 [INFO] trading_engine: Scheduled close week 2 tick 138 (window 111-149), trades=2
2026-02-15 17:00:03,484 [INFO] rit_api: MARKET SELL 10 RTM1C51 -> order_id=6645
2026-02-15 17:00:03,544 [INFO] rit_api: MARKET SELL 10 RTM1P51 -> order_id=6647
2026-02-15 17:00:03,545 [INFO] trading_engine: Scheduled close week 2 tick 139 (window 111-149), trades=2
2026-02-15 17:00:04,512 [INFO] rit_api: MARKET SELL 10 RTM1C51 -> order_id=6719
2026-02-15 17:00:04,570 [INFO] rit_api: MARKET SELL 10 RTM1P51 -> order_id=6722
2026-02-15 17:00:04,571 [INFO] trading_engine: Scheduled close week 2 tick 140 (window 111-149), trades=2
2026-02-15 17:00:05,498 [INFO] rit_api: MARKET SELL 10 RTM1C51 -> order_id=6785
2026-02-15 17:00:05,560 [INFO] rit_api: MARKET SELL 10 RTM1P51 -> order_id=6787
2026-02-15 17:00:05,560 [INFO] trading_engine: Scheduled close week 2 tick 141 (window 111-149), trades=2
2026-02-15 17:00:06,526 [INFO] rit_api: MARKET SELL 10 RTM1C51 -> order_id=6851
2026-02-15 17:00:06,586 [INFO] rit_api: MARKET SELL 10 RTM1P51 -> order_id=6854
2026-02-15 17:00:06,586 [INFO] trading_engine: Scheduled close week 2 tick 142 (window 111-149), trades=2
2026-02-15 17:00:07,551 [INFO] rit_api: MARKET SELL 10 RTM1C51 -> order_id=6925
2026-02-15 17:00:07,609 [INFO] rit_api: MARKET SELL 10 RTM1P51 -> order_id=6928
2026-02-15 17:00:07,609 [INFO] trading_engine: Scheduled close week 2 tick 143 (window 111-149), trades=2
2026-02-15 17:00:08,518 [INFO] rit_api: MARKET SELL 10 RTM1C51 -> order_id=6992
2026-02-15 17:00:08,602 [INFO] rit_api: MARKET SELL 10 RTM1P51 -> order_id=6994
2026-02-15 17:00:08,603 [INFO] trading_engine: Scheduled close week 2 tick 144 (window 111-149), trades=2
2026-02-15 17:00:09,519 [INFO] rit_api: MARKET SELL 10 RTM1C51 -> order_id=7060
2026-02-15 17:00:09,578 [INFO] rit_api: MARKET SELL 10 RTM1P51 -> order_id=7062
2026-02-15 17:00:09,579 [INFO] trading_engine: Scheduled close week 2 tick 145 (window 111-149), trades=2
2026-02-15 17:00:10,538 [INFO] rit_api: MARKET SELL 10 RTM1C51 -> order_id=7129
2026-02-15 17:00:10,596 [INFO] rit_api: MARKET SELL 10 RTM1P51 -> order_id=7132
2026-02-15 17:00:10,596 [INFO] trading_engine: Scheduled close week 2 tick 146 (window 111-149), trades=2
2026-02-15 17:00:11,553 [INFO] rit_api: MARKET SELL 10 RTM1C51 -> order_id=7196
2026-02-15 17:00:11,612 [INFO] rit_api: MARKET SELL 10 RTM1P51 -> order_id=7198
2026-02-15 17:00:11,613 [INFO] trading_engine: Scheduled close week 2 tick 147 (window 111-149), trades=2
2026-02-15 17:00:12,571 [INFO] rit_api: MARKET SELL 10 RTM1C51 -> order_id=7253
2026-02-15 17:00:12,630 [INFO] rit_api: MARKET SELL 10 RTM1P51 -> order_id=7256
2026-02-15 17:00:12,630 [INFO] trading_engine: Scheduled close week 2 tick 148 (window 111-149), trades=2
2026-02-15 17:00:13,546 [INFO] rit_api: MARKET SELL 10 RTM1C51 -> order_id=7327
2026-02-15 17:00:13,605 [INFO] rit_api: MARKET SELL 10 RTM1P51 -> order_id=7330
2026-02-15 17:00:13,605 [INFO] trading_engine: Scheduled close week 2 tick 149 (window 111-149), trades=2
2026-02-15 17:00:14,508 [INFO] news_parser: NEWS: Current realized vol = 19.0% (history: ['11%', '11%', '16%', '15%', '19%']) [NOW USING REALIZED]
2026-02-15 17:00:14,512 [INFO] trading_engine: Position flat. Ready to reposition.
2026-02-15 17:00:15,518 [INFO] optimizer: ============================================================
2026-02-15 17:00:15,519 [INFO] optimizer: OPTIMIZER RESULT: n*=1250 LONG straddles @ strike 51
2026-02-15 17:00:15,519 [INFO] optimizer:   Expected profit: $17857.11
2026-02-15 17:00:15,519 [INFO] optimizer:   Gain/contract: $22.8214 | Pos cost/contract: $4.0200
2026-02-15 17:00:15,519 [INFO] optimizer:   Rebalancing cost: $5644.66 | Z=0.30
2026-02-15 17:00:15,519 [INFO] optimizer:   Inputs: S0=51.13 sigma=0.1900 sigma_hat=0.1164 L=15000 Gamma=40.2247
2026-02-15 17:00:15,519 [INFO] optimizer:   Spreads: Bo=0.0400 Bs=0.0200 T=0.019231
2026-02-15 17:00:15,519 [INFO] optimizer: ============================================================
2026-02-15 17:00:15,577 [INFO] rit_api: MARKET BUY 100 RTM1C51 -> order_id=7457
2026-02-15 17:00:15,635 [INFO] rit_api: MARKET BUY 100 RTM1P51 -> order_id=7460
2026-02-15 17:00:15,694 [INFO] rit_api: MARKET BUY 100 RTM1C51 -> order_id=7463
2026-02-15 17:00:15,751 [INFO] rit_api: MARKET BUY 100 RTM1P51 -> order_id=7465
2026-02-15 17:00:15,808 [INFO] rit_api: MARKET BUY 100 RTM1C51 -> order_id=7468
2026-02-15 17:00:15,866 [INFO] rit_api: MARKET BUY 100 RTM1P51 -> order_id=7471
2026-02-15 17:00:15,923 [INFO] rit_api: MARKET BUY 100 RTM1C51 -> order_id=7474
2026-02-15 17:00:15,981 [INFO] rit_api: MARKET BUY 100 RTM1P51 -> order_id=7477
2026-02-15 17:00:16,039 [INFO] rit_api: MARKET BUY 100 RTM1C51 -> order_id=7480
2026-02-15 17:00:16,039 [WARNING] trading_engine: Net limit approaching (1000), stopping
2026-02-15 17:00:16,040 [WARNING] trading_engine: Put leg short by 100, closing unmatched calls
2026-02-15 17:00:16,099 [INFO] rit_api: MARKET SELL 100 RTM1C51 -> order_id=7483
2026-02-15 17:00:16,099 [INFO] trading_engine: STRADDLE BUY 400/1250 @ K=51: 9 orders (400C+400P filled)
2026-02-15 17:00:16,099 [INFO] trading_engine: POSITIONED: 1250 LONG straddles @ 51 (week 3, expected $17857)
2026-02-15 17:00:29,682 [INFO] rit_api: MARKET BUY 10000 RTM -> order_id=8116
2026-02-15 17:00:29,682 [INFO] trading_engine: HEDGE BUY 10000 RTM | delta -16923 -> ~-6923 | limit 15000 (113%)
2026-02-15 17:00:50,732 [INFO] rit_api: MARKET SELL 11 RTM1C51 -> order_id=9006
2026-02-15 17:00:50,791 [INFO] rit_api: MARKET SELL 11 RTM1P51 -> order_id=9007
2026-02-15 17:00:50,791 [INFO] trading_engine: Scheduled close week 3 tick 186 (window 186-224), trades=2
2026-02-15 17:00:51,687 [INFO] news_parser: NEWS: Current realized vol = 21.0% (history: ['11%', '11%', '16%', '15%', '19%', '21%']) [NOW USING REALIZED]
2026-02-15 17:00:51,687 [INFO] news_parser: NEWS: Forecast vol next week = 21.0% - 26.0% (mid=23.5%) [NOW USING FORECAST]
2026-02-15 17:00:51,747 [INFO] rit_api: MARKET SELL 11 RTM1C51 -> order_id=9053
2026-02-15 17:00:51,805 [INFO] rit_api: MARKET SELL 11 RTM1P51 -> order_id=9054
2026-02-15 17:00:51,806 [INFO] trading_engine: Scheduled close week 3 tick 187 (window 186-224), trades=2
2026-02-15 17:00:52,757 [INFO] rit_api: MARKET SELL 11 RTM1C51 -> order_id=9097
2026-02-15 17:00:52,819 [INFO] rit_api: MARKET SELL 11 RTM1P51 -> order_id=9098
2026-02-15 17:00:52,819 [INFO] trading_engine: Scheduled close week 3 tick 188 (window 186-224), trades=2
2026-02-15 17:00:53,771 [INFO] rit_api: MARKET SELL 11 RTM1C51 -> order_id=9143
2026-02-15 17:00:53,829 [INFO] rit_api: MARKET SELL 11 RTM1P51 -> order_id=9144
2026-02-15 17:00:53,829 [INFO] trading_engine: Scheduled close week 3 tick 189 (window 186-224), trades=2
2026-02-15 17:00:54,727 [INFO] rit_api: MARKET SELL 11 RTM1C51 -> order_id=9188
2026-02-15 17:00:54,784 [INFO] rit_api: MARKET SELL 11 RTM1P51 -> order_id=9189
2026-02-15 17:00:54,785 [INFO] trading_engine: Scheduled close week 3 tick 190 (window 186-224), trades=2
2026-02-15 17:00:55,742 [INFO] rit_api: MARKET SELL 11 RTM1C51 -> order_id=9232
2026-02-15 17:00:55,799 [INFO] rit_api: MARKET SELL 11 RTM1P51 -> order_id=9233
2026-02-15 17:00:55,800 [INFO] trading_engine: Scheduled close week 3 tick 191 (window 186-224), trades=2
2026-02-15 17:00:56,753 [INFO] rit_api: MARKET SELL 11 RTM1C51 -> order_id=9276
2026-02-15 17:00:56,812 [INFO] rit_api: MARKET SELL 11 RTM1P51 -> order_id=9277
2026-02-15 17:00:56,812 [INFO] trading_engine: Scheduled close week 3 tick 192 (window 186-224), trades=2
2026-02-15 17:00:57,760 [INFO] rit_api: MARKET SELL 11 RTM1C51 -> order_id=9320
2026-02-15 17:00:57,828 [INFO] rit_api: MARKET SELL 11 RTM1P51 -> order_id=9321
2026-02-15 17:00:57,828 [INFO] trading_engine: Scheduled close week 3 tick 193 (window 186-224), trades=2
2026-02-15 17:00:58,777 [INFO] rit_api: MARKET SELL 11 RTM1C51 -> order_id=9364
2026-02-15 17:00:58,836 [INFO] rit_api: MARKET SELL 11 RTM1P51 -> order_id=9365
2026-02-15 17:00:58,837 [INFO] trading_engine: Scheduled close week 3 tick 194 (window 186-224), trades=2
2026-02-15 17:00:59,787 [INFO] rit_api: MARKET SELL 11 RTM1C51 -> order_id=9408
2026-02-15 17:00:59,846 [INFO] rit_api: MARKET SELL 11 RTM1P51 -> order_id=9409
2026-02-15 17:00:59,847 [INFO] trading_engine: Scheduled close week 3 tick 195 (window 186-224), trades=2
2026-02-15 17:01:00,754 [INFO] rit_api: MARKET SELL 10 RTM1C51 -> order_id=9452
2026-02-15 17:01:00,812 [INFO] rit_api: MARKET SELL 10 RTM1P51 -> order_id=9453
2026-02-15 17:01:00,812 [INFO] trading_engine: Scheduled close week 3 tick 196 (window 186-224), trades=2
2026-02-15 17:01:01,773 [INFO] rit_api: MARKET SELL 10 RTM1C51 -> order_id=9497
2026-02-15 17:01:01,831 [INFO] rit_api: MARKET SELL 10 RTM1P51 -> order_id=9498
2026-02-15 17:01:01,831 [INFO] trading_engine: Scheduled close week 3 tick 197 (window 186-224), trades=2
2026-02-15 17:01:02,785 [INFO] rit_api: MARKET SELL 10 RTM1C51 -> order_id=9541
2026-02-15 17:01:02,843 [INFO] rit_api: MARKET SELL 10 RTM1P51 -> order_id=9542
2026-02-15 17:01:02,844 [INFO] trading_engine: Scheduled close week 3 tick 198 (window 186-224), trades=2
2026-02-15 17:01:03,849 [INFO] rit_api: MARKET SELL 10 RTM1C51 -> order_id=9612
2026-02-15 17:01:03,907 [INFO] rit_api: MARKET SELL 10 RTM1P51 -> order_id=9613
2026-02-15 17:01:03,908 [INFO] trading_engine: Scheduled close week 3 tick 199 (window 186-224), trades=2
2026-02-15 17:01:04,811 [INFO] rit_api: MARKET SELL 10 RTM1C51 -> order_id=9656
2026-02-15 17:01:04,869 [INFO] rit_api: MARKET SELL 10 RTM1P51 -> order_id=9657
2026-02-15 17:01:04,870 [INFO] trading_engine: Scheduled close week 3 tick 200 (window 186-224), trades=2
2026-02-15 17:01:05,817 [INFO] rit_api: MARKET SELL 10 RTM1C51 -> order_id=9700
2026-02-15 17:01:05,875 [INFO] rit_api: MARKET SELL 10 RTM1P51 -> order_id=9701
2026-02-15 17:01:05,875 [INFO] trading_engine: Scheduled close week 3 tick 201 (window 186-224), trades=2
2026-02-15 17:01:06,833 [INFO] rit_api: MARKET SELL 10 RTM1C51 -> order_id=9745
2026-02-15 17:01:06,892 [INFO] rit_api: MARKET SELL 10 RTM1P51 -> order_id=9746
2026-02-15 17:01:06,892 [INFO] trading_engine: Scheduled close week 3 tick 202 (window 186-224), trades=2
2026-02-15 17:01:07,847 [INFO] rit_api: MARKET SELL 10 RTM1C51 -> order_id=9790
2026-02-15 17:01:07,904 [INFO] rit_api: MARKET SELL 10 RTM1P51 -> order_id=9791
2026-02-15 17:01:07,904 [INFO] trading_engine: Scheduled close week 3 tick 203 (window 186-224), trades=2
2026-02-15 17:01:08,853 [INFO] rit_api: MARKET SELL 10 RTM1C51 -> order_id=9834
2026-02-15 17:01:08,910 [INFO] rit_api: MARKET SELL 10 RTM1P51 -> order_id=9835
2026-02-15 17:01:08,910 [INFO] trading_engine: Scheduled close week 3 tick 204 (window 186-224), trades=2
2026-02-15 17:01:09,864 [INFO] rit_api: MARKET SELL 10 RTM1C51 -> order_id=9879
2026-02-15 17:01:09,921 [INFO] rit_api: MARKET SELL 10 RTM1P51 -> order_id=9880
2026-02-15 17:01:09,921 [INFO] trading_engine: Scheduled close week 3 tick 205 (window 186-224), trades=2
2026-02-15 17:01:10,832 [INFO] rit_api: MARKET SELL 10 RTM1C51 -> order_id=9923
2026-02-15 17:01:10,888 [INFO] rit_api: MARKET SELL 10 RTM1P51 -> order_id=9925
2026-02-15 17:01:10,889 [INFO] trading_engine: Scheduled close week 3 tick 206 (window 186-224), trades=2
2026-02-15 17:01:11,847 [INFO] rit_api: MARKET SELL 10 RTM1C51 -> order_id=9968
2026-02-15 17:01:11,904 [INFO] rit_api: MARKET SELL 10 RTM1P51 -> order_id=9969
2026-02-15 17:01:11,905 [INFO] trading_engine: Scheduled close week 3 tick 207 (window 186-224), trades=2
2026-02-15 17:01:12,861 [INFO] rit_api: MARKET SELL 10 RTM1C51 -> order_id=10012
2026-02-15 17:01:12,921 [INFO] rit_api: MARKET SELL 10 RTM1P51 -> order_id=10013
2026-02-15 17:01:12,921 [INFO] trading_engine: Scheduled close week 3 tick 208 (window 186-224), trades=2
2026-02-15 17:01:13,877 [INFO] rit_api: MARKET SELL 10 RTM1C51 -> order_id=10056
2026-02-15 17:01:13,934 [INFO] rit_api: MARKET SELL 10 RTM1P51 -> order_id=10057
2026-02-15 17:01:13,934 [INFO] trading_engine: Scheduled close week 3 tick 209 (window 186-224), trades=2
2026-02-15 17:01:14,882 [INFO] rit_api: MARKET SELL 10 RTM1C51 -> order_id=10100
2026-02-15 17:01:14,940 [INFO] rit_api: MARKET SELL 10 RTM1P51 -> order_id=10101
2026-02-15 17:01:14,941 [INFO] trading_engine: Scheduled close week 3 tick 210 (window 186-224), trades=2
2026-02-15 17:01:15,899 [INFO] rit_api: MARKET SELL 10 RTM1C51 -> order_id=10144
2026-02-15 17:01:15,957 [INFO] rit_api: MARKET SELL 10 RTM1P51 -> order_id=10145
2026-02-15 17:01:15,957 [INFO] trading_engine: Scheduled close week 3 tick 211 (window 186-224), trades=2
2026-02-15 17:01:16,918 [INFO] rit_api: MARKET SELL 10 RTM1C51 -> order_id=10188
2026-02-15 17:01:16,976 [INFO] rit_api: MARKET SELL 10 RTM1P51 -> order_id=10189
2026-02-15 17:01:16,977 [INFO] trading_engine: Scheduled close week 3 tick 212 (window 186-224), trades=2
2026-02-15 17:01:17,883 [INFO] rit_api: MARKET SELL 10 RTM1C51 -> order_id=10233
2026-02-15 17:01:17,943 [INFO] rit_api: MARKET SELL 10 RTM1P51 -> order_id=10234
2026-02-15 17:01:17,944 [INFO] trading_engine: Scheduled close week 3 tick 213 (window 186-224), trades=2
2026-02-15 17:01:18,899 [INFO] rit_api: MARKET SELL 10 RTM1C51 -> order_id=10277
2026-02-15 17:01:18,958 [INFO] rit_api: MARKET SELL 10 RTM1P51 -> order_id=10278
2026-02-15 17:01:18,958 [INFO] trading_engine: Scheduled close week 3 tick 214 (window 186-224), trades=2
2026-02-15 17:01:19,912 [INFO] rit_api: MARKET SELL 10 RTM1C51 -> order_id=10321
2026-02-15 17:01:19,970 [INFO] rit_api: MARKET SELL 10 RTM1P51 -> order_id=10322
2026-02-15 17:01:19,970 [INFO] trading_engine: Scheduled close week 3 tick 215 (window 186-224), trades=2
2026-02-15 17:01:20,920 [INFO] rit_api: MARKET SELL 10 RTM1C51 -> order_id=10366
2026-02-15 17:01:20,977 [INFO] rit_api: MARKET SELL 10 RTM1P51 -> order_id=10367
2026-02-15 17:01:20,978 [INFO] trading_engine: Scheduled close week 3 tick 216 (window 186-224), trades=2
2026-02-15 17:01:21,935 [INFO] rit_api: MARKET SELL 10 RTM1C51 -> order_id=10410
2026-02-15 17:01:21,993 [INFO] rit_api: MARKET SELL 10 RTM1P51 -> order_id=10411
2026-02-15 17:01:21,994 [INFO] trading_engine: Scheduled close week 3 tick 217 (window 186-224), trades=2
2026-02-15 17:01:22,949 [INFO] rit_api: MARKET SELL 10 RTM1C51 -> order_id=10476
2026-02-15 17:01:23,006 [INFO] rit_api: MARKET SELL 10 RTM1P51 -> order_id=10479
2026-02-15 17:01:23,006 [INFO] trading_engine: Scheduled close week 3 tick 218 (window 186-224), trades=2
2026-02-15 17:01:23,915 [INFO] rit_api: MARKET SELL 10 RTM1C51 -> order_id=10542
2026-02-15 17:01:23,977 [INFO] rit_api: MARKET SELL 10 RTM1P51 -> order_id=10545
2026-02-15 17:01:23,977 [INFO] trading_engine: Scheduled close week 3 tick 219 (window 186-224), trades=2
2026-02-15 17:01:24,936 [INFO] rit_api: MARKET SELL 10 RTM1C51 -> order_id=10617
2026-02-15 17:01:24,995 [INFO] rit_api: MARKET SELL 10 RTM1P51 -> order_id=10619
2026-02-15 17:01:24,996 [INFO] trading_engine: Scheduled close week 3 tick 220 (window 186-224), trades=2
2026-02-15 17:01:25,948 [INFO] rit_api: MARKET SELL 10 RTM1C51 -> order_id=10687
2026-02-15 17:01:26,009 [INFO] rit_api: MARKET SELL 10 RTM1P51 -> order_id=10690
2026-02-15 17:01:26,009 [INFO] trading_engine: Scheduled close week 3 tick 221 (window 186-224), trades=2
2026-02-15 17:01:26,971 [INFO] rit_api: MARKET SELL 10 RTM1C51 -> order_id=10757
2026-02-15 17:01:27,030 [INFO] rit_api: MARKET SELL 10 RTM1P51 -> order_id=10759
2026-02-15 17:01:27,031 [INFO] trading_engine: Scheduled close week 3 tick 222 (window 186-224), trades=2
2026-02-15 17:01:27,939 [INFO] rit_api: MARKET SELL 10 RTM1C51 -> order_id=10823
2026-02-15 17:01:27,999 [INFO] rit_api: MARKET SELL 10 RTM1P51 -> order_id=10824
2026-02-15 17:01:27,999 [INFO] trading_engine: Scheduled close week 3 tick 223 (window 186-224), trades=2
2026-02-15 17:01:28,957 [INFO] rit_api: MARKET SELL 10 RTM1C51 -> order_id=10893
2026-02-15 17:01:29,015 [INFO] rit_api: MARKET SELL 10 RTM1P51 -> order_id=10895
2026-02-15 17:01:29,073 [INFO] rit_api: MARKET SELL 10000 RTM -> order_id=10898
2026-02-15 17:01:29,073 [INFO] trading_engine: Scheduled close week 3 tick 224 (window 186-224), trades=3
2026-02-15 17:01:29,920 [INFO] news_parser: NEWS: Current realized vol = 22.0% (history: ['11%', '11%', '16%', '15%', '19%', '21%', '22%']) [NOW USING REALIZED]
2026-02-15 17:01:29,923 [INFO] trading_engine: Position flat. Ready to reposition.
2026-02-15 17:01:30,890 [INFO] optimizer: ============================================================
2026-02-15 17:01:30,890 [INFO] optimizer: OPTIMIZER RESULT: n*=1212 LONG straddles @ strike 49
2026-02-15 17:01:30,891 [INFO] optimizer:   Expected profit: $22730.14
2026-02-15 17:01:30,891 [INFO] optimizer:   Gain/contract: $32.9904 | Pos cost/contract: $4.0200
2026-02-15 17:01:30,891 [INFO] optimizer:   Rebalancing cost: $12382.01 | Z=0.24
2026-02-15 17:01:30,891 [INFO] optimizer:   Inputs: S0=48.87 sigma=0.2200 sigma_hat=0.1435 L=15000 Gamma=51.6408
2026-02-15 17:01:30,892 [INFO] optimizer:   Spreads: Bo=0.0400 Bs=0.0200 T=0.019231
2026-02-15 17:01:30,892 [INFO] optimizer: ============================================================
2026-02-15 17:01:30,953 [INFO] rit_api: MARKET BUY 100 RTM1C49 -> order_id=11028
2026-02-15 17:01:31,012 [INFO] rit_api: MARKET BUY 100 RTM1P49 -> order_id=11030
2026-02-15 17:01:31,079 [INFO] rit_api: MARKET BUY 100 RTM1C49 -> order_id=11033
2026-02-15 17:01:31,138 [INFO] rit_api: MARKET BUY 100 RTM1P49 -> order_id=11035
2026-02-15 17:01:31,197 [INFO] rit_api: MARKET BUY 100 RTM1C49 -> order_id=11039
2026-02-15 17:01:31,256 [INFO] rit_api: MARKET BUY 100 RTM1P49 -> order_id=11041
2026-02-15 17:01:31,320 [INFO] rit_api: MARKET BUY 100 RTM1C49 -> order_id=11045
2026-02-15 17:01:31,378 [INFO] rit_api: MARKET BUY 100 RTM1P49 -> order_id=11047
2026-02-15 17:01:31,436 [INFO] rit_api: MARKET BUY 100 RTM1C49 -> order_id=11049
2026-02-15 17:01:31,437 [WARNING] trading_engine: Net limit approaching (1000), stopping
2026-02-15 17:01:31,437 [WARNING] trading_engine: Put leg short by 100, closing unmatched calls
2026-02-15 17:01:31,494 [INFO] rit_api: MARKET SELL 100 RTM1C49 -> order_id=11050
2026-02-15 17:01:31,495 [INFO] trading_engine: STRADDLE BUY 400/1212 @ K=49: 9 orders (400C+400P filled)
2026-02-15 17:01:31,495 [INFO] trading_engine: POSITIONED: 1212 LONG straddles @ 49 (week 4, expected $22730)
2026-02-15 17:01:56,144 [INFO] rit_api: MARKET BUY 10000 RTM -> order_id=12122
2026-02-15 17:01:56,145 [INFO] trading_engine: HEDGE BUY 10000 RTM | delta -13691 -> ~-3691 | limit 15000 (91%)
2026-02-15 17:02:00,131 [INFO] rit_api: MARKET SELL 9 RTM1C49 -> order_id=12294
2026-02-15 17:02:00,189 [INFO] rit_api: MARKET SELL 9 RTM1P49 -> order_id=12295
2026-02-15 17:02:00,189 [INFO] trading_engine: Scheduled close week 4 tick 255 (window 255-299), trades=2
2026-02-15 17:02:01,087 [INFO] rit_api: MARKET SELL 9 RTM1C49 -> order_id=12338
2026-02-15 17:02:01,146 [INFO] rit_api: MARKET SELL 9 RTM1P49 -> order_id=12339
2026-02-15 17:02:01,146 [INFO] trading_engine: Scheduled close week 4 tick 256 (window 255-299), trades=2
2026-02-15 17:02:02,164 [INFO] rit_api: MARKET SELL 9 RTM1C49 -> order_id=12383
2026-02-15 17:02:02,223 [INFO] rit_api: MARKET SELL 9 RTM1P49 -> order_id=12384
2026-02-15 17:02:02,223 [INFO] trading_engine: Scheduled close week 4 tick 257 (window 255-299), trades=2
2026-02-15 17:02:03,127 [INFO] rit_api: MARKET SELL 9 RTM1C49 -> order_id=12428
2026-02-15 17:02:03,186 [INFO] rit_api: MARKET SELL 9 RTM1P49 -> order_id=12429
2026-02-15 17:02:03,186 [INFO] trading_engine: Scheduled close week 4 tick 258 (window 255-299), trades=2
2026-02-15 17:02:04,097 [INFO] rit_api: MARKET SELL 9 RTM1C49 -> order_id=12472
2026-02-15 17:02:04,155 [INFO] rit_api: MARKET SELL 9 RTM1P49 -> order_id=12473
2026-02-15 17:02:04,155 [INFO] trading_engine: Scheduled close week 4 tick 259 (window 255-299), trades=2
2026-02-15 17:02:05,114 [INFO] rit_api: MARKET SELL 9 RTM1C49 -> order_id=12516
2026-02-15 17:02:05,173 [INFO] rit_api: MARKET SELL 9 RTM1P49 -> order_id=12517
2026-02-15 17:02:05,174 [INFO] trading_engine: Scheduled close week 4 tick 260 (window 255-299), trades=2
2026-02-15 17:02:06,130 [INFO] rit_api: MARKET SELL 9 RTM1C49 -> order_id=12565
2026-02-15 17:02:06,190 [INFO] rit_api: MARKET SELL 9 RTM1P49 -> order_id=12568
2026-02-15 17:02:06,190 [INFO] trading_engine: Scheduled close week 4 tick 261 (window 255-299), trades=2
2026-02-15 17:02:07,151 [INFO] rit_api: MARKET SELL 9 RTM1C49 -> order_id=12640
2026-02-15 17:02:07,209 [INFO] rit_api: MARKET SELL 9 RTM1P49 -> order_id=12643
2026-02-15 17:02:07,210 [INFO] trading_engine: Scheduled close week 4 tick 262 (window 255-299), trades=2
2026-02-15 17:02:08,160 [INFO] rit_api: MARKET SELL 9 RTM1C49 -> order_id=12706
2026-02-15 17:02:08,218 [INFO] rit_api: MARKET SELL 9 RTM1P49 -> order_id=12709
2026-02-15 17:02:08,219 [INFO] trading_engine: Scheduled close week 4 tick 263 (window 255-299), trades=2
2026-02-15 17:02:09,171 [INFO] rit_api: MARKET SELL 9 RTM1C49 -> order_id=12771
2026-02-15 17:02:09,228 [INFO] rit_api: MARKET SELL 9 RTM1P49 -> order_id=12772
2026-02-15 17:02:09,228 [INFO] trading_engine: Scheduled close week 4 tick 264 (window 255-299), trades=2
2026-02-15 17:02:10,184 [INFO] rit_api: MARKET SELL 9 RTM1C49 -> order_id=12836
2026-02-15 17:02:10,242 [INFO] rit_api: MARKET SELL 9 RTM1P49 -> order_id=12840
2026-02-15 17:02:10,243 [INFO] trading_engine: Scheduled close week 4 tick 265 (window 255-299), trades=2
2026-02-15 17:02:11,152 [INFO] rit_api: MARKET SELL 9 RTM1C49 -> order_id=12904
2026-02-15 17:02:11,210 [INFO] rit_api: MARKET SELL 9 RTM1P49 -> order_id=12907
2026-02-15 17:02:11,210 [INFO] trading_engine: Scheduled close week 4 tick 266 (window 255-299), trades=2
2026-02-15 17:02:12,174 [INFO] rit_api: MARKET SELL 9 RTM1C49 -> order_id=12974
2026-02-15 17:02:12,232 [INFO] rit_api: MARKET SELL 9 RTM1P49 -> order_id=12977
2026-02-15 17:02:12,233 [INFO] trading_engine: Scheduled close week 4 tick 267 (window 255-299), trades=2
2026-02-15 17:02:13,200 [INFO] rit_api: MARKET SELL 9 RTM1C49 -> order_id=13044
2026-02-15 17:02:13,256 [INFO] rit_api: MARKET SELL 9 RTM1P49 -> order_id=13048
2026-02-15 17:02:13,257 [INFO] trading_engine: Scheduled close week 4 tick 268 (window 255-299), trades=2
2026-02-15 17:02:14,157 [INFO] rit_api: MARKET SELL 9 RTM1C49 -> order_id=13120
2026-02-15 17:02:14,219 [INFO] rit_api: MARKET SELL 9 RTM1P49 -> order_id=13123
2026-02-15 17:02:14,219 [INFO] trading_engine: Scheduled close week 4 tick 269 (window 255-299), trades=2
2026-02-15 17:02:15,174 [INFO] rit_api: MARKET SELL 9 RTM1C49 -> order_id=13172
2026-02-15 17:02:15,232 [INFO] rit_api: MARKET SELL 9 RTM1P49 -> order_id=13173
2026-02-15 17:02:15,232 [INFO] trading_engine: Scheduled close week 4 tick 270 (window 255-299), trades=2
2026-02-15 17:02:16,186 [INFO] rit_api: MARKET SELL 9 RTM1C49 -> order_id=13234
2026-02-15 17:02:16,248 [INFO] rit_api: MARKET SELL 9 RTM1P49 -> order_id=13236
2026-02-15 17:02:16,249 [INFO] trading_engine: Scheduled close week 4 tick 271 (window 255-299), trades=2
2026-02-15 17:02:17,208 [INFO] rit_api: MARKET SELL 9 RTM1C49 -> order_id=13301
2026-02-15 17:02:17,270 [INFO] rit_api: MARKET SELL 9 RTM1P49 -> order_id=13303
2026-02-15 17:02:17,270 [INFO] trading_engine: Scheduled close week 4 tick 272 (window 255-299), trades=2
2026-02-15 17:02:18,220 [INFO] rit_api: MARKET SELL 9 RTM1C49 -> order_id=13376
2026-02-15 17:02:18,283 [INFO] rit_api: MARKET SELL 9 RTM1P49 -> order_id=13378
2026-02-15 17:02:18,283 [INFO] trading_engine: Scheduled close week 4 tick 273 (window 255-299), trades=2
2026-02-15 17:02:19,193 [INFO] rit_api: MARKET SELL 9 RTM1C49 -> order_id=13438
2026-02-15 17:02:19,251 [INFO] rit_api: MARKET SELL 9 RTM1P49 -> order_id=13441
2026-02-15 17:02:19,252 [INFO] trading_engine: Scheduled close week 4 tick 274 (window 255-299), trades=2
2026-02-15 17:02:20,220 [INFO] rit_api: MARKET SELL 9 RTM1C49 -> order_id=13503
2026-02-15 17:02:20,278 [INFO] rit_api: MARKET SELL 9 RTM1P49 -> order_id=13506
2026-02-15 17:02:20,279 [INFO] trading_engine: Scheduled close week 4 tick 275 (window 255-299), trades=2
2026-02-15 17:02:21,236 [INFO] rit_api: MARKET SELL 9 RTM1C49 -> order_id=13577
2026-02-15 17:02:21,294 [INFO] rit_api: MARKET SELL 9 RTM1P49 -> order_id=13580
2026-02-15 17:02:21,294 [INFO] trading_engine: Scheduled close week 4 tick 276 (window 255-299), trades=2
2026-02-15 17:02:22,202 [INFO] rit_api: MARKET SELL 9 RTM1C49 -> order_id=13641
2026-02-15 17:02:22,260 [INFO] rit_api: MARKET SELL 9 RTM1P49 -> order_id=13643
2026-02-15 17:02:22,261 [INFO] trading_engine: Scheduled close week 4 tick 277 (window 255-299), trades=2
2026-02-15 17:02:23,264 [INFO] rit_api: MARKET SELL 9 RTM1C49 -> order_id=13716
2026-02-15 17:02:23,322 [INFO] rit_api: MARKET SELL 9 RTM1P49 -> order_id=13717
2026-02-15 17:02:23,322 [INFO] trading_engine: Scheduled close week 4 tick 278 (window 255-299), trades=2
2026-02-15 17:02:24,219 [INFO] rit_api: MARKET SELL 9 RTM1C49 -> order_id=13784
2026-02-15 17:02:24,277 [INFO] rit_api: MARKET SELL 9 RTM1P49 -> order_id=13787
2026-02-15 17:02:24,277 [INFO] trading_engine: Scheduled close week 4 tick 279 (window 255-299), trades=2
2026-02-15 17:02:25,227 [INFO] rit_api: MARKET SELL 9 RTM1C49 -> order_id=13852
2026-02-15 17:02:25,285 [INFO] rit_api: MARKET SELL 9 RTM1P49 -> order_id=13855
2026-02-15 17:02:25,285 [INFO] trading_engine: Scheduled close week 4 tick 280 (window 255-299), trades=2
2026-02-15 17:02:26,243 [INFO] rit_api: MARKET SELL 9 RTM1C49 -> order_id=13923
2026-02-15 17:02:26,300 [INFO] rit_api: MARKET SELL 9 RTM1P49 -> order_id=13924
2026-02-15 17:02:26,301 [INFO] trading_engine: Scheduled close week 4 tick 281 (window 255-299), trades=2
2026-02-15 17:02:27,256 [INFO] rit_api: MARKET SELL 9 RTM1C49 -> order_id=13995
2026-02-15 17:02:27,314 [INFO] rit_api: MARKET SELL 9 RTM1P49 -> order_id=13996
2026-02-15 17:02:27,315 [INFO] trading_engine: Scheduled close week 4 tick 282 (window 255-299), trades=2
2026-02-15 17:02:28,263 [INFO] rit_api: MARKET SELL 9 RTM1C49 -> order_id=14068
2026-02-15 17:02:28,322 [INFO] rit_api: MARKET SELL 9 RTM1P49 -> order_id=14072
2026-02-15 17:02:28,322 [INFO] trading_engine: Scheduled close week 4 tick 283 (window 255-299), trades=2
2026-02-15 17:02:29,279 [INFO] rit_api: MARKET SELL 9 RTM1C49 -> order_id=14140
2026-02-15 17:02:29,338 [INFO] rit_api: MARKET SELL 9 RTM1P49 -> order_id=14143
2026-02-15 17:02:29,339 [INFO] trading_engine: Scheduled close week 4 tick 284 (window 255-299), trades=2
2026-02-15 17:02:30,295 [INFO] rit_api: MARKET SELL 9 RTM1C49 -> order_id=14209
2026-02-15 17:02:30,357 [INFO] rit_api: MARKET SELL 9 RTM1P49 -> order_id=14212
2026-02-15 17:02:30,357 [INFO] trading_engine: Scheduled close week 4 tick 285 (window 255-299), trades=2
2026-02-15 17:02:31,266 [INFO] rit_api: MARKET SELL 9 RTM1C49 -> order_id=14275
2026-02-15 17:02:31,327 [INFO] rit_api: MARKET SELL 9 RTM1P49 -> order_id=14278
2026-02-15 17:02:31,327 [INFO] trading_engine: Scheduled close week 4 tick 286 (window 255-299), trades=2
2026-02-15 17:02:32,289 [INFO] rit_api: MARKET SELL 9 RTM1C49 -> order_id=14350
2026-02-15 17:02:32,350 [INFO] rit_api: MARKET SELL 9 RTM1P49 -> order_id=14353
2026-02-15 17:02:32,351 [INFO] trading_engine: Scheduled close week 4 tick 287 (window 255-299), trades=2
2026-02-15 17:02:33,302 [INFO] rit_api: MARKET SELL 9 RTM1C49 -> order_id=14418
2026-02-15 17:02:33,362 [INFO] rit_api: MARKET SELL 9 RTM1P49 -> order_id=14421
2026-02-15 17:02:33,362 [INFO] trading_engine: Scheduled close week 4 tick 288 (window 255-299), trades=2
2026-02-15 17:02:34,264 [INFO] rit_api: MARKET SELL 9 RTM1C49 -> order_id=14476
2026-02-15 17:02:34,324 [INFO] rit_api: MARKET SELL 9 RTM1P49 -> order_id=14478
2026-02-15 17:02:34,324 [INFO] trading_engine: Scheduled close week 4 tick 289 (window 255-299), trades=2
2026-02-15 17:02:35,328 [INFO] rit_api: MARKET SELL 9 RTM1C49 -> order_id=14551
2026-02-15 17:02:35,387 [INFO] rit_api: MARKET SELL 9 RTM1P49 -> order_id=14554
2026-02-15 17:02:35,387 [INFO] trading_engine: Scheduled close week 4 tick 290 (window 255-299), trades=2
2026-02-15 17:02:36,303 [INFO] rit_api: MARKET SELL 9 RTM1C49 -> order_id=14617
2026-02-15 17:02:36,361 [INFO] rit_api: MARKET SELL 9 RTM1P49 -> order_id=14619
2026-02-15 17:02:36,362 [INFO] trading_engine: Scheduled close week 4 tick 291 (window 255-299), trades=2
2026-02-15 17:02:37,316 [INFO] rit_api: MARKET SELL 9 RTM1C49 -> order_id=14687
2026-02-15 17:02:37,377 [INFO] rit_api: MARKET SELL 9 RTM1P49 -> order_id=14689
2026-02-15 17:02:37,377 [INFO] trading_engine: Scheduled close week 4 tick 292 (window 255-299), trades=2
2026-02-15 17:02:38,326 [INFO] rit_api: MARKET SELL 9 RTM1C49 -> order_id=14751
2026-02-15 17:02:38,384 [INFO] rit_api: MARKET SELL 9 RTM1P49 -> order_id=14753
2026-02-15 17:02:38,384 [INFO] trading_engine: Scheduled close week 4 tick 293 (window 255-299), trades=2
2026-02-15 17:02:39,335 [INFO] rit_api: MARKET SELL 9 RTM1C49 -> order_id=14825
2026-02-15 17:02:39,396 [INFO] rit_api: MARKET SELL 9 RTM1P49 -> order_id=14828
2026-02-15 17:02:39,396 [INFO] trading_engine: Scheduled close week 4 tick 294 (window 255-299), trades=2
2026-02-15 17:02:40,350 [INFO] rit_api: MARKET SELL 8 RTM1C49 -> order_id=14892
2026-02-15 17:02:40,408 [INFO] rit_api: MARKET SELL 8 RTM1P49 -> order_id=14893
2026-02-15 17:02:40,408 [INFO] trading_engine: Scheduled close week 4 tick 295 (window 255-299), trades=2
2026-02-15 17:02:41,323 [INFO] rit_api: MARKET SELL 8 RTM1C49 -> order_id=14956
2026-02-15 17:02:41,382 [INFO] rit_api: MARKET SELL 8 RTM1P49 -> order_id=14957
2026-02-15 17:02:41,382 [INFO] trading_engine: Scheduled close week 4 tick 296 (window 255-299), trades=2
2026-02-15 17:02:42,347 [INFO] rit_api: MARKET SELL 8 RTM1C49 -> order_id=15027
2026-02-15 17:02:42,405 [INFO] rit_api: MARKET SELL 8 RTM1P49 -> order_id=15029
2026-02-15 17:02:42,406 [INFO] trading_engine: Scheduled close week 4 tick 297 (window 255-299), trades=2
2026-02-15 17:02:43,361 [INFO] rit_api: MARKET SELL 8 RTM1C49 -> order_id=15096
2026-02-15 17:02:43,419 [INFO] rit_api: MARKET SELL 8 RTM1P49 -> order_id=15099
2026-02-15 17:02:43,420 [INFO] trading_engine: Scheduled close week 4 tick 298 (window 255-299), trades=2
2026-02-15 17:02:44,378 [INFO] rit_api: MARKET SELL 8 RTM1C49 -> order_id=15172
2026-02-15 17:02:44,437 [INFO] rit_api: MARKET SELL 8 RTM1P49 -> order_id=15175
2026-02-15 17:02:44,496 [INFO] rit_api: MARKET SELL 10000 RTM -> order_id=15178
2026-02-15 17:02:44,496 [INFO] trading_engine: Scheduled close week 4 tick 299 (window 255-299), trades=3
2026-02-15 17:02:45,344 [INFO] trading_engine: Position flat. Ready to reposition.
2026-02-15 17:02:57,549 [WARNING] rit_api: POST /commands/cancel returned 401: {"code":"UNAUTHORIZED","message":"Simulation must be running."}
