2026-02-08 10:01:17,060 [INFO] news_parser: NEWS: Forecast vol next week = 14.0% - 19.0% (mid=16.5%) [NOW USING FORECAST]
2026-02-08 10:01:17,066 [INFO] trading_engine: Position sizing: delta_limit=10000, max_for_limit=666, base=666, scaled=441
2026-02-08 10:01:17,124 [INFO] rit_api: MARKET BUY 80 RTM1C51 -> order_id=8507
2026-02-08 10:01:17,183 [INFO] rit_api: MARKET BUY 80 RTM1P51 -> order_id=8508
2026-02-08 10:01:17,239 [INFO] rit_api: MARKET BUY 63 RTM1C52 -> order_id=8509
2026-02-08 10:01:17,300 [INFO] rit_api: MARKET BUY 63 RTM1P52 -> order_id=8510
2026-02-08 10:01:17,359 [INFO] rit_api: MARKET BUY 42 RTM1C53 -> order_id=8511
2026-02-08 10:01:17,417 [INFO] rit_api: MARKET BUY 42 RTM1P53 -> order_id=8512
2026-02-08 10:01:17,476 [INFO] rit_api: MARKET SELL 39 RTM1C54 -> order_id=8513
2026-02-08 10:01:17,552 [INFO] rit_api: MARKET SELL 39 RTM1P54 -> order_id=8514
2026-02-08 10:01:18,085 [INFO] trading_engine: Position sizing: delta_limit=10000, max_for_limit=666, base=666, scaled=507
2026-02-08 10:01:18,142 [INFO] rit_api: MARKET SELL 11 RTM1C52 -> order_id=8557
2026-02-08 10:01:18,197 [INFO] rit_api: MARKET SELL 11 RTM1P52 -> order_id=8558
2026-02-08 10:01:18,257 [INFO] rit_api: MARKET SELL 11 RTM1C53 -> order_id=8559
2026-02-08 10:01:18,317 [INFO] rit_api: MARKET SELL 11 RTM1P53 -> order_id=8560
2026-02-08 10:01:18,373 [INFO] rit_api: MARKET SELL 6 RTM1C51 -> order_id=8561
2026-02-08 10:01:18,431 [INFO] rit_api: MARKET SELL 6 RTM1P51 -> order_id=8562
2026-02-08 10:01:18,505 [INFO] rit_api: MARKET SELL 6 RTM1C54 -> order_id=8563
2026-02-08 10:01:18,561 [INFO] rit_api: MARKET SELL 6 RTM1P54 -> order_id=8564
2026-02-08 10:01:19,012 [INFO] trading_engine: Position sizing: delta_limit=10000, max_for_limit=666, base=666, scaled=527
2026-02-08 10:01:19,012 [INFO] trading_engine: POSITION BUILT at tick 201: gross=666 net=-666
2026-02-08 10:01:24,196 [INFO] rit_api: MARKET SELL 6347 RTM -> order_id=8821
2026-02-08 10:01:24,196 [INFO] trading_engine: HEDGE SELL 6347 RTM (delta=10347 -> target=4000, limit=10000)
2026-02-08 10:01:43,173 [INFO] news_parser: NEWS: Current realized vol = 17.0% (history: ['17%']) [NOW USING REALIZED]
2026-02-08 10:01:49,307 [INFO] rit_api: MARKET SELL 4584 RTM -> order_id=9882
2026-02-08 10:01:49,307 [INFO] trading_engine: HEDGE SELL 4584 RTM (delta=8584 -> target=4000, limit=10000)
2026-02-08 10:02:15,489 [INFO] rit_api: MARKET SELL 4938 RTM -> order_id=10981
2026-02-08 10:02:15,489 [INFO] trading_engine: HEDGE SELL 4938 RTM (delta=8938 -> target=4000, limit=10000)
2026-02-08 10:02:19,388 [WARNING] trading_engine: BYPASSING cooldown: delta=13330 exceeds 90% of limit 10000
2026-02-08 10:02:19,514 [INFO] rit_api: MARKET SELL 9330 RTM -> order_id=11155
2026-02-08 10:02:19,514 [INFO] trading_engine: HEDGE SELL 9330 RTM (delta=13330 -> target=4000, limit=10000)
2026-02-08 10:02:28,469 [INFO] trading_engine: ENTERING UNWIND PHASE at tick 270
2026-02-08 10:02:28,526 [INFO] rit_api: LIMIT BUY 81 RTM1C50 @ 0.87 -> order_id=11539
2026-02-08 10:02:28,585 [INFO] rit_api: LIMIT BUY 81 RTM1P50 @ 0.10 -> order_id=11540
2026-02-08 10:02:28,646 [INFO] rit_api: LIMIT BUY 51 RTM1C51 @ 0.25 -> order_id=11541
2026-02-08 10:02:28,713 [INFO] rit_api: LIMIT BUY 51 RTM1P51 @ 0.47 -> order_id=11542
2026-02-08 10:02:28,774 [INFO] rit_api: LIMIT BUY 80 RTM1C52 @ 0.04 -> order_id=11543
2026-02-08 10:02:28,831 [INFO] rit_api: LIMIT BUY 80 RTM1P52 @ 1.26 -> order_id=11544
2026-02-08 10:02:28,889 [INFO] rit_api: LIMIT BUY 76 RTM1P53 @ 2.24 -> order_id=11545
2026-02-08 10:02:28,957 [INFO] rit_api: LIMIT BUY 45 RTM1P54 @ 3.24 -> order_id=11546
2026-02-08 10:02:29,018 [INFO] rit_api: LIMIT BUY 10000 RTM @ 50.80 -> order_id=11547
2026-02-08 10:02:29,468 [INFO] rit_api: LIMIT BUY 3874 RTM @ 50.75 -> order_id=11590
2026-02-08 10:02:43,557 [INFO] rit_api: MARKET BUY 76 RTM1C53 -> order_id=12179
2026-02-08 10:02:43,615 [INFO] rit_api: MARKET BUY 45 RTM1C54 -> order_id=12180
2026-02-08 10:04:24,882 [INFO] news_parser: NEWS: Delta limit = 12000
2026-02-08 10:04:24,883 [INFO] news_parser: NEWS: Penalty rate = 4.00%
2026-02-08 10:04:59,990 [INFO] news_parser: NEWS: Forecast vol next week = 13.0% - 18.0% (mid=15.5%) [NOW USING FORECAST]
2026-02-08 10:04:59,994 [INFO] trading_engine: Position sizing: delta_limit=12000, max_for_limit=800, base=800, scaled=800
2026-02-08 10:05:00,068 [INFO] rit_api: MARKET SELL 100 RTM1C50 -> order_id=1513
2026-02-08 10:05:00,125 [INFO] rit_api: MARKET SELL 13 RTM1C50 -> order_id=1514
2026-02-08 10:05:00,182 [INFO] rit_api: MARKET SELL 100 RTM1P50 -> order_id=1515
2026-02-08 10:05:00,239 [INFO] rit_api: MARKET SELL 13 RTM1P50 -> order_id=1516
2026-02-08 10:05:00,295 [INFO] rit_api: MARKET SELL 100 RTM1C51 -> order_id=1517
2026-02-08 10:05:00,353 [INFO] rit_api: MARKET SELL 8 RTM1C51 -> order_id=1518
2026-02-08 10:05:00,409 [INFO] rit_api: MARKET SELL 100 RTM1P51 -> order_id=1519
2026-02-08 10:05:00,467 [INFO] rit_api: MARKET SELL 8 RTM1P51 -> order_id=1520
2026-02-08 10:05:00,537 [INFO] rit_api: MARKET SELL 94 RTM1C49 -> order_id=1521
2026-02-08 10:05:00,592 [INFO] rit_api: MARKET SELL 94 RTM1P49 -> order_id=1522
2026-02-08 10:05:00,650 [INFO] rit_api: MARKET SELL 83 RTM1C52 -> order_id=1523
2026-02-08 10:05:00,711 [INFO] rit_api: MARKET SELL 83 RTM1P52 -> order_id=1524
2026-02-08 10:05:01,102 [INFO] trading_engine: Position sizing: delta_limit=12000, max_for_limit=800, base=800, scaled=800
2026-02-08 10:05:01,160 [INFO] rit_api: MARKET SELL 5 RTM1C49 -> order_id=1567
2026-02-08 10:05:01,217 [INFO] rit_api: MARKET SELL 5 RTM1P49 -> order_id=1568
2026-02-08 10:05:01,271 [INFO] rit_api: MARKET BUY 5 RTM1C52 -> order_id=1569
2026-02-08 10:05:01,328 [INFO] rit_api: MARKET BUY 5 RTM1P52 -> order_id=1570
2026-02-08 10:05:02,098 [INFO] trading_engine: Position sizing: delta_limit=12000, max_for_limit=800, base=800, scaled=800
2026-02-08 10:05:02,155 [INFO] rit_api: MARKET BUY 9 RTM1C49 -> order_id=1613
2026-02-08 10:05:02,212 [INFO] rit_api: MARKET BUY 9 RTM1P49 -> order_id=1614
2026-02-08 10:05:02,269 [INFO] rit_api: MARKET SELL 9 RTM1C52 -> order_id=1615
2026-02-08 10:05:02,326 [INFO] rit_api: MARKET SELL 9 RTM1P52 -> order_id=1616
2026-02-08 10:05:03,105 [INFO] trading_engine: Position sizing: delta_limit=12000, max_for_limit=800, base=800, scaled=800
2026-02-08 10:05:03,105 [INFO] trading_engine: POSITION BUILT at tick 39: gross=796 net=-796
2026-02-08 10:05:20,266 [INFO] rit_api: MARKET SELL 6164 RTM -> order_id=2373
2026-02-08 10:05:20,267 [INFO] trading_engine: HEDGE SELL 6164 RTM (delta=10964 -> target=4800, limit=12000)
2026-02-08 10:05:39,259 [INFO] news_parser: NEWS: Current realized vol = 17.0% (history: ['17%']) [NOW USING REALIZED]
2026-02-08 10:05:41,333 [INFO] trading_engine: REVERSAL APPROVED at tick 77: -1 -> 1 (edge=4.6%)
2026-02-08 10:05:41,334 [INFO] trading_engine: VOL REVERSAL at tick 77: -1 -> 1 (edge=4.6%)
2026-02-08 10:05:41,445 [INFO] rit_api: MARKET BUY 90 RTM1C49 -> order_id=3270
2026-02-08 10:05:41,502 [INFO] rit_api: MARKET BUY 90 RTM1P49 -> order_id=3274
2026-02-08 10:05:41,567 [INFO] rit_api: MARKET BUY 100 RTM1C50 -> order_id=3277
2026-02-08 10:05:41,626 [INFO] rit_api: MARKET BUY 100 RTM1P50 -> order_id=3279
2026-02-08 10:05:41,684 [INFO] rit_api: MARKET BUY 100 RTM1C51 -> order_id=3280
2026-02-08 10:05:41,741 [INFO] rit_api: MARKET BUY 100 RTM1P51 -> order_id=3281
2026-02-08 10:05:41,796 [INFO] rit_api: MARKET BUY 87 RTM1C52 -> order_id=3282
2026-02-08 10:05:41,860 [INFO] rit_api: MARKET BUY 87 RTM1P52 -> order_id=3283
2026-02-08 10:05:42,259 [INFO] trading_engine: Position sizing: delta_limit=12000, max_for_limit=800, base=800, scaled=800
2026-02-08 10:05:42,317 [INFO] rit_api: MARKET BUY 100 RTM1C50 -> order_id=3326
2026-02-08 10:05:42,375 [INFO] rit_api: MARKET BUY 25 RTM1C50 -> order_id=3327
2026-02-08 10:05:42,431 [INFO] rit_api: MARKET BUY 100 RTM1P50 -> order_id=3328
2026-02-08 10:05:42,501 [INFO] rit_api: MARKET BUY 25 RTM1P50 -> order_id=3329
2026-02-08 10:05:42,560 [INFO] rit_api: MARKET BUY 100 RTM1C51 -> order_id=3330
2026-02-08 10:05:42,618 [INFO] rit_api: MARKET BUY 16 RTM1C51 -> order_id=3331
2026-02-08 10:05:42,687 [INFO] rit_api: MARKET BUY 100 RTM1P51 -> order_id=3332
2026-02-08 10:05:42,743 [INFO] rit_api: MARKET BUY 16 RTM1P51 -> order_id=3333
2026-02-08 10:05:42,800 [INFO] rit_api: MARKET BUY 93 RTM1C49 -> order_id=3334
2026-02-08 10:05:42,864 [INFO] rit_api: MARKET BUY 93 RTM1P49 -> order_id=3335
2026-02-08 10:05:42,927 [INFO] rit_api: MARKET BUY 84 RTM1C52 -> order_id=3336
2026-02-08 10:05:42,985 [INFO] rit_api: MARKET BUY 84 RTM1P52 -> order_id=3337
2026-02-08 10:05:43,253 [INFO] trading_engine: Position sizing: delta_limit=12000, max_for_limit=800, base=800, scaled=800
2026-02-08 10:05:43,311 [INFO] rit_api: MARKET SELL 5 RTM1C49 -> order_id=3382
2026-02-08 10:05:43,369 [INFO] rit_api: MARKET SELL 5 RTM1P49 -> order_id=3383
2026-02-08 10:05:43,426 [INFO] rit_api: MARKET BUY 5 RTM1C52 -> order_id=3385
2026-02-08 10:05:43,484 [INFO] rit_api: MARKET BUY 5 RTM1P52 -> order_id=3386
2026-02-08 10:05:44,269 [INFO] trading_engine: Position sizing: delta_limit=12000, max_for_limit=800, base=800, scaled=800
2026-02-08 10:05:44,269 [INFO] trading_engine: POSITION BUILT at tick 80: gross=794 net=794
2026-02-08 10:05:47,366 [INFO] rit_api: MARKET BUY 7268 RTM -> order_id=3555
2026-02-08 10:05:47,366 [INFO] trading_engine: HEDGE BUY 7268 RTM (delta=-12068 -> target=-4800, limit=12000)
2026-02-08 10:06:08,516 [INFO] rit_api: MARKET BUY 6061 RTM -> order_id=4442
2026-02-08 10:06:08,517 [INFO] trading_engine: HEDGE BUY 6061 RTM (delta=-10861 -> target=-4800, limit=12000)
2026-02-08 10:06:16,426 [INFO] news_parser: NEWS: Forecast vol next week = 28.0% - 33.0% (mid=30.5%) [NOW USING FORECAST]
2026-02-08 10:06:53,846 [INFO] rit_api: MARKET SELL 5402 RTM -> order_id=6350
2026-02-08 10:06:53,847 [INFO] trading_engine: HEDGE SELL 5402 RTM (delta=10202 -> target=4800, limit=12000)
2026-02-08 10:06:54,628 [INFO] news_parser: NEWS: Current realized vol = 32.0% (history: ['17%', '32%']) [NOW USING REALIZED]
2026-02-08 10:07:00,847 [INFO] rit_api: MARKET SELL 7319 RTM -> order_id=6661
2026-02-08 10:07:00,847 [INFO] trading_engine: HEDGE SELL 7319 RTM (delta=12119 -> target=4800, limit=12000)
2026-02-08 10:07:11,032 [INFO] rit_api: MARKET SELL 5693 RTM -> order_id=7094
2026-02-08 10:07:11,032 [INFO] trading_engine: HEDGE SELL 5693 RTM (delta=10493 -> target=4800, limit=12000)
2026-02-08 10:07:31,895 [INFO] news_parser: NEWS: Forecast vol next week = 12.0% - 17.0% (mid=14.5%) [NOW USING FORECAST]
2026-02-08 10:07:31,902 [INFO] trading_engine: REVERSAL APPROVED at tick 187: 1 -> -1 (edge=12.4%)
2026-02-08 10:07:31,902 [INFO] trading_engine: VOL REVERSAL at tick 187: 1 -> -1 (edge=12.4%)
2026-02-08 10:07:32,017 [INFO] rit_api: MARKET SELL 88 RTM1C49 -> order_id=7982
2026-02-08 10:07:32,077 [INFO] rit_api: MARKET SELL 88 RTM1P49 -> order_id=7983
2026-02-08 10:07:32,134 [INFO] rit_api: MARKET SELL 100 RTM1C50 -> order_id=7984
2026-02-08 10:07:32,193 [INFO] rit_api: MARKET SELL 100 RTM1P50 -> order_id=7985
2026-02-08 10:07:32,252 [INFO] rit_api: MARKET SELL 100 RTM1C51 -> order_id=7986
2026-02-08 10:07:32,311 [INFO] rit_api: MARKET SELL 100 RTM1P51 -> order_id=7987
2026-02-08 10:07:32,369 [INFO] rit_api: MARKET SELL 89 RTM1C52 -> order_id=7988
2026-02-08 10:07:32,427 [INFO] rit_api: MARKET SELL 89 RTM1P52 -> order_id=7989
2026-02-08 10:07:32,824 [INFO] trading_engine: Position sizing: delta_limit=12000, max_for_limit=800, base=800, scaled=800
2026-02-08 10:07:32,885 [INFO] rit_api: MARKET SELL 100 RTM1C51 -> order_id=8032
2026-02-08 10:07:32,947 [INFO] rit_api: MARKET SELL 39 RTM1C51 -> order_id=8033
2026-02-08 10:07:33,006 [INFO] rit_api: MARKET SELL 100 RTM1P51 -> order_id=8034
2026-02-08 10:07:33,062 [INFO] rit_api: MARKET SELL 39 RTM1P51 -> order_id=8035
2026-02-08 10:07:33,119 [INFO] rit_api: MARKET SELL 100 RTM1C52 -> order_id=8036
2026-02-08 10:07:33,176 [INFO] rit_api: MARKET SELL 24 RTM1C52 -> order_id=8037
2026-02-08 10:07:33,235 [INFO] rit_api: MARKET SELL 100 RTM1P52 -> order_id=8038
2026-02-08 10:07:33,292 [INFO] rit_api: MARKET SELL 24 RTM1P52 -> order_id=8039
2026-02-08 10:07:33,351 [INFO] rit_api: MARKET SELL 89 RTM1C50 -> order_id=8040
2026-02-08 10:07:33,413 [INFO] rit_api: MARKET SELL 89 RTM1P50 -> order_id=8041
2026-02-08 10:07:33,471 [INFO] rit_api: MARKET SELL 67 RTM1C53 -> order_id=8042
2026-02-08 10:07:33,532 [INFO] rit_api: MARKET SELL 67 RTM1P53 -> order_id=8043
2026-02-08 10:07:33,655 [INFO] rit_api: MARKET BUY 10000 RTM -> order_id=8044
2026-02-08 10:07:33,655 [INFO] trading_engine: HEDGE BUY 10000 RTM (delta=-16310 -> target=-4800, limit=12000)
2026-02-08 10:07:33,919 [INFO] trading_engine: Position sizing: delta_limit=12000, max_for_limit=800, base=800, scaled=800
2026-02-08 10:07:33,978 [INFO] rit_api: MARKET SELL 10 RTM1C50 -> order_id=8087
2026-02-08 10:07:34,046 [INFO] rit_api: MARKET SELL 10 RTM1P50 -> order_id=8088
2026-02-08 10:07:34,104 [INFO] rit_api: MARKET BUY 9 RTM1C53 -> order_id=8089
2026-02-08 10:07:34,171 [INFO] rit_api: MARKET BUY 9 RTM1P53 -> order_id=8090
2026-02-08 10:07:34,228 [INFO] rit_api: MARKET BUY 6 RTM1C52 -> order_id=8091
2026-02-08 10:07:34,286 [INFO] rit_api: MARKET BUY 6 RTM1P52 -> order_id=8092
2026-02-08 10:07:34,343 [INFO] rit_api: MARKET SELL 5 RTM1C51 -> order_id=8093
2026-02-08 10:07:34,400 [INFO] rit_api: MARKET SELL 5 RTM1P51 -> order_id=8094
2026-02-08 10:07:34,812 [INFO] trading_engine: Position sizing: delta_limit=12000, max_for_limit=800, base=800, scaled=800
2026-02-08 10:07:34,870 [INFO] rit_api: MARKET SELL 14 RTM1C50 -> order_id=8137
2026-02-08 10:07:34,927 [INFO] rit_api: MARKET SELL 14 RTM1P50 -> order_id=8138
2026-02-08 10:07:34,985 [INFO] rit_api: MARKET BUY 11 RTM1C53 -> order_id=8139
2026-02-08 10:07:35,043 [INFO] rit_api: MARKET BUY 11 RTM1P53 -> order_id=8140
2026-02-08 10:07:35,107 [INFO] rit_api: MARKET BUY 10 RTM1C52 -> order_id=8141
2026-02-08 10:07:35,166 [INFO] rit_api: MARKET BUY 10 RTM1P52 -> order_id=8142
2026-02-08 10:07:35,230 [INFO] rit_api: MARKET SELL 6 RTM1C51 -> order_id=8143
2026-02-08 10:07:35,291 [INFO] rit_api: MARKET SELL 6 RTM1P51 -> order_id=8144
2026-02-08 10:07:35,826 [INFO] trading_engine: Position sizing: delta_limit=12000, max_for_limit=800, base=800, scaled=800
2026-02-08 10:07:35,883 [INFO] rit_api: MARKET BUY 6 RTM1C50 -> order_id=8187
2026-02-08 10:07:35,941 [INFO] rit_api: MARKET BUY 6 RTM1P50 -> order_id=8188
2026-02-08 10:07:36,855 [INFO] trading_engine: Position sizing: delta_limit=12000, max_for_limit=800, base=800, scaled=800
2026-02-08 10:07:36,855 [INFO] trading_engine: POSITION BUILT at tick 192: gross=784 net=-784
2026-02-08 10:07:39,958 [INFO] rit_api: MARKET BUY 6010 RTM -> order_id=8360
2026-02-08 10:07:39,959 [INFO] trading_engine: HEDGE BUY 6010 RTM (delta=-10810 -> target=-4800, limit=12000)
2026-02-08 10:07:51,016 [INFO] rit_api: MARKET SELL 8731 RTM -> order_id=8827
2026-02-08 10:07:51,016 [INFO] trading_engine: HEDGE SELL 8731 RTM (delta=13531 -> target=4800, limit=12000)
2026-02-08 10:07:55,003 [WARNING] trading_engine: BYPASSING cooldown: delta=-22997 exceeds 90% of limit 12000
2026-02-08 10:07:55,115 [INFO] rit_api: MARKET BUY 10000 RTM -> order_id=9008
2026-02-08 10:07:55,115 [INFO] trading_engine: HEDGE BUY 10000 RTM (delta=-22997 -> target=-4800, limit=12000)
2026-02-08 10:08:10,077 [INFO] news_parser: NEWS: Current realized vol = 15.0% (history: ['17%', '32%', '15%']) [NOW USING REALIZED]
2026-02-08 10:08:23,196 [INFO] rit_api: MARKET BUY 5616 RTM -> order_id=10206
2026-02-08 10:08:23,196 [INFO] trading_engine: HEDGE BUY 5616 RTM (delta=-10416 -> target=-4800, limit=12000)
2026-02-08 10:08:48,328 [INFO] rit_api: MARKET BUY 5875 RTM -> order_id=11265
2026-02-08 10:08:48,328 [INFO] trading_engine: HEDGE BUY 5875 RTM (delta=-10675 -> target=-4800, limit=12000)
2026-02-08 10:08:53,345 [INFO] rit_api: MARKET BUY 5695 RTM -> order_id=11479
2026-02-08 10:08:53,345 [INFO] trading_engine: HEDGE BUY 5695 RTM (delta=-10495 -> target=-4800, limit=12000)
2026-02-08 10:08:55,346 [INFO] trading_engine: ENTERING UNWIND PHASE at tick 270
2026-02-08 10:08:55,404 [INFO] rit_api: LIMIT BUY 95 RTM1C50 @ 2.75 -> order_id=11564
2026-02-08 10:08:55,463 [INFO] rit_api: LIMIT BUY 100 RTM1C51 @ 1.75 -> order_id=11565
2026-02-08 10:08:55,530 [INFO] rit_api: LIMIT BUY 100 RTM1C52 @ 0.81 -> order_id=11566
2026-02-08 10:08:55,594 [INFO] rit_api: LIMIT BUY 100 RTM1P52 @ 0.08 -> order_id=11567
2026-02-08 10:08:55,653 [INFO] rit_api: LIMIT BUY 47 RTM1C53 @ 0.20 -> order_id=11568
2026-02-08 10:08:55,711 [INFO] rit_api: LIMIT BUY 47 RTM1P53 @ 0.46 -> order_id=11569
2026-02-08 10:08:55,778 [INFO] rit_api: LIMIT SELL 10000 RTM @ 52.71 -> order_id=11570
2026-02-08 10:08:56,361 [INFO] rit_api: LIMIT BUY 42 RTM1C51 @ 1.73 -> order_id=11613
2026-02-08 10:08:56,420 [INFO] rit_api: LIMIT BUY 8 RTM1C52 @ 0.79 -> order_id=11614
2026-02-08 10:08:56,479 [INFO] rit_api: LIMIT BUY 8 RTM1P52 @ 0.08 -> order_id=11615
2026-02-08 10:08:56,546 [INFO] rit_api: LIMIT SELL 10000 RTM @ 52.68 -> order_id=11616
2026-02-08 10:08:57,376 [INFO] rit_api: LIMIT SELL 3216 RTM @ 52.70 -> order_id=11659
2026-02-08 10:09:10,394 [INFO] rit_api: MARKET BUY 95 RTM1P50 -> order_id=12206
2026-02-08 10:09:10,458 [INFO] rit_api: MARKET BUY 100 RTM1P51 -> order_id=12207
2026-02-08 10:09:11,415 [INFO] rit_api: MARKET BUY 42 RTM1P51 -> order_id=12250
2026-02-08 10:10:54,954 [INFO] news_parser: NEWS: Delta limit = 11000
2026-02-08 10:10:54,954 [INFO] news_parser: NEWS: Penalty rate = 2.00%
2026-02-08 10:11:28,274 [INFO] news_parser: NEWS: Forecast vol next week = 28.0% - 33.0% (mid=30.5%) [NOW USING FORECAST]
2026-02-08 10:11:28,281 [INFO] trading_engine: Position sizing: delta_limit=11000, max_for_limit=733, base=733, scaled=526
2026-02-08 10:11:28,340 [INFO] rit_api: MARKET BUY 68 RTM1C48 -> order_id=1513
2026-02-08 10:11:28,397 [INFO] rit_api: MARKET BUY 68 RTM1P48 -> order_id=1514
2026-02-08 10:11:28,456 [INFO] rit_api: MARKET BUY 67 RTM1C47 -> order_id=1515
2026-02-08 10:11:28,517 [INFO] rit_api: MARKET BUY 67 RTM1P47 -> order_id=1516
2026-02-08 10:11:28,576 [INFO] rit_api: MARKET BUY 65 RTM1C49 -> order_id=1517
2026-02-08 10:11:28,635 [INFO] rit_api: MARKET BUY 65 RTM1P49 -> order_id=1518
2026-02-08 10:11:28,694 [INFO] rit_api: MARKET BUY 61 RTM1C46 -> order_id=1519
2026-02-08 10:11:28,760 [INFO] rit_api: MARKET BUY 61 RTM1P46 -> order_id=1520
2026-02-08 10:11:29,285 [INFO] trading_engine: Position sizing: delta_limit=11000, max_for_limit=733, base=733, scaled=435
2026-02-08 10:11:29,344 [INFO] rit_api: MARKET SELL 12 RTM1C47 -> order_id=1563
2026-02-08 10:11:29,402 [INFO] rit_api: MARKET SELL 12 RTM1P47 -> order_id=1564
2026-02-08 10:11:29,460 [INFO] rit_api: MARKET SELL 12 RTM1C48 -> order_id=1565
2026-02-08 10:11:29,518 [INFO] rit_api: MARKET SELL 12 RTM1P48 -> order_id=1566
2026-02-08 10:11:29,578 [INFO] rit_api: MARKET SELL 11 RTM1C46 -> order_id=1567
2026-02-08 10:11:29,636 [INFO] rit_api: MARKET SELL 11 RTM1P46 -> order_id=1568
2026-02-08 10:11:29,702 [INFO] rit_api: MARKET SELL 11 RTM1C49 -> order_id=1569
2026-02-08 10:11:29,761 [INFO] rit_api: MARKET SELL 11 RTM1P49 -> order_id=1570
2026-02-08 10:11:30,290 [INFO] trading_engine: Position sizing: delta_limit=11000, max_for_limit=733, base=733, scaled=366
2026-02-08 10:11:30,347 [INFO] rit_api: MARKET BUY 43 RTM1C50 -> order_id=1613
2026-02-08 10:11:30,405 [INFO] rit_api: MARKET BUY 43 RTM1P50 -> order_id=1614
2026-02-08 10:11:30,464 [INFO] rit_api: MARKET SELL 10 RTM1C47 -> order_id=1615
2026-02-08 10:11:30,521 [INFO] rit_api: MARKET SELL 10 RTM1P47 -> order_id=1616
2026-02-08 10:11:30,580 [INFO] rit_api: MARKET SELL 9 RTM1C48 -> order_id=1617
2026-02-08 10:11:30,650 [INFO] rit_api: MARKET SELL 9 RTM1P48 -> order_id=1618
2026-02-08 10:11:30,708 [INFO] rit_api: MARKET SELL 8 RTM1C49 -> order_id=1619
2026-02-08 10:11:30,769 [INFO] rit_api: MARKET SELL 8 RTM1P49 -> order_id=1620
2026-02-08 10:11:31,292 [INFO] trading_engine: Position sizing: delta_limit=11000, max_for_limit=733, base=733, scaled=293
2026-02-08 10:11:31,352 [INFO] rit_api: MARKET SELL 17 RTM1C46 -> order_id=1663
2026-02-08 10:11:31,408 [INFO] rit_api: MARKET SELL 17 RTM1P46 -> order_id=1664
2026-02-08 10:11:31,465 [INFO] rit_api: MARKET SELL 9 RTM1C48 -> order_id=1665
2026-02-08 10:11:31,522 [INFO] rit_api: MARKET SELL 9 RTM1P48 -> order_id=1666
2026-02-08 10:11:31,584 [INFO] rit_api: MARKET SELL 9 RTM1C49 -> order_id=1667
2026-02-08 10:11:31,642 [INFO] rit_api: MARKET SELL 9 RTM1P49 -> order_id=1668
2026-02-08 10:11:31,700 [INFO] rit_api: MARKET SELL 8 RTM1C47 -> order_id=1669
2026-02-08 10:11:31,757 [INFO] rit_api: MARKET SELL 8 RTM1P47 -> order_id=1670
2026-02-08 10:11:32,287 [INFO] trading_engine: Position sizing: delta_limit=11000, max_for_limit=733, base=733, scaled=353
2026-02-08 10:11:32,347 [INFO] rit_api: MARKET BUY 8 RTM1C46 -> order_id=1713
2026-02-08 10:11:32,404 [INFO] rit_api: MARKET BUY 8 RTM1P46 -> order_id=1714
2026-02-08 10:11:32,464 [INFO] rit_api: MARKET BUY 8 RTM1C47 -> order_id=1715
2026-02-08 10:11:32,525 [INFO] rit_api: MARKET BUY 8 RTM1P47 -> order_id=1716
2026-02-08 10:11:32,584 [INFO] rit_api: MARKET BUY 7 RTM1C48 -> order_id=1717
2026-02-08 10:11:32,640 [INFO] rit_api: MARKET BUY 7 RTM1P48 -> order_id=1718
2026-02-08 10:11:32,700 [INFO] rit_api: MARKET BUY 6 RTM1C49 -> order_id=1719
2026-02-08 10:11:32,757 [INFO] rit_api: MARKET BUY 6 RTM1P49 -> order_id=1720
2026-02-08 10:11:33,286 [INFO] trading_engine: Position sizing: delta_limit=11000, max_for_limit=733, base=733, scaled=383
2026-02-08 10:11:33,344 [INFO] rit_api: MARKET BUY 6 RTM1C49 -> order_id=1763
2026-02-08 10:11:33,405 [INFO] rit_api: MARKET BUY 6 RTM1P49 -> order_id=1764
2026-02-08 10:11:33,470 [INFO] rit_api: MARKET BUY 5 RTM1C48 -> order_id=1765
2026-02-08 10:11:33,530 [INFO] rit_api: MARKET BUY 5 RTM1P48 -> order_id=1766
2026-02-08 10:11:34,210 [INFO] trading_engine: Position sizing: delta_limit=11000, max_for_limit=733, base=733, scaled=346
2026-02-08 10:11:34,267 [INFO] rit_api: MARKET SELL 6 RTM1C48 -> order_id=1809
2026-02-08 10:11:34,339 [INFO] rit_api: MARKET SELL 6 RTM1P48 -> order_id=1810
2026-02-08 10:11:34,396 [INFO] rit_api: MARKET SELL 5 RTM1C49 -> order_id=1811
2026-02-08 10:11:34,454 [INFO] rit_api: MARKET SELL 5 RTM1P49 -> order_id=1812
2026-02-08 10:11:35,234 [INFO] trading_engine: Position sizing: delta_limit=11000, max_for_limit=733, base=733, scaled=293
2026-02-08 10:11:35,297 [INFO] rit_api: MARKET SELL 8 RTM1C46 -> order_id=1855
2026-02-08 10:11:35,354 [INFO] rit_api: MARKET SELL 8 RTM1P46 -> order_id=1856
2026-02-08 10:11:35,412 [INFO] rit_api: MARKET SELL 8 RTM1C47 -> order_id=1857
2026-02-08 10:11:35,470 [INFO] rit_api: MARKET SELL 8 RTM1P47 -> order_id=1858
2026-02-08 10:11:35,528 [INFO] rit_api: MARKET SELL 7 RTM1C49 -> order_id=1859
2026-02-08 10:11:35,587 [INFO] rit_api: MARKET SELL 7 RTM1P49 -> order_id=1860
2026-02-08 10:11:35,646 [INFO] rit_api: MARKET SELL 6 RTM1C48 -> order_id=1861
2026-02-08 10:11:35,723 [INFO] rit_api: MARKET SELL 6 RTM1P48 -> order_id=1862
2026-02-08 10:11:36,248 [INFO] trading_engine: Position sizing: delta_limit=11000, max_for_limit=733, base=733, scaled=293
2026-02-08 10:11:36,307 [INFO] rit_api: MARKET SELL 8 RTM1C50 -> order_id=1905
2026-02-08 10:11:36,365 [INFO] rit_api: MARKET SELL 8 RTM1P50 -> order_id=1906
2026-02-08 10:11:37,273 [INFO] trading_engine: Position sizing: delta_limit=11000, max_for_limit=733, base=733, scaled=293
2026-02-08 10:11:37,273 [INFO] trading_engine: POSITION BUILT at tick 45: gross=360 net=360
2026-02-08 10:12:07,365 [INFO] news_parser: NEWS: Current realized vol = 29.0% (history: ['29%']) [NOW USING REALIZED]
2026-02-08 10:12:07,373 [INFO] trading_engine: REVERSAL APPROVED at tick 75: 1 -> -1 (edge=4.1%)
2026-02-08 10:12:07,373 [INFO] trading_engine: VOL REVERSAL at tick 75: 1 -> -1 (edge=4.1%)
2026-02-08 10:12:07,488 [INFO] rit_api: MARKET SELL 33 RTM1C46 -> order_id=3209
2026-02-08 10:12:07,547 [INFO] rit_api: MARKET SELL 33 RTM1P46 -> order_id=3212
2026-02-08 10:12:07,619 [INFO] rit_api: MARKET SELL 37 RTM1C47 -> order_id=3216
2026-02-08 10:12:07,685 [INFO] rit_api: MARKET SELL 37 RTM1P47 -> order_id=3221
2026-02-08 10:12:07,741 [INFO] rit_api: MARKET SELL 38 RTM1C48 -> order_id=3224
2026-02-08 10:12:07,807 [INFO] rit_api: MARKET SELL 38 RTM1P48 -> order_id=3225
2026-02-08 10:12:07,870 [INFO] rit_api: MARKET SELL 37 RTM1C49 -> order_id=3226
2026-02-08 10:12:07,929 [INFO] rit_api: MARKET SELL 37 RTM1P49 -> order_id=3227
2026-02-08 10:12:07,985 [INFO] rit_api: MARKET SELL 35 RTM1C50 -> order_id=3228
2026-02-08 10:12:08,048 [INFO] rit_api: MARKET SELL 35 RTM1P50 -> order_id=3229
2026-02-08 10:12:08,441 [INFO] trading_engine: Position sizing: delta_limit=11000, max_for_limit=733, base=733, scaled=733
2026-02-08 10:12:08,503 [INFO] rit_api: MARKET SELL 96 RTM1C49 -> order_id=3272
2026-02-08 10:12:08,564 [INFO] rit_api: MARKET SELL 96 RTM1P49 -> order_id=3273
2026-02-08 10:12:08,632 [INFO] rit_api: MARKET SELL 94 RTM1C48 -> order_id=3274
2026-02-08 10:12:08,689 [INFO] rit_api: MARKET SELL 94 RTM1P48 -> order_id=3275
2026-02-08 10:12:08,746 [INFO] rit_api: MARKET SELL 89 RTM1C50 -> order_id=3276
2026-02-08 10:12:08,805 [INFO] rit_api: MARKET SELL 89 RTM1P50 -> order_id=3277
2026-02-08 10:12:08,860 [INFO] rit_api: MARKET SELL 85 RTM1C47 -> order_id=3278
2026-02-08 10:12:08,920 [INFO] rit_api: MARKET SELL 85 RTM1P47 -> order_id=3279
2026-02-08 10:12:09,451 [INFO] trading_engine: Position sizing: delta_limit=11000, max_for_limit=733, base=733, scaled=733
2026-02-08 10:12:09,452 [INFO] trading_engine: POSITION BUILT at tick 77: gross=728 net=-728
2026-02-08 10:12:21,622 [INFO] rit_api: MARKET BUY 5964 RTM -> order_id=3841
2026-02-08 10:12:21,623 [INFO] trading_engine: HEDGE BUY 5964 RTM (delta=-10364 -> target=-4400, limit=11000)
2026-02-08 10:12:44,553 [INFO] news_parser: NEWS: Forecast vol next week = 9.0% - 14.0% (mid=11.5%) [NOW USING FORECAST]
2026-02-08 10:12:47,781 [INFO] rit_api: MARKET BUY 5942 RTM -> order_id=4970
2026-02-08 10:12:47,781 [INFO] trading_engine: HEDGE BUY 5942 RTM (delta=-10342 -> target=-4400, limit=11000)
2026-02-08 10:13:09,832 [INFO] rit_api: MARKET SELL 10000 RTM -> order_id=5920
2026-02-08 10:13:09,833 [INFO] trading_engine: HEDGE SELL 10000 RTM (delta=16461 -> target=4400, limit=11000)
2026-02-08 10:13:17,978 [INFO] rit_api: MARKET BUY 5521 RTM -> order_id=6274
2026-02-08 10:13:17,979 [INFO] trading_engine: HEDGE BUY 5521 RTM (delta=-9921 -> target=-4400, limit=11000)
2026-02-08 10:13:22,776 [INFO] news_parser: NEWS: Current realized vol = 11.0% (history: ['29%', '11%']) [NOW USING REALIZED]
2026-02-08 10:13:34,974 [INFO] rit_api: MARKET BUY 7618 RTM -> order_id=7003
2026-02-08 10:13:34,974 [INFO] trading_engine: HEDGE BUY 7618 RTM (delta=-12018 -> target=-4400, limit=11000)
2026-02-08 10:13:44,028 [INFO] rit_api: MARKET BUY 5003 RTM -> order_id=7388
2026-02-08 10:13:44,029 [INFO] trading_engine: HEDGE BUY 5003 RTM (delta=-9403 -> target=-4400, limit=11000)
2026-02-08 10:14:00,068 [INFO] news_parser: NEWS: Forecast vol next week = 6.0% - 11.0% (mid=8.5%) [NOW USING FORECAST]
2026-02-08 10:14:34,287 [INFO] rit_api: MARKET BUY 5871 RTM -> order_id=9501
2026-02-08 10:14:34,287 [INFO] trading_engine: HEDGE BUY 5871 RTM (delta=-10271 -> target=-4400, limit=11000)
2026-02-08 10:14:38,171 [INFO] news_parser: NEWS: Current realized vol = 7.0% (history: ['29%', '11%', '7%']) [NOW USING REALIZED]
2026-02-08 10:15:14,495 [INFO] trading_engine: BLOCKED reversal at tick 261 (after 260)
2026-02-08 10:15:15,533 [INFO] trading_engine: BLOCKED reversal at tick 262 (after 260)
2026-02-08 10:15:16,446 [INFO] trading_engine: BLOCKED reversal at tick 263 (after 260)
2026-02-08 10:15:17,487 [INFO] trading_engine: BLOCKED reversal at tick 264 (after 260)
2026-02-08 10:15:18,526 [INFO] trading_engine: BLOCKED reversal at tick 265 (after 260)
2026-02-08 10:15:19,434 [INFO] trading_engine: BLOCKED reversal at tick 266 (after 260)
2026-02-08 10:15:20,470 [INFO] trading_engine: BLOCKED reversal at tick 267 (after 260)
2026-02-08 10:15:21,509 [INFO] trading_engine: BLOCKED reversal at tick 268 (after 260)
2026-02-08 10:15:22,432 [INFO] trading_engine: BLOCKED reversal at tick 269 (after 260)
2026-02-08 10:15:23,523 [INFO] trading_engine: ENTERING UNWIND PHASE at tick 270
2026-02-08 10:15:23,581 [INFO] rit_api: LIMIT BUY 85 RTM1C47 @ 3.02 -> order_id=11570
2026-02-08 10:15:23,640 [INFO] rit_api: LIMIT BUY 94 RTM1C48 @ 2.02 -> order_id=11571
2026-02-08 10:15:23,700 [INFO] rit_api: LIMIT BUY 96 RTM1C49 @ 1.02 -> order_id=11572
2026-02-08 10:15:23,756 [INFO] rit_api: LIMIT BUY 89 RTM1C50 @ 0.13 -> order_id=11573
2026-02-08 10:15:23,815 [INFO] rit_api: LIMIT BUY 89 RTM1P50 @ 0.12 -> order_id=11574
2026-02-08 10:15:23,874 [INFO] rit_api: LIMIT SELL 10000 RTM @ 49.98 -> order_id=11575
2026-02-08 10:15:24,577 [INFO] rit_api: LIMIT SELL 10000 RTM @ 50.06 -> order_id=11618
2026-02-08 10:15:25,541 [INFO] rit_api: LIMIT SELL 5919 RTM @ 50.12 -> order_id=11661
2026-02-08 10:15:38,543 [INFO] rit_api: MARKET BUY 85 RTM1P47 -> order_id=12208
2026-02-08 10:15:38,601 [INFO] rit_api: MARKET BUY 94 RTM1P48 -> order_id=12209
2026-02-08 10:15:38,660 [INFO] rit_api: MARKET BUY 96 RTM1P49 -> order_id=12210
2026-02-08 10:17:21,318 [INFO] news_parser: NEWS: Delta limit = 9000
2026-02-08 10:17:21,318 [INFO] news_parser: NEWS: Penalty rate = 5.00%
2026-02-08 10:17:55,549 [INFO] news_parser: NEWS: Forecast vol next week = 10.0% - 15.0% (mid=12.5%) [NOW USING FORECAST]
2026-02-08 10:17:55,555 [INFO] trading_engine: Position sizing: delta_limit=9000, max_for_limit=600, base=600, scaled=600
2026-02-08 10:17:55,614 [INFO] rit_api: MARKET SELL 90 RTM1C51 -> order_id=1513
2026-02-08 10:17:55,671 [INFO] rit_api: MARKET SELL 90 RTM1P51 -> order_id=1514
2026-02-08 10:17:55,729 [INFO] rit_api: MARKET SELL 83 RTM1C52 -> order_id=1515
2026-02-08 10:17:55,786 [INFO] rit_api: MARKET SELL 83 RTM1P52 -> order_id=1516
2026-02-08 10:17:55,849 [INFO] rit_api: MARKET SELL 70 RTM1C50 -> order_id=1517
2026-02-08 10:17:55,906 [INFO] rit_api: MARKET SELL 70 RTM1P50 -> order_id=1518
2026-02-08 10:17:55,969 [INFO] rit_api: MARKET SELL 55 RTM1C53 -> order_id=1519
2026-02-08 10:17:56,035 [INFO] rit_api: MARKET SELL 55 RTM1P53 -> order_id=1520
2026-02-08 10:17:56,559 [INFO] trading_engine: Position sizing: delta_limit=9000, max_for_limit=600, base=600, scaled=600
2026-02-08 10:17:56,559 [INFO] trading_engine: POSITION BUILT at tick 37: gross=596 net=-596
2026-02-08 10:18:06,776 [INFO] rit_api: MARKET SELL 4421 RTM -> order_id=1983
2026-02-08 10:18:06,776 [INFO] trading_engine: HEDGE SELL 4421 RTM (delta=8021 -> target=3600, limit=9000)
2026-02-08 10:18:12,752 [INFO] rit_api: MARKET BUY 4350 RTM -> order_id=2236
2026-02-08 10:18:12,752 [INFO] trading_engine: HEDGE BUY 4350 RTM (delta=-7950 -> target=-3600, limit=9000)
2026-02-08 10:18:19,862 [INFO] rit_api: MARKET BUY 5169 RTM -> order_id=2531
2026-02-08 10:18:19,863 [INFO] trading_engine: HEDGE BUY 5169 RTM (delta=-8769 -> target=-3600, limit=9000)
2026-02-08 10:18:23,750 [WARNING] trading_engine: BYPASSING cooldown: delta=-10089 exceeds 90% of limit 9000
2026-02-08 10:18:23,868 [INFO] rit_api: MARKET BUY 6489 RTM -> order_id=2700
2026-02-08 10:18:23,868 [INFO] trading_engine: HEDGE BUY 6489 RTM (delta=-10089 -> target=-3600, limit=9000)
2026-02-08 10:18:34,743 [INFO] news_parser: NEWS: Current realized vol = 12.0% (history: ['12%']) [NOW USING REALIZED]
2026-02-08 10:19:11,943 [INFO] news_parser: NEWS: Forecast vol next week = 14.0% - 19.0% (mid=16.5%) [NOW USING FORECAST]
2026-02-08 10:19:11,951 [INFO] trading_engine: REVERSAL APPROVED at tick 112: -1 -> 1 (edge=4.9%)
2026-02-08 10:19:11,951 [INFO] trading_engine: VOL REVERSAL at tick 112: -1 -> 1 (edge=4.9%)
2026-02-08 10:19:12,066 [INFO] rit_api: MARKET BUY 70 RTM1C50 -> order_id=4755
2026-02-08 10:19:12,123 [INFO] rit_api: MARKET BUY 70 RTM1P50 -> order_id=4756
2026-02-08 10:19:12,188 [INFO] rit_api: MARKET BUY 90 RTM1C51 -> order_id=4757
2026-02-08 10:19:12,252 [INFO] rit_api: MARKET BUY 90 RTM1P51 -> order_id=4758
2026-02-08 10:19:12,315 [INFO] rit_api: MARKET BUY 83 RTM1C52 -> order_id=4759
2026-02-08 10:19:12,377 [INFO] rit_api: MARKET BUY 83 RTM1P52 -> order_id=4760
2026-02-08 10:19:12,438 [INFO] rit_api: MARKET BUY 55 RTM1C53 -> order_id=4761
2026-02-08 10:19:12,507 [INFO] rit_api: MARKET BUY 55 RTM1P53 -> order_id=4762
2026-02-08 10:19:12,636 [INFO] rit_api: MARKET SELL 7754 RTM -> order_id=4763
2026-02-08 10:19:12,636 [INFO] trading_engine: HEDGE SELL 7754 RTM (delta=11354 -> target=3600, limit=9000)
2026-02-08 10:19:13,028 [INFO] trading_engine: Position sizing: delta_limit=9000, max_for_limit=600, base=600, scaled=600
2026-02-08 10:19:13,085 [INFO] rit_api: MARKET BUY 87 RTM1C52 -> order_id=4806
2026-02-08 10:19:13,148 [INFO] rit_api: MARKET BUY 87 RTM1P52 -> order_id=4807
2026-02-08 10:19:13,219 [INFO] rit_api: MARKET BUY 80 RTM1C53 -> order_id=4808
2026-02-08 10:19:13,279 [INFO] rit_api: MARKET BUY 80 RTM1P53 -> order_id=4809
2026-02-08 10:19:13,338 [INFO] rit_api: MARKET BUY 73 RTM1C51 -> order_id=4810
2026-02-08 10:19:13,400 [INFO] rit_api: MARKET BUY 73 RTM1P51 -> order_id=4811
2026-02-08 10:19:13,461 [INFO] rit_api: MARKET BUY 57 RTM1C54 -> order_id=4812
2026-02-08 10:19:13,521 [INFO] rit_api: MARKET BUY 57 RTM1P54 -> order_id=4813
2026-02-08 10:19:14,050 [INFO] trading_engine: Position sizing: delta_limit=9000, max_for_limit=600, base=600, scaled=600
2026-02-08 10:19:14,050 [INFO] trading_engine: POSITION BUILT at tick 114: gross=594 net=594
2026-02-08 10:19:29,273 [INFO] rit_api: MARKET SELL 4338 RTM -> order_id=5486
2026-02-08 10:19:29,273 [INFO] trading_engine: HEDGE SELL 4338 RTM (delta=7938 -> target=3600, limit=9000)
2026-02-08 10:19:50,151 [INFO] news_parser: NEWS: Current realized vol = 17.0% (history: ['12%', '17%']) [NOW USING REALIZED]
2026-02-08 10:19:51,311 [INFO] rit_api: MARKET BUY 4329 RTM -> order_id=6422
2026-02-08 10:19:51,311 [INFO] trading_engine: HEDGE BUY 4329 RTM (delta=-7929 -> target=-3600, limit=9000)
2026-02-08 10:20:02,387 [INFO] rit_api: MARKET BUY 6500 RTM -> order_id=6911
2026-02-08 10:20:02,387 [INFO] trading_engine: HEDGE BUY 6500 RTM (delta=-10100 -> target=-3600, limit=9000)
2026-02-08 10:20:25,609 [INFO] rit_api: MARKET SELL 5179 RTM -> order_id=7892
2026-02-08 10:20:25,609 [INFO] trading_engine: HEDGE SELL 5179 RTM (delta=8779 -> target=3600, limit=9000)
2026-02-08 10:20:27,424 [INFO] news_parser: NEWS: Forecast vol next week = 20.0% - 25.0% (mid=22.5%) [NOW USING FORECAST]
2026-02-08 10:21:05,622 [INFO] news_parser: NEWS: Current realized vol = 24.0% (history: ['12%', '17%', '24%']) [NOW USING REALIZED]
2026-02-08 10:21:24,831 [INFO] rit_api: MARKET BUY 4661 RTM -> order_id=10392
2026-02-08 10:21:24,832 [INFO] trading_engine: HEDGE BUY 4661 RTM (delta=-8261 -> target=-3600, limit=9000)
2026-02-08 10:21:50,931 [INFO] trading_engine: ENTERING UNWIND PHASE at tick 270
2026-02-08 10:21:50,990 [INFO] rit_api: LIMIT SELL 73 RTM1C51 @ 0.84 -> order_id=11499
2026-02-08 10:21:51,048 [INFO] rit_api: LIMIT SELL 73 RTM1P51 @ 0.14 -> order_id=11500
2026-02-08 10:21:51,105 [INFO] rit_api: LIMIT SELL 87 RTM1C52 @ 0.27 -> order_id=11501
2026-02-08 10:21:51,162 [INFO] rit_api: LIMIT SELL 87 RTM1P52 @ 0.57 -> order_id=11502
2026-02-08 10:21:51,221 [INFO] rit_api: LIMIT SELL 80 RTM1C53 @ 0.05 -> order_id=11503
2026-02-08 10:21:51,279 [INFO] rit_api: LIMIT SELL 80 RTM1P53 @ 1.34 -> order_id=11504
2026-02-08 10:21:51,336 [INFO] rit_api: LIMIT SELL 57 RTM1P54 @ 2.29 -> order_id=11505
2026-02-08 10:21:51,396 [INFO] rit_api: LIMIT SELL 9806 RTM @ 51.68 -> order_id=11506
2026-02-08 10:22:16,124 [INFO] rit_api: MARKET SELL 57 RTM1C54 -> order_id=12559
2026-02-08 10:23:50,611 [INFO] news_parser: NEWS: Delta limit = 6000
2026-02-08 10:23:50,612 [INFO] news_parser: NEWS: Penalty rate = 1.00%
2026-02-08 10:24:22,678 [INFO] news_parser: NEWS: Forecast vol next week = 31.0% - 36.0% (mid=33.5%) [NOW USING FORECAST]
2026-02-08 10:24:22,687 [INFO] trading_engine: Position sizing: delta_limit=6000, max_for_limit=400, base=400, scaled=400
2026-02-08 10:24:22,745 [INFO] rit_api: MARKET BUY 51 RTM1C49 -> order_id=1513
2026-02-08 10:24:22,804 [INFO] rit_api: MARKET BUY 51 RTM1P49 -> order_id=1514
2026-02-08 10:24:22,863 [INFO] rit_api: MARKET BUY 50 RTM1C48 -> order_id=1515
2026-02-08 10:24:22,933 [INFO] rit_api: MARKET BUY 50 RTM1P48 -> order_id=1516
2026-02-08 10:24:22,999 [INFO] rit_api: MARKET BUY 50 RTM1C50 -> order_id=1517
2026-02-08 10:24:23,059 [INFO] rit_api: MARKET BUY 50 RTM1P50 -> order_id=1518
2026-02-08 10:24:23,118 [INFO] rit_api: MARKET BUY 46 RTM1C47 -> order_id=1519
2026-02-08 10:24:23,176 [INFO] rit_api: MARKET BUY 46 RTM1P47 -> order_id=1520
2026-02-08 10:24:23,704 [INFO] trading_engine: Position sizing: delta_limit=6000, max_for_limit=400, base=400, scaled=400
2026-02-08 10:24:23,763 [INFO] rit_api: MARKET BUY 47 RTM1C51 -> order_id=1563
2026-02-08 10:24:23,820 [INFO] rit_api: MARKET BUY 47 RTM1P51 -> order_id=1564
2026-02-08 10:24:24,731 [INFO] trading_engine: Position sizing: delta_limit=6000, max_for_limit=400, base=400, scaled=400
2026-02-08 10:24:24,731 [INFO] trading_engine: POSITION BUILT at tick 38: gross=488 net=488
2026-02-08 10:25:01,935 [INFO] news_parser: NEWS: Current realized vol = 33.0% (history: ['33%']) [NOW USING REALIZED]
2026-02-08 10:25:13,176 [INFO] rit_api: MARKET SELL 2743 RTM -> order_id=3653
2026-02-08 10:25:13,176 [INFO] trading_engine: HEDGE SELL 2743 RTM (delta=5143 -> target=2400, limit=6000)
2026-02-08 10:25:39,116 [INFO] news_parser: NEWS: Forecast vol next week = 34.0% - 39.0% (mid=36.5%) [NOW USING FORECAST]
2026-02-08 10:26:01,458 [INFO] rit_api: MARKET SELL 4151 RTM -> order_id=5795
2026-02-08 10:26:01,458 [INFO] trading_engine: HEDGE SELL 4151 RTM (delta=6551 -> target=2400, limit=6000)
2026-02-08 10:26:17,304 [INFO] news_parser: NEWS: Current realized vol = 35.0% (history: ['33%', '35%']) [NOW USING REALIZED]
2026-02-08 10:26:18,353 [INFO] trading_engine: REVERSAL APPROVED at tick 151: 1 -> -1 (edge=7.4%)
2026-02-08 10:26:18,353 [INFO] trading_engine: VOL REVERSAL at tick 151: 1 -> -1 (edge=7.4%)
2026-02-08 10:26:18,469 [INFO] rit_api: MARKET SELL 46 RTM1C47 -> order_id=6544
2026-02-08 10:26:18,535 [INFO] rit_api: MARKET SELL 46 RTM1P47 -> order_id=6545
2026-02-08 10:26:18,591 [INFO] rit_api: MARKET SELL 50 RTM1C48 -> order_id=6546
2026-02-08 10:26:18,648 [INFO] rit_api: MARKET SELL 50 RTM1P48 -> order_id=6547
2026-02-08 10:26:18,708 [INFO] rit_api: MARKET SELL 51 RTM1C49 -> order_id=6548
2026-02-08 10:26:18,766 [INFO] rit_api: MARKET SELL 51 RTM1P49 -> order_id=6549
2026-02-08 10:26:18,828 [INFO] rit_api: MARKET SELL 50 RTM1C50 -> order_id=6550
2026-02-08 10:26:18,890 [INFO] rit_api: MARKET SELL 50 RTM1P50 -> order_id=6551
2026-02-08 10:26:18,947 [INFO] rit_api: MARKET SELL 47 RTM1C51 -> order_id=6552
2026-02-08 10:26:19,004 [INFO] rit_api: MARKET SELL 47 RTM1P51 -> order_id=6553
2026-02-08 10:26:19,126 [INFO] rit_api: MARKET BUY 7456 RTM -> order_id=6554
2026-02-08 10:26:19,127 [INFO] trading_engine: HEDGE BUY 7456 RTM (delta=-9856 -> target=-2400, limit=6000)
2026-02-08 10:26:19,390 [INFO] trading_engine: Position sizing: delta_limit=6000, max_for_limit=400, base=400, scaled=400
2026-02-08 10:26:19,447 [INFO] rit_api: MARKET SELL 52 RTM1C50 -> order_id=6597
2026-02-08 10:26:19,506 [INFO] rit_api: MARKET SELL 52 RTM1P50 -> order_id=6598
2026-02-08 10:26:19,563 [INFO] rit_api: MARKET SELL 51 RTM1C49 -> order_id=6599
2026-02-08 10:26:19,622 [INFO] rit_api: MARKET SELL 51 RTM1P49 -> order_id=6600
2026-02-08 10:26:19,680 [INFO] rit_api: MARKET SELL 50 RTM1C51 -> order_id=6601
2026-02-08 10:26:19,740 [INFO] rit_api: MARKET SELL 50 RTM1P51 -> order_id=6602
2026-02-08 10:26:19,798 [INFO] rit_api: MARKET SELL 45 RTM1C48 -> order_id=6603
2026-02-08 10:26:19,857 [INFO] rit_api: MARKET SELL 45 RTM1P48 -> order_id=6604
2026-02-08 10:26:20,383 [INFO] trading_engine: Position sizing: delta_limit=6000, max_for_limit=400, base=400, scaled=400
2026-02-08 10:26:20,383 [INFO] trading_engine: POSITION BUILT at tick 153: gross=396 net=-396
2026-02-08 10:26:39,496 [INFO] rit_api: MARKET BUY 2737 RTM -> order_id=7507
2026-02-08 10:26:39,496 [INFO] trading_engine: HEDGE BUY 2737 RTM (delta=-5137 -> target=-2400, limit=6000)
2026-02-08 10:26:47,545 [INFO] rit_api: MARKET BUY 3580 RTM -> order_id=7868
2026-02-08 10:26:47,545 [INFO] trading_engine: HEDGE BUY 3580 RTM (delta=-5980 -> target=-2400, limit=6000)
2026-02-08 10:26:54,534 [INFO] news_parser: NEWS: Forecast vol next week = 18.0% - 23.0% (mid=20.5%) [NOW USING FORECAST]
2026-02-08 10:27:03,601 [INFO] rit_api: MARKET BUY 3544 RTM -> order_id=8573
2026-02-08 10:27:03,601 [INFO] trading_engine: HEDGE BUY 3544 RTM (delta=-5944 -> target=-2400, limit=6000)
2026-02-08 10:27:10,731 [INFO] rit_api: MARKET BUY 3088 RTM -> order_id=8884
2026-02-08 10:27:10,732 [INFO] trading_engine: HEDGE BUY 3088 RTM (delta=-5488 -> target=-2400, limit=6000)
2026-02-08 10:27:32,643 [INFO] news_parser: NEWS: Current realized vol = 22.0% (history: ['33%', '35%', '22%']) [NOW USING REALIZED]
2026-02-08 10:27:53,873 [INFO] rit_api: MARKET SELL 3994 RTM -> order_id=10743
2026-02-08 10:27:53,873 [INFO] trading_engine: HEDGE SELL 3994 RTM (delta=6394 -> target=2400, limit=6000)
2026-02-08 10:28:18,047 [INFO] trading_engine: ENTERING UNWIND PHASE at tick 270
2026-02-08 10:28:18,104 [INFO] rit_api: LIMIT BUY 45 RTM1C48 @ 2.83 -> order_id=11773
2026-02-08 10:28:18,159 [INFO] rit_api: LIMIT BUY 51 RTM1C49 @ 1.85 -> order_id=11774
2026-02-08 10:28:18,219 [INFO] rit_api: LIMIT BUY 52 RTM1C50 @ 0.98 -> order_id=11775
2026-02-08 10:28:18,273 [INFO] rit_api: LIMIT BUY 52 RTM1P50 @ 0.16 -> order_id=11776
2026-02-08 10:28:18,336 [INFO] rit_api: LIMIT BUY 50 RTM1C51 @ 0.36 -> order_id=11777
2026-02-08 10:28:18,392 [INFO] rit_api: LIMIT BUY 50 RTM1P51 @ 0.55 -> order_id=11778
2026-02-08 10:28:18,450 [INFO] rit_api: LIMIT SELL 9517 RTM @ 50.79 -> order_id=11779
2026-02-08 10:28:19,943 [INFO] rit_api: LIMIT BUY 51 RTM1P49 @ 0.04 -> order_id=11864
2026-02-08 10:28:33,064 [INFO] rit_api: MARKET BUY 45 RTM1P48 -> order_id=12417
2026-02-08 10:30:21,790 [INFO] news_parser: NEWS: Delta limit = 9000
2026-02-08 10:30:21,791 [INFO] news_parser: NEWS: Penalty rate = 2.00%
2026-02-08 10:30:56,985 [INFO] news_parser: NEWS: Forecast vol next week = 19.0% - 24.0% (mid=21.5%) [NOW USING FORECAST]
2026-02-08 10:30:56,990 [INFO] trading_engine: Position sizing: delta_limit=9000, max_for_limit=600, base=600, scaled=600
2026-02-08 10:30:57,044 [INFO] rit_api: MARKET BUY 81 RTM1C50 -> order_id=1729
2026-02-08 10:30:57,107 [INFO] rit_api: MARKET BUY 81 RTM1P50 -> order_id=1730
2026-02-08 10:30:57,163 [INFO] rit_api: MARKET BUY 77 RTM1C49 -> order_id=1743
2026-02-08 10:30:57,221 [INFO] rit_api: MARKET BUY 77 RTM1P49 -> order_id=1752
2026-02-08 10:30:57,331 [INFO] rit_api: MARKET BUY 75 RTM1C51 -> order_id=1753
2026-02-08 10:30:57,396 [INFO] rit_api: MARKET BUY 75 RTM1P51 -> order_id=1754
2026-02-08 10:30:57,491 [INFO] rit_api: MARKET BUY 65 RTM1C48 -> order_id=1755
2026-02-08 10:30:57,558 [INFO] rit_api: MARKET BUY 65 RTM1P48 -> order_id=1756
2026-02-08 10:30:57,976 [INFO] trading_engine: Position sizing: delta_limit=9000, max_for_limit=600, base=600, scaled=600
2026-02-08 10:30:57,976 [INFO] trading_engine: POSITION BUILT at tick 37: gross=596 net=596
2026-02-08 10:31:36,229 [INFO] news_parser: NEWS: Current realized vol = 20.0% (history: ['20%']) [NOW USING REALIZED]
2026-02-08 10:31:44,325 [INFO] rit_api: MARKET BUY 4727 RTM -> order_id=5373
2026-02-08 10:31:44,325 [INFO] trading_engine: HEDGE BUY 4727 RTM (delta=-8327 -> target=-3600, limit=9000)
2026-02-08 10:31:49,268 [INFO] trading_engine: REVERSAL APPROVED at tick 88: 1 -> -1 (edge=4.1%)
2026-02-08 10:31:49,268 [INFO] trading_engine: VOL REVERSAL at tick 88: 1 -> -1 (edge=4.1%)
2026-02-08 10:31:49,384 [INFO] rit_api: MARKET SELL 65 RTM1C48 -> order_id=5705
2026-02-08 10:31:49,443 [INFO] rit_api: MARKET SELL 65 RTM1P48 -> order_id=5706
2026-02-08 10:31:49,521 [INFO] rit_api: MARKET SELL 77 RTM1C49 -> order_id=5708
2026-02-08 10:31:49,579 [INFO] rit_api: MARKET SELL 77 RTM1P49 -> order_id=5714
2026-02-08 10:31:49,637 [INFO] rit_api: MARKET SELL 81 RTM1C50 -> order_id=5715
2026-02-08 10:31:49,698 [INFO] rit_api: MARKET SELL 81 RTM1P50 -> order_id=5716
2026-02-08 10:31:49,775 [INFO] rit_api: MARKET SELL 75 RTM1C51 -> order_id=5718
2026-02-08 10:31:49,837 [INFO] rit_api: MARKET SELL 75 RTM1P51 -> order_id=5720
2026-02-08 10:31:50,243 [INFO] trading_engine: Position sizing: delta_limit=9000, max_for_limit=600, base=600, scaled=538
2026-02-08 10:31:50,302 [INFO] rit_api: MARKET SELL 73 RTM1C48 -> order_id=5774
2026-02-08 10:31:50,359 [INFO] rit_api: MARKET SELL 73 RTM1P48 -> order_id=5776
2026-02-08 10:31:50,417 [INFO] rit_api: MARKET SELL 72 RTM1C49 -> order_id=5777
2026-02-08 10:31:50,480 [INFO] rit_api: MARKET SELL 72 RTM1P49 -> order_id=5778
2026-02-08 10:31:50,538 [INFO] rit_api: MARKET SELL 61 RTM1C47 -> order_id=5779
2026-02-08 10:31:50,612 [INFO] rit_api: MARKET SELL 61 RTM1P47 -> order_id=5780
2026-02-08 10:31:50,672 [INFO] rit_api: MARKET SELL 60 RTM1C50 -> order_id=5781
2026-02-08 10:31:50,732 [INFO] rit_api: MARKET SELL 60 RTM1P50 -> order_id=5782
2026-02-08 10:31:51,254 [INFO] trading_engine: Position sizing: delta_limit=9000, max_for_limit=600, base=600, scaled=600
2026-02-08 10:31:51,312 [INFO] rit_api: MARKET SELL 10 RTM1C49 -> order_id=5864
2026-02-08 10:31:51,368 [INFO] rit_api: MARKET SELL 10 RTM1P49 -> order_id=5869
2026-02-08 10:31:51,427 [INFO] rit_api: MARKET SELL 9 RTM1C50 -> order_id=5872
2026-02-08 10:31:51,513 [INFO] rit_api: MARKET SELL 9 RTM1P50 -> order_id=5877
2026-02-08 10:31:51,571 [INFO] rit_api: MARKET SELL 8 RTM1C48 -> order_id=5887
2026-02-08 10:31:51,627 [INFO] rit_api: MARKET SELL 8 RTM1P48 -> order_id=5891
2026-02-08 10:31:51,697 [INFO] rit_api: MARKET SELL 6 RTM1C47 -> order_id=5894
2026-02-08 10:31:51,787 [INFO] rit_api: MARKET SELL 6 RTM1P47 -> order_id=5897
2026-02-08 10:31:52,191 [INFO] trading_engine: Position sizing: delta_limit=9000, max_for_limit=600, base=600, scaled=600
2026-02-08 10:31:52,277 [INFO] rit_api: MARKET BUY 6 RTM1C47 -> order_id=5954
2026-02-08 10:31:52,332 [INFO] rit_api: MARKET BUY 6 RTM1P47 -> order_id=5957
2026-02-08 10:31:52,393 [INFO] rit_api: MARKET SELL 6 RTM1C50 -> order_id=5961
2026-02-08 10:31:52,451 [INFO] rit_api: MARKET SELL 6 RTM1P50 -> order_id=5967
2026-02-08 10:31:53,248 [INFO] trading_engine: Position sizing: delta_limit=9000, max_for_limit=600, base=600, scaled=569
2026-02-08 10:31:53,303 [INFO] rit_api: MARKET BUY 7 RTM1C48 -> order_id=6038
2026-02-08 10:31:53,367 [INFO] rit_api: MARKET BUY 7 RTM1P48 -> order_id=6039
2026-02-08 10:31:53,424 [INFO] rit_api: MARKET BUY 5 RTM1C47 -> order_id=6040
2026-02-08 10:31:53,482 [INFO] rit_api: MARKET BUY 5 RTM1P47 -> order_id=6041
2026-02-08 10:31:54,278 [INFO] trading_engine: Position sizing: delta_limit=9000, max_for_limit=600, base=600, scaled=600
2026-02-08 10:31:54,278 [INFO] trading_engine: POSITION BUILT at tick 93: gross=574 net=-574
2026-02-08 10:32:13,353 [INFO] news_parser: NEWS: Forecast vol next week = 19.0% - 24.0% (mid=21.5%) [NOW USING FORECAST]
2026-02-08 10:32:18,473 [INFO] rit_api: MARKET SELL 4474 RTM -> order_id=8003
2026-02-08 10:32:18,473 [INFO] trading_engine: HEDGE SELL 4474 RTM (delta=8074 -> target=3600, limit=9000)
2026-02-08 10:32:40,644 [INFO] rit_api: MARKET SELL 4770 RTM -> order_id=9790
2026-02-08 10:32:40,644 [INFO] trading_engine: HEDGE SELL 4770 RTM (delta=8370 -> target=3600, limit=9000)
2026-02-08 10:32:51,494 [INFO] news_parser: NEWS: Current realized vol = 23.0% (history: ['20%', '23%']) [NOW USING REALIZED]
2026-02-08 10:33:11,741 [INFO] rit_api: MARKET SELL 5601 RTM -> order_id=12232
2026-02-08 10:33:11,741 [INFO] trading_engine: HEDGE SELL 5601 RTM (delta=9201 -> target=3600, limit=9000)
2026-02-08 10:33:28,661 [INFO] news_parser: NEWS: Forecast vol next week = 19.0% - 24.0% (mid=21.5%) [NOW USING FORECAST]
2026-02-08 10:33:35,841 [INFO] rit_api: MARKET BUY 4486 RTM -> order_id=14145
2026-02-08 10:33:35,842 [INFO] trading_engine: HEDGE BUY 4486 RTM (delta=-8086 -> target=-3600, limit=9000)
2026-02-08 10:33:49,942 [INFO] rit_api: MARKET BUY 5149 RTM -> order_id=15289
2026-02-08 10:33:49,942 [INFO] trading_engine: HEDGE BUY 5149 RTM (delta=-8749 -> target=-3600, limit=9000)
2026-02-08 10:33:56,067 [INFO] rit_api: MARKET BUY 4077 RTM -> order_id=15759
2026-02-08 10:33:56,068 [INFO] trading_engine: HEDGE BUY 4077 RTM (delta=-7677 -> target=-3600, limit=9000)
2026-02-08 10:34:03,096 [INFO] rit_api: MARKET BUY 6657 RTM -> order_id=16324
2026-02-08 10:34:03,096 [INFO] trading_engine: HEDGE BUY 6657 RTM (delta=-10257 -> target=-3600, limit=9000)
2026-02-08 10:34:07,011 [INFO] news_parser: NEWS: Current realized vol = 20.0% (history: ['20%', '23%', '20%']) [NOW USING REALIZED]
2026-02-08 10:34:11,076 [INFO] rit_api: MARKET BUY 5021 RTM -> order_id=16949
2026-02-08 10:34:11,076 [INFO] trading_engine: HEDGE BUY 5021 RTM (delta=-8621 -> target=-3600, limit=9000)
2026-02-08 10:34:28,133 [INFO] rit_api: MARKET BUY 5459 RTM -> order_id=18101
2026-02-08 10:34:28,133 [INFO] trading_engine: HEDGE BUY 5459 RTM (delta=-9059 -> target=-3600, limit=9000)
2026-02-08 10:34:46,223 [INFO] rit_api: MARKET BUY 4127 RTM -> order_id=19099
2026-02-08 10:34:46,225 [INFO] trading_engine: HEDGE BUY 4127 RTM (delta=-7727 -> target=-3600, limit=9000)
2026-02-08 10:34:52,189 [INFO] trading_engine: ENTERING UNWIND PHASE at tick 270
2026-02-08 10:34:52,266 [INFO] rit_api: LIMIT BUY 56 RTM1C47 @ 5.41 -> order_id=19439
2026-02-08 10:34:52,325 [INFO] rit_api: LIMIT BUY 74 RTM1C48 @ 4.41 -> order_id=19440
2026-02-08 10:34:52,380 [INFO] rit_api: LIMIT BUY 82 RTM1C49 @ 3.41 -> order_id=19441
2026-02-08 10:34:52,442 [INFO] rit_api: LIMIT BUY 75 RTM1C50 @ 2.41 -> order_id=19442
2026-02-08 10:34:52,501 [INFO] rit_api: LIMIT SELL 10000 RTM @ 52.37 -> order_id=19443
2026-02-08 10:34:53,222 [INFO] rit_api: LIMIT SELL 10000 RTM @ 52.32 -> order_id=19506
2026-02-08 10:34:54,219 [INFO] rit_api: LIMIT SELL 4858 RTM @ 52.14 -> order_id=19557
2026-02-08 10:35:00,284 [INFO] rit_api: LIMIT BUY 75 RTM1P50 @ 0.04 -> order_id=19900
2026-02-08 10:35:07,300 [INFO] rit_api: MARKET BUY 56 RTM1P47 -> order_id=20285
2026-02-08 10:35:07,361 [INFO] rit_api: MARKET BUY 74 RTM1P48 -> order_id=20299
2026-02-08 10:35:07,450 [INFO] rit_api: MARKET BUY 82 RTM1P49 -> order_id=20300
2026-02-08 10:37:01,867 [INFO] news_parser: NEWS: Delta limit = 5000
2026-02-08 10:37:01,867 [INFO] news_parser: NEWS: Penalty rate = 3.00%
