2026-02-08 18:35:17,856 [INFO] news_parser: NEWS: Delta limit = 5000
2026-02-08 18:35:17,856 [INFO] news_parser: NEWS: Penalty rate = 3.00%
2026-02-08 18:35:18,954 [INFO] rit_api: MARKET BUY 50 RTM1C50 -> order_id=85
2026-02-08 18:35:19,014 [INFO] rit_api: MARKET BUY 50 RTM1P50 -> order_id=86
2026-02-08 18:35:19,982 [INFO] rit_api: MARKET SELL 5000 RTM -> order_id=129
2026-02-08 18:35:28,016 [INFO] rit_api: MARKET BUY 10000 RTM -> order_id=466
2026-02-08 18:35:28,980 [INFO] rit_api: MARKET SELL 10000 RTM -> order_id=509
2026-02-08 18:35:30,068 [INFO] rit_api: MARKET BUY 10000 RTM -> order_id=552
2026-02-08 18:35:44,046 [INFO] rit_api: MARKET SELL 10000 RTM -> order_id=1141
2026-02-08 18:35:45,135 [INFO] rit_api: MARKET BUY 6094 RTM -> order_id=1184
2026-02-08 18:35:46,098 [INFO] rit_api: MARKET SELL 6094 RTM -> order_id=1227
2026-02-08 18:35:47,059 [INFO] rit_api: MARKET BUY 5150 RTM -> order_id=1270
2026-02-08 18:35:48,148 [INFO] rit_api: MARKET SELL 5150 RTM -> order_id=1313
2026-02-08 18:36:32,192 [INFO] news_parser: NEWS: Current realized vol = 28.0% (history: ['28%'])
2026-02-08 18:36:32,264 [INFO] rit_api: MARKET SELL 50 RTM1C50 -> order_id=3162
2026-02-08 18:36:32,325 [INFO] rit_api: MARKET SELL 50 RTM1P50 -> order_id=3163
2026-02-08 18:36:32,387 [INFO] rit_api: MARKET BUY 50 RTM1C53 -> order_id=3164
2026-02-08 18:36:32,445 [INFO] rit_api: MARKET BUY 50 RTM1P53 -> order_id=3165
2026-02-08 18:36:33,289 [INFO] rit_api: MARKET BUY 10000 RTM -> order_id=3208
2026-02-08 18:37:47,662 [INFO] news_parser: NEWS: Current realized vol = 27.0% (history: ['28%', '27%'])
2026-02-08 18:37:47,738 [INFO] rit_api: MARKET SELL 50 RTM1C53 -> order_id=6317
2026-02-08 18:37:47,797 [INFO] rit_api: MARKET SELL 50 RTM1P53 -> order_id=6318
2026-02-08 18:37:47,858 [INFO] rit_api: MARKET BUY 50 RTM1C50 -> order_id=6319
2026-02-08 18:37:47,918 [INFO] rit_api: MARKET BUY 50 RTM1P50 -> order_id=6320
2026-02-08 18:37:48,766 [INFO] rit_api: MARKET SELL 10000 RTM -> order_id=6363
2026-02-08 18:39:03,050 [INFO] news_parser: NEWS: Current realized vol = 29.0% (history: ['28%', '27%', '29%'])
2026-02-08 18:39:03,123 [INFO] rit_api: MARKET SELL 50 RTM1C50 -> order_id=9472
2026-02-08 18:39:03,185 [INFO] rit_api: MARKET SELL 50 RTM1P50 -> order_id=9473
2026-02-08 18:39:03,247 [INFO] rit_api: MARKET BUY 50 RTM1C51 -> order_id=9474
2026-02-08 18:39:03,306 [INFO] rit_api: MARKET BUY 50 RTM1P51 -> order_id=9475
2026-02-08 18:39:11,247 [INFO] rit_api: MARKET BUY 5146 RTM -> order_id=9812
2026-02-08 18:39:12,213 [INFO] rit_api: MARKET BUY 4854 RTM -> order_id=9855
2026-02-08 18:39:20,291 [INFO] rit_api: MARKET SELL 10000 RTM -> order_id=10192
2026-02-08 18:39:31,338 [INFO] rit_api: MARKET BUY 5614 RTM -> order_id=10655
2026-02-08 18:39:35,415 [INFO] rit_api: MARKET SELL 5614 RTM -> order_id=10824
2026-02-08 18:40:05,509 [INFO] rit_api: MARKET BUY 10000 RTM -> order_id=12085
2026-02-08 18:40:08,551 [INFO] rit_api: MARKET SELL 10000 RTM -> order_id=12212
2026-02-08 18:40:21,508 [WARNING] rit_api: POST /commands/cancel returned 401: {"code":"UNAUTHORIZED","message":"Simulation must be running."}
