2026-02-08 09:25:34,312 [INFO] news_parser: NEWS: Delta limit = 9000
2026-02-08 09:25:34,312 [INFO] news_parser: NEWS: Penalty rate = 3.00%
2026-02-08 09:26:07,268 [INFO] news_parser: NEWS: Forecast vol next week = 25.0% - 30.0% (mid=27.5%)
2026-02-08 09:26:07,364 [INFO] rit_api: MARKET SELL 100 RTM1C49 -> order_id=2524
2026-02-08 09:26:07,422 [INFO] rit_api: MARKET SELL 100 RTM1C49 -> order_id=2525
2026-02-08 09:26:07,480 [INFO] rit_api: MARKET SELL 35 RTM1C49 -> order_id=2526
2026-02-08 09:26:07,535 [INFO] rit_api: MARKET SELL 100 RTM1P49 -> order_id=2527
2026-02-08 09:26:07,604 [INFO] rit_api: MARKET SELL 100 RTM1P49 -> order_id=2528
2026-02-08 09:26:07,662 [INFO] rit_api: MARKET SELL 35 RTM1P49 -> order_id=2529
2026-02-08 09:26:07,721 [INFO] rit_api: MARKET SELL 100 RTM1C50 -> order_id=2530
2026-02-08 09:26:07,778 [INFO] rit_api: MARKET SELL 100 RTM1C50 -> order_id=2531
2026-02-08 09:26:07,839 [INFO] rit_api: MARKET SELL 31 RTM1C50 -> order_id=2532
2026-02-08 09:26:07,906 [INFO] rit_api: MARKET SELL 100 RTM1P50 -> order_id=2533
2026-02-08 09:26:07,962 [INFO] rit_api: MARKET SELL 100 RTM1P50 -> order_id=2534
2026-02-08 09:26:08,019 [INFO] rit_api: MARKET SELL 31 RTM1P50 -> order_id=2535
2026-02-08 09:26:08,075 [INFO] rit_api: MARKET SELL 48 RTM1C48 -> order_id=2536
2026-02-08 09:26:08,396 [INFO] rit_api: MARKET BUY 5 RTM1C49 -> order_id=2579
2026-02-08 09:26:08,452 [INFO] rit_api: MARKET BUY 5 RTM1P49 -> order_id=2580
2026-02-08 09:26:08,587 [INFO] rit_api: MARKET BUY 4994 RTM -> order_id=2581
2026-02-08 09:26:08,587 [INFO] trading_engine: HEDGE BUY 4994 RTM (delta=-6344 -> target=-1350, limit=9000)
2026-02-08 09:26:09,413 [INFO] rit_api: MARKET SELL 10 RTM1C51 -> order_id=2625
2026-02-08 09:26:09,470 [INFO] rit_api: MARKET BUY 10 RTM1C49 -> order_id=2648
2026-02-08 09:26:09,531 [INFO] rit_api: MARKET BUY 10 RTM1P49 -> order_id=2651
2026-02-08 09:26:10,368 [INFO] rit_api: MARKET SELL 20 RTM1P51 -> order_id=2737
2026-02-08 09:26:11,398 [INFO] trading_engine: POSITION BUILT at tick 40: gross=980 net=-980
2026-02-08 09:26:11,512 [INFO] rit_api: MARKET BUY 4731 RTM -> order_id=2780
2026-02-08 09:26:11,513 [INFO] trading_engine: HEDGE BUY 4731 RTM (delta=-6081 -> target=-1350, limit=9000)
2026-02-08 09:26:13,549 [INFO] rit_api: MARKET BUY 5830 RTM -> order_id=2920
2026-02-08 09:26:13,549 [INFO] trading_engine: HEDGE BUY 5830 RTM (delta=-7180 -> target=-1350, limit=9000)
2026-02-08 09:26:30,633 [INFO] rit_api: MARKET SELL 5218 RTM -> order_id=3813
2026-02-08 09:26:30,633 [INFO] trading_engine: HEDGE SELL 5218 RTM (delta=6568 -> target=1350, limit=9000)
2026-02-08 09:26:35,519 [INFO] rit_api: MARKET SELL 6177 RTM -> order_id=4109
2026-02-08 09:26:35,519 [INFO] trading_engine: HEDGE SELL 6177 RTM (delta=7527 -> target=1350, limit=9000)
2026-02-08 09:26:39,608 [INFO] rit_api: MARKET SELL 8941 RTM -> order_id=4436
2026-02-08 09:26:39,609 [INFO] trading_engine: HEDGE SELL 8941 RTM (delta=10291 -> target=1350, limit=9000)
2026-02-08 09:26:46,543 [INFO] news_parser: NEWS: Current realized vol = 25.0% (history: ['25%'])
2026-02-08 09:26:46,674 [INFO] rit_api: MARKET BUY 4415 RTM -> order_id=4771
2026-02-08 09:26:46,674 [INFO] trading_engine: HEDGE BUY 4415 RTM (delta=-5765 -> target=-1350, limit=9000)
2026-02-08 09:26:58,749 [INFO] rit_api: MARKET SELL 6772 RTM -> order_id=5795
2026-02-08 09:26:58,749 [INFO] trading_engine: HEDGE SELL 6772 RTM (delta=8122 -> target=1350, limit=9000)
2026-02-08 09:27:01,697 [INFO] rit_api: MARKET BUY 4090 RTM -> order_id=5989
2026-02-08 09:27:01,698 [INFO] trading_engine: HEDGE BUY 4090 RTM (delta=-5440 -> target=-1350, limit=9000)
2026-02-08 09:27:12,850 [INFO] rit_api: MARKET BUY 5370 RTM -> order_id=6519
2026-02-08 09:27:12,851 [INFO] trading_engine: HEDGE BUY 5370 RTM (delta=-6720 -> target=-1350, limit=9000)
2026-02-08 09:27:19,793 [INFO] rit_api: MARKET BUY 5136 RTM -> order_id=6892
2026-02-08 09:27:19,794 [INFO] trading_engine: HEDGE BUY 5136 RTM (delta=-6486 -> target=-1350, limit=9000)
2026-02-08 09:27:23,768 [INFO] news_parser: NEWS: Forecast vol next week = 30.0% - 35.0% (mid=32.5%)
2026-02-08 09:27:25,949 [INFO] rit_api: MARKET SELL 4217 RTM -> order_id=7188
2026-02-08 09:27:25,951 [INFO] trading_engine: HEDGE SELL 4217 RTM (delta=5567 -> target=1350, limit=9000)
2026-02-08 09:27:30,948 [INFO] rit_api: MARKET BUY 4748 RTM -> order_id=7408
2026-02-08 09:27:30,948 [INFO] trading_engine: HEDGE BUY 4748 RTM (delta=-6098 -> target=-1350, limit=9000)
2026-02-08 09:27:34,918 [INFO] rit_api: MARKET SELL 8421 RTM -> order_id=7577
2026-02-08 09:27:34,919 [INFO] trading_engine: HEDGE SELL 8421 RTM (delta=9771 -> target=1350, limit=9000)
2026-02-08 09:27:39,919 [INFO] rit_api: MARKET SELL 5546 RTM -> order_id=7788
2026-02-08 09:27:39,920 [INFO] trading_engine: HEDGE SELL 5546 RTM (delta=6896 -> target=1350, limit=9000)
2026-02-08 09:27:45,041 [INFO] rit_api: MARKET BUY 5256 RTM -> order_id=7999
2026-02-08 09:27:45,041 [INFO] trading_engine: HEDGE BUY 5256 RTM (delta=-6606 -> target=-1350, limit=9000)
2026-02-08 09:27:56,111 [INFO] rit_api: MARKET SELL 4620 RTM -> order_id=8462
2026-02-08 09:27:56,111 [INFO] trading_engine: HEDGE SELL 4620 RTM (delta=5970 -> target=1350, limit=9000)
2026-02-08 09:27:58,151 [INFO] rit_api: MARKET SELL 9015 RTM -> order_id=8547
2026-02-08 09:27:58,151 [INFO] trading_engine: HEDGE SELL 9015 RTM (delta=10365 -> target=1350, limit=9000)
2026-02-08 09:28:01,998 [INFO] news_parser: NEWS: Current realized vol = 34.0% (history: ['25%', '34%'])
2026-02-08 09:28:02,001 [INFO] trading_engine: REVERSAL APPROVED at tick 150: -1 -> 1 (edge=9.0%)
2026-02-08 09:28:02,001 [INFO] trading_engine: VOL REVERSAL at tick 150: -1 -> 1 (edge=9.0%)
2026-02-08 09:28:02,115 [INFO] rit_api: MARKET BUY 48 RTM1C48 -> order_id=8717
2026-02-08 09:28:02,171 [INFO] rit_api: MARKET BUY 100 RTM1C49 -> order_id=8718
2026-02-08 09:28:02,228 [INFO] rit_api: MARKET BUY 100 RTM1P49 -> order_id=8722
2026-02-08 09:28:02,293 [INFO] rit_api: MARKET BUY 100 RTM1C50 -> order_id=8723
2026-02-08 09:28:02,359 [INFO] rit_api: MARKET BUY 100 RTM1P50 -> order_id=8727
2026-02-08 09:28:02,415 [INFO] rit_api: MARKET BUY 10 RTM1C51 -> order_id=8732
2026-02-08 09:28:02,471 [INFO] rit_api: MARKET BUY 20 RTM1P51 -> order_id=8737
2026-02-08 09:28:03,006 [INFO] trading_engine: BLOCKED reversal at tick 151 (after 150)
2026-02-08 09:28:03,064 [INFO] rit_api: MARKET BUY 100 RTM1C49 -> order_id=8784
2026-02-08 09:28:03,120 [INFO] rit_api: MARKET BUY 100 RTM1C49 -> order_id=8789
2026-02-08 09:28:03,177 [INFO] rit_api: MARKET BUY 13 RTM1C49 -> order_id=8794
2026-02-08 09:28:03,232 [INFO] rit_api: MARKET BUY 100 RTM1P49 -> order_id=8799
2026-02-08 09:28:03,293 [INFO] rit_api: MARKET BUY 100 RTM1P49 -> order_id=8803
2026-02-08 09:28:03,353 [INFO] rit_api: MARKET BUY 13 RTM1P49 -> order_id=8806
2026-02-08 09:28:03,413 [INFO] rit_api: MARKET BUY 96 RTM1C48 -> order_id=8807
2026-02-08 09:28:03,469 [INFO] rit_api: MARKET BUY 96 RTM1P48 -> order_id=8809
2026-02-08 09:28:03,529 [INFO] rit_api: MARKET BUY 91 RTM1C47 -> order_id=8811
2026-02-08 09:28:03,589 [INFO] rit_api: MARKET BUY 91 RTM1P47 -> order_id=8812
2026-02-08 09:28:03,647 [INFO] rit_api: MARKET BUY 78 RTM1C46 -> order_id=8814
2026-02-08 09:28:03,703 [INFO] rit_api: MARKET BUY 78 RTM1P46 -> order_id=8816
2026-02-08 09:28:03,823 [INFO] rit_api: MARKET BUY 9189 RTM -> order_id=8818
2026-02-08 09:28:03,823 [INFO] trading_engine: HEDGE BUY 9189 RTM (delta=-10539 -> target=-1350, limit=9000)
2026-02-08 09:28:04,082 [INFO] trading_engine: BLOCKED reversal at tick 152 (after 150)
2026-02-08 09:28:04,082 [INFO] trading_engine: POSITION BUILT at tick 152: gross=978 net=454
2026-02-08 09:28:04,995 [INFO] trading_engine: BLOCKED reversal at tick 153 (after 150)
2026-02-08 09:28:06,022 [INFO] trading_engine: BLOCKED reversal at tick 154 (after 150)
2026-02-08 09:28:07,046 [INFO] trading_engine: BLOCKED reversal at tick 155 (after 150)
2026-02-08 09:28:08,073 [INFO] trading_engine: BLOCKED reversal at tick 156 (after 150)
2026-02-08 09:28:09,115 [INFO] trading_engine: BLOCKED reversal at tick 157 (after 150)
2026-02-08 09:28:10,014 [INFO] trading_engine: BLOCKED reversal at tick 158 (after 150)
2026-02-08 09:28:11,041 [INFO] trading_engine: BLOCKED reversal at tick 159 (after 150)
2026-02-08 09:28:12,066 [INFO] trading_engine: BLOCKED reversal at tick 160 (after 150)
2026-02-08 09:28:13,092 [INFO] trading_engine: BLOCKED reversal at tick 161 (after 150)
2026-02-08 09:28:14,117 [INFO] trading_engine: BLOCKED reversal at tick 162 (after 150)
2026-02-08 09:28:15,143 [INFO] trading_engine: BLOCKED reversal at tick 163 (after 150)
2026-02-08 09:28:16,042 [INFO] trading_engine: BLOCKED reversal at tick 164 (after 150)
2026-02-08 09:28:17,068 [INFO] trading_engine: BLOCKED reversal at tick 165 (after 150)
2026-02-08 09:28:18,091 [INFO] trading_engine: BLOCKED reversal at tick 166 (after 150)
2026-02-08 09:28:19,119 [INFO] trading_engine: BLOCKED reversal at tick 167 (after 150)
2026-02-08 09:28:20,143 [INFO] trading_engine: BLOCKED reversal at tick 168 (after 150)
2026-02-08 09:28:21,168 [INFO] trading_engine: BLOCKED reversal at tick 169 (after 150)
2026-02-08 09:28:22,081 [INFO] trading_engine: BLOCKED reversal at tick 170 (after 150)
2026-02-08 09:28:23,105 [INFO] trading_engine: BLOCKED reversal at tick 171 (after 150)
2026-02-08 09:28:24,130 [INFO] trading_engine: BLOCKED reversal at tick 172 (after 150)
2026-02-08 09:28:25,157 [INFO] trading_engine: BLOCKED reversal at tick 173 (after 150)
2026-02-08 09:28:25,269 [INFO] rit_api: MARKET SELL 4163 RTM -> order_id=10175
2026-02-08 09:28:25,269 [INFO] trading_engine: HEDGE SELL 4163 RTM (delta=5513 -> target=1350, limit=9000)
2026-02-08 09:28:26,165 [INFO] trading_engine: BLOCKED reversal at tick 174 (after 150)
2026-02-08 09:28:27,075 [INFO] trading_engine: BLOCKED reversal at tick 175 (after 150)
2026-02-08 09:28:28,114 [INFO] trading_engine: BLOCKED reversal at tick 176 (after 150)
2026-02-08 09:28:29,141 [INFO] trading_engine: BLOCKED reversal at tick 177 (after 150)
2026-02-08 09:28:30,165 [INFO] trading_engine: BLOCKED reversal at tick 178 (after 150)
2026-02-08 09:28:31,189 [INFO] trading_engine: BLOCKED reversal at tick 179 (after 150)
2026-02-08 09:28:32,213 [INFO] trading_engine: BLOCKED reversal at tick 180 (after 150)
2026-02-08 09:28:33,120 [INFO] trading_engine: BLOCKED reversal at tick 181 (after 150)
2026-02-08 09:28:34,149 [INFO] trading_engine: BLOCKED reversal at tick 182 (after 150)
2026-02-08 09:28:35,175 [INFO] trading_engine: BLOCKED reversal at tick 183 (after 150)
2026-02-08 09:28:36,212 [INFO] trading_engine: BLOCKED reversal at tick 184 (after 150)
2026-02-08 09:28:37,145 [INFO] trading_engine: BLOCKED reversal at tick 185 (after 150)
2026-02-08 09:28:38,181 [INFO] trading_engine: BLOCKED reversal at tick 186 (after 150)
2026-02-08 09:28:39,212 [INFO] news_parser: NEWS: Forecast vol next week = 27.0% - 32.0% (mid=29.5%)
2026-02-08 09:28:39,216 [INFO] trading_engine: BLOCKED reversal at tick 187 (after 150)
2026-02-08 09:28:40,248 [INFO] trading_engine: BLOCKED reversal at tick 188 (after 150)
2026-02-08 09:28:41,177 [INFO] trading_engine: BLOCKED reversal at tick 189 (after 150)
2026-02-08 09:28:42,217 [INFO] trading_engine: BLOCKED reversal at tick 190 (after 150)
2026-02-08 09:28:43,248 [INFO] trading_engine: BLOCKED reversal at tick 191 (after 150)
2026-02-08 09:28:44,196 [INFO] trading_engine: BLOCKED reversal at tick 192 (after 150)
2026-02-08 09:28:45,234 [INFO] trading_engine: BLOCKED reversal at tick 193 (after 150)
2026-02-08 09:28:46,265 [INFO] trading_engine: BLOCKED reversal at tick 194 (after 150)
2026-02-08 09:28:46,381 [INFO] rit_api: MARKET SELL 5393 RTM -> order_id=11328
2026-02-08 09:28:46,381 [INFO] trading_engine: HEDGE SELL 5393 RTM (delta=6743 -> target=1350, limit=9000)
2026-02-08 09:28:47,305 [INFO] trading_engine: BLOCKED reversal at tick 195 (after 150)
2026-02-08 09:28:48,212 [INFO] trading_engine: BLOCKED reversal at tick 196 (after 150)
2026-02-08 09:28:49,249 [INFO] trading_engine: BLOCKED reversal at tick 197 (after 150)
2026-02-08 09:28:50,285 [INFO] trading_engine: BLOCKED reversal at tick 198 (after 150)
2026-02-08 09:28:51,319 [INFO] trading_engine: BLOCKED reversal at tick 199 (after 150)
2026-02-08 09:28:52,352 [INFO] trading_engine: BLOCKED reversal at tick 200 (after 150)
2026-02-08 09:28:53,285 [INFO] trading_engine: BLOCKED reversal at tick 201 (after 150)
2026-02-08 09:28:54,337 [INFO] trading_engine: BLOCKED reversal at tick 202 (after 150)
2026-02-08 09:28:55,250 [INFO] trading_engine: BLOCKED reversal at tick 203 (after 150)
2026-02-08 09:28:56,309 [INFO] trading_engine: BLOCKED reversal at tick 204 (after 150)
2026-02-08 09:28:57,345 [INFO] trading_engine: BLOCKED reversal at tick 205 (after 150)
2026-02-08 09:28:58,379 [INFO] trading_engine: BLOCKED reversal at tick 206 (after 150)
2026-02-08 09:28:59,308 [INFO] trading_engine: BLOCKED reversal at tick 207 (after 150)
2026-02-08 09:29:00,345 [INFO] trading_engine: BLOCKED reversal at tick 208 (after 150)
2026-02-08 09:29:01,380 [INFO] trading_engine: BLOCKED reversal at tick 209 (after 150)
2026-02-08 09:29:02,300 [INFO] trading_engine: BLOCKED reversal at tick 210 (after 150)
2026-02-08 09:29:03,334 [INFO] trading_engine: BLOCKED reversal at tick 211 (after 150)
2026-02-08 09:29:04,371 [INFO] trading_engine: BLOCKED reversal at tick 212 (after 150)
2026-02-08 09:29:05,301 [INFO] trading_engine: BLOCKED reversal at tick 213 (after 150)
2026-02-08 09:29:06,367 [INFO] trading_engine: BLOCKED reversal at tick 214 (after 150)
2026-02-08 09:29:07,401 [INFO] trading_engine: BLOCKED reversal at tick 215 (after 150)
2026-02-08 09:29:08,433 [INFO] trading_engine: BLOCKED reversal at tick 216 (after 150)
2026-02-08 09:29:09,468 [INFO] trading_engine: BLOCKED reversal at tick 217 (after 150)
2026-02-08 09:29:10,581 [INFO] rit_api: MARKET BUY 4344 RTM -> order_id=12493
2026-02-08 09:29:10,581 [INFO] trading_engine: HEDGE BUY 4344 RTM (delta=-5694 -> target=-1350, limit=9000)
2026-02-08 09:29:12,844 [INFO] trading_engine: BLOCKED reversal at tick 220 (after 150)
2026-02-08 09:29:13,388 [INFO] trading_engine: BLOCKED reversal at tick 221 (after 150)
2026-02-08 09:29:14,418 [INFO] trading_engine: BLOCKED reversal at tick 222 (after 150)
2026-02-08 09:29:15,454 [INFO] trading_engine: BLOCKED reversal at tick 223 (after 150)
2026-02-08 09:29:17,406 [INFO] news_parser: NEWS: Current realized vol = 31.0% (history: ['25%', '34%', '31%'])
2026-02-08 09:29:17,439 [INFO] trading_engine: BLOCKED reversal at tick 225 (after 150)
2026-02-08 09:29:21,599 [INFO] rit_api: MARKET BUY 4181 RTM -> order_id=13121
2026-02-08 09:29:21,600 [INFO] trading_engine: HEDGE BUY 4181 RTM (delta=-5531 -> target=-1350, limit=9000)
2026-02-08 09:29:41,709 [INFO] rit_api: MARKET SELL 5524 RTM -> order_id=14317
2026-02-08 09:29:41,709 [INFO] trading_engine: HEDGE SELL 5524 RTM (delta=6874 -> target=1350, limit=9000)
2026-02-08 09:29:44,695 [INFO] rit_api: MARKET SELL 6379 RTM -> order_id=14460
2026-02-08 09:29:44,696 [INFO] trading_engine: HEDGE SELL 6379 RTM (delta=7729 -> target=1350, limit=9000)
2026-02-08 09:29:57,796 [INFO] rit_api: MARKET BUY 4142 RTM -> order_id=15158
2026-02-08 09:29:57,796 [INFO] trading_engine: HEDGE BUY 4142 RTM (delta=-5492 -> target=-1350, limit=9000)
2026-02-08 09:30:02,739 [INFO] trading_engine: ENTERING UNWIND PHASE at tick 270
2026-02-08 09:30:02,807 [INFO] rit_api: LIMIT SELL 78 RTM1C46 @ 1.65 -> order_id=15429
2026-02-08 09:30:02,864 [INFO] rit_api: LIMIT SELL 78 RTM1P46 @ 0.04 -> order_id=15433
2026-02-08 09:30:02,927 [INFO] rit_api: LIMIT SELL 91 RTM1C47 @ 0.84 -> order_id=15434
2026-02-08 09:30:02,985 [INFO] rit_api: LIMIT SELL 91 RTM1P47 @ 0.23 -> order_id=15435
2026-02-08 09:30:03,050 [INFO] rit_api: LIMIT SELL 96 RTM1C48 @ 0.28 -> order_id=15436
2026-02-08 09:30:03,108 [INFO] rit_api: LIMIT SELL 96 RTM1P48 @ 0.67 -> order_id=15437
2026-02-08 09:30:03,179 [INFO] rit_api: LIMIT SELL 93 RTM1C49 @ 0.07 -> order_id=15438
2026-02-08 09:30:03,244 [INFO] rit_api: LIMIT SELL 93 RTM1P49 @ 1.46 -> order_id=15439
2026-02-08 09:30:03,305 [INFO] rit_api: LIMIT BUY 100 RTM1P50 @ 2.41 -> order_id=15440
2026-02-08 09:30:03,380 [INFO] rit_api: LIMIT BUY 10000 RTM @ 47.64 -> order_id=15441
2026-02-08 09:30:03,703 [INFO] rit_api: LIMIT BUY 100 RTM1C50 @ 0.05 -> order_id=15484
2026-02-08 09:30:03,761 [INFO] rit_api: LIMIT BUY 31 RTM1P50 @ 1.78 -> order_id=15485
2026-02-08 09:30:03,819 [INFO] rit_api: LIMIT BUY 3960 RTM @ 48.29 -> order_id=15486
2026-02-08 09:30:04,780 [INFO] rit_api: LIMIT BUY 31 RTM1C50 @ 0.05 -> order_id=15541
2026-02-08 09:32:04,544 [INFO] news_parser: NEWS: Delta limit = 6000
2026-02-08 09:32:04,544 [INFO] news_parser: NEWS: Penalty rate = 2.00%
2026-02-08 09:32:39,127 [INFO] news_parser: NEWS: Forecast vol next week = 14.0% - 19.0% (mid=16.5%)
2026-02-08 09:32:39,203 [INFO] rit_api: MARKET SELL 100 RTM1C49 -> order_id=1513
2026-02-08 09:32:39,273 [INFO] rit_api: MARKET SELL 100 RTM1C49 -> order_id=1514
2026-02-08 09:32:39,333 [INFO] rit_api: MARKET SELL 56 RTM1C49 -> order_id=1515
2026-02-08 09:32:39,393 [INFO] rit_api: MARKET SELL 100 RTM1P49 -> order_id=1516
2026-02-08 09:32:39,451 [INFO] rit_api: MARKET SELL 100 RTM1P49 -> order_id=1517
2026-02-08 09:32:39,510 [INFO] rit_api: MARKET SELL 56 RTM1P49 -> order_id=1518
2026-02-08 09:32:39,567 [INFO] rit_api: MARKET SELL 100 RTM1C50 -> order_id=1519
2026-02-08 09:32:39,627 [INFO] rit_api: MARKET SELL 100 RTM1C50 -> order_id=1520
2026-02-08 09:32:39,685 [INFO] rit_api: MARKET SELL 38 RTM1C50 -> order_id=1521
2026-02-08 09:32:39,748 [INFO] rit_api: MARKET SELL 100 RTM1P50 -> order_id=1522
2026-02-08 09:32:39,804 [INFO] rit_api: MARKET SELL 100 RTM1P50 -> order_id=1523
2026-02-08 09:32:39,863 [INFO] rit_api: MARKET SELL 30 RTM1P50 -> order_id=1524
2026-02-08 09:32:40,133 [INFO] trading_engine: POSITION BUILT at tick 37: gross=980 net=-980
2026-02-08 09:32:40,251 [INFO] rit_api: MARKET SELL 3119 RTM -> order_id=1567
2026-02-08 09:32:40,251 [INFO] trading_engine: HEDGE SELL 3119 RTM (delta=4019 -> target=900, limit=6000)
2026-02-08 09:32:42,181 [INFO] rit_api: MARKET BUY 5460 RTM -> order_id=1652
2026-02-08 09:32:42,181 [INFO] trading_engine: HEDGE BUY 5460 RTM (delta=-6360 -> target=-900, limit=6000)
2026-02-08 09:32:43,087 [WARNING] trading_engine: BYPASSING cooldown: delta=-8371 exceeds 90% of limit 6000
2026-02-08 09:32:43,202 [INFO] rit_api: MARKET BUY 7471 RTM -> order_id=1695
2026-02-08 09:32:43,202 [INFO] trading_engine: HEDGE BUY 7471 RTM (delta=-8371 -> target=-900, limit=6000)
2026-02-08 09:32:45,255 [INFO] rit_api: MARKET SELL 3076 RTM -> order_id=1780
2026-02-08 09:32:45,256 [INFO] trading_engine: HEDGE SELL 3076 RTM (delta=3976 -> target=900, limit=6000)
2026-02-08 09:32:52,238 [INFO] rit_api: MARKET BUY 3888 RTM -> order_id=2075
2026-02-08 09:32:52,238 [INFO] trading_engine: HEDGE BUY 3888 RTM (delta=-4788 -> target=-900, limit=6000)
2026-02-08 09:32:58,187 [INFO] rit_api: MARKET SELL 2919 RTM -> order_id=2328
2026-02-08 09:32:58,188 [INFO] trading_engine: HEDGE SELL 2919 RTM (delta=3819 -> target=900, limit=6000)
2026-02-08 09:33:01,283 [INFO] rit_api: MARKET BUY 4431 RTM -> order_id=2455
2026-02-08 09:33:01,283 [INFO] trading_engine: HEDGE BUY 4431 RTM (delta=-5331 -> target=-900, limit=6000)
2026-02-08 09:33:07,237 [INFO] rit_api: MARKET SELL 3106 RTM -> order_id=2708
2026-02-08 09:33:07,237 [INFO] trading_engine: HEDGE SELL 3106 RTM (delta=4006 -> target=900, limit=6000)
2026-02-08 09:33:12,273 [INFO] rit_api: MARKET SELL 5371 RTM -> order_id=2919
2026-02-08 09:33:12,274 [INFO] trading_engine: HEDGE SELL 5371 RTM (delta=6271 -> target=900, limit=6000)
2026-02-08 09:33:14,340 [INFO] rit_api: MARKET BUY 6672 RTM -> order_id=3004
2026-02-08 09:33:14,341 [INFO] trading_engine: HEDGE BUY 6672 RTM (delta=-7572 -> target=-900, limit=6000)
2026-02-08 09:33:15,246 [WARNING] trading_engine: BYPASSING cooldown: delta=11818 exceeds 90% of limit 6000
2026-02-08 09:33:15,361 [INFO] rit_api: MARKET SELL 10000 RTM -> order_id=3047
2026-02-08 09:33:15,362 [INFO] trading_engine: HEDGE SELL 10000 RTM (delta=11818 -> target=900, limit=6000)
2026-02-08 09:33:17,299 [INFO] rit_api: MARKET BUY 3930 RTM -> order_id=3132
2026-02-08 09:33:17,299 [INFO] trading_engine: HEDGE BUY 3930 RTM (delta=-4830 -> target=-900, limit=6000)
2026-02-08 09:33:18,201 [INFO] news_parser: NEWS: Current realized vol = 18.0% (history: ['18%'])
2026-02-08 09:33:19,352 [INFO] rit_api: MARKET BUY 4135 RTM -> order_id=3228
2026-02-08 09:33:19,352 [INFO] trading_engine: HEDGE BUY 4135 RTM (delta=-5035 -> target=-900, limit=6000)
2026-02-08 09:33:27,356 [INFO] rit_api: MARKET BUY 4257 RTM -> order_id=3570
2026-02-08 09:33:27,356 [INFO] trading_engine: HEDGE BUY 4257 RTM (delta=-5157 -> target=-900, limit=6000)
2026-02-08 09:33:29,422 [INFO] rit_api: MARKET BUY 3560 RTM -> order_id=3672
2026-02-08 09:33:29,423 [INFO] trading_engine: HEDGE BUY 3560 RTM (delta=-4460 -> target=-900, limit=6000)
2026-02-08 09:33:32,380 [INFO] rit_api: MARKET SELL 2957 RTM -> order_id=3801
2026-02-08 09:33:32,380 [INFO] trading_engine: HEDGE SELL 2957 RTM (delta=3857 -> target=900, limit=6000)
2026-02-08 09:33:37,412 [INFO] rit_api: MARKET SELL 7664 RTM -> order_id=4019
2026-02-08 09:33:37,412 [INFO] trading_engine: HEDGE SELL 7664 RTM (delta=8564 -> target=900, limit=6000)
2026-02-08 09:33:39,472 [INFO] rit_api: MARKET SELL 4278 RTM -> order_id=4105
2026-02-08 09:33:39,472 [INFO] trading_engine: HEDGE SELL 4278 RTM (delta=5178 -> target=900, limit=6000)
2026-02-08 09:33:45,444 [INFO] rit_api: MARKET SELL 3668 RTM -> order_id=4362
2026-02-08 09:33:45,444 [INFO] trading_engine: HEDGE SELL 3668 RTM (delta=4568 -> target=900, limit=6000)
2026-02-08 09:33:48,539 [INFO] rit_api: MARKET SELL 3872 RTM -> order_id=4492
2026-02-08 09:33:48,539 [INFO] trading_engine: HEDGE SELL 3872 RTM (delta=4772 -> target=900, limit=6000)
2026-02-08 09:33:52,541 [INFO] rit_api: MARKET BUY 6613 RTM -> order_id=4665
2026-02-08 09:33:52,542 [INFO] trading_engine: HEDGE BUY 6613 RTM (delta=-7513 -> target=-900, limit=6000)
2026-02-08 09:33:55,378 [INFO] news_parser: NEWS: Forecast vol next week = 13.0% - 18.0% (mid=15.5%)
2026-02-08 09:33:57,570 [INFO] rit_api: MARKET BUY 3348 RTM -> order_id=4879
2026-02-08 09:33:57,571 [INFO] trading_engine: HEDGE BUY 3348 RTM (delta=-4248 -> target=-900, limit=6000)
2026-02-08 09:34:00,533 [INFO] rit_api: MARKET BUY 3175 RTM -> order_id=5010
2026-02-08 09:34:00,533 [INFO] trading_engine: HEDGE BUY 3175 RTM (delta=-4075 -> target=-900, limit=6000)
2026-02-08 09:34:03,621 [INFO] rit_api: MARKET BUY 4963 RTM -> order_id=5140
2026-02-08 09:34:03,621 [INFO] trading_engine: HEDGE BUY 4963 RTM (delta=-5863 -> target=-900, limit=6000)
2026-02-08 09:34:06,586 [INFO] rit_api: MARKET SELL 4385 RTM -> order_id=5270
2026-02-08 09:34:06,586 [INFO] trading_engine: HEDGE SELL 4385 RTM (delta=5285 -> target=900, limit=6000)
2026-02-08 09:34:10,583 [INFO] rit_api: MARKET BUY 2935 RTM -> order_id=5442
2026-02-08 09:34:10,583 [INFO] trading_engine: HEDGE BUY 2935 RTM (delta=-3835 -> target=-900, limit=6000)
2026-02-08 09:34:13,678 [INFO] rit_api: MARKET SELL 6132 RTM -> order_id=5573
2026-02-08 09:34:13,678 [INFO] trading_engine: HEDGE SELL 6132 RTM (delta=7032 -> target=900, limit=6000)
2026-02-08 09:34:15,603 [INFO] rit_api: MARKET SELL 3721 RTM -> order_id=5661
2026-02-08 09:34:15,603 [INFO] trading_engine: HEDGE SELL 3721 RTM (delta=4621 -> target=900, limit=6000)
2026-02-08 09:34:17,661 [INFO] rit_api: MARKET SELL 7891 RTM -> order_id=5748
2026-02-08 09:34:17,661 [INFO] trading_engine: HEDGE SELL 7891 RTM (delta=8791 -> target=900, limit=6000)
2026-02-08 09:34:20,624 [INFO] rit_api: MARKET SELL 4157 RTM -> order_id=5875
2026-02-08 09:34:20,624 [INFO] trading_engine: HEDGE SELL 4157 RTM (delta=5057 -> target=900, limit=6000)
2026-02-08 09:34:24,619 [INFO] rit_api: MARKET SELL 5435 RTM -> order_id=6044
2026-02-08 09:34:24,619 [INFO] trading_engine: HEDGE SELL 5435 RTM (delta=6335 -> target=900, limit=6000)
2026-02-08 09:34:33,670 [INFO] news_parser: NEWS: Current realized vol = 16.0% (history: ['18%', '16%'])
2026-02-08 09:34:33,798 [INFO] rit_api: MARKET SELL 2767 RTM -> order_id=6428
2026-02-08 09:34:33,798 [INFO] trading_engine: HEDGE SELL 2767 RTM (delta=3667 -> target=900, limit=6000)
2026-02-08 09:34:39,768 [INFO] rit_api: MARKET BUY 2889 RTM -> order_id=6681
2026-02-08 09:34:39,768 [INFO] trading_engine: HEDGE BUY 2889 RTM (delta=-3789 -> target=-900, limit=6000)
2026-02-08 09:34:41,820 [INFO] rit_api: MARKET BUY 4825 RTM -> order_id=6772
2026-02-08 09:34:41,821 [INFO] trading_engine: HEDGE BUY 4825 RTM (delta=-5725 -> target=-900, limit=6000)
2026-02-08 09:34:46,845 [INFO] rit_api: MARKET SELL 4717 RTM -> order_id=6984
2026-02-08 09:34:46,846 [INFO] trading_engine: HEDGE SELL 4717 RTM (delta=5617 -> target=900, limit=6000)
2026-02-08 09:34:48,775 [INFO] rit_api: MARKET BUY 6550 RTM -> order_id=7069
2026-02-08 09:34:48,775 [INFO] trading_engine: HEDGE BUY 6550 RTM (delta=-7450 -> target=-900, limit=6000)
2026-02-08 09:34:50,835 [INFO] rit_api: MARKET BUY 4743 RTM -> order_id=7159
2026-02-08 09:34:50,836 [INFO] trading_engine: HEDGE BUY 4743 RTM (delta=-5643 -> target=-900, limit=6000)
2026-02-08 09:34:54,828 [INFO] rit_api: MARKET SELL 3402 RTM -> order_id=7330
2026-02-08 09:34:54,828 [INFO] trading_engine: HEDGE SELL 3402 RTM (delta=4302 -> target=900, limit=6000)
2026-02-08 09:34:57,806 [INFO] rit_api: MARKET BUY 3255 RTM -> order_id=7458
2026-02-08 09:34:57,806 [INFO] trading_engine: HEDGE BUY 3255 RTM (delta=-4155 -> target=-900, limit=6000)
2026-02-08 09:34:59,862 [INFO] rit_api: MARKET BUY 5229 RTM -> order_id=7545
2026-02-08 09:34:59,862 [INFO] trading_engine: HEDGE BUY 5229 RTM (delta=-6129 -> target=-900, limit=6000)
2026-02-08 09:35:02,946 [INFO] rit_api: MARKET BUY 3030 RTM -> order_id=7674
2026-02-08 09:35:02,946 [INFO] trading_engine: HEDGE BUY 3030 RTM (delta=-3930 -> target=-900, limit=6000)
2026-02-08 09:35:08,903 [INFO] rit_api: MARKET BUY 5408 RTM -> order_id=7931
2026-02-08 09:35:08,903 [INFO] trading_engine: HEDGE BUY 5408 RTM (delta=-6308 -> target=-900, limit=6000)
2026-02-08 09:35:10,843 [INFO] news_parser: NEWS: Forecast vol next week = 29.0% - 34.0% (mid=31.5%)
2026-02-08 09:35:14,976 [INFO] rit_api: MARKET SELL 5099 RTM -> order_id=8187
2026-02-08 09:35:14,977 [INFO] trading_engine: HEDGE SELL 5099 RTM (delta=5999 -> target=900, limit=6000)
2026-02-08 09:35:15,880 [WARNING] trading_engine: BYPASSING cooldown: delta=-5687 exceeds 90% of limit 6000
2026-02-08 09:35:15,995 [INFO] rit_api: MARKET BUY 4787 RTM -> order_id=8230
2026-02-08 09:35:15,995 [INFO] trading_engine: HEDGE BUY 4787 RTM (delta=-5687 -> target=-900, limit=6000)
2026-02-08 09:35:18,960 [INFO] rit_api: MARKET BUY 7707 RTM -> order_id=8361
2026-02-08 09:35:18,960 [INFO] trading_engine: HEDGE BUY 7707 RTM (delta=-8607 -> target=-900, limit=6000)
2026-02-08 09:35:21,976 [INFO] rit_api: MARKET SELL 4145 RTM -> order_id=8491
2026-02-08 09:35:21,976 [INFO] trading_engine: HEDGE SELL 4145 RTM (delta=5045 -> target=900, limit=6000)
2026-02-08 09:35:24,953 [INFO] rit_api: MARKET BUY 4257 RTM -> order_id=8618
2026-02-08 09:35:24,953 [INFO] trading_engine: HEDGE BUY 4257 RTM (delta=-5157 -> target=-900, limit=6000)
2026-02-08 09:35:34,139 [INFO] rit_api: MARKET BUY 3127 RTM -> order_id=8997
2026-02-08 09:35:34,140 [INFO] trading_engine: HEDGE BUY 3127 RTM (delta=-4027 -> target=-900, limit=6000)
2026-02-08 09:35:35,954 [INFO] trading_engine: BLOCKED reversal at tick 212 (after 150)
2026-02-08 09:35:38,142 [INFO] rit_api: MARKET BUY 2800 RTM -> order_id=9166
2026-02-08 09:35:38,143 [INFO] trading_engine: HEDGE BUY 2800 RTM (delta=-3700 -> target=-900, limit=6000)
2026-02-08 09:35:40,078 [INFO] rit_api: MARKET BUY 5909 RTM -> order_id=9251
2026-02-08 09:35:40,078 [INFO] trading_engine: HEDGE BUY 5909 RTM (delta=-6809 -> target=-900, limit=6000)
2026-02-08 09:35:40,983 [WARNING] trading_engine: BYPASSING cooldown: delta=-5578 exceeds 90% of limit 6000
2026-02-08 09:35:41,098 [INFO] rit_api: MARKET BUY 4678 RTM -> order_id=9294
2026-02-08 09:35:41,098 [INFO] trading_engine: HEDGE BUY 4678 RTM (delta=-5578 -> target=-900, limit=6000)
2026-02-08 09:35:44,069 [INFO] trading_engine: BLOCKED reversal at tick 220 (after 150)
2026-02-08 09:35:45,090 [INFO] rit_api: MARKET SELL 5466 RTM -> order_id=9463
2026-02-08 09:35:45,090 [INFO] trading_engine: HEDGE SELL 5466 RTM (delta=6366 -> target=900, limit=6000)
2026-02-08 09:35:49,090 [INFO] news_parser: NEWS: Current realized vol = 31.0% (history: ['18%', '16%', '31%'])
2026-02-08 09:35:49,096 [INFO] trading_engine: BLOCKED reversal at tick 225 (after 150)
2026-02-08 09:35:49,210 [INFO] rit_api: MARKET SELL 10000 RTM -> order_id=9636
2026-02-08 09:35:49,210 [INFO] trading_engine: HEDGE SELL 10000 RTM (delta=12645 -> target=900, limit=6000)
2026-02-08 09:35:49,992 [INFO] trading_engine: BLOCKED reversal at tick 226 (after 150)
2026-02-08 09:35:51,024 [INFO] trading_engine: BLOCKED reversal at tick 227 (after 150)
2026-02-08 09:35:52,057 [INFO] trading_engine: BLOCKED reversal at tick 228 (after 150)
2026-02-08 09:35:53,093 [INFO] trading_engine: BLOCKED reversal at tick 229 (after 150)
2026-02-08 09:35:54,005 [INFO] trading_engine: BLOCKED reversal at tick 230 (after 150)
2026-02-08 09:35:55,038 [INFO] trading_engine: BLOCKED reversal at tick 231 (after 150)
2026-02-08 09:35:55,154 [INFO] rit_api: MARKET BUY 6867 RTM -> order_id=9907
2026-02-08 09:35:55,154 [INFO] trading_engine: HEDGE BUY 6867 RTM (delta=-7767 -> target=-900, limit=6000)
2026-02-08 09:35:56,062 [INFO] trading_engine: BLOCKED reversal at tick 232 (after 150)
2026-02-08 09:35:57,094 [INFO] trading_engine: BLOCKED reversal at tick 233 (after 150)
2026-02-08 09:35:58,130 [INFO] trading_engine: BLOCKED reversal at tick 234 (after 150)
2026-02-08 09:35:59,048 [INFO] trading_engine: BLOCKED reversal at tick 235 (after 150)
2026-02-08 09:35:59,164 [INFO] rit_api: MARKET BUY 9950 RTM -> order_id=10083
2026-02-08 09:35:59,164 [INFO] trading_engine: HEDGE BUY 9950 RTM (delta=-10850 -> target=-900, limit=6000)
2026-02-08 09:36:00,071 [INFO] trading_engine: BLOCKED reversal at tick 236 (after 150)
2026-02-08 09:36:01,104 [INFO] trading_engine: BLOCKED reversal at tick 237 (after 150)
2026-02-08 09:36:01,220 [INFO] rit_api: MARKET BUY 4607 RTM -> order_id=10174
2026-02-08 09:36:01,221 [INFO] trading_engine: HEDGE BUY 4607 RTM (delta=-5507 -> target=-900, limit=6000)
2026-02-08 09:36:02,129 [INFO] trading_engine: BLOCKED reversal at tick 238 (after 150)
2026-02-08 09:36:03,162 [INFO] trading_engine: BLOCKED reversal at tick 239 (after 150)
2026-02-08 09:36:03,287 [INFO] rit_api: MARKET SELL 6610 RTM -> order_id=10264
2026-02-08 09:36:03,288 [INFO] trading_engine: HEDGE SELL 6610 RTM (delta=7510 -> target=900, limit=6000)
2026-02-08 09:36:04,196 [INFO] trading_engine: BLOCKED reversal at tick 240 (after 150)
2026-02-08 09:36:05,102 [INFO] trading_engine: BLOCKED reversal at tick 241 (after 150)
2026-02-08 09:36:06,137 [INFO] trading_engine: BLOCKED reversal at tick 242 (after 150)
2026-02-08 09:36:07,182 [INFO] trading_engine: BLOCKED reversal at tick 243 (after 150)
2026-02-08 09:36:08,219 [INFO] trading_engine: BLOCKED reversal at tick 244 (after 150)
2026-02-08 09:36:09,128 [INFO] trading_engine: BLOCKED reversal at tick 245 (after 150)
2026-02-08 09:36:10,163 [INFO] trading_engine: BLOCKED reversal at tick 246 (after 150)
2026-02-08 09:36:11,195 [INFO] trading_engine: BLOCKED reversal at tick 247 (after 150)
2026-02-08 09:36:11,309 [INFO] rit_api: MARKET SELL 3358 RTM -> order_id=10611
2026-02-08 09:36:11,309 [INFO] trading_engine: HEDGE SELL 3358 RTM (delta=4258 -> target=900, limit=6000)
2026-02-08 09:36:12,214 [INFO] trading_engine: BLOCKED reversal at tick 248 (after 150)
2026-02-08 09:36:13,243 [INFO] trading_engine: BLOCKED reversal at tick 249 (after 150)
2026-02-08 09:36:13,362 [INFO] rit_api: MARKET BUY 5277 RTM -> order_id=10697
2026-02-08 09:36:13,362 [INFO] trading_engine: HEDGE BUY 5277 RTM (delta=-6177 -> target=-900, limit=6000)
2026-02-08 09:36:14,268 [INFO] trading_engine: BLOCKED reversal at tick 250 (after 150)
2026-02-08 09:36:15,188 [INFO] trading_engine: BLOCKED reversal at tick 251 (after 150)
2026-02-08 09:36:15,306 [INFO] rit_api: MARKET SELL 7326 RTM -> order_id=10784
2026-02-08 09:36:15,306 [INFO] trading_engine: HEDGE SELL 7326 RTM (delta=8226 -> target=900, limit=6000)
2026-02-08 09:36:16,215 [INFO] trading_engine: BLOCKED reversal at tick 252 (after 150)
2026-02-08 09:36:17,250 [INFO] trading_engine: BLOCKED reversal at tick 253 (after 150)
2026-02-08 09:36:18,307 [INFO] trading_engine: BLOCKED reversal at tick 254 (after 150)
2026-02-08 09:36:18,430 [INFO] rit_api: MARKET SELL 3374 RTM -> order_id=10915
2026-02-08 09:36:18,437 [INFO] trading_engine: HEDGE SELL 3374 RTM (delta=4274 -> target=900, limit=6000)
2026-02-08 09:36:19,214 [INFO] trading_engine: BLOCKED reversal at tick 255 (after 150)
2026-02-08 09:36:20,251 [INFO] trading_engine: BLOCKED reversal at tick 256 (after 150)
2026-02-08 09:36:21,289 [INFO] trading_engine: BLOCKED reversal at tick 257 (after 150)
2026-02-08 09:36:22,323 [INFO] trading_engine: BLOCKED reversal at tick 258 (after 150)
2026-02-08 09:36:23,231 [INFO] trading_engine: BLOCKED reversal at tick 259 (after 150)
2026-02-08 09:36:23,347 [INFO] rit_api: MARKET SELL 3684 RTM -> order_id=11137
2026-02-08 09:36:23,347 [INFO] trading_engine: HEDGE SELL 3684 RTM (delta=4584 -> target=900, limit=6000)
2026-02-08 09:36:24,254 [INFO] trading_engine: BLOCKED reversal at tick 260 (after 150)
2026-02-08 09:36:25,287 [INFO] trading_engine: BLOCKED reversal at tick 261 (after 150)
2026-02-08 09:36:26,325 [INFO] trading_engine: BLOCKED reversal at tick 262 (after 150)
2026-02-08 09:36:27,257 [INFO] trading_engine: BLOCKED reversal at tick 263 (after 150)
2026-02-08 09:36:28,294 [INFO] trading_engine: BLOCKED reversal at tick 264 (after 150)
2026-02-08 09:36:29,337 [INFO] trading_engine: BLOCKED reversal at tick 265 (after 150)
2026-02-08 09:36:29,452 [INFO] rit_api: MARKET BUY 4401 RTM -> order_id=11391
2026-02-08 09:36:29,452 [INFO] trading_engine: HEDGE BUY 4401 RTM (delta=-5301 -> target=-900, limit=6000)
2026-02-08 09:36:30,356 [INFO] trading_engine: BLOCKED reversal at tick 266 (after 150)
2026-02-08 09:36:31,263 [INFO] trading_engine: BLOCKED reversal at tick 267 (after 150)
2026-02-08 09:36:32,303 [INFO] trading_engine: BLOCKED reversal at tick 268 (after 150)
2026-02-08 09:36:32,422 [INFO] rit_api: MARKET BUY 3659 RTM -> order_id=11525
2026-02-08 09:36:32,422 [INFO] trading_engine: HEDGE BUY 3659 RTM (delta=-4559 -> target=-900, limit=6000)
2026-02-08 09:36:33,339 [INFO] trading_engine: BLOCKED reversal at tick 269 (after 150)
2026-02-08 09:36:34,319 [INFO] trading_engine: ENTERING UNWIND PHASE at tick 270
2026-02-08 09:36:34,377 [INFO] rit_api: LIMIT BUY 100 RTM1C49 @ 1.91 -> order_id=11610
2026-02-08 09:36:34,434 [INFO] rit_api: LIMIT BUY 100 RTM1P49 @ 0.06 -> order_id=11611
2026-02-08 09:36:34,493 [INFO] rit_api: LIMIT BUY 100 RTM1C50 @ 1.08 -> order_id=11612
2026-02-08 09:36:34,552 [INFO] rit_api: LIMIT BUY 100 RTM1P50 @ 0.23 -> order_id=11613
2026-02-08 09:36:34,616 [INFO] rit_api: LIMIT SELL 10000 RTM @ 50.82 -> order_id=11614
2026-02-08 09:36:35,456 [INFO] rit_api: LIMIT BUY 100 RTM1C49 @ 2.09 -> order_id=11657
2026-02-08 09:36:35,517 [INFO] rit_api: LIMIT BUY 100 RTM1P49 @ 0.04 -> order_id=11658
2026-02-08 09:36:35,581 [INFO] rit_api: LIMIT BUY 100 RTM1C50 @ 1.23 -> order_id=11659
2026-02-08 09:36:35,639 [INFO] rit_api: LIMIT BUY 100 RTM1P50 @ 0.18 -> order_id=11660
2026-02-08 09:36:35,712 [INFO] rit_api: LIMIT SELL 10000 RTM @ 51.02 -> order_id=11661
2026-02-08 09:36:36,418 [INFO] rit_api: LIMIT BUY 56 RTM1C49 @ 2.51 -> order_id=11704
2026-02-08 09:36:36,477 [INFO] rit_api: LIMIT BUY 38 RTM1C50 @ 1.59 -> order_id=11705
2026-02-08 09:36:36,539 [INFO] rit_api: LIMIT BUY 30 RTM1P50 @ 0.10 -> order_id=11706
2026-02-08 09:36:36,598 [INFO] rit_api: LIMIT SELL 7094 RTM @ 51.46 -> order_id=11707
2026-02-08 09:36:38,353 [INFO] rit_api: LIMIT BUY 56 RTM1P49 @ 0.05 -> order_id=11792
2026-02-08 09:38:36,585 [INFO] news_parser: NEWS: Delta limit = 9000
2026-02-08 09:38:36,585 [INFO] news_parser: NEWS: Penalty rate = 5.00%
2026-02-08 09:39:09,418 [INFO] news_parser: NEWS: Forecast vol next week = 7.0% - 12.0% (mid=9.5%)
2026-02-08 09:39:09,490 [INFO] rit_api: MARKET SELL 100 RTM1C51 -> order_id=1513
2026-02-08 09:39:09,552 [INFO] rit_api: MARKET SELL 100 RTM1C51 -> order_id=1514
2026-02-08 09:39:09,610 [INFO] rit_api: MARKET SELL 100 RTM1C51 -> order_id=1515
2026-02-08 09:39:09,670 [INFO] rit_api: MARKET SELL 15 RTM1C51 -> order_id=1516
2026-02-08 09:39:09,742 [INFO] rit_api: MARKET SELL 100 RTM1P51 -> order_id=1517
2026-02-08 09:39:09,803 [INFO] rit_api: MARKET SELL 100 RTM1P51 -> order_id=1518
2026-02-08 09:39:09,861 [INFO] rit_api: MARKET SELL 100 RTM1P51 -> order_id=1519
2026-02-08 09:39:09,927 [INFO] rit_api: MARKET SELL 15 RTM1P51 -> order_id=1520
2026-02-08 09:39:09,985 [INFO] rit_api: MARKET SELL 100 RTM1C50 -> order_id=1521
2026-02-08 09:39:10,049 [INFO] rit_api: MARKET SELL 100 RTM1C50 -> order_id=1522
2026-02-08 09:39:10,111 [INFO] rit_api: MARKET SELL 54 RTM1C50 -> order_id=1523
2026-02-08 09:39:10,169 [INFO] rit_api: MARKET SELL 96 RTM1P50 -> order_id=1524
2026-02-08 09:39:10,291 [INFO] rit_api: MARKET BUY 10000 RTM -> order_id=1525
2026-02-08 09:39:10,292 [INFO] trading_engine: HEDGE BUY 10000 RTM (delta=-16195 -> target=-1350, limit=9000)
2026-02-08 09:39:10,610 [INFO] rit_api: MARKET BUY 73 RTM1C50 -> order_id=1568
2026-02-08 09:39:10,669 [INFO] rit_api: MARKET BUY 16 RTM1C51 -> order_id=1569
2026-02-08 09:39:10,727 [INFO] rit_api: MARKET BUY 16 RTM1P51 -> order_id=1570
2026-02-08 09:39:10,734 [WARNING] trading_engine: BYPASSING cooldown: delta=-9530 exceeds 90% of limit 9000
2026-02-08 09:39:10,850 [INFO] rit_api: MARKET BUY 8180 RTM -> order_id=1571
2026-02-08 09:39:10,851 [INFO] trading_engine: HEDGE BUY 8180 RTM (delta=-9530 -> target=-1350, limit=9000)
2026-02-08 09:39:11,443 [INFO] rit_api: MARKET SELL 100 RTM1C52 -> order_id=1614
2026-02-08 09:39:11,509 [INFO] rit_api: MARKET SELL 5 RTM1C52 -> order_id=1615
2026-02-08 09:39:12,495 [INFO] rit_api: MARKET BUY 9 RTM1C50 -> order_id=1658
2026-02-08 09:39:12,615 [INFO] rit_api: MARKET BUY 5444 RTM -> order_id=1659
2026-02-08 09:39:12,615 [INFO] trading_engine: HEDGE BUY 5444 RTM (delta=-6794 -> target=-1350, limit=9000)
2026-02-08 09:39:13,456 [INFO] rit_api: MARKET SELL 9 RTM1P52 -> order_id=1702
2026-02-08 09:39:13,517 [INFO] rit_api: MARKET BUY 100 RTM1C51 -> order_id=1703
2026-02-08 09:39:13,575 [INFO] rit_api: MARKET BUY 17 RTM1C51 -> order_id=1704
2026-02-08 09:39:13,635 [INFO] rit_api: MARKET BUY 100 RTM1P51 -> order_id=1705
2026-02-08 09:39:13,691 [INFO] rit_api: MARKET BUY 17 RTM1P51 -> order_id=1706
2026-02-08 09:39:13,697 [WARNING] trading_engine: BYPASSING cooldown: delta=-19293 exceeds 90% of limit 9000
2026-02-08 09:39:13,814 [INFO] rit_api: MARKET BUY 10000 RTM -> order_id=1707
2026-02-08 09:39:13,815 [INFO] trading_engine: HEDGE BUY 10000 RTM (delta=-19293 -> target=-1350, limit=9000)
2026-02-08 09:39:14,530 [INFO] rit_api: MARKET SELL 100 RTM1P52 -> order_id=1750
2026-02-08 09:39:14,588 [INFO] rit_api: MARKET SELL 100 RTM1P52 -> order_id=1751
2026-02-08 09:39:14,646 [INFO] rit_api: MARKET SELL 34 RTM1P52 -> order_id=1752
2026-02-08 09:39:14,706 [INFO] rit_api: MARKET BUY 6 RTM1C51 -> order_id=1753
2026-02-08 09:39:14,766 [INFO] rit_api: MARKET BUY 6 RTM1P51 -> order_id=1754
2026-02-08 09:39:15,487 [INFO] rit_api: MARKET SELL 12 RTM1C53 -> order_id=1797
2026-02-08 09:39:15,547 [INFO] rit_api: MARKET BUY 25 RTM1C51 -> order_id=1798
2026-02-08 09:39:15,605 [INFO] rit_api: MARKET BUY 25 RTM1P51 -> order_id=1799
2026-02-08 09:39:16,452 [INFO] rit_api: MARKET SELL 50 RTM1P53 -> order_id=1842
2026-02-08 09:39:16,510 [INFO] rit_api: MARKET BUY 49 RTM1C51 -> order_id=1843
2026-02-08 09:39:16,569 [INFO] rit_api: MARKET BUY 49 RTM1P51 -> order_id=1844
2026-02-08 09:39:17,540 [INFO] rit_api: MARKET SELL 98 RTM1C53 -> order_id=1887
2026-02-08 09:39:17,664 [INFO] rit_api: MARKET SELL 8638 RTM -> order_id=1888
2026-02-08 09:39:17,665 [INFO] trading_engine: HEDGE SELL 8638 RTM (delta=9988 -> target=1350, limit=9000)
2026-02-08 09:39:18,452 [INFO] trading_engine: POSITION BUILT at tick 45: gross=980 net=-980
2026-02-08 09:39:19,615 [INFO] rit_api: MARKET BUY 6281 RTM -> order_id=1973
2026-02-08 09:39:19,615 [INFO] trading_engine: HEDGE BUY 6281 RTM (delta=-7631 -> target=-1350, limit=9000)
2026-02-08 09:39:32,702 [INFO] rit_api: MARKET BUY 4802 RTM -> order_id=2520
2026-02-08 09:39:32,703 [INFO] trading_engine: HEDGE BUY 4802 RTM (delta=-6152 -> target=-1350, limit=9000)
2026-02-08 09:39:44,758 [INFO] rit_api: MARKET SELL 10000 RTM -> order_id=3025
2026-02-08 09:39:44,758 [INFO] trading_engine: HEDGE SELL 10000 RTM (delta=21586 -> target=1350, limit=9000)
2026-02-08 09:39:45,673 [WARNING] trading_engine: BYPASSING cooldown: delta=18457 exceeds 90% of limit 9000
2026-02-08 09:39:45,787 [INFO] rit_api: MARKET SELL 10000 RTM -> order_id=3068
2026-02-08 09:39:45,787 [INFO] trading_engine: HEDGE SELL 10000 RTM (delta=18457 -> target=1350, limit=9000)
2026-02-08 09:39:48,659 [INFO] news_parser: NEWS: Current realized vol = 11.0% (history: ['11%'])
2026-02-08 09:39:48,779 [INFO] rit_api: MARKET SELL 10000 RTM -> order_id=3200
2026-02-08 09:39:48,781 [INFO] trading_engine: HEDGE SELL 10000 RTM (delta=14789 -> target=1350, limit=9000)
2026-02-08 09:39:50,712 [INFO] rit_api: MARKET SELL 5598 RTM -> order_id=3291
2026-02-08 09:39:50,712 [INFO] trading_engine: HEDGE SELL 5598 RTM (delta=6948 -> target=1350, limit=9000)
2026-02-08 09:40:02,757 [INFO] rit_api: MARKET SELL 4198 RTM -> order_id=3801
2026-02-08 09:40:02,757 [INFO] trading_engine: HEDGE SELL 4198 RTM (delta=5548 -> target=1350, limit=9000)
2026-02-08 09:40:08,827 [INFO] rit_api: MARKET BUY 7147 RTM -> order_id=4055
2026-02-08 09:40:08,827 [INFO] trading_engine: HEDGE BUY 7147 RTM (delta=-8497 -> target=-1350, limit=9000)
2026-02-08 09:40:15,836 [INFO] rit_api: MARKET SELL 5495 RTM -> order_id=4355
2026-02-08 09:40:15,837 [INFO] trading_engine: HEDGE SELL 5495 RTM (delta=6845 -> target=1350, limit=9000)
2026-02-08 09:40:25,822 [INFO] news_parser: NEWS: Forecast vol next week = 8.0% - 13.0% (mid=10.5%)
2026-02-08 09:40:33,950 [INFO] rit_api: MARKET BUY 5120 RTM -> order_id=5118
2026-02-08 09:40:33,950 [INFO] trading_engine: HEDGE BUY 5120 RTM (delta=-6470 -> target=-1350, limit=9000)
2026-02-08 09:40:48,978 [INFO] rit_api: MARKET BUY 4162 RTM -> order_id=5753
2026-02-08 09:40:48,978 [INFO] trading_engine: HEDGE BUY 4162 RTM (delta=-5512 -> target=-1350, limit=9000)
2026-02-08 09:41:04,007 [INFO] news_parser: NEWS: Current realized vol = 12.0% (history: ['11%', '12%'])
2026-02-08 09:41:04,131 [INFO] rit_api: MARKET SELL 4872 RTM -> order_id=6384
2026-02-08 09:41:04,131 [INFO] trading_engine: HEDGE SELL 4872 RTM (delta=6222 -> target=1350, limit=9000)
2026-02-08 09:41:05,053 [INFO] trading_engine: BLOCKED reversal at tick 151 (after 150)
2026-02-08 09:41:05,959 [INFO] trading_engine: BLOCKED reversal at tick 152 (after 150)
2026-02-08 09:41:06,085 [INFO] rit_api: MARKET SELL 5720 RTM -> order_id=6469
2026-02-08 09:41:06,086 [INFO] trading_engine: HEDGE SELL 5720 RTM (delta=7070 -> target=1350, limit=9000)
2026-02-08 09:41:06,993 [INFO] trading_engine: BLOCKED reversal at tick 153 (after 150)
2026-02-08 09:41:08,027 [INFO] trading_engine: BLOCKED reversal at tick 154 (after 150)
2026-02-08 09:41:09,061 [INFO] trading_engine: BLOCKED reversal at tick 155 (after 150)
2026-02-08 09:41:09,968 [INFO] trading_engine: BLOCKED reversal at tick 156 (after 150)
2026-02-08 09:41:11,002 [INFO] trading_engine: BLOCKED reversal at tick 157 (after 150)
2026-02-08 09:41:12,040 [INFO] trading_engine: BLOCKED reversal at tick 158 (after 150)
2026-02-08 09:41:13,076 [INFO] trading_engine: BLOCKED reversal at tick 159 (after 150)
2026-02-08 09:41:13,985 [INFO] trading_engine: BLOCKED reversal at tick 160 (after 150)
2026-02-08 09:41:15,020 [INFO] trading_engine: BLOCKED reversal at tick 161 (after 150)
2026-02-08 09:41:16,057 [INFO] trading_engine: BLOCKED reversal at tick 162 (after 150)
2026-02-08 09:41:17,092 [INFO] trading_engine: BLOCKED reversal at tick 163 (after 150)
2026-02-08 09:41:18,126 [INFO] trading_engine: BLOCKED reversal at tick 164 (after 150)
2026-02-08 09:41:19,027 [INFO] trading_engine: BLOCKED reversal at tick 165 (after 150)
2026-02-08 09:41:20,062 [INFO] trading_engine: BLOCKED reversal at tick 166 (after 150)
2026-02-08 09:41:21,099 [INFO] trading_engine: BLOCKED reversal at tick 167 (after 150)
2026-02-08 09:41:21,226 [INFO] rit_api: MARKET SELL 4797 RTM -> order_id=7106
2026-02-08 09:41:21,226 [INFO] trading_engine: HEDGE SELL 4797 RTM (delta=6147 -> target=1350, limit=9000)
2026-02-08 09:41:22,129 [INFO] trading_engine: BLOCKED reversal at tick 168 (after 150)
2026-02-08 09:41:23,045 [INFO] trading_engine: BLOCKED reversal at tick 169 (after 150)
2026-02-08 09:41:24,084 [INFO] trading_engine: BLOCKED reversal at tick 170 (after 150)
2026-02-08 09:41:25,118 [INFO] trading_engine: BLOCKED reversal at tick 171 (after 150)
2026-02-08 09:41:26,151 [INFO] trading_engine: BLOCKED reversal at tick 172 (after 150)
2026-02-08 09:41:27,185 [INFO] trading_engine: BLOCKED reversal at tick 173 (after 150)
2026-02-08 09:41:28,092 [INFO] trading_engine: BLOCKED reversal at tick 174 (after 150)
2026-02-08 09:41:29,127 [INFO] trading_engine: BLOCKED reversal at tick 175 (after 150)
2026-02-08 09:41:29,249 [INFO] rit_api: MARKET BUY 4652 RTM -> order_id=7443
2026-02-08 09:41:29,249 [INFO] trading_engine: HEDGE BUY 4652 RTM (delta=-6002 -> target=-1350, limit=9000)
2026-02-08 09:41:30,159 [INFO] trading_engine: BLOCKED reversal at tick 176 (after 150)
2026-02-08 09:41:31,198 [INFO] trading_engine: BLOCKED reversal at tick 177 (after 150)
2026-02-08 09:41:32,231 [INFO] trading_engine: BLOCKED reversal at tick 178 (after 150)
2026-02-08 09:41:32,345 [INFO] rit_api: MARKET BUY 4741 RTM -> order_id=7572
2026-02-08 09:41:32,345 [INFO] trading_engine: HEDGE BUY 4741 RTM (delta=-6091 -> target=-1350, limit=9000)
2026-02-08 09:41:33,119 [INFO] trading_engine: BLOCKED reversal at tick 179 (after 150)
2026-02-08 09:41:34,149 [INFO] trading_engine: BLOCKED reversal at tick 180 (after 150)
2026-02-08 09:41:34,267 [INFO] rit_api: MARKET BUY 4990 RTM -> order_id=7657
2026-02-08 09:41:34,267 [INFO] trading_engine: HEDGE BUY 4990 RTM (delta=-6340 -> target=-1350, limit=9000)
2026-02-08 09:41:35,172 [INFO] trading_engine: BLOCKED reversal at tick 181 (after 150)
2026-02-08 09:41:36,210 [INFO] trading_engine: BLOCKED reversal at tick 182 (after 150)
2026-02-08 09:41:37,245 [INFO] trading_engine: BLOCKED reversal at tick 183 (after 150)
2026-02-08 09:41:38,152 [INFO] trading_engine: BLOCKED reversal at tick 184 (after 150)
2026-02-08 09:41:39,191 [INFO] trading_engine: BLOCKED reversal at tick 185 (after 150)
2026-02-08 09:41:40,222 [INFO] trading_engine: BLOCKED reversal at tick 186 (after 150)
2026-02-08 09:41:40,336 [INFO] rit_api: MARKET BUY 9104 RTM -> order_id=7914
2026-02-08 09:41:40,337 [INFO] trading_engine: HEDGE BUY 9104 RTM (delta=-10454 -> target=-1350, limit=9000)
2026-02-08 09:41:41,237 [INFO] news_parser: NEWS: Forecast vol next week = 18.0% - 23.0% (mid=20.5%)
2026-02-08 09:41:41,244 [INFO] trading_engine: BLOCKED reversal at tick 187 (after 150)
2026-02-08 09:41:42,158 [INFO] trading_engine: BLOCKED reversal at tick 188 (after 150)
2026-02-08 09:41:43,191 [INFO] trading_engine: BLOCKED reversal at tick 189 (after 150)
2026-02-08 09:41:44,236 [INFO] trading_engine: BLOCKED reversal at tick 190 (after 150)
2026-02-08 09:41:45,289 [INFO] trading_engine: BLOCKED reversal at tick 191 (after 150)
2026-02-08 09:41:46,196 [INFO] trading_engine: BLOCKED reversal at tick 192 (after 150)
2026-02-08 09:41:47,241 [INFO] trading_engine: BLOCKED reversal at tick 193 (after 150)
2026-02-08 09:41:49,585 [INFO] trading_engine: BLOCKED reversal at tick 195 (after 150)
2026-02-08 09:41:50,250 [INFO] trading_engine: BLOCKED reversal at tick 196 (after 150)
2026-02-08 09:41:51,291 [INFO] trading_engine: BLOCKED reversal at tick 197 (after 150)
2026-02-08 09:41:52,202 [INFO] trading_engine: BLOCKED reversal at tick 198 (after 150)
2026-02-08 09:41:53,240 [INFO] trading_engine: BLOCKED reversal at tick 199 (after 150)
2026-02-08 09:41:54,291 [INFO] trading_engine: BLOCKED reversal at tick 200 (after 150)
2026-02-08 09:41:55,214 [INFO] trading_engine: BLOCKED reversal at tick 201 (after 150)
2026-02-08 09:41:56,248 [INFO] trading_engine: BLOCKED reversal at tick 202 (after 150)
2026-02-08 09:41:57,281 [INFO] trading_engine: BLOCKED reversal at tick 203 (after 150)
2026-02-08 09:41:57,395 [INFO] rit_api: MARKET SELL 8486 RTM -> order_id=8633
2026-02-08 09:41:57,395 [INFO] trading_engine: HEDGE SELL 8486 RTM (delta=9836 -> target=1350, limit=9000)
2026-02-08 09:41:58,297 [INFO] trading_engine: BLOCKED reversal at tick 204 (after 150)
2026-02-08 09:41:59,330 [INFO] trading_engine: BLOCKED reversal at tick 205 (after 150)
2026-02-08 09:42:00,236 [INFO] trading_engine: BLOCKED reversal at tick 206 (after 150)
2026-02-08 09:42:02,303 [INFO] trading_engine: BLOCKED reversal at tick 208 (after 150)
2026-02-08 09:42:05,342 [INFO] trading_engine: BLOCKED reversal at tick 211 (after 150)
2026-02-08 09:42:06,367 [INFO] trading_engine: BLOCKED reversal at tick 212 (after 150)
2026-02-08 09:42:10,399 [INFO] trading_engine: BLOCKED reversal at tick 216 (after 150)
