2026-02-08 17:13:10,568 [INFO] news_parser: NEWS: Forecast vol next week = 18.0% - 23.0% (mid=20.5%)
2026-02-08 17:13:11,684 [INFO] rit_api: MARKET SELL 50 RTM1C49 -> order_id=3946
2026-02-08 17:13:11,849 [INFO] rit_api: MARKET SELL 50 RTM1P49 -> order_id=3950
2026-02-08 17:13:12,695 [WARNING] rit_api: POST /orders returned 500: {"code":"INTERNAL_SERVER_ERROR","message":"Order could not be submitted because the order size is larger than the maximum order size of 10000 for the contract."}
2026-02-08 17:13:13,677 [WARNING] rit_api: POST /orders returned 500: {"code":"INTERNAL_SERVER_ERROR","message":"Order could not be submitted because the order size is larger than the maximum order size of 10000 for the contract."}
2026-02-08 17:13:14,650 [WARNING] rit_api: POST /orders returned 500: {"code":"INTERNAL_SERVER_ERROR","message":"Order could not be submitted because the order size is larger than the maximum order size of 10000 for the contract."}
2026-02-08 17:13:15,616 [WARNING] rit_api: POST /orders returned 500: {"code":"INTERNAL_SERVER_ERROR","message":"Order could not be submitted because the order size is larger than the maximum order size of 10000 for the contract."}
2026-02-08 17:13:16,723 [WARNING] rit_api: POST /orders returned 500: {"code":"INTERNAL_SERVER_ERROR","message":"Order could not be submitted because the order size is larger than the maximum order size of 10000 for the contract."}
2026-02-08 17:13:17,752 [WARNING] rit_api: POST /orders returned 500: {"code":"INTERNAL_SERVER_ERROR","message":"Order could not be submitted because the order size is larger than the maximum order size of 10000 for the contract."}
2026-02-08 17:13:18,733 [WARNING] rit_api: POST /orders returned 500: {"code":"INTERNAL_SERVER_ERROR","message":"Order could not be submitted because the order size is larger than the maximum order size of 10000 for the contract."}
2026-02-08 17:13:19,758 [WARNING] rit_api: POST /orders returned 500: {"code":"INTERNAL_SERVER_ERROR","message":"Order could not be submitted because the order size is larger than the maximum order size of 10000 for the contract."}
2026-02-08 17:13:20,734 [WARNING] rit_api: POST /orders returned 500: {"code":"INTERNAL_SERVER_ERROR","message":"Order could not be submitted because the order size is larger than the maximum order size of 10000 for the contract."}
2026-02-08 17:13:21,695 [WARNING] rit_api: POST /orders returned 500: {"code":"INTERNAL_SERVER_ERROR","message":"Order could not be submitted because the order size is larger than the maximum order size of 10000 for the contract."}
2026-02-08 17:13:22,650 [WARNING] rit_api: POST /orders returned 500: {"code":"INTERNAL_SERVER_ERROR","message":"Order could not be submitted because the order size is larger than the maximum order size of 10000 for the contract."}
2026-02-08 17:13:23,771 [WARNING] rit_api: POST /orders returned 500: {"code":"INTERNAL_SERVER_ERROR","message":"Order could not be submitted because the order size is larger than the maximum order size of 10000 for the contract."}
2026-02-08 17:13:24,742 [WARNING] rit_api: POST /orders returned 500: {"code":"INTERNAL_SERVER_ERROR","message":"Order could not be submitted because the order size is larger than the maximum order size of 10000 for the contract."}
2026-02-08 17:13:25,785 [WARNING] rit_api: POST /orders returned 500: {"code":"INTERNAL_SERVER_ERROR","message":"Order could not be submitted because the order size is larger than the maximum order size of 10000 for the contract."}
2026-02-08 17:13:26,750 [WARNING] rit_api: POST /orders returned 500: {"code":"INTERNAL_SERVER_ERROR","message":"Order could not be submitted because the order size is larger than the maximum order size of 10000 for the contract."}
2026-02-08 17:13:27,767 [WARNING] rit_api: POST /orders returned 500: {"code":"INTERNAL_SERVER_ERROR","message":"Order could not be submitted because the order size is larger than the maximum order size of 10000 for the contract."}
2026-02-08 17:13:28,735 [WARNING] rit_api: POST /orders returned 500: {"code":"INTERNAL_SERVER_ERROR","message":"Order could not be submitted because the order size is larger than the maximum order size of 10000 for the contract."}
2026-02-08 17:13:29,700 [WARNING] rit_api: POST /orders returned 500: {"code":"INTERNAL_SERVER_ERROR","message":"Order could not be submitted because the order size is larger than the maximum order size of 10000 for the contract."}
2026-02-08 17:13:30,663 [WARNING] rit_api: POST /orders returned 500: {"code":"INTERNAL_SERVER_ERROR","message":"Order could not be submitted because the order size is larger than the maximum order size of 10000 for the contract."}
2026-02-08 17:13:31,754 [WARNING] rit_api: POST /orders returned 500: {"code":"INTERNAL_SERVER_ERROR","message":"Order could not be submitted because the order size is larger than the maximum order size of 10000 for the contract."}
2026-02-08 17:13:32,715 [WARNING] rit_api: POST /orders returned 500: {"code":"INTERNAL_SERVER_ERROR","message":"Order could not be submitted because the order size is larger than the maximum order size of 10000 for the contract."}
2026-02-08 17:13:33,893 [WARNING] rit_api: POST /orders returned 500: {"code":"INTERNAL_SERVER_ERROR","message":"Order could not be submitted because the order size is larger than the maximum order size of 10000 for the contract."}
2026-02-08 17:13:34,750 [WARNING] rit_api: POST /orders returned 500: {"code":"INTERNAL_SERVER_ERROR","message":"Order could not be submitted because the order size is larger than the maximum order size of 10000 for the contract."}
2026-02-08 17:13:35,768 [WARNING] rit_api: POST /orders returned 500: {"code":"INTERNAL_SERVER_ERROR","message":"Order could not be submitted because the order size is larger than the maximum order size of 10000 for the contract."}
2026-02-08 17:13:36,966 [WARNING] rit_api: POST /orders returned 500: {"code":"INTERNAL_SERVER_ERROR","message":"Order could not be submitted because the order size is larger than the maximum order size of 10000 for the contract."}
2026-02-08 17:13:38,133 [WARNING] rit_api: POST /orders returned 500: {"code":"INTERNAL_SERVER_ERROR","message":"Order could not be submitted because the order size is larger than the maximum order size of 10000 for the contract."}
2026-02-08 17:13:39,741 [WARNING] rit_api: POST /orders returned 500: {"code":"INTERNAL_SERVER_ERROR","message":"Order could not be submitted because the order size is larger than the maximum order size of 10000 for the contract."}
2026-02-08 17:13:40,702 [WARNING] rit_api: POST /orders returned 500: {"code":"INTERNAL_SERVER_ERROR","message":"Order could not be submitted because the order size is larger than the maximum order size of 10000 for the contract."}
2026-02-08 17:13:41,796 [WARNING] rit_api: POST /orders returned 500: {"code":"INTERNAL_SERVER_ERROR","message":"Order could not be submitted because the order size is larger than the maximum order size of 10000 for the contract."}
2026-02-08 17:13:42,760 [WARNING] rit_api: POST /orders returned 500: {"code":"INTERNAL_SERVER_ERROR","message":"Order could not be submitted because the order size is larger than the maximum order size of 10000 for the contract."}
2026-02-08 17:13:43,773 [WARNING] rit_api: POST /orders returned 500: {"code":"INTERNAL_SERVER_ERROR","message":"Order could not be submitted because the order size is larger than the maximum order size of 10000 for the contract."}
2026-02-08 17:13:44,742 [WARNING] rit_api: POST /orders returned 500: {"code":"INTERNAL_SERVER_ERROR","message":"Order could not be submitted because the order size is larger than the maximum order size of 10000 for the contract."}
2026-02-08 17:13:45,863 [WARNING] rit_api: POST /orders returned 500: {"code":"INTERNAL_SERVER_ERROR","message":"Order could not be submitted because the order size is larger than the maximum order size of 10000 for the contract."}
2026-02-08 17:13:46,887 [WARNING] rit_api: POST /orders returned 500: {"code":"INTERNAL_SERVER_ERROR","message":"Order could not be submitted because the order size is larger than the maximum order size of 10000 for the contract."}
2026-02-08 17:13:47,857 [WARNING] rit_api: POST /orders returned 500: {"code":"INTERNAL_SERVER_ERROR","message":"Order could not be submitted because the order size is larger than the maximum order size of 10000 for the contract."}
2026-02-08 17:13:48,825 [WARNING] rit_api: POST /orders returned 500: {"code":"INTERNAL_SERVER_ERROR","message":"Order could not be submitted because the order size is larger than the maximum order size of 10000 for the contract."}
2026-02-08 17:13:49,796 [WARNING] rit_api: POST /orders returned 500: {"code":"INTERNAL_SERVER_ERROR","message":"Order could not be submitted because the order size is larger than the maximum order size of 10000 for the contract."}
2026-02-08 17:13:50,888 [WARNING] rit_api: POST /orders returned 500: {"code":"INTERNAL_SERVER_ERROR","message":"Order could not be submitted because the order size is larger than the maximum order size of 10000 for the contract."}
2026-02-08 17:13:51,913 [WARNING] rit_api: POST /orders returned 500: {"code":"INTERNAL_SERVER_ERROR","message":"Order could not be submitted because the order size is larger than the maximum order size of 10000 for the contract."}
2026-02-08 17:13:52,909 [WARNING] rit_api: POST /orders returned 500: {"code":"INTERNAL_SERVER_ERROR","message":"Order could not be submitted because the order size is larger than the maximum order size of 10000 for the contract."}
2026-02-08 17:13:53,923 [WARNING] rit_api: POST /orders returned 500: {"code":"INTERNAL_SERVER_ERROR","message":"Order could not be submitted because the order size is larger than the maximum order size of 10000 for the contract."}
2026-02-08 17:13:54,809 [WARNING] rit_api: POST /orders returned 500: {"code":"INTERNAL_SERVER_ERROR","message":"Order could not be submitted because the order size is larger than the maximum order size of 10000 for the contract."}
2026-02-08 17:13:55,967 [WARNING] rit_api: POST /orders returned 500: {"code":"INTERNAL_SERVER_ERROR","message":"Order could not be submitted because the order size is larger than the maximum order size of 10000 for the contract."}
2026-02-08 17:13:57,008 [WARNING] rit_api: POST /orders returned 500: {"code":"INTERNAL_SERVER_ERROR","message":"Order could not be submitted because the order size is larger than the maximum order size of 10000 for the contract."}
2026-02-08 17:13:57,904 [WARNING] rit_api: POST /orders returned 500: {"code":"INTERNAL_SERVER_ERROR","message":"Order could not be submitted because the order size is larger than the maximum order size of 10000 for the contract."}
2026-02-08 17:13:58,874 [WARNING] rit_api: POST /orders returned 500: {"code":"INTERNAL_SERVER_ERROR","message":"Order could not be submitted because the order size is larger than the maximum order size of 10000 for the contract."}
2026-02-08 17:13:59,908 [WARNING] rit_api: POST /orders returned 500: {"code":"INTERNAL_SERVER_ERROR","message":"Order could not be submitted because the order size is larger than the maximum order size of 10000 for the contract."}
2026-02-08 17:14:00,952 [WARNING] rit_api: POST /orders returned 500: {"code":"INTERNAL_SERVER_ERROR","message":"Order could not be submitted because the order size is larger than the maximum order size of 10000 for the contract."}
2026-02-08 17:14:01,986 [WARNING] rit_api: POST /orders returned 500: {"code":"INTERNAL_SERVER_ERROR","message":"Order could not be submitted because the order size is larger than the maximum order size of 10000 for the contract."}
2026-02-08 17:14:02,970 [WARNING] rit_api: POST /orders returned 500: {"code":"INTERNAL_SERVER_ERROR","message":"Order could not be submitted because the order size is larger than the maximum order size of 10000 for the contract."}
2026-02-08 17:14:03,996 [WARNING] rit_api: POST /orders returned 500: {"code":"INTERNAL_SERVER_ERROR","message":"Order could not be submitted because the order size is larger than the maximum order size of 10000 for the contract."}
2026-02-08 17:14:04,974 [WARNING] rit_api: POST /orders returned 500: {"code":"INTERNAL_SERVER_ERROR","message":"Order could not be submitted because the order size is larger than the maximum order size of 10000 for the contract."}
2026-02-08 17:14:05,944 [WARNING] rit_api: POST /orders returned 500: {"code":"INTERNAL_SERVER_ERROR","message":"Order could not be submitted because the order size is larger than the maximum order size of 10000 for the contract."}
2026-02-08 17:14:06,998 [WARNING] rit_api: POST /orders returned 500: {"code":"INTERNAL_SERVER_ERROR","message":"Order could not be submitted because the order size is larger than the maximum order size of 10000 for the contract."}
2026-02-08 17:14:08,040 [WARNING] rit_api: POST /orders returned 500: {"code":"INTERNAL_SERVER_ERROR","message":"Order could not be submitted because the order size is larger than the maximum order size of 10000 for the contract."}
2026-02-08 17:14:09,026 [WARNING] rit_api: POST /orders returned 500: {"code":"INTERNAL_SERVER_ERROR","message":"Order could not be submitted because the order size is larger than the maximum order size of 10000 for the contract."}
2026-02-08 17:14:09,871 [WARNING] rit_api: POST /orders returned 500: {"code":"INTERNAL_SERVER_ERROR","message":"Order could not be submitted because the order size is larger than the maximum order size of 10000 for the contract."}
2026-02-08 17:14:11,042 [WARNING] rit_api: POST /orders returned 500: {"code":"INTERNAL_SERVER_ERROR","message":"Order could not be submitted because the order size is larger than the maximum order size of 10000 for the contract."}
2026-02-08 17:14:12,029 [WARNING] rit_api: POST /orders returned 500: {"code":"INTERNAL_SERVER_ERROR","message":"Order could not be submitted because the order size is larger than the maximum order size of 10000 for the contract."}
2026-02-08 17:14:13,051 [WARNING] rit_api: POST /orders returned 500: {"code":"INTERNAL_SERVER_ERROR","message":"Order could not be submitted because the order size is larger than the maximum order size of 10000 for the contract."}
2026-02-08 17:14:13,898 [WARNING] rit_api: POST /orders returned 500: {"code":"INTERNAL_SERVER_ERROR","message":"Order could not be submitted because the order size is larger than the maximum order size of 10000 for the contract."}
2026-02-08 17:14:14,994 [WARNING] rit_api: POST /orders returned 500: {"code":"INTERNAL_SERVER_ERROR","message":"Order could not be submitted because the order size is larger than the maximum order size of 10000 for the contract."}
2026-02-08 17:14:16,049 [WARNING] rit_api: POST /orders returned 500: {"code":"INTERNAL_SERVER_ERROR","message":"Order could not be submitted because the order size is larger than the maximum order size of 10000 for the contract."}
2026-02-08 17:14:16,891 [WARNING] rit_api: POST /orders returned 500: {"code":"INTERNAL_SERVER_ERROR","message":"Order could not be submitted because the order size is larger than the maximum order size of 10000 for the contract."}
2026-02-08 17:14:18,064 [WARNING] rit_api: POST /orders returned 500: {"code":"INTERNAL_SERVER_ERROR","message":"Order could not be submitted because the order size is larger than the maximum order size of 10000 for the contract."}
2026-02-08 17:14:18,906 [WARNING] rit_api: POST /orders returned 500: {"code":"INTERNAL_SERVER_ERROR","message":"Order could not be submitted because the order size is larger than the maximum order size of 10000 for the contract."}
2026-02-08 17:14:20,065 [WARNING] rit_api: POST /orders returned 500: {"code":"INTERNAL_SERVER_ERROR","message":"Order could not be submitted because the order size is larger than the maximum order size of 10000 for the contract."}
2026-02-08 17:14:21,113 [WARNING] rit_api: POST /orders returned 500: {"code":"INTERNAL_SERVER_ERROR","message":"Order could not be submitted because the order size is larger than the maximum order size of 10000 for the contract."}
2026-02-08 17:14:21,955 [WARNING] rit_api: POST /orders returned 500: {"code":"INTERNAL_SERVER_ERROR","message":"Order could not be submitted because the order size is larger than the maximum order size of 10000 for the contract."}
2026-02-08 17:14:22,992 [WARNING] rit_api: POST /orders returned 500: {"code":"INTERNAL_SERVER_ERROR","message":"Order could not be submitted because the order size is larger than the maximum order size of 10000 for the contract."}
2026-02-08 17:14:23,961 [WARNING] rit_api: POST /orders returned 500: {"code":"INTERNAL_SERVER_ERROR","message":"Order could not be submitted because the order size is larger than the maximum order size of 10000 for the contract."}
2026-02-08 17:14:25,078 [WARNING] rit_api: POST /orders returned 500: {"code":"INTERNAL_SERVER_ERROR","message":"Order could not be submitted because the order size is larger than the maximum order size of 10000 for the contract."}
2026-02-08 17:14:26,030 [INFO] news_parser: NEWS: Forecast vol next week = 9.0% - 14.0% (mid=11.5%)
2026-02-08 17:14:26,101 [WARNING] rit_api: POST /orders returned 500: {"code":"INTERNAL_SERVER_ERROR","message":"Order could not be submitted because the order size is larger than the maximum order size of 10000 for the contract."}
2026-02-08 17:14:27,174 [WARNING] rit_api: POST /orders returned 500: {"code":"INTERNAL_SERVER_ERROR","message":"Order could not be submitted because the order size is larger than the maximum order size of 100 for the contract."}
2026-02-08 17:14:27,345 [WARNING] rit_api: POST /orders returned 500: {"code":"INTERNAL_SERVER_ERROR","message":"Order could not be submitted because the order size is larger than the maximum order size of 100 for the contract."}
2026-02-08 17:14:27,514 [INFO] rit_api: MARKET SELL 50 RTM1C47 -> order_id=7431
2026-02-08 17:14:27,630 [INFO] rit_api: MARKET SELL 50 RTM1P47 -> order_id=7433
2026-02-08 17:14:27,813 [INFO] rit_api: MARKET SELL 5000 RTM -> order_id=7436
2026-02-08 17:14:28,184 [WARNING] rit_api: POST /orders returned 500: {"code":"INTERNAL_SERVER_ERROR","message":"Order could not be submitted because the order size is larger than the maximum order size of 10000 for the contract."}
2026-02-08 17:14:29,058 [WARNING] rit_api: POST /orders returned 500: {"code":"INTERNAL_SERVER_ERROR","message":"Order could not be submitted because the order size is larger than the maximum order size of 10000 for the contract."}
2026-02-08 17:14:30,020 [WARNING] rit_api: POST /orders returned 500: {"code":"INTERNAL_SERVER_ERROR","message":"Order could not be submitted because the order size is larger than the maximum order size of 10000 for the contract."}
2026-02-08 17:14:31,219 [WARNING] rit_api: POST /orders returned 500: {"code":"INTERNAL_SERVER_ERROR","message":"Order could not be submitted because the order size is larger than the maximum order size of 10000 for the contract."}
2026-02-08 17:14:32,148 [WARNING] rit_api: POST /orders returned 500: {"code":"INTERNAL_SERVER_ERROR","message":"Order could not be submitted because the order size is larger than the maximum order size of 10000 for the contract."}
2026-02-08 17:14:33,190 [WARNING] rit_api: POST /orders returned 500: {"code":"INTERNAL_SERVER_ERROR","message":"Order could not be submitted because the order size is larger than the maximum order size of 10000 for the contract."}
2026-02-08 17:14:34,083 [WARNING] rit_api: POST /orders returned 500: {"code":"INTERNAL_SERVER_ERROR","message":"Order could not be submitted because the order size is larger than the maximum order size of 10000 for the contract."}
2026-02-08 17:14:35,055 [WARNING] rit_api: POST /orders returned 500: {"code":"INTERNAL_SERVER_ERROR","message":"Order could not be submitted because the order size is larger than the maximum order size of 10000 for the contract."}
2026-02-08 17:14:36,026 [WARNING] rit_api: POST /orders returned 500: {"code":"INTERNAL_SERVER_ERROR","message":"Order could not be submitted because the order size is larger than the maximum order size of 10000 for the contract."}
2026-02-08 17:14:37,187 [WARNING] rit_api: POST /orders returned 500: {"code":"INTERNAL_SERVER_ERROR","message":"Order could not be submitted because the order size is larger than the maximum order size of 10000 for the contract."}
2026-02-08 17:14:38,090 [WARNING] rit_api: POST /orders returned 500: {"code":"INTERNAL_SERVER_ERROR","message":"Order could not be submitted because the order size is larger than the maximum order size of 10000 for the contract."}
2026-02-08 17:14:39,061 [WARNING] rit_api: POST /orders returned 500: {"code":"INTERNAL_SERVER_ERROR","message":"Order could not be submitted because the order size is larger than the maximum order size of 10000 for the contract."}
2026-02-08 17:14:40,238 [WARNING] rit_api: POST /orders returned 500: {"code":"INTERNAL_SERVER_ERROR","message":"Order could not be submitted because the order size is larger than the maximum order size of 10000 for the contract."}
2026-02-08 17:14:41,131 [WARNING] rit_api: POST /orders returned 500: {"code":"INTERNAL_SERVER_ERROR","message":"Order could not be submitted because the order size is larger than the maximum order size of 10000 for the contract."}
2026-02-08 17:14:42,172 [WARNING] rit_api: POST /orders returned 500: {"code":"INTERNAL_SERVER_ERROR","message":"Order could not be submitted because the order size is larger than the maximum order size of 10000 for the contract."}
2026-02-08 17:14:43,147 [WARNING] rit_api: POST /orders returned 500: {"code":"INTERNAL_SERVER_ERROR","message":"Order could not be submitted because the order size is larger than the maximum order size of 10000 for the contract."}
2026-02-08 17:14:44,109 [WARNING] rit_api: POST /orders returned 500: {"code":"INTERNAL_SERVER_ERROR","message":"Order could not be submitted because the order size is larger than the maximum order size of 10000 for the contract."}
2026-02-08 17:14:45,071 [WARNING] rit_api: POST /orders returned 500: {"code":"INTERNAL_SERVER_ERROR","message":"Order could not be submitted because the order size is larger than the maximum order size of 10000 for the contract."}
2026-02-08 17:14:46,160 [WARNING] rit_api: POST /orders returned 500: {"code":"INTERNAL_SERVER_ERROR","message":"Order could not be submitted because the order size is larger than the maximum order size of 10000 for the contract."}
2026-02-08 17:14:47,121 [WARNING] rit_api: POST /orders returned 500: {"code":"INTERNAL_SERVER_ERROR","message":"Order could not be submitted because the order size is larger than the maximum order size of 10000 for the contract."}
2026-02-08 17:14:48,089 [WARNING] rit_api: POST /orders returned 500: {"code":"INTERNAL_SERVER_ERROR","message":"Order could not be submitted because the order size is larger than the maximum order size of 10000 for the contract."}
2026-02-08 17:14:49,185 [WARNING] rit_api: POST /orders returned 500: {"code":"INTERNAL_SERVER_ERROR","message":"Order could not be submitted because the order size is larger than the maximum order size of 10000 for the contract."}
2026-02-08 17:14:50,210 [WARNING] rit_api: POST /orders returned 500: {"code":"INTERNAL_SERVER_ERROR","message":"Order could not be submitted because the order size is larger than the maximum order size of 10000 for the contract."}
2026-02-08 17:14:51,179 [WARNING] rit_api: POST /orders returned 500: {"code":"INTERNAL_SERVER_ERROR","message":"Order could not be submitted because the order size is larger than the maximum order size of 10000 for the contract."}
2026-02-08 17:14:52,157 [WARNING] rit_api: POST /orders returned 500: {"code":"INTERNAL_SERVER_ERROR","message":"Order could not be submitted because the order size is larger than the maximum order size of 10000 for the contract."}
2026-02-08 17:14:53,120 [WARNING] rit_api: POST /orders returned 500: {"code":"INTERNAL_SERVER_ERROR","message":"Order could not be submitted because the order size is larger than the maximum order size of 10000 for the contract."}
2026-02-08 17:14:54,230 [WARNING] rit_api: POST /orders returned 500: {"code":"INTERNAL_SERVER_ERROR","message":"Order could not be submitted because the order size is larger than the maximum order size of 10000 for the contract."}
2026-02-08 17:14:55,203 [WARNING] rit_api: POST /orders returned 500: {"code":"INTERNAL_SERVER_ERROR","message":"Order could not be submitted because the order size is larger than the maximum order size of 10000 for the contract."}
2026-02-08 17:14:56,230 [WARNING] rit_api: POST /orders returned 500: {"code":"INTERNAL_SERVER_ERROR","message":"Order could not be submitted because the order size is larger than the maximum order size of 10000 for the contract."}
2026-02-08 17:14:57,192 [WARNING] rit_api: POST /orders returned 500: {"code":"INTERNAL_SERVER_ERROR","message":"Order could not be submitted because the order size is larger than the maximum order size of 10000 for the contract."}
2026-02-08 17:14:58,170 [WARNING] rit_api: POST /orders returned 500: {"code":"INTERNAL_SERVER_ERROR","message":"Order could not be submitted because the order size is larger than the maximum order size of 10000 for the contract."}
2026-02-08 17:14:59,130 [WARNING] rit_api: POST /orders returned 500: {"code":"INTERNAL_SERVER_ERROR","message":"Order could not be submitted because the order size is larger than the maximum order size of 10000 for the contract."}
2026-02-08 17:15:00,242 [WARNING] rit_api: POST /orders returned 500: {"code":"INTERNAL_SERVER_ERROR","message":"Order could not be submitted because the order size is larger than the maximum order size of 10000 for the contract."}
2026-02-08 17:15:01,276 [WARNING] rit_api: POST /orders returned 500: {"code":"INTERNAL_SERVER_ERROR","message":"Order could not be submitted because the order size is larger than the maximum order size of 10000 for the contract."}
2026-02-08 17:15:02,119 [WARNING] rit_api: POST /orders returned 500: {"code":"INTERNAL_SERVER_ERROR","message":"Order could not be submitted because the order size is larger than the maximum order size of 10000 for the contract."}
2026-02-08 17:15:03,216 [WARNING] rit_api: POST /orders returned 500: {"code":"INTERNAL_SERVER_ERROR","message":"Order could not be submitted because the order size is larger than the maximum order size of 10000 for the contract."}
2026-02-08 17:15:04,181 [WARNING] rit_api: POST /orders returned 500: {"code":"INTERNAL_SERVER_ERROR","message":"Order could not be submitted because the order size is larger than the maximum order size of 10000 for the contract."}
2026-02-08 17:15:05,148 [WARNING] rit_api: POST /orders returned 500: {"code":"INTERNAL_SERVER_ERROR","message":"Order could not be submitted because the order size is larger than the maximum order size of 10000 for the contract."}
2026-02-08 17:15:06,305 [WARNING] rit_api: POST /orders returned 500: {"code":"INTERNAL_SERVER_ERROR","message":"Order could not be submitted because the order size is larger than the maximum order size of 10000 for the contract."}
2026-02-08 17:15:07,202 [WARNING] rit_api: POST /orders returned 500: {"code":"INTERNAL_SERVER_ERROR","message":"Order could not be submitted because the order size is larger than the maximum order size of 10000 for the contract."}
2026-02-08 17:15:08,173 [WARNING] rit_api: POST /orders returned 500: {"code":"INTERNAL_SERVER_ERROR","message":"Order could not be submitted because the order size is larger than the maximum order size of 10000 for the contract."}
2026-02-08 17:15:09,146 [WARNING] rit_api: POST /orders returned 500: {"code":"INTERNAL_SERVER_ERROR","message":"Order could not be submitted because the order size is larger than the maximum order size of 10000 for the contract."}
2026-02-08 17:15:10,238 [WARNING] rit_api: POST /orders returned 500: {"code":"INTERNAL_SERVER_ERROR","message":"Order could not be submitted because the order size is larger than the maximum order size of 10000 for the contract."}
2026-02-08 17:15:11,202 [WARNING] rit_api: POST /orders returned 500: {"code":"INTERNAL_SERVER_ERROR","message":"Order could not be submitted because the order size is larger than the maximum order size of 10000 for the contract."}
2026-02-08 17:15:12,229 [WARNING] rit_api: POST /orders returned 500: {"code":"INTERNAL_SERVER_ERROR","message":"Order could not be submitted because the order size is larger than the maximum order size of 10000 for the contract."}
2026-02-08 17:15:13,194 [WARNING] rit_api: POST /orders returned 500: {"code":"INTERNAL_SERVER_ERROR","message":"Order could not be submitted because the order size is larger than the maximum order size of 10000 for the contract."}
2026-02-08 17:15:14,325 [WARNING] rit_api: POST /orders returned 500: {"code":"INTERNAL_SERVER_ERROR","message":"Order could not be submitted because the order size is larger than the maximum order size of 10000 for the contract."}
2026-02-08 17:15:15,294 [WARNING] rit_api: POST /orders returned 500: {"code":"INTERNAL_SERVER_ERROR","message":"Order could not be submitted because the order size is larger than the maximum order size of 10000 for the contract."}
2026-02-08 17:15:16,325 [WARNING] rit_api: POST /orders returned 500: {"code":"INTERNAL_SERVER_ERROR","message":"Order could not be submitted because the order size is larger than the maximum order size of 10000 for the contract."}
2026-02-08 17:15:17,375 [WARNING] rit_api: POST /orders returned 500: {"code":"INTERNAL_SERVER_ERROR","message":"Order could not be submitted because the order size is larger than the maximum order size of 10000 for the contract."}
2026-02-08 17:15:18,219 [WARNING] rit_api: POST /orders returned 500: {"code":"INTERNAL_SERVER_ERROR","message":"Order could not be submitted because the order size is larger than the maximum order size of 10000 for the contract."}
2026-02-08 17:15:19,337 [WARNING] rit_api: POST /orders returned 500: {"code":"INTERNAL_SERVER_ERROR","message":"Order could not be submitted because the order size is larger than the maximum order size of 10000 for the contract."}
2026-02-08 17:15:20,354 [WARNING] rit_api: POST /orders returned 500: {"code":"INTERNAL_SERVER_ERROR","message":"Order could not be submitted because the order size is larger than the maximum order size of 10000 for the contract."}
2026-02-08 17:15:21,324 [WARNING] rit_api: POST /orders returned 500: {"code":"INTERNAL_SERVER_ERROR","message":"Order could not be submitted because the order size is larger than the maximum order size of 10000 for the contract."}
2026-02-08 17:15:22,351 [WARNING] rit_api: POST /orders returned 500: {"code":"INTERNAL_SERVER_ERROR","message":"Order could not be submitted because the order size is larger than the maximum order size of 10000 for the contract."}
2026-02-08 17:15:23,373 [WARNING] rit_api: POST /orders returned 500: {"code":"INTERNAL_SERVER_ERROR","message":"Order could not be submitted because the order size is larger than the maximum order size of 10000 for the contract."}
2026-02-08 17:15:24,415 [WARNING] rit_api: POST /orders returned 500: {"code":"INTERNAL_SERVER_ERROR","message":"Order could not be submitted because the order size is larger than the maximum order size of 10000 for the contract."}
2026-02-08 17:15:25,251 [WARNING] rit_api: POST /orders returned 500: {"code":"INTERNAL_SERVER_ERROR","message":"Order could not be submitted because the order size is larger than the maximum order size of 10000 for the contract."}
2026-02-08 17:15:26,344 [WARNING] rit_api: POST /orders returned 500: {"code":"INTERNAL_SERVER_ERROR","message":"Order could not be submitted because the order size is larger than the maximum order size of 10000 for the contract."}
2026-02-08 17:15:27,305 [WARNING] rit_api: POST /orders returned 500: {"code":"INTERNAL_SERVER_ERROR","message":"Order could not be submitted because the order size is larger than the maximum order size of 10000 for the contract."}
2026-02-08 17:15:28,329 [WARNING] rit_api: POST /orders returned 500: {"code":"INTERNAL_SERVER_ERROR","message":"Order could not be submitted because the order size is larger than the maximum order size of 10000 for the contract."}
2026-02-08 17:15:29,296 [WARNING] rit_api: POST /orders returned 500: {"code":"INTERNAL_SERVER_ERROR","message":"Order could not be submitted because the order size is larger than the maximum order size of 10000 for the contract."}
2026-02-08 17:15:30,412 [WARNING] rit_api: POST /orders returned 500: {"code":"INTERNAL_SERVER_ERROR","message":"Order could not be submitted because the order size is larger than the maximum order size of 10000 for the contract."}
2026-02-08 17:15:31,440 [WARNING] rit_api: POST /orders returned 500: {"code":"INTERNAL_SERVER_ERROR","message":"Order could not be submitted because the order size is larger than the maximum order size of 10000 for the contract."}
2026-02-08 17:15:32,401 [WARNING] rit_api: POST /orders returned 500: {"code":"INTERNAL_SERVER_ERROR","message":"Order could not be submitted because the order size is larger than the maximum order size of 10000 for the contract."}
2026-02-08 17:15:33,357 [WARNING] rit_api: POST /orders returned 500: {"code":"INTERNAL_SERVER_ERROR","message":"Order could not be submitted because the order size is larger than the maximum order size of 10000 for the contract."}
2026-02-08 17:15:34,324 [WARNING] rit_api: POST /orders returned 500: {"code":"INTERNAL_SERVER_ERROR","message":"Order could not be submitted because the order size is larger than the maximum order size of 10000 for the contract."}
2026-02-08 17:15:35,417 [WARNING] rit_api: POST /orders returned 500: {"code":"INTERNAL_SERVER_ERROR","message":"Order could not be submitted because the order size is larger than the maximum order size of 10000 for the contract."}
2026-02-08 17:15:36,452 [WARNING] rit_api: POST /orders returned 500: {"code":"INTERNAL_SERVER_ERROR","message":"Order could not be submitted because the order size is larger than the maximum order size of 10000 for the contract."}
2026-02-08 17:15:37,477 [WARNING] rit_api: POST /orders returned 500: {"code":"INTERNAL_SERVER_ERROR","message":"Order could not be submitted because the order size is larger than the maximum order size of 10000 for the contract."}
2026-02-08 17:15:38,323 [WARNING] rit_api: POST /orders returned 500: {"code":"INTERNAL_SERVER_ERROR","message":"Order could not be submitted because the order size is larger than the maximum order size of 10000 for the contract."}
2026-02-08 17:15:39,434 [WARNING] rit_api: POST /orders returned 500: {"code":"INTERNAL_SERVER_ERROR","message":"Order could not be submitted because the order size is larger than the maximum order size of 10000 for the contract."}
2026-02-08 17:15:40,471 [WARNING] rit_api: POST /orders returned 500: {"code":"INTERNAL_SERVER_ERROR","message":"Order could not be submitted because the order size is larger than the maximum order size of 10000 for the contract."}
2026-02-08 17:15:41,385 [INFO] news_parser: NEWS: Forecast vol next week = 14.0% - 19.0% (mid=16.5%)
2026-02-08 17:15:41,460 [WARNING] rit_api: POST /orders returned 500: {"code":"INTERNAL_SERVER_ERROR","message":"Order could not be submitted because the order size is larger than the maximum order size of 10000 for the contract."}
2026-02-08 17:15:42,591 [INFO] rit_api: MARKET BUY 10000 RTM -> order_id=10793
2026-02-08 17:15:43,496 [WARNING] rit_api: POST /orders returned 500: {"code":"INTERNAL_SERVER_ERROR","message":"Order could not be submitted because the order size is larger than the maximum order size of 10000 for the contract."}
2026-02-08 17:15:44,480 [WARNING] rit_api: POST /orders returned 500: {"code":"INTERNAL_SERVER_ERROR","message":"Order could not be submitted because the order size is larger than the maximum order size of 10000 for the contract."}
2026-02-08 17:15:45,513 [WARNING] rit_api: POST /orders returned 500: {"code":"INTERNAL_SERVER_ERROR","message":"Order could not be submitted because the order size is larger than the maximum order size of 10000 for the contract."}
2026-02-08 17:15:46,534 [WARNING] rit_api: POST /orders returned 500: {"code":"INTERNAL_SERVER_ERROR","message":"Order could not be submitted because the order size is larger than the maximum order size of 10000 for the contract."}
2026-02-08 17:15:47,428 [WARNING] rit_api: POST /orders returned 500: {"code":"INTERNAL_SERVER_ERROR","message":"Order could not be submitted because the order size is larger than the maximum order size of 10000 for the contract."}
2026-02-08 17:15:48,398 [WARNING] rit_api: POST /orders returned 500: {"code":"INTERNAL_SERVER_ERROR","message":"Order could not be submitted because the order size is larger than the maximum order size of 10000 for the contract."}
2026-02-08 17:15:49,569 [WARNING] rit_api: POST /orders returned 500: {"code":"INTERNAL_SERVER_ERROR","message":"Order could not be submitted because the order size is larger than the maximum order size of 10000 for the contract."}
2026-02-08 17:15:50,466 [WARNING] rit_api: POST /orders returned 500: {"code":"INTERNAL_SERVER_ERROR","message":"Order could not be submitted because the order size is larger than the maximum order size of 10000 for the contract."}
2026-02-08 17:15:51,523 [WARNING] rit_api: POST /orders returned 500: {"code":"INTERNAL_SERVER_ERROR","message":"Order could not be submitted because the order size is larger than the maximum order size of 10000 for the contract."}
2026-02-08 17:15:52,503 [WARNING] rit_api: POST /orders returned 500: {"code":"INTERNAL_SERVER_ERROR","message":"Order could not be submitted because the order size is larger than the maximum order size of 10000 for the contract."}
2026-02-08 17:15:53,474 [WARNING] rit_api: POST /orders returned 500: {"code":"INTERNAL_SERVER_ERROR","message":"Order could not be submitted because the order size is larger than the maximum order size of 10000 for the contract."}
2026-02-08 17:15:54,506 [WARNING] rit_api: POST /orders returned 500: {"code":"INTERNAL_SERVER_ERROR","message":"Order could not be submitted because the order size is larger than the maximum order size of 10000 for the contract."}
2026-02-08 17:15:55,545 [WARNING] rit_api: POST /orders returned 500: {"code":"INTERNAL_SERVER_ERROR","message":"Order could not be submitted because the order size is larger than the maximum order size of 10000 for the contract."}
2026-02-08 17:15:56,514 [WARNING] rit_api: POST /orders returned 500: {"code":"INTERNAL_SERVER_ERROR","message":"Order could not be submitted because the order size is larger than the maximum order size of 10000 for the contract."}
2026-02-08 17:15:57,545 [WARNING] rit_api: POST /orders returned 500: {"code":"INTERNAL_SERVER_ERROR","message":"Order could not be submitted because the order size is larger than the maximum order size of 10000 for the contract."}
2026-02-08 17:15:58,567 [WARNING] rit_api: POST /orders returned 500: {"code":"INTERNAL_SERVER_ERROR","message":"Order could not be submitted because the order size is larger than the maximum order size of 10000 for the contract."}
2026-02-08 17:15:59,431 [WARNING] rit_api: POST /orders returned 500: {"code":"INTERNAL_SERVER_ERROR","message":"Order could not be submitted because the order size is larger than the maximum order size of 10000 for the contract."}
2026-02-08 17:16:00,568 [WARNING] rit_api: POST /orders returned 500: {"code":"INTERNAL_SERVER_ERROR","message":"Order could not be submitted because the order size is larger than the maximum order size of 10000 for the contract."}
2026-02-08 17:16:01,538 [WARNING] rit_api: POST /orders returned 500: {"code":"INTERNAL_SERVER_ERROR","message":"Order could not be submitted because the order size is larger than the maximum order size of 10000 for the contract."}
2026-02-08 17:16:02,568 [WARNING] rit_api: POST /orders returned 500: {"code":"INTERNAL_SERVER_ERROR","message":"Order could not be submitted because the order size is larger than the maximum order size of 10000 for the contract."}
2026-02-08 17:16:03,538 [WARNING] rit_api: POST /orders returned 500: {"code":"INTERNAL_SERVER_ERROR","message":"Order could not be submitted because the order size is larger than the maximum order size of 10000 for the contract."}
2026-02-08 17:16:04,568 [WARNING] rit_api: POST /orders returned 500: {"code":"INTERNAL_SERVER_ERROR","message":"Order could not be submitted because the order size is larger than the maximum order size of 10000 for the contract."}
2026-02-08 17:16:05,538 [WARNING] rit_api: POST /orders returned 500: {"code":"INTERNAL_SERVER_ERROR","message":"Order could not be submitted because the order size is larger than the maximum order size of 10000 for the contract."}
2026-02-08 17:16:06,568 [WARNING] rit_api: POST /orders returned 500: {"code":"INTERNAL_SERVER_ERROR","message":"Order could not be submitted because the order size is larger than the maximum order size of 10000 for the contract."}
2026-02-08 17:16:07,594 [WARNING] rit_api: POST /orders returned 500: {"code":"INTERNAL_SERVER_ERROR","message":"Order could not be submitted because the order size is larger than the maximum order size of 10000 for the contract."}
2026-02-08 17:16:08,638 [WARNING] rit_api: POST /orders returned 500: {"code":"INTERNAL_SERVER_ERROR","message":"Order could not be submitted because the order size is larger than the maximum order size of 10000 for the contract."}
2026-02-08 17:16:09,535 [WARNING] rit_api: POST /orders returned 500: {"code":"INTERNAL_SERVER_ERROR","message":"Order could not be submitted because the order size is larger than the maximum order size of 10000 for the contract."}
2026-02-08 17:16:10,586 [WARNING] rit_api: POST /orders returned 500: {"code":"INTERNAL_SERVER_ERROR","message":"Order could not be submitted because the order size is larger than the maximum order size of 10000 for the contract."}
2026-02-08 17:16:11,553 [WARNING] rit_api: POST /orders returned 500: {"code":"INTERNAL_SERVER_ERROR","message":"Order could not be submitted because the order size is larger than the maximum order size of 10000 for the contract."}
2026-02-08 17:16:12,521 [WARNING] rit_api: POST /orders returned 500: {"code":"INTERNAL_SERVER_ERROR","message":"Order could not be submitted because the order size is larger than the maximum order size of 10000 for the contract."}
2026-02-08 17:16:13,553 [WARNING] rit_api: POST /orders returned 500: {"code":"INTERNAL_SERVER_ERROR","message":"Order could not be submitted because the order size is larger than the maximum order size of 10000 for the contract."}
2026-02-08 17:16:14,723 [WARNING] rit_api: POST /orders returned 500: {"code":"INTERNAL_SERVER_ERROR","message":"Order could not be submitted because the order size is larger than the maximum order size of 10000 for the contract."}
2026-02-08 17:16:15,611 [WARNING] rit_api: POST /orders returned 500: {"code":"INTERNAL_SERVER_ERROR","message":"Order could not be submitted because the order size is larger than the maximum order size of 10000 for the contract."}
2026-02-08 17:16:16,635 [WARNING] rit_api: POST /orders returned 500: {"code":"INTERNAL_SERVER_ERROR","message":"Order could not be submitted because the order size is larger than the maximum order size of 10000 for the contract."}
2026-02-08 17:16:17,592 [WARNING] rit_api: POST /orders returned 500: {"code":"INTERNAL_SERVER_ERROR","message":"Order could not be submitted because the order size is larger than the maximum order size of 10000 for the contract."}
2026-02-08 17:16:18,548 [WARNING] rit_api: POST /orders returned 500: {"code":"INTERNAL_SERVER_ERROR","message":"Order could not be submitted because the order size is larger than the maximum order size of 10000 for the contract."}
2026-02-08 17:16:19,518 [WARNING] rit_api: POST /orders returned 500: {"code":"INTERNAL_SERVER_ERROR","message":"Order could not be submitted because the order size is larger than the maximum order size of 10000 for the contract."}
2026-02-08 17:16:20,689 [WARNING] rit_api: POST /orders returned 500: {"code":"INTERNAL_SERVER_ERROR","message":"Order could not be submitted because the order size is larger than the maximum order size of 10000 for the contract."}
2026-02-08 17:16:21,758 [WARNING] rit_api: POST /orders returned 500: {"code":"INTERNAL_SERVER_ERROR","message":"Order could not be submitted because the order size is larger than the maximum order size of 10000 for the contract."}
2026-02-08 17:16:22,612 [WARNING] rit_api: POST /orders returned 500: {"code":"INTERNAL_SERVER_ERROR","message":"Order could not be submitted because the order size is larger than the maximum order size of 10000 for the contract."}
2026-02-08 17:16:23,572 [WARNING] rit_api: POST /orders returned 500: {"code":"INTERNAL_SERVER_ERROR","message":"Order could not be submitted because the order size is larger than the maximum order size of 10000 for the contract."}
