2026-02-16 10:44:38,373 [INFO] api: LIMIT SELL 10000 RITC @ 10.00
2026-02-16 10:44:38,441 [INFO] api: LIMIT SELL 5208 RITC @ 10.00
2026-02-16 10:44:38,871 [INFO] api: LIMIT SELL 10000 RITC @ 10.03
2026-02-16 10:44:38,929 [INFO] api: LIMIT SELL 3471 RITC @ 10.03
2026-02-16 10:44:40,331 [INFO] api: LIMIT SELL 10000 RITC @ 10.04
2026-02-16 10:44:40,390 [INFO] api: LIMIT SELL 1931 RITC @ 10.04
2026-02-16 10:44:40,878 [INFO] api: LIMIT SELL 10000 RITC @ 9.98
2026-02-16 10:44:40,938 [INFO] api: LIMIT SELL 568 RITC @ 9.98
2026-02-16 10:44:41,879 [INFO] api: LIMIT SELL 6652 RITC @ 10.00
2026-02-16 10:44:43,182 [INFO] api: LIMIT SELL 4105 RITC @ 10.00
2026-02-16 10:44:43,890 [INFO] api: LIMIT SELL 3615 RITC @ 10.02
2026-02-16 10:44:44,922 [INFO] api: LIMIT SELL 3184 RITC @ 10.03
2026-02-16 10:44:45,948 [INFO] api: LIMIT SELL 2804 RITC @ 10.02
2026-02-16 10:44:46,965 [INFO] api: LIMIT SELL 2469 RITC @ 10.05
2026-02-16 10:44:47,934 [INFO] api: LIMIT SELL 993 RITC @ 10.05
2026-02-16 10:46:33,824 [INFO] api: LIMIT SELL 10000 RITC @ 9.96
2026-02-16 10:46:33,882 [INFO] api: LIMIT SELL 3566 RITC @ 9.96
2026-02-16 10:46:34,541 [INFO] api: LIMIT SELL 10000 RITC @ 9.97
2026-02-16 10:46:34,618 [INFO] api: LIMIT SELL 2183 RITC @ 9.97
2026-02-16 10:46:35,608 [INFO] api: LIMIT SELL 10000 RITC @ 9.96
2026-02-16 10:46:35,670 [INFO] api: LIMIT SELL 942 RITC @ 9.96
2026-02-16 10:46:36,558 [INFO] api: LIMIT SELL 9827 RITC @ 9.96
2026-02-16 10:46:37,708 [INFO] api: LIMIT SELL 8825 RITC @ 9.94
2026-02-16 10:46:38,729 [INFO] api: LIMIT SELL 3551 RITC @ 9.94
2026-02-16 10:46:39,676 [INFO] api: LIMIT SELL 2617 RITC @ 9.93
2026-02-16 10:46:39,745 [INFO] api: LIMIT SELL 4448 RITC @ 9.93
2026-02-16 10:46:40,638 [INFO] api: LIMIT SELL 2390 RITC @ 9.93
2026-02-16 10:46:40,705 [INFO] api: LIMIT SELL 3655 RITC @ 9.93
2026-02-16 10:46:41,555 [INFO] api: LIMIT SELL 1996 RITC @ 9.92
2026-02-16 10:46:41,642 [INFO] api: LIMIT SELL 1590 RITC @ 9.92
2026-02-16 10:48:33,303 [INFO] api: LIMIT SELL 5706 COMP @ 25.25
2026-02-16 10:48:34,383 [INFO] api: LIMIT SELL 5470 COMP @ 25.24
2026-02-16 10:48:35,278 [INFO] api: LIMIT SELL 5244 COMP @ 25.23
2026-02-16 10:48:36,302 [INFO] api: LIMIT SELL 5027 COMP @ 25.22
2026-02-16 10:48:37,338 [INFO] api: LIMIT SELL 4820 COMP @ 25.25
2026-02-16 10:48:38,211 [INFO] api: LIMIT SELL 4621 COMP @ 25.22
2026-02-16 10:48:39,188 [INFO] api: LIMIT SELL 4430 COMP @ 25.20
2026-02-16 10:48:40,216 [INFO] api: LIMIT SELL 4247 COMP @ 25.24
2026-02-16 10:48:41,179 [INFO] api: LIMIT SELL 4071 COMP @ 25.20
2026-02-16 10:48:42,300 [INFO] api: LIMIT SELL 3903 COMP @ 25.26
2026-02-16 10:48:43,224 [INFO] api: LIMIT SELL 3742 COMP @ 25.26
2026-02-16 10:48:44,241 [INFO] api: LIMIT SELL 3587 COMP @ 25.17
2026-02-16 10:48:45,298 [INFO] api: LIMIT SELL 3439 COMP @ 25.17
2026-02-16 10:48:46,225 [INFO] api: LIMIT SELL 3297 COMP @ 25.16
2026-02-16 10:48:47,320 [INFO] api: LIMIT SELL 3160 COMP @ 25.16
2026-02-16 10:48:48,223 [INFO] api: LIMIT SELL 1284 COMP @ 25.15
2026-02-16 10:48:49,541 [INFO] api: LIMIT SELL 823 COMP @ 25.15
2026-02-16 10:48:50,250 [INFO] api: LIMIT SELL 766 COMP @ 25.18
2026-02-16 10:48:51,249 [INFO] api: LIMIT SELL 713 COMP @ 25.18
2026-02-16 10:48:52,263 [INFO] api: LIMIT SELL 664 COMP @ 25.19
2026-02-16 10:48:53,315 [INFO] api: LIMIT SELL 618 COMP @ 25.19
2026-02-16 10:48:54,268 [INFO] api: LIMIT SELL 575 COMP @ 25.26
2026-02-16 10:48:55,289 [INFO] api: LIMIT SELL 536 COMP @ 25.26
2026-02-16 10:48:59,461 [INFO] api: LIMIT SELL 1257 COMP @ 25.30
2026-02-16 10:49:00,304 [INFO] api: LIMIT BUY 9753 RITC @ 10.04
2026-02-16 10:49:01,353 [INFO] api: LIMIT BUY 8163 RITC @ 10.06
2026-02-16 10:49:02,368 [INFO] api: LIMIT BUY 6020 RITC @ 10.07
2026-02-16 10:49:03,888 [INFO] api: LIMIT BUY 2666 RITC @ 10.07
2026-02-16 10:49:04,398 [INFO] api: LIMIT BUY 2362 RITC @ 10.07
2026-02-16 10:49:05,463 [INFO] api: LIMIT BUY 2092 RITC @ 10.08
2026-02-16 10:49:06,301 [INFO] api: LIMIT BUY 1853 RITC @ 10.08
2026-02-16 10:49:07,379 [INFO] api: LIMIT BUY 1642 RITC @ 10.09
2026-02-16 10:51:47,356 [INFO] api: LIMIT BUY 10000 RITC @ 9.94
2026-02-16 10:51:47,413 [INFO] api: LIMIT BUY 7806 RITC @ 9.94
2026-02-16 10:51:48,371 [INFO] api: LIMIT BUY 10000 RITC @ 9.93
2026-02-16 10:51:48,437 [INFO] api: LIMIT BUY 5061 RITC @ 9.93
2026-02-16 10:51:49,294 [INFO] api: LIMIT BUY 10000 RITC @ 9.94
2026-02-16 10:51:49,348 [INFO] api: LIMIT BUY 2739 RITC @ 9.94
2026-02-16 10:51:50,300 [INFO] api: LIMIT BUY 1382 RITC @ 9.94
2026-02-16 10:51:51,544 [INFO] api: LIMIT BUY 3413 RITC @ 9.94
2026-02-16 10:51:52,279 [INFO] api: LIMIT BUY 3137 RITC @ 9.94
2026-02-16 10:51:53,448 [INFO] api: LIMIT BUY 2883 RITC @ 9.93
2026-02-16 10:51:54,379 [INFO] api: LIMIT BUY 2649 RITC @ 9.92
2026-02-16 10:51:55,332 [INFO] api: LIMIT BUY 2435 RITC @ 9.92
2026-02-16 10:51:56,481 [INFO] api: LIMIT BUY 2237 RITC @ 9.92
2026-02-16 10:51:57,361 [INFO] api: LIMIT BUY 2056 RITC @ 9.92
2026-02-16 10:51:58,381 [INFO] api: LIMIT BUY 1890 RITC @ 9.93
2026-02-16 10:52:12,395 [INFO] api: MARKET BUY 13 RITC
2026-02-16 10:52:12,463 [INFO] api: MARKET BUY 8 RITC
2026-02-16 10:52:12,547 [INFO] api: MARKET BUY 24 RITC
2026-02-16 10:52:12,633 [INFO] api: MARKET BUY 3 RITC
2026-02-16 10:52:13,386 [INFO] api: MARKET BUY 13 RITC
2026-02-16 10:52:13,452 [INFO] api: MARKET BUY 8 RITC
2026-02-16 10:52:13,546 [INFO] api: MARKET BUY 24 RITC
2026-02-16 10:52:13,611 [INFO] api: MARKET BUY 3 RITC
2026-02-16 10:52:14,462 [INFO] api: MARKET BUY 13 RITC
2026-02-16 10:52:14,540 [INFO] api: MARKET BUY 8 RITC
2026-02-16 10:52:14,610 [INFO] api: MARKET BUY 24 RITC
2026-02-16 10:52:14,693 [INFO] api: MARKET BUY 3 RITC
2026-02-16 10:52:15,384 [INFO] api: MARKET BUY 13 RITC
2026-02-16 10:52:15,468 [INFO] api: MARKET BUY 8 RITC
2026-02-16 10:52:15,547 [INFO] api: MARKET BUY 24 RITC
2026-02-16 10:52:15,621 [INFO] api: MARKET BUY 3 RITC
2026-02-16 10:52:16,500 [INFO] api: MARKET BUY 13 RITC
2026-02-16 10:52:16,583 [INFO] api: MARKET BUY 8 RITC
2026-02-16 10:52:16,670 [INFO] api: MARKET BUY 24 RITC
2026-02-16 10:52:16,753 [INFO] api: MARKET BUY 3 RITC
2026-02-16 10:52:17,458 [INFO] api: MARKET BUY 13 RITC
2026-02-16 10:52:17,533 [INFO] api: MARKET BUY 8 RITC
2026-02-16 10:52:17,655 [INFO] api: MARKET BUY 24 RITC
2026-02-16 10:52:17,726 [INFO] api: MARKET BUY 3 RITC
2026-02-16 10:52:18,466 [INFO] api: MARKET BUY 13 RITC
2026-02-16 10:52:18,535 [INFO] api: MARKET BUY 8 RITC
2026-02-16 10:52:18,603 [INFO] api: MARKET BUY 24 RITC
2026-02-16 10:52:18,684 [INFO] api: MARKET BUY 3 RITC
2026-02-16 10:52:19,408 [INFO] api: MARKET BUY 13 RITC
2026-02-16 10:52:19,488 [INFO] api: MARKET BUY 8 RITC
2026-02-16 10:52:19,563 [INFO] api: MARKET BUY 15 RITC
2026-02-16 10:52:19,628 [INFO] api: MARKET BUY 3 RITC
2026-02-16 10:52:21,407 [INFO] api: MARKET SELL 1 RITC
2026-02-16 10:52:22,418 [INFO] api: MARKET SELL 1 RITC
2026-02-16 10:52:23,450 [INFO] api: MARKET SELL 1 RITC
2026-02-16 10:52:24,412 [INFO] api: MARKET SELL 1 RITC
2026-02-16 10:52:25,438 [INFO] api: MARKET SELL 1 RITC
2026-02-16 10:52:26,471 [INFO] api: MARKET SELL 1 RITC
2026-02-16 10:52:27,448 [INFO] api: MARKET SELL 1 RITC
2026-02-16 10:52:28,500 [INFO] api: MARKET SELL 1 RITC
2026-02-16 10:52:29,442 [INFO] api: MARKET SELL 1 RITC
2026-02-16 10:52:30,447 [INFO] api: MARKET SELL 1 RITC
2026-02-16 10:52:31,463 [INFO] api: MARKET SELL 1 RITC
2026-02-16 10:52:32,459 [INFO] api: MARKET SELL 1 RITC
2026-02-16 10:52:33,530 [INFO] api: MARKET SELL 1 RITC
2026-02-16 10:52:34,533 [INFO] api: MARKET SELL 1 RITC
2026-02-16 10:52:35,560 [INFO] api: MARKET SELL 1 RITC
2026-02-16 10:52:36,626 [INFO] api: MARKET SELL 1 RITC
2026-02-16 10:52:37,597 [INFO] api: MARKET SELL 1 RITC
2026-02-16 10:52:38,632 [INFO] api: MARKET SELL 1 RITC
2026-02-16 10:52:39,547 [INFO] api: MARKET SELL 1 RITC
2026-02-16 10:52:40,528 [INFO] api: MARKET SELL 1 RITC
2026-02-16 10:52:41,543 [INFO] api: MARKET SELL 1 RITC
2026-02-16 10:52:42,571 [INFO] api: MARKET SELL 1 RITC
2026-02-16 10:52:43,589 [INFO] api: MARKET SELL 1 RITC
2026-02-16 10:52:44,539 [INFO] api: MARKET SELL 1 RITC
