2026-02-17 07:49:28,174 [WARNING] api: GET /case returned 401
2026-02-17 07:49:29,491 [WARNING] api: GET /case returned 401
2026-02-17 07:49:30,637 [WARNING] api: GET /case returned 401
2026-02-17 07:49:32,040 [WARNING] api: GET /case returned 401
2026-02-17 07:49:33,452 [WARNING] api: GET /case returned 401
2026-02-17 07:49:34,886 [WARNING] api: GET /case returned 401
2026-02-17 07:49:36,355 [WARNING] api: GET /case returned 401
2026-02-17 07:49:37,783 [WARNING] api: GET /case returned 401
2026-02-17 07:49:39,266 [WARNING] api: GET /case returned 401
2026-02-17 07:49:40,328 [WARNING] api: GET /case returned 401
2026-02-17 07:49:41,340 [WARNING] api: GET /case returned 401
2026-02-17 07:49:42,410 [WARNING] api: GET /case returned 401
2026-02-17 07:49:43,906 [WARNING] api: GET /case returned 401
2026-02-17 07:49:45,341 [WARNING] api: GET /case returned 401
2026-02-17 07:49:46,392 [WARNING] api: GET /case returned 401
2026-02-17 07:49:47,564 [WARNING] api: GET /case returned 401
2026-02-17 07:49:48,796 [WARNING] api: GET /case returned 401
2026-02-17 07:49:49,820 [WARNING] api: GET /case returned 401
2026-02-17 07:49:50,826 [WARNING] api: GET /case returned 401
2026-02-17 07:49:51,834 [WARNING] api: GET /case returned 401
2026-02-17 07:49:52,838 [WARNING] api: GET /case returned 401
2026-02-17 07:49:53,842 [WARNING] api: GET /case returned 401
2026-02-17 07:49:54,855 [WARNING] api: GET /case returned 401
2026-02-17 07:49:55,863 [WARNING] api: GET /case returned 401
2026-02-17 07:49:56,868 [WARNING] api: GET /case returned 401
2026-02-17 07:49:57,877 [WARNING] api: GET /case returned 401
2026-02-17 07:49:58,883 [WARNING] api: GET /case returned 401
2026-02-17 07:49:59,889 [WARNING] api: GET /case returned 401
2026-02-17 07:50:00,908 [WARNING] api: GET /case returned 401
2026-02-17 07:50:02,367 [WARNING] api: GET /case returned 401
2026-02-17 07:50:03,736 [WARNING] api: GET /case returned 401
2026-02-17 07:50:05,233 [WARNING] api: GET /case returned 401
2026-02-17 07:50:06,500 [WARNING] api: GET /case returned 401
2026-02-17 07:50:08,104 [WARNING] api: GET /case returned 401
2026-02-17 07:50:09,863 [WARNING] api: GET /case returned 401
2026-02-17 07:50:11,314 [WARNING] api: GET /case returned 401
2026-02-17 07:50:12,804 [WARNING] api: GET /case returned 401
2026-02-17 07:50:14,063 [WARNING] api: GET /case returned 401
2026-02-17 07:55:58,006 [INFO] api: LIMIT SELL 10000 TRNT @ 14.97
2026-02-17 07:55:58,086 [INFO] api: LIMIT SELL 5724 TRNT @ 14.97
2026-02-17 07:55:58,833 [INFO] api: LIMIT SELL 10000 TRNT @ 14.95
2026-02-17 07:55:58,920 [INFO] api: LIMIT SELL 3767 TRNT @ 14.95
2026-02-17 07:55:59,892 [INFO] api: LIMIT SELL 10000 TRNT @ 15.06
2026-02-17 07:55:59,975 [INFO] api: LIMIT SELL 2054 TRNT @ 15.06
2026-02-17 07:56:00,838 [INFO] api: LIMIT SELL 10000 TRNT @ 14.95
2026-02-17 07:56:00,943 [INFO] api: LIMIT SELL 554 TRNT @ 14.95
2026-02-17 07:56:01,884 [INFO] api: LIMIT SELL 1942 TRNT @ 14.96
2026-02-17 07:56:02,984 [INFO] api: LIMIT SELL 5373 TRNT @ 14.93
2026-02-17 07:56:03,864 [INFO] api: LIMIT SELL 4572 TRNT @ 14.93
2026-02-17 07:56:04,848 [INFO] api: LIMIT SELL 3890 TRNT @ 14.92
2026-02-17 07:56:05,896 [INFO] api: LIMIT SELL 3310 TRNT @ 14.91
2026-02-17 07:56:06,849 [INFO] api: LIMIT SELL 814 TRNT @ 14.93
2026-02-17 08:00:33,412 [INFO] api: LIMIT SELL 10000 MTRL @ 29.25
2026-02-17 08:00:33,493 [INFO] api: LIMIT SELL 518 MTRL @ 29.25
2026-02-17 08:00:34,254 [INFO] api: LIMIT SELL 9672 MTRL @ 29.24
2026-02-17 08:00:35,257 [INFO] api: LIMIT SELL 8893 MTRL @ 29.25
2026-02-17 08:00:36,282 [INFO] api: LIMIT SELL 8177 MTRL @ 29.25
2026-02-17 08:00:37,310 [INFO] api: LIMIT SELL 7519 MTRL @ 29.23
2026-02-17 08:00:38,320 [INFO] api: LIMIT SELL 6914 MTRL @ 29.22
2026-02-17 08:00:39,326 [INFO] api: LIMIT SELL 6358 MTRL @ 29.22
2026-02-17 08:00:40,347 [INFO] api: LIMIT SELL 1510 MTRL @ 29.20
2026-02-17 08:00:41,474 [INFO] api: LIMIT SELL 1030 MTRL @ 29.20
2026-02-17 08:00:42,351 [INFO] api: LIMIT SELL 984 MTRL @ 29.20
2026-02-17 08:00:43,361 [INFO] api: LIMIT SELL 940 MTRL @ 29.17
2026-02-17 08:00:44,383 [INFO] api: LIMIT SELL 897 MTRL @ 29.16
2026-02-17 08:00:45,331 [INFO] api: LIMIT SELL 857 MTRL @ 29.16
2026-02-17 08:00:46,376 [INFO] api: LIMIT SELL 818 MTRL @ 29.16
2026-02-17 08:00:47,333 [INFO] api: LIMIT SELL 782 MTRL @ 29.16
2026-02-17 08:00:48,372 [INFO] api: LIMIT SELL 746 MTRL @ 29.16
2026-02-17 08:00:49,353 [INFO] api: LIMIT SELL 713 MTRL @ 29.08
2026-02-17 08:00:50,367 [INFO] api: LIMIT SELL 681 MTRL @ 29.08
2026-02-17 08:00:51,662 [INFO] api: LIMIT SELL 650 MTRL @ 29.07
2026-02-17 08:00:52,868 [INFO] api: LIMIT SELL 621 MTRL @ 29.13
2026-02-17 08:00:53,637 [INFO] api: LIMIT SELL 593 MTRL @ 29.13
2026-02-17 08:01:56,029 [INFO] api: LIMIT SELL 10000 TRNT @ 13.66
2026-02-17 08:01:56,128 [INFO] api: LIMIT SELL 4043 TRNT @ 13.66
2026-02-17 08:01:56,833 [INFO] api: LIMIT SELL 10000 TRNT @ 13.64
2026-02-17 08:01:56,913 [INFO] api: LIMIT SELL 2377 TRNT @ 13.64
2026-02-17 08:01:57,823 [INFO] api: LIMIT SELL 10000 TRNT @ 13.65
2026-02-17 08:01:57,921 [INFO] api: LIMIT SELL 908 TRNT @ 13.65
2026-02-17 08:01:58,803 [INFO] api: LIMIT SELL 9613 TRNT @ 13.62
2026-02-17 08:01:59,872 [INFO] api: LIMIT SELL 4125 TRNT @ 13.64
2026-02-17 08:02:00,907 [INFO] api: LIMIT SELL 5851 TRNT @ 13.60
2026-02-17 08:02:01,809 [INFO] api: LIMIT SELL 4782 TRNT @ 13.62
2026-02-17 08:02:02,758 [INFO] api: LIMIT SELL 3909 TRNT @ 13.60
2026-02-17 08:02:03,800 [INFO] api: LIMIT SELL 1392 TRNT @ 13.60
2026-02-17 08:03:18,124 [INFO] api: LIMIT SELL 564 MTRL @ 29.12
2026-02-17 08:03:20,146 [INFO] api: MARKET SELL 5 MTRL
2026-02-17 08:03:21,412 [INFO] api: MARKET SELL 5 MTRL
2026-02-17 08:03:22,136 [INFO] api: MARKET SELL 5 MTRL
2026-02-17 08:03:22,262 [INFO] api: MARKET SELL 5 MTRL
2026-02-17 08:03:23,216 [INFO] api: MARKET SELL 5 MTRL
2026-02-17 08:03:23,330 [INFO] api: MARKET SELL 5 MTRL
2026-02-17 08:03:24,202 [INFO] api: MARKET SELL 5 MTRL
2026-02-17 08:03:24,323 [INFO] api: MARKET SELL 5 MTRL
2026-02-17 08:03:25,210 [INFO] api: MARKET SELL 5 MTRL
2026-02-17 08:03:25,337 [INFO] api: MARKET SELL 5 MTRL
2026-02-17 08:03:26,171 [INFO] api: MARKET SELL 5 MTRL
2026-02-17 08:03:26,316 [INFO] api: MARKET SELL 5 MTRL
2026-02-17 08:03:27,184 [INFO] api: MARKET SELL 5 MTRL
2026-02-17 08:03:27,299 [INFO] api: MARKET SELL 5 MTRL
2026-02-17 08:03:28,203 [INFO] api: MARKET SELL 5 MTRL
2026-02-17 08:03:28,317 [INFO] api: MARKET SELL 5 MTRL
2026-02-17 08:03:29,224 [INFO] api: MARKET SELL 5 MTRL
2026-02-17 08:03:29,368 [INFO] api: MARKET SELL 5 MTRL
2026-02-17 08:03:30,232 [INFO] api: MARKET SELL 5 MTRL
2026-02-17 08:03:30,357 [INFO] api: MARKET SELL 5 MTRL
2026-02-17 08:03:31,208 [INFO] api: MARKET SELL 5 MTRL
2026-02-17 08:03:31,345 [INFO] api: MARKET SELL 5 MTRL
2026-02-17 08:03:32,238 [INFO] api: MARKET SELL 5 MTRL
2026-02-17 08:03:32,349 [INFO] api: MARKET SELL 5 MTRL
2026-02-17 08:03:33,202 [INFO] api: MARKET SELL 5 MTRL
2026-02-17 08:03:33,329 [INFO] api: MARKET SELL 5 MTRL
2026-02-17 08:03:34,190 [INFO] api: MARKET SELL 5 MTRL
2026-02-17 08:03:34,284 [INFO] api: MARKET SELL 5 MTRL
2026-02-17 08:03:35,238 [INFO] api: MARKET SELL 5 MTRL
2026-02-17 08:03:35,350 [INFO] api: MARKET SELL 5 MTRL
2026-02-17 08:03:36,310 [INFO] api: MARKET SELL 5 MTRL
2026-02-17 08:03:36,421 [INFO] api: MARKET SELL 5 MTRL
2026-02-17 08:03:37,257 [INFO] api: MARKET SELL 5 MTRL
2026-02-17 08:03:37,402 [INFO] api: MARKET SELL 5 MTRL
2026-02-17 08:03:38,240 [INFO] api: MARKET SELL 5 MTRL
2026-02-17 08:03:38,345 [INFO] api: MARKET SELL 5 MTRL
2026-02-17 08:03:39,182 [INFO] api: MARKET SELL 5 MTRL
2026-02-17 08:03:39,311 [INFO] api: MARKET SELL 5 MTRL
2026-02-17 08:03:40,238 [INFO] api: MARKET SELL 5 MTRL
2026-02-17 08:03:40,359 [INFO] api: MARKET SELL 5 MTRL
2026-02-17 08:03:41,281 [INFO] api: MARKET SELL 5 MTRL
2026-02-17 08:03:41,416 [INFO] api: MARKET SELL 5 MTRL
2026-02-17 08:03:42,289 [INFO] api: MARKET SELL 5 MTRL
2026-02-17 08:03:42,410 [INFO] api: MARKET SELL 5 MTRL
2026-02-17 08:03:43,215 [INFO] api: MARKET SELL 5 MTRL
2026-02-17 08:03:43,350 [INFO] api: MARKET SELL 5 MTRL
2026-02-17 08:03:44,209 [INFO] api: MARKET SELL 5 MTRL
2026-02-17 08:03:44,340 [INFO] api: MARKET SELL 5 MTRL
2026-02-17 08:03:45,277 [INFO] api: MARKET SELL 5 MTRL
2026-02-17 08:03:45,392 [INFO] api: MARKET SELL 5 MTRL
2026-02-17 08:03:46,223 [INFO] api: MARKET SELL 5 MTRL
2026-02-17 08:03:46,342 [INFO] api: MARKET SELL 5 MTRL
2026-02-17 08:03:47,456 [INFO] api: MARKET SELL 5 MTRL
2026-02-17 08:03:47,566 [INFO] api: MARKET SELL 5 MTRL
2026-02-17 08:03:48,247 [INFO] api: MARKET SELL 5 MTRL
2026-02-17 08:03:48,378 [INFO] api: MARKET SELL 5 MTRL
2026-02-17 08:03:49,289 [INFO] api: MARKET SELL 5 MTRL
2026-02-17 08:03:49,419 [INFO] api: MARKET SELL 5 MTRL
2026-02-17 08:03:50,291 [INFO] api: MARKET SELL 5 MTRL
2026-02-17 08:03:50,386 [INFO] api: MARKET SELL 5 MTRL
2026-02-17 08:03:51,283 [INFO] api: MARKET SELL 5 MTRL
2026-02-17 08:03:51,378 [INFO] api: MARKET SELL 5 MTRL
2026-02-17 08:03:52,291 [INFO] api: MARKET SELL 5 MTRL
2026-02-17 08:03:52,420 [INFO] api: MARKET SELL 5 MTRL
2026-02-17 08:03:53,312 [INFO] api: MARKET SELL 5 MTRL
2026-02-17 08:03:53,411 [INFO] api: MARKET SELL 5 MTRL
2026-02-17 08:03:54,314 [INFO] api: MARKET SELL 5 MTRL
2026-02-17 08:03:54,433 [INFO] api: MARKET SELL 5 MTRL
2026-02-17 08:03:55,331 [INFO] api: MARKET SELL 5 MTRL
2026-02-17 08:03:55,447 [INFO] api: MARKET SELL 5 MTRL
2026-02-17 08:03:56,322 [INFO] api: MARKET SELL 5 MTRL
2026-02-17 08:03:56,446 [INFO] api: MARKET SELL 5 MTRL
2026-02-17 08:03:57,375 [INFO] api: MARKET SELL 5 MTRL
2026-02-17 08:03:57,491 [INFO] api: MARKET SELL 5 MTRL
2026-02-17 08:03:58,394 [INFO] api: MARKET SELL 5 MTRL
2026-02-17 08:03:58,541 [INFO] api: MARKET SELL 5 MTRL
2026-02-17 08:03:59,340 [INFO] api: MARKET SELL 5 MTRL
2026-02-17 08:03:59,461 [INFO] api: MARKET SELL 5 MTRL
2026-02-17 08:04:00,376 [INFO] api: MARKET SELL 5 MTRL
2026-02-17 08:04:00,505 [INFO] api: MARKET SELL 5 MTRL
2026-02-17 08:04:01,376 [INFO] api: MARKET SELL 5 MTRL
2026-02-17 08:04:01,556 [INFO] api: MARKET SELL 5 MTRL
2026-02-17 08:04:02,326 [INFO] api: MARKET SELL 5 MTRL
2026-02-17 08:04:02,447 [INFO] api: MARKET SELL 5 MTRL
2026-02-17 08:04:03,387 [INFO] api: MARKET SELL 4 MTRL
2026-02-17 08:04:03,514 [INFO] api: MARKET SELL 4 MTRL
2026-02-17 08:04:04,378 [INFO] api: MARKET SELL 4 MTRL
2026-02-17 08:04:04,523 [INFO] api: MARKET SELL 4 MTRL
2026-02-17 08:04:05,352 [INFO] api: MARKET SELL 4 MTRL
2026-02-17 08:04:05,442 [INFO] api: MARKET SELL 4 MTRL
2026-02-17 08:04:06,363 [INFO] api: MARKET SELL 4 MTRL
2026-02-17 08:04:06,467 [INFO] api: MARKET SELL 4 MTRL
2026-02-17 08:04:07,389 [INFO] api: MARKET SELL 4 MTRL
2026-02-17 08:04:07,515 [INFO] api: MARKET SELL 4 MTRL
2026-02-17 08:04:08,429 [INFO] api: MARKET SELL 4 MTRL
2026-02-17 08:04:08,540 [INFO] api: MARKET SELL 4 MTRL
2026-02-17 08:04:09,392 [INFO] api: MARKET SELL 4 MTRL
2026-02-17 08:04:09,506 [INFO] api: MARKET SELL 4 MTRL
2026-02-17 08:04:10,418 [INFO] api: MARKET SELL 4 MTRL
2026-02-17 08:04:10,533 [INFO] api: MARKET SELL 4 MTRL
2026-02-17 08:04:11,421 [INFO] api: MARKET SELL 4 MTRL
2026-02-17 08:04:11,593 [INFO] api: MARKET SELL 4 MTRL
2026-02-17 08:04:12,442 [INFO] api: MARKET SELL 4 MTRL
2026-02-17 08:04:12,557 [INFO] api: MARKET SELL 4 MTRL
2026-02-17 08:04:13,411 [INFO] api: MARKET SELL 4 MTRL
2026-02-17 08:04:13,530 [INFO] api: MARKET SELL 4 MTRL
2026-02-17 08:04:14,571 [INFO] api: MARKET SELL 4 MTRL
2026-02-17 08:04:14,707 [INFO] api: MARKET SELL 4 MTRL
2026-02-17 08:04:16,474 [INFO] api: MARKET BUY 892 MTRL
2026-02-17 08:04:17,450 [INFO] api: MARKET BUY 892 MTRL
2026-02-17 08:04:18,511 [INFO] api: MARKET BUY 892 MTRL
2026-02-17 08:04:19,469 [INFO] api: MARKET BUY 892 MTRL
2026-02-17 08:04:20,497 [INFO] api: MARKET BUY 892 MTRL
2026-02-17 08:04:21,477 [INFO] api: MARKET BUY 892 MTRL
2026-02-17 08:04:22,477 [INFO] api: MARKET BUY 892 MTRL
2026-02-17 08:04:23,464 [INFO] api: MARKET BUY 892 MTRL
2026-02-17 08:04:24,481 [INFO] api: MARKET BUY 892 MTRL
2026-02-17 08:04:25,548 [INFO] api: MARKET BUY 892 MTRL
2026-02-17 08:04:26,480 [INFO] api: MARKET BUY 892 MTRL
2026-02-17 08:04:27,553 [INFO] api: MARKET BUY 892 MTRL
2026-02-17 08:04:28,698 [INFO] api: MARKET BUY 892 MTRL
2026-02-17 08:04:29,520 [INFO] api: MARKET BUY 892 MTRL
2026-02-17 08:04:30,544 [INFO] api: MARKET BUY 892 MTRL
2026-02-17 08:04:31,524 [INFO] api: MARKET BUY 892 MTRL
2026-02-17 08:04:32,493 [INFO] api: MARKET BUY 892 MTRL
2026-02-17 08:04:33,542 [INFO] api: MARKET BUY 892 MTRL
2026-02-17 08:04:34,523 [INFO] api: MARKET BUY 892 MTRL
2026-02-17 08:04:35,522 [INFO] api: MARKET BUY 891 MTRL
2026-02-17 08:04:36,513 [INFO] api: MARKET BUY 891 MTRL
2026-02-17 08:04:37,544 [INFO] api: MARKET BUY 891 MTRL
2026-02-17 08:04:38,533 [INFO] api: MARKET BUY 891 MTRL
2026-02-17 08:04:39,571 [INFO] api: MARKET BUY 891 MTRL
2026-02-17 08:04:40,526 [INFO] api: MARKET BUY 891 MTRL
2026-02-17 08:04:41,552 [INFO] api: MARKET BUY 891 MTRL
2026-02-17 08:04:42,546 [INFO] api: MARKET BUY 891 MTRL
2026-02-17 08:04:43,563 [INFO] api: MARKET BUY 891 MTRL
2026-02-17 08:04:44,550 [INFO] api: MARKET BUY 891 MTRL
2026-02-17 08:04:45,579 [INFO] api: MARKET BUY 891 MTRL
2026-02-17 08:04:46,603 [INFO] api: MARKET BUY 891 MTRL
2026-02-17 08:04:47,596 [INFO] api: MARKET BUY 891 MTRL
2026-02-17 08:04:48,556 [INFO] api: MARKET BUY 891 MTRL
2026-02-17 08:04:49,608 [INFO] api: MARKET BUY 891 MTRL
2026-02-17 08:04:50,611 [INFO] api: MARKET BUY 891 MTRL
2026-02-17 08:04:51,626 [INFO] api: MARKET BUY 891 MTRL
2026-02-17 08:04:52,624 [INFO] api: MARKET BUY 891 MTRL
2026-02-17 08:04:53,617 [INFO] api: MARKET BUY 891 MTRL
2026-02-17 08:04:54,571 [INFO] api: MARKET BUY 891 MTRL
2026-02-17 08:04:55,599 [INFO] api: MARKET BUY 891 MTRL
2026-02-17 08:04:56,583 [INFO] api: MARKET BUY 891 MTRL
2026-02-17 08:04:57,597 [INFO] api: MARKET BUY 891 MTRL
2026-02-17 08:04:58,626 [INFO] api: MARKET BUY 891 MTRL
2026-02-17 08:04:59,669 [INFO] api: MARKET BUY 891 MTRL
2026-02-17 08:05:00,680 [INFO] api: MARKET BUY 891 MTRL
2026-02-17 08:05:01,697 [INFO] api: MARKET BUY 891 MTRL
2026-02-17 08:05:02,715 [INFO] api: MARKET BUY 891 MTRL
2026-02-17 08:05:03,705 [INFO] api: MARKET BUY 891 MTRL
2026-02-17 08:05:04,748 [INFO] api: MARKET BUY 891 MTRL
2026-02-17 08:05:05,764 [INFO] api: MARKET BUY 10000 MTRL
2026-02-17 08:05:05,846 [INFO] api: MARKET BUY 10000 MTRL
2026-02-17 08:05:05,955 [INFO] api: MARKET BUY 2275 MTRL
