2026-02-15 12:01:47,935 [INFO] api: LIMIT SELL 10000 RITC @ 10.14
2026-02-15 12:01:47,998 [INFO] api: LIMIT SELL 1395 RITC @ 10.14
2026-02-15 12:01:48,950 [INFO] api: LIMIT SELL 10000 RITC @ 10.14
2026-02-15 12:01:49,006 [INFO] api: LIMIT SELL 290 RITC @ 10.14
2026-02-15 12:01:49,937 [INFO] api: LIMIT SELL 9293 RITC @ 10.16
2026-02-15 12:01:50,953 [INFO] api: LIMIT SELL 8392 RITC @ 10.15
2026-02-15 12:01:51,962 [INFO] api: LIMIT SELL 7579 RITC @ 10.19
2026-02-15 12:01:52,978 [INFO] api: LIMIT SELL 5433 RITC @ 10.18
2026-02-15 12:01:54,041 [INFO] api: LIMIT SELL 2939 RITC @ 10.13
2026-02-15 12:01:54,994 [INFO] api: LIMIT SELL 2598 RITC @ 10.21
2026-02-15 12:01:55,993 [INFO] api: LIMIT SELL 2296 RITC @ 10.25
2026-02-15 12:01:56,997 [INFO] api: LIMIT SELL 2029 RITC @ 10.24
2026-02-15 12:01:57,986 [INFO] api: LIMIT SELL 1793 RITC @ 10.27
2026-02-15 12:01:59,002 [INFO] api: LIMIT SELL 963 RITC @ 10.28
2026-02-15 12:03:43,657 [INFO] api: LIMIT SELL 7339 RITC @ 9.91
2026-02-15 12:03:44,490 [INFO] api: LIMIT SELL 6925 RITC @ 9.90
2026-02-15 12:03:45,494 [INFO] api: LIMIT SELL 6535 RITC @ 9.88
2026-02-15 12:03:46,497 [INFO] api: LIMIT SELL 6167 RITC @ 9.86
2026-02-15 12:03:47,505 [INFO] api: LIMIT SELL 5820 RITC @ 9.83
2026-02-15 12:03:48,510 [INFO] api: LIMIT SELL 5492 RITC @ 9.83
2026-02-15 12:03:49,515 [INFO] api: LIMIT SELL 5183 RITC @ 9.80
2026-02-15 12:03:50,511 [INFO] api: LIMIT SELL 4891 RITC @ 9.80
2026-02-15 12:03:51,528 [INFO] api: LIMIT SELL 4615 RITC @ 9.80
2026-02-15 12:03:52,543 [INFO] api: LIMIT SELL 4355 RITC @ 9.80
2026-02-15 12:03:53,520 [INFO] api: LIMIT SELL 3901 RITC @ 9.80
2026-02-15 12:03:54,644 [INFO] api: LIMIT SELL 979 RITC @ 9.80
2026-02-15 12:03:55,571 [INFO] api: LIMIT SELL 917 RITC @ 9.80
2026-02-15 12:03:56,560 [INFO] api: LIMIT SELL 859 RITC @ 9.80
2026-02-15 12:03:57,759 [INFO] api: LIMIT SELL 805 RITC @ 9.80
2026-02-15 12:03:58,788 [INFO] api: LIMIT SELL 755 RITC @ 9.80
2026-02-15 12:03:59,600 [INFO] api: LIMIT SELL 707 RITC @ 9.80
2026-02-15 12:04:00,661 [INFO] api: LIMIT SELL 663 RITC @ 9.80
2026-02-15 12:04:36,958 [INFO] api: LIMIT SELL 7372 COMP @ 24.87
2026-02-15 12:04:37,836 [INFO] api: LIMIT SELL 6955 COMP @ 24.87
2026-02-15 12:04:38,908 [INFO] api: LIMIT SELL 6561 COMP @ 24.84
2026-02-15 12:04:39,845 [INFO] api: LIMIT SELL 6190 COMP @ 24.83
2026-02-15 12:04:40,858 [INFO] api: LIMIT SELL 5839 COMP @ 24.85
2026-02-15 12:04:41,975 [INFO] api: LIMIT SELL 5509 COMP @ 24.85
2026-02-15 12:04:42,839 [INFO] api: LIMIT SELL 5197 COMP @ 24.83
2026-02-15 12:04:43,861 [INFO] api: LIMIT SELL 4903 COMP @ 24.83
2026-02-15 12:04:44,835 [INFO] api: LIMIT SELL 4625 COMP @ 24.78
2026-02-15 12:04:45,848 [INFO] api: LIMIT SELL 4364 COMP @ 24.78
2026-02-15 12:04:46,932 [INFO] api: LIMIT SELL 3671 COMP @ 24.78
2026-02-15 12:04:47,935 [INFO] api: LIMIT SELL 503 COMP @ 24.78
2026-02-15 12:05:32,169 [INFO] api: LIMIT SELL 646 COMP @ 24.22
2026-02-15 12:05:33,109 [INFO] api: LIMIT SELL 618 COMP @ 24.22
2026-02-15 12:05:34,143 [INFO] api: LIMIT SELL 590 COMP @ 24.20
2026-02-15 12:05:35,122 [INFO] api: LIMIT SELL 564 COMP @ 24.20
2026-02-15 12:05:36,140 [INFO] api: LIMIT SELL 539 COMP @ 24.20
2026-02-15 12:05:37,131 [INFO] api: LIMIT SELL 516 COMP @ 24.20
2026-02-15 12:05:41,218 [INFO] api: LIMIT SELL 2225 RITC @ 9.66
2026-02-15 12:05:43,236 [INFO] api: LIMIT SELL 682 RITC @ 9.68
2026-02-15 12:05:44,173 [INFO] api: LIMIT SELL 613 RITC @ 9.71
2026-02-15 12:05:45,215 [INFO] api: LIMIT SELL 551 RITC @ 9.71
2026-02-15 12:05:50,198 [INFO] api: LIMIT SELL 1520 RITC @ 9.81
2026-02-15 12:06:15,397 [INFO] api: LIMIT SELL 848 COMP @ 24.55
2026-02-15 12:06:16,393 [INFO] api: LIMIT SELL 808 COMP @ 24.51
2026-02-15 12:06:17,455 [INFO] api: LIMIT SELL 770 COMP @ 24.60
2026-02-15 12:06:18,514 [INFO] api: LIMIT SELL 733 COMP @ 24.60
2026-02-15 12:06:19,437 [INFO] api: LIMIT SELL 699 COMP @ 24.66
2026-02-15 12:06:20,481 [INFO] api: LIMIT SELL 666 COMP @ 24.68
2026-02-15 12:06:21,422 [INFO] api: LIMIT SELL 634 COMP @ 24.68
2026-02-15 12:06:22,429 [INFO] api: LIMIT SELL 604 COMP @ 24.68
2026-02-15 12:06:23,395 [INFO] api: LIMIT SELL 576 COMP @ 24.68
2026-02-15 12:06:24,416 [INFO] api: LIMIT SELL 549 COMP @ 24.68
2026-02-15 12:06:25,433 [INFO] api: LIMIT SELL 523 COMP @ 24.63
2026-02-15 12:07:35,869 [INFO] api: LIMIT SELL 2000 RITC @ 9.76
2026-02-15 12:08:40,198 [INFO] api: LIMIT BUY 1292 COMP @ 24.99
2026-02-15 12:08:41,152 [INFO] api: LIMIT BUY 594 COMP @ 24.99
2026-02-15 12:08:42,157 [INFO] api: LIMIT BUY 1686 COMP @ 25.00
2026-02-15 12:09:09,310 [INFO] api: LIMIT BUY 525 COMP @ 25.13
2026-02-15 12:09:10,340 [INFO] api: LIMIT BUY 524 COMP @ 25.14
2026-02-15 12:09:11,305 [INFO] api: LIMIT BUY 524 COMP @ 25.14
2026-02-15 12:09:11,368 [INFO] api: LIMIT BUY 550 RITC @ 10.06
2026-02-15 12:09:12,337 [INFO] api: LIMIT BUY 524 COMP @ 25.14
2026-02-15 12:09:12,406 [INFO] api: LIMIT BUY 550 RITC @ 10.06
2026-02-15 12:09:13,333 [INFO] api: LIMIT BUY 524 COMP @ 25.14
2026-02-15 12:09:13,419 [INFO] api: LIMIT BUY 550 RITC @ 10.06
2026-02-15 12:09:14,339 [INFO] api: LIMIT BUY 524 COMP @ 25.14
2026-02-15 12:09:14,407 [INFO] api: LIMIT BUY 550 RITC @ 10.07
2026-02-15 12:09:15,335 [INFO] api: MARKET BUY 15 RITC
2026-02-15 12:09:15,398 [INFO] api: MARKET BUY 484 COMP
2026-02-15 12:09:16,335 [INFO] api: MARKET BUY 15 RITC
2026-02-15 12:09:16,398 [INFO] api: MARKET BUY 484 COMP
2026-02-15 12:09:17,359 [INFO] api: MARKET BUY 15 RITC
2026-02-15 12:09:17,427 [INFO] api: MARKET BUY 484 COMP
2026-02-15 12:09:18,422 [INFO] api: MARKET BUY 15 RITC
2026-02-15 12:09:18,501 [INFO] api: MARKET BUY 484 COMP
2026-02-15 12:09:19,368 [INFO] api: MARKET BUY 15 RITC
2026-02-15 12:09:19,443 [INFO] api: MARKET BUY 484 COMP
2026-02-15 12:09:20,356 [INFO] api: MARKET BUY 15 RITC
2026-02-15 12:09:20,419 [INFO] api: MARKET BUY 484 COMP
2026-02-15 12:09:21,381 [INFO] api: MARKET BUY 15 RITC
2026-02-15 12:09:21,455 [INFO] api: MARKET BUY 484 COMP
2026-02-15 12:09:22,395 [INFO] api: MARKET BUY 15 RITC
2026-02-15 12:09:22,462 [INFO] api: MARKET BUY 484 COMP
2026-02-15 12:09:23,397 [INFO] api: MARKET BUY 15 RITC
2026-02-15 12:09:23,461 [INFO] api: MARKET BUY 484 COMP
2026-02-15 12:09:24,427 [INFO] api: MARKET BUY 15 RITC
2026-02-15 12:09:24,493 [INFO] api: MARKET BUY 484 COMP
2026-02-15 12:09:25,414 [INFO] api: MARKET BUY 15 RITC
2026-02-15 12:09:25,478 [INFO] api: MARKET BUY 484 COMP
2026-02-15 12:09:26,439 [INFO] api: MARKET BUY 15 RITC
2026-02-15 12:09:26,507 [INFO] api: MARKET BUY 484 COMP
2026-02-15 12:09:27,476 [INFO] api: MARKET BUY 15 RITC
2026-02-15 12:09:27,543 [INFO] api: MARKET BUY 484 COMP
2026-02-15 12:09:28,418 [INFO] api: MARKET BUY 15 RITC
2026-02-15 12:09:28,481 [INFO] api: MARKET BUY 484 COMP
2026-02-15 12:09:29,440 [INFO] api: MARKET BUY 15 RITC
2026-02-15 12:09:29,613 [INFO] api: MARKET BUY 484 COMP
2026-02-15 12:09:30,469 [INFO] api: MARKET BUY 15 RITC
2026-02-15 12:09:30,543 [INFO] api: MARKET BUY 484 COMP
2026-02-15 12:09:31,444 [INFO] api: MARKET BUY 15 RITC
2026-02-15 12:09:31,511 [INFO] api: MARKET BUY 484 COMP
2026-02-15 12:09:32,472 [INFO] api: MARKET BUY 15 RITC
2026-02-15 12:09:32,538 [INFO] api: MARKET BUY 484 COMP
2026-02-15 12:09:33,465 [INFO] api: MARKET BUY 15 RITC
2026-02-15 12:09:33,545 [INFO] api: MARKET BUY 484 COMP
2026-02-15 12:09:34,457 [INFO] api: MARKET BUY 15 RITC
2026-02-15 12:09:34,520 [INFO] api: MARKET BUY 484 COMP
2026-02-15 12:09:35,483 [INFO] api: MARKET BUY 15 RITC
2026-02-15 12:09:35,549 [INFO] api: MARKET BUY 484 COMP
2026-02-15 12:09:36,497 [INFO] api: MARKET BUY 15 RITC
2026-02-15 12:09:36,565 [INFO] api: MARKET BUY 484 COMP
2026-02-15 12:09:37,477 [INFO] api: MARKET BUY 15 RITC
2026-02-15 12:09:37,645 [INFO] api: MARKET BUY 484 COMP
2026-02-15 12:09:38,688 [INFO] api: MARKET BUY 15 RITC
2026-02-15 12:09:38,766 [INFO] api: MARKET BUY 484 COMP
2026-02-15 12:09:39,497 [INFO] api: MARKET BUY 15 RITC
2026-02-15 12:09:39,562 [INFO] api: MARKET BUY 484 COMP
2026-02-15 12:09:40,525 [INFO] api: MARKET BUY 15 RITC
2026-02-15 12:09:40,590 [INFO] api: MARKET BUY 484 COMP
2026-02-15 12:09:41,513 [INFO] api: MARKET BUY 15 RITC
2026-02-15 12:09:41,587 [INFO] api: MARKET BUY 484 COMP
2026-02-15 12:09:42,543 [INFO] api: MARKET BUY 15 RITC
2026-02-15 12:09:42,612 [INFO] api: MARKET BUY 484 COMP
2026-02-15 12:09:43,538 [INFO] api: MARKET BUY 15 RITC
2026-02-15 12:09:43,601 [INFO] api: MARKET BUY 484 COMP
2026-02-15 12:09:44,636 [INFO] api: MARKET BUY 14 RITC
2026-02-15 12:09:44,725 [INFO] api: MARKET BUY 484 COMP
2026-02-15 12:09:45,623 [INFO] api: MARKET BUY 14 RITC
2026-02-15 12:09:45,788 [INFO] api: MARKET BUY 484 COMP
2026-02-15 12:09:46,653 [INFO] api: MARKET BUY 14 RITC
2026-02-15 12:09:46,870 [INFO] api: MARKET BUY 484 COMP
2026-02-15 12:09:47,553 [INFO] api: MARKET BUY 14 RITC
2026-02-15 12:09:52,458 [INFO] api: MARKET BUY 484 COMP
2026-02-15 12:09:52,777 [INFO] api: MARKET BUY 14 RITC
2026-02-15 12:09:52,856 [INFO] api: MARKET BUY 484 COMP
2026-02-15 12:09:52,955 [INFO] api: MARKET BUY 15 RITC
2026-02-15 12:09:53,036 [INFO] api: MARKET BUY 499 COMP
2026-02-15 12:09:53,586 [INFO] api: MARKET BUY 15 RITC
2026-02-15 12:09:53,660 [INFO] api: MARKET BUY 499 COMP
2026-02-15 12:09:54,560 [INFO] api: MARKET BUY 15 RITC
2026-02-15 12:09:54,625 [INFO] api: MARKET BUY 499 COMP
2026-02-15 12:09:55,572 [INFO] api: MARKET BUY 15 RITC
2026-02-15 12:09:55,639 [INFO] api: MARKET BUY 499 COMP
2026-02-15 12:09:56,588 [INFO] api: MARKET BUY 15 RITC
2026-02-15 12:09:56,672 [INFO] api: MARKET BUY 499 COMP
2026-02-15 12:09:57,605 [INFO] api: MARKET BUY 15 RITC
2026-02-15 12:09:57,672 [INFO] api: MARKET BUY 499 COMP
2026-02-15 12:09:58,589 [INFO] api: MARKET BUY 15 RITC
2026-02-15 12:09:58,667 [INFO] api: MARKET BUY 499 COMP
2026-02-15 12:09:59,787 [INFO] api: MARKET BUY 15 RITC
2026-02-15 12:09:59,903 [INFO] api: MARKET BUY 499 COMP
2026-02-15 12:10:00,635 [INFO] api: MARKET BUY 15 RITC
2026-02-15 12:10:00,699 [INFO] api: MARKET BUY 499 COMP
2026-02-15 12:10:01,581 [INFO] api: MARKET BUY 15 RITC
2026-02-15 12:10:01,647 [INFO] api: MARKET BUY 499 COMP
2026-02-15 12:10:02,609 [INFO] api: MARKET BUY 15 RITC
2026-02-15 12:10:02,678 [INFO] api: MARKET BUY 499 COMP
2026-02-15 12:10:03,623 [INFO] api: MARKET BUY 15 RITC
2026-02-15 12:10:03,685 [INFO] api: MARKET BUY 499 COMP
2026-02-15 12:10:04,609 [INFO] api: MARKET BUY 15 RITC
2026-02-15 12:10:04,688 [INFO] api: MARKET BUY 499 COMP
2026-02-15 12:10:05,633 [INFO] api: MARKET BUY 15 RITC
2026-02-15 12:10:05,697 [INFO] api: MARKET BUY 499 COMP
2026-02-15 12:10:06,614 [INFO] api: MARKET BUY 15 RITC
2026-02-15 12:10:06,682 [INFO] api: MARKET BUY 499 COMP
2026-02-15 12:10:07,635 [INFO] api: MARKET BUY 15 RITC
2026-02-15 12:10:07,707 [INFO] api: MARKET BUY 499 COMP
2026-02-15 12:10:08,676 [INFO] api: MARKET BUY 15 RITC
2026-02-15 12:10:08,760 [INFO] api: MARKET BUY 499 COMP
2026-02-15 12:10:09,640 [INFO] api: MARKET BUY 15 RITC
2026-02-15 12:10:09,707 [INFO] api: MARKET BUY 499 COMP
2026-02-15 12:10:10,686 [INFO] api: MARKET BUY 15 RITC
2026-02-15 12:10:10,751 [INFO] api: MARKET BUY 499 COMP
2026-02-15 12:10:11,731 [INFO] api: MARKET BUY 15 RITC
2026-02-15 12:10:11,798 [INFO] api: MARKET BUY 499 COMP
2026-02-15 12:10:12,787 [INFO] api: MARKET BUY 15 RITC
2026-02-15 12:10:12,910 [INFO] api: MARKET BUY 499 COMP
2026-02-15 12:10:13,753 [INFO] api: MARKET BUY 15 RITC
2026-02-15 12:10:13,848 [INFO] api: MARKET BUY 499 COMP
2026-02-15 12:10:14,674 [INFO] api: MARKET BUY 15 RITC
2026-02-15 12:10:14,750 [INFO] api: MARKET BUY 499 COMP
2026-02-15 12:10:15,659 [INFO] api: MARKET BUY 15 RITC
2026-02-15 12:10:15,724 [INFO] api: MARKET BUY 499 COMP
2026-02-15 12:10:16,687 [INFO] api: MARKET BUY 15 RITC
2026-02-15 12:10:16,752 [INFO] api: MARKET BUY 499 COMP
2026-02-15 12:10:17,718 [INFO] api: MARKET BUY 15 RITC
2026-02-15 12:10:17,793 [INFO] api: MARKET BUY 499 COMP
2026-02-15 12:10:18,686 [INFO] api: MARKET BUY 15 RITC
2026-02-15 12:10:18,765 [INFO] api: MARKET BUY 499 COMP
2026-02-15 12:10:19,710 [INFO] api: MARKET BUY 15 RITC
2026-02-15 12:10:19,773 [INFO] api: MARKET BUY 499 COMP
2026-02-15 12:10:20,712 [INFO] api: MARKET BUY 15 RITC
2026-02-15 12:10:20,777 [INFO] api: MARKET BUY 499 COMP
2026-02-15 12:10:21,719 [INFO] api: MARKET BUY 15 RITC
2026-02-15 12:10:21,786 [INFO] api: MARKET BUY 499 COMP
2026-02-15 12:10:22,737 [INFO] api: MARKET BUY 15 RITC
2026-02-15 12:10:22,804 [INFO] api: MARKET BUY 499 COMP
2026-02-15 12:10:23,745 [INFO] api: MARKET BUY 15 RITC
2026-02-15 12:10:23,809 [INFO] api: MARKET BUY 499 COMP
2026-02-15 12:10:24,730 [INFO] api: MARKET BUY 15 RITC
2026-02-15 12:10:24,793 [INFO] api: MARKET BUY 499 COMP
2026-02-15 12:10:25,753 [INFO] api: MARKET BUY 15 RITC
2026-02-15 12:10:25,816 [INFO] api: MARKET BUY 499 COMP
2026-02-15 12:10:26,782 [INFO] api: MARKET BUY 15 RITC
2026-02-15 12:10:26,849 [INFO] api: MARKET BUY 499 COMP
2026-02-15 12:10:27,788 [INFO] api: MARKET BUY 15 RITC
2026-02-15 12:10:27,854 [INFO] api: MARKET BUY 499 COMP
2026-02-15 12:10:28,776 [INFO] api: MARKET BUY 15 RITC
2026-02-15 12:10:28,843 [INFO] api: MARKET BUY 499 COMP
2026-02-15 12:10:29,789 [INFO] api: MARKET BUY 15 RITC
2026-02-15 12:10:29,862 [INFO] api: MARKET BUY 499 COMP
2026-02-15 12:10:30,806 [INFO] api: MARKET BUY 15 RITC
2026-02-15 12:10:30,866 [INFO] api: MARKET BUY 499 COMP
2026-02-15 12:10:31,772 [INFO] api: MARKET BUY 15 RITC
2026-02-15 12:10:31,859 [INFO] api: MARKET BUY 499 COMP
2026-02-15 12:10:32,874 [INFO] api: MARKET BUY 15 RITC
2026-02-15 12:10:33,031 [INFO] api: MARKET BUY 499 COMP
2026-02-15 12:10:33,832 [INFO] api: MARKET BUY 15 RITC
2026-02-15 12:10:33,933 [INFO] api: MARKET BUY 499 COMP
2026-02-15 12:10:34,848 [INFO] api: MARKET BUY 14 RITC
2026-02-15 12:10:34,927 [INFO] api: MARKET BUY 499 COMP
2026-02-15 12:10:35,801 [INFO] api: MARKET BUY 14 RITC
2026-02-15 12:10:35,873 [INFO] api: MARKET BUY 499 COMP
2026-02-15 12:10:36,805 [INFO] api: MARKET BUY 14 RITC
2026-02-15 12:10:36,872 [INFO] api: MARKET BUY 499 COMP
2026-02-15 12:10:37,809 [INFO] api: MARKET BUY 14 RITC
2026-02-15 12:10:37,872 [INFO] api: MARKET BUY 499 COMP
2026-02-15 12:10:39,121 [INFO] api: MARKET BUY 14 RITC
2026-02-15 12:10:39,511 [INFO] api: MARKET BUY 499 COMP
2026-02-15 12:10:39,818 [INFO] api: MARKET BUY 14 RITC
2026-02-15 12:10:39,882 [INFO] api: MARKET BUY 499 COMP
2026-02-15 12:10:40,852 [INFO] api: MARKET BUY 14 RITC
2026-02-15 12:10:40,919 [INFO] api: MARKET BUY 499 COMP
2026-02-15 12:10:41,865 [INFO] api: MARKET BUY 14 RITC
2026-02-15 12:10:43,772 [INFO] api: MARKET BUY 499 COMP
2026-02-15 12:10:44,128 [INFO] api: MARKET BUY 15 RITC
2026-02-15 12:10:44,221 [INFO] api: MARKET BUY 511 COMP
2026-02-15 12:10:44,289 [INFO] api: MARKET BUY 2 RITC
2026-02-15 12:10:44,888 [INFO] api: MARKET BUY 511 COMP
2026-02-15 12:10:45,848 [INFO] api: MARKET BUY 511 COMP
2026-02-15 12:10:45,921 [INFO] api: MARKET SELL 1725 RITC
2026-02-15 12:10:46,838 [INFO] api: MARKET BUY 511 COMP
2026-02-15 12:10:46,905 [INFO] api: MARKET SELL 1725 RITC
2026-02-15 12:10:47,848 [INFO] api: MARKET BUY 511 COMP
2026-02-15 12:10:47,918 [INFO] api: MARKET SELL 1725 RITC
2026-02-15 12:10:48,853 [INFO] api: MARKET BUY 511 COMP
2026-02-15 12:10:48,949 [INFO] api: MARKET SELL 1725 RITC
2026-02-15 12:10:49,868 [INFO] api: MARKET BUY 511 COMP
2026-02-15 12:10:49,951 [INFO] api: MARKET SELL 1725 RITC
2026-02-15 12:10:50,878 [INFO] api: MARKET BUY 511 COMP
2026-02-15 12:10:50,959 [INFO] api: MARKET SELL 1724 RITC
2026-02-15 12:10:51,976 [INFO] api: MARKET BUY 511 COMP
2026-02-15 12:10:52,110 [INFO] api: MARKET SELL 1724 RITC
2026-02-15 12:10:52,977 [INFO] api: MARKET BUY 511 COMP
2026-02-15 12:10:53,112 [INFO] api: MARKET SELL 1724 RITC
2026-02-15 12:10:53,939 [INFO] api: MARKET BUY 511 COMP
2026-02-15 12:10:54,055 [INFO] api: MARKET SELL 1724 RITC
2026-02-15 12:10:54,955 [INFO] api: MARKET BUY 511 COMP
2026-02-15 12:10:55,092 [INFO] api: MARKET SELL 1724 RITC
2026-02-15 12:10:55,961 [INFO] api: MARKET BUY 511 COMP
2026-02-15 12:10:56,040 [INFO] api: MARKET SELL 1724 RITC
2026-02-15 12:10:56,990 [INFO] api: MARKET BUY 511 COMP
2026-02-15 12:10:57,057 [INFO] api: MARKET SELL 1724 RITC
2026-02-15 12:10:57,980 [INFO] api: MARKET BUY 511 COMP
2026-02-15 12:10:58,126 [INFO] api: MARKET SELL 1724 RITC
2026-02-15 12:10:58,932 [INFO] api: MARKET BUY 511 COMP
2026-02-15 12:10:58,998 [INFO] api: MARKET SELL 1724 RITC
2026-02-15 12:10:59,943 [INFO] api: MARKET BUY 511 COMP
2026-02-15 12:11:00,031 [INFO] api: MARKET SELL 1724 RITC
2026-02-15 12:11:01,432 [INFO] api: MARKET BUY 10000 COMP
2026-02-15 12:11:01,575 [INFO] api: MARKET BUY 2762 COMP
2026-02-15 12:11:01,650 [INFO] api: MARKET SELL 10000 RITC
2026-02-15 12:11:01,716 [INFO] api: MARKET SELL 10000 RITC
2026-02-15 12:11:01,773 [INFO] api: MARKET SELL 10000 RITC
2026-02-15 12:11:01,841 [INFO] api: MARKET SELL 10000 RITC
2026-02-15 12:11:01,905 [INFO] api: MARKET SELL 3100 RITC
2026-02-15 12:11:02,015 [INFO] api: MARKET SELL 3100 RITC
2026-02-15 12:11:03,945 [INFO] api: MARKET BUY 3100 RITC
2026-02-15 12:12:58,241 [INFO] api: LIMIT BUY 3758 COMP @ 25.01
2026-02-15 12:12:59,190 [INFO] api: LIMIT BUY 3648 COMP @ 24.86
2026-02-15 12:13:00,188 [INFO] api: LIMIT BUY 3541 COMP @ 24.83
2026-02-15 12:13:01,165 [INFO] api: LIMIT BUY 3437 COMP @ 24.86
2026-02-15 12:13:02,175 [INFO] api: LIMIT BUY 3337 COMP @ 24.91
2026-02-15 12:13:03,181 [INFO] api: LIMIT BUY 3239 COMP @ 24.96
2026-02-15 12:13:04,178 [INFO] api: LIMIT BUY 3144 COMP @ 24.98
2026-02-15 12:13:05,182 [INFO] api: LIMIT BUY 3051 COMP @ 24.91
2026-02-15 12:13:06,188 [INFO] api: LIMIT BUY 2962 COMP @ 25.01
2026-02-15 12:13:07,200 [INFO] api: LIMIT BUY 2875 COMP @ 25.02
2026-02-15 12:13:08,229 [INFO] api: LIMIT BUY 2791 COMP @ 25.02
2026-02-15 12:13:09,236 [INFO] api: LIMIT BUY 2709 COMP @ 24.94
2026-02-15 12:13:10,228 [INFO] api: LIMIT BUY 2629 COMP @ 25.03
2026-02-15 12:13:11,215 [INFO] api: LIMIT BUY 2552 COMP @ 24.93
2026-02-15 12:13:12,223 [INFO] api: LIMIT BUY 2477 COMP @ 25.03
2026-02-15 12:13:13,220 [INFO] api: LIMIT BUY 2405 COMP @ 25.04
2026-02-15 12:13:14,225 [INFO] api: LIMIT BUY 2334 COMP @ 24.98
2026-02-15 12:13:15,265 [INFO] api: LIMIT BUY 2266 COMP @ 25.04
2026-02-15 12:13:16,259 [INFO] api: LIMIT BUY 2199 COMP @ 24.95
2026-02-15 12:13:17,250 [INFO] api: LIMIT BUY 2135 COMP @ 24.95
2026-02-15 12:13:18,299 [INFO] api: LIMIT BUY 2072 COMP @ 25.04
2026-02-15 12:13:19,283 [INFO] api: LIMIT BUY 2011 COMP @ 24.99
2026-02-15 12:13:20,297 [INFO] api: LIMIT BUY 556 COMP @ 25.01
2026-02-15 12:14:41,818 [INFO] api: LIMIT BUY 1371 COMP @ 25.04
2026-02-15 12:14:42,832 [INFO] api: LIMIT BUY 728 COMP @ 25.04
2026-02-15 12:14:43,805 [INFO] api: LIMIT BUY 1773 COMP @ 25.04
2026-02-15 12:14:56,989 [INFO] api: LIMIT BUY 4189 COMP @ 25.06
2026-02-15 12:14:57,937 [INFO] api: LIMIT BUY 4076 COMP @ 25.06
2026-02-15 12:14:58,907 [INFO] api: LIMIT BUY 3967 COMP @ 25.07
2026-02-15 12:15:00,008 [INFO] api: LIMIT BUY 3860 COMP @ 25.08
2026-02-15 12:15:00,135 [INFO] api: LIMIT BUY 2276 COMP @ 25.08
2026-02-15 12:15:00,931 [INFO] api: LIMIT BUY 3756 COMP @ 25.10
2026-02-15 12:15:01,000 [INFO] api: LIMIT BUY 2239 COMP @ 25.10
2026-02-15 12:15:01,932 [INFO] api: LIMIT BUY 3655 COMP @ 25.11
2026-02-15 12:15:01,995 [INFO] api: LIMIT BUY 2203 COMP @ 25.11
2026-02-15 12:15:02,953 [INFO] api: LIMIT BUY 3557 COMP @ 25.12
2026-02-15 12:15:03,180 [INFO] api: LIMIT BUY 2167 COMP @ 25.12
2026-02-15 12:15:03,921 [INFO] api: LIMIT BUY 3461 COMP @ 25.12
2026-02-15 12:15:04,005 [INFO] api: LIMIT BUY 2132 COMP @ 25.12
2026-02-15 12:15:04,960 [INFO] api: LIMIT BUY 3368 COMP @ 25.14
2026-02-15 12:15:05,027 [INFO] api: LIMIT BUY 2098 COMP @ 25.14
2026-02-15 12:15:05,925 [INFO] api: LIMIT BUY 3277 COMP @ 25.14
2026-02-15 12:15:05,997 [INFO] api: LIMIT BUY 2064 COMP @ 25.14
2026-02-15 12:15:06,939 [INFO] api: LIMIT BUY 3189 COMP @ 25.15
2026-02-15 12:15:07,006 [INFO] api: LIMIT BUY 2031 COMP @ 25.15
2026-02-15 12:15:07,965 [INFO] api: LIMIT BUY 3103 COMP @ 25.18
2026-02-15 12:15:08,038 [INFO] api: LIMIT BUY 1998 COMP @ 25.18
2026-02-15 12:15:08,950 [INFO] api: LIMIT BUY 3020 COMP @ 25.24
2026-02-15 12:15:09,015 [INFO] api: LIMIT BUY 1966 COMP @ 25.24
2026-02-15 12:15:09,980 [INFO] api: LIMIT BUY 2939 COMP @ 25.19
2026-02-15 12:15:10,055 [INFO] api: LIMIT BUY 1934 COMP @ 25.19
2026-02-15 12:15:10,976 [INFO] api: LIMIT BUY 2860 COMP @ 25.11
2026-02-15 12:15:11,062 [INFO] api: LIMIT BUY 1903 COMP @ 25.24
2026-02-15 12:15:11,985 [INFO] api: LIMIT BUY 2783 COMP @ 25.24
2026-02-15 12:15:12,059 [INFO] api: LIMIT BUY 1872 COMP @ 25.24
2026-02-15 12:15:12,980 [INFO] api: LIMIT BUY 2708 COMP @ 25.04
2026-02-15 12:15:13,052 [INFO] api: LIMIT BUY 1842 COMP @ 25.04
2026-02-15 12:15:14,021 [INFO] api: LIMIT BUY 2635 COMP @ 25.25
2026-02-15 12:15:14,098 [INFO] api: LIMIT BUY 1813 COMP @ 25.25
2026-02-15 12:15:14,989 [INFO] api: LIMIT BUY 2564 COMP @ 25.18
2026-02-15 12:15:15,067 [INFO] api: LIMIT BUY 1783 COMP @ 25.18
2026-02-15 12:15:16,001 [INFO] api: LIMIT BUY 2495 COMP @ 25.20
2026-02-15 12:15:16,100 [INFO] api: LIMIT BUY 1755 COMP @ 25.20
2026-02-15 12:15:17,014 [INFO] api: LIMIT BUY 2428 COMP @ 25.25
2026-02-15 12:15:17,094 [INFO] api: LIMIT BUY 1726 COMP @ 25.25
2026-02-15 12:15:18,023 [INFO] api: LIMIT BUY 2363 COMP @ 25.28
2026-02-15 12:15:18,101 [INFO] api: LIMIT BUY 1698 COMP @ 25.28
2026-02-15 12:15:19,026 [INFO] api: LIMIT BUY 2299 COMP @ 25.28
2026-02-15 12:15:19,090 [INFO] api: LIMIT BUY 1671 COMP @ 25.28
2026-02-15 12:15:20,020 [INFO] api: LIMIT BUY 2237 COMP @ 25.28
2026-02-15 12:15:20,100 [INFO] api: LIMIT BUY 1644 COMP @ 25.28
2026-02-15 12:15:21,055 [INFO] api: LIMIT BUY 906 COMP @ 25.22
2026-02-15 12:15:21,125 [INFO] api: LIMIT BUY 1618 COMP @ 25.22
2026-02-15 12:15:22,191 [INFO] api: LIMIT BUY 754 COMP @ 25.29
2026-02-15 12:15:22,273 [INFO] api: LIMIT BUY 1592 COMP @ 25.29
2026-02-15 12:15:23,066 [INFO] api: LIMIT BUY 688 COMP @ 25.29
2026-02-15 12:15:23,135 [INFO] api: LIMIT BUY 1566 COMP @ 25.29
2026-02-15 12:15:24,068 [INFO] api: LIMIT BUY 628 COMP @ 25.34
2026-02-15 12:15:24,160 [INFO] api: LIMIT BUY 1541 COMP @ 25.34
2026-02-15 12:15:25,093 [INFO] api: LIMIT BUY 573 COMP @ 25.31
2026-02-15 12:15:25,171 [INFO] api: LIMIT BUY 1516 COMP @ 25.31
2026-02-15 12:15:26,109 [INFO] api: LIMIT BUY 523 COMP @ 25.31
2026-02-15 12:15:26,172 [INFO] api: LIMIT BUY 1491 COMP @ 25.31
2026-02-15 12:15:27,095 [INFO] api: LIMIT BUY 1467 COMP @ 25.31
2026-02-15 12:15:28,121 [INFO] api: LIMIT BUY 1444 COMP @ 25.30
2026-02-15 12:15:29,138 [INFO] api: LIMIT BUY 1420 COMP @ 25.30
2026-02-15 12:15:30,126 [INFO] api: LIMIT BUY 1139 COMP @ 25.34
2026-02-15 12:15:30,199 [INFO] api: LIMIT BUY 1398 COMP @ 25.34
2026-02-15 12:15:31,141 [INFO] api: LIMIT BUY 1375 COMP @ 25.35
2026-02-15 12:15:32,147 [INFO] api: LIMIT BUY 1353 COMP @ 25.29
2026-02-15 12:15:33,138 [INFO] api: LIMIT BUY 1331 COMP @ 25.23
2026-02-15 12:15:34,140 [INFO] api: LIMIT BUY 1310 COMP @ 25.23
2026-02-15 12:15:35,153 [INFO] api: LIMIT BUY 1288 COMP @ 25.29
2026-02-15 12:15:36,159 [INFO] api: LIMIT BUY 1268 COMP @ 25.29
2026-02-15 12:15:37,181 [INFO] api: LIMIT BUY 1247 COMP @ 25.36
2026-02-15 12:15:38,178 [INFO] api: LIMIT BUY 960 COMP @ 25.36
2026-02-15 12:15:54,259 [INFO] api: LIMIT SELL 9189 RITC @ 9.96
2026-02-15 12:15:55,240 [INFO] api: LIMIT SELL 8509 RITC @ 9.96
2026-02-15 12:15:56,253 [INFO] api: LIMIT SELL 7879 RITC @ 9.96
2026-02-15 12:15:57,273 [INFO] api: LIMIT SELL 7296 RITC @ 9.96
2026-02-15 12:15:58,265 [INFO] api: LIMIT SELL 6756 RITC @ 9.94
2026-02-15 12:15:59,271 [INFO] api: LIMIT SELL 6256 RITC @ 9.91
2026-02-15 12:16:00,259 [INFO] api: LIMIT SELL 5793 RITC @ 9.90
2026-02-15 12:16:01,289 [INFO] api: LIMIT SELL 5365 RITC @ 9.89
2026-02-15 12:16:03,347 [INFO] api: LIMIT SELL 1715 RITC @ 9.88
2026-02-15 12:16:04,295 [INFO] api: LIMIT SELL 1568 RITC @ 9.86
2026-02-15 12:16:05,318 [INFO] api: LIMIT SELL 1433 RITC @ 9.83
2026-02-15 12:16:06,310 [INFO] api: LIMIT SELL 1310 RITC @ 9.83
2026-02-15 12:16:07,306 [INFO] api: LIMIT SELL 1197 RITC @ 9.82
2026-02-15 12:16:08,325 [INFO] api: LIMIT SELL 1094 RITC @ 9.82
2026-02-15 12:17:59,100 [INFO] api: LIMIT SELL 3861 COMP @ 24.71
2026-02-15 12:17:59,939 [INFO] api: LIMIT SELL 3750 COMP @ 24.71
2026-02-15 12:18:00,950 [INFO] api: LIMIT SELL 3642 COMP @ 24.71
2026-02-15 12:18:01,930 [INFO] api: LIMIT SELL 3537 COMP @ 24.69
2026-02-15 12:18:02,938 [INFO] api: LIMIT SELL 3435 COMP @ 24.69
2026-02-15 12:18:03,955 [INFO] api: LIMIT SELL 3336 COMP @ 24.66
2026-02-15 12:18:04,972 [INFO] api: LIMIT SELL 3240 COMP @ 24.66
2026-02-15 12:18:06,088 [INFO] api: LIMIT SELL 3147 COMP @ 24.65
2026-02-15 12:18:06,955 [INFO] api: LIMIT SELL 3056 COMP @ 24.65
2026-02-15 12:18:07,971 [INFO] api: LIMIT SELL 2968 COMP @ 24.65
2026-02-15 12:18:08,965 [INFO] api: LIMIT SELL 2883 COMP @ 24.65
2026-02-15 12:18:09,987 [INFO] api: LIMIT SELL 2800 COMP @ 24.63
2026-02-15 12:18:10,981 [INFO] api: LIMIT SELL 2719 COMP @ 24.66
2026-02-15 12:18:12,006 [INFO] api: LIMIT SELL 2641 COMP @ 24.64
2026-02-15 12:18:12,989 [INFO] api: LIMIT SELL 2565 COMP @ 24.64
2026-02-15 12:18:13,988 [INFO] api: LIMIT SELL 2491 COMP @ 24.63
2026-02-15 12:18:15,005 [INFO] api: LIMIT SELL 2419 COMP @ 24.60
2026-02-15 12:18:16,022 [INFO] api: LIMIT SELL 2349 COMP @ 24.59
2026-02-15 12:18:17,027 [INFO] api: LIMIT SELL 2282 COMP @ 24.59
2026-02-15 12:18:18,022 [INFO] api: LIMIT SELL 2216 COMP @ 24.59
2026-02-15 12:18:18,996 [INFO] api: LIMIT SELL 2152 COMP @ 24.58
2026-02-15 12:18:20,005 [INFO] api: LIMIT SELL 2090 COMP @ 24.57
2026-02-15 12:18:21,022 [INFO] api: LIMIT SELL 1445 COMP @ 24.57
2026-02-15 12:19:02,388 [INFO] api: LIMIT BUY 10000 RITC @ 9.31
2026-02-15 12:19:02,451 [INFO] api: LIMIT BUY 5458 RITC @ 9.31
2026-02-15 12:19:03,277 [INFO] api: LIMIT BUY 10000 RITC @ 9.31
2026-02-15 12:19:03,348 [INFO] api: LIMIT BUY 3341 RITC @ 9.31
2026-02-15 12:19:03,412 [INFO] api: LIMIT BUY 10000 RITC @ 9.31
2026-02-15 12:19:03,478 [INFO] api: LIMIT BUY 5865 RITC @ 9.31
2026-02-15 12:19:04,302 [INFO] api: LIMIT BUY 10000 RITC @ 9.34
2026-02-15 12:19:04,369 [INFO] api: LIMIT BUY 1513 RITC @ 9.34
2026-02-15 12:19:04,433 [INFO] api: LIMIT BUY 10000 RITC @ 9.34
2026-02-15 12:19:04,489 [INFO] api: LIMIT BUY 3121 RITC @ 9.34
2026-02-15 12:19:24,467 [INFO] api: LIMIT SELL 589 RITC @ 9.39
2026-02-15 12:19:25,419 [INFO] api: LIMIT SELL 521 RITC @ 9.39
2026-02-15 12:19:30,410 [INFO] api: LIMIT SELL 1414 RITC @ 9.39
