2026-02-15 13:09:51,667 [INFO] api: LIMIT BUY 10000 RITC @ 10.01
2026-02-15 13:09:51,730 [INFO] api: LIMIT BUY 5037 RITC @ 10.01
2026-02-15 13:09:52,641 [INFO] api: LIMIT BUY 10000 RITC @ 10.02
2026-02-15 13:09:52,697 [INFO] api: LIMIT BUY 3231 RITC @ 10.02
2026-02-15 13:09:53,623 [INFO] api: LIMIT BUY 10000 RITC @ 10.02
2026-02-15 13:09:53,682 [INFO] api: LIMIT BUY 1642 RITC @ 10.02
2026-02-15 13:09:54,644 [INFO] api: LIMIT BUY 10000 RITC @ 10.03
2026-02-15 13:09:54,710 [INFO] api: LIMIT BUY 244 RITC @ 10.03
2026-02-15 13:09:55,636 [INFO] api: LIMIT BUY 3757 RITC @ 10.01
2026-02-15 13:09:56,693 [INFO] api: LIMIT BUY 3138 RITC @ 10.03
2026-02-15 13:09:57,614 [INFO] api: LIMIT BUY 2850 RITC @ 10.03
2026-02-15 13:09:58,642 [INFO] api: LIMIT BUY 2589 RITC @ 10.03
2026-02-15 13:09:59,652 [INFO] api: LIMIT BUY 2351 RITC @ 10.03
2026-02-15 13:10:00,663 [INFO] api: LIMIT BUY 2136 RITC @ 10.03
2026-02-15 13:10:01,665 [INFO] api: LIMIT BUY 1940 RITC @ 10.03
2026-02-15 13:10:02,665 [INFO] api: LIMIT BUY 1762 RITC @ 10.03
2026-02-15 13:10:03,685 [INFO] api: LIMIT BUY 323 RITC @ 10.03
2026-02-15 13:10:10,708 [INFO] api: LIMIT SELL 10000 RITC @ 9.97
2026-02-15 13:10:10,769 [INFO] api: LIMIT SELL 54 RITC @ 9.97
2026-02-15 13:10:11,757 [INFO] api: LIMIT SELL 9412 RITC @ 9.97
2026-02-15 13:10:12,761 [INFO] api: LIMIT SELL 8811 RITC @ 9.97
2026-02-15 13:10:13,744 [INFO] api: LIMIT SELL 8248 RITC @ 9.96
2026-02-15 13:10:14,739 [INFO] api: LIMIT SELL 7721 RITC @ 9.96
2026-02-15 13:10:15,747 [INFO] api: LIMIT SELL 7227 RITC @ 9.96
2026-02-15 13:10:16,746 [INFO] api: LIMIT SELL 6765 RITC @ 9.97
2026-02-15 13:10:17,739 [INFO] api: LIMIT SELL 6333 RITC @ 9.97
2026-02-15 13:10:18,753 [INFO] api: LIMIT SELL 5928 RITC @ 10.01
2026-02-15 13:10:19,880 [INFO] api: LIMIT SELL 2760 RITC @ 10.00
2026-02-15 13:10:20,812 [INFO] api: LIMIT SELL 2324 RITC @ 10.01
2026-02-15 13:10:21,781 [INFO] api: LIMIT SELL 2073 RITC @ 10.01
2026-02-15 13:10:22,773 [INFO] api: LIMIT SELL 1849 RITC @ 9.97
2026-02-15 13:10:23,762 [INFO] api: LIMIT SELL 1649 RITC @ 9.97
2026-02-15 13:10:24,786 [INFO] api: LIMIT SELL 1471 RITC @ 9.97
2026-02-15 13:10:25,781 [INFO] api: LIMIT SELL 1312 RITC @ 9.99
2026-02-15 13:10:26,768 [INFO] api: LIMIT SELL 63 RITC @ 10.00
2026-02-15 13:10:53,179 [INFO] api: LIMIT SELL 6451 COMP @ 24.90
2026-02-15 13:10:53,973 [INFO] api: LIMIT SELL 6119 COMP @ 24.89
2026-02-15 13:10:54,973 [INFO] api: LIMIT SELL 5804 COMP @ 24.88
2026-02-15 13:10:55,973 [INFO] api: LIMIT SELL 5505 COMP @ 24.86
2026-02-15 13:10:57,020 [INFO] api: LIMIT SELL 5221 COMP @ 24.85
2026-02-15 13:10:57,977 [INFO] api: LIMIT SELL 4952 COMP @ 24.82
2026-02-15 13:10:58,977 [INFO] api: LIMIT SELL 4697 COMP @ 24.84
2026-02-15 13:10:59,989 [INFO] api: LIMIT SELL 4455 COMP @ 24.82
2026-02-15 13:11:00,993 [INFO] api: LIMIT SELL 4226 COMP @ 24.80
2026-02-15 13:11:02,005 [INFO] api: LIMIT SELL 4008 COMP @ 24.74
2026-02-15 13:11:02,984 [INFO] api: LIMIT SELL 3802 COMP @ 24.74
2026-02-15 13:11:04,007 [INFO] api: LIMIT SELL 3606 COMP @ 24.73
2026-02-15 13:11:06,087 [INFO] api: LIMIT SELL 677 COMP @ 24.71
2026-02-15 13:11:07,038 [INFO] api: LIMIT SELL 645 COMP @ 24.71
2026-02-15 13:11:08,043 [INFO] api: LIMIT SELL 615 COMP @ 24.67
2026-02-15 13:11:09,047 [INFO] api: LIMIT SELL 586 COMP @ 24.67
2026-02-15 13:11:10,085 [INFO] api: LIMIT SELL 558 COMP @ 24.64
2026-02-15 13:11:11,093 [INFO] api: LIMIT SELL 532 COMP @ 24.64
2026-02-15 13:11:12,097 [INFO] api: LIMIT SELL 506 COMP @ 24.64
2026-02-15 13:11:57,504 [INFO] api: LIMIT BUY 10000 RITC @ 10.42
2026-02-15 13:11:57,577 [INFO] api: LIMIT BUY 444 RITC @ 10.42
2026-02-15 13:11:58,319 [INFO] api: LIMIT BUY 9647 RITC @ 10.42
2026-02-15 13:11:59,315 [INFO] api: LIMIT BUY 8911 RITC @ 10.43
2026-02-15 13:12:00,320 [INFO] api: LIMIT BUY 8230 RITC @ 10.43
2026-02-15 13:12:01,317 [INFO] api: LIMIT BUY 7602 RITC @ 10.44
2026-02-15 13:12:02,344 [INFO] api: LIMIT BUY 7022 RITC @ 10.44
2026-02-15 13:12:03,398 [INFO] api: LIMIT BUY 6486 RITC @ 10.45
2026-02-15 13:12:04,350 [INFO] api: LIMIT BUY 4350 RITC @ 10.45
2026-02-15 13:12:05,435 [INFO] api: LIMIT BUY 2362 RITC @ 10.44
2026-02-15 13:12:06,380 [INFO] api: LIMIT BUY 2116 RITC @ 10.43
2026-02-15 13:12:07,353 [INFO] api: LIMIT BUY 1895 RITC @ 10.42
2026-02-15 13:12:08,356 [INFO] api: LIMIT BUY 1698 RITC @ 10.41
2026-02-15 13:12:09,388 [INFO] api: LIMIT BUY 1521 RITC @ 10.40
2026-02-15 13:12:10,372 [INFO] api: LIMIT BUY 1362 RITC @ 10.44
2026-02-15 13:12:11,395 [INFO] api: LIMIT BUY 354 RITC @ 10.41
2026-02-15 13:12:53,962 [INFO] api: LIMIT BUY 10000 RITC @ 10.29
2026-02-15 13:12:54,034 [INFO] api: LIMIT BUY 7939 RITC @ 10.29
2026-02-15 13:12:54,618 [INFO] api: LIMIT BUY 10000 RITC @ 10.31
2026-02-15 13:12:54,677 [INFO] api: LIMIT BUY 5332 RITC @ 10.31
2026-02-15 13:12:55,647 [INFO] api: LIMIT BUY 10000 RITC @ 10.31
2026-02-15 13:12:55,711 [INFO] api: LIMIT BUY 3104 RITC @ 10.31
2026-02-15 13:12:56,621 [INFO] api: LIMIT BUY 4636 RITC @ 10.31
2026-02-15 13:12:57,731 [INFO] api: LIMIT BUY 4439 RITC @ 10.31
2026-02-15 13:12:58,639 [INFO] api: LIMIT BUY 3970 RITC @ 10.31
2026-02-15 13:12:59,873 [INFO] api: LIMIT BUY 3551 RITC @ 10.29
2026-02-15 13:13:00,645 [INFO] api: LIMIT BUY 3176 RITC @ 10.29
2026-02-15 13:13:01,664 [INFO] api: LIMIT BUY 2841 RITC @ 10.29
2026-02-15 13:13:02,674 [INFO] api: LIMIT BUY 2541 RITC @ 10.27
2026-02-15 13:13:03,680 [INFO] api: LIMIT BUY 471 RITC @ 10.25
2026-02-15 13:15:53,686 [INFO] api: LIMIT SELL 10000 COMP @ 26.18
2026-02-15 13:15:53,745 [INFO] api: LIMIT SELL 8035 COMP @ 26.18
2026-02-15 13:15:54,783 [INFO] api: LIMIT SELL 10000 COMP @ 26.13
2026-02-15 13:15:54,851 [INFO] api: LIMIT SELL 1735 COMP @ 26.13
2026-02-15 13:15:58,654 [INFO] api: LIMIT BUY 593 COMP @ 26.17
2026-02-15 13:15:59,671 [INFO] api: LIMIT BUY 557 COMP @ 26.17
2026-02-15 13:16:00,659 [INFO] api: LIMIT BUY 524 COMP @ 26.17
2026-02-15 13:16:21,799 [INFO] api: LIMIT BUY 513 COMP @ 26.24
2026-02-15 13:16:22,881 [INFO] api: LIMIT BUY 513 COMP @ 26.24
2026-02-15 13:16:23,823 [INFO] api: LIMIT BUY 513 COMP @ 26.24
2026-02-15 13:16:23,904 [INFO] api: LIMIT SELL 10000 RITC @ 10.90
2026-02-15 13:16:23,969 [INFO] api: LIMIT SELL 10000 RITC @ 10.90
2026-02-15 13:16:24,831 [INFO] api: LIMIT BUY 513 COMP @ 26.28
2026-02-15 13:16:24,894 [INFO] api: LIMIT SELL 10000 RITC @ 10.89
2026-02-15 13:16:24,955 [INFO] api: LIMIT SELL 9490 RITC @ 10.89
2026-02-15 13:16:25,836 [INFO] api: LIMIT BUY 513 COMP @ 26.28
2026-02-15 13:16:25,919 [INFO] api: LIMIT SELL 9090 RITC @ 10.89
2026-02-15 13:16:26,843 [INFO] api: LIMIT BUY 513 COMP @ 26.28
2026-02-15 13:16:27,000 [INFO] api: LIMIT SELL 5573 RITC @ 10.89
2026-02-15 13:16:27,839 [INFO] api: LIMIT BUY 513 COMP @ 26.28
2026-02-15 13:16:27,902 [INFO] api: LIMIT SELL 5094 RITC @ 10.88
2026-02-15 13:16:28,856 [INFO] api: MARKET SELL 168 RITC
2026-02-15 13:16:28,917 [INFO] api: MARKET BUY 54 COMP
2026-02-15 13:16:29,871 [INFO] api: MARKET SELL 168 RITC
2026-02-15 13:16:29,939 [INFO] api: MARKET BUY 54 COMP
2026-02-15 13:16:30,938 [INFO] api: MARKET SELL 168 RITC
2026-02-15 13:16:31,003 [INFO] api: MARKET BUY 54 COMP
2026-02-15 13:16:31,879 [INFO] api: MARKET SELL 168 RITC
2026-02-15 13:16:31,960 [INFO] api: MARKET BUY 54 COMP
2026-02-15 13:16:32,897 [INFO] api: MARKET SELL 168 RITC
2026-02-15 13:16:32,962 [INFO] api: MARKET BUY 54 COMP
2026-02-15 13:16:33,888 [INFO] api: MARKET SELL 168 RITC
2026-02-15 13:16:33,954 [INFO] api: MARKET BUY 54 COMP
2026-02-15 13:16:34,871 [INFO] api: MARKET SELL 168 RITC
2026-02-15 13:16:34,940 [INFO] api: MARKET BUY 54 COMP
2026-02-15 13:16:35,897 [INFO] api: MARKET SELL 168 RITC
2026-02-15 13:16:35,978 [INFO] api: MARKET BUY 54 COMP
2026-02-15 13:16:36,909 [INFO] api: MARKET SELL 168 RITC
2026-02-15 13:16:36,989 [INFO] api: MARKET BUY 54 COMP
2026-02-15 13:16:37,918 [INFO] api: MARKET SELL 168 RITC
2026-02-15 13:16:38,027 [INFO] api: MARKET BUY 54 COMP
2026-02-15 13:16:38,926 [INFO] api: MARKET SELL 168 RITC
2026-02-15 13:16:38,989 [INFO] api: MARKET BUY 54 COMP
2026-02-15 13:16:39,930 [INFO] api: MARKET SELL 168 RITC
2026-02-15 13:16:39,997 [INFO] api: MARKET BUY 54 COMP
2026-02-15 13:16:40,955 [INFO] api: MARKET SELL 168 RITC
2026-02-15 13:16:41,052 [INFO] api: MARKET BUY 54 COMP
2026-02-15 13:16:41,957 [INFO] api: MARKET SELL 168 RITC
2026-02-15 13:16:42,026 [INFO] api: MARKET BUY 54 COMP
2026-02-15 13:16:42,958 [INFO] api: MARKET SELL 168 RITC
2026-02-15 13:16:43,022 [INFO] api: MARKET BUY 54 COMP
2026-02-15 13:16:43,960 [INFO] api: MARKET SELL 168 RITC
2026-02-15 13:16:44,023 [INFO] api: MARKET BUY 54 COMP
2026-02-15 13:16:44,953 [INFO] api: MARKET SELL 168 RITC
2026-02-15 13:16:45,030 [INFO] api: MARKET BUY 54 COMP
2026-02-15 13:16:45,983 [INFO] api: MARKET SELL 168 RITC
2026-02-15 13:16:46,048 [INFO] api: MARKET BUY 54 COMP
2026-02-15 13:16:46,961 [INFO] api: MARKET SELL 168 RITC
2026-02-15 13:16:47,028 [INFO] api: MARKET BUY 54 COMP
2026-02-15 13:16:47,990 [INFO] api: MARKET SELL 168 RITC
2026-02-15 13:16:48,076 [INFO] api: MARKET BUY 54 COMP
2026-02-15 13:16:48,983 [INFO] api: MARKET SELL 168 RITC
2026-02-15 13:16:49,050 [INFO] api: MARKET BUY 54 COMP
2026-02-15 13:16:50,005 [INFO] api: MARKET SELL 168 RITC
2026-02-15 13:16:50,088 [INFO] api: MARKET BUY 54 COMP
2026-02-15 13:16:51,017 [INFO] api: MARKET SELL 168 RITC
2026-02-15 13:16:51,091 [INFO] api: MARKET BUY 54 COMP
2026-02-15 13:16:51,998 [INFO] api: MARKET SELL 168 RITC
2026-02-15 13:16:52,071 [INFO] api: MARKET BUY 54 COMP
2026-02-15 13:16:53,095 [INFO] api: MARKET SELL 168 RITC
2026-02-15 13:16:53,197 [INFO] api: MARKET BUY 54 COMP
2026-02-15 13:16:54,020 [INFO] api: MARKET SELL 168 RITC
2026-02-15 13:16:54,087 [INFO] api: MARKET BUY 54 COMP
2026-02-15 13:16:55,093 [INFO] api: MARKET SELL 168 RITC
2026-02-15 13:16:55,157 [INFO] api: MARKET BUY 54 COMP
2026-02-15 13:16:56,030 [INFO] api: MARKET SELL 168 RITC
2026-02-15 13:16:56,108 [INFO] api: MARKET BUY 54 COMP
2026-02-15 13:16:57,034 [INFO] api: MARKET SELL 168 RITC
2026-02-15 13:16:57,105 [INFO] api: MARKET BUY 54 COMP
2026-02-15 13:16:58,037 [INFO] api: MARKET SELL 168 RITC
2026-02-15 13:16:58,117 [INFO] api: MARKET BUY 54 COMP
2026-02-15 13:16:59,037 [INFO] api: MARKET SELL 168 RITC
2026-02-15 13:16:59,100 [INFO] api: MARKET BUY 54 COMP
2026-02-15 13:17:00,025 [INFO] api: MARKET SELL 168 RITC
2026-02-15 13:17:00,092 [INFO] api: MARKET BUY 54 COMP
2026-02-15 13:17:01,059 [INFO] api: MARKET SELL 168 RITC
2026-02-15 13:17:01,137 [INFO] api: MARKET BUY 54 COMP
2026-02-15 13:17:02,056 [INFO] api: MARKET SELL 168 RITC
2026-02-15 13:17:02,130 [INFO] api: MARKET BUY 54 COMP
2026-02-15 13:17:03,060 [INFO] api: MARKET SELL 168 RITC
2026-02-15 13:17:03,130 [INFO] api: MARKET BUY 54 COMP
2026-02-15 13:17:04,077 [INFO] api: MARKET SELL 168 RITC
2026-02-15 13:17:04,147 [INFO] api: MARKET BUY 54 COMP
2026-02-15 13:17:05,082 [INFO] api: MARKET SELL 168 RITC
2026-02-15 13:17:05,163 [INFO] api: MARKET BUY 54 COMP
2026-02-15 13:17:06,083 [INFO] api: MARKET SELL 168 RITC
2026-02-15 13:17:06,156 [INFO] api: MARKET BUY 54 COMP
2026-02-15 13:17:07,099 [INFO] api: MARKET SELL 168 RITC
2026-02-15 13:17:07,171 [INFO] api: MARKET BUY 54 COMP
2026-02-15 13:17:08,131 [INFO] api: MARKET SELL 168 RITC
2026-02-15 13:17:08,207 [INFO] api: MARKET BUY 54 COMP
2026-02-15 13:17:09,099 [INFO] api: MARKET SELL 168 RITC
2026-02-15 13:17:09,164 [INFO] api: MARKET BUY 54 COMP
2026-02-15 13:17:10,109 [INFO] api: MARKET SELL 168 RITC
2026-02-15 13:17:10,187 [INFO] api: MARKET BUY 54 COMP
2026-02-15 13:17:11,099 [INFO] api: MARKET SELL 168 RITC
2026-02-15 13:17:11,172 [INFO] api: MARKET BUY 54 COMP
2026-02-15 13:17:12,103 [INFO] api: MARKET SELL 167 RITC
2026-02-15 13:17:12,168 [INFO] api: MARKET BUY 54 COMP
2026-02-15 13:17:13,122 [INFO] api: MARKET SELL 167 RITC
2026-02-15 13:17:13,197 [INFO] api: MARKET BUY 54 COMP
2026-02-15 13:17:14,129 [INFO] api: MARKET SELL 167 RITC
2026-02-15 13:17:14,203 [INFO] api: MARKET BUY 54 COMP
2026-02-15 13:17:15,130 [INFO] api: MARKET SELL 167 RITC
2026-02-15 13:17:15,206 [INFO] api: MARKET BUY 54 COMP
2026-02-15 13:17:16,144 [INFO] api: MARKET SELL 167 RITC
2026-02-15 13:17:16,225 [INFO] api: MARKET BUY 54 COMP
2026-02-15 13:17:17,132 [INFO] api: MARKET SELL 167 RITC
2026-02-15 13:17:17,203 [INFO] api: MARKET BUY 54 COMP
2026-02-15 13:17:18,142 [INFO] api: MARKET SELL 167 RITC
2026-02-15 13:17:18,211 [INFO] api: MARKET BUY 54 COMP
2026-02-15 13:17:19,150 [INFO] api: MARKET SELL 167 RITC
2026-02-15 13:17:19,221 [INFO] api: MARKET BUY 54 COMP
2026-02-15 13:17:20,157 [INFO] api: MARKET SELL 167 RITC
2026-02-15 13:17:20,234 [INFO] api: MARKET BUY 54 COMP
2026-02-15 13:17:21,153 [INFO] api: MARKET SELL 167 RITC
2026-02-15 13:17:21,235 [INFO] api: MARKET BUY 54 COMP
2026-02-15 13:17:22,168 [INFO] api: MARKET SELL 167 RITC
2026-02-15 13:17:22,239 [INFO] api: MARKET BUY 54 COMP
2026-02-15 13:17:23,179 [INFO] api: MARKET SELL 167 RITC
2026-02-15 13:17:23,247 [INFO] api: MARKET BUY 54 COMP
2026-02-15 13:17:24,177 [INFO] api: MARKET SELL 167 RITC
2026-02-15 13:17:24,255 [INFO] api: MARKET BUY 54 COMP
2026-02-15 13:17:25,212 [INFO] api: MARKET SELL 167 RITC
2026-02-15 13:17:25,282 [INFO] api: MARKET BUY 54 COMP
2026-02-15 13:17:26,188 [INFO] api: MARKET SELL 167 RITC
2026-02-15 13:17:26,260 [INFO] api: MARKET BUY 54 COMP
2026-02-15 13:17:27,209 [INFO] api: MARKET SELL 167 RITC
2026-02-15 13:17:27,277 [INFO] api: MARKET BUY 54 COMP
2026-02-15 13:17:28,201 [INFO] api: MARKET SELL 167 RITC
2026-02-15 13:17:28,286 [INFO] api: MARKET BUY 54 COMP
2026-02-15 13:17:29,214 [INFO] api: MARKET SELL 167 RITC
2026-02-15 13:17:29,301 [INFO] api: MARKET BUY 54 COMP
2026-02-15 13:17:30,213 [INFO] api: MARKET SELL 167 RITC
2026-02-15 13:17:30,288 [INFO] api: MARKET BUY 54 COMP
2026-02-15 13:17:31,211 [INFO] api: MARKET SELL 167 RITC
2026-02-15 13:17:31,286 [INFO] api: MARKET BUY 54 COMP
2026-02-15 13:17:32,210 [INFO] api: MARKET SELL 167 RITC
2026-02-15 13:17:32,277 [INFO] api: MARKET BUY 54 COMP
2026-02-15 13:17:33,199 [INFO] api: MARKET SELL 167 RITC
2026-02-15 13:17:33,274 [INFO] api: MARKET BUY 54 COMP
2026-02-15 13:17:34,201 [INFO] api: MARKET SELL 167 RITC
2026-02-15 13:17:34,264 [INFO] api: MARKET BUY 54 COMP
2026-02-15 13:17:35,208 [INFO] api: MARKET SELL 167 RITC
2026-02-15 13:17:35,278 [INFO] api: MARKET BUY 54 COMP
2026-02-15 13:17:36,214 [INFO] api: MARKET SELL 167 RITC
2026-02-15 13:17:36,287 [INFO] api: MARKET BUY 54 COMP
2026-02-15 13:17:37,229 [INFO] api: MARKET SELL 167 RITC
2026-02-15 13:17:37,292 [INFO] api: MARKET BUY 54 COMP
2026-02-15 13:17:38,261 [INFO] api: MARKET SELL 167 RITC
2026-02-15 13:17:38,327 [INFO] api: MARKET BUY 54 COMP
2026-02-15 13:17:39,256 [INFO] api: MARKET SELL 167 RITC
2026-02-15 13:17:39,318 [INFO] api: MARKET BUY 54 COMP
2026-02-15 13:17:40,251 [INFO] api: MARKET SELL 167 RITC
2026-02-15 13:17:40,327 [INFO] api: MARKET BUY 54 COMP
2026-02-15 13:17:41,252 [INFO] api: MARKET SELL 167 RITC
2026-02-15 13:17:41,315 [INFO] api: MARKET BUY 54 COMP
2026-02-15 13:17:42,271 [INFO] api: MARKET SELL 167 RITC
2026-02-15 13:17:42,342 [INFO] api: MARKET BUY 54 COMP
2026-02-15 13:17:43,307 [INFO] api: MARKET SELL 167 RITC
2026-02-15 13:17:43,376 [INFO] api: MARKET BUY 54 COMP
2026-02-15 13:17:44,384 [INFO] api: MARKET SELL 167 RITC
2026-02-15 13:17:44,477 [INFO] api: MARKET BUY 54 COMP
2026-02-15 13:17:45,298 [INFO] api: MARKET SELL 167 RITC
2026-02-15 13:17:45,362 [INFO] api: MARKET BUY 54 COMP
2026-02-15 13:17:46,311 [INFO] api: MARKET SELL 167 RITC
2026-02-15 13:17:46,375 [INFO] api: MARKET BUY 54 COMP
2026-02-15 13:17:47,307 [INFO] api: MARKET SELL 167 RITC
2026-02-15 13:17:47,387 [INFO] api: MARKET BUY 54 COMP
2026-02-15 13:17:48,298 [INFO] api: MARKET SELL 167 RITC
2026-02-15 13:17:48,553 [INFO] api: MARKET BUY 54 COMP
2026-02-15 13:17:49,328 [INFO] api: MARKET SELL 167 RITC
2026-02-15 13:17:49,394 [INFO] api: MARKET BUY 54 COMP
2026-02-15 13:17:50,520 [INFO] api: MARKET SELL 167 RITC
2026-02-15 13:17:50,614 [INFO] api: MARKET BUY 54 COMP
2026-02-15 13:17:51,401 [INFO] api: MARKET SELL 167 RITC
2026-02-15 13:17:51,472 [INFO] api: MARKET BUY 54 COMP
2026-02-15 13:17:51,552 [INFO] api: MARKET SELL 167 RITC
2026-02-15 13:17:52,330 [INFO] api: MARKET SELL 167 RITC
2026-02-15 13:17:52,407 [INFO] api: MARKET BUY 54 COMP
2026-02-15 13:17:52,505 [INFO] api: MARKET SELL 167 RITC
2026-02-15 13:17:53,334 [INFO] api: MARKET SELL 167 RITC
2026-02-15 13:17:53,405 [INFO] api: MARKET BUY 54 COMP
2026-02-15 13:17:53,485 [INFO] api: MARKET SELL 167 RITC
2026-02-15 13:17:54,357 [INFO] api: MARKET SELL 167 RITC
2026-02-15 13:17:54,429 [INFO] api: MARKET BUY 54 COMP
2026-02-15 13:17:54,523 [INFO] api: MARKET SELL 167 RITC
2026-02-15 13:17:55,351 [INFO] api: MARKET SELL 167 RITC
2026-02-15 13:17:55,434 [INFO] api: MARKET BUY 54 COMP
2026-02-15 13:17:55,528 [INFO] api: MARKET SELL 167 RITC
2026-02-15 13:17:56,361 [INFO] api: MARKET SELL 167 RITC
2026-02-15 13:17:56,440 [INFO] api: MARKET BUY 54 COMP
2026-02-15 13:17:56,628 [INFO] api: MARKET SELL 167 RITC
2026-02-15 13:17:57,354 [INFO] api: MARKET SELL 167 RITC
2026-02-15 13:17:57,425 [INFO] api: MARKET BUY 54 COMP
2026-02-15 13:17:57,493 [INFO] api: MARKET SELL 167 RITC
2026-02-15 13:17:58,367 [INFO] api: MARKET SELL 167 RITC
2026-02-15 13:17:58,437 [INFO] api: MARKET BUY 54 COMP
2026-02-15 13:17:58,500 [INFO] api: MARKET SELL 167 RITC
2026-02-15 13:17:59,372 [INFO] api: MARKET SELL 167 RITC
2026-02-15 13:17:59,438 [INFO] api: MARKET BUY 54 COMP
2026-02-15 13:17:59,509 [INFO] api: MARKET SELL 167 RITC
2026-02-15 13:18:00,357 [INFO] api: MARKET SELL 167 RITC
2026-02-15 13:18:00,428 [INFO] api: MARKET BUY 54 COMP
2026-02-15 13:18:00,517 [INFO] api: MARKET SELL 167 RITC
2026-02-15 13:18:01,353 [INFO] api: MARKET SELL 167 RITC
2026-02-15 13:18:01,417 [INFO] api: MARKET BUY 54 COMP
2026-02-15 13:18:01,485 [INFO] api: MARKET SELL 167 RITC
2026-02-15 13:18:02,358 [INFO] api: MARKET SELL 167 RITC
2026-02-15 13:18:02,421 [INFO] api: MARKET BUY 53 COMP
2026-02-15 13:18:02,529 [INFO] api: MARKET SELL 167 RITC
2026-02-15 13:18:03,375 [INFO] api: MARKET SELL 167 RITC
2026-02-15 13:18:03,447 [INFO] api: MARKET BUY 53 COMP
2026-02-15 13:18:03,521 [INFO] api: MARKET SELL 167 RITC
2026-02-15 13:18:04,387 [INFO] api: MARKET SELL 167 RITC
2026-02-15 13:18:04,455 [INFO] api: MARKET BUY 53 COMP
2026-02-15 13:18:04,527 [INFO] api: MARKET SELL 167 RITC
2026-02-15 13:18:05,377 [INFO] api: MARKET SELL 167 RITC
2026-02-15 13:18:05,460 [INFO] api: MARKET BUY 53 COMP
2026-02-15 13:18:05,538 [INFO] api: MARKET SELL 167 RITC
2026-02-15 13:18:06,377 [INFO] api: MARKET SELL 167 RITC
2026-02-15 13:18:06,442 [INFO] api: MARKET BUY 53 COMP
2026-02-15 13:18:06,522 [INFO] api: MARKET SELL 167 RITC
2026-02-15 13:18:07,381 [INFO] api: MARKET SELL 167 RITC
2026-02-15 13:18:07,447 [INFO] api: MARKET BUY 53 COMP
2026-02-15 13:18:07,509 [INFO] api: MARKET SELL 167 RITC
2026-02-15 13:18:08,385 [INFO] api: MARKET SELL 167 RITC
2026-02-15 13:18:08,450 [INFO] api: MARKET BUY 53 COMP
2026-02-15 13:18:08,514 [INFO] api: MARKET SELL 167 RITC
2026-02-15 13:18:09,378 [INFO] api: MARKET SELL 167 RITC
2026-02-15 13:18:09,457 [INFO] api: MARKET BUY 53 COMP
2026-02-15 13:18:09,520 [INFO] api: MARKET SELL 167 RITC
2026-02-15 13:18:10,400 [INFO] api: MARKET SELL 167 RITC
2026-02-15 13:18:10,467 [INFO] api: MARKET BUY 53 COMP
2026-02-15 13:18:10,538 [INFO] api: MARKET SELL 167 RITC
2026-02-15 13:18:11,394 [INFO] api: MARKET SELL 167 RITC
2026-02-15 13:18:11,460 [INFO] api: MARKET BUY 53 COMP
2026-02-15 13:18:11,549 [INFO] api: MARKET SELL 167 RITC
2026-02-15 13:18:12,417 [INFO] api: MARKET SELL 167 RITC
2026-02-15 13:18:12,487 [INFO] api: MARKET BUY 53 COMP
2026-02-15 13:18:12,555 [INFO] api: MARKET SELL 167 RITC
2026-02-15 13:18:13,427 [INFO] api: MARKET SELL 167 RITC
2026-02-15 13:18:13,496 [INFO] api: MARKET BUY 53 COMP
2026-02-15 13:18:13,560 [INFO] api: MARKET SELL 167 RITC
2026-02-15 13:18:14,418 [INFO] api: MARKET SELL 4175 RITC
2026-02-15 13:18:14,492 [INFO] api: MARKET BUY 812 COMP
2026-02-15 13:18:14,564 [INFO] api: MARKET SELL 4175 RITC
2026-02-15 13:18:15,421 [INFO] api: MARKET SELL 10000 RITC
2026-02-15 13:18:15,489 [INFO] api: MARKET SELL 10000 RITC
2026-02-15 13:18:15,550 [INFO] api: MARKET SELL 10000 RITC
2026-02-15 13:18:15,607 [INFO] api: MARKET SELL 10000 RITC
2026-02-15 13:18:15,665 [INFO] api: MARKET SELL 10000 RITC
2026-02-15 13:18:16,437 [INFO] api: MARKET SELL 10000 RITC
2026-02-15 13:18:16,503 [INFO] api: MARKET SELL 6984 RITC
