2026-02-20 19:41:31,971 [INFO] api: LIMIT BUY 10000 COMP @ 24.90
2026-02-20 19:41:31,979 [INFO] api: LIMIT BUY 4461 COMP @ 24.90
2026-02-20 19:41:32,844 [INFO] api: LIMIT BUY 10000 COMP @ 24.93
2026-02-20 19:41:32,853 [INFO] api: LIMIT BUY 2877 COMP @ 24.93
2026-02-20 19:41:33,885 [INFO] api: LIMIT BUY 10000 COMP @ 24.95
2026-02-20 19:41:33,894 [INFO] api: LIMIT BUY 1466 COMP @ 24.95
2026-02-20 19:41:34,906 [INFO] api: LIMIT BUY 10000 COMP @ 24.95
2026-02-20 19:41:34,923 [INFO] api: LIMIT BUY 210 COMP @ 24.95
2026-02-20 19:41:35,824 [INFO] api: LIMIT BUY 8746 COMP @ 24.95
2026-02-20 19:41:37,167 [INFO] api: LIMIT BUY 1161 COMP @ 24.95
2026-02-20 19:41:37,862 [INFO] api: LIMIT BUY 1119 COMP @ 24.95
2026-02-20 19:41:38,877 [INFO] api: LIMIT BUY 1079 COMP @ 24.95
2026-02-20 19:41:39,883 [INFO] api: LIMIT BUY 1041 COMP @ 24.95
2026-02-20 19:41:40,871 [INFO] api: LIMIT BUY 1003 COMP @ 24.89
2026-02-20 19:41:41,868 [INFO] api: LIMIT BUY 968 COMP @ 24.83
2026-02-20 19:41:42,890 [INFO] api: LIMIT BUY 933 COMP @ 24.95
2026-02-20 19:41:43,887 [INFO] api: LIMIT BUY 900 COMP @ 24.95
2026-02-20 19:41:44,865 [INFO] api: LIMIT BUY 868 COMP @ 24.95
2026-02-20 19:41:45,902 [INFO] api: LIMIT BUY 837 COMP @ 24.95
2026-02-20 19:41:47,201 [INFO] api: LIMIT BUY 807 COMP @ 24.95
2026-02-20 19:41:48,231 [INFO] api: LIMIT BUY 778 COMP @ 24.95
2026-02-20 19:41:48,882 [INFO] api: LIMIT BUY 750 COMP @ 24.94
2026-02-20 19:41:49,888 [INFO] api: LIMIT BUY 723 COMP @ 24.94
2026-02-20 19:41:50,929 [INFO] api: LIMIT BUY 697 COMP @ 24.92
2026-02-20 19:41:51,999 [INFO] api: LIMIT BUY 672 COMP @ 24.92
2026-02-20 19:42:18,074 [INFO] api: LIMIT SELL 10000 RITC @ 9.91
2026-02-20 19:42:18,087 [INFO] api: LIMIT SELL 3999 RITC @ 9.91
2026-02-20 19:42:19,297 [INFO] api: LIMIT SELL 10000 RITC @ 9.88
2026-02-20 19:42:19,312 [INFO] api: LIMIT SELL 2645 RITC @ 9.88
2026-02-20 19:42:20,161 [INFO] api: LIMIT SELL 10000 RITC @ 9.88
2026-02-20 19:42:20,175 [INFO] api: LIMIT SELL 1422 RITC @ 9.88
2026-02-20 19:42:21,114 [INFO] api: LIMIT SELL 10000 RITC @ 9.93
2026-02-20 19:42:21,121 [INFO] api: LIMIT SELL 317 RITC @ 9.93
2026-02-20 19:42:22,087 [INFO] api: LIMIT SELL 9319 RITC @ 9.88
2026-02-20 19:42:23,069 [INFO] api: LIMIT SELL 6799 RITC @ 9.87
2026-02-20 19:42:24,308 [INFO] api: LIMIT SELL 3764 RITC @ 9.90
2026-02-20 19:42:25,171 [INFO] api: LIMIT SELL 3308 RITC @ 9.87
2026-02-20 19:42:26,214 [INFO] api: LIMIT SELL 2907 RITC @ 9.84
2026-02-20 19:42:27,120 [INFO] api: LIMIT SELL 2555 RITC @ 9.84
2026-02-20 19:42:28,121 [INFO] api: LIMIT SELL 2245 RITC @ 9.85
2026-02-20 19:42:29,162 [INFO] api: LIMIT SELL 720 RITC @ 9.85
2026-02-20 19:42:56,269 [INFO] api: LIMIT BUY 1585 RITC @ 9.94
2026-02-20 19:42:57,302 [INFO] api: LIMIT BUY 564 RITC @ 9.94
2026-02-20 19:42:58,322 [INFO] api: LIMIT BUY 517 RITC @ 9.92
2026-02-20 19:43:40,709 [INFO] api: LIMIT BUY 10000 RITC @ 9.91
2026-02-20 19:43:40,719 [INFO] api: LIMIT BUY 9296 RITC @ 9.91
2026-02-20 19:43:41,498 [INFO] api: LIMIT BUY 10000 RITC @ 9.91
2026-02-20 19:43:41,507 [INFO] api: LIMIT BUY 6335 RITC @ 9.91
2026-02-20 19:43:42,547 [INFO] api: LIMIT BUY 10000 RITC @ 9.91
2026-02-20 19:43:42,552 [INFO] api: LIMIT BUY 3827 RITC @ 9.91
2026-02-20 19:43:43,547 [INFO] api: LIMIT BUY 1747 RITC @ 9.90
2026-02-20 19:43:44,788 [INFO] api: LIMIT BUY 3650 RITC @ 9.90
2026-02-20 19:43:45,588 [INFO] api: LIMIT BUY 3358 RITC @ 9.91
2026-02-20 19:43:46,647 [INFO] api: LIMIT BUY 3090 RITC @ 9.92
2026-02-20 19:43:47,663 [INFO] api: LIMIT BUY 2842 RITC @ 9.93
2026-02-20 19:43:48,657 [INFO] api: LIMIT BUY 2615 RITC @ 9.92
2026-02-20 19:43:49,562 [INFO] api: LIMIT BUY 2406 RITC @ 9.87
2026-02-20 19:43:50,569 [INFO] api: LIMIT BUY 2213 RITC @ 9.85
2026-02-20 19:43:51,575 [INFO] api: LIMIT BUY 2036 RITC @ 9.86
2026-02-20 19:43:52,570 [INFO] api: LIMIT BUY 585 RITC @ 9.86
2026-02-20 19:45:40,213 [INFO] api: LIMIT BUY 10000 COMP @ 25.01
2026-02-20 19:45:40,222 [INFO] api: LIMIT BUY 688 COMP @ 25.01
2026-02-20 19:45:41,146 [INFO] api: LIMIT BUY 9739 COMP @ 25.02
2026-02-20 19:45:42,241 [INFO] api: LIMIT BUY 8875 COMP @ 25.09
2026-02-20 19:45:43,225 [INFO] api: LIMIT BUY 8087 COMP @ 25.12
2026-02-20 19:45:44,258 [INFO] api: LIMIT BUY 7369 COMP @ 25.16
2026-02-20 19:45:45,179 [INFO] api: LIMIT BUY 6715 COMP @ 25.16
2026-02-20 19:45:46,190 [INFO] api: LIMIT BUY 2798 COMP @ 25.16
2026-02-20 19:45:47,326 [INFO] api: LIMIT BUY 1150 COMP @ 25.16
2026-02-20 19:45:48,247 [INFO] api: LIMIT BUY 1094 COMP @ 25.16
2026-02-20 19:45:49,267 [INFO] api: LIMIT BUY 1040 COMP @ 25.16
2026-02-20 19:45:50,202 [INFO] api: LIMIT BUY 989 COMP @ 25.16
2026-02-20 19:45:51,221 [INFO] api: LIMIT BUY 941 COMP @ 25.16
2026-02-20 19:45:52,173 [INFO] api: LIMIT BUY 895 COMP @ 25.16
2026-02-20 19:45:53,168 [INFO] api: LIMIT BUY 851 COMP @ 25.16
2026-02-20 19:45:54,188 [INFO] api: LIMIT BUY 809 COMP @ 25.16
2026-02-20 19:45:55,230 [INFO] api: LIMIT BUY 770 COMP @ 25.16
2026-02-20 19:45:56,206 [INFO] api: LIMIT BUY 732 COMP @ 25.16
2026-02-20 19:45:57,216 [INFO] api: LIMIT BUY 696 COMP @ 25.16
2026-02-20 19:45:58,223 [INFO] api: LIMIT BUY 662 COMP @ 25.16
2026-02-20 19:46:41,497 [INFO] api: LIMIT SELL 1949 RITC @ 9.92
2026-02-20 19:46:42,622 [INFO] api: LIMIT SELL 2414 RITC @ 9.91
2026-02-20 19:46:43,495 [INFO] api: LIMIT SELL 2191 RITC @ 9.92
2026-02-20 19:46:44,519 [INFO] api: LIMIT SELL 1989 RITC @ 9.93
2026-02-20 19:46:45,521 [INFO] api: LIMIT SELL 1805 RITC @ 9.98
2026-02-20 19:46:46,537 [INFO] api: LIMIT SELL 1638 RITC @ 9.88
2026-02-20 19:46:47,509 [INFO] api: LIMIT SELL 1487 RITC @ 9.88
2026-02-20 19:46:48,540 [INFO] api: LIMIT SELL 1349 RITC @ 9.87
2026-02-20 19:46:49,547 [INFO] api: LIMIT SELL 178 RITC @ 9.87
2026-02-20 19:46:57,563 [INFO] api: LIMIT SELL 1257 COMP @ 25.44
2026-02-20 19:46:58,907 [INFO] api: LIMIT SELL 724 COMP @ 25.45
2026-02-20 19:46:59,651 [INFO] api: LIMIT SELL 638 COMP @ 25.62
2026-02-20 19:47:00,584 [INFO] api: LIMIT SELL 563 COMP @ 25.63
2026-02-20 19:47:04,844 [INFO] api: LIMIT SELL 1129 COMP @ 25.61
2026-02-20 19:47:39,987 [INFO] api: LIMIT BUY 10000 RITC @ 9.92
2026-02-20 19:47:39,997 [INFO] api: LIMIT BUY 9356 RITC @ 9.92
2026-02-20 19:47:40,922 [INFO] api: LIMIT BUY 10000 RITC @ 9.86
2026-02-20 19:47:40,937 [INFO] api: LIMIT BUY 6219 RITC @ 9.86
2026-02-20 19:47:41,907 [INFO] api: LIMIT BUY 10000 RITC @ 9.84
2026-02-20 19:47:41,921 [INFO] api: LIMIT BUY 2327 RITC @ 9.84
2026-02-20 19:47:42,974 [INFO] api: LIMIT BUY 6020 RITC @ 9.87
2026-02-20 19:47:43,872 [INFO] api: LIMIT BUY 5238 RITC @ 9.81
2026-02-20 19:47:44,910 [INFO] api: LIMIT BUY 4557 RITC @ 9.85
2026-02-20 19:47:45,941 [INFO] api: LIMIT BUY 3964 RITC @ 9.86
2026-02-20 19:47:46,831 [INFO] api: LIMIT BUY 3319 RITC @ 9.81
2026-02-20 19:48:33,287 [INFO] api: MARKET SELL 649 COMP
2026-02-20 19:48:34,107 [INFO] api: MARKET SELL 649 COMP
2026-02-20 19:48:35,142 [INFO] api: MARKET SELL 649 COMP
2026-02-20 19:48:36,113 [INFO] api: MARKET SELL 649 COMP
2026-02-20 19:48:37,120 [INFO] api: MARKET SELL 649 COMP
2026-02-20 19:48:38,131 [INFO] api: MARKET SELL 649 COMP
2026-02-20 19:48:39,127 [INFO] api: MARKET SELL 649 COMP
2026-02-20 19:48:40,126 [INFO] api: MARKET SELL 649 COMP
2026-02-20 19:48:41,232 [INFO] api: MARKET SELL 649 COMP
2026-02-20 19:48:42,247 [INFO] api: MARKET SELL 649 COMP
2026-02-20 19:48:43,168 [INFO] api: MARKET SELL 649 COMP
2026-02-20 19:48:44,190 [INFO] api: MARKET SELL 649 COMP
2026-02-20 19:48:45,161 [INFO] api: MARKET SELL 649 COMP
2026-02-20 19:48:46,150 [INFO] api: MARKET SELL 649 COMP
2026-02-20 19:48:47,148 [INFO] api: MARKET SELL 649 COMP
2026-02-20 19:48:48,147 [INFO] api: MARKET SELL 649 COMP
2026-02-20 19:48:49,134 [INFO] api: MARKET SELL 648 COMP
2026-02-20 19:48:50,167 [INFO] api: MARKET SELL 648 COMP
2026-02-20 19:48:51,181 [INFO] api: MARKET SELL 648 COMP
2026-02-20 19:48:52,178 [INFO] api: MARKET SELL 648 COMP
2026-02-20 19:48:53,163 [INFO] api: MARKET SELL 648 COMP
2026-02-20 19:48:54,211 [INFO] api: MARKET SELL 648 COMP
2026-02-20 19:48:55,175 [INFO] api: MARKET SELL 648 COMP
2026-02-20 19:48:56,186 [INFO] api: MARKET SELL 648 COMP
2026-02-20 19:48:57,287 [INFO] api: MARKET SELL 648 COMP
2026-02-20 19:48:58,185 [INFO] api: MARKET SELL 648 COMP
2026-02-20 19:48:59,228 [INFO] api: MARKET SELL 648 COMP
2026-02-20 19:49:00,217 [INFO] api: MARKET SELL 648 COMP
2026-02-20 19:49:01,317 [INFO] api: MARKET SELL 648 COMP
2026-02-20 19:49:02,268 [INFO] api: MARKET SELL 648 COMP
2026-02-20 19:49:03,343 [INFO] api: MARKET SELL 648 COMP
2026-02-20 19:49:04,249 [INFO] api: MARKET SELL 648 COMP
2026-02-20 19:49:05,301 [INFO] api: MARKET SELL 648 COMP
2026-02-20 19:49:06,227 [INFO] api: MARKET SELL 648 COMP
2026-02-20 19:49:07,230 [INFO] api: MARKET SELL 648 COMP
2026-02-20 19:49:08,351 [INFO] api: MARKET SELL 648 COMP
2026-02-20 19:49:09,252 [INFO] api: MARKET SELL 648 COMP
2026-02-20 19:49:10,246 [INFO] api: MARKET SELL 648 COMP
2026-02-20 19:49:11,343 [INFO] api: MARKET SELL 360 COMP
2026-02-20 19:49:37,531 [INFO] api: MARKET SELL 1546 RITC
2026-02-20 19:49:38,554 [INFO] api: MARKET SELL 1546 RITC
2026-02-20 19:49:39,447 [INFO] api: MARKET SELL 1546 RITC
2026-02-20 19:49:40,461 [INFO] api: MARKET SELL 1546 RITC
2026-02-20 19:49:41,476 [INFO] api: MARKET SELL 1546 RITC
2026-02-20 19:49:42,549 [INFO] api: MARKET SELL 1546 RITC
2026-02-20 19:49:43,454 [INFO] api: MARKET SELL 1546 RITC
2026-02-20 19:49:44,429 [INFO] api: MARKET SELL 1546 RITC
2026-02-20 19:49:45,474 [INFO] api: MARKET SELL 1546 RITC
2026-02-20 19:49:46,489 [INFO] api: MARKET SELL 1546 RITC
2026-02-20 19:49:47,512 [INFO] api: MARKET SELL 1546 RITC
2026-02-20 19:49:48,482 [INFO] api: MARKET SELL 1546 RITC
2026-02-20 19:49:49,521 [INFO] api: MARKET SELL 1546 RITC
2026-02-20 19:49:50,524 [INFO] api: MARKET SELL 1546 RITC
2026-02-20 19:49:51,505 [INFO] api: MARKET SELL 1546 RITC
2026-02-20 19:49:52,558 [INFO] api: MARKET SELL 1546 RITC
2026-02-20 19:49:53,646 [INFO] api: MARKET SELL 1546 RITC
2026-02-20 19:49:54,636 [INFO] api: MARKET SELL 1546 RITC
2026-02-20 19:49:55,537 [INFO] api: MARKET SELL 1546 RITC
2026-02-20 19:49:56,609 [INFO] api: MARKET SELL 10000 RITC
2026-02-20 19:49:56,638 [INFO] api: MARKET SELL 10000 RITC
2026-02-20 19:49:56,647 [INFO] api: MARKET SELL 10000 RITC
2026-02-20 19:49:56,657 [INFO] api: MARKET SELL 8626 RITC
