2026-02-17 08:07:55,702 [INFO] api: LIMIT SELL 10000 BZZ @ 18.18
2026-02-17 08:07:55,817 [INFO] api: LIMIT SELL 10000 BZZ @ 18.18
2026-02-17 08:07:56,276 [INFO] api: LIMIT SELL 7472 BZZ @ 18.09
2026-02-17 08:07:57,386 [INFO] api: LIMIT SELL 10000 BZZ @ 17.80
2026-02-17 08:07:57,469 [INFO] api: LIMIT SELL 5070 BZZ @ 17.80
2026-02-17 08:07:58,245 [INFO] api: LIMIT SELL 10000 BZZ @ 17.77
2026-02-17 08:07:58,339 [INFO] api: LIMIT SELL 2531 BZZ @ 17.77
2026-02-17 08:07:59,259 [INFO] api: LIMIT SELL 10000 BZZ @ 17.97
2026-02-17 08:07:59,339 [INFO] api: LIMIT SELL 419 BZZ @ 17.97
2026-02-17 08:08:00,375 [INFO] api: LIMIT SELL 6508 BZZ @ 18.00
2026-02-17 08:10:09,940 [INFO] api: LIMIT SELL 10000 BZZ @ 18.62
2026-02-17 08:10:10,021 [INFO] api: LIMIT SELL 7192 BZZ @ 18.62
2026-02-17 08:10:10,933 [INFO] api: LIMIT SELL 10000 BZZ @ 18.54
2026-02-17 08:10:11,031 [INFO] api: LIMIT SELL 4604 BZZ @ 18.54
2026-02-17 08:10:11,960 [INFO] api: LIMIT SELL 10000 BZZ @ 18.54
2026-02-17 08:10:12,042 [INFO] api: LIMIT SELL 2406 BZZ @ 18.54
2026-02-17 08:10:12,958 [INFO] api: LIMIT SELL 2559 BZZ @ 18.54
2026-02-17 08:10:14,098 [INFO] api: LIMIT SELL 5283 BZZ @ 18.64
2026-02-17 08:10:14,972 [INFO] api: LIMIT SELL 4595 BZZ @ 18.54
2026-02-17 08:10:16,000 [INFO] api: LIMIT SELL 3997 BZZ @ 18.59
2026-02-17 08:10:16,979 [INFO] api: LIMIT SELL 3477 BZZ @ 18.61
2026-02-17 08:10:17,988 [INFO] api: LIMIT SELL 2887 BZZ @ 18.61
2026-02-17 08:11:11,554 [INFO] api: LIMIT SELL 10000 BZZ @ 18.52
2026-02-17 08:11:11,642 [INFO] api: LIMIT SELL 6991 BZZ @ 18.52
2026-02-17 08:11:12,383 [INFO] api: LIMIT SELL 10000 BZZ @ 18.50
2026-02-17 08:11:12,489 [INFO] api: LIMIT SELL 4714 BZZ @ 18.50
2026-02-17 08:11:13,370 [INFO] api: LIMIT SELL 10000 BZZ @ 18.47
2026-02-17 08:11:13,447 [INFO] api: LIMIT SELL 2741 BZZ @ 18.47
2026-02-17 08:11:14,391 [INFO] api: LIMIT SELL 8933 BZZ @ 18.46
2026-02-17 08:11:15,489 [INFO] api: LIMIT SELL 6639 BZZ @ 18.45
2026-02-17 08:11:16,379 [INFO] api: LIMIT SELL 5520 BZZ @ 18.48
2026-02-17 08:11:17,417 [INFO] api: LIMIT SELL 4590 BZZ @ 18.66
2026-02-17 08:11:18,400 [INFO] api: LIMIT SELL 2872 BZZ @ 18.66
2026-02-17 08:12:12,697 [INFO] api: LIMIT BUY 10000 BNN @ 23.40
2026-02-17 08:12:12,776 [INFO] api: LIMIT BUY 462 BNN @ 23.40
2026-02-17 08:12:13,718 [INFO] api: LIMIT BUY 9637 BNN @ 23.42
2026-02-17 08:12:14,719 [INFO] api: LIMIT BUY 8878 BNN @ 23.49
2026-02-17 08:12:15,724 [INFO] api: LIMIT BUY 8178 BNN @ 23.47
2026-02-17 08:12:16,737 [INFO] api: LIMIT BUY 7534 BNN @ 23.40
2026-02-17 08:12:17,747 [INFO] api: LIMIT BUY 6940 BNN @ 23.46
2026-02-17 08:12:18,754 [INFO] api: LIMIT BUY 6393 BNN @ 23.44
2026-02-17 08:12:19,791 [INFO] api: LIMIT BUY 2621 BNN @ 23.39
2026-02-17 08:12:20,783 [INFO] api: LIMIT BUY 2700 BNN @ 23.43
2026-02-17 08:12:21,776 [INFO] api: LIMIT BUY 2380 BNN @ 23.39
2026-02-17 08:12:22,771 [INFO] api: LIMIT BUY 2097 BNN @ 23.37
2026-02-17 08:12:23,773 [INFO] api: LIMIT BUY 1849 BNN @ 23.33
2026-02-17 08:12:24,787 [INFO] api: LIMIT BUY 1629 BNN @ 23.34
2026-02-17 08:12:25,790 [INFO] api: LIMIT BUY 702 BNN @ 23.36
2026-02-17 08:13:05,013 [INFO] api: LIMIT BUY 500 BNN @ 23.04
2026-02-17 08:13:06,018 [INFO] api: LIMIT BUY 500 BNN @ 23.02
2026-02-17 08:13:07,014 [INFO] api: LIMIT BUY 500 BNN @ 22.96
2026-02-17 08:13:08,001 [INFO] api: LIMIT BUY 500 BNN @ 22.91
2026-02-17 08:13:09,018 [INFO] api: LIMIT BUY 500 BNN @ 22.91
2026-02-17 08:13:10,052 [INFO] api: LIMIT BUY 500 BNN @ 22.91
2026-02-17 08:13:11,078 [INFO] api: LIMIT BUY 500 BNN @ 22.87
2026-02-17 08:13:12,057 [INFO] api: LIMIT BUY 500 BNN @ 22.87
2026-02-17 08:13:13,221 [INFO] api: LIMIT BUY 500 BNN @ 22.96
2026-02-17 08:13:14,069 [INFO] api: LIMIT BUY 500 BNN @ 22.96
2026-02-17 08:13:15,121 [INFO] api: LIMIT BUY 500 BNN @ 22.93
2026-02-17 08:13:16,110 [INFO] api: LIMIT BUY 500 BNN @ 22.89
2026-02-17 08:13:17,127 [INFO] api: LIMIT BUY 500 BNN @ 22.89
2026-02-17 08:13:18,194 [INFO] api: LIMIT BUY 500 BNN @ 22.87
2026-02-17 08:13:19,179 [INFO] api: LIMIT BUY 500 BNN @ 22.87
2026-02-17 08:13:20,160 [INFO] api: LIMIT BUY 500 BNN @ 22.87
2026-02-17 08:13:21,174 [INFO] api: LIMIT BUY 500 BNN @ 22.87
2026-02-17 08:13:22,152 [INFO] api: LIMIT BUY 500 BNN @ 22.86
2026-02-17 08:13:23,148 [INFO] api: LIMIT BUY 500 BNN @ 22.87
2026-02-17 08:13:24,166 [INFO] api: LIMIT BUY 500 BNN @ 22.89
2026-02-17 08:13:25,162 [INFO] api: LIMIT BUY 500 BNN @ 22.89
2026-02-17 08:13:26,177 [INFO] api: LIMIT BUY 500 BNN @ 22.90
2026-02-17 08:13:27,174 [INFO] api: LIMIT BUY 500 BNN @ 22.88
2026-02-17 08:13:28,429 [INFO] api: LIMIT BUY 500 BNN @ 22.87
2026-02-17 08:13:29,236 [INFO] api: LIMIT BUY 500 BNN @ 22.88
2026-02-17 08:13:30,199 [INFO] api: LIMIT BUY 500 BNN @ 22.87
2026-02-17 08:13:31,221 [INFO] api: LIMIT BUY 500 BNN @ 22.87
2026-02-17 08:13:32,225 [INFO] api: LIMIT BUY 500 BNN @ 22.87
2026-02-17 08:13:33,291 [INFO] api: LIMIT BUY 500 BNN @ 22.96
2026-02-17 08:13:34,235 [INFO] api: LIMIT BUY 500 BNN @ 22.96
2026-02-17 08:13:35,227 [INFO] api: LIMIT BUY 500 BNN @ 22.96
2026-02-17 08:13:36,235 [INFO] api: LIMIT BUY 500 BNN @ 22.96
2026-02-17 08:13:37,251 [INFO] api: LIMIT BUY 500 BNN @ 23.02
2026-02-17 08:13:38,230 [INFO] api: LIMIT BUY 500 BNN @ 22.97
2026-02-17 08:13:39,238 [INFO] api: LIMIT BUY 500 BNN @ 23.02
2026-02-17 08:13:40,290 [INFO] api: LIMIT BUY 500 BNN @ 23.02
2026-02-17 08:13:41,298 [INFO] api: LIMIT BUY 500 BNN @ 23.04
2026-02-17 08:13:42,300 [INFO] api: LIMIT BUY 500 BNN @ 23.03
2026-02-17 08:13:43,257 [INFO] api: LIMIT BUY 500 BNN @ 23.03
2026-02-17 08:13:44,272 [INFO] api: LIMIT BUY 500 BNN @ 23.03
2026-02-17 08:13:45,299 [INFO] api: LIMIT BUY 500 BNN @ 23.04
2026-02-17 08:13:46,287 [INFO] api: LIMIT BUY 500 BNN @ 22.95
2026-02-17 08:13:47,312 [INFO] api: LIMIT BUY 500 BNN @ 22.99
2026-02-17 08:13:48,296 [INFO] api: LIMIT BUY 500 BNN @ 23.04
2026-02-17 08:13:49,306 [INFO] api: LIMIT BUY 500 BNN @ 23.00
2026-02-17 08:13:50,328 [INFO] api: LIMIT BUY 500 BNN @ 22.97
2026-02-17 08:13:51,330 [INFO] api: LIMIT BUY 500 BNN @ 22.97
2026-02-17 08:13:52,379 [INFO] api: LIMIT BUY 500 BNN @ 22.99
2026-02-17 08:13:53,369 [INFO] api: LIMIT BUY 500 BNN @ 22.98
2026-02-17 08:13:54,354 [INFO] api: LIMIT BUY 500 BNN @ 22.98
2026-02-17 08:13:55,329 [INFO] api: LIMIT BUY 500 BNN @ 22.98
2026-02-17 08:13:56,562 [INFO] api: LIMIT BUY 500 BNN @ 22.98
2026-02-17 08:13:57,576 [INFO] api: LIMIT BUY 500 BNN @ 22.99
2026-02-17 08:13:57,663 [INFO] api: LIMIT SELL 7856 WDY @ 11.90
2026-02-17 08:13:58,416 [INFO] api: LIMIT BUY 500 BNN @ 22.94
2026-02-17 08:13:58,512 [INFO] api: LIMIT SELL 7373 WDY @ 11.90
2026-02-17 08:13:59,361 [INFO] api: LIMIT BUY 500 BNN @ 22.99
2026-02-17 08:13:59,494 [INFO] api: LIMIT SELL 6919 WDY @ 11.89
2026-02-17 08:14:00,367 [INFO] api: LIMIT BUY 500 BNN @ 22.98
2026-02-17 08:14:00,479 [INFO] api: LIMIT SELL 6494 WDY @ 11.88
2026-02-17 08:14:01,384 [INFO] api: LIMIT BUY 500 BNN @ 22.98
2026-02-17 08:14:01,520 [INFO] api: LIMIT SELL 6094 WDY @ 11.88
2026-02-17 08:14:02,456 [INFO] api: LIMIT BUY 500 BNN @ 22.98
2026-02-17 08:14:02,590 [INFO] api: LIMIT SELL 5719 WDY @ 11.87
2026-02-17 08:14:03,433 [INFO] api: LIMIT BUY 500 BNN @ 22.98
2026-02-17 08:14:03,552 [INFO] api: LIMIT SELL 5367 WDY @ 11.87
2026-02-17 08:14:04,498 [INFO] api: LIMIT BUY 500 BNN @ 22.98
2026-02-17 08:14:04,603 [INFO] api: LIMIT SELL 5037 WDY @ 11.87
2026-02-17 08:14:05,443 [INFO] api: LIMIT BUY 500 BNN @ 22.98
2026-02-17 08:14:05,544 [INFO] api: LIMIT SELL 4727 WDY @ 11.87
2026-02-17 08:14:06,396 [INFO] api: LIMIT BUY 500 BNN @ 22.98
2026-02-17 08:14:06,514 [INFO] api: LIMIT SELL 4043 WDY @ 11.87
2026-02-17 08:14:07,392 [INFO] api: LIMIT BUY 500 BNN @ 22.97
2026-02-17 08:14:07,780 [INFO] api: LIMIT SELL 1501 WDY @ 11.85
2026-02-17 08:14:08,427 [INFO] api: LIMIT BUY 500 BNN @ 22.97
2026-02-17 08:14:08,534 [INFO] api: LIMIT SELL 1366 WDY @ 11.85
2026-02-17 08:14:09,432 [INFO] api: LIMIT BUY 500 BNN @ 22.97
2026-02-17 08:14:09,571 [INFO] api: LIMIT SELL 1244 WDY @ 11.85
2026-02-17 08:14:10,459 [INFO] api: LIMIT BUY 500 BNN @ 22.97
2026-02-17 08:14:10,568 [INFO] api: LIMIT SELL 1133 WDY @ 11.92
2026-02-17 08:14:11,430 [INFO] api: LIMIT BUY 500 BNN @ 22.98
2026-02-17 08:14:11,577 [INFO] api: LIMIT SELL 1031 WDY @ 11.91
2026-02-17 08:14:12,439 [INFO] api: LIMIT BUY 500 BNN @ 22.98
2026-02-17 08:14:12,541 [INFO] api: LIMIT SELL 939 WDY @ 11.91
2026-02-17 08:14:13,466 [INFO] api: LIMIT BUY 500 BNN @ 22.98
2026-02-17 08:14:13,578 [INFO] api: LIMIT SELL 855 WDY @ 11.86
2026-02-17 08:14:14,438 [INFO] api: LIMIT BUY 500 BNN @ 22.86
2026-02-17 08:14:15,470 [INFO] api: LIMIT BUY 500 BNN @ 22.95
2026-02-17 08:14:16,434 [INFO] api: LIMIT BUY 500 BNN @ 22.93
2026-02-17 08:14:17,443 [INFO] api: LIMIT BUY 500 BNN @ 22.91
2026-02-17 08:14:18,461 [INFO] api: LIMIT BUY 500 BNN @ 22.82
2026-02-17 08:14:19,481 [INFO] api: LIMIT BUY 500 BNN @ 22.82
2026-02-17 08:14:20,521 [INFO] api: LIMIT BUY 500 BNN @ 22.81
2026-02-17 08:14:21,470 [INFO] api: LIMIT BUY 500 BNN @ 22.79
2026-02-17 08:14:22,521 [INFO] api: LIMIT BUY 500 BNN @ 22.78
2026-02-17 08:14:23,496 [INFO] api: LIMIT BUY 500 BNN @ 22.78
2026-02-17 08:14:24,480 [INFO] api: LIMIT BUY 500 BNN @ 22.74
2026-02-17 08:14:25,497 [INFO] api: LIMIT BUY 500 BNN @ 22.71
2026-02-17 08:14:26,524 [INFO] api: LIMIT BUY 500 BNN @ 22.72
2026-02-17 08:14:27,555 [INFO] api: LIMIT BUY 500 BNN @ 22.72
2026-02-17 08:14:28,511 [INFO] api: LIMIT BUY 500 BNN @ 22.71
2026-02-17 08:14:29,538 [INFO] api: LIMIT BUY 500 BNN @ 22.73
2026-02-17 08:14:30,547 [INFO] api: LIMIT BUY 500 BNN @ 22.73
2026-02-17 08:14:31,506 [INFO] api: LIMIT BUY 500 BNN @ 22.65
2026-02-17 08:14:32,543 [INFO] api: LIMIT BUY 500 BNN @ 22.60
2026-02-17 08:14:33,536 [INFO] api: LIMIT BUY 500 BNN @ 22.60
2026-02-17 08:14:34,529 [INFO] api: LIMIT BUY 500 BNN @ 22.31
2026-02-17 08:14:35,583 [INFO] api: LIMIT BUY 500 BNN @ 22.22
2026-02-17 08:14:36,564 [INFO] api: LIMIT BUY 500 BNN @ 22.31
2026-02-17 08:14:37,580 [INFO] api: LIMIT BUY 500 BNN @ 22.31
2026-02-17 08:14:38,716 [INFO] api: LIMIT BUY 500 BNN @ 22.60
2026-02-17 08:14:39,639 [INFO] api: LIMIT BUY 500 BNN @ 22.53
2026-02-17 08:14:40,619 [INFO] api: LIMIT BUY 500 BNN @ 22.49
2026-02-17 08:14:41,623 [INFO] api: LIMIT BUY 500 BNN @ 22.48
2026-02-17 08:14:42,606 [INFO] api: LIMIT BUY 500 BNN @ 22.53
2026-02-17 08:14:43,581 [INFO] api: LIMIT BUY 500 BNN @ 22.55
2026-02-17 08:14:44,651 [INFO] api: LIMIT BUY 500 BNN @ 22.52
2026-02-17 08:14:45,620 [INFO] api: LIMIT BUY 500 BNN @ 22.52
2026-02-17 08:14:46,609 [INFO] api: LIMIT BUY 500 BNN @ 22.51
2026-02-17 08:14:47,656 [INFO] api: LIMIT BUY 500 BNN @ 22.52
2026-02-17 08:14:48,668 [INFO] api: LIMIT BUY 500 BNN @ 22.54
2026-02-17 08:14:49,620 [INFO] api: LIMIT BUY 500 BNN @ 22.54
2026-02-17 08:14:50,628 [INFO] api: LIMIT BUY 500 BNN @ 22.46
2026-02-17 08:14:51,652 [INFO] api: LIMIT BUY 500 BNN @ 22.47
2026-02-17 08:14:52,657 [INFO] api: LIMIT BUY 500 BNN @ 22.53
2026-02-17 08:14:53,681 [INFO] api: LIMIT BUY 500 BNN @ 22.57
2026-02-17 08:14:54,676 [INFO] api: LIMIT BUY 500 BNN @ 22.57
2026-02-17 08:14:55,665 [INFO] api: LIMIT BUY 500 BNN @ 22.57
2026-02-17 08:14:56,656 [INFO] api: LIMIT BUY 500 BNN @ 22.57
2026-02-17 08:14:57,686 [INFO] api: LIMIT BUY 500 BNN @ 22.57
2026-02-17 08:14:58,733 [INFO] api: LIMIT BUY 500 BNN @ 22.54
2026-02-17 08:14:59,697 [INFO] api: LIMIT BUY 500 BNN @ 22.57
2026-02-17 08:15:00,676 [INFO] api: LIMIT BUY 500 BNN @ 22.50
2026-02-17 08:15:01,710 [INFO] api: LIMIT BUY 500 BNN @ 22.50
2026-02-17 08:15:02,717 [INFO] api: LIMIT BUY 500 BNN @ 22.49
2026-02-17 08:15:03,717 [INFO] api: LIMIT BUY 500 BNN @ 22.49
2026-02-17 08:15:04,706 [INFO] api: LIMIT BUY 500 BNN @ 22.38
2026-02-17 08:15:05,731 [INFO] api: LIMIT BUY 500 BNN @ 22.44
2026-02-17 08:15:06,750 [INFO] api: LIMIT BUY 500 BNN @ 22.50
2026-02-17 08:15:07,725 [INFO] api: LIMIT BUY 500 BNN @ 22.45
2026-02-17 08:15:08,730 [INFO] api: LIMIT BUY 500 BNN @ 22.45
2026-02-17 08:15:09,746 [INFO] api: LIMIT BUY 500 BNN @ 22.38
2026-02-17 08:15:10,762 [INFO] api: LIMIT BUY 500 BNN @ 22.39
2026-02-17 08:15:11,765 [INFO] api: LIMIT BUY 500 BNN @ 22.45
2026-02-17 08:15:12,752 [INFO] api: LIMIT BUY 500 BNN @ 22.37
2026-02-17 08:15:13,997 [INFO] api: LIMIT BUY 500 BNN @ 22.45
2026-02-17 08:15:14,800 [INFO] api: LIMIT BUY 500 BNN @ 22.45
2026-02-17 08:15:15,790 [INFO] api: LIMIT BUY 500 BNN @ 22.31
2026-02-17 08:15:16,788 [INFO] api: LIMIT BUY 500 BNN @ 22.31
2026-02-17 08:15:17,797 [INFO] api: LIMIT BUY 500 BNN @ 22.45
2026-02-17 08:15:18,820 [INFO] api: LIMIT BUY 500 BNN @ 22.37
2026-02-17 08:15:19,828 [INFO] api: LIMIT BUY 500 BNN @ 22.23
2026-02-17 08:15:20,828 [INFO] api: LIMIT BUY 500 BNN @ 22.33
2026-02-17 08:15:21,813 [INFO] api: LIMIT BUY 500 BNN @ 22.33
2026-02-17 08:15:22,808 [INFO] api: LIMIT BUY 500 BNN @ 22.24
2026-02-17 08:15:23,886 [INFO] api: LIMIT BUY 500 BNN @ 22.63
2026-02-17 08:15:24,879 [INFO] api: LIMIT BUY 500 BNN @ 22.43
2026-02-17 08:15:25,889 [INFO] api: LIMIT BUY 500 BNN @ 22.39
2026-02-17 08:15:26,843 [INFO] api: LIMIT BUY 500 BNN @ 22.43
2026-02-17 08:15:27,827 [INFO] api: LIMIT BUY 500 BNN @ 22.49
2026-02-17 08:15:28,859 [INFO] api: LIMIT BUY 500 BNN @ 22.63
2026-02-17 08:15:29,907 [INFO] api: MARKET SELL 3 WDY
2026-02-17 08:15:30,872 [INFO] api: MARKET SELL 3 WDY
2026-02-17 08:15:31,903 [INFO] api: MARKET SELL 3 WDY
2026-02-17 08:15:32,923 [INFO] api: MARKET SELL 3 WDY
2026-02-17 08:15:33,940 [INFO] api: MARKET SELL 3 WDY
2026-02-17 08:15:34,931 [INFO] api: MARKET SELL 3 WDY
2026-02-17 08:15:35,927 [INFO] api: MARKET SELL 3 WDY
2026-02-17 08:15:36,917 [INFO] api: MARKET SELL 3 WDY
2026-02-17 08:15:37,958 [INFO] api: MARKET SELL 3 WDY
2026-02-17 08:15:38,919 [INFO] api: MARKET SELL 3 WDY
2026-02-17 08:15:39,948 [INFO] api: MARKET SELL 3 WDY
2026-02-17 08:15:40,947 [INFO] api: MARKET SELL 3 WDY
2026-02-17 08:15:41,949 [INFO] api: MARKET SELL 3 WDY
2026-02-17 08:15:42,949 [INFO] api: MARKET SELL 3 WDY
2026-02-17 08:15:43,966 [INFO] api: MARKET SELL 3 WDY
2026-02-17 08:15:44,947 [INFO] api: MARKET SELL 3 WDY
2026-02-17 08:15:45,965 [INFO] api: MARKET SELL 3 WDY
2026-02-17 08:15:46,979 [INFO] api: MARKET SELL 3 WDY
2026-02-17 08:15:47,986 [INFO] api: MARKET SELL 3 WDY
2026-02-17 08:15:48,978 [INFO] api: MARKET SELL 3 WDY
2026-02-17 08:15:49,978 [INFO] api: MARKET SELL 3 WDY
2026-02-17 08:15:51,002 [INFO] api: MARKET SELL 3 WDY
2026-02-17 08:15:52,016 [INFO] api: MARKET SELL 3 WDY
2026-02-17 08:15:53,004 [INFO] api: MARKET SELL 3 WDY
2026-02-17 08:15:54,024 [INFO] api: MARKET SELL 3 WDY
2026-02-17 08:15:55,313 [INFO] api: MARKET SELL 3 WDY
2026-02-17 08:15:56,180 [INFO] api: MARKET SELL 3 WDY
2026-02-17 08:15:57,019 [INFO] api: MARKET SELL 3 WDY
2026-02-17 08:15:58,023 [INFO] api: MARKET SELL 3 WDY
2026-02-17 08:15:59,041 [INFO] api: MARKET SELL 3 WDY
2026-02-17 08:16:00,031 [INFO] api: MARKET SELL 3 WDY
2026-02-17 08:16:01,027 [INFO] api: MARKET SELL 3 WDY
2026-02-17 08:16:02,056 [INFO] api: MARKET SELL 3 WDY
2026-02-17 08:16:03,048 [INFO] api: MARKET SELL 3 WDY
2026-02-17 08:16:04,052 [INFO] api: MARKET SELL 3 WDY
2026-02-17 08:16:05,048 [INFO] api: MARKET SELL 3 WDY
2026-02-17 08:16:06,055 [INFO] api: MARKET SELL 3 WDY
2026-02-17 08:16:07,070 [INFO] api: MARKET SELL 3 WDY
2026-02-17 08:16:08,100 [INFO] api: MARKET SELL 3 WDY
2026-02-17 08:16:09,060 [INFO] api: MARKET SELL 3 WDY
2026-02-17 08:16:10,137 [INFO] api: MARKET SELL 3 WDY
2026-02-17 08:16:11,091 [INFO] api: MARKET SELL 3 WDY
2026-02-17 08:16:12,126 [INFO] api: MARKET SELL 2 WDY
2026-02-17 08:16:13,121 [INFO] api: MARKET SELL 2 WDY
2026-02-17 08:16:14,108 [INFO] api: MARKET SELL 2 WDY
2026-02-17 08:16:15,123 [INFO] api: MARKET SELL 2 WDY
2026-02-17 08:16:16,239 [INFO] api: MARKET SELL 2 WDY
2026-02-17 08:16:17,156 [INFO] api: MARKET SELL 2 WDY
2026-02-17 08:16:18,141 [INFO] api: MARKET SELL 2 WDY
2026-02-17 08:16:19,152 [INFO] api: MARKET SELL 2 WDY
2026-02-17 08:16:20,151 [INFO] api: MARKET SELL 2 WDY
2026-02-17 08:16:21,146 [INFO] api: MARKET SELL 2 WDY
2026-02-17 08:16:22,154 [INFO] api: MARKET SELL 2 WDY
2026-02-17 08:16:23,161 [INFO] api: MARKET SELL 2 WDY
2026-02-17 08:16:24,167 [INFO] api: MARKET SELL 2 WDY
2026-02-17 08:16:25,164 [INFO] api: MARKET SELL 2 WDY
2026-02-17 08:16:26,183 [INFO] api: MARKET SELL 2 WDY
2026-02-17 08:16:27,152 [INFO] api: MARKET SELL 2 WDY
2026-02-17 08:16:28,195 [INFO] api: MARKET SELL 2 WDY
2026-02-17 08:16:29,197 [INFO] api: MARKET SELL 2 WDY
2026-02-17 08:16:30,241 [INFO] api: MARKET SELL 2 WDY
2026-02-17 08:16:31,258 [INFO] api: MARKET SELL 2 WDY
2026-02-17 08:16:32,426 [INFO] api: MARKET SELL 2 WDY
2026-02-17 08:16:33,451 [INFO] api: MARKET SELL 2 WDY
2026-02-17 08:16:33,604 [INFO] api: MARKET BUY 1060 BZZ
2026-02-17 08:16:34,285 [INFO] api: MARKET SELL 2 WDY
2026-02-17 08:16:34,412 [INFO] api: MARKET BUY 1060 BZZ
2026-02-17 08:16:35,236 [INFO] api: MARKET SELL 2 WDY
2026-02-17 08:16:35,375 [INFO] api: MARKET BUY 1060 BZZ
2026-02-17 08:16:36,281 [INFO] api: MARKET SELL 2 WDY
2026-02-17 08:16:36,430 [INFO] api: MARKET BUY 1060 BZZ
2026-02-17 08:16:37,259 [INFO] api: MARKET SELL 2 WDY
2026-02-17 08:16:37,391 [INFO] api: MARKET BUY 1060 BZZ
2026-02-17 08:16:38,322 [INFO] api: MARKET SELL 2 WDY
2026-02-17 08:16:38,427 [INFO] api: MARKET BUY 1060 BZZ
2026-02-17 08:16:39,254 [INFO] api: MARKET SELL 2 WDY
2026-02-17 08:16:39,367 [INFO] api: MARKET BUY 1060 BZZ
2026-02-17 08:16:40,363 [INFO] api: MARKET SELL 2 WDY
2026-02-17 08:16:40,464 [INFO] api: MARKET BUY 1060 BZZ
2026-02-17 08:16:41,297 [INFO] api: MARKET SELL 2 WDY
2026-02-17 08:16:41,436 [INFO] api: MARKET BUY 1060 BZZ
2026-02-17 08:16:42,312 [INFO] api: MARKET SELL 2 WDY
2026-02-17 08:16:42,472 [INFO] api: MARKET BUY 1060 BZZ
2026-02-17 08:16:43,308 [INFO] api: MARKET SELL 2 WDY
2026-02-17 08:16:43,450 [INFO] api: MARKET BUY 1060 BZZ
2026-02-17 08:16:44,304 [INFO] api: MARKET SELL 2 WDY
2026-02-17 08:16:44,409 [INFO] api: MARKET BUY 1060 BZZ
2026-02-17 08:16:45,306 [INFO] api: MARKET SELL 2 WDY
2026-02-17 08:16:45,416 [INFO] api: MARKET BUY 1060 BZZ
2026-02-17 08:16:46,330 [INFO] api: MARKET SELL 2 WDY
2026-02-17 08:16:46,449 [INFO] api: MARKET BUY 1060 BZZ
2026-02-17 08:16:47,320 [INFO] api: MARKET SELL 2 WDY
2026-02-17 08:16:47,433 [INFO] api: MARKET BUY 1060 BZZ
2026-02-17 08:16:48,367 [INFO] api: MARKET SELL 2 WDY
2026-02-17 08:16:48,486 [INFO] api: MARKET BUY 1060 BZZ
2026-02-17 08:16:49,364 [INFO] api: MARKET SELL 2 WDY
2026-02-17 08:16:49,474 [INFO] api: MARKET BUY 1060 BZZ
2026-02-17 08:16:50,339 [INFO] api: MARKET SELL 2 WDY
2026-02-17 08:16:50,469 [INFO] api: MARKET BUY 1060 BZZ
2026-02-17 08:16:51,334 [INFO] api: MARKET SELL 2 WDY
2026-02-17 08:16:51,449 [INFO] api: MARKET BUY 1060 BZZ
2026-02-17 08:16:52,356 [INFO] api: MARKET SELL 2 WDY
2026-02-17 08:16:52,460 [INFO] api: MARKET BUY 1060 BZZ
2026-02-17 08:16:53,360 [INFO] api: MARKET SELL 2 WDY
2026-02-17 08:16:53,468 [INFO] api: MARKET BUY 1060 BZZ
2026-02-17 08:16:54,362 [INFO] api: MARKET SELL 2 WDY
2026-02-17 08:16:54,465 [INFO] api: MARKET BUY 1060 BZZ
2026-02-17 08:16:55,336 [INFO] api: MARKET SELL 2 WDY
2026-02-17 08:16:55,440 [INFO] api: MARKET BUY 1060 BZZ
2026-02-17 08:16:56,329 [INFO] api: MARKET SELL 2 WDY
2026-02-17 08:16:56,441 [INFO] api: MARKET BUY 1060 BZZ
2026-02-17 08:16:57,339 [INFO] api: MARKET SELL 2 WDY
2026-02-17 08:16:57,431 [INFO] api: MARKET BUY 1060 BZZ
2026-02-17 08:16:58,379 [INFO] api: MARKET SELL 2 WDY
2026-02-17 08:16:58,483 [INFO] api: MARKET BUY 1060 BZZ
2026-02-17 08:16:59,329 [INFO] api: MARKET SELL 2 WDY
2026-02-17 08:16:59,435 [INFO] api: MARKET BUY 1060 BZZ
2026-02-17 08:17:00,522 [INFO] api: MARKET SELL 2 WDY
2026-02-17 08:17:00,782 [INFO] api: MARKET BUY 1060 BZZ
2026-02-17 08:17:01,417 [INFO] api: MARKET SELL 2 WDY
2026-02-17 08:17:01,558 [INFO] api: MARKET BUY 1060 BZZ
2026-02-17 08:17:02,600 [INFO] api: MARKET SELL 2 WDY
2026-02-17 08:17:02,789 [INFO] api: MARKET BUY 1060 BZZ
2026-02-17 08:17:03,390 [INFO] api: MARKET SELL 2 WDY
2026-02-17 08:17:03,498 [INFO] api: MARKET BUY 1060 BZZ
2026-02-17 08:17:04,391 [INFO] api: MARKET SELL 2 WDY
2026-02-17 08:17:04,501 [INFO] api: MARKET BUY 1060 BZZ
2026-02-17 08:17:05,389 [INFO] api: MARKET SELL 2 WDY
2026-02-17 08:17:05,489 [INFO] api: MARKET BUY 1060 BZZ
2026-02-17 08:17:06,430 [INFO] api: MARKET SELL 2 WDY
2026-02-17 08:17:06,535 [INFO] api: MARKET BUY 1060 BZZ
2026-02-17 08:17:07,444 [INFO] api: MARKET SELL 2 WDY
2026-02-17 08:17:07,565 [INFO] api: MARKET BUY 1060 BZZ
2026-02-17 08:17:08,429 [INFO] api: MARKET SELL 2 WDY
2026-02-17 08:17:08,541 [INFO] api: MARKET BUY 1060 BZZ
2026-02-17 08:17:09,435 [INFO] api: MARKET SELL 2 WDY
2026-02-17 08:17:09,556 [INFO] api: MARKET BUY 1060 BZZ
2026-02-17 08:17:10,427 [INFO] api: MARKET SELL 2 WDY
2026-02-17 08:17:10,572 [INFO] api: MARKET BUY 1060 BZZ
2026-02-17 08:17:11,449 [INFO] api: MARKET SELL 2 WDY
2026-02-17 08:17:11,626 [INFO] api: MARKET BUY 1060 BZZ
2026-02-17 08:17:12,483 [INFO] api: MARKET SELL 2 WDY
2026-02-17 08:17:12,594 [INFO] api: MARKET BUY 1060 BZZ
2026-02-17 08:17:13,419 [INFO] api: MARKET SELL 2 WDY
2026-02-17 08:17:13,566 [INFO] api: MARKET BUY 1060 BZZ
2026-02-17 08:17:14,443 [INFO] api: MARKET SELL 2 WDY
2026-02-17 08:17:14,561 [INFO] api: MARKET BUY 1060 BZZ
2026-02-17 08:17:15,468 [INFO] api: MARKET SELL 50 WDY
2026-02-17 08:17:15,560 [INFO] api: MARKET BUY 10000 BZZ
2026-02-17 08:17:15,661 [INFO] api: MARKET BUY 10000 BZZ
2026-02-17 08:17:15,748 [INFO] api: MARKET BUY 6480 BZZ
