2026-02-16 12:12:09,278 [INFO] api: LIMIT BUY 10000 VNS @ 20.11
2026-02-16 12:12:09,341 [INFO] api: LIMIT BUY 10000 VNS @ 20.11
2026-02-16 12:12:10,101 [INFO] api: LIMIT BUY 8991 VNS @ 20.16
2026-02-16 12:12:10,814 [INFO] api: LIMIT BUY 8150 VNS @ 20.16
2026-02-16 12:12:11,922 [INFO] api: LIMIT BUY 7387 VNS @ 20.16
2026-02-16 12:12:12,801 [INFO] api: LIMIT BUY 6696 VNS @ 20.19
2026-02-16 12:12:13,812 [INFO] api: LIMIT BUY 6070 VNS @ 20.19
2026-02-16 12:12:14,782 [INFO] api: LIMIT BUY 5502 VNS @ 20.21
2026-02-16 12:12:15,844 [INFO] api: LIMIT BUY 4988 VNS @ 20.14
2026-02-16 12:12:16,941 [INFO] api: LIMIT BUY 216 VNS @ 20.21
2026-02-16 12:13:14,749 [INFO] api: LIMIT SELL 10000 MRS @ 75.34
2026-02-16 12:13:14,837 [INFO] api: LIMIT SELL 1561 MRS @ 75.34
2026-02-16 12:13:15,190 [INFO] api: LIMIT SELL 10000 MRS @ 75.34
2026-02-16 12:13:15,268 [INFO] api: LIMIT SELL 575 MRS @ 75.34
2026-02-16 12:13:16,265 [INFO] api: LIMIT SELL 9673 MRS @ 75.29
2026-02-16 12:13:17,188 [INFO] api: LIMIT SELL 8847 MRS @ 75.33
2026-02-16 12:13:18,299 [INFO] api: LIMIT SELL 8093 MRS @ 75.27
2026-02-16 12:13:19,619 [INFO] api: LIMIT SELL 7402 MRS @ 75.26
2026-02-16 12:13:20,224 [INFO] api: LIMIT SELL 5209 MRS @ 75.24
2026-02-16 12:13:21,457 [INFO] api: LIMIT SELL 534 MRS @ 75.24
2026-02-16 12:13:22,314 [INFO] api: LIMIT SELL 523 MRS @ 75.23
2026-02-16 12:13:23,231 [INFO] api: LIMIT SELL 512 MRS @ 75.23
2026-02-16 12:13:24,180 [INFO] api: LIMIT SELL 501 MRS @ 75.23
2026-02-16 12:14:18,425 [INFO] api: LIMIT SELL 10000 JPTR @ 35.34
2026-02-16 12:14:18,560 [INFO] api: LIMIT SELL 10000 JPTR @ 35.34
2026-02-16 12:14:18,697 [INFO] api: LIMIT SELL 10000 JPTR @ 35.34
2026-02-16 12:14:18,840 [INFO] api: LIMIT SELL 7223 JPTR @ 35.34
2026-02-16 12:14:19,514 [INFO] api: LIMIT SELL 4402 JPTR @ 35.34
2026-02-16 12:14:20,780 [INFO] api: LIMIT SELL 1948 JPTR @ 35.36
2026-02-16 12:14:21,631 [INFO] api: LIMIT SELL 1879 JPTR @ 35.38
2026-02-16 12:14:22,551 [INFO] api: LIMIT SELL 1812 JPTR @ 35.28
2026-02-16 12:14:23,557 [INFO] api: LIMIT SELL 1747 JPTR @ 35.34
2026-02-16 12:14:24,545 [INFO] api: LIMIT SELL 1685 JPTR @ 35.39
2026-02-16 12:14:25,529 [INFO] api: LIMIT SELL 1625 JPTR @ 35.40
2026-02-16 12:14:26,514 [INFO] api: LIMIT SELL 1567 JPTR @ 35.40
2026-02-16 12:14:27,547 [INFO] api: LIMIT SELL 1512 JPTR @ 35.40
2026-02-16 12:14:28,584 [INFO] api: LIMIT SELL 1458 JPTR @ 35.39
2026-02-16 12:14:29,929 [INFO] api: LIMIT SELL 1406 JPTR @ 35.39
2026-02-16 12:14:31,420 [INFO] api: LIMIT SELL 1356 JPTR @ 35.38
2026-02-16 12:14:31,688 [INFO] api: LIMIT SELL 1308 JPTR @ 35.35
2026-02-16 12:14:32,656 [INFO] api: LIMIT SELL 1261 JPTR @ 35.41
2026-02-16 12:14:33,605 [INFO] api: LIMIT SELL 1216 JPTR @ 35.42
2026-02-16 12:14:34,595 [INFO] api: LIMIT SELL 1173 JPTR @ 35.42
2026-02-16 12:14:35,694 [INFO] api: LIMIT SELL 1131 JPTR @ 35.45
2026-02-16 12:14:36,570 [INFO] api: LIMIT SELL 1091 JPTR @ 35.46
2026-02-16 12:14:37,554 [INFO] api: LIMIT SELL 1052 JPTR @ 35.47
2026-02-16 12:14:38,610 [INFO] api: LIMIT SELL 1015 JPTR @ 35.45
2026-02-16 12:14:39,714 [INFO] api: LIMIT SELL 133 JPTR @ 35.45
2026-02-16 12:15:17,847 [INFO] api: LIMIT SELL 10000 MRS @ 78.15
2026-02-16 12:15:17,910 [INFO] api: LIMIT SELL 9179 MRS @ 78.15
2026-02-16 12:15:19,045 [INFO] api: LIMIT SELL 10000 MRS @ 78.13
2026-02-16 12:15:19,137 [INFO] api: LIMIT SELL 6158 MRS @ 78.13
2026-02-16 12:15:20,117 [INFO] api: LIMIT SELL 10000 MRS @ 78.05
2026-02-16 12:15:20,183 [INFO] api: LIMIT SELL 3613 MRS @ 78.05
2026-02-16 12:15:22,241 [INFO] api: LIMIT SELL 1437 MRS @ 78.11
2026-02-16 12:15:22,943 [INFO] api: LIMIT SELL 1392 MRS @ 78.12
2026-02-16 12:15:24,066 [INFO] api: LIMIT SELL 1348 MRS @ 78.05
2026-02-16 12:15:48,195 [INFO] api: LIMIT BUY 5 MRS @ 78.27
2026-02-16 12:15:48,953 [INFO] api: LIMIT BUY 5 MRS @ 78.26
2026-02-16 12:15:50,012 [INFO] api: LIMIT BUY 5 MRS @ 78.28
2026-02-16 12:15:51,006 [INFO] api: LIMIT BUY 5 MRS @ 78.27
2026-02-16 12:15:51,984 [INFO] api: LIMIT BUY 5 MRS @ 78.28
2026-02-16 12:15:53,033 [INFO] api: LIMIT BUY 5 MRS @ 78.28
2026-02-16 12:15:54,096 [INFO] api: LIMIT BUY 5 MRS @ 78.17
2026-02-16 12:15:55,023 [INFO] api: LIMIT BUY 5 MRS @ 78.34
2026-02-16 12:15:56,009 [INFO] api: LIMIT BUY 5 MRS @ 78.39
2026-02-16 12:15:57,130 [INFO] api: LIMIT BUY 5 MRS @ 78.47
2026-02-16 12:15:58,165 [INFO] api: LIMIT BUY 5 MRS @ 78.47
2026-02-16 12:15:59,012 [INFO] api: LIMIT BUY 5 MRS @ 78.47
2026-02-16 12:16:00,065 [INFO] api: LIMIT BUY 5 MRS @ 78.47
2026-02-16 12:16:01,059 [INFO] api: LIMIT BUY 5 MRS @ 78.61
2026-02-16 12:16:02,067 [INFO] api: LIMIT BUY 5 MRS @ 78.72
2026-02-16 12:16:03,132 [INFO] api: LIMIT BUY 5 MRS @ 78.81
2026-02-16 12:16:04,089 [INFO] api: LIMIT BUY 5 MRS @ 78.95
2026-02-16 12:16:05,168 [INFO] api: LIMIT BUY 5 MRS @ 79.00
2026-02-16 12:16:06,142 [INFO] api: LIMIT BUY 5 MRS @ 79.14
2026-02-16 12:16:07,122 [INFO] api: LIMIT BUY 4 MRS @ 79.22
2026-02-16 12:16:08,136 [INFO] api: LIMIT BUY 4 MRS @ 79.51
2026-02-16 12:16:09,147 [INFO] api: LIMIT BUY 4 MRS @ 79.51
2026-02-16 12:16:10,225 [INFO] api: LIMIT BUY 4 MRS @ 79.59
2026-02-16 12:16:11,194 [INFO] api: LIMIT BUY 4 MRS @ 79.59
2026-02-16 12:16:12,285 [INFO] api: LIMIT BUY 4 MRS @ 79.59
2026-02-16 12:16:13,137 [INFO] api: LIMIT BUY 4 MRS @ 79.59
2026-02-16 12:16:14,214 [INFO] api: LIMIT BUY 4 MRS @ 79.53
2026-02-16 12:16:15,216 [INFO] api: LIMIT BUY 4 MRS @ 79.53
2026-02-16 12:16:16,215 [INFO] api: LIMIT BUY 4 MRS @ 79.20
2026-02-16 12:16:18,184 [INFO] api: LIMIT BUY 4 MRS @ 79.67
2026-02-16 12:16:18,546 [INFO] api: LIMIT BUY 4 MRS @ 79.71
2026-02-16 12:16:19,191 [INFO] api: LIMIT BUY 4 MRS @ 79.71
2026-02-16 12:16:20,178 [INFO] api: LIMIT BUY 4 MRS @ 79.71
2026-02-16 12:16:21,223 [INFO] api: LIMIT BUY 4 MRS @ 79.87
2026-02-16 12:16:22,437 [INFO] api: LIMIT BUY 4 MRS @ 79.63
2026-02-16 12:16:23,204 [INFO] api: LIMIT BUY 4 MRS @ 79.87
2026-02-16 12:16:24,247 [INFO] api: LIMIT BUY 4 MRS @ 79.38
2026-02-16 12:16:25,292 [INFO] api: LIMIT BUY 4 MRS @ 79.11
2026-02-16 12:16:26,329 [INFO] api: LIMIT BUY 4 MRS @ 79.07
2026-02-16 12:16:27,258 [INFO] api: LIMIT BUY 4 MRS @ 78.97
2026-02-16 12:16:28,560 [INFO] api: LIMIT BUY 4 MRS @ 79.09
2026-02-16 12:16:30,058 [INFO] api: LIMIT BUY 4 MRS @ 78.76
2026-02-16 12:16:30,282 [INFO] api: LIMIT BUY 4 MRS @ 79.08
2026-02-16 12:16:31,280 [INFO] api: LIMIT BUY 4 MRS @ 79.07
2026-02-16 12:16:32,321 [INFO] api: LIMIT BUY 4 MRS @ 79.06
2026-02-16 12:16:33,491 [INFO] api: LIMIT BUY 4 MRS @ 79.06
2026-02-16 12:16:34,330 [INFO] api: LIMIT BUY 4 MRS @ 79.08
2026-02-16 12:16:35,291 [INFO] api: LIMIT BUY 4 MRS @ 79.09
2026-02-16 12:16:36,407 [INFO] api: LIMIT BUY 4 MRS @ 79.10
2026-02-16 12:16:37,388 [INFO] api: LIMIT BUY 4 MRS @ 79.41
2026-02-16 12:16:38,325 [INFO] api: LIMIT BUY 4 MRS @ 79.54
2026-02-16 12:16:39,325 [INFO] api: LIMIT BUY 4 MRS @ 79.55
2026-02-16 12:16:40,507 [INFO] api: LIMIT BUY 4 MRS @ 79.83
2026-02-16 12:16:42,069 [INFO] api: LIMIT BUY 4 MRS @ 79.84
2026-02-16 12:16:42,353 [INFO] api: LIMIT BUY 4 MRS @ 79.73
2026-02-16 12:16:43,444 [INFO] api: LIMIT BUY 4 MRS @ 79.74
2026-02-16 12:16:44,392 [INFO] api: LIMIT BUY 4 MRS @ 78.76
2026-02-16 12:16:45,339 [INFO] api: LIMIT BUY 4 MRS @ 78.57
2026-02-16 12:16:46,323 [INFO] api: LIMIT BUY 4 MRS @ 78.56
2026-02-16 12:16:47,333 [INFO] api: LIMIT BUY 4 MRS @ 78.45
2026-02-16 12:17:33,192 [INFO] api: MARKET SELL 814 MRS
2026-02-16 12:17:33,714 [INFO] api: MARKET SELL 814 MRS
2026-02-16 12:17:34,787 [INFO] api: MARKET SELL 814 MRS
2026-02-16 12:17:35,734 [INFO] api: MARKET SELL 814 MRS
2026-02-16 12:17:36,670 [INFO] api: MARKET SELL 814 MRS
2026-02-16 12:17:37,692 [INFO] api: MARKET SELL 814 MRS
2026-02-16 12:17:38,693 [INFO] api: MARKET SELL 814 MRS
2026-02-16 12:17:39,659 [INFO] api: MARKET SELL 814 MRS
2026-02-16 12:17:40,669 [INFO] api: MARKET SELL 814 MRS
2026-02-16 12:17:41,668 [INFO] api: MARKET SELL 814 MRS
2026-02-16 12:17:42,680 [INFO] api: MARKET SELL 814 MRS
2026-02-16 12:17:43,731 [INFO] api: MARKET SELL 814 MRS
2026-02-16 12:17:44,661 [INFO] api: MARKET SELL 814 MRS
2026-02-16 12:17:45,677 [INFO] api: MARKET SELL 814 MRS
2026-02-16 12:17:46,719 [INFO] api: MARKET SELL 814 MRS
2026-02-16 12:17:47,737 [INFO] api: MARKET SELL 814 MRS
2026-02-16 12:17:48,719 [INFO] api: MARKET SELL 814 MRS
2026-02-16 12:17:49,740 [INFO] api: MARKET SELL 814 MRS
2026-02-16 12:17:50,800 [INFO] api: MARKET SELL 814 MRS
2026-02-16 12:17:51,819 [INFO] api: MARKET SELL 814 MRS
2026-02-16 12:17:52,819 [INFO] api: MARKET SELL 814 MRS
2026-02-16 12:17:53,942 [INFO] api: MARKET SELL 814 MRS
2026-02-16 12:17:54,812 [INFO] api: MARKET SELL 814 MRS
2026-02-16 12:17:55,835 [INFO] api: MARKET SELL 814 MRS
2026-02-16 12:17:56,813 [INFO] api: MARKET SELL 814 MRS
2026-02-16 12:17:57,836 [INFO] api: MARKET SELL 814 MRS
2026-02-16 12:17:58,860 [INFO] api: MARKET SELL 814 MRS
2026-02-16 12:17:59,832 [INFO] api: MARKET SELL 814 MRS
2026-02-16 12:18:00,875 [INFO] api: MARKET SELL 814 MRS
2026-02-16 12:18:01,966 [INFO] api: MARKET SELL 814 MRS
2026-02-16 12:18:02,917 [INFO] api: MARKET SELL 814 MRS
2026-02-16 12:18:03,840 [INFO] api: MARKET SELL 814 MRS
2026-02-16 12:18:04,888 [INFO] api: MARKET SELL 814 MRS
2026-02-16 12:18:05,859 [INFO] api: MARKET SELL 814 MRS
2026-02-16 12:18:06,969 [INFO] api: MARKET SELL 814 MRS
2026-02-16 12:18:07,913 [INFO] api: MARKET SELL 814 MRS
2026-02-16 12:18:08,888 [INFO] api: MARKET SELL 814 MRS
2026-02-16 12:18:09,892 [INFO] api: MARKET SELL 814 MRS
2026-02-16 12:18:10,901 [INFO] api: MARKET SELL 814 MRS
2026-02-16 12:18:12,249 [INFO] api: MARKET SELL 814 MRS
2026-02-16 12:18:12,963 [INFO] api: MARKET SELL 814 MRS
2026-02-16 12:18:13,919 [INFO] api: MARKET SELL 814 MRS
2026-02-16 12:18:14,928 [INFO] api: MARKET SELL 814 MRS
2026-02-16 12:18:15,901 [INFO] api: MARKET SELL 814 MRS
2026-02-16 12:18:16,977 [INFO] api: MARKET SELL 814 MRS
2026-02-16 12:18:17,915 [INFO] api: MARKET SELL 814 MRS
2026-02-16 12:18:19,016 [INFO] api: MARKET SELL 814 MRS
2026-02-16 12:18:19,990 [INFO] api: MARKET SELL 814 MRS
2026-02-16 12:18:20,990 [INFO] api: MARKET SELL 814 MRS
2026-02-16 12:18:21,982 [INFO] api: MARKET SELL 814 MRS
2026-02-16 12:18:23,986 [INFO] api: MARKET SELL 814 MRS
2026-02-16 12:18:24,376 [INFO] api: MARKET SELL 814 MRS
2026-02-16 12:18:25,073 [INFO] api: MARKET SELL 814 MRS
2026-02-16 12:18:26,016 [INFO] api: MARKET SELL 814 MRS
2026-02-16 12:18:27,034 [INFO] api: MARKET SELL 814 MRS
2026-02-16 12:18:30,552 [INFO] api: MARKET SELL 814 MRS
2026-02-16 12:18:30,725 [INFO] api: MARKET SELL 842 MRS
2026-02-16 12:18:30,999 [INFO] api: MARKET SELL 842 MRS
2026-02-16 12:18:32,735 [INFO] api: MARKET SELL 842 MRS
2026-02-16 12:18:33,291 [INFO] api: MARKET SELL 842 MRS
2026-02-16 12:18:34,071 [INFO] api: MARKET SELL 10000 MRS
2026-02-16 12:18:34,143 [INFO] api: MARKET SELL 6048 MRS
2026-02-16 12:19:51,025 [WARNING] api: GET /case returned 401
2026-02-16 12:19:51,532 [WARNING] api: GET /case returned 401
2026-02-16 12:19:52,037 [WARNING] api: GET /case returned 401
2026-02-16 12:19:52,544 [WARNING] api: GET /case returned 401
2026-02-16 12:19:53,049 [WARNING] api: GET /case returned 401
2026-02-16 12:19:53,557 [WARNING] api: GET /case returned 401
2026-02-16 12:19:54,063 [WARNING] api: GET /case returned 401
2026-02-16 12:19:54,569 [WARNING] api: GET /case returned 401
2026-02-16 12:19:55,075 [WARNING] api: GET /case returned 401
2026-02-16 12:19:55,581 [WARNING] api: GET /case returned 401
2026-02-16 12:19:56,089 [WARNING] api: GET /case returned 401
2026-02-16 12:19:56,596 [WARNING] api: GET /case returned 401
2026-02-16 12:19:57,102 [WARNING] api: GET /case returned 401
2026-02-16 12:19:57,612 [WARNING] api: GET /case returned 401
2026-02-16 12:19:58,120 [WARNING] api: GET /case returned 401
2026-02-16 12:19:58,637 [WARNING] api: GET /case returned 401
2026-02-16 12:19:59,146 [WARNING] api: GET /case returned 401
2026-02-16 12:19:59,654 [WARNING] api: GET /case returned 401
2026-02-16 12:20:00,161 [WARNING] api: GET /case returned 401
2026-02-16 12:20:00,668 [WARNING] api: GET /case returned 401
2026-02-16 12:20:01,178 [WARNING] api: GET /case returned 401
2026-02-16 12:20:01,685 [WARNING] api: GET /case returned 401
2026-02-16 12:20:02,192 [WARNING] api: GET /case returned 401
2026-02-16 12:20:02,704 [WARNING] api: GET /case returned 401
2026-02-16 12:20:03,213 [WARNING] api: GET /case returned 401
2026-02-16 12:20:03,722 [WARNING] api: GET /case returned 401
2026-02-16 12:20:04,228 [WARNING] api: GET /case returned 401
2026-02-16 12:20:04,734 [WARNING] api: GET /case returned 401
2026-02-16 12:20:05,243 [WARNING] api: GET /case returned 401
2026-02-16 12:20:05,749 [WARNING] api: GET /case returned 401
2026-02-16 12:20:06,255 [WARNING] api: GET /case returned 401
2026-02-16 12:20:06,765 [WARNING] api: GET /case returned 401
2026-02-16 12:20:07,272 [WARNING] api: GET /case returned 401
2026-02-16 12:20:07,782 [WARNING] api: GET /case returned 401
2026-02-16 12:20:08,285 [WARNING] api: GET /case returned 401
