2026-02-16 10:24:05,739 [INFO] api: LIMIT BUY 8288 RITC @ 10.15
2026-02-16 10:24:06,314 [INFO] api: LIMIT BUY 7788 RITC @ 10.12
2026-02-16 10:24:07,419 [INFO] api: LIMIT BUY 7318 RITC @ 10.15
2026-02-16 10:24:08,358 [INFO] api: LIMIT BUY 6876 RITC @ 10.15
2026-02-16 10:24:09,388 [INFO] api: LIMIT BUY 6460 RITC @ 10.17
2026-02-16 10:24:10,348 [INFO] api: LIMIT BUY 6070 RITC @ 10.17
2026-02-16 10:24:11,476 [INFO] api: LIMIT BUY 5704 RITC @ 10.18
2026-02-16 10:24:12,460 [INFO] api: LIMIT BUY 5359 RITC @ 10.19
2026-02-16 10:24:13,370 [INFO] api: LIMIT BUY 5036 RITC @ 10.24
2026-02-16 10:24:14,489 [INFO] api: LIMIT BUY 4732 RITC @ 10.27
2026-02-16 10:24:15,339 [INFO] api: LIMIT BUY 548 RITC @ 10.28
2026-02-16 10:24:16,677 [INFO] api: LIMIT BUY 2285 RITC @ 10.28
2026-02-16 10:24:17,349 [INFO] api: LIMIT BUY 1990 RITC @ 10.31
2026-02-16 10:24:18,526 [INFO] api: LIMIT BUY 1733 RITC @ 10.31
2026-02-16 10:24:19,400 [INFO] api: LIMIT BUY 1509 RITC @ 10.31
2026-02-16 10:27:14,688 [INFO] api: LIMIT SELL 10000 COMP @ 24.70
2026-02-16 10:27:14,756 [INFO] api: LIMIT SELL 2520 COMP @ 24.70
2026-02-16 10:27:15,401 [INFO] api: LIMIT SELL 10000 COMP @ 24.64
2026-02-16 10:27:15,472 [INFO] api: LIMIT SELL 1216 COMP @ 24.64
2026-02-16 10:27:16,389 [INFO] api: LIMIT SELL 10000 COMP @ 24.61
2026-02-16 10:27:16,464 [INFO] api: LIMIT SELL 48 COMP @ 24.61
2026-02-16 10:27:17,419 [INFO] api: LIMIT SELL 9002 COMP @ 24.60
2026-02-16 10:27:18,429 [INFO] api: LIMIT SELL 8064 COMP @ 24.58
2026-02-16 10:27:19,571 [INFO] api: LIMIT SELL 2175 COMP @ 24.59
2026-02-16 10:27:20,648 [INFO] api: LIMIT SELL 1311 COMP @ 24.61
2026-02-16 10:27:20,721 [INFO] api: LIMIT SELL 8242 COMP @ 24.61
2026-02-16 10:27:21,439 [INFO] api: LIMIT SELL 1250 COMP @ 24.59
2026-02-16 10:27:21,512 [INFO] api: LIMIT SELL 6971 COMP @ 24.59
2026-02-16 10:27:22,531 [INFO] api: LIMIT SELL 1191 COMP @ 24.57
2026-02-16 10:27:22,613 [INFO] api: LIMIT SELL 5896 COMP @ 24.57
2026-02-16 10:27:24,446 [INFO] api: LIMIT BUY 1493 COMP @ 24.74
2026-02-16 10:27:25,461 [INFO] api: LIMIT BUY 1193 COMP @ 24.74
2026-02-16 10:27:27,522 [INFO] api: LIMIT BUY 1936 COMP @ 24.74
2026-02-16 10:27:28,530 [INFO] api: LIMIT BUY 3230 COMP @ 24.74
2026-02-16 10:27:29,479 [INFO] api: LIMIT BUY 576 COMP @ 24.74
2026-02-16 10:27:46,657 [INFO] api: LIMIT BUY 587 COMP @ 24.83
2026-02-16 10:27:47,538 [INFO] api: LIMIT BUY 548 COMP @ 24.83
2026-02-16 10:27:48,591 [INFO] api: LIMIT BUY 511 COMP @ 24.85
2026-02-16 10:29:29,170 [INFO] api: LIMIT BUY 506 RITC @ 10.41
2026-02-16 10:29:30,099 [INFO] api: LIMIT BUY 505 RITC @ 10.38
2026-02-16 10:29:31,132 [INFO] api: LIMIT BUY 505 RITC @ 10.38
2026-02-16 10:29:32,222 [INFO] api: LIMIT BUY 505 RITC @ 10.38
2026-02-16 10:29:33,278 [INFO] api: LIMIT BUY 505 RITC @ 10.38
2026-02-16 10:29:34,199 [INFO] api: LIMIT BUY 505 RITC @ 10.38
2026-02-16 10:29:35,239 [INFO] api: LIMIT BUY 505 RITC @ 10.38
2026-02-16 10:29:36,247 [INFO] api: LIMIT BUY 505 RITC @ 10.38
2026-02-16 10:29:37,175 [INFO] api: LIMIT BUY 505 RITC @ 10.38
2026-02-16 10:29:38,266 [INFO] api: LIMIT BUY 505 RITC @ 10.38
2026-02-16 10:29:39,180 [INFO] api: LIMIT BUY 505 RITC @ 10.38
2026-02-16 10:29:40,163 [INFO] api: LIMIT BUY 505 RITC @ 10.38
2026-02-16 10:29:41,207 [INFO] api: LIMIT BUY 505 RITC @ 10.38
2026-02-16 10:29:42,186 [INFO] api: LIMIT BUY 505 RITC @ 10.38
2026-02-16 10:29:43,208 [INFO] api: LIMIT BUY 652 RITC @ 10.37
2026-02-16 10:29:43,280 [INFO] api: LIMIT BUY 505 RITC @ 10.37
2026-02-16 10:29:45,246 [INFO] api: MARKET BUY 6 RITC
2026-02-16 10:29:45,313 [INFO] api: MARKET BUY 4 RITC
2026-02-16 10:29:45,409 [INFO] api: MARKET BUY 22 COMP
2026-02-16 10:29:46,398 [INFO] api: MARKET BUY 6 RITC
2026-02-16 10:29:46,481 [INFO] api: MARKET BUY 4 RITC
2026-02-16 10:29:46,553 [INFO] api: MARKET BUY 22 COMP
2026-02-16 10:29:47,268 [INFO] api: MARKET BUY 5 RITC
2026-02-16 10:29:47,344 [INFO] api: MARKET BUY 4 RITC
2026-02-16 10:29:47,428 [INFO] api: MARKET BUY 22 COMP
2026-02-16 10:29:47,526 [INFO] api: MARKET BUY 530 RITC
2026-02-16 10:29:48,304 [INFO] api: MARKET BUY 5 RITC
2026-02-16 10:29:48,379 [INFO] api: MARKET BUY 4 RITC
2026-02-16 10:29:48,478 [INFO] api: MARKET BUY 22 COMP
2026-02-16 10:29:48,550 [INFO] api: MARKET BUY 530 RITC
2026-02-16 10:29:49,329 [INFO] api: MARKET BUY 5 RITC
2026-02-16 10:29:49,402 [INFO] api: MARKET BUY 4 RITC
2026-02-16 10:29:49,502 [INFO] api: MARKET BUY 22 COMP
2026-02-16 10:29:49,583 [INFO] api: MARKET BUY 530 RITC
2026-02-16 10:29:50,250 [INFO] api: MARKET BUY 5 RITC
2026-02-16 10:29:50,323 [INFO] api: MARKET BUY 4 RITC
2026-02-16 10:29:50,402 [INFO] api: MARKET BUY 22 COMP
2026-02-16 10:29:50,496 [INFO] api: MARKET BUY 530 RITC
2026-02-16 10:29:51,263 [INFO] api: MARKET BUY 5 RITC
2026-02-16 10:29:51,332 [INFO] api: MARKET BUY 4 RITC
2026-02-16 10:29:51,403 [INFO] api: MARKET BUY 22 COMP
2026-02-16 10:29:51,509 [INFO] api: MARKET BUY 530 RITC
2026-02-16 10:29:52,258 [INFO] api: MARKET BUY 5 RITC
2026-02-16 10:29:52,328 [INFO] api: MARKET BUY 4 RITC
2026-02-16 10:29:52,395 [INFO] api: MARKET BUY 22 COMP
2026-02-16 10:29:52,468 [INFO] api: MARKET BUY 530 RITC
2026-02-16 10:29:53,240 [INFO] api: MARKET BUY 5 RITC
2026-02-16 10:29:53,324 [INFO] api: MARKET BUY 4 RITC
2026-02-16 10:29:53,396 [INFO] api: MARKET BUY 22 COMP
2026-02-16 10:29:53,465 [INFO] api: MARKET BUY 530 RITC
2026-02-16 10:29:54,310 [INFO] api: MARKET BUY 5 RITC
2026-02-16 10:29:54,390 [INFO] api: MARKET BUY 4 RITC
2026-02-16 10:29:54,461 [INFO] api: MARKET BUY 22 COMP
2026-02-16 10:29:54,554 [INFO] api: MARKET BUY 530 RITC
2026-02-16 10:29:55,238 [INFO] api: MARKET BUY 5 RITC
2026-02-16 10:29:55,315 [INFO] api: MARKET BUY 4 RITC
2026-02-16 10:29:55,411 [INFO] api: MARKET BUY 22 COMP
2026-02-16 10:29:55,478 [INFO] api: MARKET BUY 530 RITC
2026-02-16 10:29:56,248 [INFO] api: MARKET BUY 5 RITC
2026-02-16 10:29:56,315 [INFO] api: MARKET BUY 4 RITC
2026-02-16 10:29:56,399 [INFO] api: MARKET BUY 22 COMP
2026-02-16 10:29:56,488 [INFO] api: MARKET BUY 530 RITC
2026-02-16 10:29:57,230 [INFO] api: MARKET BUY 5 RITC
2026-02-16 10:29:57,311 [INFO] api: MARKET BUY 4 RITC
2026-02-16 10:29:57,393 [INFO] api: MARKET BUY 22 COMP
2026-02-16 10:29:57,465 [INFO] api: MARKET BUY 530 RITC
2026-02-16 10:29:58,339 [INFO] api: MARKET BUY 5 RITC
2026-02-16 10:29:58,429 [INFO] api: MARKET BUY 4 RITC
2026-02-16 10:29:58,501 [INFO] api: MARKET BUY 22 COMP
2026-02-16 10:29:58,572 [INFO] api: MARKET BUY 530 RITC
2026-02-16 10:29:59,248 [INFO] api: MARKET BUY 5 RITC
2026-02-16 10:29:59,325 [INFO] api: MARKET BUY 4 RITC
2026-02-16 10:29:59,412 [INFO] api: MARKET BUY 22 COMP
2026-02-16 10:29:59,480 [INFO] api: MARKET BUY 530 RITC
2026-02-16 10:30:00,279 [INFO] api: MARKET BUY 5 RITC
2026-02-16 10:30:00,348 [INFO] api: MARKET BUY 4 RITC
2026-02-16 10:30:00,433 [INFO] api: MARKET BUY 22 COMP
2026-02-16 10:30:00,516 [INFO] api: MARKET BUY 530 RITC
2026-02-16 10:30:01,310 [INFO] api: MARKET BUY 5 RITC
2026-02-16 10:30:01,378 [INFO] api: MARKET BUY 4 RITC
2026-02-16 10:30:01,455 [INFO] api: MARKET BUY 22 COMP
2026-02-16 10:30:01,522 [INFO] api: MARKET BUY 530 RITC
2026-02-16 10:30:02,350 [INFO] api: MARKET BUY 5 RITC
2026-02-16 10:30:02,445 [INFO] api: MARKET BUY 4 RITC
2026-02-16 10:30:02,530 [INFO] api: MARKET BUY 22 COMP
2026-02-16 10:30:02,604 [INFO] api: MARKET BUY 530 RITC
2026-02-16 10:30:03,379 [INFO] api: MARKET BUY 5 RITC
2026-02-16 10:30:03,468 [INFO] api: MARKET BUY 4 RITC
2026-02-16 10:30:03,543 [INFO] api: MARKET BUY 21 COMP
2026-02-16 10:30:03,615 [INFO] api: MARKET BUY 530 RITC
2026-02-16 10:30:04,275 [INFO] api: MARKET BUY 5 RITC
2026-02-16 10:30:04,338 [INFO] api: MARKET BUY 4 RITC
2026-02-16 10:30:04,408 [INFO] api: MARKET BUY 21 COMP
2026-02-16 10:30:04,497 [INFO] api: MARKET BUY 530 RITC
2026-02-16 10:30:05,319 [INFO] api: MARKET BUY 5 RITC
2026-02-16 10:30:05,402 [INFO] api: MARKET BUY 4 RITC
2026-02-16 10:30:05,488 [INFO] api: MARKET BUY 21 COMP
2026-02-16 10:30:05,598 [INFO] api: MARKET BUY 530 RITC
2026-02-16 10:30:06,483 [INFO] api: MARKET BUY 5 RITC
2026-02-16 10:30:06,583 [INFO] api: MARKET BUY 4 RITC
2026-02-16 10:30:06,669 [INFO] api: MARKET BUY 21 COMP
2026-02-16 10:30:06,742 [INFO] api: MARKET BUY 530 RITC
2026-02-16 10:30:07,447 [INFO] api: MARKET BUY 5 RITC
2026-02-16 10:30:07,568 [INFO] api: MARKET BUY 4 RITC
2026-02-16 10:30:07,664 [INFO] api: MARKET BUY 530 RITC
2026-02-16 10:30:08,348 [INFO] api: MARKET BUY 5 RITC
2026-02-16 10:30:08,423 [INFO] api: MARKET BUY 4 RITC
2026-02-16 10:30:08,501 [INFO] api: MARKET BUY 530 RITC
2026-02-16 10:30:08,581 [INFO] api: MARKET SELL 680 COMP
2026-02-16 10:30:09,336 [INFO] api: MARKET BUY 5 RITC
2026-02-16 10:30:09,419 [INFO] api: MARKET BUY 4 RITC
2026-02-16 10:30:09,492 [INFO] api: MARKET BUY 530 RITC
2026-02-16 10:30:09,570 [INFO] api: MARKET SELL 680 COMP
2026-02-16 10:30:10,339 [INFO] api: MARKET BUY 5 RITC
2026-02-16 10:30:10,410 [INFO] api: MARKET BUY 4 RITC
2026-02-16 10:30:10,502 [INFO] api: MARKET BUY 530 RITC
2026-02-16 10:30:10,578 [INFO] api: MARKET SELL 680 COMP
2026-02-16 10:30:11,448 [INFO] api: MARKET BUY 5 RITC
2026-02-16 10:30:11,514 [INFO] api: MARKET BUY 4 RITC
2026-02-16 10:30:11,596 [INFO] api: MARKET BUY 530 RITC
2026-02-16 10:30:11,671 [INFO] api: MARKET SELL 680 COMP
2026-02-16 10:30:12,349 [INFO] api: MARKET BUY 5 RITC
2026-02-16 10:30:12,442 [INFO] api: MARKET BUY 4 RITC
2026-02-16 10:30:12,514 [INFO] api: MARKET BUY 530 RITC
2026-02-16 10:30:12,589 [INFO] api: MARKET SELL 680 COMP
2026-02-16 10:30:13,399 [INFO] api: MARKET BUY 5 RITC
2026-02-16 10:30:13,511 [INFO] api: MARKET BUY 4 RITC
2026-02-16 10:30:13,583 [INFO] api: MARKET BUY 530 RITC
2026-02-16 10:30:13,691 [INFO] api: MARKET SELL 680 COMP
2026-02-16 10:30:14,362 [INFO] api: MARKET BUY 5 RITC
2026-02-16 10:30:14,432 [INFO] api: MARKET BUY 4 RITC
2026-02-16 10:30:14,500 [INFO] api: MARKET BUY 530 RITC
2026-02-16 10:30:14,600 [INFO] api: MARKET SELL 680 COMP
2026-02-16 10:30:15,449 [INFO] api: MARKET BUY 5 RITC
2026-02-16 10:30:15,524 [INFO] api: MARKET BUY 4 RITC
2026-02-16 10:30:15,607 [INFO] api: MARKET BUY 530 RITC
2026-02-16 10:30:15,716 [INFO] api: MARKET SELL 680 COMP
2026-02-16 10:30:16,449 [INFO] api: MARKET BUY 5 RITC
2026-02-16 10:30:16,558 [INFO] api: MARKET BUY 4 RITC
2026-02-16 10:30:16,630 [INFO] api: MARKET BUY 530 RITC
2026-02-16 10:30:16,726 [INFO] api: MARKET SELL 680 COMP
2026-02-16 10:30:17,400 [INFO] api: MARKET BUY 5 RITC
2026-02-16 10:30:17,475 [INFO] api: MARKET BUY 4 RITC
2026-02-16 10:30:17,561 [INFO] api: MARKET BUY 530 RITC
2026-02-16 10:30:17,632 [INFO] api: MARKET SELL 680 COMP
2026-02-16 10:30:18,365 [INFO] api: MARKET BUY 5 RITC
2026-02-16 10:30:18,432 [INFO] api: MARKET BUY 4 RITC
2026-02-16 10:30:18,513 [INFO] api: MARKET BUY 530 RITC
2026-02-16 10:30:18,580 [INFO] api: MARKET SELL 680 COMP
2026-02-16 10:30:19,424 [INFO] api: MARKET BUY 5 RITC
2026-02-16 10:30:19,506 [INFO] api: MARKET BUY 4 RITC
2026-02-16 10:30:19,582 [INFO] api: MARKET BUY 530 RITC
2026-02-16 10:30:19,662 [INFO] api: MARKET SELL 680 COMP
2026-02-16 10:30:20,369 [INFO] api: MARKET BUY 5 RITC
2026-02-16 10:30:20,446 [INFO] api: MARKET BUY 4 RITC
2026-02-16 10:30:20,533 [INFO] api: MARKET BUY 530 RITC
2026-02-16 10:30:20,601 [INFO] api: MARKET SELL 680 COMP
2026-02-16 10:30:21,370 [INFO] api: MARKET BUY 5 RITC
2026-02-16 10:30:21,440 [INFO] api: MARKET BUY 4 RITC
2026-02-16 10:30:21,529 [INFO] api: MARKET BUY 530 RITC
2026-02-16 10:30:21,615 [INFO] api: MARKET SELL 680 COMP
2026-02-16 10:30:22,401 [INFO] api: MARKET BUY 5 RITC
2026-02-16 10:30:22,475 [INFO] api: MARKET BUY 4 RITC
2026-02-16 10:30:22,569 [INFO] api: MARKET BUY 530 RITC
2026-02-16 10:30:22,640 [INFO] api: MARKET SELL 680 COMP
2026-02-16 10:30:23,465 [INFO] api: MARKET BUY 5 RITC
2026-02-16 10:30:23,554 [INFO] api: MARKET BUY 4 RITC
2026-02-16 10:30:23,633 [INFO] api: MARKET BUY 530 RITC
2026-02-16 10:30:23,713 [INFO] api: MARKET SELL 679 COMP
2026-02-16 10:30:24,398 [INFO] api: MARKET BUY 5 RITC
2026-02-16 10:30:24,495 [INFO] api: MARKET BUY 4 RITC
2026-02-16 10:30:24,588 [INFO] api: MARKET BUY 530 RITC
2026-02-16 10:30:24,658 [INFO] api: MARKET SELL 679 COMP
2026-02-16 10:30:25,413 [INFO] api: MARKET BUY 5 RITC
2026-02-16 10:30:25,484 [INFO] api: MARKET BUY 4 RITC
2026-02-16 10:30:25,588 [INFO] api: MARKET BUY 530 RITC
2026-02-16 10:30:25,667 [INFO] api: MARKET SELL 679 COMP
2026-02-16 10:30:26,410 [INFO] api: MARKET BUY 5 RITC
2026-02-16 10:30:26,488 [INFO] api: MARKET BUY 4 RITC
2026-02-16 10:30:26,569 [INFO] api: MARKET BUY 530 RITC
2026-02-16 10:30:26,654 [INFO] api: MARKET SELL 679 COMP
2026-02-16 10:30:27,440 [INFO] api: MARKET BUY 5 RITC
2026-02-16 10:30:27,511 [INFO] api: MARKET BUY 4 RITC
2026-02-16 10:30:27,593 [INFO] api: MARKET BUY 530 RITC
2026-02-16 10:30:27,678 [INFO] api: MARKET SELL 679 COMP
2026-02-16 10:30:28,429 [INFO] api: MARKET BUY 5 RITC
2026-02-16 10:30:28,533 [INFO] api: MARKET BUY 4 RITC
2026-02-16 10:30:28,612 [INFO] api: MARKET BUY 530 RITC
2026-02-16 10:30:28,683 [INFO] api: MARKET SELL 679 COMP
2026-02-16 10:30:29,468 [INFO] api: MARKET BUY 5 RITC
2026-02-16 10:30:29,581 [INFO] api: MARKET BUY 4 RITC
2026-02-16 10:30:29,733 [INFO] api: MARKET BUY 530 RITC
2026-02-16 10:30:29,841 [INFO] api: MARKET SELL 679 COMP
2026-02-16 10:30:30,499 [INFO] api: MARKET BUY 5 RITC
2026-02-16 10:30:30,602 [INFO] api: MARKET BUY 4 RITC
2026-02-16 10:30:30,707 [INFO] api: MARKET BUY 530 RITC
2026-02-16 10:30:30,779 [INFO] api: MARKET SELL 679 COMP
2026-02-16 10:30:31,438 [INFO] api: MARKET BUY 5 RITC
2026-02-16 10:30:31,512 [INFO] api: MARKET BUY 4 RITC
2026-02-16 10:30:31,585 [INFO] api: MARKET BUY 530 RITC
2026-02-16 10:30:31,688 [INFO] api: MARKET SELL 679 COMP
2026-02-16 10:30:32,591 [INFO] api: MARKET BUY 5 RITC
2026-02-16 10:30:32,659 [INFO] api: MARKET BUY 4 RITC
2026-02-16 10:30:32,743 [INFO] api: MARKET BUY 530 RITC
2026-02-16 10:30:32,821 [INFO] api: MARKET SELL 679 COMP
2026-02-16 10:30:33,465 [INFO] api: MARKET BUY 5 RITC
2026-02-16 10:30:33,550 [INFO] api: MARKET BUY 4 RITC
2026-02-16 10:30:33,619 [INFO] api: MARKET BUY 530 RITC
2026-02-16 10:30:33,703 [INFO] api: MARKET SELL 679 COMP
2026-02-16 10:30:34,501 [INFO] api: MARKET BUY 5 RITC
2026-02-16 10:30:34,578 [INFO] api: MARKET BUY 4 RITC
2026-02-16 10:30:34,641 [INFO] api: MARKET BUY 530 RITC
2026-02-16 10:30:34,715 [INFO] api: MARKET SELL 679 COMP
2026-02-16 10:30:35,476 [INFO] api: MARKET BUY 5 RITC
2026-02-16 10:30:35,568 [INFO] api: MARKET BUY 4 RITC
2026-02-16 10:30:35,648 [INFO] api: MARKET BUY 530 RITC
2026-02-16 10:30:35,721 [INFO] api: MARKET SELL 679 COMP
2026-02-16 10:30:36,459 [INFO] api: MARKET BUY 5 RITC
2026-02-16 10:30:36,534 [INFO] api: MARKET BUY 4 RITC
2026-02-16 10:30:36,607 [INFO] api: MARKET BUY 530 RITC
2026-02-16 10:30:36,696 [INFO] api: MARKET SELL 679 COMP
2026-02-16 10:30:37,471 [INFO] api: MARKET BUY 5 RITC
2026-02-16 10:30:37,554 [INFO] api: MARKET BUY 4 RITC
2026-02-16 10:30:37,639 [INFO] api: MARKET BUY 530 RITC
2026-02-16 10:30:37,712 [INFO] api: MARKET SELL 679 COMP
2026-02-16 10:30:38,469 [INFO] api: MARKET BUY 5 RITC
2026-02-16 10:30:38,548 [INFO] api: MARKET BUY 4 RITC
2026-02-16 10:30:38,638 [INFO] api: MARKET BUY 530 RITC
2026-02-16 10:30:38,708 [INFO] api: MARKET SELL 679 COMP
2026-02-16 10:30:39,481 [INFO] api: MARKET BUY 5 RITC
2026-02-16 10:30:39,552 [INFO] api: MARKET BUY 4 RITC
2026-02-16 10:30:39,662 [INFO] api: MARKET BUY 530 RITC
2026-02-16 10:30:39,787 [INFO] api: MARKET SELL 679 COMP
2026-02-16 10:30:40,483 [INFO] api: MARKET BUY 5 RITC
2026-02-16 10:30:40,569 [INFO] api: MARKET BUY 4 RITC
2026-02-16 10:30:40,651 [INFO] api: MARKET BUY 530 RITC
2026-02-16 10:30:40,741 [INFO] api: MARKET SELL 679 COMP
2026-02-16 10:30:41,559 [INFO] api: MARKET BUY 5 RITC
2026-02-16 10:30:41,628 [INFO] api: MARKET BUY 4 RITC
2026-02-16 10:30:41,699 [INFO] api: MARKET BUY 530 RITC
2026-02-16 10:30:41,762 [INFO] api: MARKET SELL 679 COMP
2026-02-16 10:30:42,561 [INFO] api: MARKET BUY 5 RITC
2026-02-16 10:30:42,629 [INFO] api: MARKET BUY 4 RITC
2026-02-16 10:30:42,736 [INFO] api: MARKET BUY 530 RITC
2026-02-16 10:30:42,809 [INFO] api: MARKET SELL 679 COMP
2026-02-16 10:30:43,600 [INFO] api: MARKET BUY 5 RITC
2026-02-16 10:30:43,680 [INFO] api: MARKET BUY 4 RITC
2026-02-16 10:30:43,760 [INFO] api: MARKET BUY 530 RITC
2026-02-16 10:30:43,849 [INFO] api: MARKET SELL 679 COMP
2026-02-16 10:30:44,530 [INFO] api: MARKET BUY 5 RITC
2026-02-16 10:30:44,608 [INFO] api: MARKET BUY 4 RITC
2026-02-16 10:30:44,682 [INFO] api: MARKET BUY 530 RITC
2026-02-16 10:30:44,783 [INFO] api: MARKET SELL 679 COMP
2026-02-16 10:30:45,554 [INFO] api: MARKET BUY 5 RITC
2026-02-16 10:30:45,628 [INFO] api: MARKET BUY 4 RITC
2026-02-16 10:30:45,702 [INFO] api: MARKET BUY 530 RITC
2026-02-16 10:30:45,808 [INFO] api: MARKET SELL 679 COMP
2026-02-16 10:30:46,589 [INFO] api: MARKET BUY 5 RITC
2026-02-16 10:30:46,658 [INFO] api: MARKET BUY 4 RITC
2026-02-16 10:30:46,728 [INFO] api: MARKET BUY 530 RITC
2026-02-16 10:30:46,844 [INFO] api: MARKET SELL 679 COMP
2026-02-16 10:30:47,592 [INFO] api: MARKET BUY 5 RITC
2026-02-16 10:30:47,690 [INFO] api: MARKET BUY 4 RITC
2026-02-16 10:30:47,760 [INFO] api: MARKET BUY 530 RITC
2026-02-16 10:30:47,861 [INFO] api: MARKET SELL 679 COMP
2026-02-16 10:30:48,618 [INFO] api: MARKET BUY 5 RITC
2026-02-16 10:30:48,731 [INFO] api: MARKET BUY 4 RITC
2026-02-16 10:30:48,800 [INFO] api: MARKET BUY 530 RITC
2026-02-16 10:30:48,899 [INFO] api: MARKET SELL 679 COMP
2026-02-16 10:30:49,548 [INFO] api: MARKET BUY 5 RITC
2026-02-16 10:30:49,641 [INFO] api: MARKET BUY 4 RITC
2026-02-16 10:30:49,715 [INFO] api: MARKET BUY 530 RITC
2026-02-16 10:30:49,834 [INFO] api: MARKET SELL 679 COMP
2026-02-16 10:30:50,578 [INFO] api: MARKET BUY 5 RITC
2026-02-16 10:30:50,661 [INFO] api: MARKET BUY 4 RITC
2026-02-16 10:30:50,730 [INFO] api: MARKET BUY 530 RITC
2026-02-16 10:30:50,809 [INFO] api: MARKET SELL 679 COMP
2026-02-16 10:30:51,568 [INFO] api: MARKET BUY 5 RITC
2026-02-16 10:30:51,648 [INFO] api: MARKET BUY 4 RITC
2026-02-16 10:30:51,731 [INFO] api: MARKET BUY 530 RITC
2026-02-16 10:30:51,807 [INFO] api: MARKET SELL 679 COMP
2026-02-16 10:30:52,618 [INFO] api: MARKET BUY 5 RITC
2026-02-16 10:30:52,694 [INFO] api: MARKET BUY 4 RITC
2026-02-16 10:30:52,778 [INFO] api: MARKET BUY 530 RITC
2026-02-16 10:30:52,852 [INFO] api: MARKET SELL 679 COMP
2026-02-16 10:30:53,564 [INFO] api: MARKET BUY 5 RITC
2026-02-16 10:30:53,632 [INFO] api: MARKET BUY 4 RITC
2026-02-16 10:30:53,722 [INFO] api: MARKET BUY 530 RITC
2026-02-16 10:30:53,801 [INFO] api: MARKET SELL 679 COMP
2026-02-16 10:30:54,578 [INFO] api: MARKET BUY 5 RITC
2026-02-16 10:30:54,653 [INFO] api: MARKET BUY 4 RITC
2026-02-16 10:30:54,738 [INFO] api: MARKET BUY 530 RITC
2026-02-16 10:30:54,813 [INFO] api: MARKET SELL 679 COMP
2026-02-16 10:30:55,578 [INFO] api: MARKET BUY 5 RITC
2026-02-16 10:30:55,663 [INFO] api: MARKET BUY 4 RITC
2026-02-16 10:30:55,751 [INFO] api: MARKET BUY 530 RITC
2026-02-16 10:30:55,823 [INFO] api: MARKET SELL 679 COMP
2026-02-16 10:30:56,619 [INFO] api: MARKET BUY 5 RITC
2026-02-16 10:30:56,721 [INFO] api: MARKET BUY 4 RITC
2026-02-16 10:30:56,802 [INFO] api: MARKET BUY 530 RITC
2026-02-16 10:30:56,874 [INFO] api: MARKET SELL 679 COMP
2026-02-16 10:30:57,595 [INFO] api: MARKET BUY 5 RITC
2026-02-16 10:30:57,665 [INFO] api: MARKET BUY 4 RITC
2026-02-16 10:30:57,755 [INFO] api: MARKET BUY 530 RITC
2026-02-16 10:30:57,848 [INFO] api: MARKET SELL 679 COMP
2026-02-16 10:30:58,582 [INFO] api: MARKET BUY 5 RITC
2026-02-16 10:30:58,657 [INFO] api: MARKET BUY 4 RITC
2026-02-16 10:30:58,728 [INFO] api: MARKET BUY 530 RITC
2026-02-16 10:30:58,821 [INFO] api: MARKET SELL 679 COMP
2026-02-16 10:30:59,679 [INFO] api: MARKET BUY 5 RITC
2026-02-16 10:30:59,758 [INFO] api: MARKET BUY 4 RITC
2026-02-16 10:30:59,851 [INFO] api: MARKET BUY 530 RITC
2026-02-16 10:30:59,929 [INFO] api: MARKET SELL 679 COMP
2026-02-16 10:31:00,703 [INFO] api: MARKET BUY 5 RITC
2026-02-16 10:31:00,774 [INFO] api: MARKET BUY 4 RITC
2026-02-16 10:31:00,858 [INFO] api: MARKET BUY 530 RITC
2026-02-16 10:31:00,958 [INFO] api: MARKET SELL 679 COMP
2026-02-16 10:31:01,638 [INFO] api: MARKET BUY 5 RITC
2026-02-16 10:31:01,713 [INFO] api: MARKET BUY 4 RITC
2026-02-16 10:31:01,785 [INFO] api: MARKET BUY 530 RITC
2026-02-16 10:31:01,858 [INFO] api: MARKET SELL 679 COMP
2026-02-16 10:31:02,608 [INFO] api: MARKET BUY 5 RITC
2026-02-16 10:31:02,690 [INFO] api: MARKET BUY 4 RITC
2026-02-16 10:31:02,795 [INFO] api: MARKET BUY 530 RITC
2026-02-16 10:31:02,891 [INFO] api: MARKET SELL 679 COMP
2026-02-16 10:31:03,610 [INFO] api: MARKET BUY 5 RITC
2026-02-16 10:31:03,692 [INFO] api: MARKET BUY 4 RITC
2026-02-16 10:31:03,763 [INFO] api: MARKET BUY 530 RITC
2026-02-16 10:31:03,858 [INFO] api: MARKET SELL 679 COMP
2026-02-16 10:31:04,627 [INFO] api: MARKET BUY 5 RITC
2026-02-16 10:31:04,713 [INFO] api: MARKET BUY 4 RITC
2026-02-16 10:31:04,786 [INFO] api: MARKET BUY 530 RITC
2026-02-16 10:31:04,878 [INFO] api: MARKET SELL 679 COMP
2026-02-16 10:31:05,611 [INFO] api: MARKET BUY 5 RITC
2026-02-16 10:31:05,711 [INFO] api: MARKET BUY 4 RITC
2026-02-16 10:31:05,793 [INFO] api: MARKET BUY 530 RITC
2026-02-16 10:31:05,866 [INFO] api: MARKET SELL 679 COMP
2026-02-16 10:31:06,630 [INFO] api: MARKET BUY 5 RITC
2026-02-16 10:31:06,702 [INFO] api: MARKET BUY 4 RITC
2026-02-16 10:31:06,788 [INFO] api: MARKET BUY 530 RITC
2026-02-16 10:31:06,862 [INFO] api: MARKET SELL 679 COMP
2026-02-16 10:31:07,649 [INFO] api: MARKET BUY 5 RITC
2026-02-16 10:31:07,723 [INFO] api: MARKET BUY 4 RITC
2026-02-16 10:31:07,804 [INFO] api: MARKET BUY 530 RITC
2026-02-16 10:31:07,884 [INFO] api: MARKET SELL 679 COMP
2026-02-16 10:31:08,658 [INFO] api: MARKET BUY 5 RITC
2026-02-16 10:31:08,732 [INFO] api: MARKET BUY 4 RITC
2026-02-16 10:31:08,820 [INFO] api: MARKET BUY 530 RITC
2026-02-16 10:31:08,916 [INFO] api: MARKET SELL 679 COMP
2026-02-16 10:31:09,638 [INFO] api: MARKET BUY 5 RITC
2026-02-16 10:31:09,729 [INFO] api: MARKET BUY 4 RITC
2026-02-16 10:31:09,821 [INFO] api: MARKET BUY 530 RITC
2026-02-16 10:31:09,906 [INFO] api: MARKET SELL 679 COMP
2026-02-16 10:31:10,874 [INFO] api: MARKET BUY 5 RITC
2026-02-16 10:31:10,958 [INFO] api: MARKET BUY 4 RITC
2026-02-16 10:31:11,038 [INFO] api: MARKET BUY 530 RITC
2026-02-16 10:31:11,141 [INFO] api: MARKET SELL 679 COMP
2026-02-16 10:31:11,784 [INFO] api: MARKET SELL 679 COMP
2026-02-16 10:31:12,701 [INFO] api: MARKET SELL 679 COMP
2026-02-16 10:31:12,789 [INFO] api: MARKET SELL 1127 RITC
2026-02-16 10:31:13,703 [INFO] api: MARKET SELL 679 COMP
2026-02-16 10:31:13,791 [INFO] api: MARKET SELL 1127 RITC
2026-02-16 10:31:14,722 [INFO] api: MARKET SELL 679 COMP
2026-02-16 10:31:14,824 [INFO] api: MARKET SELL 1127 RITC
2026-02-16 10:31:15,774 [INFO] api: MARKET SELL 679 COMP
2026-02-16 10:31:15,871 [INFO] api: MARKET SELL 1127 RITC
2026-02-16 10:31:16,701 [INFO] api: MARKET SELL 679 COMP
2026-02-16 10:31:16,774 [INFO] api: MARKET SELL 1127 RITC
2026-02-16 10:31:17,692 [INFO] api: MARKET SELL 679 COMP
2026-02-16 10:31:17,768 [INFO] api: MARKET SELL 1127 RITC
2026-02-16 10:31:18,679 [INFO] api: MARKET SELL 679 COMP
2026-02-16 10:31:18,748 [INFO] api: MARKET SELL 1127 RITC
2026-02-16 10:31:19,698 [INFO] api: MARKET SELL 679 COMP
2026-02-16 10:31:19,778 [INFO] api: MARKET SELL 1127 RITC
2026-02-16 10:31:20,689 [INFO] api: MARKET SELL 679 COMP
2026-02-16 10:31:20,769 [INFO] api: MARKET SELL 1127 RITC
2026-02-16 10:31:21,731 [INFO] api: MARKET SELL 679 COMP
2026-02-16 10:31:21,828 [INFO] api: MARKET SELL 1127 RITC
2026-02-16 10:31:22,721 [INFO] api: MARKET SELL 679 COMP
2026-02-16 10:31:22,799 [INFO] api: MARKET SELL 1127 RITC
2026-02-16 10:31:23,700 [INFO] api: MARKET SELL 679 COMP
2026-02-16 10:31:23,782 [INFO] api: MARKET SELL 1127 RITC
2026-02-16 10:31:24,718 [INFO] api: MARKET SELL 679 COMP
2026-02-16 10:31:24,809 [INFO] api: MARKET SELL 1127 RITC
2026-02-16 10:31:25,727 [INFO] api: MARKET SELL 679 COMP
2026-02-16 10:31:25,799 [INFO] api: MARKET SELL 1127 RITC
2026-02-16 10:31:26,712 [INFO] api: MARKET SELL 679 COMP
2026-02-16 10:31:26,780 [INFO] api: MARKET SELL 1127 RITC
2026-02-16 10:31:27,729 [INFO] api: MARKET SELL 679 COMP
2026-02-16 10:31:27,799 [INFO] api: MARKET SELL 1127 RITC
2026-02-16 10:31:28,770 [INFO] api: MARKET SELL 679 COMP
2026-02-16 10:31:28,845 [INFO] api: MARKET SELL 1127 RITC
2026-02-16 10:31:29,748 [INFO] api: MARKET SELL 679 COMP
2026-02-16 10:31:29,826 [INFO] api: MARKET SELL 1127 RITC
2026-02-16 10:31:30,818 [INFO] api: MARKET SELL 10000 COMP
2026-02-16 10:31:30,884 [INFO] api: MARKET SELL 6975 COMP
2026-02-16 10:31:30,964 [INFO] api: MARKET SELL 10000 RITC
2026-02-16 10:31:31,048 [INFO] api: MARKET SELL 10000 RITC
2026-02-16 10:31:31,123 [INFO] api: MARKET SELL 8157 RITC
