2026-02-17 09:03:11,875   Waiting for RIT connection...
2026-02-17 09:03:11,900   Connected!
2026-02-17 09:03:11,900   Waiting for ACTIVE status...
2026-02-17 09:03:11,902   Simulation STOPPED.
2026-02-17 09:03:13,903   Waiting for ACTIVE status...
2026-02-17 09:03:13,905   Simulation STOPPED.
2026-02-17 09:03:15,906   Waiting for ACTIVE status...
2026-02-17 09:03:15,909   Simulation STOPPED.
2026-02-17 09:03:17,909   Waiting for ACTIVE status...
2026-02-17 09:03:17,912   Simulation STOPPED.
2026-02-17 09:03:19,913   Waiting for ACTIVE status...
2026-02-17 09:03:19,915   Simulation STOPPED.
2026-02-17 09:03:21,919   Waiting for ACTIVE status...
2026-02-17 09:03:21,922   Simulation STOPPED.
2026-02-17 09:03:23,923   Waiting for ACTIVE status...
2026-02-17 09:03:23,926   Simulation STOPPED.
2026-02-17 09:03:25,927   Waiting for ACTIVE status...
2026-02-17 09:03:25,931   Simulation STOPPED.
2026-02-17 09:03:27,932   Waiting for ACTIVE status...
2026-02-17 09:03:27,935   Simulation STOPPED.
2026-02-17 09:03:29,936   Waiting for ACTIVE status...
2026-02-17 09:03:29,939   Simulation STOPPED.
2026-02-17 09:03:31,942   Waiting for ACTIVE status...
2026-02-17 09:03:31,946   Simulation STOPPED.
2026-02-17 09:03:33,947   Waiting for ACTIVE status...
2026-02-17 09:03:33,949   Simulation STOPPED.
2026-02-17 09:03:35,950   Waiting for ACTIVE status...
2026-02-17 09:03:35,953   Simulation STOPPED.
2026-02-17 09:03:37,954   Waiting for ACTIVE status...
2026-02-17 09:03:37,958   Simulation STOPPED.
2026-02-17 09:03:39,959   Waiting for ACTIVE status...
2026-02-17 09:03:39,961   Simulation STOPPED.
2026-02-17 09:03:41,962   Waiting for ACTIVE status...
2026-02-17 09:03:41,965   Simulation STOPPED.
2026-02-17 09:03:43,966   Waiting for ACTIVE status...
2026-02-17 09:03:43,968   Simulation STOPPED.
2026-02-17 09:03:45,969   Waiting for ACTIVE status...
2026-02-17 09:03:45,972   Simulation STOPPED.
2026-02-17 09:03:47,973   Waiting for ACTIVE status...
2026-02-17 09:03:47,977   Simulation STOPPED.
2026-02-17 09:03:49,977   Waiting for ACTIVE status...
2026-02-17 09:03:49,980   Simulation STOPPED.
2026-02-17 09:03:51,981   Waiting for ACTIVE status...
2026-02-17 09:03:51,984   Simulation STOPPED.
2026-02-17 09:03:53,985   Waiting for ACTIVE status...
2026-02-17 09:03:53,988   Simulation STOPPED.
2026-02-17 09:03:55,989   Waiting for ACTIVE status...
2026-02-17 09:03:55,992   Simulation STOPPED.
2026-02-17 09:03:57,993   Waiting for ACTIVE status...
2026-02-17 09:03:57,996   Simulation STOPPED.
2026-02-17 09:03:59,997   Waiting for ACTIVE status...
2026-02-17 09:04:00,000   Simulation STOPPED.
2026-02-17 09:04:02,000   Waiting for ACTIVE status...
2026-02-17 09:04:02,003   Simulation STOPPED.
2026-02-17 09:04:04,004   Waiting for ACTIVE status...
2026-02-17 09:04:04,006   Simulation STOPPED.
2026-02-17 09:04:06,007   Waiting for ACTIVE status...
2026-02-17 09:04:06,011   Simulation STOPPED.
2026-02-17 09:04:08,012   Waiting for ACTIVE status...
2026-02-17 09:04:08,014   Simulation STOPPED.
2026-02-17 09:04:10,015   Waiting for ACTIVE status...
2026-02-17 09:04:10,017   Simulation STOPPED.
2026-02-17 09:04:12,018   Waiting for ACTIVE status...
2026-02-17 09:04:12,021   Simulation STOPPED.
2026-02-17 09:04:14,022   Waiting for ACTIVE status...
2026-02-17 09:04:14,024   Simulation STOPPED.
2026-02-17 09:04:16,025   Waiting for ACTIVE status...
2026-02-17 09:04:16,027   Simulation STOPPED.
2026-02-17 09:04:18,028   Waiting for ACTIVE status...
2026-02-17 09:04:18,031   Simulation STOPPED.
2026-02-17 09:04:20,032   Waiting for ACTIVE status...
2026-02-17 09:04:20,034   Simulation STOPPED.
2026-02-17 09:04:22,035   Waiting for ACTIVE status...
2026-02-17 09:04:22,039   Simulation STOPPED.
2026-02-17 09:04:24,040   Waiting for ACTIVE status...
2026-02-17 09:04:24,043   Simulation STOPPED.
2026-02-17 09:04:26,044   Waiting for ACTIVE status...
2026-02-17 09:04:26,047   Simulation STOPPED.
2026-02-17 09:04:28,047   Waiting for ACTIVE status...
2026-02-17 09:04:28,051   Simulation STOPPED.
2026-02-17 09:04:30,052   Waiting for ACTIVE status...
2026-02-17 09:04:30,056   Simulation STOPPED.
2026-02-17 09:04:32,056   Waiting for ACTIVE status...
2026-02-17 09:04:32,058   Simulation STOPPED.
2026-02-17 09:04:34,059   Waiting for ACTIVE status...
2026-02-17 09:04:34,062   Simulation STOPPED.
2026-02-17 09:04:36,062   Waiting for ACTIVE status...
2026-02-17 09:04:36,065   Simulation STOPPED.
2026-02-17 09:04:38,066   Waiting for ACTIVE status...
2026-02-17 09:04:38,070   Simulation STOPPED.
2026-02-17 09:04:40,071   Waiting for ACTIVE status...
2026-02-17 09:04:40,074   Simulation STOPPED.
2026-02-17 09:04:42,076   Waiting for ACTIVE status...
2026-02-17 09:04:42,078   Simulation STOPPED.
2026-02-17 09:04:44,079   Waiting for ACTIVE status...
2026-02-17 09:04:44,082   Simulation STOPPED.
2026-02-17 09:04:46,083   Waiting for ACTIVE status...
2026-02-17 09:04:46,086   Simulation STOPPED.
2026-02-17 09:04:48,087   Waiting for ACTIVE status...
2026-02-17 09:04:48,090   Simulation STOPPED.
2026-02-17 09:04:50,091   Waiting for ACTIVE status...
2026-02-17 09:04:50,094   Simulation STOPPED.
2026-02-17 09:04:52,094   Waiting for ACTIVE status...
2026-02-17 09:04:52,096   Simulation STOPPED.
2026-02-17 09:04:54,098   Waiting for ACTIVE status...
2026-02-17 09:04:54,238   Simulation STOPPED.
2026-02-17 09:04:56,239   Waiting for ACTIVE status...
2026-02-17 09:04:56,243   Simulation STOPPED.
2026-02-17 09:04:58,243   Waiting for ACTIVE status...
2026-02-17 09:04:58,245   Simulation STOPPED.
2026-02-17 09:05:00,246   Waiting for ACTIVE status...
2026-02-17 09:05:00,248   Simulation STOPPED.
2026-02-17 09:05:02,249   Waiting for ACTIVE status...
2026-02-17 09:05:02,250   Simulation STOPPED.
2026-02-17 09:05:04,251   Waiting for ACTIVE status...
2026-02-17 09:05:04,254   Simulation STOPPED.
2026-02-17 09:05:06,255   Waiting for ACTIVE status...
2026-02-17 09:05:06,257   Simulation STOPPED.
2026-02-17 09:05:08,258   Waiting for ACTIVE status...
2026-02-17 09:05:08,260   Simulation STOPPED.
2026-02-17 09:05:10,261   Waiting for ACTIVE status...
2026-02-17 09:05:10,262   Simulation STOPPED.
2026-02-17 09:05:12,263   Waiting for ACTIVE status...
2026-02-17 09:05:12,265   Simulation STOPPED.
2026-02-17 09:05:14,266   Waiting for ACTIVE status...
2026-02-17 09:05:14,269   Simulation STOPPED.
2026-02-17 09:05:16,270   Waiting for ACTIVE status...
2026-02-17 09:05:16,273   Simulation STOPPED.
2026-02-17 09:05:18,274   Waiting for ACTIVE status...
2026-02-17 09:05:18,276   Simulation STOPPED.
2026-02-17 09:05:20,276   Waiting for ACTIVE status...
2026-02-17 09:05:20,279   Simulation STOPPED.
2026-02-17 09:05:22,280   Waiting for ACTIVE status...
2026-02-17 09:05:22,282   Simulation STOPPED.
2026-02-17 09:05:24,283   Waiting for ACTIVE status...
2026-02-17 09:05:24,285   Simulation STOPPED.
2026-02-17 09:05:26,285   Waiting for ACTIVE status...
2026-02-17 09:05:26,287   Simulation STOPPED.
2026-02-17 09:05:28,288   Waiting for ACTIVE status...
2026-02-17 09:05:28,289   Simulation STOPPED.
2026-02-17 09:05:30,290   Waiting for ACTIVE status...
2026-02-17 09:05:30,293   Simulation STOPPED.
2026-02-17 09:05:32,293   Waiting for ACTIVE status...
2026-02-17 09:05:32,297   Simulation is ACTIVE!
2026-02-17 09:05:32,297 
================================================================================
  ALGO MARKET MAKING BOT V12.1 - AGGRESSIVE CAPACITY UTILIZATION
  Target: 50-70% intraday utilization | 3-layer quotes | Flatten before close
  Close-time limit: 9,000 | Intraday limit: 50,000
  http://localhost:9999/v1 | Key: AJDSYHVC
================================================================================

2026-02-17 09:05:32,303   Intraday gross limit: 50,000
2026-02-17 09:05:32,303   Close-time limit: 9,000
2026-02-17 09:05:32,303   Net limit: 30,000
2026-02-17 09:05:32,303   WNTR: per_stock=12,500, base_size=5000, rebate=$0.045, spread=0.02
2026-02-17 09:05:32,304   SMMR: per_stock=12,500, base_size=4500, rebate=$0.04, spread=0.03
2026-02-17 09:05:32,304   ATMN: per_stock=11,666, base_size=3000, rebate=$0.035, spread=0.04
2026-02-17 09:05:32,304   SPNG: per_stock=10,000, base_size=2000, rebate=$0.03, spread=0.05
2026-02-17 09:05:32,305   Starting NLV: $0.00
2026-02-17 09:05:34,198   T001 d01 | pos=[WNTR:+0 | SMMR:+0 | ATMN:+0 | SPNG:+0] | agg=0.0/50,000(0%) | net=0.0 | pnl=N/A | mkt=0 | tvol=0
2026-02-17 09:05:36,553   T005 d05 | pos=[WNTR:-5253 | SMMR:+2700 | ATMN:-12000 | SPNG:+7200] | agg=27,153.0/50,000(54%) | net=7,353.0 | pnl=N/A | mkt=0 | tvol=56,153.0
2026-02-17 09:05:41,569   T009 d09 | pos=[WNTR:-4505 | SMMR:-6248 | ATMN:-3000 | SPNG:+4479] | agg=18,232.0/50,000(36%) | net=9,274.0 | pnl=N/A | mkt=0 | tvol=111,676.0
2026-02-17 09:05:45,047   T013 d13 | pos=[WNTR:-5179 | SMMR:+17705 | ATMN:-2397 | SPNG:-4445] | agg=29,726.0/50,000(59%) | net=5,684.0 | pnl=N/A | mkt=0 | tvol=165,244.0
2026-02-17 09:05:50,390   T017 d17 | pos=[WNTR:-8394 | SMMR:-10081 | ATMN:-1032 | SPNG:-4367] | agg=23,874.0/50,000(48%) | net=23,874.0 | pnl=N/A | mkt=0 | tvol=243,122.0
2026-02-17 09:05:54,346   T021 d21 | pos=[WNTR:+4817 | SMMR:-4468 | ATMN:-4323 | SPNG:-5669] | agg=19,277.0/50,000(39%) | net=9,643.0 | pnl=N/A | mkt=0 | tvol=280,593.0
2026-02-17 09:05:58,358   T025 d25 | pos=[WNTR:-5478 | SMMR:-40 | ATMN:-5811 | SPNG:+1787] | agg=13,116.0/50,000(26%) | net=9,542.0 | pnl=N/A | mkt=0 | tvol=305,750.0
2026-02-17 09:06:02,956   T029 d29 | pos=[WNTR:+1473 | SMMR:+860 | ATMN:-2119 | SPNG:+1721] | agg=6,173.0/50,000(12%) | net=1,935.0 | pnl=N/A | mkt=0 | tvol=326,441.0
2026-02-17 09:06:04,896   T032 d32 | pos=[WNTR:+11473 | SMMR:+3110 | ATMN:+1424 | SPNG:+1902] | agg=17,909.0/50,000(36%) | net=17,909.0 | pnl=N/A | mkt=0 | tvol=342,415.0
2026-02-17 09:06:08,934   T036 d36 | pos=[WNTR:-3390 | SMMR:-6599 | ATMN:+4312 | SPNG:-2377] | agg=16,678.0/50,000(33%) | net=8,054.0 | pnl=N/A | mkt=0 | tvol=382,782.0
2026-02-17 09:06:12,446   T040 d40 | pos=[WNTR:+890 | SMMR:-6581 | ATMN:-1485 | SPNG:-3741] | agg=12,697.0/50,000(25%) | net=10,917.0 | pnl=N/A | mkt=0 | tvol=428,817.0
2026-02-17 09:06:15,966   T043 d43 | pos=[WNTR:-1649 | SMMR:-1512 | ATMN:-2257 | SPNG:+2685] | agg=8,103.0/50,000(16%) | net=2,733.0 | pnl=N/A | mkt=0 | tvol=455,505.0
2026-02-17 09:06:20,939     [LOCKDOWN] T50 sec=50 agg=3869.0 close_lim=9000
2026-02-17 09:06:30,891 
  === DAY 2 (tick 60) ===
2026-02-17 09:06:32,001   T061 d01 | pos=[WNTR:+0 | SMMR:+0 | ATMN:+0 | SPNG:-3869] | agg=3,869.0/50,000(8%) | net=3,869.0 | pnl=N/A | mkt=0 | tvol=482,185.0
2026-02-17 09:07:02,700 
  [SIMULATION ENDED]
2026-02-17 09:07:02,702   Final P&L: $0.00
2026-02-17 09:07:02,702   Orders: +510/-91
2026-02-17 09:07:02,703   Market orders: 0
2026-02-17 09:07:02,703   Volume: 482,185.0
2026-02-17 09:07:02,703 
  Waiting for next simulation...

2026-02-17 09:07:05,704   Waiting for ACTIVE status...
2026-02-17 09:07:05,707   Simulation STOPPED.
2026-02-17 09:07:07,707   Waiting for ACTIVE status...
2026-02-17 09:07:07,710   Simulation STOPPED.
2026-02-17 09:07:09,711   Waiting for ACTIVE status...
2026-02-17 09:07:09,715   Simulation STOPPED.
2026-02-17 09:07:11,716   Waiting for ACTIVE status...
2026-02-17 09:07:11,719   Simulation STOPPED.
2026-02-17 09:07:13,721   Waiting for ACTIVE status...
2026-02-17 09:07:13,724   Simulation STOPPED.
2026-02-17 09:07:15,725   Waiting for ACTIVE status...
2026-02-17 09:07:15,729   Simulation STOPPED.
2026-02-17 09:07:17,730   Waiting for ACTIVE status...
2026-02-17 09:07:17,733   Simulation STOPPED.
2026-02-17 09:07:19,734   Waiting for ACTIVE status...
2026-02-17 09:07:19,737   Simulation STOPPED.
2026-02-17 09:07:21,737   Waiting for ACTIVE status...
2026-02-17 09:07:21,741   Simulation STOPPED.
2026-02-17 09:07:23,742   Waiting for ACTIVE status...
2026-02-17 09:07:23,749   Simulation STOPPED.
2026-02-17 09:07:25,750   Waiting for ACTIVE status...
2026-02-17 09:07:25,754   Simulation STOPPED.
2026-02-17 09:07:27,754   Waiting for ACTIVE status...
2026-02-17 09:07:27,758   Simulation STOPPED.
2026-02-17 09:07:29,759   Waiting for ACTIVE status...
2026-02-17 09:07:29,761   Simulation STOPPED.
2026-02-17 09:07:31,762   Waiting for ACTIVE status...
2026-02-17 09:07:31,765   Simulation is ACTIVE!
2026-02-17 09:07:31,765 
================================================================================
  ALGO MARKET MAKING BOT V12.1 - AGGRESSIVE CAPACITY UTILIZATION
  Target: 50-70% intraday utilization | 3-layer quotes | Flatten before close
  Close-time limit: 9,000 | Intraday limit: 50,000
  http://localhost:9999/v1 | Key: AJDSYHVC
================================================================================

2026-02-17 09:07:31,767   Intraday gross limit: 50,000
2026-02-17 09:07:31,767   Close-time limit: 9,000
2026-02-17 09:07:31,767   Net limit: 30,000
2026-02-17 09:07:31,767   WNTR: per_stock=12,500, base_size=5000, rebate=$0.045, spread=0.02
2026-02-17 09:07:31,768   SMMR: per_stock=12,500, base_size=4500, rebate=$0.04, spread=0.03
2026-02-17 09:07:31,768   ATMN: per_stock=11,666, base_size=3000, rebate=$0.035, spread=0.04
2026-02-17 09:07:31,768   SPNG: per_stock=10,000, base_size=2000, rebate=$0.03, spread=0.05
2026-02-17 09:07:31,769   Starting NLV: $0.00
2026-02-17 09:07:33,966   T001 d01 | pos=[WNTR:+0 | SMMR:+0 | ATMN:+0 | SPNG:+0] | agg=0.0/50,000(0%) | net=0.0 | pnl=N/A | mkt=0 | tvol=0
2026-02-17 09:07:37,498   T005 d05 | pos=[WNTR:-9250 | SMMR:+0 | ATMN:+3000 | SPNG:+800] | agg=13,050.0/50,000(26%) | net=5,450.0 | pnl=N/A | mkt=0 | tvol=48,450.0
2026-02-17 09:07:40,828   T008 d08 | pos=[WNTR:+6300 | SMMR:-1441 | ATMN:+7541 | SPNG:+5280] | agg=20,562.0/50,000(41%) | net=17,680.0 | pnl=N/A | mkt=0 | tvol=89,480.0
2026-02-17 09:07:43,857   T011 d11 | pos=[WNTR:+2236 | SMMR:+3868 | ATMN:+7271 | SPNG:+2727] | agg=16,102.0/50,000(32%) | net=16,102.0 | pnl=N/A | mkt=0 | tvol=114,450.0
2026-02-17 09:07:47,868   T015 d15 | pos=[WNTR:-8304 | SMMR:-1279 | ATMN:+3197 | SPNG:-1521] | agg=14,301.0/50,000(29%) | net=7,907.0 | pnl=N/A | mkt=0 | tvol=162,867.0
2026-02-17 09:07:51,657   T019 d19 | pos=[WNTR:-13503 | SMMR:-1003 | ATMN:+3886 | SPNG:+1337] | agg=19,729.0/50,000(39%) | net=9,283.0 | pnl=N/A | mkt=0 | tvol=196,763.0
2026-02-17 09:07:55,617   T023 d23 | pos=[WNTR:+6382 | SMMR:+2408 | ATMN:+3658 | SPNG:-6799] | agg=19,247.0/50,000(38%) | net=5,649.0 | pnl=N/A | mkt=0 | tvol=236,777.0
2026-02-17 09:07:59,109   T026 d26 | pos=[WNTR:+5000 | SMMR:-1885 | ATMN:+6517 | SPNG:-2842] | agg=16,244.0/50,000(32%) | net=6,790.0 | pnl=N/A | mkt=0 | tvol=253,188.0
2026-02-17 09:08:02,648   T030 d30 | pos=[WNTR:+2203 | SMMR:+7354 | ATMN:-1921 | SPNG:-437] | agg=11,915.0/50,000(24%) | net=7,199.0 | pnl=N/A | mkt=0 | tvol=301,055.0
2026-02-17 09:08:06,424   T034 d34 | pos=[WNTR:-9967 | SMMR:-8362 | ATMN:-1921 | SPNG:-1470] | agg=21,720.0/50,000(43%) | net=21,720.0 | pnl=N/A | mkt=0 | tvol=333,358.0
2026-02-17 09:08:09,430   T037 d37 | pos=[WNTR:+2751 | SMMR:-9764 | ATMN:-5862 | SPNG:-1470] | agg=19,847.0/50,000(40%) | net=14,345.0 | pnl=N/A | mkt=0 | tvol=378,799.0
2026-02-17 09:08:12,520   T040 d40 | pos=[WNTR:+398 | SMMR:-12760 | ATMN:-6650 | SPNG:-1412] | agg=21,220.0/50,000(42%) | net=20,424.0 | pnl=N/A | mkt=0 | tvol=391,548.0
2026-02-17 09:08:15,574   T043 d43 | pos=[WNTR:+1841 | SMMR:+19010 | ATMN:-1052 | SPNG:-3200] | agg=25,103.0/50,000(50%) | net=16,599.0 | pnl=N/A | mkt=0 | tvol=442,147.0
2026-02-17 09:08:20,745     [LOCKDOWN] T50 sec=50 agg=0.0 close_lim=9000
2026-02-17 09:08:30,748 
  === DAY 2 (tick 60) ===
2026-02-17 09:08:33,670   T061 d01 | pos=[WNTR:+0 | SMMR:+0 | ATMN:+0 | SPNG:+0] | agg=0.0/50,000(0%) | net=0.0 | pnl=N/A | mkt=0 | tvol=485,536.0
2026-02-17 09:08:37,170   T064 d04 | pos=[WNTR:+1150 | SMMR:-1618 | ATMN:+600 | SPNG:+2000] | agg=5,368.0/50,000(11%) | net=2,132.0 | pnl=N/A | mkt=0 | tvol=507,604.0
2026-02-17 09:08:41,231   T068 d08 | pos=[WNTR:-3850 | SMMR:+1894 | ATMN:-4429 | SPNG:+5400] | agg=15,573.0/50,000(31%) | net=985.0 | pnl=N/A | mkt=0 | tvol=526,099.0
2026-02-17 09:08:45,303   T072 d12 | pos=[WNTR:+6043 | SMMR:+423 | ATMN:+4037 | SPNG:+5570] | agg=16,073.0/50,000(32%) | net=16,073.0 | pnl=N/A | mkt=0 | tvol=563,419.0
2026-02-17 09:08:48,828   T076 d16 | pos=[WNTR:+1110 | SMMR:+1889 | ATMN:-1093 | SPNG:+553] | agg=4,645.0/50,000(9%) | net=2,459.0 | pnl=N/A | mkt=0 | tvol=596,649.0
2026-02-17 09:08:52,861   T079 d19 | pos=[WNTR:+3610 | SMMR:-8471 | ATMN:-3583 | SPNG:+553] | agg=16,217.0/50,000(32%) | net=7,891.0 | pnl=N/A | mkt=0 | tvol=618,199.0
2026-02-17 09:08:56,575   T084 d24 | pos=[WNTR:-3612 | SMMR:-4326 | ATMN:-1215 | SPNG:-1672] | agg=10,825.0/50,000(22%) | net=10,825.0 | pnl=N/A | mkt=0 | tvol=638,581.0
2026-02-17 09:09:00,381   T087 d27 | pos=[WNTR:-444 | SMMR:-1480 | ATMN:-2472 | SPNG:+195] | agg=4,591.0/50,000(9%) | net=4,201.0 | pnl=N/A | mkt=0 | tvol=657,013.0
2026-02-17 09:09:04,399   T091 d31 | pos=[WNTR:-444 | SMMR:+997 | ATMN:+2923 | SPNG:+2730] | agg=7,094.0/50,000(14%) | net=6,206.0 | pnl=N/A | mkt=0 | tvol=680,442.0
2026-02-17 09:09:08,122   T095 d35 | pos=[WNTR:+1778 | SMMR:-4178 | ATMN:+2572 | SPNG:+1865] | agg=10,393.0/50,000(21%) | net=2,037.0 | pnl=N/A | mkt=0 | tvol=710,235.0
2026-02-17 09:09:12,324   T099 d39 | pos=[WNTR:-214 | SMMR:-2745 | ATMN:+499 | SPNG:-941] | agg=4,399.0/50,000(9%) | net=3,401.0 | pnl=N/A | mkt=0 | tvol=722,543.0
2026-02-17 09:09:16,078   T102 d42 | pos=[WNTR:-9001 | SMMR:+338 | ATMN:-2501 | SPNG:-2941] | agg=14,781.0/50,000(30%) | net=14,105.0 | pnl=N/A | mkt=0 | tvol=746,927.0
2026-02-17 09:09:21,305     [LOCKDOWN] T110 sec=50 agg=0.0 close_lim=10000
2026-02-17 09:09:31,336 
  === DAY 3 (tick 120) ===
2026-02-17 09:09:34,343   T121 d01 | pos=[WNTR:+0 | SMMR:+0 | ATMN:+0 | SPNG:+0] | agg=0.0/50,000(0%) | net=0.0 | pnl=N/A | mkt=0 | tvol=787,172.0
2026-02-17 09:09:38,596   T125 d05 | pos=[WNTR:+3500 | SMMR:-2250 | ATMN:+2136 | SPNG:+3360] | agg=11,246.0/50,000(22%) | net=6,746.0 | pnl=N/A | mkt=0 | tvol=805,446.0
2026-02-17 09:09:42,634   T129 d09 | pos=[WNTR:-530 | SMMR:-4374 | ATMN:+3865 | SPNG:+6459] | agg=15,228.0/50,000(30%) | net=5,420.0 | pnl=N/A | mkt=0 | tvol=831,422.0
2026-02-17 09:09:45,792   T133 d13 | pos=[WNTR:-2317 | SMMR:-2169 | ATMN:+733 | SPNG:+4199] | agg=9,418.0/50,000(19%) | net=446.0 | pnl=N/A | mkt=0 | tvol=854,646.0
2026-02-17 09:09:50,395   T136 d16 | pos=[WNTR:-481 | SMMR:+1029 | ATMN:-1377 | SPNG:+1826] | agg=4,713.0/50,000(9%) | net=997.0 | pnl=N/A | mkt=0 | tvol=874,821.0
2026-02-17 09:09:54,929   T141 d21 | pos=[WNTR:-1481 | SMMR:-2682 | ATMN:+700 | SPNG:-201] | agg=5,064.0/50,000(10%) | net=3,664.0 | pnl=N/A | mkt=0 | tvol=892,636.0
2026-02-17 09:09:57,997   T145 d25 | pos=[WNTR:-1481 | SMMR:+4078 | ATMN:-4855 | SPNG:-3801] | agg=14,215.0/50,000(28%) | net=6,059.0 | pnl=N/A | mkt=0 | tvol=923,651.0
2026-02-17 09:10:02,446   T148 d28 | pos=[WNTR:-1481 | SMMR:-3174 | ATMN:-3307 | SPNG:-1801] | agg=9,763.0/50,000(20%) | net=9,763.0 | pnl=N/A | mkt=0 | tvol=936,513.0
2026-02-17 09:10:06,272   T153 d33 | pos=[WNTR:-11791 | SMMR:-227 | ATMN:+218 | SPNG:-4150] | agg=16,386.0/50,000(33%) | net=15,950.0 | pnl=N/A | mkt=1 | tvol=962,988.0
2026-02-17 09:10:10,201   T156 d36 | pos=[WNTR:-9291 | SMMR:-4773 | ATMN:-2782 | SPNG:-821] | agg=17,667.0/50,000(35%) | net=17,667.0 | pnl=N/A | mkt=1 | tvol=976,363.0
2026-02-17 09:10:13,079   T160 d40 | pos=[WNTR:+7500 | SMMR:+728 | ATMN:+7166 | SPNG:-821] | agg=16,215.0/50,000(32%) | net=14,573.0 | pnl=N/A | mkt=1 | tvol=1,021,939.0
2026-02-17 09:10:21,941     [LOCKDOWN] T170 sec=50 agg=9247.0 close_lim=10000
2026-02-17 09:10:22,877     [FLATTEN] SMMR: MKT BUY 2247.0 (pos=-9247.0, agg=9247.0, target=7000)
2026-02-17 09:10:31,892 
  === DAY 4 (tick 180) ===
2026-02-17 09:10:34,824   T181 d01 | pos=[WNTR:+0 | SMMR:-7000 | ATMN:+0 | SPNG:+0] | agg=7,000.0/50,000(14%) | net=7,000.0 | pnl=N/A | mkt=3 | tvol=1,148,738.0
2026-02-17 09:10:39,541   T185 d05 | pos=[WNTR:+6000 | SMMR:+4520 | ATMN:+5420 | SPNG:-1000] | agg=16,940.0/50,000(34%) | net=14,940.0 | pnl=N/A | mkt=3 | tvol=1,174,678.0
2026-02-17 09:10:43,492   T189 d09 | pos=[WNTR:+11437 | SMMR:+10190 | ATMN:-1914 | SPNG:-3400] | agg=26,941.0/50,000(54%) | net=16,313.0 | pnl=N/A | mkt=4 | tvol=1,200,625.0
2026-02-17 09:10:46,673   T193 d13 | pos=[WNTR:+11254 | SMMR:+5403 | ATMN:-3625 | SPNG:+1384] | agg=21,666.0/50,000(43%) | net=14,416.0 | pnl=N/A | mkt=4 | tvol=1,225,804.0
2026-02-17 09:10:50,748   T196 d16 | pos=[WNTR:+1951 | SMMR:+5403 | ATMN:-2925 | SPNG:+271] | agg=10,550.0/50,000(21%) | net=4,700.0 | pnl=N/A | mkt=4 | tvol=1,237,840.0
2026-02-17 09:10:54,697   T200 d20 | pos=[WNTR:+4025 | SMMR:-1405 | ATMN:-4393 | SPNG:+4271] | agg=14,094.0/50,000(28%) | net=2,498.0 | pnl=N/A | mkt=4 | tvol=1,261,732.0
2026-02-17 09:10:55,795   T203 d23 | pos=[WNTR:+3708 | SMMR:+3295 | ATMN:-1091 | SPNG:+1112] | agg=9,206.0/50,000(18%) | net=7,024.0 | pnl=N/A | mkt=4 | tvol=1,285,796.0
2026-02-17 09:11:00,586   T206 d26 | pos=[WNTR:-7773 | SMMR:-6254 | ATMN:+3376 | SPNG:+2469] | agg=19,872.0/50,000(40%) | net=8,182.0 | pnl=N/A | mkt=4 | tvol=1,320,764.0
2026-02-17 09:11:04,611   T210 d30 | pos=[WNTR:-5520 | SMMR:-2379 | ATMN:+9253 | SPNG:+1702] | agg=18,854.0/50,000(38%) | net=3,056.0 | pnl=N/A | mkt=4 | tvol=1,358,318.0
2026-02-17 09:11:08,592   T214 d34 | pos=[WNTR:-8201 | SMMR:-3851 | ATMN:-659 | SPNG:+2275] | agg=14,986.0/50,000(30%) | net=10,436.0 | pnl=N/A | mkt=4 | tvol=1,401,974.0
2026-02-17 09:11:12,674   T218 d38 | pos=[WNTR:-2549 | SMMR:+3042 | ATMN:+2198 | SPNG:-1193] | agg=8,982.0/50,000(18%) | net=1,498.0 | pnl=N/A | mkt=4 | tvol=1,428,342.0
2026-02-17 09:11:16,694   T222 d42 | pos=[WNTR:+694 | SMMR:+126 | ATMN:+694 | SPNG:+1936] | agg=3,450.0/50,000(7%) | net=3,450.0 | pnl=N/A | mkt=4 | tvol=1,457,302.0
2026-02-17 09:11:22,306     [LOCKDOWN] T230 sec=50 agg=9494.0 close_lim=10000
2026-02-17 09:11:23,273     [FLATTEN] WNTR: MKT SELL 2494.0 (pos=5000.0, agg=9494.0, target=7000)
2026-02-17 09:11:32,330 
  === DAY 5 (tick 240) ===
2026-02-17 09:11:35,232   T241 d01 | pos=[WNTR:+2506 | SMMR:+2200 | ATMN:-2294 | SPNG:+0] | agg=7,000.0/50,000(14%) | net=2,412.0 | pnl=N/A | mkt=5 | tvol=1,514,810.0
2026-02-17 09:11:38,822   T244 d04 | pos=[WNTR:+904 | SMMR:-3091 | ATMN:+4293 | SPNG:-2000] | agg=10,288.0/50,000(21%) | net=106.0 | pnl=N/A | mkt=5 | tvol=1,536,088.0
2026-02-17 09:11:42,814   T248 d08 | pos=[WNTR:+571 | SMMR:-2738 | ATMN:-2809 | SPNG:-200] | agg=6,318.0/50,000(13%) | net=5,176.0 | pnl=N/A | mkt=5 | tvol=1,551,632.0
2026-02-17 09:11:46,799   T252 d12 | pos=[WNTR:-429 | SMMR:+3695 | ATMN:+912 | SPNG:-2600] | agg=7,636.0/50,000(15%) | net=1,578.0 | pnl=N/A | mkt=5 | tvol=1,566,786.0
2026-02-17 09:11:50,851   T256 d16 | pos=[WNTR:+3241 | SMMR:-2140 | ATMN:+3312 | SPNG:-2080] | agg=10,773.0/50,000(22%) | net=2,333.0 | pnl=N/A | mkt=5 | tvol=1,591,211.0
2026-02-17 09:11:53,860   T259 d19 | pos=[WNTR:+2503 | SMMR:+3082 | ATMN:+1822 | SPNG:-2002] | agg=9,409.0/50,000(19%) | net=5,405.0 | pnl=N/A | mkt=5 | tvol=1,617,855.0
2026-02-17 09:11:56,427   T262 d22 | pos=[WNTR:+8999 | SMMR:+4894 | ATMN:-2422 | SPNG:-2882] | agg=19,197.0/50,000(38%) | net=8,589.0 | pnl=N/A | mkt=5 | tvol=1,643,517.0
2026-02-17 09:11:59,989   T265 d25 | pos=[WNTR:-9171 | SMMR:+5111 | ATMN:-3455 | SPNG:-1420] | agg=19,157.0/50,000(38%) | net=8,935.0 | pnl=N/A | mkt=5 | tvol=1,667,075.0
2026-02-17 09:12:03,909   T269 d29 | pos=[WNTR:+4833 | SMMR:-566 | ATMN:-456 | SPNG:-2372] | agg=8,227.0/50,000(16%) | net=1,439.0 | pnl=N/A | mkt=6 | tvol=1,699,699.0
2026-02-17 09:12:07,508   T272 d32 | pos=[WNTR:+9612 | SMMR:-2400 | ATMN:+2544 | SPNG:-2402] | agg=16,958.0/50,000(34%) | net=7,354.0 | pnl=N/A | mkt=6 | tvol=1,730,598.0
2026-02-17 09:12:09,357   T275 d35 | pos=[WNTR:+11727 | SMMR:-888 | ATMN:+471 | SPNG:-3402] | agg=16,488.0/50,000(33%) | net=7,908.0 | pnl=N/A | mkt=6 | tvol=1,737,298.0
2026-02-17 09:12:13,551   T278 d38 | pos=[WNTR:-266 | SMMR:+3612 | ATMN:+483 | SPNG:-4302] | agg=8,663.0/50,000(17%) | net=473.0 | pnl=N/A | mkt=6 | tvol=1,760,993.0
2026-02-17 09:12:15,435   T281 d41 | pos=[WNTR:-5266 | SMMR:+1791 | ATMN:+3483 | SPNG:-2439] | agg=12,979.0/50,000(26%) | net=2,431.0 | pnl=N/A | mkt=6 | tvol=1,772,677.0
2026-02-17 09:12:22,679     [LOCKDOWN] T290 sec=50 agg=0.0 close_lim=10000
2026-02-17 09:12:32,663 
  === DAY 6 (tick 300) ===
2026-02-17 09:12:32,714 
  [SIMULATION ENDED]
2026-02-17 09:12:32,716   Final P&L: $0.00
2026-02-17 09:12:32,716   Orders: +2535/-430
2026-02-17 09:12:32,716   Market orders: 6
2026-02-17 09:12:32,717   Volume: 1,811,450.0
2026-02-17 09:12:32,717 
  Waiting for next simulation...

2026-02-17 09:12:35,717   Waiting for ACTIVE status...
2026-02-17 09:12:35,720   Simulation STOPPED.
2026-02-17 09:12:37,720   Waiting for ACTIVE status...
2026-02-17 09:12:37,724   Simulation STOPPED.
2026-02-17 09:12:39,724   Waiting for ACTIVE status...
2026-02-17 09:12:39,727   Simulation STOPPED.
2026-02-17 09:12:41,728   Waiting for ACTIVE status...
2026-02-17 09:12:41,731   Simulation STOPPED.
2026-02-17 09:12:43,732   Waiting for ACTIVE status...
2026-02-17 09:12:43,734   Simulation STOPPED.
2026-02-17 09:12:45,735   Waiting for ACTIVE status...
2026-02-17 09:12:45,736   Simulation STOPPED.
2026-02-17 09:12:47,737   Waiting for ACTIVE status...
2026-02-17 09:12:47,739   Simulation STOPPED.
2026-02-17 09:12:49,739   Waiting for ACTIVE status...
2026-02-17 09:12:49,742   Simulation STOPPED.
2026-02-17 09:12:51,743   Waiting for ACTIVE status...
2026-02-17 09:12:51,746   Simulation STOPPED.
2026-02-17 09:12:53,747   Waiting for ACTIVE status...
2026-02-17 09:12:53,749   Simulation STOPPED.
2026-02-17 09:12:55,750   Waiting for ACTIVE status...
2026-02-17 09:12:55,753   Simulation STOPPED.
2026-02-17 09:12:57,753   Waiting for ACTIVE status...
2026-02-17 09:12:57,756   Simulation STOPPED.
2026-02-17 09:12:59,757   Waiting for ACTIVE status...
2026-02-17 09:12:59,759   Simulation STOPPED.
2026-02-17 09:13:01,760   Waiting for ACTIVE status...
2026-02-17 09:13:01,762   Simulation STOPPED.
2026-02-17 09:13:03,763   Waiting for ACTIVE status...
2026-02-17 09:13:03,766   Simulation STOPPED.
2026-02-17 09:13:05,767   Waiting for ACTIVE status...
2026-02-17 09:13:05,770   Simulation STOPPED.
2026-02-17 09:13:07,771   Waiting for ACTIVE status...
2026-02-17 09:13:07,774   Simulation STOPPED.
2026-02-17 09:13:09,775   Waiting for ACTIVE status...
2026-02-17 09:13:09,778   Simulation STOPPED.
2026-02-17 09:13:11,778   Waiting for ACTIVE status...
2026-02-17 09:13:11,781   Simulation STOPPED.
2026-02-17 09:13:13,781   Waiting for ACTIVE status...
2026-02-17 09:13:13,784   Simulation STOPPED.
2026-02-17 09:13:15,785   Waiting for ACTIVE status...
2026-02-17 09:13:15,789   Simulation STOPPED.
2026-02-17 09:13:17,789   Waiting for ACTIVE status...
2026-02-17 09:13:17,792   Simulation STOPPED.
2026-02-17 09:13:19,793   Waiting for ACTIVE status...
2026-02-17 09:13:19,796   Simulation STOPPED.
2026-02-17 09:13:21,797   Waiting for ACTIVE status...
2026-02-17 09:13:21,801   Simulation STOPPED.
2026-02-17 09:13:23,801   Waiting for ACTIVE status...
2026-02-17 09:13:23,804   Simulation STOPPED.
2026-02-17 09:13:25,805   Waiting for ACTIVE status...
2026-02-17 09:13:25,807   Simulation STOPPED.
2026-02-17 09:13:27,808   Waiting for ACTIVE status...
2026-02-17 09:13:27,811   Simulation STOPPED.
2026-02-17 09:13:29,811   Waiting for ACTIVE status...
2026-02-17 09:13:29,814   Simulation STOPPED.
2026-02-17 09:13:31,815   Waiting for ACTIVE status...
2026-02-17 09:13:31,818   Simulation STOPPED.
2026-02-17 09:13:33,818   Waiting for ACTIVE status...
2026-02-17 09:13:33,821   Simulation STOPPED.
2026-02-17 09:13:35,822   Waiting for ACTIVE status...
2026-02-17 09:13:35,825   Simulation STOPPED.
2026-02-17 09:13:37,826   Waiting for ACTIVE status...
2026-02-17 09:13:37,829   Simulation STOPPED.
2026-02-17 09:13:39,830   Waiting for ACTIVE status...
2026-02-17 09:13:39,833   Simulation STOPPED.
2026-02-17 09:13:41,833   Waiting for ACTIVE status...
2026-02-17 09:13:41,836   Simulation STOPPED.
2026-02-17 09:13:43,837   Waiting for ACTIVE status...
2026-02-17 09:13:43,839   Simulation STOPPED.
2026-02-17 09:13:45,840   Waiting for ACTIVE status...
2026-02-17 09:13:45,842   Simulation STOPPED.
2026-02-17 09:13:47,843   Waiting for ACTIVE status...
2026-02-17 09:13:47,847   Simulation STOPPED.
2026-02-17 09:13:49,848   Waiting for ACTIVE status...
2026-02-17 09:13:49,850   Simulation STOPPED.
2026-02-17 09:13:51,851   Waiting for ACTIVE status...
2026-02-17 09:13:51,853   Simulation STOPPED.
2026-02-17 09:13:53,854   Waiting for ACTIVE status...
2026-02-17 09:13:53,857   Simulation STOPPED.
2026-02-17 09:13:55,858   Waiting for ACTIVE status...
2026-02-17 09:13:55,861   Simulation STOPPED.
2026-02-17 09:13:57,862   Waiting for ACTIVE status...
2026-02-17 09:13:57,865   Simulation STOPPED.
2026-02-17 09:13:59,866   Waiting for ACTIVE status...
2026-02-17 09:13:59,868   Simulation STOPPED.
2026-02-17 09:14:01,869   Waiting for ACTIVE status...
2026-02-17 09:14:01,871   Simulation STOPPED.
2026-02-17 09:14:03,872   Waiting for ACTIVE status...
2026-02-17 09:14:03,876   Simulation STOPPED.
2026-02-17 09:14:05,877   Waiting for ACTIVE status...
2026-02-17 09:14:05,880   Simulation STOPPED.
2026-02-17 09:14:07,881   Waiting for ACTIVE status...
2026-02-17 09:14:07,884   Simulation STOPPED.
2026-02-17 09:14:09,885   Waiting for ACTIVE status...
2026-02-17 09:14:09,887   Simulation STOPPED.
2026-02-17 09:14:11,888   Waiting for ACTIVE status...
2026-02-17 09:14:11,890   Simulation STOPPED.
