2026-02-15 15:47:53,332   Waiting for RIT connection...
2026-02-15 15:47:53,359   Connected!
2026-02-15 15:47:53,359   Waiting for ACTIVE status...
2026-02-15 15:47:53,366   Simulation STOPPED.
2026-02-15 15:47:55,368   Waiting for ACTIVE status...
2026-02-15 15:47:55,374   Simulation STOPPED.
2026-02-15 15:47:57,375   Waiting for ACTIVE status...
2026-02-15 15:47:57,383   Simulation STOPPED.
2026-02-15 15:47:59,384   Waiting for ACTIVE status...
2026-02-15 15:47:59,386   Simulation STOPPED.
2026-02-15 15:48:01,388   Waiting for ACTIVE status...
2026-02-15 15:48:01,471   Simulation STOPPED.
2026-02-15 15:48:03,474   Waiting for ACTIVE status...
2026-02-15 15:48:07,004   Simulation STOPPED.
2026-02-15 15:48:09,025   Waiting for ACTIVE status...
2026-02-15 15:48:09,032   Simulation STOPPED.
2026-02-15 15:48:11,035   Waiting for ACTIVE status...
2026-02-15 15:48:11,041   Simulation STOPPED.
2026-02-15 15:48:13,042   Waiting for ACTIVE status...
2026-02-15 15:48:13,048   Simulation STOPPED.
2026-02-15 15:48:15,049   Waiting for ACTIVE status...
2026-02-15 15:48:15,055   Simulation STOPPED.
2026-02-15 15:48:17,057   Waiting for ACTIVE status...
2026-02-15 15:48:17,063   Simulation STOPPED.
2026-02-15 15:48:19,065   Waiting for ACTIVE status...
2026-02-15 15:48:19,071   Simulation STOPPED.
2026-02-15 15:48:21,073   Waiting for ACTIVE status...
2026-02-15 15:48:21,076   Simulation STOPPED.
2026-02-15 15:48:23,078   Waiting for ACTIVE status...
2026-02-15 15:48:23,081   Simulation STOPPED.
2026-02-15 15:48:25,083   Waiting for ACTIVE status...
2026-02-15 15:48:25,089   Simulation STOPPED.
2026-02-15 15:48:27,090   Waiting for ACTIVE status...
2026-02-15 15:48:27,120   Simulation is ACTIVE!
2026-02-15 15:48:27,122 
================================================================================
  ALGO MARKET MAKING BOT V11 - FULL CAPACITY VOLUME MAXIMIZER
  Target: 70-90% Gross Utilization | Layered Quotes | Rapid Turnover
  http://localhost:10000/v1 | Key: AJDSYHVC
================================================================================

2026-02-15 15:48:27,153   Gross limit: 50,000
2026-02-15 15:48:27,154   Net limit: 30,000
2026-02-15 15:48:27,156   WNTR: per_stock=13,950, base_size=2500, rebate=$0.045, spread=0.02
2026-02-15 15:48:27,157   SMMR: per_stock=12,400, base_size=2200, rebate=$0.04, spread=0.02
2026-02-15 15:48:27,159   ATMN: per_stock=10,850, base_size=1800, rebate=$0.035, spread=0.03
2026-02-15 15:48:27,161   SPNG: per_stock=9,300, base_size=1500, rebate=$0.03, spread=0.04
2026-02-15 15:48:38,699     [REDUCE-MKT] ATMN: SELL 1627 (pos=11663.0)
2026-02-15 15:48:47,254     [REDUCE-MKT] WNTR: BUY 2092 (pos=-14285.0)
2026-02-15 15:48:50,824     [REDUCE-MKT] SMMR: BUY 1860 (pos=-15387.0)
