2026-02-20 20:18:31,300 [INFO] news_parser: NEWS: Current realized vol = 27.0% (history: ['27%']) [NOW USING REALIZED]
2026-02-20 20:18:31,301 [INFO] news_parser: NEWS: Delta limit = 12000
2026-02-20 20:18:31,302 [INFO] news_parser: NEWS: Penalty rate = 2.00%
2026-02-20 20:18:32,094 [INFO] trading_engine: WEEK 1 positioning tick 2
2026-02-20 20:18:32,095 [INFO] trading_engine: Immediate positioning at week 1 tick 2
2026-02-20 20:18:32,104 [INFO] trading_engine: FORCED SIZE: |IV-RV|=7.59% > 5.00% => n=875 SHORT @ K=50
2026-02-20 20:18:32,114 [INFO] rit_api: MARKET SELL 100 RTM1C50 -> order_id=276
2026-02-20 20:18:32,150 [INFO] rit_api: MARKET SELL 100 RTM1P50 -> order_id=289
2026-02-20 20:18:32,163 [INFO] rit_api: MARKET SELL 100 RTM1C50 -> order_id=290
2026-02-20 20:18:32,175 [INFO] rit_api: MARKET SELL 100 RTM1P50 -> order_id=291
2026-02-20 20:18:32,189 [INFO] rit_api: MARKET SELL 100 RTM1C50 -> order_id=292
2026-02-20 20:18:32,198 [INFO] rit_api: MARKET SELL 100 RTM1P50 -> order_id=293
2026-02-20 20:18:32,207 [INFO] rit_api: MARKET SELL 100 RTM1C50 -> order_id=294
2026-02-20 20:18:32,217 [INFO] rit_api: MARKET SELL 100 RTM1P50 -> order_id=295
2026-02-20 20:18:32,227 [INFO] rit_api: MARKET SELL 100 RTM1C50 -> order_id=296
2026-02-20 20:18:32,264 [INFO] rit_api: MARKET SELL 100 RTM1P50 -> order_id=297
2026-02-20 20:18:32,274 [INFO] rit_api: MARKET BUY 100 RTM1C54 -> order_id=298
2026-02-20 20:18:32,299 [INFO] rit_api: MARKET BUY 100 RTM1P45 -> order_id=299
2026-02-20 20:18:32,306 [INFO] rit_api: MARKET SELL 100 RTM1C50 -> order_id=300
2026-02-20 20:18:32,315 [INFO] rit_api: MARKET SELL 100 RTM1P50 -> order_id=301
2026-02-20 20:18:32,325 [INFO] rit_api: MARKET BUY 100 RTM1C54 -> order_id=302
2026-02-20 20:18:32,335 [INFO] rit_api: MARKET BUY 100 RTM1P45 -> order_id=303
2026-02-20 20:18:32,345 [INFO] rit_api: MARKET SELL 100 RTM1C50 -> order_id=304
2026-02-20 20:18:32,356 [INFO] rit_api: MARKET SELL 100 RTM1P50 -> order_id=305
2026-02-20 20:18:32,363 [INFO] rit_api: MARKET BUY 100 RTM1C54 -> order_id=306
2026-02-20 20:18:32,372 [INFO] rit_api: MARKET BUY 100 RTM1P45 -> order_id=307
2026-02-20 20:18:32,382 [INFO] rit_api: MARKET SELL 100 RTM1C50 -> order_id=308
2026-02-20 20:18:32,394 [INFO] rit_api: MARKET SELL 100 RTM1P50 -> order_id=309
2026-02-20 20:18:32,402 [INFO] rit_api: MARKET BUY 75 RTM1C54 -> order_id=311
2026-02-20 20:18:32,410 [INFO] rit_api: MARKET BUY 75 RTM1P45 -> order_id=314
2026-02-20 20:18:32,418 [INFO] rit_api: MARKET SELL 75 RTM1C50 -> order_id=316
2026-02-20 20:18:32,426 [INFO] rit_api: MARKET SELL 75 RTM1P50 -> order_id=317
2026-02-20 20:18:32,426 [INFO] trading_engine: STRADDLE SELL 875/875 @ K=50: 26 orders | ATM 875C+875P | EXTREME C54 375 + P45 375
2026-02-20 20:18:32,427 [INFO] trading_engine: POSITIONED: 875 SHORT straddles @ 50 (week 1, expected $0)
2026-02-20 20:19:03,238 [INFO] trading_engine: Hedge qty capped: requested 13428, capped 10000
2026-02-20 20:19:03,253 [INFO] rit_api: MARKET SELL 10000 RTM -> order_id=3647
2026-02-20 20:19:03,253 [INFO] trading_engine: HEDGE SELL 10000 RTM | delta 13428 -> ~3428 | target 0 (0% of limit 12000) | mode limit
2026-02-20 20:19:05,233 [WARNING] rit_api: POST /orders returned 500: {"code":"INTERNAL_SERVER_ERROR","message":"Order request cannot be submitted because it will exceed net trading limits in the risk category Limit-OPT."}
2026-02-20 20:19:05,244 [INFO] rit_api: MARKET BUY 100 RTM1C50 -> order_id=3757
2026-02-20 20:19:05,257 [INFO] rit_api: MARKET BUY 46 RTM1C50 -> order_id=3758
2026-02-20 20:19:05,266 [INFO] rit_api: MARKET BUY 100 RTM1P50 -> order_id=3759
2026-02-20 20:19:05,276 [INFO] rit_api: MARKET BUY 46 RTM1P50 -> order_id=3761
2026-02-20 20:19:05,286 [INFO] rit_api: MARKET SELL 63 RTM1C54 -> order_id=3762
2026-02-20 20:19:05,293 [INFO] rit_api: MARKET BUY 1667 RTM -> order_id=3763
2026-02-20 20:19:05,294 [INFO] trading_engine: SCHEDULED CLOSE tick 35: options_closed=355 stock_closed=1667 orders=6
2026-02-20 20:19:05,299 [INFO] trading_engine: Scheduled close week 1 tick 35 (window 35-40), trades=6
2026-02-20 20:19:06,247 [INFO] news_parser: NEWS: Current realized vol = 6.0% (history: ['27%', '6%']) [NOW USING REALIZED]
2026-02-20 20:19:06,248 [INFO] news_parser: NEWS: Forecast vol next week = 6.0% - 11.0% (mid=8.5%) [NOW USING FORECAST]
2026-02-20 20:19:06,267 [INFO] rit_api: MARKET SELL 75 RTM1P45 -> order_id=3818
2026-02-20 20:19:06,278 [INFO] rit_api: MARKET BUY 100 RTM1C50 -> order_id=3819
2026-02-20 20:19:06,289 [INFO] rit_api: MARKET BUY 46 RTM1C50 -> order_id=3820
2026-02-20 20:19:06,298 [INFO] rit_api: MARKET BUY 100 RTM1P50 -> order_id=3821
2026-02-20 20:19:06,314 [INFO] rit_api: MARKET BUY 46 RTM1P50 -> order_id=3823
2026-02-20 20:19:06,324 [INFO] rit_api: MARKET SELL 63 RTM1C54 -> order_id=3824
2026-02-20 20:19:06,334 [INFO] rit_api: MARKET BUY 1667 RTM -> order_id=3825
2026-02-20 20:19:06,335 [INFO] trading_engine: SCHEDULED CLOSE tick 36: options_closed=430 stock_closed=1667 orders=7
2026-02-20 20:19:06,339 [INFO] trading_engine: Hedge qty capped: requested 30789, capped 10000
2026-02-20 20:19:06,360 [INFO] rit_api: MARKET SELL 10000 RTM -> order_id=3827
2026-02-20 20:19:06,360 [INFO] trading_engine: HEDGE SELL 10000 RTM | delta 30789 -> ~20789 | target 0 (0% of limit 12000) | mode close-limit
2026-02-20 20:19:06,360 [INFO] trading_engine: Scheduled close week 1 tick 36 (window 35-40), trades=7
2026-02-20 20:19:06,866 [INFO] trading_engine: Hedge qty capped: requested 14621, capped 10000
2026-02-20 20:19:06,882 [INFO] rit_api: MARKET SELL 10000 RTM -> order_id=3860
2026-02-20 20:19:06,883 [INFO] trading_engine: HEDGE SELL 10000 RTM | delta 14621 -> ~4621 | target 0 (0% of limit 12000) | mode close-limit
2026-02-20 20:19:07,277 [INFO] rit_api: MARKET SELL 75 RTM1P45 -> order_id=3916
2026-02-20 20:19:07,287 [INFO] rit_api: MARKET BUY 100 RTM1C50 -> order_id=3917
2026-02-20 20:19:07,296 [INFO] rit_api: MARKET BUY 46 RTM1C50 -> order_id=3918
2026-02-20 20:19:07,304 [INFO] rit_api: MARKET BUY 100 RTM1P50 -> order_id=3921
2026-02-20 20:19:07,312 [INFO] rit_api: MARKET BUY 46 RTM1P50 -> order_id=3923
2026-02-20 20:19:07,322 [INFO] rit_api: MARKET SELL 63 RTM1C54 -> order_id=3925
2026-02-20 20:19:07,331 [INFO] rit_api: MARKET BUY 6667 RTM -> order_id=3927
2026-02-20 20:19:07,332 [INFO] trading_engine: SCHEDULED CLOSE tick 37: options_closed=430 stock_closed=6667 orders=7
2026-02-20 20:19:07,335 [INFO] trading_engine: Scheduled close week 1 tick 37 (window 35-40), trades=7
2026-02-20 20:19:08,260 [INFO] rit_api: MARKET SELL 75 RTM1P45 -> order_id=4009
2026-02-20 20:19:08,269 [INFO] rit_api: MARKET BUY 100 RTM1C50 -> order_id=4010
2026-02-20 20:19:08,285 [INFO] rit_api: MARKET BUY 46 RTM1C50 -> order_id=4011
2026-02-20 20:19:08,294 [INFO] rit_api: MARKET BUY 100 RTM1P50 -> order_id=4012
2026-02-20 20:19:08,305 [INFO] rit_api: MARKET BUY 46 RTM1P50 -> order_id=4013
2026-02-20 20:19:08,315 [INFO] rit_api: MARKET SELL 62 RTM1C54 -> order_id=4014
2026-02-20 20:19:08,322 [INFO] rit_api: MARKET BUY 6667 RTM -> order_id=4015
2026-02-20 20:19:08,323 [INFO] trading_engine: SCHEDULED CLOSE tick 38: options_closed=429 stock_closed=6667 orders=7
2026-02-20 20:19:08,327 [INFO] trading_engine: Scheduled close week 1 tick 38 (window 35-40), trades=7
2026-02-20 20:19:09,277 [INFO] rit_api: MARKET SELL 75 RTM1P45 -> order_id=4101
2026-02-20 20:19:09,289 [INFO] rit_api: MARKET BUY 100 RTM1C50 -> order_id=4103
2026-02-20 20:19:09,299 [INFO] rit_api: MARKET BUY 46 RTM1C50 -> order_id=4104
2026-02-20 20:19:09,313 [INFO] rit_api: MARKET BUY 100 RTM1P50 -> order_id=4105
2026-02-20 20:19:09,326 [INFO] rit_api: MARKET BUY 46 RTM1P50 -> order_id=4107
2026-02-20 20:19:09,335 [INFO] rit_api: MARKET SELL 62 RTM1C54 -> order_id=4109
2026-02-20 20:19:09,344 [INFO] rit_api: MARKET BUY 6666 RTM -> order_id=4111
2026-02-20 20:19:09,345 [INFO] trading_engine: SCHEDULED CLOSE tick 39: options_closed=429 stock_closed=6666 orders=7
2026-02-20 20:19:09,352 [INFO] trading_engine: Scheduled close week 1 tick 39 (window 35-40), trades=7
2026-02-20 20:19:10,283 [INFO] rit_api: MARKET SELL 75 RTM1P45 -> order_id=4195
2026-02-20 20:19:10,295 [INFO] rit_api: MARKET BUY 100 RTM1C50 -> order_id=4198
2026-02-20 20:19:10,308 [INFO] rit_api: MARKET BUY 45 RTM1C50 -> order_id=4201
2026-02-20 20:19:10,316 [INFO] rit_api: MARKET BUY 100 RTM1P50 -> order_id=4206
2026-02-20 20:19:10,325 [INFO] rit_api: MARKET BUY 45 RTM1P50 -> order_id=4208
2026-02-20 20:19:10,336 [INFO] rit_api: MARKET SELL 62 RTM1C54 -> order_id=4210
2026-02-20 20:19:10,346 [INFO] rit_api: MARKET BUY 6666 RTM -> order_id=4213
2026-02-20 20:19:10,347 [INFO] trading_engine: SCHEDULED CLOSE tick 40: options_closed=427 stock_closed=6666 orders=7
2026-02-20 20:19:10,351 [INFO] trading_engine: Scheduled close week 1 tick 40 (window 35-40), trades=7
2026-02-20 20:19:11,276 [INFO] trading_engine: Position flat. Waiting for next scheduled positioning tick.
2026-02-20 20:19:45,459 [INFO] news_parser: NEWS: Current realized vol = 11.0% (history: ['27%', '6%', '11%']) [NOW USING REALIZED]
2026-02-20 20:19:45,476 [INFO] trading_engine: WEEK 2 positioning tick 75
2026-02-20 20:19:45,477 [INFO] trading_engine: Immediate positioning at week 2 tick 75
2026-02-20 20:19:45,488 [INFO] trading_engine: FORCED SIZE: |IV-RV|=16.76% > 5.00% => n=875 SHORT @ K=50
2026-02-20 20:19:45,511 [INFO] rit_api: MARKET SELL 100 RTM1C50 -> order_id=6901
2026-02-20 20:19:45,521 [INFO] rit_api: MARKET SELL 100 RTM1P50 -> order_id=6912
2026-02-20 20:19:45,533 [INFO] rit_api: MARKET SELL 100 RTM1C50 -> order_id=6932
2026-02-20 20:19:45,541 [INFO] rit_api: MARKET SELL 100 RTM1P50 -> order_id=6935
2026-02-20 20:19:45,556 [INFO] rit_api: MARKET SELL 100 RTM1C50 -> order_id=6936
2026-02-20 20:19:45,569 [INFO] rit_api: MARKET SELL 100 RTM1P50 -> order_id=6939
2026-02-20 20:19:45,582 [INFO] rit_api: MARKET SELL 100 RTM1C50 -> order_id=6941
2026-02-20 20:19:45,592 [INFO] rit_api: MARKET SELL 100 RTM1P50 -> order_id=6943
2026-02-20 20:19:45,602 [INFO] rit_api: MARKET SELL 100 RTM1C50 -> order_id=6944
2026-02-20 20:19:45,613 [INFO] rit_api: MARKET SELL 100 RTM1P50 -> order_id=6945
2026-02-20 20:19:45,621 [INFO] rit_api: MARKET BUY 100 RTM1C54 -> order_id=6946
2026-02-20 20:19:45,629 [INFO] rit_api: MARKET BUY 100 RTM1P45 -> order_id=6947
2026-02-20 20:19:45,638 [INFO] rit_api: MARKET SELL 100 RTM1C50 -> order_id=6948
2026-02-20 20:19:45,647 [INFO] rit_api: MARKET SELL 100 RTM1P50 -> order_id=6951
2026-02-20 20:19:45,658 [INFO] rit_api: MARKET BUY 100 RTM1C54 -> order_id=6953
2026-02-20 20:19:45,670 [INFO] rit_api: MARKET BUY 100 RTM1P45 -> order_id=6954
2026-02-20 20:19:45,679 [INFO] rit_api: MARKET SELL 100 RTM1C50 -> order_id=6956
2026-02-20 20:19:45,692 [INFO] rit_api: MARKET SELL 100 RTM1P50 -> order_id=6958
2026-02-20 20:19:45,703 [INFO] rit_api: MARKET BUY 100 RTM1C54 -> order_id=6961
2026-02-20 20:19:45,718 [INFO] rit_api: MARKET BUY 100 RTM1P45 -> order_id=6962
2026-02-20 20:19:45,772 [INFO] rit_api: MARKET SELL 100 RTM1C50 -> order_id=6965
2026-02-20 20:19:45,782 [INFO] rit_api: MARKET SELL 100 RTM1P50 -> order_id=6966
2026-02-20 20:19:45,793 [INFO] rit_api: MARKET BUY 75 RTM1C54 -> order_id=6967
2026-02-20 20:19:45,821 [INFO] rit_api: MARKET BUY 75 RTM1P45 -> order_id=6970
2026-02-20 20:19:45,832 [INFO] rit_api: MARKET SELL 75 RTM1C50 -> order_id=6971
2026-02-20 20:19:45,843 [INFO] rit_api: MARKET SELL 75 RTM1P50 -> order_id=6973
2026-02-20 20:19:45,844 [INFO] trading_engine: STRADDLE SELL 875/875 @ K=50: 26 orders | ATM 875C+875P | EXTREME C54 375 + P45 375
2026-02-20 20:19:45,844 [INFO] trading_engine: POSITIONED: 875 SHORT straddles @ 50 (week 2, expected $0)
2026-02-20 20:19:46,360 [INFO] trading_engine: Hedge qty capped: requested 22146, capped 10000
2026-02-20 20:19:46,376 [INFO] rit_api: MARKET SELL 10000 RTM -> order_id=7002
2026-02-20 20:19:46,377 [INFO] trading_engine: HEDGE SELL 10000 RTM | delta 22146 -> ~12146 | target 0 (0% of limit 12000) | mode limit
2026-02-20 20:19:49,476 [INFO] trading_engine: Hedge qty capped: requested 13408, capped 10000
2026-02-20 20:19:49,536 [INFO] rit_api: MARKET BUY 10000 RTM -> order_id=7328
2026-02-20 20:19:49,537 [INFO] trading_engine: HEDGE BUY 10000 RTM | delta -13408 -> ~-3408 | target -0 (0% of limit 12000) | mode limit
2026-02-20 20:19:58,514 [INFO] trading_engine: Hedge qty capped: requested 14760, capped 10000
2026-02-20 20:19:58,541 [INFO] rit_api: MARKET BUY 10000 RTM -> order_id=8307
2026-02-20 20:19:58,556 [INFO] trading_engine: HEDGE BUY 10000 RTM | delta -14760 -> ~-4760 | target -0 (0% of limit 12000) | mode limit
2026-02-20 20:20:06,570 [INFO] trading_engine: Hedge qty capped: requested 21054, capped 10000
2026-02-20 20:20:06,590 [INFO] rit_api: MARKET SELL 10000 RTM -> order_id=9174
2026-02-20 20:20:06,591 [INFO] trading_engine: HEDGE SELL 10000 RTM | delta 21054 -> ~11054 | target 0 (0% of limit 12000) | mode limit
2026-02-20 20:20:08,559 [INFO] trading_engine: Hedge qty capped: requested 14264, capped 10000
2026-02-20 20:20:08,588 [INFO] rit_api: MARKET BUY 10000 RTM -> order_id=9370
2026-02-20 20:20:08,589 [INFO] trading_engine: HEDGE BUY 10000 RTM | delta -14264 -> ~-4264 | target -0 (0% of limit 12000) | mode limit
2026-02-20 20:20:21,700 [INFO] rit_api: MARKET SELL 63 RTM1P45 -> order_id=10583
2026-02-20 20:20:21,711 [INFO] rit_api: MARKET BUY 13 RTM1C50 -> order_id=10584
2026-02-20 20:20:21,743 [INFO] rit_api: MARKET BUY 13 RTM1P50 -> order_id=10590
2026-02-20 20:20:21,762 [INFO] rit_api: MARKET SELL 63 RTM1C54 -> order_id=10594
2026-02-20 20:20:21,777 [INFO] rit_api: MARKET SELL 1667 RTM -> order_id=10595
2026-02-20 20:20:21,777 [INFO] trading_engine: SCHEDULED CLOSE tick 111: options_closed=152 stock_closed=1667 orders=5
2026-02-20 20:20:21,784 [INFO] trading_engine: Scheduled close week 2 tick 111 (window 111-116), trades=5
2026-02-20 20:20:22,700 [INFO] news_parser: NEWS: Current realized vol = 17.0% (history: ['27%', '6%', '11%', '17%']) [NOW USING REALIZED]
2026-02-20 20:20:22,700 [INFO] news_parser: NEWS: Forecast vol next week = 17.0% - 22.0% (mid=19.5%) [NOW USING FORECAST]
2026-02-20 20:20:22,766 [INFO] rit_api: MARKET SELL 63 RTM1P45 -> order_id=10677
2026-02-20 20:20:22,776 [INFO] rit_api: MARKET BUY 13 RTM1C50 -> order_id=10679
2026-02-20 20:20:22,790 [INFO] rit_api: MARKET BUY 13 RTM1P50 -> order_id=10681
2026-02-20 20:20:22,802 [INFO] rit_api: MARKET SELL 63 RTM1C54 -> order_id=10682
2026-02-20 20:20:22,821 [INFO] rit_api: MARKET SELL 1667 RTM -> order_id=10683
2026-02-20 20:20:22,824 [INFO] trading_engine: SCHEDULED CLOSE tick 112: options_closed=152 stock_closed=1667 orders=5
2026-02-20 20:20:22,833 [INFO] trading_engine: Scheduled close week 2 tick 112 (window 111-116), trades=5
2026-02-20 20:20:23,720 [INFO] rit_api: MARKET SELL 63 RTM1P45 -> order_id=10756
2026-02-20 20:20:23,732 [INFO] rit_api: MARKET BUY 13 RTM1C50 -> order_id=10760
2026-02-20 20:20:23,741 [INFO] rit_api: MARKET BUY 13 RTM1P50 -> order_id=10762
2026-02-20 20:20:23,749 [INFO] rit_api: MARKET SELL 63 RTM1C54 -> order_id=10764
2026-02-20 20:20:23,759 [INFO] rit_api: MARKET SELL 1667 RTM -> order_id=10765
2026-02-20 20:20:23,759 [INFO] trading_engine: SCHEDULED CLOSE tick 113: options_closed=152 stock_closed=1667 orders=5
2026-02-20 20:20:23,762 [INFO] trading_engine: Scheduled close week 2 tick 113 (window 111-116), trades=5
2026-02-20 20:20:24,803 [INFO] rit_api: MARKET SELL 62 RTM1P45 -> order_id=10832
2026-02-20 20:20:24,814 [INFO] rit_api: MARKET BUY 12 RTM1C50 -> order_id=10833
2026-02-20 20:20:24,825 [INFO] rit_api: MARKET BUY 12 RTM1P50 -> order_id=10834
2026-02-20 20:20:24,838 [INFO] rit_api: MARKET SELL 62 RTM1C54 -> order_id=10837
2026-02-20 20:20:24,851 [INFO] rit_api: MARKET SELL 1667 RTM -> order_id=10838
2026-02-20 20:20:24,852 [INFO] trading_engine: SCHEDULED CLOSE tick 114: options_closed=148 stock_closed=1667 orders=5
2026-02-20 20:20:24,865 [INFO] trading_engine: Scheduled close week 2 tick 114 (window 111-116), trades=5
2026-02-20 20:20:25,736 [INFO] rit_api: MARKET SELL 62 RTM1P45 -> order_id=10893
2026-02-20 20:20:25,749 [INFO] rit_api: MARKET BUY 12 RTM1C50 -> order_id=10895
2026-02-20 20:20:25,765 [INFO] rit_api: MARKET BUY 12 RTM1P50 -> order_id=10898
2026-02-20 20:20:25,782 [INFO] rit_api: MARKET SELL 62 RTM1C54 -> order_id=10899
2026-02-20 20:20:25,808 [INFO] rit_api: MARKET SELL 1666 RTM -> order_id=10901
2026-02-20 20:20:25,820 [INFO] trading_engine: SCHEDULED CLOSE tick 115: options_closed=148 stock_closed=1666 orders=5
2026-02-20 20:20:25,826 [INFO] trading_engine: Scheduled close week 2 tick 115 (window 111-116), trades=5
2026-02-20 20:20:26,735 [INFO] rit_api: MARKET SELL 62 RTM1P45 -> order_id=10952
2026-02-20 20:20:26,747 [INFO] rit_api: MARKET BUY 12 RTM1C50 -> order_id=10953
2026-02-20 20:20:26,758 [INFO] rit_api: MARKET BUY 12 RTM1P50 -> order_id=10954
2026-02-20 20:20:26,771 [INFO] rit_api: MARKET SELL 62 RTM1C54 -> order_id=10955
2026-02-20 20:20:26,785 [INFO] rit_api: MARKET SELL 1666 RTM -> order_id=10956
2026-02-20 20:20:26,786 [INFO] trading_engine: SCHEDULED CLOSE tick 116: options_closed=148 stock_closed=1666 orders=5
2026-02-20 20:20:26,796 [INFO] trading_engine: Scheduled close week 2 tick 116 (window 111-116), trades=5
2026-02-20 20:20:27,747 [INFO] trading_engine: Position flat. Waiting for next scheduled positioning tick.
2026-02-20 20:21:00,868 [INFO] news_parser: NEWS: Current realized vol = 18.0% (history: ['27%', '6%', '11%', '17%', '18%']) [NOW USING REALIZED]
2026-02-20 20:21:00,880 [INFO] trading_engine: WEEK 3 positioning tick 150
2026-02-20 20:21:00,881 [INFO] trading_engine: Immediate positioning at week 3 tick 150
2026-02-20 20:21:00,891 [INFO] trading_engine: FORCED SIZE: |IV-RV|=6.93% > 5.00% => n=875 LONG @ K=52
2026-02-20 20:21:00,907 [INFO] rit_api: MARKET BUY 100 RTM1C52 -> order_id=13068
2026-02-20 20:21:00,931 [INFO] rit_api: MARKET BUY 100 RTM1P52 -> order_id=13069
2026-02-20 20:21:00,951 [INFO] rit_api: MARKET BUY 100 RTM1C52 -> order_id=13070
2026-02-20 20:21:00,960 [INFO] rit_api: MARKET BUY 100 RTM1P52 -> order_id=13073
2026-02-20 20:21:00,968 [INFO] rit_api: MARKET BUY 100 RTM1C52 -> order_id=13074
2026-02-20 20:21:00,977 [INFO] rit_api: MARKET BUY 100 RTM1P52 -> order_id=13075
2026-02-20 20:21:00,990 [INFO] rit_api: MARKET BUY 100 RTM1C52 -> order_id=13076
2026-02-20 20:21:01,002 [INFO] rit_api: MARKET BUY 100 RTM1P52 -> order_id=13078
2026-02-20 20:21:01,011 [INFO] rit_api: MARKET BUY 100 RTM1C52 -> order_id=13079
2026-02-20 20:21:01,021 [INFO] rit_api: MARKET BUY 100 RTM1P52 -> order_id=13081
2026-02-20 20:21:01,032 [INFO] rit_api: MARKET SELL 100 RTM1C54 -> order_id=13082
2026-02-20 20:21:01,042 [INFO] rit_api: MARKET SELL 100 RTM1P45 -> order_id=13083
2026-02-20 20:21:01,050 [INFO] rit_api: MARKET BUY 100 RTM1C52 -> order_id=13084
2026-02-20 20:21:01,059 [INFO] rit_api: MARKET BUY 100 RTM1P52 -> order_id=13085
2026-02-20 20:21:01,073 [INFO] rit_api: MARKET SELL 100 RTM1C54 -> order_id=13086
2026-02-20 20:21:01,095 [INFO] rit_api: MARKET SELL 100 RTM1P45 -> order_id=13087
2026-02-20 20:21:01,105 [INFO] rit_api: MARKET BUY 100 RTM1C52 -> order_id=13088
2026-02-20 20:21:01,124 [INFO] rit_api: MARKET BUY 100 RTM1P52 -> order_id=13089
2026-02-20 20:21:01,137 [INFO] rit_api: MARKET SELL 100 RTM1C54 -> order_id=13090
2026-02-20 20:21:01,146 [INFO] rit_api: MARKET SELL 100 RTM1P45 -> order_id=13091
2026-02-20 20:21:01,157 [INFO] rit_api: MARKET BUY 100 RTM1C52 -> order_id=13092
2026-02-20 20:21:01,166 [INFO] rit_api: MARKET BUY 100 RTM1P52 -> order_id=13093
2026-02-20 20:21:01,176 [INFO] rit_api: MARKET SELL 75 RTM1C54 -> order_id=13095
2026-02-20 20:21:01,186 [INFO] rit_api: MARKET SELL 75 RTM1P45 -> order_id=13097
2026-02-20 20:21:01,196 [INFO] rit_api: MARKET BUY 75 RTM1C52 -> order_id=13098
2026-02-20 20:21:01,205 [INFO] rit_api: MARKET BUY 75 RTM1P52 -> order_id=13099
2026-02-20 20:21:01,205 [INFO] trading_engine: STRADDLE BUY 875/875 @ K=52: 26 orders | ATM 875C+875P | EXTREME C54 375 + P45 375
2026-02-20 20:21:01,206 [INFO] trading_engine: POSITIONED: 875 LONG straddles @ 52 (week 3, expected $0)
2026-02-20 20:21:01,723 [INFO] trading_engine: Hedge qty capped: requested 13271, capped 10000
2026-02-20 20:21:01,742 [INFO] rit_api: MARKET BUY 10000 RTM -> order_id=13111
2026-02-20 20:21:01,743 [INFO] trading_engine: HEDGE BUY 10000 RTM | delta -13271 -> ~-3271 | target -0 (0% of limit 12000) | mode continuous
2026-02-20 20:21:01,884 [INFO] rit_api: MARKET BUY 7181 RTM -> order_id=13157
2026-02-20 20:21:01,884 [INFO] trading_engine: HEDGE BUY 7181 RTM | delta -7181 -> ~-0 | target -0 (0% of limit 12000) | mode continuous
2026-02-20 20:21:02,419 [WARNING] rit_api: POST /orders returned 500: {"code":"INTERNAL_SERVER_ERROR","message":"Order could not be submitted because the order size is 0."}
2026-02-20 20:21:02,917 [INFO] rit_api: MARKET SELL 1937 RTM -> order_id=13268
2026-02-20 20:21:02,918 [INFO] trading_engine: HEDGE SELL 1937 RTM | delta 1937 -> ~0 | target 0 (0% of limit 12000) | mode continuous
2026-02-20 20:21:03,468 [WARNING] rit_api: POST /orders returned 500: {"code":"INTERNAL_SERVER_ERROR","message":"Order could not be submitted because the order size is 0."}
2026-02-20 20:21:03,918 [INFO] rit_api: MARKET SELL 6202 RTM -> order_id=13359
2026-02-20 20:21:03,919 [INFO] trading_engine: HEDGE SELL 6202 RTM | delta 6202 -> ~0 | target 0 (0% of limit 12000) | mode continuous
2026-02-20 20:21:04,458 [WARNING] rit_api: POST /orders returned 500: {"code":"INTERNAL_SERVER_ERROR","message":"Order could not be submitted because the order size is 0."}
2026-02-20 20:21:04,922 [INFO] rit_api: MARKET BUY 1957 RTM -> order_id=13443
2026-02-20 20:21:04,922 [INFO] trading_engine: HEDGE BUY 1957 RTM | delta -1957 -> ~0 | target -0 (0% of limit 12000) | mode continuous
2026-02-20 20:21:05,442 [WARNING] rit_api: POST /orders returned 500: {"code":"INTERNAL_SERVER_ERROR","message":"Order could not be submitted because the order size is 0."}
2026-02-20 20:21:05,895 [INFO] rit_api: MARKET BUY 4951 RTM -> order_id=13501
2026-02-20 20:21:05,896 [INFO] trading_engine: HEDGE BUY 4951 RTM | delta -4951 -> ~0 | target -0 (0% of limit 12000) | mode continuous
2026-02-20 20:21:06,442 [WARNING] rit_api: POST /orders returned 500: {"code":"INTERNAL_SERVER_ERROR","message":"Order could not be submitted because the order size is 0."}
2026-02-20 20:21:06,905 [INFO] rit_api: MARKET SELL 9896 RTM -> order_id=13576
2026-02-20 20:21:06,905 [INFO] trading_engine: HEDGE SELL 9896 RTM | delta 9896 -> ~-0 | target 0 (0% of limit 12000) | mode continuous
2026-02-20 20:21:07,446 [WARNING] rit_api: POST /orders returned 500: {"code":"INTERNAL_SERVER_ERROR","message":"Order could not be submitted because the order size is 0."}
2026-02-20 20:21:07,910 [INFO] rit_api: MARKET BUY 967 RTM -> order_id=13652
2026-02-20 20:21:07,911 [INFO] trading_engine: HEDGE BUY 967 RTM | delta -967 -> ~0 | target -0 (0% of limit 12000) | mode continuous
2026-02-20 20:21:08,451 [WARNING] rit_api: POST /orders returned 500: {"code":"INTERNAL_SERVER_ERROR","message":"Order could not be submitted because the order size is 0."}
2026-02-20 20:21:08,912 [INFO] rit_api: MARKET BUY 2638 RTM -> order_id=13720
2026-02-20 20:21:08,913 [INFO] trading_engine: HEDGE BUY 2638 RTM | delta -2638 -> ~-0 | target -0 (0% of limit 12000) | mode continuous
2026-02-20 20:21:09,448 [WARNING] rit_api: POST /orders returned 500: {"code":"INTERNAL_SERVER_ERROR","message":"Order could not be submitted because the order size is 0."}
2026-02-20 20:21:09,923 [INFO] rit_api: MARKET SELL 9577 RTM -> order_id=13795
2026-02-20 20:21:09,924 [INFO] trading_engine: HEDGE SELL 9577 RTM | delta 9577 -> ~0 | target 0 (0% of limit 12000) | mode continuous
2026-02-20 20:21:10,454 [WARNING] rit_api: POST /orders returned 500: {"code":"INTERNAL_SERVER_ERROR","message":"Order could not be submitted because the order size is 0."}
2026-02-20 20:21:10,910 [INFO] rit_api: MARKET SELL 9845 RTM -> order_id=13867
2026-02-20 20:21:10,910 [INFO] trading_engine: HEDGE SELL 9845 RTM | delta 9845 -> ~0 | target 0 (0% of limit 12000) | mode continuous
2026-02-20 20:21:11,455 [WARNING] rit_api: POST /orders returned 500: {"code":"INTERNAL_SERVER_ERROR","message":"Order could not be submitted because the order size is 0."}
2026-02-20 20:21:11,922 [INFO] rit_api: MARKET SELL 6611 RTM -> order_id=13943
2026-02-20 20:21:11,922 [INFO] trading_engine: HEDGE SELL 6611 RTM | delta 6611 -> ~0 | target 0 (0% of limit 12000) | mode continuous
2026-02-20 20:21:12,466 [WARNING] rit_api: POST /orders returned 500: {"code":"INTERNAL_SERVER_ERROR","message":"Order could not be submitted because the order size is 0."}
2026-02-20 20:21:12,929 [INFO] rit_api: MARKET BUY 177 RTM -> order_id=14021
2026-02-20 20:21:12,929 [INFO] trading_engine: HEDGE BUY 177 RTM | delta -177 -> ~-0 | target -0 (0% of limit 12000) | mode continuous
2026-02-20 20:21:13,454 [WARNING] rit_api: POST /orders returned 500: {"code":"INTERNAL_SERVER_ERROR","message":"Order could not be submitted because the order size is 0."}
2026-02-20 20:21:13,934 [INFO] rit_api: MARKET BUY 6173 RTM -> order_id=14094
2026-02-20 20:21:13,934 [INFO] trading_engine: HEDGE BUY 6173 RTM | delta -6173 -> ~-0 | target -0 (0% of limit 12000) | mode continuous
2026-02-20 20:21:14,457 [WARNING] rit_api: POST /orders returned 500: {"code":"INTERNAL_SERVER_ERROR","message":"Order could not be submitted because the order size is 0."}
2026-02-20 20:21:14,944 [INFO] rit_api: MARKET SELL 2236 RTM -> order_id=14171
2026-02-20 20:21:14,944 [INFO] trading_engine: HEDGE SELL 2236 RTM | delta 2236 -> ~-0 | target 0 (0% of limit 12000) | mode continuous
2026-02-20 20:21:15,484 [WARNING] rit_api: POST /orders returned 500: {"code":"INTERNAL_SERVER_ERROR","message":"Order could not be submitted because the order size is 0."}
2026-02-20 20:21:15,946 [INFO] rit_api: MARKET BUY 7460 RTM -> order_id=14255
2026-02-20 20:21:15,946 [INFO] trading_engine: HEDGE BUY 7460 RTM | delta -7460 -> ~0 | target -0 (0% of limit 12000) | mode continuous
2026-02-20 20:21:16,504 [WARNING] rit_api: POST /orders returned 500: {"code":"INTERNAL_SERVER_ERROR","message":"Order could not be submitted because the order size is 0."}
2026-02-20 20:21:16,974 [INFO] rit_api: MARKET BUY 1238 RTM -> order_id=14335
2026-02-20 20:21:16,974 [INFO] trading_engine: HEDGE BUY 1238 RTM | delta -1238 -> ~-0 | target -0 (0% of limit 12000) | mode continuous
2026-02-20 20:21:17,500 [WARNING] rit_api: POST /orders returned 500: {"code":"INTERNAL_SERVER_ERROR","message":"Order could not be submitted because the order size is 0."}
2026-02-20 20:21:17,995 [INFO] rit_api: MARKET BUY 8686 RTM -> order_id=14401
2026-02-20 20:21:17,995 [INFO] trading_engine: HEDGE BUY 8686 RTM | delta -8686 -> ~-0 | target -0 (0% of limit 12000) | mode continuous
2026-02-20 20:21:18,537 [WARNING] rit_api: POST /orders returned 500: {"code":"INTERNAL_SERVER_ERROR","message":"Order could not be submitted because the order size is 0."}
2026-02-20 20:21:19,030 [INFO] rit_api: MARKET SELL 3105 RTM -> order_id=14469
2026-02-20 20:21:19,031 [INFO] trading_engine: HEDGE SELL 3105 RTM | delta 3105 -> ~0 | target 0 (0% of limit 12000) | mode continuous
2026-02-20 20:21:19,570 [WARNING] rit_api: POST /orders returned 500: {"code":"INTERNAL_SERVER_ERROR","message":"Order could not be submitted because the order size is 0."}
2026-02-20 20:21:20,000 [INFO] rit_api: MARKET SELL 381 RTM -> order_id=14529
2026-02-20 20:21:20,001 [INFO] trading_engine: HEDGE SELL 381 RTM | delta 381 -> ~0 | target 0 (0% of limit 12000) | mode continuous
2026-02-20 20:21:20,545 [WARNING] rit_api: POST /orders returned 500: {"code":"INTERNAL_SERVER_ERROR","message":"Order could not be submitted because the order size is 0."}
2026-02-20 20:21:20,964 [INFO] rit_api: MARKET BUY 2714 RTM -> order_id=14600
2026-02-20 20:21:20,966 [INFO] trading_engine: HEDGE BUY 2714 RTM | delta -2714 -> ~-0 | target -0 (0% of limit 12000) | mode continuous
2026-02-20 20:21:21,500 [WARNING] rit_api: POST /orders returned 500: {"code":"INTERNAL_SERVER_ERROR","message":"Order could not be submitted because the order size is 0."}
2026-02-20 20:21:21,972 [INFO] rit_api: MARKET BUY 8750 RTM -> order_id=14668
2026-02-20 20:21:21,972 [INFO] trading_engine: HEDGE BUY 8750 RTM | delta -8750 -> ~0 | target -0 (0% of limit 12000) | mode continuous
2026-02-20 20:21:22,513 [WARNING] rit_api: POST /orders returned 500: {"code":"INTERNAL_SERVER_ERROR","message":"Order could not be submitted because the order size is 0."}
2026-02-20 20:21:23,019 [INFO] rit_api: MARKET BUY 2139 RTM -> order_id=14750
2026-02-20 20:21:23,020 [INFO] trading_engine: HEDGE BUY 2139 RTM | delta -2139 -> ~0 | target -0 (0% of limit 12000) | mode continuous
2026-02-20 20:21:23,555 [WARNING] rit_api: POST /orders returned 500: {"code":"INTERNAL_SERVER_ERROR","message":"Order could not be submitted because the order size is 0."}
2026-02-20 20:21:23,972 [INFO] rit_api: MARKET SELL 3544 RTM -> order_id=14823
2026-02-20 20:21:23,972 [INFO] trading_engine: HEDGE SELL 3544 RTM | delta 3544 -> ~0 | target 0 (0% of limit 12000) | mode continuous
2026-02-20 20:21:24,516 [WARNING] rit_api: POST /orders returned 500: {"code":"INTERNAL_SERVER_ERROR","message":"Order could not be submitted because the order size is 0."}
2026-02-20 20:21:25,017 [INFO] rit_api: MARKET SELL 354 RTM -> order_id=14898
2026-02-20 20:21:25,018 [INFO] trading_engine: HEDGE SELL 354 RTM | delta 354 -> ~-0 | target 0 (0% of limit 12000) | mode continuous
2026-02-20 20:21:25,547 [WARNING] rit_api: POST /orders returned 500: {"code":"INTERNAL_SERVER_ERROR","message":"Order could not be submitted because the order size is 0."}
2026-02-20 20:21:26,008 [INFO] rit_api: MARKET BUY 1081 RTM -> order_id=14988
2026-02-20 20:21:26,008 [INFO] trading_engine: HEDGE BUY 1081 RTM | delta -1081 -> ~0 | target -0 (0% of limit 12000) | mode continuous
2026-02-20 20:21:26,564 [WARNING] rit_api: POST /orders returned 500: {"code":"INTERNAL_SERVER_ERROR","message":"Order could not be submitted because the order size is 0."}
2026-02-20 20:21:26,991 [INFO] rit_api: MARKET SELL 5395 RTM -> order_id=15065
2026-02-20 20:21:26,992 [INFO] trading_engine: HEDGE SELL 5395 RTM | delta 5395 -> ~-0 | target 0 (0% of limit 12000) | mode continuous
2026-02-20 20:21:27,542 [WARNING] rit_api: POST /orders returned 500: {"code":"INTERNAL_SERVER_ERROR","message":"Order could not be submitted because the order size is 0."}
2026-02-20 20:21:28,004 [INFO] rit_api: MARKET SELL 3246 RTM -> order_id=15145
2026-02-20 20:21:28,004 [INFO] trading_engine: HEDGE SELL 3246 RTM | delta 3246 -> ~0 | target 0 (0% of limit 12000) | mode continuous
2026-02-20 20:21:28,554 [WARNING] rit_api: POST /orders returned 500: {"code":"INTERNAL_SERVER_ERROR","message":"Order could not be submitted because the order size is 0."}
2026-02-20 20:21:29,008 [INFO] rit_api: MARKET SELL 9186 RTM -> order_id=15208
2026-02-20 20:21:29,008 [INFO] trading_engine: HEDGE SELL 9186 RTM | delta 9186 -> ~-0 | target 0 (0% of limit 12000) | mode continuous
2026-02-20 20:21:29,552 [WARNING] rit_api: POST /orders returned 500: {"code":"INTERNAL_SERVER_ERROR","message":"Order could not be submitted because the order size is 0."}
2026-02-20 20:21:30,050 [INFO] rit_api: MARKET BUY 2009 RTM -> order_id=15278
2026-02-20 20:21:30,050 [INFO] trading_engine: HEDGE BUY 2009 RTM | delta -2009 -> ~0 | target -0 (0% of limit 12000) | mode continuous
2026-02-20 20:21:30,611 [WARNING] rit_api: POST /orders returned 500: {"code":"INTERNAL_SERVER_ERROR","message":"Order could not be submitted because the order size is 0."}
2026-02-20 20:21:30,999 [INFO] rit_api: MARKET SELL 4230 RTM -> order_id=15344
2026-02-20 20:21:30,999 [INFO] trading_engine: HEDGE SELL 4230 RTM | delta 4230 -> ~-0 | target 0 (0% of limit 12000) | mode continuous
2026-02-20 20:21:31,530 [WARNING] rit_api: POST /orders returned 500: {"code":"INTERNAL_SERVER_ERROR","message":"Order could not be submitted because the order size is 0."}
2026-02-20 20:21:31,997 [INFO] rit_api: MARKET BUY 947 RTM -> order_id=15407
2026-02-20 20:21:31,997 [INFO] trading_engine: HEDGE BUY 947 RTM | delta -947 -> ~0 | target -0 (0% of limit 12000) | mode continuous
2026-02-20 20:21:32,540 [WARNING] rit_api: POST /orders returned 500: {"code":"INTERNAL_SERVER_ERROR","message":"Order could not be submitted because the order size is 0."}
2026-02-20 20:21:33,008 [INFO] rit_api: MARKET BUY 2370 RTM -> order_id=15458
2026-02-20 20:21:33,008 [INFO] trading_engine: HEDGE BUY 2370 RTM | delta -2370 -> ~0 | target -0 (0% of limit 12000) | mode continuous
2026-02-20 20:21:33,535 [WARNING] rit_api: POST /orders returned 500: {"code":"INTERNAL_SERVER_ERROR","message":"Order could not be submitted because the order size is 0."}
2026-02-20 20:21:34,009 [INFO] rit_api: MARKET SELL 73 RTM -> order_id=15525
2026-02-20 20:21:34,009 [INFO] trading_engine: HEDGE SELL 73 RTM | delta 73 -> ~0 | target 0 (0% of limit 12000) | mode continuous
2026-02-20 20:21:34,538 [WARNING] rit_api: POST /orders returned 500: {"code":"INTERNAL_SERVER_ERROR","message":"Order could not be submitted because the order size is 0."}
2026-02-20 20:21:35,015 [INFO] rit_api: MARKET SELL 1848 RTM -> order_id=15589
2026-02-20 20:21:35,015 [INFO] trading_engine: HEDGE SELL 1848 RTM | delta 1848 -> ~0 | target 0 (0% of limit 12000) | mode continuous
2026-02-20 20:21:35,557 [WARNING] rit_api: POST /orders returned 500: {"code":"INTERNAL_SERVER_ERROR","message":"Order could not be submitted because the order size is 0."}
2026-02-20 20:21:36,020 [INFO] rit_api: MARKET SELL 2196 RTM -> order_id=15649
2026-02-20 20:21:36,021 [INFO] trading_engine: HEDGE SELL 2196 RTM | delta 2196 -> ~-0 | target 0 (0% of limit 12000) | mode continuous
2026-02-20 20:21:36,568 [WARNING] rit_api: POST /orders returned 500: {"code":"INTERNAL_SERVER_ERROR","message":"Order could not be submitted because the order size is 0."}
2026-02-20 20:21:37,009 [INFO] rit_api: MARKET BUY 63 RTM1P45 -> order_id=15710
2026-02-20 20:21:37,017 [INFO] rit_api: MARKET SELL 100 RTM1C52 -> order_id=15711
2026-02-20 20:21:37,026 [INFO] rit_api: MARKET SELL 30 RTM1C52 -> order_id=15715
2026-02-20 20:21:37,034 [INFO] rit_api: MARKET SELL 100 RTM1P52 -> order_id=15725
2026-02-20 20:21:37,041 [INFO] rit_api: MARKET SELL 46 RTM1P52 -> order_id=15733
2026-02-20 20:21:37,057 [INFO] rit_api: MARKET BUY 63 RTM1C54 -> order_id=15745
2026-02-20 20:21:37,090 [INFO] rit_api: MARKET BUY 1404 RTM -> order_id=15751
2026-02-20 20:21:37,091 [INFO] trading_engine: SCHEDULED CLOSE tick 186: options_closed=402 stock_closed=1404 orders=7
2026-02-20 20:21:37,095 [INFO] trading_engine: Scheduled close week 3 tick 186 (window 186-191), trades=7
2026-02-20 20:21:37,618 [INFO] trading_engine: Hedge qty capped: requested 25239, capped 10000
2026-02-20 20:21:37,633 [INFO] rit_api: MARKET BUY 10000 RTM -> order_id=15799
2026-02-20 20:21:37,634 [INFO] trading_engine: HEDGE BUY 10000 RTM | delta -25239 -> ~-15239 | target -0 (0% of limit 12000) | mode close-limit
2026-02-20 20:21:38,000 [INFO] news_parser: NEWS: Current realized vol = 18.0% (history: ['27%', '6%', '11%', '17%', '18%', '18%']) [NOW USING REALIZED]
2026-02-20 20:21:38,000 [INFO] news_parser: NEWS: Forecast vol next week = 18.0% - 23.0% (mid=20.5%) [NOW USING FORECAST]
2026-02-20 20:21:38,019 [INFO] rit_api: MARKET BUY 63 RTM1P45 -> order_id=15853
2026-02-20 20:21:38,028 [INFO] rit_api: MARKET SELL 9 RTM1C52 -> order_id=15854
2026-02-20 20:21:38,039 [INFO] rit_api: MARKET SELL 100 RTM1P52 -> order_id=15857
2026-02-20 20:21:38,047 [INFO] rit_api: MARKET SELL 46 RTM1P52 -> order_id=15859
2026-02-20 20:21:38,076 [INFO] rit_api: MARKET BUY 63 RTM1C54 -> order_id=15863
2026-02-20 20:21:38,085 [INFO] rit_api: MARKET SELL 596 RTM -> order_id=15864
2026-02-20 20:21:38,086 [INFO] trading_engine: SCHEDULED CLOSE tick 187: options_closed=281 stock_closed=596 orders=6
2026-02-20 20:21:38,090 [INFO] trading_engine: Hedge qty capped: requested 22299, capped 10000
2026-02-20 20:21:38,112 [INFO] rit_api: MARKET BUY 10000 RTM -> order_id=15866
2026-02-20 20:21:38,112 [INFO] trading_engine: HEDGE BUY 10000 RTM | delta -22299 -> ~-12299 | target -0 (0% of limit 12000) | mode close-limit
2026-02-20 20:21:38,112 [INFO] trading_engine: Scheduled close week 3 tick 187 (window 186-191), trades=6
2026-02-20 20:21:39,033 [INFO] rit_api: MARKET BUY 63 RTM1P45 -> order_id=15929
2026-02-20 20:21:39,041 [INFO] rit_api: MARKET SELL 9 RTM1C52 -> order_id=15932
2026-02-20 20:21:39,050 [INFO] rit_api: MARKET BUY 5 RTM1P52 -> order_id=15934
2026-02-20 20:21:39,059 [INFO] rit_api: MARKET BUY 63 RTM1C54 -> order_id=15936
2026-02-20 20:21:39,067 [INFO] rit_api: MARKET SELL 3096 RTM -> order_id=15938
2026-02-20 20:21:39,067 [INFO] trading_engine: SCHEDULED CLOSE tick 188: options_closed=140 stock_closed=3096 orders=5
2026-02-20 20:21:39,070 [INFO] trading_engine: Scheduled close week 3 tick 188 (window 186-191), trades=5
2026-02-20 20:21:40,025 [INFO] rit_api: MARKET BUY 62 RTM1P45 -> order_id=16001
2026-02-20 20:21:40,036 [INFO] rit_api: MARKET SELL 9 RTM1C52 -> order_id=16002
2026-02-20 20:21:40,045 [INFO] rit_api: MARKET BUY 4 RTM1P52 -> order_id=16003
2026-02-20 20:21:40,055 [INFO] rit_api: MARKET BUY 62 RTM1C54 -> order_id=16005
2026-02-20 20:21:40,066 [INFO] rit_api: MARKET SELL 3096 RTM -> order_id=16008
2026-02-20 20:21:40,066 [INFO] trading_engine: SCHEDULED CLOSE tick 189: options_closed=137 stock_closed=3096 orders=5
2026-02-20 20:21:40,069 [INFO] trading_engine: Scheduled close week 3 tick 189 (window 186-191), trades=5
2026-02-20 20:21:41,038 [INFO] rit_api: MARKET BUY 62 RTM1P45 -> order_id=16062
2026-02-20 20:21:41,048 [INFO] rit_api: MARKET SELL 9 RTM1C52 -> order_id=16063
2026-02-20 20:21:41,055 [INFO] rit_api: MARKET BUY 4 RTM1P52 -> order_id=16064
2026-02-20 20:21:41,064 [INFO] rit_api: MARKET BUY 62 RTM1C54 -> order_id=16065
2026-02-20 20:21:41,072 [INFO] rit_api: MARKET SELL 3096 RTM -> order_id=16066
2026-02-20 20:21:41,072 [INFO] trading_engine: SCHEDULED CLOSE tick 190: options_closed=137 stock_closed=3096 orders=5
2026-02-20 20:21:41,075 [INFO] trading_engine: Scheduled close week 3 tick 190 (window 186-191), trades=5
2026-02-20 20:21:42,042 [INFO] rit_api: MARKET BUY 62 RTM1P45 -> order_id=16125
2026-02-20 20:21:42,050 [INFO] rit_api: MARKET SELL 9 RTM1C52 -> order_id=16127
2026-02-20 20:21:42,060 [INFO] rit_api: MARKET BUY 4 RTM1P52 -> order_id=16128
2026-02-20 20:21:42,071 [INFO] rit_api: MARKET BUY 62 RTM1C54 -> order_id=16132
2026-02-20 20:21:42,082 [INFO] rit_api: MARKET SELL 3096 RTM -> order_id=16134
2026-02-20 20:21:42,082 [INFO] trading_engine: SCHEDULED CLOSE tick 191: options_closed=137 stock_closed=3096 orders=5
2026-02-20 20:21:42,086 [INFO] trading_engine: Scheduled close week 3 tick 191 (window 186-191), trades=5
2026-02-20 20:21:43,063 [INFO] trading_engine: Position flat. Waiting for next scheduled positioning tick.
2026-02-20 20:22:16,171 [INFO] news_parser: NEWS: Current realized vol = 19.0% (history: ['27%', '6%', '11%', '17%', '18%', '18%', '19%']) [NOW USING REALIZED]
2026-02-20 20:22:16,194 [INFO] trading_engine: WEEK 4 positioning tick 225
2026-02-20 20:22:16,194 [INFO] trading_engine: Immediate positioning at week 4 tick 225
2026-02-20 20:22:16,200 [INFO] optimizer: ============================================================
2026-02-20 20:22:16,200 [INFO] optimizer: OPTIMIZER RESULT: n*=293 LONG straddles @ strike 52
2026-02-20 20:22:16,201 [INFO] optimizer:   Expected profit: $751.31
2026-02-20 20:22:16,201 [INFO] optimizer:   Gain/contract: $8.8270 | Pos cost/contract: $4.0200
2026-02-20 20:22:16,201 [INFO] optimizer:   Rebalancing cost: $657.15 | Z=0.74
2026-02-20 20:22:16,201 [INFO] optimizer:   Inputs: S0=52.19 sigma=0.1900 sigma_hat=0.1732 L=12000 Gamma=55.1501
2026-02-20 20:22:16,201 [INFO] optimizer:   Spreads: Bo=0.0400 Bs=0.0200 T=0.019231
2026-02-20 20:22:16,201 [INFO] optimizer: ============================================================
2026-02-20 20:22:16,211 [INFO] rit_api: MARKET BUY 100 RTM1C52 -> order_id=18194
2026-02-20 20:22:16,222 [INFO] rit_api: MARKET BUY 100 RTM1P52 -> order_id=18195
2026-02-20 20:22:16,245 [INFO] rit_api: MARKET BUY 100 RTM1C52 -> order_id=18197
2026-02-20 20:22:16,279 [INFO] rit_api: MARKET BUY 100 RTM1P52 -> order_id=18199
2026-02-20 20:22:16,289 [INFO] rit_api: MARKET BUY 93 RTM1C52 -> order_id=18200
2026-02-20 20:22:16,297 [INFO] rit_api: MARKET BUY 93 RTM1P52 -> order_id=18202
2026-02-20 20:22:16,298 [INFO] trading_engine: STRADDLE BUY 293/293 @ K=52: 6 orders | ATM 293C+293P | EXTREME C54 0 + P45 0
2026-02-20 20:22:16,298 [INFO] trading_engine: POSITIONED: 293 LONG straddles @ 52 (week 4, expected $751)
2026-02-20 20:22:16,841 [INFO] rit_api: MARKET SELL 3417 RTM -> order_id=18214
2026-02-20 20:22:16,842 [INFO] trading_engine: HEDGE SELL 3417 RTM | delta 3417 -> ~0 | target 0 (0% of limit 12000) | mode continuous
2026-02-20 20:22:17,290 [INFO] rit_api: MARKET BUY 2934 RTM -> order_id=18307
2026-02-20 20:22:17,290 [INFO] trading_engine: HEDGE BUY 2934 RTM | delta -2934 -> ~0 | target -0 (0% of limit 12000) | mode continuous
2026-02-20 20:22:17,849 [WARNING] rit_api: POST /orders returned 500: {"code":"INTERNAL_SERVER_ERROR","message":"Order could not be submitted because the order size is 0."}
2026-02-20 20:22:18,248 [INFO] rit_api: MARKET BUY 2494 RTM -> order_id=18406
2026-02-20 20:22:18,250 [INFO] trading_engine: HEDGE BUY 2494 RTM | delta -2494 -> ~0 | target -0 (0% of limit 12000) | mode continuous
2026-02-20 20:22:18,790 [WARNING] rit_api: POST /orders returned 500: {"code":"INTERNAL_SERVER_ERROR","message":"Order could not be submitted because the order size is 0."}
2026-02-20 20:22:19,240 [INFO] rit_api: MARKET SELL 1990 RTM -> order_id=18472
2026-02-20 20:22:19,241 [INFO] trading_engine: HEDGE SELL 1990 RTM | delta 1990 -> ~0 | target 0 (0% of limit 12000) | mode continuous
2026-02-20 20:22:19,793 [WARNING] rit_api: POST /orders returned 500: {"code":"INTERNAL_SERVER_ERROR","message":"Order could not be submitted because the order size is 0."}
2026-02-20 20:22:20,231 [INFO] rit_api: MARKET BUY 1016 RTM -> order_id=18538
2026-02-20 20:22:20,232 [INFO] trading_engine: HEDGE BUY 1016 RTM | delta -1016 -> ~0 | target -0 (0% of limit 12000) | mode continuous
2026-02-20 20:22:20,760 [WARNING] rit_api: POST /orders returned 500: {"code":"INTERNAL_SERVER_ERROR","message":"Order could not be submitted because the order size is 0."}
2026-02-20 20:22:21,276 [INFO] rit_api: MARKET BUY 4558 RTM -> order_id=18605
2026-02-20 20:22:21,276 [INFO] trading_engine: HEDGE BUY 4558 RTM | delta -4558 -> ~0 | target -0 (0% of limit 12000) | mode continuous
2026-02-20 20:22:21,823 [WARNING] rit_api: POST /orders returned 500: {"code":"INTERNAL_SERVER_ERROR","message":"Order could not be submitted because the order size is 0."}
2026-02-20 20:22:22,248 [INFO] rit_api: MARKET SELL 2657 RTM -> order_id=18664
2026-02-20 20:22:22,248 [INFO] trading_engine: HEDGE SELL 2657 RTM | delta 2657 -> ~-0 | target 0 (0% of limit 12000) | mode continuous
2026-02-20 20:22:22,807 [WARNING] rit_api: POST /orders returned 500: {"code":"INTERNAL_SERVER_ERROR","message":"Order could not be submitted because the order size is 0."}
2026-02-20 20:22:23,289 [INFO] rit_api: MARKET BUY 2914 RTM -> order_id=18724
2026-02-20 20:22:23,290 [INFO] trading_engine: HEDGE BUY 2914 RTM | delta -2914 -> ~0 | target -0 (0% of limit 12000) | mode continuous
2026-02-20 20:22:23,836 [WARNING] rit_api: POST /orders returned 500: {"code":"INTERNAL_SERVER_ERROR","message":"Order could not be submitted because the order size is 0."}
2026-02-20 20:22:24,294 [INFO] rit_api: MARKET SELL 4420 RTM -> order_id=18787
2026-02-20 20:22:24,294 [INFO] trading_engine: HEDGE SELL 4420 RTM | delta 4420 -> ~-0 | target 0 (0% of limit 12000) | mode continuous
2026-02-20 20:22:24,841 [WARNING] rit_api: POST /orders returned 500: {"code":"INTERNAL_SERVER_ERROR","message":"Order could not be submitted because the order size is 0."}
2026-02-20 20:22:25,260 [INFO] rit_api: MARKET BUY 16 RTM -> order_id=18847
2026-02-20 20:22:25,261 [INFO] trading_engine: HEDGE BUY 16 RTM | delta -16 -> ~0 | target -0 (0% of limit 12000) | mode continuous
2026-02-20 20:22:25,787 [WARNING] rit_api: POST /orders returned 500: {"code":"INTERNAL_SERVER_ERROR","message":"Order could not be submitted because the order size is 0."}
2026-02-20 20:22:26,251 [INFO] rit_api: MARKET SELL 5418 RTM -> order_id=18928
2026-02-20 20:22:26,252 [INFO] trading_engine: HEDGE SELL 5418 RTM | delta 5418 -> ~-0 | target 0 (0% of limit 12000) | mode continuous
2026-02-20 20:22:26,789 [WARNING] rit_api: POST /orders returned 500: {"code":"INTERNAL_SERVER_ERROR","message":"Order could not be submitted because the order size is 0."}
2026-02-20 20:22:27,250 [INFO] rit_api: MARKET SELL 6846 RTM -> order_id=19073
2026-02-20 20:22:27,251 [INFO] trading_engine: HEDGE SELL 6846 RTM | delta 6846 -> ~0 | target 0 (0% of limit 12000) | mode continuous
2026-02-20 20:22:27,781 [WARNING] rit_api: POST /orders returned 500: {"code":"INTERNAL_SERVER_ERROR","message":"Order could not be submitted because the order size is 0."}
2026-02-20 20:22:28,269 [INFO] rit_api: MARKET SELL 1616 RTM -> order_id=19141
2026-02-20 20:22:28,271 [INFO] trading_engine: HEDGE SELL 1616 RTM | delta 1616 -> ~-0 | target 0 (0% of limit 12000) | mode continuous
2026-02-20 20:22:28,802 [WARNING] rit_api: POST /orders returned 500: {"code":"INTERNAL_SERVER_ERROR","message":"Order could not be submitted because the order size is 0."}
2026-02-20 20:22:29,277 [INFO] rit_api: MARKET BUY 373 RTM -> order_id=19211
2026-02-20 20:22:29,277 [INFO] trading_engine: HEDGE BUY 373 RTM | delta -373 -> ~0 | target -0 (0% of limit 12000) | mode continuous
2026-02-20 20:22:29,811 [WARNING] rit_api: POST /orders returned 500: {"code":"INTERNAL_SERVER_ERROR","message":"Order could not be submitted because the order size is 0."}
2026-02-20 20:22:30,270 [INFO] rit_api: MARKET SELL 546 RTM -> order_id=19283
2026-02-20 20:22:30,271 [INFO] trading_engine: HEDGE SELL 546 RTM | delta 546 -> ~0 | target 0 (0% of limit 12000) | mode continuous
2026-02-20 20:22:30,809 [WARNING] rit_api: POST /orders returned 500: {"code":"INTERNAL_SERVER_ERROR","message":"Order could not be submitted because the order size is 0."}
2026-02-20 20:22:31,286 [INFO] rit_api: MARKET BUY 1962 RTM -> order_id=19353
2026-02-20 20:22:31,287 [INFO] trading_engine: HEDGE BUY 1962 RTM | delta -1962 -> ~-0 | target -0 (0% of limit 12000) | mode continuous
2026-02-20 20:22:31,833 [WARNING] rit_api: POST /orders returned 500: {"code":"INTERNAL_SERVER_ERROR","message":"Order could not be submitted because the order size is 0."}
2026-02-20 20:22:32,280 [INFO] rit_api: MARKET BUY 249 RTM -> order_id=19436
2026-02-20 20:22:32,281 [INFO] trading_engine: HEDGE BUY 249 RTM | delta -249 -> ~0 | target -0 (0% of limit 12000) | mode continuous
2026-02-20 20:22:32,826 [WARNING] rit_api: POST /orders returned 500: {"code":"INTERNAL_SERVER_ERROR","message":"Order could not be submitted because the order size is 0."}
2026-02-20 20:22:33,301 [INFO] rit_api: MARKET SELL 409 RTM -> order_id=19527
2026-02-20 20:22:33,302 [INFO] trading_engine: HEDGE SELL 409 RTM | delta 409 -> ~-0 | target 0 (0% of limit 12000) | mode continuous
2026-02-20 20:22:33,849 [WARNING] rit_api: POST /orders returned 500: {"code":"INTERNAL_SERVER_ERROR","message":"Order could not be submitted because the order size is 0."}
2026-02-20 20:22:34,306 [INFO] rit_api: MARKET BUY 2121 RTM -> order_id=19604
2026-02-20 20:22:34,307 [INFO] trading_engine: HEDGE BUY 2121 RTM | delta -2121 -> ~-0 | target -0 (0% of limit 12000) | mode continuous
2026-02-20 20:22:34,840 [WARNING] rit_api: POST /orders returned 500: {"code":"INTERNAL_SERVER_ERROR","message":"Order could not be submitted because the order size is 0."}
2026-02-20 20:22:35,321 [INFO] rit_api: MARKET BUY 635 RTM -> order_id=19675
2026-02-20 20:22:35,325 [INFO] trading_engine: HEDGE BUY 635 RTM | delta -635 -> ~0 | target -0 (0% of limit 12000) | mode continuous
2026-02-20 20:22:35,853 [WARNING] rit_api: POST /orders returned 500: {"code":"INTERNAL_SERVER_ERROR","message":"Order could not be submitted because the order size is 0."}
2026-02-20 20:22:36,310 [INFO] rit_api: MARKET SELL 1820 RTM -> order_id=19736
2026-02-20 20:22:36,313 [INFO] trading_engine: HEDGE SELL 1820 RTM | delta 1820 -> ~-0 | target 0 (0% of limit 12000) | mode continuous
2026-02-20 20:22:36,861 [WARNING] rit_api: POST /orders returned 500: {"code":"INTERNAL_SERVER_ERROR","message":"Order could not be submitted because the order size is 0."}
2026-02-20 20:22:37,314 [INFO] rit_api: MARKET SELL 599 RTM -> order_id=19794
2026-02-20 20:22:37,315 [INFO] trading_engine: HEDGE SELL 599 RTM | delta 599 -> ~-0 | target 0 (0% of limit 12000) | mode continuous
2026-02-20 20:22:37,845 [WARNING] rit_api: POST /orders returned 500: {"code":"INTERNAL_SERVER_ERROR","message":"Order could not be submitted because the order size is 0."}
2026-02-20 20:22:38,326 [INFO] rit_api: MARKET BUY 1856 RTM -> order_id=19849
2026-02-20 20:22:38,330 [INFO] trading_engine: HEDGE BUY 1856 RTM | delta -1856 -> ~-0 | target -0 (0% of limit 12000) | mode continuous
2026-02-20 20:22:38,880 [WARNING] rit_api: POST /orders returned 500: {"code":"INTERNAL_SERVER_ERROR","message":"Order could not be submitted because the order size is 0."}
2026-02-20 20:22:39,330 [INFO] rit_api: MARKET BUY 291 RTM -> order_id=19934
2026-02-20 20:22:39,331 [INFO] trading_engine: HEDGE BUY 291 RTM | delta -291 -> ~-0 | target -0 (0% of limit 12000) | mode continuous
2026-02-20 20:22:39,861 [WARNING] rit_api: POST /orders returned 500: {"code":"INTERNAL_SERVER_ERROR","message":"Order could not be submitted because the order size is 0."}
2026-02-20 20:22:40,353 [INFO] rit_api: MARKET BUY 5284 RTM -> order_id=20010
2026-02-20 20:22:40,354 [INFO] trading_engine: HEDGE BUY 5284 RTM | delta -5284 -> ~0 | target -0 (0% of limit 12000) | mode continuous
2026-02-20 20:22:40,883 [WARNING] rit_api: POST /orders returned 500: {"code":"INTERNAL_SERVER_ERROR","message":"Order could not be submitted because the order size is 0."}
2026-02-20 20:22:41,323 [INFO] rit_api: MARKET SELL 3543 RTM -> order_id=20081
2026-02-20 20:22:41,324 [INFO] trading_engine: HEDGE SELL 3543 RTM | delta 3543 -> ~-0 | target 0 (0% of limit 12000) | mode continuous
2026-02-20 20:22:41,880 [WARNING] rit_api: POST /orders returned 500: {"code":"INTERNAL_SERVER_ERROR","message":"Order could not be submitted because the order size is 0."}
2026-02-20 20:22:42,360 [INFO] rit_api: MARKET SELL 829 RTM -> order_id=20151
2026-02-20 20:22:42,362 [INFO] trading_engine: HEDGE SELL 829 RTM | delta 829 -> ~-0 | target 0 (0% of limit 12000) | mode continuous
2026-02-20 20:22:42,913 [WARNING] rit_api: POST /orders returned 500: {"code":"INTERNAL_SERVER_ERROR","message":"Order could not be submitted because the order size is 0."}
2026-02-20 20:22:43,345 [INFO] rit_api: MARKET BUY 1493 RTM -> order_id=20239
2026-02-20 20:22:43,346 [INFO] trading_engine: HEDGE BUY 1493 RTM | delta -1493 -> ~0 | target -0 (0% of limit 12000) | mode continuous
2026-02-20 20:22:43,888 [WARNING] rit_api: POST /orders returned 500: {"code":"INTERNAL_SERVER_ERROR","message":"Order could not be submitted because the order size is 0."}
2026-02-20 20:22:44,393 [INFO] rit_api: MARKET BUY 1958 RTM -> order_id=20305
2026-02-20 20:22:44,393 [INFO] trading_engine: HEDGE BUY 1958 RTM | delta -1958 -> ~-0 | target -0 (0% of limit 12000) | mode continuous
2026-02-20 20:22:44,913 [WARNING] rit_api: POST /orders returned 500: {"code":"INTERNAL_SERVER_ERROR","message":"Order could not be submitted because the order size is 0."}
2026-02-20 20:22:45,333 [INFO] rit_api: MARKET SELL 1669 RTM -> order_id=20369
2026-02-20 20:22:45,333 [INFO] trading_engine: HEDGE SELL 1669 RTM | delta 1669 -> ~-0 | target 0 (0% of limit 12000) | mode continuous
2026-02-20 20:22:45,860 [WARNING] rit_api: POST /orders returned 500: {"code":"INTERNAL_SERVER_ERROR","message":"Order could not be submitted because the order size is 0."}
2026-02-20 20:22:46,340 [INFO] rit_api: MARKET SELL 49 RTM1C52 -> order_id=20435
2026-02-20 20:22:46,349 [INFO] rit_api: MARKET SELL 49 RTM1P52 -> order_id=20436
2026-02-20 20:22:46,358 [INFO] rit_api: MARKET BUY 938 RTM -> order_id=20437
2026-02-20 20:22:46,359 [INFO] trading_engine: SCHEDULED CLOSE tick 255: options_closed=98 stock_closed=938 orders=3
2026-02-20 20:22:46,361 [INFO] trading_engine: Scheduled close week 4 tick 255 (window 255-260), trades=3
2026-02-20 20:22:47,333 [INFO] rit_api: MARKET SELL 49 RTM1C52 -> order_id=20525
2026-02-20 20:22:47,343 [INFO] rit_api: MARKET SELL 49 RTM1P52 -> order_id=20539
2026-02-20 20:22:47,353 [INFO] rit_api: MARKET BUY 938 RTM -> order_id=20542
2026-02-20 20:22:47,353 [INFO] trading_engine: SCHEDULED CLOSE tick 256: options_closed=98 stock_closed=938 orders=3
2026-02-20 20:22:47,358 [INFO] trading_engine: Scheduled close week 4 tick 256 (window 255-260), trades=3
2026-02-20 20:22:48,435 [INFO] rit_api: MARKET SELL 49 RTM1C52 -> order_id=20629
2026-02-20 20:22:48,444 [INFO] rit_api: MARKET SELL 49 RTM1P52 -> order_id=20631
2026-02-20 20:22:48,454 [INFO] rit_api: MARKET BUY 938 RTM -> order_id=20633
2026-02-20 20:22:48,455 [INFO] trading_engine: SCHEDULED CLOSE tick 257: options_closed=98 stock_closed=938 orders=3
2026-02-20 20:22:48,459 [INFO] trading_engine: Scheduled close week 4 tick 257 (window 255-260), trades=3
2026-02-20 20:22:49,371 [INFO] rit_api: MARKET SELL 49 RTM1C52 -> order_id=20714
2026-02-20 20:22:49,385 [INFO] rit_api: MARKET SELL 49 RTM1P52 -> order_id=20717
2026-02-20 20:22:49,401 [INFO] rit_api: MARKET BUY 937 RTM -> order_id=20720
2026-02-20 20:22:49,405 [INFO] trading_engine: SCHEDULED CLOSE tick 258: options_closed=98 stock_closed=937 orders=3
2026-02-20 20:22:49,411 [INFO] trading_engine: Scheduled close week 4 tick 258 (window 255-260), trades=3
2026-02-20 20:22:50,369 [INFO] rit_api: MARKET BUY 52 RTM1C52 -> order_id=20791
2026-02-20 20:22:50,377 [INFO] rit_api: MARKET SELL 49 RTM1P52 -> order_id=20795
2026-02-20 20:22:50,389 [INFO] rit_api: MARKET BUY 937 RTM -> order_id=20797
2026-02-20 20:22:50,389 [INFO] trading_engine: SCHEDULED CLOSE tick 259: options_closed=101 stock_closed=937 orders=3
2026-02-20 20:22:50,394 [INFO] trading_engine: Scheduled close week 4 tick 259 (window 255-260), trades=3
2026-02-20 20:22:51,393 [INFO] rit_api: MARKET BUY 51 RTM1C52 -> order_id=20855
2026-02-20 20:22:51,410 [INFO] rit_api: MARKET BUY 100 RTM1P52 -> order_id=20858
2026-02-20 20:22:51,422 [INFO] rit_api: MARKET BUY 52 RTM1P52 -> order_id=20860
2026-02-20 20:22:51,434 [INFO] rit_api: MARKET BUY 937 RTM -> order_id=20862
2026-02-20 20:22:51,434 [INFO] trading_engine: SCHEDULED CLOSE tick 260: options_closed=203 stock_closed=937 orders=4
2026-02-20 20:22:51,439 [INFO] trading_engine: Scheduled close week 4 tick 260 (window 255-260), trades=4
2026-02-20 20:22:52,374 [INFO] trading_engine: Position flat. Waiting for next scheduled positioning tick.
2026-02-20 20:25:29,938 [WARNING] rit_api: POST /commands/cancel returned 401: {"code":"UNAUTHORIZED","message":"Simulation must be running."}
