2026-02-12 07:02:04,666 [INFO] news_parser: NEWS: Current realized vol = 25.0% (history: ['25%']) [NOW USING REALIZED]
2026-02-12 07:02:26,172 [INFO] news_parser: NEWS: Forecast vol next week = 11.0% - 16.0% (mid=13.5%) [NOW USING FORECAST]
2026-02-12 07:03:04,407 [INFO] news_parser: NEWS: Current realized vol = 13.0% (history: ['25%', '13%']) [NOW USING REALIZED]
2026-02-12 07:03:04,420 [INFO] trading_engine: WEEK 3 positioning tick 150
2026-02-12 07:03:05,395 [INFO] trading_engine: No delta limit from news, using default 10000
2026-02-12 07:03:05,398 [INFO] optimizer: ============================================================
2026-02-12 07:03:05,398 [INFO] optimizer: OPTIMIZER RESULT: n*=490 SHORT straddles @ strike 52
2026-02-12 07:03:05,399 [INFO] optimizer:   Expected profit: $44931.04
2026-02-12 07:03:05,400 [INFO] optimizer:   Gain/contract: $100.3935 | Pos cost/contract: $4.0200
2026-02-12 07:03:05,400 [INFO] optimizer:   Rebalancing cost: $2291.97 | Z=0.36
2026-02-12 07:03:05,400 [INFO] optimizer:   Inputs: S0=52.27 sigma=0.1300 sigma_hat=0.2908 L=10000 Gamma=56.4694
2026-02-12 07:03:05,401 [INFO] optimizer:   Spreads: Bo=0.0400 Bs=0.0200 T=0.019231
2026-02-12 07:03:05,401 [INFO] optimizer: ============================================================
2026-02-12 07:03:05,487 [INFO] rit_api: MARKET SELL 100 RTM1C52 -> order_id=6575
2026-02-12 07:03:05,544 [INFO] rit_api: MARKET SELL 100 RTM1C52 -> order_id=6579
2026-02-12 07:03:05,600 [INFO] rit_api: MARKET SELL 100 RTM1C52 -> order_id=6582
2026-02-12 07:03:05,692 [INFO] rit_api: MARKET SELL 100 RTM1C52 -> order_id=6587
2026-02-12 07:03:05,790 [INFO] rit_api: MARKET SELL 90 RTM1C52 -> order_id=6590
2026-02-12 07:03:05,858 [INFO] rit_api: MARKET SELL 100 RTM1P52 -> order_id=6591
2026-02-12 07:03:05,930 [INFO] rit_api: MARKET SELL 100 RTM1P52 -> order_id=6592
2026-02-12 07:03:05,993 [INFO] rit_api: MARKET SELL 100 RTM1P52 -> order_id=6593
2026-02-12 07:03:06,049 [INFO] rit_api: MARKET SELL 100 RTM1P52 -> order_id=6594
2026-02-12 07:03:06,111 [INFO] rit_api: MARKET SELL 90 RTM1P52 -> order_id=6595
2026-02-12 07:03:06,111 [INFO] trading_engine: STRADDLE SELL 490/490 @ K=52: 10 orders (490C+490P filled)
2026-02-12 07:03:06,111 [INFO] trading_engine: POSITIONED: 490 SHORT straddles @ 52 (week 3, expected $44931)
2026-02-12 07:03:08,525 [INFO] rit_api: MARKET BUY 9576 RTM -> order_id=6726
2026-02-12 07:03:08,525 [INFO] trading_engine: HEDGE BUY 9576 RTM | delta -9576 -> ~0 | limit 10000 (96%)
2026-02-12 07:03:23,575 [INFO] rit_api: MARKET BUY 9119 RTM -> order_id=7377
2026-02-12 07:03:23,575 [INFO] trading_engine: HEDGE BUY 9119 RTM | delta -9119 -> ~0 | limit 10000 (91%)
2026-02-12 07:03:34,648 [INFO] rit_api: MARKET SELL 9166 RTM -> order_id=7855
2026-02-12 07:03:34,648 [INFO] trading_engine: HEDGE SELL 9166 RTM | delta 9166 -> ~0 | limit 10000 (92%)
2026-02-12 07:03:41,522 [INFO] news_parser: NEWS: Forecast vol next week = 14.0% - 19.0% (mid=16.5%) [NOW USING FORECAST]
2026-02-12 07:04:19,740 [INFO] news_parser: NEWS: Current realized vol = 15.0% (history: ['25%', '13%', '15%']) [NOW USING REALIZED]
2026-02-12 07:04:19,746 [INFO] trading_engine: WEEK 4 positioning tick 225
2026-02-12 07:04:19,746 [INFO] trading_engine: No delta limit from news, using default 10000
2026-02-12 07:04:19,749 [INFO] optimizer: ============================================================
2026-02-12 07:04:19,749 [INFO] optimizer: OPTIMIZER RESULT: n*=319 LONG straddles @ strike 52
2026-02-12 07:04:19,750 [INFO] optimizer:   Expected profit: $1114.45
2026-02-12 07:04:19,750 [INFO] optimizer:   Gain/contract: $10.5292 | Pos cost/contract: $4.0200
2026-02-12 07:04:19,750 [INFO] optimizer:   Rebalancing cost: $961.98 | Z=0.44
2026-02-12 07:04:19,751 [INFO] optimizer:   Inputs: S0=51.88 sigma=0.1500 sigma_hat=0.1294 L=10000 Gamma=70.7087
2026-02-12 07:04:19,751 [INFO] optimizer:   Spreads: Bo=0.0400 Bs=0.0200 T=0.019231
2026-02-12 07:04:19,751 [INFO] optimizer: ============================================================
2026-02-12 07:04:19,752 [INFO] trading_engine: REPOSITIONING: dir -1->1, strike 52->52
2026-02-12 07:04:19,866 [INFO] rit_api: MARKET BUY 100 RTM1C52 -> order_id=9801
2026-02-12 07:04:19,923 [INFO] rit_api: MARKET BUY 100 RTM1C52 -> order_id=9802
2026-02-12 07:04:19,978 [INFO] rit_api: MARKET BUY 100 RTM1C52 -> order_id=9803
2026-02-12 07:04:20,038 [INFO] rit_api: MARKET BUY 100 RTM1C52 -> order_id=9804
2026-02-12 07:04:20,096 [INFO] rit_api: MARKET BUY 90 RTM1C52 -> order_id=9805
2026-02-12 07:04:20,154 [INFO] rit_api: MARKET BUY 100 RTM1P52 -> order_id=9806
2026-02-12 07:04:20,212 [INFO] rit_api: MARKET BUY 100 RTM1P52 -> order_id=9807
2026-02-12 07:04:20,269 [INFO] rit_api: MARKET BUY 100 RTM1P52 -> order_id=9808
2026-02-12 07:04:20,325 [INFO] rit_api: MARKET BUY 100 RTM1P52 -> order_id=9809
2026-02-12 07:04:20,382 [INFO] rit_api: MARKET BUY 90 RTM1P52 -> order_id=9810
2026-02-12 07:04:20,442 [INFO] rit_api: MARKET SELL 9529 RTM -> order_id=9811
2026-02-12 07:04:20,844 [INFO] trading_engine: Position flat. Ready to reposition.
2026-02-12 07:04:21,759 [INFO] trading_engine: No delta limit from news, using default 10000
2026-02-12 07:04:21,761 [INFO] optimizer: ============================================================
2026-02-12 07:04:21,761 [INFO] optimizer: OPTIMIZER RESULT: n*=490 LONG straddles @ strike 52
2026-02-12 07:04:21,762 [INFO] optimizer:   Expected profit: $6243.57
2026-02-12 07:04:21,762 [INFO] optimizer:   Gain/contract: $21.5731 | Pos cost/contract: $4.0200
2026-02-12 07:04:21,763 [INFO] optimizer:   Rebalancing cost: $2357.44 | Z=0.28
2026-02-12 07:04:21,763 [INFO] optimizer:   Inputs: S0=51.92 sigma=0.1500 sigma_hat=0.1045 L=10000 Gamma=71.8101
2026-02-12 07:04:21,764 [INFO] optimizer:   Spreads: Bo=0.0400 Bs=0.0200 T=0.019231
2026-02-12 07:04:21,764 [INFO] optimizer: ============================================================
2026-02-12 07:04:21,830 [INFO] rit_api: MARKET BUY 100 RTM1C52 -> order_id=9905
2026-02-12 07:04:21,887 [INFO] rit_api: MARKET BUY 100 RTM1C52 -> order_id=9906
2026-02-12 07:04:21,887 [WARNING] trading_engine: Net limit approaching (1052), stopping
2026-02-12 07:04:21,888 [WARNING] trading_engine: Net limit approaching (1052), stopping
2026-02-12 07:04:21,888 [INFO] trading_engine: STRADDLE BUY 0/490 @ K=52: 2 orders (200C+0P filled)
2026-02-12 07:04:21,888 [INFO] trading_engine: POSITIONED: 490 LONG straddles @ 52 (week 4, expected $6244)
2026-02-12 07:04:22,981 [INFO] rit_api: MARKET SELL 10000 RTM -> order_id=9959
2026-02-12 07:04:22,983 [INFO] trading_engine: HEDGE SELL 10000 RTM | delta 12122 -> ~0 | limit 10000 (121%)
2026-02-12 07:04:27,987 [INFO] rit_api: MARKET BUY 10000 RTM -> order_id=10184
2026-02-12 07:04:27,987 [INFO] trading_engine: HEDGE BUY 10000 RTM | delta -12467 -> ~0 | limit 10000 (125%)
2026-02-12 07:04:28,791 [WARNING] trading_engine: EMERGENCY hedge bypass: delta=17514 limit=10000
2026-02-12 07:04:28,960 [INFO] rit_api: MARKET SELL 10000 RTM -> order_id=10228
2026-02-12 07:04:28,961 [INFO] trading_engine: HEDGE SELL 10000 RTM | delta 17514 -> ~0 | limit 10000 (175%)
2026-02-12 07:04:32,043 [INFO] rit_api: MARKET SELL 10000 RTM -> order_id=10361
2026-02-12 07:04:32,043 [INFO] trading_engine: HEDGE SELL 10000 RTM | delta 12321 -> ~0 | limit 10000 (123%)
2026-02-12 07:04:33,918 [INFO] rit_api: MARKET BUY 10000 RTM -> order_id=10449
2026-02-12 07:04:33,918 [INFO] trading_engine: HEDGE BUY 10000 RTM | delta -14785 -> ~0 | limit 10000 (148%)
2026-02-12 07:04:36,029 [INFO] rit_api: MARKET SELL 10000 RTM -> order_id=10539
2026-02-12 07:04:36,030 [INFO] trading_engine: HEDGE SELL 10000 RTM | delta 10126 -> ~0 | limit 10000 (101%)
2026-02-12 07:04:36,923 [WARNING] trading_engine: EMERGENCY hedge bypass: delta=-12375 limit=10000
2026-02-12 07:04:37,036 [INFO] rit_api: MARKET BUY 10000 RTM -> order_id=10584
2026-02-12 07:04:37,037 [INFO] trading_engine: HEDGE BUY 10000 RTM | delta -12375 -> ~0 | limit 10000 (124%)
2026-02-12 07:04:37,827 [WARNING] trading_engine: EMERGENCY hedge bypass: delta=13896 limit=10000
2026-02-12 07:04:37,941 [INFO] rit_api: MARKET SELL 10000 RTM -> order_id=10628
2026-02-12 07:04:37,942 [INFO] trading_engine: HEDGE SELL 10000 RTM | delta 13896 -> ~0 | limit 10000 (139%)
2026-02-12 07:04:41,064 [INFO] rit_api: MARKET BUY 9419 RTM -> order_id=10760
2026-02-12 07:04:41,064 [INFO] trading_engine: HEDGE BUY 9419 RTM | delta -9419 -> ~0 | limit 10000 (94%)
2026-02-12 07:04:48,037 [INFO] rit_api: MARKET SELL 10000 RTM -> order_id=11063
2026-02-12 07:04:48,037 [INFO] trading_engine: HEDGE SELL 10000 RTM | delta 11036 -> ~0 | limit 10000 (110%)
2026-02-12 07:04:50,150 [INFO] rit_api: MARKET BUY 10000 RTM -> order_id=11155
2026-02-12 07:04:50,150 [INFO] trading_engine: HEDGE BUY 10000 RTM | delta -11820 -> ~0 | limit 10000 (118%)
2026-02-12 07:04:52,080 [INFO] rit_api: MARKET SELL 10000 RTM -> order_id=11245
2026-02-12 07:04:52,081 [INFO] trading_engine: HEDGE SELL 10000 RTM | delta 10808 -> ~0 | limit 10000 (108%)
2026-02-12 07:05:01,161 [INFO] rit_api: MARKET BUY 10000 RTM -> order_id=11643
2026-02-12 07:05:01,162 [INFO] trading_engine: HEDGE BUY 10000 RTM | delta -15385 -> ~0 | limit 10000 (154%)
2026-02-12 07:05:03,186 [INFO] rit_api: MARKET SELL 10000 RTM -> order_id=11729
2026-02-12 07:05:03,186 [INFO] trading_engine: HEDGE SELL 10000 RTM | delta 11267 -> ~0 | limit 10000 (113%)
2026-02-12 07:05:04,071 [WARNING] trading_engine: EMERGENCY hedge bypass: delta=-14710 limit=10000
2026-02-12 07:05:04,188 [INFO] rit_api: MARKET BUY 10000 RTM -> order_id=11775
2026-02-12 07:05:04,188 [INFO] trading_engine: HEDGE BUY 10000 RTM | delta -14710 -> ~0 | limit 10000 (147%)
2026-02-12 07:05:06,206 [INFO] rit_api: MARKET SELL 10000 RTM -> order_id=11862
2026-02-12 07:05:06,206 [INFO] trading_engine: HEDGE SELL 10000 RTM | delta 14334 -> ~0 | limit 10000 (143%)
2026-02-12 07:05:07,085 [WARNING] trading_engine: EMERGENCY hedge bypass: delta=-10584 limit=10000
2026-02-12 07:05:07,212 [INFO] rit_api: MARKET BUY 10000 RTM -> order_id=11906
2026-02-12 07:05:07,212 [INFO] trading_engine: HEDGE BUY 10000 RTM | delta -10584 -> ~0 | limit 10000 (106%)
2026-02-12 07:05:10,178 [INFO] rit_api: MARKET BUY 10000 RTM -> order_id=12037
2026-02-12 07:05:10,178 [INFO] trading_engine: HEDGE BUY 10000 RTM | delta -19058 -> ~0 | limit 10000 (191%)
2026-02-12 07:05:10,977 [WARNING] trading_engine: EMERGENCY hedge bypass: delta=9667 limit=10000
2026-02-12 07:05:11,091 [INFO] rit_api: MARKET SELL 9667 RTM -> order_id=12081
2026-02-12 07:05:11,091 [INFO] trading_engine: HEDGE SELL 9667 RTM | delta 9667 -> ~0 | limit 10000 (97%)
2026-02-12 07:05:16,210 [INFO] rit_api: MARKET SELL 9984 RTM -> order_id=12296
2026-02-12 07:05:16,210 [INFO] trading_engine: HEDGE SELL 9984 RTM | delta 9984 -> ~0 | limit 10000 (100%)
2026-02-12 07:05:17,103 [INFO] trading_engine: ENTERING UNWIND at tick 282
2026-02-12 07:05:17,160 [INFO] rit_api: LIMIT SELL 100 RTM1C52 @ 0.40 -> order_id=12340
2026-02-12 07:05:17,216 [INFO] rit_api: LIMIT SELL 100 RTM1C52 @ 0.40 -> order_id=12341
2026-02-12 07:05:17,322 [INFO] rit_api: LIMIT SELL 100 RTM1C52 @ 0.40 -> order_id=12342
2026-02-12 07:05:17,431 [INFO] rit_api: LIMIT SELL 100 RTM1C52 @ 0.40 -> order_id=12344
2026-02-12 07:05:17,541 [INFO] rit_api: LIMIT SELL 100 RTM1C52 @ 0.40 -> order_id=12346
2026-02-12 07:05:17,646 [INFO] rit_api: LIMIT SELL 76 RTM1C52 @ 0.40 -> order_id=12348
2026-02-12 07:05:17,756 [INFO] rit_api: LIMIT SELL 100 RTM1P52 @ 0.07 -> order_id=12350
2026-02-12 07:05:17,869 [INFO] rit_api: LIMIT SELL 100 RTM1P52 @ 0.07 -> order_id=12352
2026-02-12 07:05:17,984 [INFO] rit_api: LIMIT SELL 100 RTM1P52 @ 0.07 -> order_id=12396
2026-02-12 07:05:18,115 [INFO] rit_api: LIMIT SELL 76 RTM1P52 @ 0.07 -> order_id=12398
2026-02-12 07:05:18,220 [INFO] rit_api: LIMIT BUY 10000 RTM @ 52.35 -> order_id=12400
2026-02-12 07:05:18,451 [INFO] rit_api: LIMIT BUY 100 RTM1C52 @ 0.55 -> order_id=12404
2026-02-12 07:05:18,507 [INFO] rit_api: LIMIT BUY 100 RTM1C52 @ 0.55 -> order_id=12405
2026-02-12 07:05:18,564 [INFO] rit_api: LIMIT BUY 100 RTM1C52 @ 0.55 -> order_id=12406
2026-02-12 07:05:18,621 [INFO] rit_api: LIMIT BUY 100 RTM1C52 @ 0.55 -> order_id=12407
2026-02-12 07:05:18,682 [INFO] rit_api: LIMIT BUY 100 RTM1C52 @ 0.55 -> order_id=12408
2026-02-12 07:05:18,795 [INFO] rit_api: LIMIT BUY 76 RTM1C52 @ 0.55 -> order_id=12410
2026-02-12 07:05:18,912 [INFO] rit_api: LIMIT SELL 100 RTM1P52 @ 0.04 -> order_id=12412
2026-02-12 07:05:19,051 [INFO] rit_api: LIMIT SELL 76 RTM1P52 @ 0.04 -> order_id=12456
2026-02-12 07:05:19,191 [INFO] rit_api: LIMIT BUY 10000 RTM @ 52.51 -> order_id=12458
2026-02-12 07:05:19,551 [INFO] rit_api: LIMIT SELL 100 RTM1C52 @ 0.39 -> order_id=12464
2026-02-12 07:05:19,609 [INFO] rit_api: LIMIT SELL 100 RTM1C52 @ 0.39 -> order_id=12465
2026-02-12 07:05:19,685 [INFO] rit_api: LIMIT SELL 100 RTM1C52 @ 0.39 -> order_id=12466
2026-02-12 07:05:19,743 [INFO] rit_api: LIMIT SELL 100 RTM1C52 @ 0.39 -> order_id=12467
2026-02-12 07:05:19,801 [INFO] rit_api: LIMIT SELL 100 RTM1C52 @ 0.39 -> order_id=12468
2026-02-12 07:05:19,907 [INFO] rit_api: LIMIT SELL 76 RTM1C52 @ 0.39 -> order_id=12470
2026-02-12 07:05:20,042 [INFO] rit_api: LIMIT BUY 100 RTM1P52 @ 0.09 -> order_id=12514
2026-02-12 07:05:20,166 [INFO] rit_api: LIMIT BUY 100 RTM1P52 @ 0.09 -> order_id=12516
2026-02-12 07:05:20,273 [INFO] rit_api: LIMIT BUY 100 RTM1P52 @ 0.09 -> order_id=12518
2026-02-12 07:05:20,379 [INFO] rit_api: LIMIT BUY 100 RTM1P52 @ 0.09 -> order_id=12520
2026-02-12 07:05:20,487 [INFO] rit_api: LIMIT BUY 100 RTM1P52 @ 0.09 -> order_id=12522
2026-02-12 07:05:20,593 [INFO] rit_api: LIMIT BUY 52 RTM1P52 @ 0.09 -> order_id=12524
2026-02-12 07:05:20,710 [INFO] rit_api: LIMIT BUY 10000 RTM @ 52.34 -> order_id=12526
2026-02-12 07:05:21,159 [INFO] rit_api: LIMIT BUY 100 RTM1C52 @ 0.27 -> order_id=12575
2026-02-12 07:05:21,241 [INFO] rit_api: LIMIT BUY 100 RTM1P52 @ 0.15 -> order_id=12576
2026-02-12 07:05:21,297 [INFO] rit_api: LIMIT BUY 100 RTM1P52 @ 0.15 -> order_id=12577
2026-02-12 07:05:21,355 [INFO] rit_api: LIMIT BUY 100 RTM1P52 @ 0.15 -> order_id=12578
2026-02-12 07:05:21,408 [INFO] rit_api: LIMIT BUY 100 RTM1P52 @ 0.15 -> order_id=12579
2026-02-12 07:05:21,560 [WARNING] rit_api: POST /orders returned 500: {"code":"INTERNAL_SERVER_ERROR","message":"Order request cannot be submitted because it will exceed net trading limits in the risk category Limit-OPT."}
2026-02-12 07:05:21,675 [INFO] rit_api: LIMIT BUY 100 RTM1P52 @ 0.15 -> order_id=12582
2026-02-12 07:05:21,783 [INFO] rit_api: LIMIT BUY 100 RTM1P52 @ 0.15 -> order_id=12584
2026-02-12 07:05:21,889 [INFO] rit_api: LIMIT BUY 28 RTM1P52 @ 0.15 -> order_id=12586
2026-02-12 07:05:21,999 [INFO] rit_api: LIMIT SELL 9536 RTM @ 52.10 -> order_id=12630
2026-02-12 07:05:22,267 [INFO] rit_api: LIMIT SELL 100 RTM1P52 @ 0.06 -> order_id=12634
2026-02-12 07:05:22,330 [INFO] rit_api: LIMIT SELL 100 RTM1P52 @ 0.06 -> order_id=12635
2026-02-12 07:05:22,387 [INFO] rit_api: LIMIT SELL 100 RTM1P52 @ 0.06 -> order_id=12636
2026-02-12 07:05:22,444 [INFO] rit_api: LIMIT SELL 100 RTM1P52 @ 0.06 -> order_id=12637
2026-02-12 07:05:22,529 [INFO] rit_api: LIMIT SELL 100 RTM1P52 @ 0.06 -> order_id=12638
2026-02-12 07:05:22,634 [INFO] rit_api: LIMIT SELL 100 RTM1P52 @ 0.06 -> order_id=12640
2026-02-12 07:05:22,739 [INFO] rit_api: LIMIT SELL 100 RTM1P52 @ 0.06 -> order_id=12642
2026-02-12 07:05:22,858 [INFO] rit_api: LIMIT SELL 80 RTM1P52 @ 0.06 -> order_id=12644
2026-02-12 07:05:23,004 [INFO] rit_api: LIMIT SELL 464 RTM @ 52.26 -> order_id=12688
2026-02-12 07:05:23,374 [INFO] rit_api: LIMIT BUY 100 RTM1P52 @ 0.06 -> order_id=12694
2026-02-12 07:05:23,432 [INFO] rit_api: LIMIT BUY 100 RTM1P52 @ 0.06 -> order_id=12695
2026-02-12 07:05:23,495 [INFO] rit_api: LIMIT BUY 100 RTM1P52 @ 0.06 -> order_id=12696
2026-02-12 07:05:23,553 [INFO] rit_api: LIMIT BUY 100 RTM1P52 @ 0.06 -> order_id=12697
2026-02-12 07:05:23,609 [INFO] rit_api: LIMIT BUY 10000 RTM @ 52.32 -> order_id=12698
2026-02-12 07:05:24,093 [INFO] rit_api: LIMIT BUY 100 RTM1C52 @ 0.44 -> order_id=12746
2026-02-12 07:05:24,150 [INFO] rit_api: LIMIT BUY 100 RTM1C52 @ 0.44 -> order_id=12747
2026-02-12 07:05:24,205 [INFO] rit_api: LIMIT BUY 100 RTM1C52 @ 0.44 -> order_id=12748
2026-02-12 07:05:24,311 [INFO] rit_api: LIMIT BUY 76 RTM1C52 @ 0.44 -> order_id=12750
2026-02-12 07:05:24,419 [INFO] rit_api: LIMIT SELL 20 RTM1P52 @ 0.03 -> order_id=12752
2026-02-12 07:05:24,524 [INFO] rit_api: LIMIT SELL 9536 RTM @ 52.37 -> order_id=12754
2026-02-12 07:05:25,153 [INFO] rit_api: LIMIT SELL 100 RTM1C52 @ 0.25 -> order_id=12800
2026-02-12 07:05:25,259 [INFO] rit_api: LIMIT SELL 100 RTM1C52 @ 0.25 -> order_id=12802
2026-02-12 07:05:25,366 [INFO] rit_api: LIMIT SELL 100 RTM1C52 @ 0.25 -> order_id=12805
2026-02-12 07:05:25,472 [INFO] rit_api: LIMIT SELL 100 RTM1C52 @ 0.25 -> order_id=12807
2026-02-12 07:05:25,578 [INFO] rit_api: LIMIT SELL 76 RTM1C52 @ 0.25 -> order_id=12809
2026-02-12 07:05:25,710 [INFO] rit_api: LIMIT BUY 100 RTM1P52 @ 0.10 -> order_id=12811
2026-02-12 07:05:25,912 [INFO] rit_api: LIMIT BUY 72 RTM1P52 @ 0.10 -> order_id=12813
2026-02-12 07:05:26,056 [INFO] rit_api: LIMIT BUY 9536 RTM @ 52.19 -> order_id=12857
2026-02-12 07:05:26,276 [INFO] rit_api: LIMIT BUY 100 RTM1C52 @ 0.40 -> order_id=12859
2026-02-12 07:05:26,333 [INFO] rit_api: LIMIT BUY 100 RTM1C52 @ 0.40 -> order_id=12860
2026-02-12 07:05:26,391 [INFO] rit_api: LIMIT BUY 100 RTM1C52 @ 0.40 -> order_id=12861
2026-02-12 07:05:26,447 [INFO] rit_api: LIMIT BUY 100 RTM1C52 @ 0.40 -> order_id=12862
2026-02-12 07:05:26,553 [INFO] rit_api: LIMIT BUY 76 RTM1C52 @ 0.40 -> order_id=12864
2026-02-12 07:05:26,672 [INFO] rit_api: LIMIT SELL 100 RTM1P52 @ 0.03 -> order_id=12866
2026-02-12 07:05:26,780 [INFO] rit_api: LIMIT SELL 72 RTM1P52 @ 0.03 -> order_id=12868
2026-02-12 07:05:26,889 [INFO] rit_api: LIMIT BUY 9536 RTM @ 52.38 -> order_id=12870
2026-02-12 07:05:27,245 [INFO] rit_api: MARKET SELL 100 RTM1C52 -> order_id=12917
2026-02-12 07:05:27,301 [INFO] rit_api: MARKET SELL 100 RTM1C52 -> order_id=12918
2026-02-12 07:05:27,378 [INFO] rit_api: MARKET SELL 100 RTM1C52 -> order_id=12919
2026-02-12 07:05:27,466 [INFO] rit_api: MARKET SELL 100 RTM1C52 -> order_id=12920
2026-02-12 07:05:27,522 [INFO] rit_api: MARKET SELL 76 RTM1C52 -> order_id=12922
2026-02-12 07:05:27,634 [INFO] rit_api: MARKET BUY 100 RTM1P52 -> order_id=12924
2026-02-12 07:05:28,193 [INFO] rit_api: MARKET BUY 100 RTM1C52 -> order_id=12973
2026-02-12 07:05:28,299 [INFO] rit_api: MARKET BUY 100 RTM1C52 -> order_id=12976
2026-02-12 07:05:28,405 [INFO] rit_api: MARKET BUY 76 RTM1C52 -> order_id=12978
2026-02-12 07:05:28,519 [INFO] rit_api: MARKET SELL 100 RTM1P52 -> order_id=12980
2026-02-12 07:05:29,132 [INFO] rit_api: MARKET SELL 100 RTM1C52 -> order_id=13023
2026-02-12 07:05:29,191 [INFO] rit_api: MARKET SELL 100 RTM1C52 -> order_id=13024
2026-02-12 07:05:29,248 [INFO] rit_api: MARKET SELL 76 RTM1C52 -> order_id=13025
2026-02-12 07:05:29,354 [INFO] rit_api: MARKET BUY 100 RTM1P52 -> order_id=13027
2026-02-12 07:05:30,247 [INFO] rit_api: MARKET BUY 100 RTM1C52 -> order_id=13076
2026-02-12 07:05:30,353 [INFO] rit_api: MARKET BUY 100 RTM1C52 -> order_id=13079
2026-02-12 07:05:30,459 [INFO] rit_api: MARKET BUY 76 RTM1C52 -> order_id=13081
2026-02-12 07:05:30,517 [INFO] rit_api: MARKET SELL 100 RTM1P52 -> order_id=13082
2026-02-12 07:05:31,127 [INFO] rit_api: MARKET SELL 100 RTM1C52 -> order_id=13126
2026-02-12 07:05:31,184 [INFO] rit_api: MARKET SELL 100 RTM1C52 -> order_id=13127
2026-02-12 07:05:31,241 [INFO] rit_api: MARKET SELL 76 RTM1C52 -> order_id=13128
2026-02-12 07:05:31,347 [INFO] rit_api: MARKET BUY 100 RTM1P52 -> order_id=13130
2026-02-12 07:05:32,133 [INFO] rit_api: MARKET BUY 100 RTM1C52 -> order_id=13177
2026-02-12 07:05:32,238 [INFO] rit_api: MARKET BUY 100 RTM1C52 -> order_id=13179
2026-02-12 07:05:32,344 [INFO] rit_api: MARKET BUY 76 RTM1C52 -> order_id=13181
2026-02-12 07:05:32,452 [INFO] rit_api: MARKET SELL 100 RTM1P52 -> order_id=13183
2026-02-12 07:05:33,300 [INFO] rit_api: MARKET SELL 100 RTM1C52 -> order_id=13230
2026-02-12 07:05:33,407 [INFO] rit_api: MARKET SELL 100 RTM1C52 -> order_id=13232
2026-02-12 07:05:33,463 [INFO] rit_api: MARKET SELL 76 RTM1C52 -> order_id=13233
2026-02-12 07:05:33,519 [INFO] rit_api: MARKET BUY 100 RTM1P52 -> order_id=13234
2026-02-12 07:05:34,199 [INFO] rit_api: MARKET BUY 100 RTM1C52 -> order_id=13278
2026-02-12 07:05:34,305 [INFO] rit_api: MARKET BUY 100 RTM1C52 -> order_id=13280
2026-02-12 07:05:34,424 [INFO] rit_api: MARKET BUY 76 RTM1C52 -> order_id=13282
2026-02-12 07:05:34,529 [INFO] rit_api: MARKET SELL 100 RTM1P52 -> order_id=13284
2026-02-12 07:05:40,097 [ERROR] rit_api: POST /orders error: HTTPConnectionPool(host='localhost', port=10000): Read timed out. (read timeout=5)
2026-02-12 07:05:45,127 [ERROR] rit_api: POST /orders error: HTTPConnectionPool(host='localhost', port=10000): Read timed out. (read timeout=5)
2026-02-12 07:05:50,154 [ERROR] rit_api: POST /orders error: HTTPConnectionPool(host='localhost', port=10000): Read timed out. (read timeout=5)
2026-02-12 07:05:55,180 [ERROR] rit_api: POST /orders error: HTTPConnectionPool(host='localhost', port=10000): Read timed out. (read timeout=5)
2026-02-12 07:06:00,346 [ERROR] rit_api: GET /case error: HTTPConnectionPool(host='localhost', port=10000): Read timed out. (read timeout=5)
2026-02-12 07:06:05,881 [ERROR] rit_api: GET /case error: HTTPConnectionPool(host='localhost', port=10000): Read timed out. (read timeout=5)
2026-02-12 07:06:11,396 [ERROR] rit_api: GET /case error: HTTPConnectionPool(host='localhost', port=10000): Read timed out. (read timeout=5)
2026-02-12 07:12:29,212 [WARNING] rit_api: GET /case returned 401
2026-02-12 07:12:29,717 [WARNING] rit_api: GET /case returned 401
2026-02-12 07:12:30,220 [WARNING] rit_api: GET /case returned 401
2026-02-12 07:12:30,723 [WARNING] rit_api: GET /case returned 401
2026-02-12 07:12:31,228 [WARNING] rit_api: GET /case returned 401
2026-02-12 07:12:31,731 [WARNING] rit_api: GET /case returned 401
2026-02-12 07:12:32,234 [WARNING] rit_api: GET /case returned 401
2026-02-12 07:12:32,738 [WARNING] rit_api: GET /case returned 401
2026-02-12 07:12:33,243 [WARNING] rit_api: GET /case returned 401
2026-02-12 07:12:33,746 [WARNING] rit_api: GET /case returned 401
2026-02-12 07:12:34,251 [WARNING] rit_api: GET /case returned 401
2026-02-12 07:12:34,755 [WARNING] rit_api: GET /case returned 401
2026-02-12 07:12:35,260 [WARNING] rit_api: GET /case returned 401
2026-02-12 07:12:35,764 [WARNING] rit_api: GET /case returned 401
2026-02-12 07:12:36,276 [WARNING] rit_api: GET /case returned 401
2026-02-12 07:12:36,791 [WARNING] rit_api: GET /case returned 401
2026-02-12 07:12:37,294 [WARNING] rit_api: GET /case returned 401
2026-02-12 07:12:37,798 [WARNING] rit_api: GET /case returned 401
2026-02-12 07:12:38,300 [WARNING] rit_api: GET /case returned 401
2026-02-12 07:12:38,803 [WARNING] rit_api: GET /case returned 401
2026-02-12 07:12:39,305 [WARNING] rit_api: GET /case returned 401
2026-02-12 07:12:39,808 [WARNING] rit_api: GET /case returned 401
2026-02-12 07:12:40,312 [WARNING] rit_api: GET /case returned 401
2026-02-12 07:12:40,815 [WARNING] rit_api: GET /case returned 401
2026-02-12 07:12:41,318 [WARNING] rit_api: GET /case returned 401
2026-02-12 07:12:41,820 [WARNING] rit_api: GET /case returned 401
2026-02-12 07:12:42,324 [WARNING] rit_api: GET /case returned 401
2026-02-12 07:12:42,829 [WARNING] rit_api: GET /case returned 401
2026-02-12 07:12:43,333 [WARNING] rit_api: GET /case returned 401
2026-02-12 07:12:43,835 [WARNING] rit_api: GET /case returned 401
2026-02-12 07:12:44,338 [WARNING] rit_api: GET /case returned 401
2026-02-12 07:12:44,842 [WARNING] rit_api: GET /case returned 401
2026-02-12 07:12:45,346 [WARNING] rit_api: GET /case returned 401
2026-02-12 07:12:45,851 [WARNING] rit_api: GET /case returned 401
2026-02-12 07:12:46,353 [WARNING] rit_api: GET /case returned 401
2026-02-12 07:12:46,856 [WARNING] rit_api: GET /case returned 401
2026-02-12 07:12:47,359 [WARNING] rit_api: GET /case returned 401
2026-02-12 07:12:47,862 [WARNING] rit_api: GET /case returned 401
2026-02-12 07:12:48,365 [WARNING] rit_api: GET /case returned 401
2026-02-12 07:12:48,867 [WARNING] rit_api: GET /case returned 401
2026-02-12 07:12:49,371 [WARNING] rit_api: GET /case returned 401
2026-02-12 07:12:49,873 [WARNING] rit_api: GET /case returned 401
2026-02-12 07:12:50,377 [WARNING] rit_api: GET /case returned 401
2026-02-12 07:12:50,879 [WARNING] rit_api: GET /case returned 401
2026-02-12 07:12:51,382 [WARNING] rit_api: GET /case returned 401
2026-02-12 07:12:51,885 [WARNING] rit_api: GET /case returned 401
2026-02-12 07:13:51,001 [INFO] news_parser: NEWS: Delta limit = 11000
2026-02-12 07:13:51,002 [INFO] news_parser: NEWS: Penalty rate = 4.00%
2026-02-12 07:14:26,122 [INFO] news_parser: NEWS: Forecast vol next week = 37.0% - 42.0% (mid=39.5%) [NOW USING FORECAST]
2026-02-12 07:15:05,364 [INFO] news_parser: NEWS: Current realized vol = 40.0% (history: ['40%']) [NOW USING REALIZED]
2026-02-12 07:15:05,370 [INFO] trading_engine: WEEK 2 positioning tick 75
2026-02-12 07:15:06,330 [INFO] optimizer: ============================================================
2026-02-12 07:15:06,330 [INFO] optimizer: OPTIMIZER RESULT: n*=490 LONG straddles @ strike 51
2026-02-12 07:15:06,331 [INFO] optimizer:   Expected profit: $26238.21
2026-02-12 07:15:06,331 [INFO] optimizer:   Gain/contract: $58.8941 | Pos cost/contract: $4.0200
2026-02-12 07:15:06,332 [INFO] optimizer:   Rebalancing cost: $650.11 | Z=1.43
2026-02-12 07:15:06,332 [INFO] optimizer:   Inputs: S0=50.88 sigma=0.4000 sigma_hat=0.0982 L=11000 Gamma=15.7112
2026-02-12 07:15:06,332 [INFO] optimizer:   Spreads: Bo=0.0400 Bs=0.0200 T=0.019231
2026-02-12 07:15:06,332 [INFO] optimizer: ============================================================
2026-02-12 07:15:06,461 [INFO] rit_api: MARKET BUY 100 RTM1C51 -> order_id=3226
2026-02-12 07:15:06,566 [INFO] rit_api: MARKET BUY 100 RTM1C51 -> order_id=3228
2026-02-12 07:15:06,689 [INFO] rit_api: MARKET BUY 100 RTM1C51 -> order_id=3230
2026-02-12 07:15:06,795 [INFO] rit_api: MARKET BUY 100 RTM1C51 -> order_id=3232
2026-02-12 07:15:06,907 [INFO] rit_api: MARKET BUY 90 RTM1C51 -> order_id=3234
2026-02-12 07:15:07,033 [WARNING] rit_api: POST /orders returned 500: {"code":"INTERNAL_SERVER_ERROR","message":"Order request cannot be submitted because it will exceed net trading limits in the risk category Limit-OPT."}
2026-02-12 07:15:07,033 [INFO] trading_engine: STRADDLE BUY 0/490 @ K=51: 5 orders (490C+0P filled)
2026-02-12 07:15:07,034 [INFO] trading_engine: POSITIONED: 490 LONG straddles @ 51 (week 2, expected $26238)
2026-02-12 07:15:07,593 [INFO] rit_api: MARKET SELL 10000 RTM -> order_id=3279
2026-02-12 07:15:07,593 [INFO] trading_engine: HEDGE SELL 10000 RTM | delta 49248 -> ~0 | limit 11000 (448%)
2026-02-12 07:15:08,318 [WARNING] trading_engine: EMERGENCY hedge bypass: delta=25507 limit=11000
2026-02-12 07:15:08,431 [INFO] rit_api: MARKET SELL 10000 RTM -> order_id=3324
2026-02-12 07:15:08,431 [INFO] trading_engine: HEDGE SELL 10000 RTM | delta 25507 -> ~0 | limit 11000 (232%)
2026-02-12 07:15:11,563 [WARNING] rit_api: POST /orders returned 500: {"code":"INTERNAL_SERVER_ERROR","message":"Order request cannot be submitted because it will exceed net trading limits in the risk category Limit-ETF."}
2026-02-12 07:15:22,552 [INFO] rit_api: MARKET BUY 10000 RTM -> order_id=3926
2026-02-12 07:15:22,552 [INFO] trading_engine: HEDGE BUY 10000 RTM | delta -11619 -> ~0 | limit 11000 (106%)
2026-02-12 07:15:25,530 [INFO] rit_api: MARKET SELL 10000 RTM -> order_id=4057
2026-02-12 07:15:25,530 [INFO] trading_engine: HEDGE SELL 10000 RTM | delta 11489 -> ~0 | limit 11000 (104%)
2026-02-12 07:15:42,467 [INFO] news_parser: NEWS: Forecast vol next week = 21.0% - 26.0% (mid=23.5%) [NOW USING FORECAST]
2026-02-12 07:15:43,672 [WARNING] rit_api: POST /orders returned 500: {"code":"INTERNAL_SERVER_ERROR","message":"Order request cannot be submitted because it will exceed net trading limits in the risk category Limit-ETF."}
2026-02-12 07:15:44,601 [WARNING] rit_api: POST /orders returned 500: {"code":"INTERNAL_SERVER_ERROR","message":"Order request cannot be submitted because it will exceed net trading limits in the risk category Limit-ETF."}
2026-02-12 07:15:45,753 [WARNING] rit_api: POST /orders returned 500: {"code":"INTERNAL_SERVER_ERROR","message":"Order request cannot be submitted because it will exceed net trading limits in the risk category Limit-ETF."}
2026-02-12 07:15:46,737 [WARNING] rit_api: POST /orders returned 500: {"code":"INTERNAL_SERVER_ERROR","message":"Order request cannot be submitted because it will exceed net trading limits in the risk category Limit-ETF."}
2026-02-12 07:15:47,731 [WARNING] rit_api: POST /orders returned 500: {"code":"INTERNAL_SERVER_ERROR","message":"Order request cannot be submitted because it will exceed net trading limits in the risk category Limit-ETF."}
2026-02-12 07:15:48,739 [WARNING] rit_api: POST /orders returned 500: {"code":"INTERNAL_SERVER_ERROR","message":"Order request cannot be submitted because it will exceed net trading limits in the risk category Limit-ETF."}
2026-02-12 07:15:49,739 [WARNING] rit_api: POST /orders returned 500: {"code":"INTERNAL_SERVER_ERROR","message":"Order request cannot be submitted because it will exceed net trading limits in the risk category Limit-ETF."}
2026-02-12 07:15:50,740 [WARNING] rit_api: POST /orders returned 500: {"code":"INTERNAL_SERVER_ERROR","message":"Order request cannot be submitted because it will exceed net trading limits in the risk category Limit-ETF."}
2026-02-12 07:15:51,662 [WARNING] rit_api: POST /orders returned 500: {"code":"INTERNAL_SERVER_ERROR","message":"Order request cannot be submitted because it will exceed net trading limits in the risk category Limit-ETF."}
2026-02-12 07:15:52,799 [WARNING] rit_api: POST /orders returned 500: {"code":"INTERNAL_SERVER_ERROR","message":"Order request cannot be submitted because it will exceed net trading limits in the risk category Limit-ETF."}
2026-02-12 07:15:53,791 [WARNING] rit_api: POST /orders returned 500: {"code":"INTERNAL_SERVER_ERROR","message":"Order request cannot be submitted because it will exceed net trading limits in the risk category Limit-ETF."}
2026-02-12 07:15:54,779 [WARNING] rit_api: POST /orders returned 500: {"code":"INTERNAL_SERVER_ERROR","message":"Order request cannot be submitted because it will exceed net trading limits in the risk category Limit-ETF."}
2026-02-12 07:15:55,786 [WARNING] rit_api: POST /orders returned 500: {"code":"INTERNAL_SERVER_ERROR","message":"Order request cannot be submitted because it will exceed net trading limits in the risk category Limit-ETF."}
2026-02-12 07:15:56,697 [WARNING] rit_api: POST /orders returned 500: {"code":"INTERNAL_SERVER_ERROR","message":"Order request cannot be submitted because it will exceed net trading limits in the risk category Limit-ETF."}
2026-02-12 07:15:57,688 [WARNING] rit_api: POST /orders returned 500: {"code":"INTERNAL_SERVER_ERROR","message":"Order request cannot be submitted because it will exceed net trading limits in the risk category Limit-ETF."}
2026-02-12 07:15:58,687 [WARNING] rit_api: POST /orders returned 500: {"code":"INTERNAL_SERVER_ERROR","message":"Order request cannot be submitted because it will exceed net trading limits in the risk category Limit-ETF."}
2026-02-12 07:15:59,836 [WARNING] rit_api: POST /orders returned 500: {"code":"INTERNAL_SERVER_ERROR","message":"Order request cannot be submitted because it will exceed net trading limits in the risk category Limit-ETF."}
2026-02-12 07:16:00,830 [WARNING] rit_api: POST /orders returned 500: {"code":"INTERNAL_SERVER_ERROR","message":"Order request cannot be submitted because it will exceed net trading limits in the risk category Limit-ETF."}
2026-02-12 07:16:01,818 [WARNING] rit_api: POST /orders returned 500: {"code":"INTERNAL_SERVER_ERROR","message":"Order request cannot be submitted because it will exceed net trading limits in the risk category Limit-ETF."}
2026-02-12 07:16:02,720 [WARNING] rit_api: POST /orders returned 500: {"code":"INTERNAL_SERVER_ERROR","message":"Order request cannot be submitted because it will exceed net trading limits in the risk category Limit-ETF."}
2026-02-12 07:16:03,709 [WARNING] rit_api: POST /orders returned 500: {"code":"INTERNAL_SERVER_ERROR","message":"Order request cannot be submitted because it will exceed net trading limits in the risk category Limit-ETF."}
2026-02-12 07:16:04,716 [WARNING] rit_api: POST /orders returned 500: {"code":"INTERNAL_SERVER_ERROR","message":"Order request cannot be submitted because it will exceed net trading limits in the risk category Limit-ETF."}
2026-02-12 07:16:08,889 [WARNING] rit_api: POST /orders returned 500: {"code":"INTERNAL_SERVER_ERROR","message":"Order request cannot be submitted because it will exceed net trading limits in the risk category Limit-ETF."}
2026-02-12 07:16:10,918 [WARNING] rit_api: POST /orders returned 500: {"code":"INTERNAL_SERVER_ERROR","message":"Order request cannot be submitted because it will exceed net trading limits in the risk category Limit-ETF."}
2026-02-12 07:16:11,900 [WARNING] rit_api: POST /orders returned 500: {"code":"INTERNAL_SERVER_ERROR","message":"Order request cannot be submitted because it will exceed net trading limits in the risk category Limit-ETF."}
2026-02-12 07:16:12,902 [WARNING] rit_api: POST /orders returned 500: {"code":"INTERNAL_SERVER_ERROR","message":"Order request cannot be submitted because it will exceed net trading limits in the risk category Limit-ETF."}
2026-02-12 07:16:13,928 [WARNING] rit_api: POST /orders returned 500: {"code":"INTERNAL_SERVER_ERROR","message":"Order request cannot be submitted because it will exceed net trading limits in the risk category Limit-ETF."}
2026-02-12 07:16:14,911 [WARNING] rit_api: POST /orders returned 500: {"code":"INTERNAL_SERVER_ERROR","message":"Order request cannot be submitted because it will exceed net trading limits in the risk category Limit-ETF."}
2026-02-12 07:16:15,817 [WARNING] rit_api: POST /orders returned 500: {"code":"INTERNAL_SERVER_ERROR","message":"Order request cannot be submitted because it will exceed net trading limits in the risk category Limit-ETF."}
2026-02-12 07:16:16,798 [WARNING] rit_api: POST /orders returned 500: {"code":"INTERNAL_SERVER_ERROR","message":"Order request cannot be submitted because it will exceed net trading limits in the risk category Limit-ETF."}
2026-02-12 07:16:17,956 [WARNING] rit_api: POST /orders returned 500: {"code":"INTERNAL_SERVER_ERROR","message":"Order request cannot be submitted because it will exceed net trading limits in the risk category Limit-ETF."}
2026-02-12 07:16:18,804 [WARNING] rit_api: POST /orders returned 500: {"code":"INTERNAL_SERVER_ERROR","message":"Order request cannot be submitted because it will exceed net trading limits in the risk category Limit-ETF."}
2026-02-12 07:16:19,947 [WARNING] rit_api: POST /orders returned 500: {"code":"INTERNAL_SERVER_ERROR","message":"Order request cannot be submitted because it will exceed net trading limits in the risk category Limit-ETF."}
2026-02-12 07:16:20,735 [INFO] news_parser: NEWS: Current realized vol = 23.0% (history: ['40%', '23%']) [NOW USING REALIZED]
2026-02-12 07:16:20,740 [INFO] trading_engine: WEEK 3 positioning tick 150
2026-02-12 07:16:20,740 [INFO] optimizer: ============================================================
2026-02-12 07:16:20,740 [INFO] optimizer: OPTIMIZER RESULT: n*=490 SHORT straddles @ strike 53
2026-02-12 07:16:20,742 [INFO] optimizer:   Expected profit: $41344.19
2026-02-12 07:16:20,742 [INFO] optimizer:   Gain/contract: $90.5689 | Pos cost/contract: $4.0200
2026-02-12 07:16:20,742 [INFO] optimizer:   Rebalancing cost: $1064.79 | Z=0.71
2026-02-12 07:16:20,742 [INFO] optimizer:   Inputs: S0=53.24 sigma=0.2300 sigma_hat=0.3971 L=11000 Gamma=31.6933
2026-02-12 07:16:20,742 [INFO] optimizer:   Spreads: Bo=0.0400 Bs=0.0200 T=0.019231
2026-02-12 07:16:20,743 [INFO] optimizer: ============================================================
2026-02-12 07:16:20,743 [INFO] trading_engine: REPOSITIONING: dir 1->-1, strike 51->53
2026-02-12 07:16:20,858 [INFO] rit_api: MARKET SELL 100 RTM1C51 -> order_id=6544
2026-02-12 07:16:20,915 [INFO] rit_api: MARKET SELL 100 RTM1C51 -> order_id=6548
2026-02-12 07:16:21,029 [INFO] rit_api: MARKET SELL 100 RTM1C51 -> order_id=6554
2026-02-12 07:16:21,137 [INFO] rit_api: MARKET SELL 100 RTM1C51 -> order_id=6558
2026-02-12 07:16:21,243 [INFO] rit_api: MARKET SELL 100 RTM1C51 -> order_id=6560
2026-02-12 07:16:21,362 [INFO] rit_api: MARKET SELL 100 RTM1C51 -> order_id=6562
2026-02-12 07:16:21,467 [INFO] rit_api: MARKET SELL 100 RTM1C51 -> order_id=6564
2026-02-12 07:16:21,587 [INFO] rit_api: MARKET SELL 100 RTM1C51 -> order_id=6566
2026-02-12 07:16:21,693 [INFO] rit_api: MARKET SELL 100 RTM1C51 -> order_id=6610
2026-02-12 07:16:21,819 [INFO] rit_api: MARKET SELL 80 RTM1C51 -> order_id=6617
2026-02-12 07:16:21,926 [INFO] rit_api: MARKET BUY 10000 RTM -> order_id=6623
2026-02-12 07:16:26,916 [INFO] rit_api: MARKET BUY 100 RTM1C51 -> order_id=6850
2026-02-12 07:16:27,022 [INFO] rit_api: MARKET BUY 100 RTM1C51 -> order_id=6852
2026-02-12 07:16:27,140 [INFO] rit_api: MARKET BUY 100 RTM1C51 -> order_id=6854
2026-02-12 07:16:27,249 [INFO] rit_api: MARKET BUY 100 RTM1C51 -> order_id=6856
2026-02-12 07:16:27,374 [INFO] rit_api: MARKET BUY 100 RTM1C51 -> order_id=6858
2026-02-12 07:16:27,485 [INFO] rit_api: MARKET BUY 100 RTM1C51 -> order_id=6860
2026-02-12 07:16:27,607 [INFO] rit_api: MARKET BUY 100 RTM1C51 -> order_id=6862
2026-02-12 07:16:27,724 [INFO] rit_api: MARKET BUY 100 RTM1C51 -> order_id=6906
2026-02-12 07:16:27,855 [INFO] rit_api: MARKET BUY 100 RTM1C51 -> order_id=6908
2026-02-12 07:16:27,964 [INFO] rit_api: MARKET BUY 80 RTM1C51 -> order_id=6910
2026-02-12 07:16:28,070 [INFO] rit_api: MARKET BUY 10000 RTM -> order_id=6912
2026-02-12 07:16:28,346 [INFO] rit_api: MARKET SELL 100 RTM1C51 -> order_id=6914
2026-02-12 07:16:28,412 [INFO] rit_api: MARKET SELL 100 RTM1C51 -> order_id=6916
2026-02-12 07:16:28,517 [INFO] rit_api: MARKET SELL 100 RTM1C51 -> order_id=6917
2026-02-12 07:16:28,633 [INFO] rit_api: MARKET SELL 100 RTM1C51 -> order_id=6919
2026-02-12 07:16:28,743 [INFO] rit_api: MARKET SELL 100 RTM1C51 -> order_id=6963
2026-02-12 07:16:28,870 [INFO] rit_api: MARKET SELL 100 RTM1C51 -> order_id=6965
2026-02-12 07:16:28,979 [INFO] rit_api: MARKET SELL 100 RTM1C51 -> order_id=6967
2026-02-12 07:16:29,084 [INFO] rit_api: MARKET SELL 100 RTM1C51 -> order_id=6969
2026-02-12 07:16:29,193 [INFO] rit_api: MARKET SELL 100 RTM1C51 -> order_id=6972
2026-02-12 07:16:29,298 [INFO] rit_api: MARKET SELL 80 RTM1C51 -> order_id=6974
2026-02-12 07:16:29,405 [INFO] rit_api: MARKET BUY 10000 RTM -> order_id=6976
2026-02-12 07:16:29,822 [INFO] rit_api: MARKET BUY 100 RTM1C51 -> order_id=7022
2026-02-12 07:16:29,878 [INFO] rit_api: MARKET BUY 100 RTM1C51 -> order_id=7023
2026-02-12 07:16:29,934 [INFO] rit_api: MARKET BUY 100 RTM1C51 -> order_id=7024
2026-02-12 07:16:30,040 [INFO] rit_api: MARKET BUY 100 RTM1C51 -> order_id=7025
2026-02-12 07:16:30,149 [INFO] rit_api: MARKET BUY 100 RTM1C51 -> order_id=7027
2026-02-12 07:16:30,259 [INFO] rit_api: MARKET BUY 100 RTM1C51 -> order_id=7029
2026-02-12 07:16:30,365 [INFO] rit_api: MARKET BUY 100 RTM1C51 -> order_id=7031
2026-02-12 07:16:30,476 [INFO] rit_api: MARKET BUY 100 RTM1C51 -> order_id=7033
2026-02-12 07:16:30,602 [INFO] rit_api: MARKET BUY 100 RTM1C51 -> order_id=7035
2026-02-12 07:16:30,738 [INFO] rit_api: MARKET BUY 80 RTM1C51 -> order_id=7079
2026-02-12 07:16:31,148 [INFO] rit_api: MARKET SELL 100 RTM1C51 -> order_id=7086
2026-02-12 07:16:31,235 [INFO] rit_api: MARKET SELL 100 RTM1C51 -> order_id=7087
2026-02-12 07:16:31,290 [INFO] rit_api: MARKET SELL 100 RTM1C51 -> order_id=7088
2026-02-12 07:16:31,347 [INFO] rit_api: MARKET SELL 100 RTM1C51 -> order_id=7089
2026-02-12 07:16:31,453 [INFO] rit_api: MARKET SELL 100 RTM1C51 -> order_id=7090
2026-02-12 07:16:31,571 [INFO] rit_api: MARKET SELL 100 RTM1C51 -> order_id=7092
2026-02-12 07:16:31,676 [INFO] rit_api: MARKET SELL 100 RTM1C51 -> order_id=7094
2026-02-12 07:16:31,795 [INFO] rit_api: MARKET SELL 10000 RTM -> order_id=7138
2026-02-12 07:16:32,241 [INFO] rit_api: MARKET BUY 20 RTM1C51 -> order_id=7144
2026-02-12 07:16:32,353 [INFO] rit_api: MARKET BUY 10000 RTM -> order_id=7146
2026-02-12 07:16:33,102 [INFO] rit_api: MARKET BUY 100 RTM1C51 -> order_id=7196
2026-02-12 07:16:33,161 [INFO] rit_api: MARKET BUY 100 RTM1C51 -> order_id=7197
2026-02-12 07:16:33,218 [INFO] rit_api: MARKET BUY 100 RTM1C51 -> order_id=7198
2026-02-12 07:16:33,274 [INFO] rit_api: MARKET BUY 100 RTM1C51 -> order_id=7199
2026-02-12 07:16:33,331 [INFO] rit_api: MARKET BUY 100 RTM1C51 -> order_id=7200
2026-02-12 07:16:33,446 [INFO] rit_api: MARKET BUY 80 RTM1C51 -> order_id=7201
2026-02-12 07:16:33,446 [WARNING] trading_engine: Could not fully flatten after 10 ticks, moving on
2026-02-12 07:16:57,934 [INFO] news_parser: NEWS: Forecast vol next week = 35.0% - 40.0% (mid=37.5%) [NOW USING FORECAST]
2026-02-12 07:17:36,152 [INFO] news_parser: NEWS: Current realized vol = 37.0% (history: ['40%', '23%', '37%']) [NOW USING REALIZED]
2026-02-12 07:18:33,531 [INFO] trading_engine: ENTERING UNWIND at tick 282
2026-02-12 07:18:33,638 [INFO] rit_api: LIMIT SELL 100 RTM1C51 @ 0.05 -> order_id=12557
2026-02-12 07:18:33,744 [INFO] rit_api: LIMIT SELL 100 RTM1C51 @ 0.05 -> order_id=12560
2026-02-12 07:18:33,852 [INFO] rit_api: LIMIT SELL 100 RTM1C51 @ 0.05 -> order_id=12562
2026-02-12 07:18:33,964 [INFO] rit_api: LIMIT SELL 100 RTM1C51 @ 0.05 -> order_id=12564
2026-02-12 07:18:34,073 [INFO] rit_api: LIMIT SELL 80 RTM1C51 @ 0.05 -> order_id=12566
2026-02-12 07:18:34,741 [INFO] rit_api: LIMIT BUY 100 RTM1C51 @ 0.03 -> order_id=12614
2026-02-12 07:18:34,848 [INFO] rit_api: LIMIT BUY 100 RTM1C51 @ 0.03 -> order_id=12616
2026-02-12 07:18:34,904 [INFO] rit_api: LIMIT BUY 100 RTM1C51 @ 0.03 -> order_id=12617
2026-02-12 07:18:35,011 [INFO] rit_api: LIMIT BUY 80 RTM1C51 @ 0.03 -> order_id=12618
2026-02-12 07:18:35,539 [INFO] rit_api: LIMIT SELL 100 RTM1C51 @ 0.02 -> order_id=12662
2026-02-12 07:18:35,647 [INFO] rit_api: LIMIT SELL 100 RTM1C51 @ 0.02 -> order_id=12664
2026-02-12 07:18:35,754 [INFO] rit_api: LIMIT SELL 100 RTM1C51 @ 0.02 -> order_id=12667
2026-02-12 07:18:35,864 [INFO] rit_api: LIMIT SELL 80 RTM1C51 @ 0.02 -> order_id=12669
2026-02-12 07:18:36,545 [INFO] rit_api: LIMIT BUY 100 RTM1C51 @ 0.06 -> order_id=12714
2026-02-12 07:18:36,651 [INFO] rit_api: LIMIT BUY 100 RTM1C51 @ 0.06 -> order_id=12716
2026-02-12 07:18:36,760 [INFO] rit_api: LIMIT BUY 100 RTM1C51 @ 0.06 -> order_id=12718
2026-02-12 07:18:36,881 [INFO] rit_api: LIMIT BUY 80 RTM1C51 @ 0.06 -> order_id=12720
2026-02-12 07:18:37,719 [INFO] rit_api: LIMIT SELL 100 RTM1C51 @ 0.02 -> order_id=12768
2026-02-12 07:18:37,843 [INFO] rit_api: LIMIT SELL 100 RTM1C51 @ 0.02 -> order_id=12771
2026-02-12 07:18:37,909 [INFO] rit_api: LIMIT SELL 100 RTM1C51 @ 0.02 -> order_id=12772
2026-02-12 07:18:37,985 [INFO] rit_api: LIMIT SELL 80 RTM1C51 @ 0.02 -> order_id=12773
2026-02-12 07:18:38,519 [INFO] rit_api: LIMIT BUY 100 RTM1C51 @ 0.03 -> order_id=12816
2026-02-12 07:18:38,627 [INFO] rit_api: LIMIT BUY 100 RTM1C51 @ 0.03 -> order_id=12818
2026-02-12 07:18:38,736 [INFO] rit_api: LIMIT BUY 100 RTM1C51 @ 0.03 -> order_id=12820
2026-02-12 07:18:38,848 [INFO] rit_api: LIMIT BUY 80 RTM1C51 @ 0.03 -> order_id=12822
2026-02-12 07:18:39,695 [INFO] rit_api: LIMIT SELL 100 RTM1C51 @ 0.01 -> order_id=12870
2026-02-12 07:18:39,803 [INFO] rit_api: LIMIT SELL 100 RTM1C51 @ 0.01 -> order_id=12872
2026-02-12 07:18:39,859 [INFO] rit_api: LIMIT SELL 100 RTM1C51 @ 0.01 -> order_id=12873
2026-02-12 07:18:39,915 [INFO] rit_api: LIMIT SELL 80 RTM1C51 @ 0.01 -> order_id=12874
2026-02-12 07:18:40,662 [INFO] rit_api: LIMIT BUY 100 RTM1C51 @ 0.03 -> order_id=12918
2026-02-12 07:18:40,767 [INFO] rit_api: LIMIT BUY 100 RTM1C51 @ 0.03 -> order_id=12920
2026-02-12 07:18:40,878 [INFO] rit_api: LIMIT BUY 100 RTM1C51 @ 0.03 -> order_id=12922
2026-02-12 07:18:40,985 [INFO] rit_api: LIMIT BUY 80 RTM1C51 @ 0.03 -> order_id=12924
2026-02-12 07:18:41,538 [INFO] rit_api: LIMIT SELL 100 RTM1C51 @ 0.01 -> order_id=12967
2026-02-12 07:18:41,596 [INFO] rit_api: LIMIT SELL 100 RTM1C51 @ 0.01 -> order_id=12968
2026-02-12 07:18:41,653 [INFO] rit_api: LIMIT SELL 100 RTM1C51 @ 0.01 -> order_id=12969
2026-02-12 07:18:41,708 [INFO] rit_api: LIMIT SELL 80 RTM1C51 @ 0.01 -> order_id=12970
2026-02-12 07:18:42,749 [INFO] rit_api: LIMIT BUY 100 RTM1C51 @ 0.03 -> order_id=13018
2026-02-12 07:18:42,857 [INFO] rit_api: LIMIT BUY 100 RTM1C51 @ 0.03 -> order_id=13021
2026-02-12 07:18:42,963 [INFO] rit_api: LIMIT BUY 100 RTM1C51 @ 0.03 -> order_id=13023
2026-02-12 07:18:43,077 [INFO] rit_api: LIMIT BUY 80 RTM1C51 @ 0.03 -> order_id=13025
2026-02-12 07:18:43,694 [INFO] rit_api: MARKET SELL 100 RTM1C51 -> order_id=13072
2026-02-12 07:18:43,800 [INFO] rit_api: MARKET SELL 100 RTM1C51 -> order_id=13074
2026-02-12 07:18:43,865 [INFO] rit_api: MARKET SELL 100 RTM1C51 -> order_id=13075
2026-02-12 07:18:43,928 [INFO] rit_api: MARKET SELL 80 RTM1C51 -> order_id=13076
2026-02-12 07:18:44,722 [INFO] rit_api: MARKET BUY 100 RTM1C51 -> order_id=13122
2026-02-12 07:18:44,832 [INFO] rit_api: MARKET BUY 100 RTM1C51 -> order_id=13124
2026-02-12 07:18:44,888 [INFO] rit_api: MARKET BUY 100 RTM1C51 -> order_id=13125
2026-02-12 07:18:44,945 [INFO] rit_api: MARKET BUY 80 RTM1C51 -> order_id=13126
2026-02-12 07:18:45,565 [INFO] rit_api: MARKET SELL 100 RTM1C51 -> order_id=13170
2026-02-12 07:18:45,672 [INFO] rit_api: MARKET SELL 100 RTM1C51 -> order_id=13172
2026-02-12 07:18:45,778 [INFO] rit_api: MARKET SELL 100 RTM1C51 -> order_id=13174
2026-02-12 07:18:45,887 [INFO] rit_api: MARKET SELL 80 RTM1C51 -> order_id=13177
2026-02-12 07:18:46,731 [INFO] rit_api: MARKET BUY 100 RTM1C51 -> order_id=13224
2026-02-12 07:18:46,837 [INFO] rit_api: MARKET BUY 100 RTM1C51 -> order_id=13226
2026-02-12 07:18:46,895 [INFO] rit_api: MARKET BUY 100 RTM1C51 -> order_id=13227
2026-02-12 07:18:46,951 [INFO] rit_api: MARKET BUY 80 RTM1C51 -> order_id=13228
2026-02-12 07:18:47,571 [INFO] rit_api: MARKET SELL 100 RTM1C51 -> order_id=13271
2026-02-12 07:18:47,677 [INFO] rit_api: MARKET SELL 100 RTM1C51 -> order_id=13273
2026-02-12 07:18:47,785 [INFO] rit_api: MARKET SELL 100 RTM1C51 -> order_id=13275
2026-02-12 07:18:47,891 [INFO] rit_api: MARKET SELL 80 RTM1C51 -> order_id=13277
2026-02-12 07:18:48,670 [INFO] rit_api: MARKET BUY 100 RTM1C51 -> order_id=13323
2026-02-12 07:18:48,776 [INFO] rit_api: MARKET BUY 100 RTM1C51 -> order_id=13325
2026-02-12 07:18:48,882 [INFO] rit_api: MARKET BUY 100 RTM1C51 -> order_id=13327
2026-02-12 07:18:48,991 [INFO] rit_api: MARKET BUY 80 RTM1C51 -> order_id=13329
2026-02-12 07:18:49,633 [INFO] rit_api: MARKET SELL 100 RTM1C51 -> order_id=13372
2026-02-12 07:18:49,739 [INFO] rit_api: MARKET SELL 100 RTM1C51 -> order_id=13374
2026-02-12 07:18:49,845 [INFO] rit_api: MARKET SELL 100 RTM1C51 -> order_id=13376
2026-02-12 07:18:49,955 [INFO] rit_api: MARKET SELL 80 RTM1C51 -> order_id=13378
2026-02-12 07:18:50,788 [INFO] rit_api: MARKET BUY 100 RTM1C51 -> order_id=13426
2026-02-12 07:18:50,894 [INFO] rit_api: MARKET BUY 100 RTM1C51 -> order_id=13428
2026-02-12 07:18:50,950 [INFO] rit_api: MARKET BUY 100 RTM1C51 -> order_id=13429
2026-02-12 07:18:51,007 [INFO] rit_api: MARKET BUY 80 RTM1C51 -> order_id=13430
2026-02-12 07:20:37,417 [INFO] news_parser: NEWS: Delta limit = 10000
2026-02-12 07:20:37,418 [INFO] news_parser: NEWS: Penalty rate = 5.00%
2026-02-12 07:21:11,662 [INFO] news_parser: NEWS: Forecast vol next week = 18.0% - 23.0% (mid=20.5%) [NOW USING FORECAST]
2026-02-12 07:21:50,924 [INFO] news_parser: NEWS: Current realized vol = 20.0% (history: ['20%']) [NOW USING REALIZED]
2026-02-12 07:21:50,930 [INFO] trading_engine: WEEK 2 positioning tick 75
2026-02-12 07:21:51,880 [INFO] optimizer: ============================================================
2026-02-12 07:21:51,880 [INFO] optimizer: OPTIMIZER RESULT: n*=490 LONG straddles @ strike 50
2026-02-12 07:21:51,880 [INFO] optimizer:   Expected profit: $8153.54
2026-02-12 07:21:51,880 [INFO] optimizer:   Gain/contract: $22.3924 | Pos cost/contract: $4.0200
2026-02-12 07:21:51,881 [INFO] optimizer:   Rebalancing cost: $848.94 | Z=0.65
2026-02-12 07:21:51,881 [INFO] optimizer:   Inputs: S0=50.28 sigma=0.2000 sigma_hat=0.1038 L=10000 Gamma=31.5118
2026-02-12 07:21:51,881 [INFO] optimizer:   Spreads: Bo=0.0400 Bs=0.0200 T=0.019231
2026-02-12 07:21:51,882 [INFO] optimizer: ============================================================
2026-02-12 07:21:51,939 [INFO] rit_api: MARKET BUY 100 RTM1C50 -> order_id=3422
2026-02-12 07:21:51,995 [INFO] rit_api: MARKET BUY 100 RTM1C50 -> order_id=3423
2026-02-12 07:21:52,070 [INFO] rit_api: MARKET BUY 100 RTM1C50 -> order_id=3425
2026-02-12 07:21:52,125 [INFO] rit_api: MARKET BUY 100 RTM1C50 -> order_id=3426
2026-02-12 07:21:52,184 [INFO] rit_api: MARKET BUY 90 RTM1C50 -> order_id=3427
2026-02-12 07:21:52,240 [INFO] rit_api: MARKET BUY 100 RTM1P50 -> order_id=3428
2026-02-12 07:21:52,301 [INFO] rit_api: MARKET BUY 100 RTM1P50 -> order_id=3430
2026-02-12 07:21:52,358 [INFO] rit_api: MARKET BUY 100 RTM1P50 -> order_id=3431
2026-02-12 07:21:52,413 [INFO] rit_api: MARKET BUY 100 RTM1P50 -> order_id=3432
2026-02-12 07:21:52,475 [INFO] rit_api: MARKET BUY 90 RTM1P50 -> order_id=3433
2026-02-12 07:21:52,475 [INFO] trading_engine: STRADDLE BUY 490/490 @ K=50: 10 orders (490C+490P filled)
2026-02-12 07:21:52,476 [INFO] trading_engine: POSITIONED: 490 LONG straddles @ 50 (week 2, expected $8154)
2026-02-12 07:22:05,074 [INFO] rit_api: MARKET BUY 10000 RTM -> order_id=4043
2026-02-12 07:22:05,075 [INFO] trading_engine: HEDGE BUY 10000 RTM | delta -11731 -> ~0 | limit 10000 (117%)
2026-02-12 07:22:09,139 [INFO] rit_api: MARKET SELL 9305 RTM -> order_id=4233
2026-02-12 07:22:09,140 [INFO] trading_engine: HEDGE SELL 9305 RTM | delta 9305 -> ~0 | limit 10000 (93%)
2026-02-12 07:22:23,198 [INFO] rit_api: MARKET BUY 10000 RTM -> order_id=4871
2026-02-12 07:22:23,198 [INFO] trading_engine: HEDGE BUY 10000 RTM | delta -11797 -> ~0 | limit 10000 (118%)
2026-02-12 07:22:28,120 [INFO] news_parser: NEWS: Forecast vol next week = 27.0% - 32.0% (mid=29.5%) [NOW USING FORECAST]
2026-02-12 07:22:50,280 [INFO] rit_api: MARKET SELL 10000 RTM -> order_id=6161
2026-02-12 07:22:50,281 [INFO] trading_engine: HEDGE SELL 10000 RTM | delta 10945 -> ~0 | limit 10000 (109%)
2026-02-12 07:23:04,392 [INFO] rit_api: MARKET SELL 10000 RTM -> order_id=6789
2026-02-12 07:23:04,393 [INFO] trading_engine: HEDGE SELL 10000 RTM | delta 10241 -> ~0 | limit 10000 (102%)
2026-02-12 07:23:06,298 [INFO] news_parser: NEWS: Current realized vol = 31.0% (history: ['20%', '31%']) [NOW USING REALIZED]
2026-02-12 07:23:06,306 [INFO] trading_engine: WEEK 3 positioning tick 150
2026-02-12 07:23:06,308 [INFO] optimizer: ============================================================
2026-02-12 07:23:06,309 [INFO] optimizer: OPTIMIZER RESULT: n*=490 LONG straddles @ strike 50
2026-02-12 07:23:06,309 [INFO] optimizer:   Expected profit: $13939.80
2026-02-12 07:23:06,310 [INFO] optimizer:   Gain/contract: $34.9247 | Pos cost/contract: $4.0200
2026-02-12 07:23:06,310 [INFO] optimizer:   Rebalancing cost: $1203.52 | Z=0.82
2026-02-12 07:23:06,310 [INFO] optimizer:   Inputs: S0=50.31 sigma=0.3100 sigma_hat=0.1960 L=10000 Gamma=24.8541
2026-02-12 07:23:06,311 [INFO] optimizer:   Spreads: Bo=0.0400 Bs=0.0200 T=0.019231
2026-02-12 07:23:06,311 [INFO] optimizer: ============================================================
2026-02-12 07:23:06,311 [INFO] trading_engine: HOLD THROUGH week 3: same direction=LONG strike=50 (saved $3920 in repositioning costs)
2026-02-12 07:23:11,443 [INFO] rit_api: MARKET BUY 10000 RTM -> order_id=7170
2026-02-12 07:23:11,443 [INFO] trading_engine: HEDGE BUY 10000 RTM | delta -10103 -> ~0 | limit 10000 (101%)
2026-02-12 07:23:24,494 [INFO] rit_api: MARKET BUY 10000 RTM -> order_id=7726
2026-02-12 07:23:24,494 [INFO] trading_engine: HEDGE BUY 10000 RTM | delta -11769 -> ~0 | limit 10000 (118%)
2026-02-12 07:23:43,457 [INFO] news_parser: NEWS: Forecast vol next week = 31.0% - 36.0% (mid=33.5%) [NOW USING FORECAST]
2026-02-12 07:23:48,636 [INFO] rit_api: MARKET SELL 10000 RTM -> order_id=8822
2026-02-12 07:23:48,638 [INFO] trading_engine: HEDGE SELL 10000 RTM | delta 14913 -> ~0 | limit 10000 (149%)
2026-02-12 07:23:57,689 [INFO] rit_api: MARKET SELL 10000 RTM -> order_id=9215
2026-02-12 07:23:57,690 [INFO] trading_engine: HEDGE SELL 10000 RTM | delta 10354 -> ~0 | limit 10000 (104%)
2026-02-12 07:24:09,722 [INFO] rit_api: MARKET BUY 10000 RTM -> order_id=9766
2026-02-12 07:24:09,723 [INFO] trading_engine: HEDGE BUY 10000 RTM | delta -14303 -> ~0 | limit 10000 (143%)
2026-02-12 07:24:12,765 [INFO] rit_api: MARKET BUY 10000 RTM -> order_id=9893
2026-02-12 07:24:12,765 [INFO] trading_engine: HEDGE BUY 10000 RTM | delta -11066 -> ~0 | limit 10000 (111%)
2026-02-12 07:24:19,848 [INFO] rit_api: MARKET SELL 10000 RTM -> order_id=10193
2026-02-12 07:24:19,850 [INFO] trading_engine: HEDGE SELL 10000 RTM | delta 11333 -> ~0 | limit 10000 (113%)
2026-02-12 07:24:21,676 [INFO] news_parser: NEWS: Current realized vol = 33.0% (history: ['20%', '31%', '33%']) [NOW USING REALIZED]
2026-02-12 07:24:21,681 [INFO] trading_engine: WEEK 4 positioning tick 225
2026-02-12 07:24:21,681 [INFO] optimizer: ============================================================
2026-02-12 07:24:21,683 [INFO] optimizer: OPTIMIZER RESULT: n*=135 LONG straddles @ strike 50
2026-02-12 07:24:21,683 [INFO] optimizer:   Expected profit: $164.33
2026-02-12 07:24:21,684 [INFO] optimizer:   Gain/contract: $6.4346 | Pos cost/contract: $4.0200
2026-02-12 07:24:21,684 [INFO] optimizer:   Rebalancing cost: $161.64 | Z=2.21
2026-02-12 07:24:21,684 [INFO] optimizer:   Inputs: S0=49.85 sigma=0.3300 sigma_hat=0.3176 L=10000 Gamma=33.5774
2026-02-12 07:24:21,685 [INFO] optimizer:   Spreads: Bo=0.0400 Bs=0.0200 T=0.019231
2026-02-12 07:24:21,685 [INFO] optimizer: ============================================================
2026-02-12 07:24:21,685 [INFO] trading_engine: HOLD THROUGH week 4: same direction=LONG strike=50 (saved $3920 in repositioning costs)
2026-02-12 07:24:24,815 [INFO] rit_api: MARKET BUY 8916 RTM -> order_id=10410
2026-02-12 07:24:24,816 [INFO] trading_engine: HEDGE BUY 8916 RTM | delta -8916 -> ~0 | limit 10000 (89%)
2026-02-12 07:24:38,909 [INFO] rit_api: MARKET BUY 10000 RTM -> order_id=11053
2026-02-12 07:24:38,909 [INFO] trading_engine: HEDGE BUY 10000 RTM | delta -10994 -> ~0 | limit 10000 (110%)
2026-02-12 07:24:46,366 [INFO] rit_api: MARKET BUY 9744 RTM -> order_id=11360
2026-02-12 07:24:46,366 [INFO] trading_engine: HEDGE BUY 9744 RTM | delta -9744 -> ~0 | limit 10000 (97%)
2026-02-12 07:24:49,919 [INFO] rit_api: MARKET SELL 9273 RTM -> order_id=11533
2026-02-12 07:24:49,920 [INFO] trading_engine: HEDGE SELL 9273 RTM | delta 9273 -> ~0 | limit 10000 (93%)
2026-02-12 07:24:55,981 [INFO] rit_api: MARKET BUY 9313 RTM -> order_id=11796
2026-02-12 07:24:55,981 [INFO] trading_engine: HEDGE BUY 9313 RTM | delta -9313 -> ~0 | limit 10000 (93%)
2026-02-12 07:24:59,981 [INFO] rit_api: MARKET SELL 10000 RTM -> order_id=11975
2026-02-12 07:24:59,981 [INFO] trading_engine: HEDGE SELL 10000 RTM | delta 11411 -> ~0 | limit 10000 (114%)
2026-02-12 07:25:05,005 [INFO] rit_api: MARKET SELL 10000 RTM -> order_id=12196
2026-02-12 07:25:05,006 [INFO] trading_engine: HEDGE SELL 10000 RTM | delta 10495 -> ~0 | limit 10000 (105%)
2026-02-12 07:25:08,040 [INFO] rit_api: MARKET BUY 10000 RTM -> order_id=12330
2026-02-12 07:25:08,041 [INFO] trading_engine: HEDGE BUY 10000 RTM | delta -13570 -> ~0 | limit 10000 (136%)
2026-02-12 07:25:14,031 [INFO] rit_api: MARKET BUY 8820 RTM -> order_id=12600
2026-02-12 07:25:14,032 [INFO] trading_engine: HEDGE BUY 8820 RTM | delta -8820 -> ~0 | limit 10000 (88%)
2026-02-12 07:25:16,040 [INFO] rit_api: MARKET BUY 10000 RTM -> order_id=12711
2026-02-12 07:25:16,042 [INFO] trading_engine: HEDGE BUY 10000 RTM | delta -10044 -> ~0 | limit 10000 (100%)
2026-02-12 07:25:18,964 [INFO] trading_engine: ENTERING UNWIND at tick 282
2026-02-12 07:25:19,021 [INFO] rit_api: LIMIT SELL 100 RTM1C50 @ 0.01 -> order_id=12839
2026-02-12 07:25:19,077 [INFO] rit_api: LIMIT SELL 100 RTM1C50 @ 0.01 -> order_id=12840
2026-02-12 07:25:19,134 [INFO] rit_api: LIMIT SELL 100 RTM1C50 @ 0.01 -> order_id=12841
2026-02-12 07:25:19,191 [INFO] rit_api: LIMIT SELL 100 RTM1C50 @ 0.01 -> order_id=12842
2026-02-12 07:25:19,248 [INFO] rit_api: LIMIT SELL 90 RTM1C50 @ 0.01 -> order_id=12843
2026-02-12 07:25:19,305 [INFO] rit_api: LIMIT SELL 100 RTM1P50 @ 2.40 -> order_id=12844
2026-02-12 07:25:19,362 [INFO] rit_api: LIMIT SELL 100 RTM1P50 @ 2.40 -> order_id=12845
2026-02-12 07:25:19,418 [INFO] rit_api: LIMIT SELL 100 RTM1P50 @ 2.40 -> order_id=12846
2026-02-12 07:25:19,476 [INFO] rit_api: LIMIT SELL 100 RTM1P50 @ 2.40 -> order_id=12847
2026-02-12 07:25:19,532 [INFO] rit_api: LIMIT SELL 90 RTM1P50 @ 2.40 -> order_id=12848
2026-02-12 07:25:19,591 [INFO] rit_api: LIMIT SELL 10000 RTM @ 47.58 -> order_id=12849
2026-02-12 07:25:19,987 [INFO] rit_api: LIMIT SELL 10000 RTM @ 47.37 -> order_id=12892
2026-02-12 07:25:20,995 [INFO] rit_api: LIMIT SELL 10000 RTM @ 47.35 -> order_id=12935
2026-02-12 07:25:22,001 [INFO] rit_api: LIMIT SELL 8215 RTM @ 47.09 -> order_id=12978
2026-02-12 07:27:27,063 [INFO] news_parser: NEWS: Delta limit = 11000
2026-02-12 07:27:27,063 [INFO] news_parser: NEWS: Penalty rate = 2.00%
2026-02-12 07:28:02,100 [INFO] news_parser: NEWS: Forecast vol next week = 17.0% - 22.0% (mid=19.5%) [NOW USING FORECAST]
2026-02-12 07:28:41,272 [INFO] news_parser: NEWS: Current realized vol = 20.0% (history: ['20%']) [NOW USING REALIZED]
2026-02-12 07:28:41,278 [INFO] trading_engine: WEEK 2 positioning tick 75
2026-02-12 07:28:42,323 [INFO] optimizer: ============================================================
2026-02-12 07:28:42,323 [INFO] optimizer: OPTIMIZER RESULT: n*=490 LONG straddles @ strike 50
2026-02-12 07:28:42,324 [INFO] optimizer:   Expected profit: $10538.10
2026-02-12 07:28:42,324 [INFO] optimizer:   Gain/contract: $26.8409 | Pos cost/contract: $4.0200
2026-02-12 07:28:42,325 [INFO] optimizer:   Rebalancing cost: $644.16 | Z=0.70
2026-02-12 07:28:42,325 [INFO] optimizer:   Inputs: S0=49.99 sigma=0.2000 sigma_hat=0.0714 L=11000 Gamma=31.9859
2026-02-12 07:28:42,325 [INFO] optimizer:   Spreads: Bo=0.0400 Bs=0.0200 T=0.019231
2026-02-12 07:28:42,325 [INFO] optimizer: ============================================================
2026-02-12 07:28:42,382 [INFO] rit_api: MARKET BUY 100 RTM1C50 -> order_id=3394
2026-02-12 07:28:42,439 [INFO] rit_api: MARKET BUY 100 RTM1C50 -> order_id=3395
2026-02-12 07:28:42,496 [INFO] rit_api: MARKET BUY 100 RTM1C50 -> order_id=3396
2026-02-12 07:28:42,552 [INFO] rit_api: MARKET BUY 100 RTM1C50 -> order_id=3397
2026-02-12 07:28:42,613 [INFO] rit_api: MARKET BUY 90 RTM1C50 -> order_id=3399
2026-02-12 07:28:42,668 [INFO] rit_api: MARKET BUY 100 RTM1P50 -> order_id=3400
2026-02-12 07:28:42,669 [WARNING] trading_engine: Net limit approaching (1052), stopping
2026-02-12 07:28:42,669 [INFO] trading_engine: STRADDLE BUY 100/490 @ K=50: 6 orders (490C+100P filled)
2026-02-12 07:28:42,670 [INFO] trading_engine: POSITIONED: 490 LONG straddles @ 50 (week 2, expected $10538)
2026-02-12 07:28:43,624 [INFO] rit_api: MARKET SELL 10000 RTM -> order_id=3450
2026-02-12 07:28:43,624 [INFO] trading_engine: HEDGE SELL 10000 RTM | delta 22272 -> ~0 | limit 11000 (202%)
2026-02-12 07:28:44,287 [WARNING] trading_engine: EMERGENCY hedge bypass: delta=-11371 limit=11000
2026-02-12 07:28:44,521 [INFO] rit_api: MARKET BUY 10000 RTM -> order_id=3499
2026-02-12 07:28:44,522 [INFO] trading_engine: HEDGE BUY 10000 RTM | delta -11371 -> ~0 | limit 11000 (103%)
2026-02-12 07:28:59,456 [INFO] rit_api: MARKET SELL 10000 RTM -> order_id=4204
2026-02-12 07:28:59,456 [INFO] trading_engine: HEDGE SELL 10000 RTM | delta 13759 -> ~0 | limit 11000 (125%)
2026-02-12 07:29:18,500 [INFO] news_parser: NEWS: Forecast vol next week = 23.0% - 28.0% (mid=25.5%) [NOW USING FORECAST]
2026-02-12 07:29:30,807 [INFO] rit_api: MARKET BUY 10000 RTM -> order_id=5649
2026-02-12 07:29:30,807 [INFO] trading_engine: HEDGE BUY 10000 RTM | delta -11273 -> ~0 | limit 11000 (102%)
2026-02-12 07:29:36,877 [INFO] rit_api: MARKET SELL 10000 RTM -> order_id=5916
2026-02-12 07:29:36,877 [INFO] trading_engine: HEDGE SELL 10000 RTM | delta 10709 -> ~0 | limit 11000 (97%)
2026-02-12 07:29:37,594 [WARNING] trading_engine: EMERGENCY hedge bypass: delta=-10673 limit=11000
2026-02-12 07:29:37,827 [INFO] rit_api: MARKET BUY 10000 RTM -> order_id=5962
2026-02-12 07:29:37,828 [INFO] trading_engine: HEDGE BUY 10000 RTM | delta -10673 -> ~0 | limit 11000 (97%)
2026-02-12 07:29:56,676 [INFO] news_parser: NEWS: Current realized vol = 25.0% (history: ['20%', '25%']) [NOW USING REALIZED]
2026-02-12 07:29:56,688 [INFO] trading_engine: WEEK 3 positioning tick 150
2026-02-12 07:29:56,692 [INFO] optimizer: ============================================================
2026-02-12 07:29:56,694 [INFO] optimizer: OPTIMIZER RESULT: n*=490 LONG straddles @ strike 50
2026-02-12 07:29:56,694 [INFO] optimizer:   Expected profit: $4988.27
2026-02-12 07:29:56,695 [INFO] optimizer:   Gain/contract: $17.3053 | Pos cost/contract: $4.0200
2026-02-12 07:29:56,695 [INFO] optimizer:   Rebalancing cost: $1521.51 | Z=0.72
2026-02-12 07:29:56,696 [INFO] optimizer:   Inputs: S0=49.56 sigma=0.2500 sigma_hat=0.1976 L=11000 Gamma=31.2060
2026-02-12 07:29:56,696 [INFO] optimizer:   Spreads: Bo=0.0400 Bs=0.0200 T=0.019231
2026-02-12 07:29:56,696 [INFO] optimizer: ============================================================
2026-02-12 07:29:56,697 [INFO] trading_engine: HOLD THROUGH week 3: same direction=LONG strike=50 (saved $3920 in repositioning costs)
2026-02-12 07:30:02,920 [INFO] rit_api: MARKET SELL 10000 RTM -> order_id=7142
2026-02-12 07:30:02,920 [INFO] trading_engine: HEDGE SELL 10000 RTM | delta 12446 -> ~0 | limit 11000 (113%)
2026-02-12 07:30:06,861 [INFO] rit_api: MARKET BUY 10000 RTM -> order_id=7320
2026-02-12 07:30:06,861 [INFO] trading_engine: HEDGE BUY 10000 RTM | delta -12670 -> ~0 | limit 11000 (115%)
2026-02-12 07:30:07,847 [WARNING] trading_engine: EMERGENCY hedge bypass: delta=15300 limit=11000
2026-02-12 07:30:08,010 [INFO] rit_api: MARKET SELL 10000 RTM -> order_id=7368
2026-02-12 07:30:08,010 [INFO] trading_engine: HEDGE SELL 10000 RTM | delta 15300 -> ~0 | limit 11000 (139%)
2026-02-12 07:30:08,784 [WARNING] trading_engine: EMERGENCY hedge bypass: delta=-11023 limit=11000
2026-02-12 07:30:09,005 [INFO] rit_api: MARKET BUY 10000 RTM -> order_id=7417
2026-02-12 07:30:09,006 [INFO] trading_engine: HEDGE BUY 10000 RTM | delta -11023 -> ~0 | limit 11000 (100%)
2026-02-12 07:30:13,855 [INFO] rit_api: MARKET SELL 10000 RTM -> order_id=7641
2026-02-12 07:30:13,855 [INFO] trading_engine: HEDGE SELL 10000 RTM | delta 16798 -> ~0 | limit 11000 (153%)
2026-02-12 07:30:16,034 [INFO] rit_api: MARKET BUY 10000 RTM -> order_id=7733
2026-02-12 07:30:16,034 [INFO] trading_engine: HEDGE BUY 10000 RTM | delta -10631 -> ~0 | limit 11000 (97%)
2026-02-12 07:30:16,753 [WARNING] trading_engine: EMERGENCY hedge bypass: delta=14440 limit=11000
2026-02-12 07:30:16,975 [INFO] rit_api: MARKET SELL 10000 RTM -> order_id=7778
2026-02-12 07:30:16,975 [INFO] trading_engine: HEDGE SELL 10000 RTM | delta 14440 -> ~0 | limit 11000 (131%)
2026-02-12 07:30:17,787 [WARNING] trading_engine: EMERGENCY hedge bypass: delta=-10771 limit=11000
2026-02-12 07:30:17,947 [INFO] rit_api: MARKET BUY 10000 RTM -> order_id=7824
2026-02-12 07:30:17,948 [INFO] trading_engine: HEDGE BUY 10000 RTM | delta -10771 -> ~0 | limit 11000 (98%)
2026-02-12 07:30:18,752 [WARNING] trading_engine: EMERGENCY hedge bypass: delta=15512 limit=11000
2026-02-12 07:30:18,875 [INFO] rit_api: MARKET SELL 10000 RTM -> order_id=7870
2026-02-12 07:30:18,875 [INFO] trading_engine: HEDGE SELL 10000 RTM | delta 15512 -> ~0 | limit 11000 (141%)
2026-02-12 07:30:20,872 [INFO] rit_api: MARKET BUY 9684 RTM -> order_id=7962
2026-02-12 07:30:20,872 [INFO] trading_engine: HEDGE BUY 9684 RTM | delta -9684 -> ~0 | limit 11000 (88%)
2026-02-12 07:30:33,803 [INFO] news_parser: NEWS: Forecast vol next week = 32.0% - 37.0% (mid=34.5%) [NOW USING FORECAST]
2026-02-12 07:30:49,203 [INFO] rit_api: MARKET BUY 10000 RTM -> order_id=9217
2026-02-12 07:30:49,204 [INFO] trading_engine: HEDGE BUY 10000 RTM | delta -12808 -> ~0 | limit 11000 (116%)
2026-02-12 07:30:49,915 [WARNING] trading_engine: EMERGENCY hedge bypass: delta=12765 limit=11000
2026-02-12 07:30:50,126 [INFO] rit_api: MARKET SELL 10000 RTM -> order_id=9261
2026-02-12 07:30:50,127 [INFO] trading_engine: HEDGE SELL 10000 RTM | delta 12765 -> ~0 | limit 11000 (116%)
2026-02-12 07:31:12,003 [INFO] news_parser: NEWS: Current realized vol = 33.0% (history: ['20%', '25%', '33%']) [NOW USING REALIZED]
2026-02-12 07:31:12,010 [INFO] trading_engine: WEEK 4 positioning tick 225
2026-02-12 07:31:12,012 [INFO] optimizer: ============================================================
2026-02-12 07:31:12,013 [INFO] optimizer: OPTIMIZER RESULT: n*=490 LONG straddles @ strike 52
2026-02-12 07:31:12,013 [INFO] optimizer:   Expected profit: $13325.02
2026-02-12 07:31:12,013 [INFO] optimizer:   Gain/contract: $35.1369 | Pos cost/contract: $4.0200
2026-02-12 07:31:12,014 [INFO] optimizer:   Rebalancing cost: $1922.25 | Z=0.70
2026-02-12 07:31:12,014 [INFO] optimizer:   Inputs: S0=52.01 sigma=0.3300 sigma_hat=0.2588 L=11000 Gamma=32.1952
2026-02-12 07:31:12,014 [INFO] optimizer:   Spreads: Bo=0.0400 Bs=0.0200 T=0.019231
2026-02-12 07:31:12,015 [INFO] optimizer: ============================================================
2026-02-12 07:31:12,015 [INFO] trading_engine: REPOSITIONING: dir 1->1, strike 50->52
2026-02-12 07:31:12,135 [INFO] rit_api: MARKET SELL 100 RTM1C50 -> order_id=10231
2026-02-12 07:31:12,191 [INFO] rit_api: MARKET SELL 100 RTM1C50 -> order_id=10236
2026-02-12 07:31:12,297 [INFO] rit_api: MARKET SELL 100 RTM1C50 -> order_id=10243
2026-02-12 07:31:12,352 [INFO] rit_api: MARKET SELL 100 RTM1C50 -> order_id=10246
2026-02-12 07:31:12,412 [INFO] rit_api: MARKET SELL 100 RTM1C50 -> order_id=10250
2026-02-12 07:31:12,467 [INFO] rit_api: MARKET SELL 100 RTM1C50 -> order_id=10254
2026-02-12 07:31:12,522 [INFO] rit_api: MARKET SELL 71 RTM1C50 -> order_id=10258
2026-02-12 07:31:12,578 [INFO] rit_api: MARKET SELL 100 RTM1P50 -> order_id=10261
2026-02-12 07:31:12,640 [INFO] rit_api: MARKET SELL 100 RTM1P50 -> order_id=10265
2026-02-12 07:31:12,696 [INFO] rit_api: MARKET SELL 81 RTM1P50 -> order_id=10269
2026-02-12 07:31:12,754 [INFO] rit_api: MARKET BUY 10000 RTM -> order_id=10272
2026-02-12 07:31:18,200 [INFO] rit_api: MARKET BUY 10000 RTM -> order_id=10553
2026-02-12 07:31:19,308 [INFO] rit_api: MARKET SELL 10000 RTM -> order_id=10603
2026-02-12 07:31:20,355 [INFO] rit_api: MARKET BUY 10000 RTM -> order_id=10648
2026-02-12 07:31:21,248 [INFO] rit_api: MARKET SELL 10000 RTM -> order_id=10693
2026-02-12 07:31:22,349 [INFO] rit_api: MARKET BUY 10000 RTM -> order_id=10739
2026-02-12 07:31:23,339 [INFO] rit_api: MARKET SELL 10000 RTM -> order_id=10785
2026-02-12 07:31:23,339 [WARNING] trading_engine: Could not fully flatten after 10 ticks, moving on
2026-02-12 07:32:09,356 [INFO] trading_engine: ENTERING UNWIND at tick 282
2026-02-12 07:34:25,397 [INFO] news_parser: NEWS: Delta limit = 11000
2026-02-12 07:34:25,398 [INFO] news_parser: NEWS: Penalty rate = 3.00%
2026-02-12 07:34:52,949 [INFO] news_parser: NEWS: Forecast vol next week = 32.0% - 37.0% (mid=34.5%) [NOW USING FORECAST]
2026-02-12 07:35:32,152 [INFO] news_parser: NEWS: Current realized vol = 32.0% (history: ['32%']) [NOW USING REALIZED]
2026-02-12 07:35:32,158 [INFO] trading_engine: WEEK 2 positioning tick 75
2026-02-12 07:35:33,113 [INFO] optimizer: ============================================================
2026-02-12 07:35:33,113 [INFO] optimizer: OPTIMIZER RESULT: n*=490 LONG straddles @ strike 49
2026-02-12 07:35:33,113 [INFO] optimizer:   Expected profit: $13887.97
2026-02-12 07:35:33,114 [INFO] optimizer:   Gain/contract: $33.7328 | Pos cost/contract: $4.0200
2026-02-12 07:35:33,114 [INFO] optimizer:   Rebalancing cost: $671.32 | Z=1.11
2026-02-12 07:35:33,114 [INFO] optimizer:   Inputs: S0=49.27 sigma=0.3200 sigma_hat=0.1755 L=11000 Gamma=20.1682
2026-02-12 07:35:33,114 [INFO] optimizer:   Spreads: Bo=0.0400 Bs=0.0200 T=0.019231
2026-02-12 07:35:33,115 [INFO] optimizer: ============================================================
2026-02-12 07:35:33,171 [INFO] rit_api: MARKET BUY 100 RTM1C49 -> order_id=3421
2026-02-12 07:35:33,229 [INFO] rit_api: MARKET BUY 100 RTM1C49 -> order_id=3422
2026-02-12 07:35:33,285 [INFO] rit_api: MARKET BUY 100 RTM1C49 -> order_id=3423
2026-02-12 07:35:33,286 [WARNING] trading_engine: Net limit approaching (1056), stopping
2026-02-12 07:35:33,286 [WARNING] trading_engine: Net limit approaching (1056), stopping
2026-02-12 07:35:33,286 [INFO] trading_engine: STRADDLE BUY 0/490 @ K=49: 3 orders (300C+0P filled)
2026-02-12 07:35:33,287 [INFO] trading_engine: POSITIONED: 490 LONG straddles @ 49 (week 2, expected $13888)
2026-02-12 07:35:34,280 [INFO] rit_api: MARKET SELL 10000 RTM -> order_id=3470
2026-02-12 07:35:34,280 [INFO] trading_engine: HEDGE SELL 10000 RTM | delta 15024 -> ~0 | limit 11000 (137%)
2026-02-12 07:36:09,310 [INFO] news_parser: NEWS: Forecast vol next week = 6.0% - 11.0% (mid=8.5%) [NOW USING FORECAST]
2026-02-12 07:36:09,426 [INFO] rit_api: MARKET BUY 10000 RTM -> order_id=5082
2026-02-12 07:36:09,427 [INFO] trading_engine: HEDGE BUY 10000 RTM | delta -20268 -> ~0 | limit 11000 (184%)
2026-02-12 07:36:10,297 [WARNING] trading_engine: EMERGENCY hedge bypass: delta=-13942 limit=11000
2026-02-12 07:36:10,417 [INFO] rit_api: MARKET BUY 10000 RTM -> order_id=5162
2026-02-12 07:36:10,417 [INFO] trading_engine: HEDGE BUY 10000 RTM | delta -13942 -> ~0 | limit 11000 (127%)
2026-02-12 07:36:17,485 [INFO] rit_api: MARKET SELL 10000 RTM -> order_id=5469
2026-02-12 07:36:17,486 [INFO] trading_engine: HEDGE SELL 10000 RTM | delta 18550 -> ~0 | limit 11000 (169%)
2026-02-12 07:36:20,520 [INFO] rit_api: MARKET BUY 10000 RTM -> order_id=5613
2026-02-12 07:36:20,521 [INFO] trading_engine: HEDGE BUY 10000 RTM | delta -19576 -> ~0 | limit 11000 (178%)
2026-02-12 07:36:22,481 [INFO] rit_api: MARKET BUY 10000 RTM -> order_id=5701
2026-02-12 07:36:22,481 [INFO] trading_engine: HEDGE BUY 10000 RTM | delta -13593 -> ~0 | limit 11000 (124%)
2026-02-12 07:36:25,530 [INFO] rit_api: MARKET SELL 10000 RTM -> order_id=5832
2026-02-12 07:36:25,530 [INFO] trading_engine: HEDGE SELL 10000 RTM | delta 15792 -> ~0 | limit 11000 (144%)
2026-02-12 07:36:28,575 [INFO] rit_api: MARKET SELL 10000 RTM -> order_id=5963
2026-02-12 07:36:28,577 [INFO] trading_engine: HEDGE SELL 10000 RTM | delta 13707 -> ~0 | limit 11000 (125%)
2026-02-12 07:36:29,476 [WARNING] trading_engine: EMERGENCY hedge bypass: delta=24083 limit=11000
2026-02-12 07:36:29,592 [INFO] rit_api: MARKET SELL 10000 RTM -> order_id=6007
2026-02-12 07:36:29,592 [INFO] trading_engine: HEDGE SELL 10000 RTM | delta 24083 -> ~0 | limit 11000 (219%)
2026-02-12 07:36:30,426 [WARNING] trading_engine: EMERGENCY hedge bypass: delta=30022 limit=11000
2026-02-12 07:36:30,542 [INFO] rit_api: MARKET SELL 10000 RTM -> order_id=6057
2026-02-12 07:36:30,543 [INFO] trading_engine: HEDGE SELL 10000 RTM | delta 30022 -> ~0 | limit 11000 (273%)
2026-02-12 07:36:31,501 [WARNING] trading_engine: EMERGENCY hedge bypass: delta=17358 limit=11000
2026-02-12 07:36:31,620 [INFO] rit_api: MARKET SELL 10000 RTM -> order_id=6111
2026-02-12 07:36:31,621 [INFO] trading_engine: HEDGE SELL 10000 RTM | delta 17358 -> ~0 | limit 11000 (158%)
2026-02-12 07:36:32,490 [WARNING] trading_engine: EMERGENCY hedge bypass: delta=-13614 limit=11000
2026-02-12 07:36:32,616 [INFO] rit_api: MARKET BUY 10000 RTM -> order_id=6154
2026-02-12 07:36:32,617 [INFO] trading_engine: HEDGE BUY 10000 RTM | delta -13614 -> ~0 | limit 11000 (124%)
2026-02-12 07:36:33,486 [WARNING] trading_engine: EMERGENCY hedge bypass: delta=-16088 limit=11000
2026-02-12 07:36:33,600 [INFO] rit_api: MARKET BUY 10000 RTM -> order_id=6199
2026-02-12 07:36:33,600 [INFO] trading_engine: HEDGE BUY 10000 RTM | delta -16088 -> ~0 | limit 11000 (146%)
2026-02-12 07:36:37,607 [INFO] rit_api: MARKET BUY 10000 RTM -> order_id=6368
2026-02-12 07:36:37,608 [INFO] trading_engine: HEDGE BUY 10000 RTM | delta -14082 -> ~0 | limit 11000 (128%)
2026-02-12 07:36:39,637 [INFO] rit_api: MARKET SELL 10000 RTM -> order_id=6455
2026-02-12 07:36:39,638 [INFO] trading_engine: HEDGE SELL 10000 RTM | delta 21264 -> ~0 | limit 11000 (193%)
2026-02-12 07:36:41,646 [INFO] rit_api: MARKET BUY 10000 RTM -> order_id=6541
2026-02-12 07:36:41,646 [INFO] trading_engine: HEDGE BUY 10000 RTM | delta -10565 -> ~0 | limit 11000 (96%)
2026-02-12 07:36:47,570 [INFO] news_parser: NEWS: Current realized vol = 9.0% (history: ['32%', '9%']) [NOW USING REALIZED]
2026-02-12 07:36:47,576 [INFO] trading_engine: WEEK 3 positioning tick 150
2026-02-12 07:36:47,578 [INFO] optimizer: ============================================================
2026-02-12 07:36:47,578 [INFO] optimizer: OPTIMIZER RESULT: n*=490 SHORT straddles @ strike 50
2026-02-12 07:36:47,578 [INFO] optimizer:   Expected profit: $97739.87
2026-02-12 07:36:47,579 [INFO] optimizer:   Gain/contract: $209.5902 | Pos cost/contract: $4.0200
2026-02-12 07:36:47,579 [INFO] optimizer:   Rebalancing cost: $2989.55 | Z=0.26
2026-02-12 07:36:47,580 [INFO] optimizer:   Inputs: S0=49.78 sigma=0.0900 sigma_hat=0.3341 L=11000 Gamma=84.9525
2026-02-12 07:36:47,580 [INFO] optimizer:   Spreads: Bo=0.0400 Bs=0.0200 T=0.019231
2026-02-12 07:36:47,581 [INFO] optimizer: ============================================================
2026-02-12 07:36:47,581 [INFO] trading_engine: REPOSITIONING: dir 1->-1, strike 49->50
2026-02-12 07:36:47,694 [INFO] rit_api: MARKET SELL 100 RTM1C49 -> order_id=6815
2026-02-12 07:36:47,751 [INFO] rit_api: MARKET SELL 100 RTM1C49 -> order_id=6818
2026-02-12 07:36:47,807 [INFO] rit_api: MARKET SELL 100 RTM1C49 -> order_id=6823
2026-02-12 07:36:47,864 [INFO] rit_api: MARKET SELL 100 RTM1C50 -> order_id=6826
2026-02-12 07:36:47,940 [INFO] rit_api: MARKET SELL 100 RTM1C50 -> order_id=6827
2026-02-12 07:36:48,017 [INFO] rit_api: MARKET SELL 100 RTM1C50 -> order_id=6828
2026-02-12 07:36:48,076 [INFO] rit_api: MARKET SELL 28 RTM1C50 -> order_id=6829
2026-02-12 07:36:48,133 [INFO] rit_api: MARKET SELL 100 RTM1P50 -> order_id=6830
2026-02-12 07:36:48,196 [INFO] rit_api: MARKET SELL 100 RTM1P50 -> order_id=6831
2026-02-12 07:36:48,251 [INFO] rit_api: MARKET SELL 100 RTM1P50 -> order_id=6832
2026-02-12 07:36:48,308 [INFO] rit_api: MARKET SELL 28 RTM1P50 -> order_id=6833
2026-02-12 07:36:48,548 [INFO] trading_engine: Position flat. Ready to reposition.
2026-02-12 07:36:49,520 [INFO] optimizer: ============================================================
2026-02-12 07:36:49,521 [INFO] optimizer: OPTIMIZER RESULT: n*=490 SHORT straddles @ strike 50
2026-02-12 07:36:49,521 [INFO] optimizer:   Expected profit: $49786.25
2026-02-12 07:36:49,521 [INFO] optimizer:   Gain/contract: $113.6022 | Pos cost/contract: $4.0200
2026-02-12 07:36:49,522 [INFO] optimizer:   Rebalancing cost: $3909.05 | Z=0.26
2026-02-12 07:36:49,522 [INFO] optimizer:   Inputs: S0=49.77 sigma=0.0900 sigma_hat=0.2530 L=11000 Gamma=85.2847
2026-02-12 07:36:49,523 [INFO] optimizer:   Spreads: Bo=0.0400 Bs=0.0200 T=0.019231
2026-02-12 07:36:49,523 [INFO] optimizer: ============================================================
2026-02-12 07:36:49,583 [INFO] rit_api: MARKET SELL 100 RTM1C50 -> order_id=6956
2026-02-12 07:36:49,641 [INFO] rit_api: MARKET SELL 100 RTM1C50 -> order_id=6957
2026-02-12 07:36:49,717 [INFO] rit_api: MARKET SELL 100 RTM1C50 -> order_id=6960
2026-02-12 07:36:49,774 [INFO] rit_api: MARKET SELL 100 RTM1C50 -> order_id=6961
2026-02-12 07:36:49,832 [INFO] rit_api: MARKET SELL 90 RTM1C50 -> order_id=6963
2026-02-12 07:36:49,889 [INFO] rit_api: MARKET SELL 100 RTM1P50 -> order_id=6965
2026-02-12 07:36:49,950 [INFO] rit_api: MARKET SELL 100 RTM1P50 -> order_id=6967
2026-02-12 07:36:50,007 [INFO] rit_api: MARKET SELL 100 RTM1P50 -> order_id=6968
2026-02-12 07:36:50,068 [INFO] rit_api: MARKET SELL 100 RTM1P50 -> order_id=6970
2026-02-12 07:36:50,127 [INFO] rit_api: MARKET SELL 90 RTM1P50 -> order_id=6971
2026-02-12 07:36:50,127 [INFO] trading_engine: STRADDLE SELL 490/490 @ K=50: 10 orders (490C+490P filled)
2026-02-12 07:36:50,127 [INFO] trading_engine: POSITIONED: 490 SHORT straddles @ 50 (week 3, expected $49786)
2026-02-12 07:37:16,822 [INFO] rit_api: MARKET SELL 10000 RTM -> order_id=8252
2026-02-12 07:37:16,823 [INFO] trading_engine: HEDGE SELL 10000 RTM | delta 11389 -> ~0 | limit 11000 (104%)
2026-02-12 07:37:24,705 [INFO] news_parser: NEWS: Forecast vol next week = 15.0% - 20.0% (mid=17.5%) [NOW USING FORECAST]
2026-02-12 07:37:31,886 [INFO] rit_api: MARKET BUY 10000 RTM -> order_id=8934
2026-02-12 07:37:31,887 [INFO] trading_engine: HEDGE BUY 10000 RTM | delta -12407 -> ~0 | limit 11000 (113%)
2026-02-12 07:38:02,919 [INFO] news_parser: NEWS: Current realized vol = 18.0% (history: ['32%', '9%', '18%']) [NOW USING REALIZED]
2026-02-12 07:38:02,925 [INFO] trading_engine: WEEK 4 positioning tick 225
2026-02-12 07:38:02,927 [INFO] optimizer: ============================================================
2026-02-12 07:38:02,927 [INFO] optimizer: OPTIMIZER RESULT: n*=490 LONG straddles @ strike 50
2026-02-12 07:38:02,927 [INFO] optimizer:   Expected profit: $11820.14
2026-02-12 07:38:02,927 [INFO] optimizer:   Gain/contract: $35.2921 | Pos cost/contract: $4.0200
2026-02-12 07:38:02,928 [INFO] optimizer:   Rebalancing cost: $3503.18 | Z=0.38
2026-02-12 07:38:02,928 [INFO] optimizer:   Inputs: S0=50.26 sigma=0.1800 sigma_hat=0.0899 L=11000 Gamma=59.7378
2026-02-12 07:38:02,928 [INFO] optimizer:   Spreads: Bo=0.0400 Bs=0.0200 T=0.019231
2026-02-12 07:38:02,929 [INFO] optimizer: ============================================================
2026-02-12 07:38:02,929 [INFO] trading_engine: REPOSITIONING: dir -1->1, strike 50->50
2026-02-12 07:38:03,046 [INFO] rit_api: MARKET BUY 100 RTM1C50 -> order_id=10343
2026-02-12 07:38:03,103 [INFO] rit_api: MARKET BUY 100 RTM1C50 -> order_id=10347
2026-02-12 07:38:03,160 [INFO] rit_api: MARKET BUY 100 RTM1C50 -> order_id=10354
2026-02-12 07:38:03,217 [INFO] rit_api: MARKET BUY 100 RTM1C50 -> order_id=10358
2026-02-12 07:38:03,273 [INFO] rit_api: MARKET BUY 90 RTM1C50 -> order_id=10362
2026-02-12 07:38:03,347 [INFO] rit_api: MARKET BUY 100 RTM1P50 -> order_id=10367
2026-02-12 07:38:03,409 [INFO] rit_api: MARKET BUY 100 RTM1P50 -> order_id=10371
2026-02-12 07:38:03,465 [INFO] rit_api: MARKET BUY 100 RTM1P50 -> order_id=10374
2026-02-12 07:38:03,522 [INFO] rit_api: MARKET BUY 100 RTM1P50 -> order_id=10376
2026-02-12 07:38:03,593 [INFO] rit_api: MARKET BUY 90 RTM1P50 -> order_id=10380
2026-02-12 07:38:03,912 [INFO] trading_engine: Position flat. Ready to reposition.
2026-02-12 07:38:04,869 [INFO] optimizer: ============================================================
2026-02-12 07:38:04,870 [INFO] optimizer: OPTIMIZER RESULT: n*=427 LONG straddles @ strike 50
2026-02-12 07:38:04,870 [INFO] optimizer:   Expected profit: $6217.19
2026-02-12 07:38:04,870 [INFO] optimizer:   Gain/contract: $24.3777 | Pos cost/contract: $4.0200
2026-02-12 07:38:04,870 [INFO] optimizer:   Rebalancing cost: $2475.55 | Z=0.43
2026-02-12 07:38:04,870 [INFO] optimizer:   Inputs: S0=50.28 sigma=0.1800 sigma_hat=0.1256 L=11000 Gamma=60.2846
2026-02-12 07:38:04,870 [INFO] optimizer:   Spreads: Bo=0.0400 Bs=0.0200 T=0.019231
2026-02-12 07:38:04,870 [INFO] optimizer: ============================================================
2026-02-12 07:38:04,927 [INFO] rit_api: MARKET BUY 100 RTM1C50 -> order_id=10485
2026-02-12 07:38:04,987 [INFO] rit_api: MARKET BUY 100 RTM1C50 -> order_id=10486
2026-02-12 07:38:05,043 [INFO] rit_api: MARKET BUY 100 RTM1C50 -> order_id=10488
2026-02-12 07:38:05,106 [INFO] rit_api: MARKET BUY 100 RTM1C50 -> order_id=10489
2026-02-12 07:38:05,162 [INFO] rit_api: MARKET BUY 27 RTM1C50 -> order_id=10490
2026-02-12 07:38:05,221 [INFO] rit_api: MARKET BUY 100 RTM1P50 -> order_id=10491
2026-02-12 07:38:05,277 [INFO] rit_api: MARKET BUY 100 RTM1P50 -> order_id=10492
2026-02-12 07:38:05,335 [INFO] rit_api: MARKET BUY 100 RTM1P50 -> order_id=10494
2026-02-12 07:38:05,394 [INFO] rit_api: MARKET BUY 100 RTM1P50 -> order_id=10495
2026-02-12 07:38:05,451 [INFO] rit_api: MARKET BUY 27 RTM1P50 -> order_id=10496
2026-02-12 07:38:05,452 [INFO] trading_engine: STRADDLE BUY 427/427 @ K=50: 10 orders (427C+427P filled)
2026-02-12 07:38:05,452 [INFO] trading_engine: POSITIONED: 427 LONG straddles @ 50 (week 4, expected $6217)
2026-02-12 07:38:06,039 [INFO] rit_api: MARKET SELL 10000 RTM -> order_id=10543
2026-02-12 07:38:06,040 [INFO] trading_engine: HEDGE SELL 10000 RTM | delta 11156 -> ~0 | limit 11000 (101%)
2026-02-12 07:38:17,120 [INFO] rit_api: MARKET BUY 10000 RTM -> order_id=11086
2026-02-12 07:38:17,121 [INFO] trading_engine: HEDGE BUY 10000 RTM | delta -11055 -> ~0 | limit 11000 (101%)
2026-02-12 07:38:23,160 [INFO] rit_api: MARKET SELL 10000 RTM -> order_id=11359
2026-02-12 07:38:23,161 [INFO] trading_engine: HEDGE SELL 10000 RTM | delta 10870 -> ~0 | limit 11000 (99%)
2026-02-12 07:38:35,229 [INFO] rit_api: MARKET SELL 10000 RTM -> order_id=11949
2026-02-12 07:38:35,230 [INFO] trading_engine: HEDGE SELL 10000 RTM | delta 10020 -> ~0 | limit 11000 (91%)
2026-02-12 07:38:42,231 [INFO] rit_api: MARKET SELL 10000 RTM -> order_id=12261
2026-02-12 07:38:42,232 [INFO] trading_engine: HEDGE SELL 10000 RTM | delta 11082 -> ~0 | limit 11000 (101%)
2026-02-12 07:38:54,279 [INFO] rit_api: MARKET SELL 10000 RTM -> order_id=12795
2026-02-12 07:38:54,279 [INFO] trading_engine: HEDGE SELL 10000 RTM | delta 10014 -> ~0 | limit 11000 (91%)
2026-02-12 07:39:00,260 [INFO] trading_engine: ENTERING UNWIND at tick 282
2026-02-12 07:39:00,318 [INFO] rit_api: LIMIT SELL 100 RTM1C50 @ 1.60 -> order_id=13060
2026-02-12 07:39:00,375 [INFO] rit_api: LIMIT SELL 100 RTM1C50 @ 1.60 -> order_id=13061
2026-02-12 07:39:00,433 [INFO] rit_api: LIMIT SELL 100 RTM1C50 @ 1.60 -> order_id=13063
2026-02-12 07:39:00,489 [INFO] rit_api: LIMIT SELL 100 RTM1C50 @ 1.60 -> order_id=13064
2026-02-12 07:39:00,555 [INFO] rit_api: LIMIT SELL 27 RTM1C50 @ 1.60 -> order_id=13065
2026-02-12 07:39:00,612 [INFO] rit_api: LIMIT SELL 100 RTM1P50 @ 0.01 -> order_id=13066
2026-02-12 07:39:00,669 [INFO] rit_api: LIMIT SELL 100 RTM1P50 @ 0.01 -> order_id=13067
2026-02-12 07:39:00,725 [INFO] rit_api: LIMIT SELL 100 RTM1P50 @ 0.01 -> order_id=13068
2026-02-12 07:39:00,783 [INFO] rit_api: LIMIT SELL 100 RTM1P50 @ 0.01 -> order_id=13069
2026-02-12 07:39:00,840 [INFO] rit_api: LIMIT SELL 27 RTM1P50 @ 0.01 -> order_id=13070
2026-02-12 07:39:00,896 [INFO] rit_api: LIMIT BUY 10000 RTM @ 51.63 -> order_id=13071
2026-02-12 07:39:01,274 [INFO] rit_api: LIMIT BUY 10000 RTM @ 51.70 -> order_id=13115
2026-02-12 07:39:02,277 [INFO] rit_api: LIMIT BUY 10000 RTM @ 51.47 -> order_id=13158
2026-02-12 07:39:03,283 [INFO] rit_api: LIMIT BUY 10000 RTM @ 51.48 -> order_id=13201
2026-02-12 07:40:08,460 [WARNING] rit_api: POST /commands/cancel returned 401: {"code":"UNAUTHORIZED","message":"Simulation must be running."}
