2026-02-07 23:47:16,378 [INFO] news_parser: NEWS: Delta limit = 8000
2026-02-07 23:47:16,378 [INFO] news_parser: NEWS: Penalty rate = 2.00%
2026-02-07 23:47:51,492 [INFO] news_parser: NEWS: Forecast vol next week = 33.0% - 38.0% (mid=35.5%)
2026-02-07 23:47:51,605 [INFO] rit_api: MARKET BUY 100 RTM1C50 -> order_id=1570
2026-02-07 23:47:51,711 [INFO] rit_api: MARKET BUY 100 RTM1C50 -> order_id=1572
2026-02-07 23:47:51,818 [INFO] rit_api: MARKET BUY 30 RTM1C50 -> order_id=1574
2026-02-07 23:47:51,924 [INFO] rit_api: MARKET BUY 100 RTM1P50 -> order_id=1576
2026-02-07 23:47:52,034 [INFO] rit_api: MARKET BUY 100 RTM1P50 -> order_id=1578
2026-02-07 23:47:52,140 [INFO] rit_api: MARKET BUY 30 RTM1P50 -> order_id=1579
2026-02-07 23:47:52,253 [WARNING] rit_api: POST /orders returned 500: {"code":"INTERNAL_SERVER_ERROR","message":"Order request cannot be submitted because it will exceed net trading limits in the risk category Limit-OPT."}
2026-02-07 23:47:52,365 [WARNING] rit_api: POST /orders returned 500: {"code":"INTERNAL_SERVER_ERROR","message":"Order request cannot be submitted because it will exceed net trading limits in the risk category Limit-OPT."}
2026-02-07 23:47:52,475 [WARNING] rit_api: POST /orders returned 500: {"code":"INTERNAL_SERVER_ERROR","message":"Order request cannot be submitted because it will exceed net trading limits in the risk category Limit-OPT."}
2026-02-07 23:47:52,599 [WARNING] rit_api: POST /orders returned 500: {"code":"INTERNAL_SERVER_ERROR","message":"Order request cannot be submitted because it will exceed net trading limits in the risk category Limit-OPT."}
2026-02-07 23:47:52,656 [WARNING] rit_api: POST /orders returned 500: {"code":"INTERNAL_SERVER_ERROR","message":"Order request cannot be submitted because it will exceed net trading limits in the risk category Limit-OPT."}
2026-02-07 23:47:52,764 [WARNING] rit_api: POST /orders returned 500: {"code":"INTERNAL_SERVER_ERROR","message":"Order request cannot be submitted because it will exceed net trading limits in the risk category Limit-OPT."}
2026-02-07 23:47:52,893 [INFO] rit_api: MARKET SELL 6809 RTM -> order_id=1623
2026-02-07 23:47:52,895 [INFO] trading_engine: HEDGE SELL 6809 RTM (delta=8009 -> target=1200, limit=8000)
2026-02-07 23:47:53,316 [WARNING] rit_api: POST /orders returned 500: {"code":"INTERNAL_SERVER_ERROR","message":"Order request cannot be submitted because it will exceed net trading limits in the risk category Limit-OPT."}
2026-02-07 23:47:53,424 [WARNING] rit_api: POST /orders returned 500: {"code":"INTERNAL_SERVER_ERROR","message":"Order request cannot be submitted because it will exceed net trading limits in the risk category Limit-OPT."}
2026-02-07 23:47:53,488 [WARNING] rit_api: POST /orders returned 500: {"code":"INTERNAL_SERVER_ERROR","message":"Order request cannot be submitted because it will exceed net trading limits in the risk category Limit-OPT."}
2026-02-07 23:47:53,551 [WARNING] rit_api: POST /orders returned 500: {"code":"INTERNAL_SERVER_ERROR","message":"Order request cannot be submitted because it will exceed net trading limits in the risk category Limit-OPT."}
2026-02-07 23:47:53,608 [WARNING] rit_api: POST /orders returned 500: {"code":"INTERNAL_SERVER_ERROR","message":"Order request cannot be submitted because it will exceed net trading limits in the risk category Limit-OPT."}
2026-02-07 23:47:53,662 [WARNING] rit_api: POST /orders returned 500: {"code":"INTERNAL_SERVER_ERROR","message":"Order request cannot be submitted because it will exceed net trading limits in the risk category Limit-OPT."}
2026-02-07 23:47:53,662 [INFO] trading_engine: POSITION BUILT at tick 37: gross=749 net=749
2026-02-07 23:48:30,783 [INFO] news_parser: NEWS: Current realized vol = 35.0% (history: ['35%'])
2026-02-07 23:48:42,082 [INFO] rit_api: MARKET SELL 10000 RTM -> order_id=3879
2026-02-07 23:48:42,082 [INFO] trading_engine: HEDGE SELL 10000 RTM (delta=11405 -> target=1200, limit=8000)
2026-02-07 23:48:43,825 [INFO] trading_engine: REVERSAL APPROVED at tick 88: 1 -> -1 (edge=6.4%)
2026-02-07 23:48:43,825 [INFO] trading_engine: VOL REVERSAL at tick 88: 1 -> -1 (edge=6.4%)
2026-02-07 23:48:44,041 [INFO] rit_api: MARKET BUY 60 RTM1C45 -> order_id=3997
2026-02-07 23:48:44,147 [INFO] rit_api: MARKET BUY 60 RTM1P45 -> order_id=4000
2026-02-07 23:48:44,258 [INFO] rit_api: MARKET BUY 68 RTM1C46 -> order_id=4003
2026-02-07 23:48:44,365 [INFO] rit_api: MARKET BUY 68 RTM1P46 -> order_id=4006
2026-02-07 23:48:44,478 [INFO] rit_api: MARKET BUY 71 RTM1C47 -> order_id=4010
2026-02-07 23:48:44,589 [INFO] rit_api: MARKET BUY 71 RTM1P47 -> order_id=4012
2026-02-07 23:48:44,742 [INFO] rit_api: MARKET BUY 70 RTM1C48 -> order_id=4057
2026-02-07 23:48:44,870 [INFO] rit_api: MARKET BUY 70 RTM1P48 -> order_id=4060
2026-02-07 23:48:44,925 [INFO] rit_api: MARKET BUY 65 RTM1C49 -> order_id=4062
2026-02-07 23:48:45,038 [INFO] rit_api: MARKET BUY 65 RTM1P49 -> order_id=4064
2026-02-07 23:48:45,095 [INFO] rit_api: MARKET BUY 45 RTM1C50 -> order_id=4065
2026-02-07 23:48:45,150 [INFO] rit_api: MARKET BUY 45 RTM1P50 -> order_id=4067
2026-02-07 23:48:45,576 [INFO] rit_api: MARKET SELL 100 RTM1P48 -> order_id=4076
2026-02-07 23:48:45,714 [INFO] rit_api: MARKET SELL 100 RTM1P48 -> order_id=4121
2026-02-07 23:48:45,842 [INFO] rit_api: MARKET SELL 22 RTM1P48 -> order_id=4124
2026-02-07 23:48:45,954 [WARNING] rit_api: POST /orders returned 500: {"code":"INTERNAL_SERVER_ERROR","message":"Order request cannot be submitted because it will exceed net trading limits in the risk category Limit-OPT."}
2026-02-07 23:48:46,070 [WARNING] rit_api: POST /orders returned 500: {"code":"INTERNAL_SERVER_ERROR","message":"Order request cannot be submitted because it will exceed net trading limits in the risk category Limit-OPT."}
2026-02-07 23:48:46,179 [WARNING] rit_api: POST /orders returned 500: {"code":"INTERNAL_SERVER_ERROR","message":"Order request cannot be submitted because it will exceed net trading limits in the risk category Limit-OPT."}
2026-02-07 23:48:46,237 [WARNING] rit_api: POST /orders returned 500: {"code":"INTERNAL_SERVER_ERROR","message":"Order request cannot be submitted because it will exceed net trading limits in the risk category Limit-OPT."}
2026-02-07 23:48:46,345 [WARNING] rit_api: POST /orders returned 500: {"code":"INTERNAL_SERVER_ERROR","message":"Order request cannot be submitted because it will exceed net trading limits in the risk category Limit-OPT."}
2026-02-07 23:48:46,402 [WARNING] rit_api: POST /orders returned 500: {"code":"INTERNAL_SERVER_ERROR","message":"Order request cannot be submitted because it will exceed net trading limits in the risk category Limit-OPT."}
2026-02-07 23:48:46,462 [WARNING] rit_api: POST /orders returned 500: {"code":"INTERNAL_SERVER_ERROR","message":"Order request cannot be submitted because it will exceed net trading limits in the risk category Limit-OPT."}
2026-02-07 23:48:46,906 [WARNING] rit_api: POST /orders returned 500: {"code":"INTERNAL_SERVER_ERROR","message":"Order request cannot be submitted because it will exceed net trading limits in the risk category Limit-OPT."}
2026-02-07 23:48:47,016 [WARNING] rit_api: POST /orders returned 500: {"code":"INTERNAL_SERVER_ERROR","message":"Order request cannot be submitted because it will exceed net trading limits in the risk category Limit-OPT."}
2026-02-07 23:48:47,072 [WARNING] rit_api: POST /orders returned 500: {"code":"INTERNAL_SERVER_ERROR","message":"Order request cannot be submitted because it will exceed net trading limits in the risk category Limit-OPT."}
2026-02-07 23:48:47,140 [WARNING] rit_api: POST /orders returned 500: {"code":"INTERNAL_SERVER_ERROR","message":"Order request cannot be submitted because it will exceed net trading limits in the risk category Limit-OPT."}
2026-02-07 23:48:47,197 [WARNING] rit_api: POST /orders returned 500: {"code":"INTERNAL_SERVER_ERROR","message":"Order request cannot be submitted because it will exceed net trading limits in the risk category Limit-OPT."}
2026-02-07 23:48:47,254 [WARNING] rit_api: POST /orders returned 500: {"code":"INTERNAL_SERVER_ERROR","message":"Order request cannot be submitted because it will exceed net trading limits in the risk category Limit-OPT."}
2026-02-07 23:48:47,317 [WARNING] rit_api: POST /orders returned 500: {"code":"INTERNAL_SERVER_ERROR","message":"Order request cannot be submitted because it will exceed net trading limits in the risk category Limit-OPT."}
2026-02-07 23:48:47,378 [WARNING] rit_api: POST /orders returned 500: {"code":"INTERNAL_SERVER_ERROR","message":"Order request cannot be submitted because it will exceed net trading limits in the risk category Limit-OPT."}
2026-02-07 23:48:47,378 [INFO] trading_engine: POSITION BUILT at tick 91: gross=838 net=-838
2026-02-07 23:48:48,010 [INFO] rit_api: MARKET BUY 4576 RTM -> order_id=4233
2026-02-07 23:48:48,010 [INFO] trading_engine: HEDGE BUY 4576 RTM (delta=-5776 -> target=-1200, limit=8000)
2026-02-07 23:48:49,926 [INFO] rit_api: MARKET BUY 3705 RTM -> order_id=4329
2026-02-07 23:48:49,926 [INFO] trading_engine: HEDGE BUY 3705 RTM (delta=-4905 -> target=-1200, limit=8000)
2026-02-07 23:48:59,039 [INFO] rit_api: MARKET BUY 4232 RTM -> order_id=4788
2026-02-07 23:48:59,044 [INFO] trading_engine: HEDGE BUY 4232 RTM (delta=-5432 -> target=-1200, limit=8000)
2026-02-07 23:49:07,907 [INFO] news_parser: NEWS: Forecast vol next week = 23.0% - 28.0% (mid=25.5%)
2026-02-07 23:49:36,253 [INFO] rit_api: MARKET BUY 4245 RTM -> order_id=6456
2026-02-07 23:49:36,254 [INFO] trading_engine: HEDGE BUY 4245 RTM (delta=-5445 -> target=-1200, limit=8000)
2026-02-07 23:49:44,170 [INFO] rit_api: MARKET BUY 3999 RTM -> order_id=6805
2026-02-07 23:49:44,170 [INFO] trading_engine: HEDGE BUY 3999 RTM (delta=-5199 -> target=-1200, limit=8000)
2026-02-07 23:49:46,156 [INFO] news_parser: NEWS: Current realized vol = 27.0% (history: ['35%', '27%'])
2026-02-07 23:49:47,116 [INFO] trading_engine: BLOCKED reversal at tick 151 (after 150)
2026-02-07 23:49:48,156 [INFO] trading_engine: BLOCKED reversal at tick 152 (after 150)
2026-02-07 23:49:49,168 [INFO] trading_engine: BLOCKED reversal at tick 153 (after 150)
2026-02-07 23:49:50,041 [INFO] trading_engine: BLOCKED reversal at tick 154 (after 150)
2026-02-07 23:49:51,249 [INFO] trading_engine: BLOCKED reversal at tick 155 (after 150)
2026-02-07 23:49:52,022 [INFO] trading_engine: BLOCKED reversal at tick 156 (after 150)
2026-02-07 23:49:53,079 [INFO] trading_engine: BLOCKED reversal at tick 157 (after 150)
2026-02-07 23:49:54,109 [INFO] trading_engine: BLOCKED reversal at tick 158 (after 150)
2026-02-07 23:49:55,149 [INFO] trading_engine: BLOCKED reversal at tick 159 (after 150)
2026-02-07 23:49:56,108 [INFO] trading_engine: BLOCKED reversal at tick 160 (after 150)
2026-02-07 23:49:57,140 [INFO] trading_engine: BLOCKED reversal at tick 161 (after 150)
2026-02-07 23:49:58,060 [INFO] trading_engine: BLOCKED reversal at tick 162 (after 150)
2026-02-07 23:49:59,085 [INFO] trading_engine: BLOCKED reversal at tick 163 (after 150)
2026-02-07 23:50:00,111 [INFO] trading_engine: BLOCKED reversal at tick 164 (after 150)
2026-02-07 23:50:01,139 [INFO] trading_engine: BLOCKED reversal at tick 165 (after 150)
2026-02-07 23:50:02,165 [INFO] trading_engine: BLOCKED reversal at tick 166 (after 150)
2026-02-07 23:50:03,076 [INFO] trading_engine: BLOCKED reversal at tick 167 (after 150)
2026-02-07 23:50:04,096 [INFO] trading_engine: BLOCKED reversal at tick 168 (after 150)
2026-02-07 23:50:05,121 [INFO] trading_engine: BLOCKED reversal at tick 169 (after 150)
2026-02-07 23:50:06,153 [INFO] trading_engine: BLOCKED reversal at tick 170 (after 150)
2026-02-07 23:50:07,181 [INFO] trading_engine: BLOCKED reversal at tick 171 (after 150)
2026-02-07 23:50:08,207 [INFO] trading_engine: BLOCKED reversal at tick 172 (after 150)
2026-02-07 23:50:09,117 [INFO] trading_engine: BLOCKED reversal at tick 173 (after 150)
2026-02-07 23:50:10,143 [INFO] trading_engine: BLOCKED reversal at tick 174 (after 150)
2026-02-07 23:50:11,169 [INFO] trading_engine: BLOCKED reversal at tick 175 (after 150)
2026-02-07 23:50:12,205 [INFO] trading_engine: BLOCKED reversal at tick 176 (after 150)
2026-02-07 23:50:13,236 [INFO] trading_engine: BLOCKED reversal at tick 177 (after 150)
2026-02-07 23:50:14,147 [INFO] trading_engine: BLOCKED reversal at tick 178 (after 150)
2026-02-07 23:50:15,185 [INFO] trading_engine: BLOCKED reversal at tick 179 (after 150)
2026-02-07 23:50:16,260 [INFO] trading_engine: BLOCKED reversal at tick 180 (after 150)
2026-02-07 23:50:17,281 [INFO] trading_engine: BLOCKED reversal at tick 181 (after 150)
2026-02-07 23:50:18,200 [INFO] trading_engine: BLOCKED reversal at tick 182 (after 150)
2026-02-07 23:50:19,225 [INFO] trading_engine: BLOCKED reversal at tick 183 (after 150)
2026-02-07 23:50:20,249 [INFO] trading_engine: BLOCKED reversal at tick 184 (after 150)
2026-02-07 23:50:21,275 [INFO] trading_engine: BLOCKED reversal at tick 185 (after 150)
2026-02-07 23:50:22,303 [INFO] trading_engine: BLOCKED reversal at tick 186 (after 150)
2026-02-07 23:50:23,220 [INFO] news_parser: NEWS: Forecast vol next week = 21.0% - 26.0% (mid=23.5%)
2026-02-07 23:50:23,228 [INFO] trading_engine: BLOCKED reversal at tick 187 (after 150)
2026-02-07 23:50:24,249 [INFO] trading_engine: BLOCKED reversal at tick 188 (after 150)
2026-02-07 23:50:25,279 [INFO] trading_engine: BLOCKED reversal at tick 189 (after 150)
2026-02-07 23:50:26,330 [INFO] trading_engine: BLOCKED reversal at tick 190 (after 150)
2026-02-07 23:50:27,239 [INFO] trading_engine: BLOCKED reversal at tick 191 (after 150)
2026-02-07 23:50:28,307 [INFO] trading_engine: BLOCKED reversal at tick 192 (after 150)
2026-02-07 23:50:29,333 [INFO] trading_engine: BLOCKED reversal at tick 193 (after 150)
2026-02-07 23:50:30,242 [INFO] trading_engine: BLOCKED reversal at tick 194 (after 150)
2026-02-07 23:50:31,275 [INFO] trading_engine: BLOCKED reversal at tick 195 (after 150)
2026-02-07 23:50:32,298 [INFO] trading_engine: BLOCKED reversal at tick 196 (after 150)
2026-02-07 23:50:33,365 [INFO] trading_engine: BLOCKED reversal at tick 197 (after 150)
2026-02-07 23:50:34,277 [INFO] trading_engine: BLOCKED reversal at tick 198 (after 150)
2026-02-07 23:50:35,320 [INFO] trading_engine: BLOCKED reversal at tick 199 (after 150)
2026-02-07 23:50:36,354 [INFO] trading_engine: BLOCKED reversal at tick 200 (after 150)
2026-02-07 23:50:37,386 [INFO] trading_engine: BLOCKED reversal at tick 201 (after 150)
2026-02-07 23:50:38,301 [INFO] trading_engine: BLOCKED reversal at tick 202 (after 150)
2026-02-07 23:50:39,330 [INFO] trading_engine: BLOCKED reversal at tick 203 (after 150)
2026-02-07 23:50:40,356 [INFO] trading_engine: BLOCKED reversal at tick 204 (after 150)
2026-02-07 23:50:41,385 [INFO] trading_engine: BLOCKED reversal at tick 205 (after 150)
2026-02-07 23:50:42,421 [INFO] trading_engine: BLOCKED reversal at tick 206 (after 150)
2026-02-07 23:50:43,325 [INFO] trading_engine: BLOCKED reversal at tick 207 (after 150)
2026-02-07 23:50:44,398 [INFO] trading_engine: BLOCKED reversal at tick 208 (after 150)
2026-02-07 23:50:44,519 [INFO] rit_api: MARKET SELL 3603 RTM -> order_id=9676
2026-02-07 23:50:44,519 [INFO] trading_engine: HEDGE SELL 3603 RTM (delta=4803 -> target=1200, limit=8000)
2026-02-07 23:50:46,432 [INFO] trading_engine: BLOCKED reversal at tick 210 (after 150)
2026-02-07 23:50:47,345 [INFO] trading_engine: BLOCKED reversal at tick 211 (after 150)
2026-02-07 23:50:48,370 [INFO] trading_engine: BLOCKED reversal at tick 212 (after 150)
2026-02-07 23:50:49,396 [INFO] trading_engine: BLOCKED reversal at tick 213 (after 150)
2026-02-07 23:50:50,421 [INFO] trading_engine: BLOCKED reversal at tick 214 (after 150)
2026-02-07 23:50:51,446 [INFO] trading_engine: BLOCKED reversal at tick 215 (after 150)
2026-02-07 23:50:52,352 [INFO] trading_engine: BLOCKED reversal at tick 216 (after 150)
2026-02-07 23:50:53,379 [INFO] trading_engine: BLOCKED reversal at tick 217 (after 150)
2026-02-07 23:50:54,437 [INFO] trading_engine: BLOCKED reversal at tick 218 (after 150)
2026-02-07 23:50:55,461 [INFO] trading_engine: BLOCKED reversal at tick 219 (after 150)
2026-02-07 23:50:57,460 [INFO] trading_engine: BLOCKED reversal at tick 221 (after 150)
2026-02-07 23:50:58,532 [INFO] trading_engine: BLOCKED reversal at tick 222 (after 150)
2026-02-07 23:50:59,439 [INFO] trading_engine: BLOCKED reversal at tick 223 (after 150)
2026-02-07 23:51:00,478 [INFO] trading_engine: BLOCKED reversal at tick 224 (after 150)
2026-02-07 23:51:01,419 [INFO] news_parser: NEWS: Current realized vol = 21.0% (history: ['35%', '27%', '21%'])
2026-02-07 23:51:06,694 [INFO] rit_api: MARKET SELL 3780 RTM -> order_id=10725
2026-02-07 23:51:06,695 [INFO] trading_engine: HEDGE SELL 3780 RTM (delta=4980 -> target=1200, limit=8000)
2026-02-07 23:51:14,632 [INFO] rit_api: MARKET BUY 5990 RTM -> order_id=11114
2026-02-07 23:51:14,632 [INFO] trading_engine: HEDGE BUY 5990 RTM (delta=-7190 -> target=-1200, limit=8000)
2026-02-07 23:51:24,757 [INFO] rit_api: MARKET SELL 8456 RTM -> order_id=11593
2026-02-07 23:51:24,757 [INFO] trading_engine: HEDGE SELL 8456 RTM (delta=9656 -> target=1200, limit=8000)
2026-02-07 23:51:26,768 [INFO] rit_api: MARKET SELL 4920 RTM -> order_id=11714
2026-02-07 23:51:26,768 [INFO] trading_engine: HEDGE SELL 4920 RTM (delta=6120 -> target=1200, limit=8000)
2026-02-07 23:51:42,801 [INFO] rit_api: MARKET SELL 5102 RTM -> order_id=12407
2026-02-07 23:51:42,801 [INFO] trading_engine: HEDGE SELL 5102 RTM (delta=6302 -> target=1200, limit=8000)
2026-02-07 23:51:46,789 [INFO] trading_engine: ENTERING UNWIND PHASE at tick 270
2026-02-07 23:51:46,855 [INFO] rit_api: LIMIT BUY 37 RTM1C47 @ 1.23 -> order_id=12580
2026-02-07 23:51:46,962 [INFO] rit_api: LIMIT BUY 37 RTM1P47 @ 0.06 -> order_id=12581
2026-02-07 23:51:47,019 [INFO] rit_api: LIMIT BUY 92 RTM1C48 @ 0.49 -> order_id=12582
2026-02-07 23:51:47,140 [INFO] rit_api: LIMIT BUY 92 RTM1P48 @ 0.32 -> order_id=12585
2026-02-07 23:51:47,202 [INFO] rit_api: LIMIT BUY 100 RTM1C49 @ 0.12 -> order_id=12586
2026-02-07 23:51:47,259 [INFO] rit_api: LIMIT BUY 100 RTM1P49 @ 0.95 -> order_id=12587
2026-02-07 23:51:47,317 [INFO] rit_api: LIMIT BUY 100 RTM1P50 @ 1.85 -> order_id=12588
2026-02-07 23:51:47,399 [INFO] rit_api: LIMIT BUY 78 RTM1P51 @ 2.84 -> order_id=12589
2026-02-07 23:51:47,456 [INFO] rit_api: LIMIT BUY 10000 RTM @ 48.20 -> order_id=12590
2026-02-07 23:51:47,812 [INFO] rit_api: LIMIT BUY 38 RTM1C49 @ 0.13 -> order_id=12634
2026-02-07 23:51:47,884 [INFO] rit_api: LIMIT BUY 38 RTM1P49 @ 0.87 -> order_id=12636
2026-02-07 23:51:47,949 [INFO] rit_api: LIMIT BUY 29 RTM1P50 @ 1.76 -> order_id=12637
2026-02-07 23:51:48,006 [INFO] rit_api: LIMIT BUY 10000 RTM @ 48.30 -> order_id=12638
2026-02-07 23:51:48,840 [INFO] rit_api: LIMIT SELL 5451 RTM @ 48.23 -> order_id=12681
2026-02-07 23:51:49,816 [INFO] rit_api: LIMIT BUY 100 RTM1C50 @ 0.04 -> order_id=12726
2026-02-07 23:51:49,872 [INFO] rit_api: LIMIT BUY 5072 RTM @ 48.54 -> order_id=12728
2026-02-07 23:51:50,853 [INFO] rit_api: LIMIT SELL 5728 RTM @ 48.52 -> order_id=12771
2026-02-07 23:51:51,867 [INFO] rit_api: LIMIT BUY 5558 RTM @ 48.54 -> order_id=12816
2026-02-07 23:51:52,851 [INFO] rit_api: LIMIT SELL 5699 RTM @ 48.61 -> order_id=12860
2026-02-07 23:51:53,840 [INFO] rit_api: LIMIT BUY 5517 RTM @ 48.59 -> order_id=12905
2026-02-07 23:51:54,823 [INFO] rit_api: LIMIT SELL 5652 RTM @ 48.18 -> order_id=12950
2026-02-07 23:51:55,809 [INFO] rit_api: LIMIT BUY 5610 RTM @ 48.33 -> order_id=12994
2026-02-07 23:51:56,775 [INFO] rit_api: LIMIT SELL 5659 RTM @ 48.51 -> order_id=13039
2026-02-07 23:51:57,866 [INFO] rit_api: LIMIT BUY 5567 RTM @ 48.58 -> order_id=13084
2026-02-07 23:51:58,820 [INFO] rit_api: LIMIT SELL 5651 RTM @ 48.40 -> order_id=13129
2026-02-07 23:51:59,786 [INFO] rit_api: LIMIT BUY 5602 RTM @ 48.58 -> order_id=13173
2026-02-07 23:52:00,875 [INFO] rit_api: LIMIT SELL 5666 RTM @ 48.20 -> order_id=13219
2026-02-07 23:52:01,933 [INFO] rit_api: MARKET BUY 29 RTM1C50 -> order_id=13268
2026-02-07 23:52:01,992 [INFO] rit_api: MARKET BUY 78 RTM1C51 -> order_id=13269
2026-02-07 23:52:02,050 [INFO] rit_api: LIMIT BUY 5651 RTM @ 48.21 -> order_id=13271
2026-02-07 23:52:03,011 [INFO] rit_api: LIMIT SELL 5651 RTM @ 48.17 -> order_id=13323
2026-02-07 23:52:03,855 [INFO] rit_api: LIMIT BUY 5651 RTM @ 48.23 -> order_id=13370
2026-02-07 23:52:04,822 [INFO] rit_api: LIMIT SELL 5651 RTM @ 48.25 -> order_id=13413
2026-02-07 23:52:05,805 [INFO] rit_api: LIMIT BUY 5651 RTM @ 48.41 -> order_id=13457
2026-02-07 23:52:06,959 [INFO] rit_api: LIMIT SELL 5651 RTM @ 48.01 -> order_id=13502
2026-02-07 23:52:07,911 [INFO] rit_api: LIMIT BUY 5651 RTM @ 47.98 -> order_id=13546
2026-02-07 23:52:08,882 [INFO] rit_api: MARKET SELL 5651 RTM -> order_id=13590
2026-02-07 23:52:09,850 [INFO] rit_api: MARKET BUY 5651 RTM -> order_id=13633
2026-02-07 23:52:10,808 [INFO] rit_api: MARKET SELL 5651 RTM -> order_id=13677
2026-02-07 23:52:11,934 [INFO] rit_api: MARKET BUY 5651 RTM -> order_id=13722
2026-02-07 23:52:12,969 [INFO] rit_api: MARKET SELL 5651 RTM -> order_id=13766
2026-02-07 23:52:13,965 [INFO] rit_api: MARKET BUY 5651 RTM -> order_id=13810
2026-02-07 23:52:14,982 [INFO] rit_api: MARKET SELL 5651 RTM -> order_id=13854
2026-02-07 23:52:15,835 [INFO] rit_api: MARKET BUY 5651 RTM -> order_id=13897
2026-02-07 23:53:46,435 [INFO] news_parser: NEWS: Delta limit = 15000
2026-02-07 23:53:46,435 [INFO] news_parser: NEWS: Penalty rate = 4.00%
2026-02-07 23:54:19,454 [INFO] news_parser: NEWS: Forecast vol next week = 34.0% - 39.0% (mid=36.5%)
2026-02-07 23:54:19,570 [INFO] rit_api: MARKET BUY 100 RTM1C52 -> order_id=1670
2026-02-07 23:54:19,680 [INFO] rit_api: MARKET BUY 100 RTM1C52 -> order_id=1672
2026-02-07 23:54:19,789 [INFO] rit_api: MARKET BUY 31 RTM1C52 -> order_id=1675
2026-02-07 23:54:19,900 [INFO] rit_api: MARKET BUY 100 RTM1P52 -> order_id=1678
2026-02-07 23:54:20,018 [INFO] rit_api: MARKET BUY 100 RTM1P52 -> order_id=1681
2026-02-07 23:54:20,125 [INFO] rit_api: MARKET BUY 31 RTM1P52 -> order_id=1683
2026-02-07 23:54:20,246 [WARNING] rit_api: POST /orders returned 500: {"code":"INTERNAL_SERVER_ERROR","message":"Order request cannot be submitted because it will exceed net trading limits in the risk category Limit-OPT."}
2026-02-07 23:54:20,357 [WARNING] rit_api: POST /orders returned 500: {"code":"INTERNAL_SERVER_ERROR","message":"Order request cannot be submitted because it will exceed net trading limits in the risk category Limit-OPT."}
2026-02-07 23:54:20,487 [WARNING] rit_api: POST /orders returned 500: {"code":"INTERNAL_SERVER_ERROR","message":"Order request cannot be submitted because it will exceed net trading limits in the risk category Limit-OPT."}
2026-02-07 23:54:20,618 [WARNING] rit_api: POST /orders returned 500: {"code":"INTERNAL_SERVER_ERROR","message":"Order request cannot be submitted because it will exceed net trading limits in the risk category Limit-OPT."}
2026-02-07 23:54:20,679 [WARNING] rit_api: POST /orders returned 500: {"code":"INTERNAL_SERVER_ERROR","message":"Order request cannot be submitted because it will exceed net trading limits in the risk category Limit-OPT."}
2026-02-07 23:54:20,790 [WARNING] rit_api: POST /orders returned 500: {"code":"INTERNAL_SERVER_ERROR","message":"Order request cannot be submitted because it will exceed net trading limits in the risk category Limit-OPT."}
2026-02-07 23:54:21,232 [INFO] rit_api: MARKET BUY 34 RTM1P53 -> order_id=1767
2026-02-07 23:54:21,342 [INFO] rit_api: MARKET SELL 100 RTM1C52 -> order_id=1769
2026-02-07 23:54:21,453 [INFO] rit_api: MARKET SELL 100 RTM1P52 -> order_id=1813
2026-02-07 23:54:21,656 [INFO] rit_api: MARKET BUY 7047 RTM -> order_id=1815
2026-02-07 23:54:21,656 [INFO] trading_engine: HEDGE BUY 7047 RTM (delta=-9297 -> target=-2250, limit=15000)
2026-02-07 23:54:22,100 [WARNING] rit_api: POST /orders returned 500: {"code":"INTERNAL_SERVER_ERROR","message":"Order request cannot be submitted because it will exceed net trading limits in the risk category Limit-OPT."}
2026-02-07 23:54:22,208 [WARNING] rit_api: POST /orders returned 500: {"code":"INTERNAL_SERVER_ERROR","message":"Order request cannot be submitted because it will exceed net trading limits in the risk category Limit-OPT."}
2026-02-07 23:54:22,324 [INFO] rit_api: MARKET BUY 100 RTM1C54 -> order_id=1822
2026-02-07 23:54:22,418 [WARNING] rit_api: POST /orders returned 500: {"code":"INTERNAL_SERVER_ERROR","message":"Order request cannot be submitted because it will exceed net trading limits in the risk category Limit-OPT."}
2026-02-07 23:54:22,564 [WARNING] rit_api: POST /orders returned 500: {"code":"INTERNAL_SERVER_ERROR","message":"Order request cannot be submitted because it will exceed net trading limits in the risk category Limit-OPT."}
2026-02-07 23:54:22,623 [WARNING] rit_api: POST /orders returned 500: {"code":"INTERNAL_SERVER_ERROR","message":"Order request cannot be submitted because it will exceed net trading limits in the risk category Limit-OPT."}
2026-02-07 23:54:22,683 [WARNING] rit_api: POST /orders returned 500: {"code":"INTERNAL_SERVER_ERROR","message":"Order request cannot be submitted because it will exceed net trading limits in the risk category Limit-OPT."}
2026-02-07 23:54:22,752 [WARNING] rit_api: POST /orders returned 500: {"code":"INTERNAL_SERVER_ERROR","message":"Order request cannot be submitted because it will exceed net trading limits in the risk category Limit-OPT."}
2026-02-07 23:54:22,814 [WARNING] rit_api: POST /orders returned 500: {"code":"INTERNAL_SERVER_ERROR","message":"Order request cannot be submitted because it will exceed net trading limits in the risk category Limit-OPT."}
2026-02-07 23:54:23,142 [WARNING] rit_api: POST /orders returned 500: {"code":"INTERNAL_SERVER_ERROR","message":"Order request cannot be submitted because it will exceed net trading limits in the risk category Limit-OPT."}
2026-02-07 23:54:23,211 [WARNING] rit_api: POST /orders returned 500: {"code":"INTERNAL_SERVER_ERROR","message":"Order request cannot be submitted because it will exceed net trading limits in the risk category Limit-OPT."}
2026-02-07 23:54:23,270 [WARNING] rit_api: POST /orders returned 500: {"code":"INTERNAL_SERVER_ERROR","message":"Order request cannot be submitted because it will exceed net trading limits in the risk category Limit-OPT."}
2026-02-07 23:54:23,328 [WARNING] rit_api: POST /orders returned 500: {"code":"INTERNAL_SERVER_ERROR","message":"Order request cannot be submitted because it will exceed net trading limits in the risk category Limit-OPT."}
2026-02-07 23:54:23,386 [WARNING] rit_api: POST /orders returned 500: {"code":"INTERNAL_SERVER_ERROR","message":"Order request cannot be submitted because it will exceed net trading limits in the risk category Limit-OPT."}
2026-02-07 23:54:23,444 [WARNING] rit_api: POST /orders returned 500: {"code":"INTERNAL_SERVER_ERROR","message":"Order request cannot be submitted because it will exceed net trading limits in the risk category Limit-OPT."}
2026-02-07 23:54:23,517 [WARNING] rit_api: POST /orders returned 500: {"code":"INTERNAL_SERVER_ERROR","message":"Order request cannot be submitted because it will exceed net trading limits in the risk category Limit-OPT."}
2026-02-07 23:54:23,574 [WARNING] rit_api: POST /orders returned 500: {"code":"INTERNAL_SERVER_ERROR","message":"Order request cannot be submitted because it will exceed net trading limits in the risk category Limit-OPT."}
2026-02-07 23:54:23,574 [INFO] trading_engine: POSITION BUILT at tick 39: gross=894 net=894
2026-02-07 23:54:58,724 [INFO] news_parser: NEWS: Current realized vol = 36.0% (history: ['36%'])
2026-02-07 23:55:35,972 [INFO] news_parser: NEWS: Forecast vol next week = 20.0% - 25.0% (mid=22.5%)
2026-02-07 23:56:14,159 [INFO] news_parser: NEWS: Current realized vol = 22.0% (history: ['36%', '22%'])
2026-02-07 23:56:14,166 [INFO] trading_engine: REVERSAL APPROVED at tick 150: 1 -> -1 (edge=13.5%)
2026-02-07 23:56:14,167 [INFO] trading_engine: VOL REVERSAL at tick 150: 1 -> -1 (edge=13.5%)
2026-02-07 23:56:14,326 [INFO] rit_api: MARKET SELL 88 RTM1C50 -> order_id=6663
2026-02-07 23:56:14,431 [INFO] rit_api: MARKET SELL 87 RTM1P50 -> order_id=6664
2026-02-07 23:56:14,537 [INFO] rit_api: MARKET SELL 96 RTM1C51 -> order_id=6692
2026-02-07 23:56:14,673 [INFO] rit_api: MARKET SELL 96 RTM1P51 -> order_id=6695
2026-02-07 23:56:14,787 [INFO] rit_api: MARKET SELL 98 RTM1C52 -> order_id=6698
2026-02-07 23:56:14,896 [INFO] rit_api: MARKET SELL 98 RTM1P52 -> order_id=6701
2026-02-07 23:56:15,003 [INFO] rit_api: MARKET SELL 96 RTM1C53 -> order_id=6705
2026-02-07 23:56:15,122 [INFO] rit_api: MARKET SELL 98 RTM1P53 -> order_id=6750
2026-02-07 23:56:15,263 [INFO] rit_api: MARKET SELL 94 RTM1C54 -> order_id=6755
2026-02-07 23:56:15,372 [INFO] rit_api: MARKET SELL 94 RTM1P54 -> order_id=6759
2026-02-07 23:56:15,650 [INFO] rit_api: MARKET BUY 10000 RTM -> order_id=6764
2026-02-07 23:56:15,650 [INFO] trading_engine: HEDGE BUY 10000 RTM (delta=-18361 -> target=-2250, limit=15000)
2026-02-07 23:56:16,094 [INFO] rit_api: MARKET BUY 18 RTM1C50 -> order_id=6809
2026-02-07 23:56:16,165 [INFO] rit_api: MARKET BUY 17 RTM1P50 -> order_id=6810
2026-02-07 23:56:16,277 [INFO] rit_api: MARKET BUY 5 RTM1P53 -> order_id=6812
2026-02-07 23:56:16,281 [WARNING] trading_engine: BYPASSING cooldown: delta=24513 exceeds 90% of limit 15000
2026-02-07 23:56:16,402 [INFO] rit_api: MARKET SELL 10000 RTM -> order_id=6839
2026-02-07 23:56:16,402 [INFO] trading_engine: HEDGE SELL 10000 RTM (delta=24513 -> target=2250, limit=15000)
2026-02-07 23:56:16,666 [INFO] trading_engine: BLOCKED reversal at tick 152 (after 150)
2026-02-07 23:56:16,723 [INFO] rit_api: MARKET BUY 6 RTM1C53 -> order_id=6843
2026-02-07 23:56:17,120 [INFO] trading_engine: BLOCKED reversal at tick 153 (after 150)
2026-02-07 23:56:17,120 [INFO] trading_engine: POSITION BUILT at tick 153: gross=899 net=-899
2026-02-07 23:56:19,177 [INFO] trading_engine: BLOCKED reversal at tick 155 (after 150)
2026-02-07 23:56:20,225 [INFO] trading_engine: BLOCKED reversal at tick 156 (after 150)
2026-02-07 23:56:21,150 [INFO] trading_engine: BLOCKED reversal at tick 157 (after 150)
2026-02-07 23:56:22,238 [INFO] trading_engine: BLOCKED reversal at tick 158 (after 150)
2026-02-07 23:56:23,202 [INFO] trading_engine: BLOCKED reversal at tick 159 (after 150)
2026-02-07 23:56:24,170 [INFO] trading_engine: BLOCKED reversal at tick 160 (after 150)
2026-02-07 23:56:25,239 [INFO] trading_engine: BLOCKED reversal at tick 161 (after 150)
2026-02-07 23:56:26,274 [INFO] trading_engine: BLOCKED reversal at tick 162 (after 150)
2026-02-07 23:56:27,188 [INFO] trading_engine: BLOCKED reversal at tick 163 (after 150)
2026-02-07 23:56:28,223 [INFO] trading_engine: BLOCKED reversal at tick 164 (after 150)
2026-02-07 23:56:29,258 [INFO] trading_engine: BLOCKED reversal at tick 165 (after 150)
2026-02-07 23:56:30,186 [INFO] trading_engine: BLOCKED reversal at tick 166 (after 150)
2026-02-07 23:56:31,239 [INFO] trading_engine: BLOCKED reversal at tick 167 (after 150)
2026-02-07 23:56:32,215 [INFO] trading_engine: BLOCKED reversal at tick 168 (after 150)
2026-02-07 23:56:33,245 [INFO] trading_engine: BLOCKED reversal at tick 169 (after 150)
2026-02-07 23:56:34,312 [INFO] trading_engine: BLOCKED reversal at tick 170 (after 150)
2026-02-07 23:56:35,233 [INFO] trading_engine: BLOCKED reversal at tick 171 (after 150)
2026-02-07 23:56:36,275 [INFO] trading_engine: BLOCKED reversal at tick 172 (after 150)
2026-02-07 23:56:37,386 [INFO] trading_engine: BLOCKED reversal at tick 173 (after 150)
2026-02-07 23:56:38,428 [INFO] trading_engine: BLOCKED reversal at tick 174 (after 150)
2026-02-07 23:56:39,261 [INFO] trading_engine: BLOCKED reversal at tick 175 (after 150)
2026-02-07 23:56:40,460 [INFO] trading_engine: BLOCKED reversal at tick 176 (after 150)
2026-02-07 23:56:41,263 [INFO] trading_engine: BLOCKED reversal at tick 177 (after 150)
2026-02-07 23:56:42,428 [INFO] trading_engine: BLOCKED reversal at tick 178 (after 150)
2026-02-07 23:56:43,441 [INFO] trading_engine: BLOCKED reversal at tick 179 (after 150)
2026-02-07 23:56:44,272 [INFO] trading_engine: BLOCKED reversal at tick 180 (after 150)
2026-02-07 23:56:45,388 [INFO] trading_engine: BLOCKED reversal at tick 181 (after 150)
2026-02-07 23:56:46,337 [INFO] trading_engine: BLOCKED reversal at tick 182 (after 150)
2026-02-07 23:56:47,345 [INFO] trading_engine: BLOCKED reversal at tick 183 (after 150)
2026-02-07 23:56:48,410 [INFO] trading_engine: BLOCKED reversal at tick 184 (after 150)
2026-02-07 23:56:49,340 [INFO] trading_engine: BLOCKED reversal at tick 185 (after 150)
2026-02-07 23:56:50,522 [INFO] trading_engine: BLOCKED reversal at tick 186 (after 150)
2026-02-07 23:56:51,328 [INFO] news_parser: NEWS: Forecast vol next week = 29.0% - 34.0% (mid=31.5%)
2026-02-07 23:56:51,335 [INFO] trading_engine: BLOCKED reversal at tick 187 (after 150)
2026-02-07 23:56:52,371 [INFO] trading_engine: BLOCKED reversal at tick 188 (after 150)
2026-02-07 23:56:53,416 [INFO] trading_engine: BLOCKED reversal at tick 189 (after 150)
2026-02-07 23:56:54,487 [INFO] trading_engine: BLOCKED reversal at tick 190 (after 150)
2026-02-07 23:56:55,393 [INFO] trading_engine: BLOCKED reversal at tick 191 (after 150)
2026-02-07 23:56:56,432 [INFO] trading_engine: BLOCKED reversal at tick 192 (after 150)
2026-02-07 23:56:57,614 [INFO] trading_engine: BLOCKED reversal at tick 193 (after 150)
2026-02-07 23:56:58,391 [INFO] trading_engine: BLOCKED reversal at tick 194 (after 150)
2026-02-07 23:56:59,323 [INFO] trading_engine: BLOCKED reversal at tick 195 (after 150)
2026-02-07 23:57:00,381 [INFO] trading_engine: BLOCKED reversal at tick 196 (after 150)
2026-02-07 23:57:01,415 [INFO] trading_engine: BLOCKED reversal at tick 197 (after 150)
2026-02-07 23:57:02,342 [INFO] trading_engine: BLOCKED reversal at tick 198 (after 150)
2026-02-07 23:57:03,403 [INFO] trading_engine: BLOCKED reversal at tick 199 (after 150)
2026-02-07 23:57:04,440 [INFO] trading_engine: BLOCKED reversal at tick 200 (after 150)
2026-02-07 23:57:05,406 [INFO] trading_engine: BLOCKED reversal at tick 201 (after 150)
2026-02-07 23:57:06,448 [INFO] trading_engine: BLOCKED reversal at tick 202 (after 150)
2026-02-07 23:57:07,368 [INFO] trading_engine: BLOCKED reversal at tick 203 (after 150)
2026-02-07 23:57:08,418 [INFO] trading_engine: BLOCKED reversal at tick 204 (after 150)
2026-02-07 23:57:09,450 [INFO] trading_engine: BLOCKED reversal at tick 205 (after 150)
2026-02-07 23:57:10,385 [INFO] trading_engine: BLOCKED reversal at tick 206 (after 150)
2026-02-07 23:57:11,426 [INFO] trading_engine: BLOCKED reversal at tick 207 (after 150)
2026-02-07 23:57:12,463 [INFO] trading_engine: BLOCKED reversal at tick 208 (after 150)
2026-02-07 23:57:13,496 [INFO] trading_engine: BLOCKED reversal at tick 209 (after 150)
2026-02-07 23:57:14,441 [INFO] trading_engine: BLOCKED reversal at tick 210 (after 150)
2026-02-07 23:57:15,483 [INFO] trading_engine: BLOCKED reversal at tick 211 (after 150)
2026-02-07 23:57:16,412 [INFO] trading_engine: BLOCKED reversal at tick 212 (after 150)
2026-02-07 23:57:17,455 [INFO] trading_engine: BLOCKED reversal at tick 213 (after 150)
2026-02-07 23:57:18,423 [INFO] trading_engine: BLOCKED reversal at tick 214 (after 150)
2026-02-07 23:57:19,482 [INFO] trading_engine: BLOCKED reversal at tick 215 (after 150)
2026-02-07 23:57:20,518 [INFO] trading_engine: BLOCKED reversal at tick 216 (after 150)
2026-02-07 23:57:22,458 [INFO] trading_engine: BLOCKED reversal at tick 218 (after 150)
2026-02-07 23:57:24,523 [INFO] trading_engine: BLOCKED reversal at tick 220 (after 150)
2026-02-07 23:57:25,438 [INFO] trading_engine: BLOCKED reversal at tick 221 (after 150)
2026-02-07 23:57:26,471 [INFO] trading_engine: BLOCKED reversal at tick 222 (after 150)
2026-02-07 23:57:29,590 [INFO] news_parser: NEWS: Current realized vol = 31.0% (history: ['36%', '22%', '31%'])
2026-02-07 23:57:29,597 [INFO] trading_engine: BLOCKED reversal at tick 225 (after 150)
2026-02-07 23:57:30,551 [INFO] trading_engine: BLOCKED reversal at tick 226 (after 150)
2026-02-07 23:57:31,515 [INFO] trading_engine: BLOCKED reversal at tick 227 (after 150)
2026-02-07 23:58:14,952 [INFO] trading_engine: ENTERING UNWIND PHASE at tick 270
2026-02-07 23:58:15,007 [INFO] rit_api: LIMIT BUY 29 RTM1C47 @ 1.95 -> order_id=12490
2026-02-07 23:58:15,063 [INFO] rit_api: LIMIT BUY 29 RTM1P47 @ 0.07 -> order_id=12491
2026-02-07 23:58:15,119 [INFO] rit_api: LIMIT BUY 64 RTM1C48 @ 1.12 -> order_id=12492
2026-02-07 23:58:15,174 [INFO] rit_api: LIMIT BUY 64 RTM1P48 @ 0.23 -> order_id=12493
2026-02-07 23:58:15,232 [INFO] rit_api: LIMIT BUY 84 RTM1C49 @ 0.53 -> order_id=12494
2026-02-07 23:58:15,288 [INFO] rit_api: LIMIT BUY 84 RTM1P49 @ 0.64 -> order_id=12495
2026-02-07 23:58:15,344 [INFO] rit_api: LIMIT BUY 86 RTM1C50 @ 0.19 -> order_id=12496
2026-02-07 23:58:15,403 [INFO] rit_api: LIMIT BUY 86 RTM1P50 @ 1.31 -> order_id=12497
2026-02-07 23:58:15,460 [INFO] rit_api: LIMIT BUY 69 RTM1C51 @ 0.06 -> order_id=12498
2026-02-07 23:58:15,518 [INFO] rit_api: LIMIT BUY 69 RTM1P51 @ 2.17 -> order_id=12499
2026-02-07 23:58:15,587 [INFO] rit_api: LIMIT BUY 44 RTM1P52 @ 3.13 -> order_id=12500
2026-02-07 23:58:15,643 [INFO] rit_api: LIMIT BUY 8737 RTM @ 48.92 -> order_id=12501
2026-02-07 23:58:16,891 [INFO] rit_api: LIMIT BUY 44 RTM1C52 @ 0.05 -> order_id=12590
2026-02-07 23:58:53,101 [WARNING] rit_api: POST /commands/cancel returned 401: {"code":"UNAUTHORIZED","message":"Simulation must be running."}
