2026-02-08 17:51:33,741 [INFO] news_parser: NEWS: Forecast vol next week = 18.0% - 23.0% (mid=20.5%)
2026-02-08 17:51:34,838 [INFO] rit_api: MARKET SELL 50 RTM1C50 -> order_id=3962
2026-02-08 17:51:34,900 [INFO] rit_api: MARKET SELL 50 RTM1P50 -> order_id=3963
2026-02-08 17:52:49,234 [INFO] news_parser: NEWS: Forecast vol next week = 17.0% - 22.0% (mid=19.5%)
2026-02-08 17:52:50,217 [INFO] rit_api: MARKET BUY 50 RTM1C50 -> order_id=7606
2026-02-08 17:52:50,277 [INFO] rit_api: MARKET BUY 50 RTM1P50 -> order_id=7607
2026-02-08 17:52:50,340 [INFO] rit_api: MARKET SELL 50 RTM1C48 -> order_id=7608
2026-02-08 17:52:50,401 [INFO] rit_api: MARKET SELL 50 RTM1P48 -> order_id=7609
2026-02-08 17:52:50,477 [INFO] rit_api: MARKET BUY 5000 RTM -> order_id=7610
2026-02-08 17:52:54,364 [INFO] rit_api: MARKET SELL 10000 RTM -> order_id=7807
2026-02-08 17:52:55,332 [INFO] rit_api: MARKET BUY 10000 RTM -> order_id=7851
2026-02-08 17:53:01,327 [INFO] rit_api: MARKET SELL 9837 RTM -> order_id=8159
2026-02-08 17:53:03,320 [INFO] rit_api: MARKET BUY 9837 RTM -> order_id=8274
2026-02-08 17:53:16,424 [INFO] rit_api: MARKET SELL 10000 RTM -> order_id=8980
2026-02-08 17:53:17,392 [INFO] rit_api: MARKET BUY 10000 RTM -> order_id=9026
2026-02-08 17:53:27,523 [INFO] rit_api: MARKET SELL 10000 RTM -> order_id=9472
2026-02-08 17:54:04,662 [INFO] news_parser: NEWS: Forecast vol next week = 25.0% - 30.0% (mid=27.5%)
2026-02-08 17:54:07,708 [INFO] rit_api: MARKET BUY 10000 RTM -> order_id=11260
2026-02-08 17:54:13,825 [INFO] rit_api: MARKET SELL 9988 RTM -> order_id=11591
2026-02-08 17:54:15,827 [INFO] rit_api: MARKET BUY 9988 RTM -> order_id=11705
2026-02-08 17:54:17,825 [INFO] rit_api: MARKET SELL 9999 RTM -> order_id=11818
2026-02-08 17:54:18,785 [INFO] rit_api: MARKET BUY 9999 RTM -> order_id=11868
2026-02-08 17:54:39,911 [INFO] rit_api: MARKET SELL 10000 RTM -> order_id=12879
2026-02-08 17:56:44,962 [INFO] news_parser: NEWS: Delta limit = 13000
2026-02-08 17:56:44,962 [INFO] news_parser: NEWS: Penalty rate = 5.00%
