2026-02-07 17:41:02,874 [INFO] news_parser: NEWS: Forecast vol next week = 31.0% - 36.0%
2026-02-07 17:41:02,937 [INFO] rit_api: LIMIT SELL 10 RTM1P45 @ 0.35 -> order_id=3489
2026-02-07 17:41:02,996 [INFO] rit_api: LIMIT SELL 10 RTM1C53 @ 0.79 -> order_id=3490
2026-02-07 17:41:03,055 [INFO] rit_api: LIMIT SELL 10 RTM1P47 @ 0.75 -> order_id=3491
2026-02-07 17:41:03,114 [INFO] rit_api: LIMIT SELL 10 RTM1C54 @ 0.50 -> order_id=3492
2026-02-07 17:41:03,687 [INFO] rit_api: LIMIT SELL 10 RTM1P45 @ 0.37 -> order_id=3535
2026-02-07 17:41:03,744 [INFO] rit_api: LIMIT SELL 10 RTM1C53 @ 0.72 -> order_id=3536
2026-02-07 17:41:03,799 [INFO] rit_api: LIMIT SELL 10 RTM1P46 @ 0.49 -> order_id=3537
2026-02-07 17:41:03,857 [INFO] rit_api: LIMIT SELL 10 RTM1C52 @ 0.99 -> order_id=3538
2026-02-07 17:41:04,486 [INFO] rit_api: LIMIT SELL 10 RTM1C54 @ 0.56 -> order_id=3581
2026-02-07 17:41:04,543 [INFO] rit_api: LIMIT SELL 10 RTM1P47 @ 0.78 -> order_id=3582
2026-02-07 17:41:04,600 [INFO] rit_api: LIMIT SELL 10 RTM1P45 @ 0.28 -> order_id=3583
2026-02-07 17:41:04,658 [INFO] rit_api: LIMIT SELL 10 RTM1P48 @ 1.10 -> order_id=3584
2026-02-07 17:41:05,483 [INFO] rit_api: LIMIT SELL 10 RTM1P45 @ 0.31 -> order_id=3627
2026-02-07 17:41:05,541 [INFO] rit_api: LIMIT SELL 10 RTM1P46 @ 0.47 -> order_id=3628
2026-02-07 17:41:05,599 [INFO] rit_api: LIMIT SELL 10 RTM1C53 @ 0.80 -> order_id=3629
2026-02-07 17:41:05,660 [INFO] rit_api: LIMIT SELL 10 RTM1C54 @ 0.52 -> order_id=3630
2026-02-07 17:41:06,511 [INFO] rit_api: LIMIT SELL 10 RTM1P45 @ 0.38 -> order_id=3673
2026-02-07 17:41:06,568 [INFO] rit_api: LIMIT SELL 10 RTM1C54 @ 0.43 -> order_id=3674
2026-02-07 17:41:06,624 [INFO] rit_api: LIMIT SELL 10 RTM1C51 @ 1.29 -> order_id=3675
2026-02-07 17:41:06,681 [INFO] rit_api: LIMIT SELL 10 RTM1P46 @ 0.50 -> order_id=3676
2026-02-07 17:41:07,447 [INFO] news_parser: NEWS: Current realized vol = 36.0%
2026-02-07 17:41:07,511 [INFO] rit_api: LIMIT SELL 10 RTM1P46 @ 0.55 -> order_id=3719
2026-02-07 17:41:07,568 [INFO] rit_api: LIMIT SELL 10 RTM1C53 @ 0.73 -> order_id=3720
2026-02-07 17:41:07,625 [INFO] rit_api: LIMIT SELL 10 RTM1C54 @ 0.50 -> order_id=3723
2026-02-07 17:41:07,683 [INFO] rit_api: LIMIT SELL 10 RTM1P45 @ 0.33 -> order_id=3727
2026-02-07 17:41:08,520 [INFO] rit_api: LIMIT BUY 10 RTM1P45 @ 0.05 -> order_id=3775
2026-02-07 17:41:08,576 [INFO] rit_api: LIMIT BUY 10 RTM1C53 @ 0.33 -> order_id=3781
2026-02-07 17:41:08,632 [INFO] rit_api: LIMIT BUY 10 RTM1C54 @ 0.24 -> order_id=3786
2026-02-07 17:41:08,688 [INFO] rit_api: LIMIT BUY 10 RTM1P47 @ 0.31 -> order_id=3792
2026-02-07 17:41:09,524 [INFO] rit_api: LIMIT BUY 10 RTM1P45 @ 0.08 -> order_id=3887
2026-02-07 17:41:09,605 [INFO] rit_api: LIMIT BUY 10 RTM1C53 @ 0.27 -> order_id=3891
2026-02-07 17:41:09,664 [INFO] rit_api: LIMIT BUY 10 RTM1P47 @ 0.30 -> order_id=3892
2026-02-07 17:41:09,722 [INFO] rit_api: LIMIT BUY 10 RTM1P46 @ 0.20 -> order_id=3893
2026-02-07 17:41:10,550 [INFO] rit_api: LIMIT BUY 10 RTM1P45 @ 0.05 -> order_id=3936
2026-02-07 17:41:10,606 [INFO] rit_api: LIMIT BUY 10 RTM1P46 @ 0.13 -> order_id=3937
2026-02-07 17:41:10,664 [INFO] rit_api: LIMIT BUY 10 RTM1C53 @ 0.25 -> order_id=3938
2026-02-07 17:41:10,721 [INFO] rit_api: LIMIT BUY 10 RTM1P47 @ 0.28 -> order_id=3939
2026-02-07 17:41:11,547 [INFO] rit_api: LIMIT BUY 10 RTM1C53 @ 0.17 -> order_id=3983
2026-02-07 17:41:11,604 [INFO] rit_api: LIMIT BUY 10 RTM1C54 @ 0.13 -> order_id=3986
2026-02-07 17:41:11,662 [INFO] rit_api: LIMIT BUY 10 RTM1P45 @ 0.13 -> order_id=3990
2026-02-07 17:41:11,718 [INFO] rit_api: LIMIT BUY 10 RTM1C52 @ 0.43 -> order_id=3991
2026-02-07 17:41:12,546 [INFO] rit_api: LIMIT BUY 10 RTM1C54 @ 0.13 -> order_id=4036
2026-02-07 17:41:12,603 [INFO] rit_api: LIMIT BUY 10 RTM1C52 @ 0.35 -> order_id=4038
2026-02-07 17:41:12,662 [INFO] rit_api: LIMIT BUY 10 RTM1P45 @ 0.14 -> order_id=4044
2026-02-07 17:41:12,719 [INFO] rit_api: LIMIT BUY 10 RTM1P47 @ 0.34 -> order_id=4050
2026-02-07 17:41:13,581 [INFO] rit_api: LIMIT BUY 10 RTM1C54 @ 0.15 -> order_id=4102
2026-02-07 17:41:13,646 [INFO] rit_api: LIMIT BUY 10 RTM1P46 @ 0.11 -> order_id=4106
2026-02-07 17:41:13,706 [INFO] rit_api: LIMIT BUY 10 RTM1P45 @ 0.09 -> order_id=4110
2026-02-07 17:41:13,783 [INFO] rit_api: LIMIT BUY 10 RTM1P47 @ 0.26 -> order_id=4115
2026-02-07 17:41:14,640 [INFO] rit_api: LIMIT BUY 10 RTM1C53 @ 0.24 -> order_id=4162
2026-02-07 17:41:14,700 [INFO] rit_api: LIMIT BUY 10 RTM1C54 @ 0.19 -> order_id=4167
2026-02-07 17:41:14,775 [INFO] rit_api: LIMIT BUY 10 RTM1P45 @ 0.11 -> order_id=4172
2026-02-07 17:41:14,854 [INFO] rit_api: LIMIT BUY 10 RTM1P46 @ 0.18 -> order_id=4173
2026-02-07 17:41:15,726 [INFO] rit_api: LIMIT BUY 10 RTM1C54 @ 0.15 -> order_id=4217
2026-02-07 17:41:15,791 [INFO] rit_api: LIMIT BUY 10 RTM1C53 @ 0.24 -> order_id=4218
2026-02-07 17:41:15,865 [INFO] rit_api: LIMIT BUY 10 RTM1C52 @ 0.40 -> order_id=4219
2026-02-07 17:41:15,924 [INFO] rit_api: LIMIT BUY 10 RTM1P45 @ 0.13 -> order_id=4220
2026-02-07 17:41:16,876 [INFO] rit_api: LIMIT BUY 10 RTM1C54 @ 0.11 -> order_id=4277
2026-02-07 17:41:16,933 [INFO] rit_api: LIMIT BUY 10 RTM1C52 @ 0.28 -> order_id=4278
2026-02-07 17:41:17,010 [INFO] rit_api: LIMIT BUY 10 RTM1P45 @ 0.16 -> order_id=4279
2026-02-07 17:41:17,143 [INFO] rit_api: LIMIT BUY 10 RTM1P47 @ 0.40 -> order_id=4280
2026-02-07 17:41:17,734 [INFO] rit_api: LIMIT BUY 10 RTM1P45 @ 0.14 -> order_id=4328
2026-02-07 17:41:17,800 [INFO] rit_api: LIMIT BUY 10 RTM1P46 @ 0.25 -> order_id=4330
2026-02-07 17:41:17,937 [INFO] rit_api: LIMIT BUY 10 RTM1C54 @ 0.15 -> order_id=4333
2026-02-07 17:41:17,995 [INFO] rit_api: LIMIT BUY 10 RTM1P47 @ 0.39 -> order_id=4336
2026-02-07 17:41:18,598 [INFO] rit_api: LIMIT BUY 10 RTM1P45 @ 0.10 -> order_id=4383
2026-02-07 17:41:18,735 [INFO] rit_api: LIMIT BUY 10 RTM1C52 @ 0.27 -> order_id=4386
2026-02-07 17:41:18,795 [INFO] rit_api: LIMIT BUY 10 RTM1C53 @ 0.20 -> order_id=4391
2026-02-07 17:41:18,871 [INFO] rit_api: LIMIT BUY 10 RTM1C54 @ 0.15 -> order_id=4392
2026-02-07 17:41:19,794 [INFO] rit_api: LIMIT BUY 10 RTM1C54 @ 0.10 -> order_id=4435
2026-02-07 17:41:19,850 [INFO] rit_api: LIMIT BUY 10 RTM1P45 @ 0.11 -> order_id=4436
2026-02-07 17:41:19,907 [INFO] rit_api: LIMIT BUY 10 RTM1C53 @ 0.21 -> order_id=4437
2026-02-07 17:41:20,061 [INFO] rit_api: LIMIT BUY 10 RTM1P47 @ 0.45 -> order_id=4438
2026-02-07 17:41:22,013 [INFO] rit_api: LIMIT BUY 10 RTM1C53 @ 0.16 -> order_id=4593
2026-02-07 17:41:22,101 [INFO] rit_api: LIMIT BUY 10 RTM1C54 @ 0.11 -> order_id=4602
2026-02-07 17:41:22,173 [INFO] rit_api: LIMIT BUY 10 RTM1P46 @ 0.25 -> order_id=4603
2026-02-07 17:41:22,266 [INFO] rit_api: LIMIT BUY 10 RTM1P45 @ 0.19 -> order_id=4604
2026-02-07 17:41:22,865 [INFO] rit_api: LIMIT BUY 10 RTM1C54 @ 0.08 -> order_id=4683
2026-02-07 17:41:22,953 [INFO] rit_api: LIMIT BUY 10 RTM1P45 @ 0.13 -> order_id=4684
2026-02-07 17:41:23,039 [INFO] rit_api: LIMIT BUY 10 RTM1C53 @ 0.17 -> order_id=4685
2026-02-07 17:41:23,096 [INFO] rit_api: LIMIT BUY 10 RTM1C52 @ 0.27 -> order_id=4686
2026-02-07 17:41:23,680 [INFO] rit_api: LIMIT BUY 10 RTM1C53 @ 0.14 -> order_id=4729
2026-02-07 17:41:23,730 [INFO] rit_api: LIMIT BUY 10 RTM1P45 @ 0.17 -> order_id=4730
2026-02-07 17:41:23,795 [INFO] rit_api: LIMIT BUY 10 RTM1C52 @ 0.27 -> order_id=4731
2026-02-07 17:41:23,858 [INFO] rit_api: LIMIT BUY 10 RTM1P46 @ 0.29 -> order_id=4734
2026-02-07 17:41:24,692 [INFO] rit_api: LIMIT BUY 10 RTM1P45 @ 0.13 -> order_id=4782
2026-02-07 17:41:24,746 [INFO] rit_api: LIMIT BUY 10 RTM1C54 @ 0.11 -> order_id=4784
2026-02-07 17:41:24,801 [INFO] rit_api: LIMIT BUY 10 RTM1P46 @ 0.27 -> order_id=4785
2026-02-07 17:41:24,865 [INFO] rit_api: LIMIT BUY 10 RTM1C53 @ 0.20 -> order_id=4786
2026-02-07 17:41:25,699 [INFO] rit_api: LIMIT BUY 10 RTM1C54 @ 0.09 -> order_id=4829
2026-02-07 17:41:25,756 [INFO] rit_api: LIMIT BUY 10 RTM1C52 @ 0.24 -> order_id=4830
2026-02-07 17:41:25,813 [INFO] rit_api: LIMIT BUY 10 RTM1P46 @ 0.32 -> order_id=4831
2026-02-07 17:41:25,869 [INFO] rit_api: LIMIT BUY 10 RTM1C51 @ 0.43 -> order_id=4832
2026-02-07 17:41:26,698 [INFO] rit_api: LIMIT BUY 10 RTM1C54 @ 0.12 -> order_id=4875
2026-02-07 17:41:26,753 [INFO] rit_api: LIMIT BUY 10 RTM1P46 @ 0.25 -> order_id=4876
2026-02-07 17:41:26,811 [INFO] rit_api: LIMIT BUY 10 RTM1C53 @ 0.23 -> order_id=4877
2026-02-07 17:41:26,867 [INFO] rit_api: LIMIT BUY 10 RTM1C51 @ 0.56 -> order_id=4879
2026-02-07 17:41:27,715 [INFO] rit_api: LIMIT BUY 10 RTM1C53 @ 0.20 -> order_id=4926
2026-02-07 17:41:27,775 [INFO] rit_api: LIMIT BUY 10 RTM1P47 @ 0.45 -> order_id=4927
2026-02-07 17:41:27,830 [INFO] rit_api: LIMIT BUY 10 RTM1C52 @ 0.42 -> order_id=4928
2026-02-07 17:41:27,883 [INFO] rit_api: LIMIT BUY 10 RTM1C51 @ 0.60 -> order_id=4929
2026-02-07 17:41:28,739 [INFO] rit_api: LIMIT BUY 10 RTM1P46 @ 0.19 -> order_id=4979
2026-02-07 17:41:28,814 [INFO] rit_api: LIMIT BUY 10 RTM1C51 @ 0.54 -> order_id=4983
2026-02-07 17:41:28,873 [INFO] rit_api: LIMIT BUY 10 RTM1C52 @ 0.42 -> order_id=4984
2026-02-07 17:41:28,925 [INFO] rit_api: LIMIT BUY 10 RTM1P47 @ 0.45 -> order_id=4986
2026-02-07 17:41:29,000 [INFO] rit_api: MARKET SELL 3652 RTM -> order_id=4987
2026-02-07 17:41:29,832 [INFO] rit_api: LIMIT BUY 10 RTM1P46 @ 0.26 -> order_id=5037
2026-02-07 17:41:29,894 [INFO] rit_api: LIMIT BUY 10 RTM1C52 @ 0.57 -> order_id=5039
2026-02-07 17:41:29,949 [INFO] rit_api: LIMIT BUY 10 RTM1P47 @ 0.43 -> order_id=5040
2026-02-07 17:41:30,005 [INFO] rit_api: LIMIT BUY 10 RTM1C51 @ 0.82 -> order_id=5041
2026-02-07 17:41:30,829 [INFO] rit_api: LIMIT BUY 10 RTM1C51 @ 0.66 -> order_id=5084
2026-02-07 17:41:30,887 [INFO] rit_api: LIMIT BUY 10 RTM1P46 @ 0.25 -> order_id=5087
2026-02-07 17:41:30,957 [INFO] rit_api: LIMIT BUY 10 RTM1P47 @ 0.42 -> order_id=5112
2026-02-07 17:41:31,013 [INFO] rit_api: LIMIT BUY 10 RTM1P49 @ 0.95 -> order_id=5113
2026-02-07 17:41:31,852 [INFO] rit_api: LIMIT BUY 10 RTM1P46 @ 0.23 -> order_id=5182
2026-02-07 17:41:31,907 [INFO] rit_api: LIMIT BUY 10 RTM1P48 @ 0.62 -> order_id=5183
2026-02-07 17:41:31,963 [INFO] rit_api: LIMIT BUY 10 RTM1C51 @ 0.78 -> order_id=5184
2026-02-07 17:41:32,019 [INFO] rit_api: LIMIT BUY 10 RTM1P49 @ 1.02 -> order_id=5188
2026-02-07 17:41:32,846 [INFO] rit_api: LIMIT BUY 10 RTM1C51 @ 0.64 -> order_id=5237
2026-02-07 17:41:32,903 [INFO] rit_api: LIMIT BUY 10 RTM1C50 @ 1.07 -> order_id=5240
2026-02-07 17:41:32,959 [INFO] rit_api: LIMIT BUY 10 RTM1P50 @ 1.52 -> order_id=5243
2026-02-07 17:41:33,014 [INFO] rit_api: LIMIT BUY 10 RTM1P48 @ 0.80 -> order_id=5245
