2026-02-07 17:37:39,155 [INFO] news_parser: NEWS: Current realized vol = 32.0%
2026-02-07 17:37:39,242 [INFO] rit_api: LIMIT SELL 10 RTM1C54 @ 0.01 -> order_id=12110
2026-02-07 17:37:39,319 [INFO] rit_api: LIMIT SELL 10 RTM1C53 @ 0.01 -> order_id=12112
2026-02-07 17:37:39,384 [INFO] rit_api: LIMIT SELL 10 RTM1P45 @ 0.01 -> order_id=12115
2026-02-07 17:37:39,441 [INFO] rit_api: LIMIT BUY 10 RTM1C51 @ 0.05 -> order_id=12116
2026-02-07 17:37:40,014 [INFO] rit_api: LIMIT SELL 10 RTM1C54 @ 0.01 -> order_id=12148
2026-02-07 17:37:40,072 [INFO] rit_api: LIMIT SELL 10 RTM1P45 @ 0.01 -> order_id=12149
2026-02-07 17:37:40,133 [INFO] rit_api: LIMIT SELL 10 RTM1C53 @ 0.01 -> order_id=12150
2026-02-07 17:37:40,209 [INFO] rit_api: LIMIT SELL 10 RTM1P46 @ 0.01 -> order_id=12193
2026-02-07 17:37:40,802 [INFO] rit_api: LIMIT SELL 10 RTM1P45 @ 0.01 -> order_id=12196
2026-02-07 17:37:40,864 [INFO] rit_api: LIMIT SELL 10 RTM1C54 @ 0.01 -> order_id=12197
2026-02-07 17:37:40,921 [INFO] rit_api: LIMIT BUY 10 RTM1C52 @ 0.03 -> order_id=12198
2026-02-07 17:37:40,979 [INFO] rit_api: LIMIT BUY 10 RTM1P47 @ 0.03 -> order_id=12199
2026-02-07 17:37:41,555 [INFO] rit_api: LIMIT BUY 10 RTM1P47 @ 0.03 -> order_id=12242
2026-02-07 17:37:41,611 [INFO] rit_api: LIMIT SELL 10 RTM1P45 @ 0.01 -> order_id=12243
2026-02-07 17:37:41,672 [INFO] rit_api: LIMIT SELL 10 RTM1C54 @ 0.01 -> order_id=12244
2026-02-07 17:37:41,729 [INFO] rit_api: LIMIT SELL 10 RTM1C53 @ 0.01 -> order_id=12245
2026-02-07 17:37:42,326 [INFO] rit_api: LIMIT SELL 10 RTM1C54 @ 0.01 -> order_id=12289
2026-02-07 17:37:42,387 [INFO] rit_api: LIMIT SELL 10 RTM1P45 @ 0.01 -> order_id=12291
2026-02-07 17:37:42,445 [INFO] rit_api: LIMIT SELL 10 RTM1C53 @ 0.01 -> order_id=12292
2026-02-07 17:37:42,501 [INFO] rit_api: LIMIT BUY 10 RTM1P47 @ 0.04 -> order_id=12293
2026-02-07 17:37:43,354 [INFO] rit_api: LIMIT SELL 10 RTM1C54 @ 0.01 -> order_id=12336
2026-02-07 17:37:43,411 [INFO] rit_api: LIMIT SELL 10 RTM1P45 @ 0.01 -> order_id=12337
2026-02-07 17:37:43,468 [INFO] rit_api: LIMIT SELL 10 RTM1C53 @ 0.01 -> order_id=12338
2026-02-07 17:37:43,525 [INFO] rit_api: LIMIT SELL 10 RTM1C52 @ 0.01 -> order_id=12339
2026-02-07 17:37:44,356 [INFO] rit_api: LIMIT SELL 10 RTM1C54 @ 0.01 -> order_id=12384
2026-02-07 17:37:44,417 [INFO] rit_api: LIMIT SELL 10 RTM1C53 @ 0.01 -> order_id=12385
2026-02-07 17:37:44,475 [INFO] rit_api: LIMIT SELL 10 RTM1P45 @ 0.01 -> order_id=12386
2026-02-07 17:37:44,557 [INFO] rit_api: LIMIT SELL 10 RTM1C52 @ 0.01 -> order_id=12387
2026-02-07 17:37:45,388 [INFO] rit_api: LIMIT SELL 10 RTM1C54 @ 0.01 -> order_id=12430
2026-02-07 17:37:45,444 [INFO] rit_api: LIMIT SELL 10 RTM1P45 @ 0.01 -> order_id=12431
2026-02-07 17:37:45,502 [INFO] rit_api: LIMIT SELL 10 RTM1C53 @ 0.01 -> order_id=12432
2026-02-07 17:37:45,560 [INFO] rit_api: LIMIT SELL 10 RTM1P46 @ 0.01 -> order_id=12433
2026-02-07 17:37:46,392 [INFO] rit_api: LIMIT SELL 10 RTM1C54 @ 0.01 -> order_id=12476
2026-02-07 17:37:46,451 [INFO] rit_api: LIMIT SELL 10 RTM1P45 @ 0.01 -> order_id=12477
2026-02-07 17:37:46,544 [INFO] rit_api: LIMIT SELL 10 RTM1C53 @ 0.01 -> order_id=12478
2026-02-07 17:37:46,604 [INFO] rit_api: LIMIT SELL 10 RTM1P46 @ 0.01 -> order_id=12479
2026-02-07 17:37:47,434 [INFO] rit_api: LIMIT SELL 10 RTM1P45 @ 0.01 -> order_id=12522
2026-02-07 17:37:47,492 [INFO] rit_api: LIMIT SELL 10 RTM1C54 @ 0.01 -> order_id=12523
2026-02-07 17:37:47,548 [INFO] rit_api: LIMIT SELL 10 RTM1C53 @ 0.01 -> order_id=12524
2026-02-07 17:37:47,606 [INFO] rit_api: LIMIT SELL 10 RTM1P46 @ 0.01 -> order_id=12525
2026-02-07 17:37:48,433 [INFO] rit_api: LIMIT SELL 10 RTM1C53 @ 0.01 -> order_id=12568
2026-02-07 17:37:48,490 [INFO] rit_api: LIMIT SELL 10 RTM1P46 @ 0.01 -> order_id=12569
2026-02-07 17:37:48,559 [INFO] rit_api: LIMIT SELL 10 RTM1C52 @ 0.01 -> order_id=12570
2026-02-07 17:37:48,616 [INFO] rit_api: LIMIT BUY 10 RTM1P47 @ 0.04 -> order_id=12571
2026-02-07 17:37:49,447 [INFO] rit_api: LIMIT SELL 10 RTM1C52 @ 0.01 -> order_id=12614
2026-02-07 17:37:49,505 [INFO] rit_api: LIMIT SELL 10 RTM1P46 @ 0.01 -> order_id=12615
2026-02-07 17:37:49,576 [INFO] rit_api: LIMIT BUY 10 RTM1P47 @ 0.05 -> order_id=12616
2026-02-07 17:37:49,633 [INFO] rit_api: LIMIT BUY 10 RTM1P48 @ 0.20 -> order_id=12617
2026-02-07 17:37:50,460 [INFO] rit_api: MARKET BUY 100 RTM1P45 -> order_id=12660
2026-02-07 17:37:50,516 [INFO] rit_api: MARKET BUY 60 RTM1P46 -> order_id=12661
2026-02-07 17:37:50,586 [INFO] rit_api: MARKET SELL 50 RTM1P47 -> order_id=12662
2026-02-07 17:37:50,651 [INFO] rit_api: MARKET SELL 10 RTM1P48 -> order_id=12663
2026-02-07 17:37:50,710 [INFO] rit_api: MARKET SELL 10 RTM1C51 -> order_id=12664
2026-02-07 17:37:50,766 [INFO] rit_api: MARKET BUY 30 RTM1C52 -> order_id=12665
2026-02-07 17:37:50,824 [INFO] rit_api: MARKET BUY 100 RTM1C53 -> order_id=12666
2026-02-07 17:37:50,881 [INFO] rit_api: MARKET BUY 100 RTM1C54 -> order_id=12667
2026-02-07 17:39:53,532 [INFO] news_parser: NEWS: Delta limit = 8000
2026-02-07 17:39:53,532 [INFO] news_parser: NEWS: Penalty rate = 3.00%
2026-02-07 17:40:28,352 [INFO] news_parser: NEWS: Forecast vol next week = 31.0% - 36.0%
