2026-02-15 17:04:30,031 [INFO] news_parser: NEWS: Current realized vol = 39.0% (history: ['39%']) [NOW USING REALIZED]
2026-02-15 17:04:30,031 [INFO] news_parser: NEWS: Delta limit = 9000
2026-02-15 17:04:30,031 [INFO] news_parser: NEWS: Penalty rate = 3.00%
2026-02-15 17:04:30,034 [INFO] trading_engine: WEEK 1 positioning tick 2
2026-02-15 17:04:30,034 [INFO] trading_engine: Immediate positioning at week 1 tick 2
2026-02-15 17:04:30,037 [INFO] optimizer: ============================================================
2026-02-15 17:04:30,037 [INFO] optimizer: OPTIMIZER RESULT: n*=1250 LONG straddles @ strike 50
2026-02-15 17:04:30,038 [INFO] optimizer:   Expected profit: $22370.47
2026-02-15 17:04:30,038 [INFO] optimizer:   Gain/contract: $26.9242 | Pos cost/contract: $4.0200
2026-02-15 17:04:30,038 [INFO] optimizer:   Rebalancing cost: $6259.78 | Z=0.50
2026-02-15 17:04:30,038 [INFO] optimizer:   Inputs: S0=49.69 sigma=0.3900 sigma_hat=0.2701 L=9000 Gamma=14.3103
2026-02-15 17:04:30,038 [INFO] optimizer:   Spreads: Bo=0.0400 Bs=0.0200 T=0.019231
2026-02-15 17:04:30,039 [INFO] optimizer: ============================================================
2026-02-15 17:04:30,105 [INFO] rit_api: MARKET BUY 100 RTM1C50 -> order_id=92
2026-02-15 17:04:30,163 [INFO] rit_api: MARKET BUY 100 RTM1P50 -> order_id=95
2026-02-15 17:04:30,222 [INFO] rit_api: MARKET BUY 100 RTM1C50 -> order_id=98
2026-02-15 17:04:30,283 [INFO] rit_api: MARKET BUY 100 RTM1P50 -> order_id=102
2026-02-15 17:04:30,342 [INFO] rit_api: MARKET BUY 100 RTM1C50 -> order_id=105
2026-02-15 17:04:30,400 [INFO] rit_api: MARKET BUY 100 RTM1P50 -> order_id=108
2026-02-15 17:04:30,458 [INFO] rit_api: MARKET BUY 100 RTM1C50 -> order_id=110
2026-02-15 17:04:30,516 [INFO] rit_api: MARKET BUY 100 RTM1P50 -> order_id=113
2026-02-15 17:04:30,574 [INFO] rit_api: MARKET BUY 100 RTM1C50 -> order_id=116
2026-02-15 17:04:30,631 [INFO] rit_api: MARKET BUY 100 RTM1P50 -> order_id=119
2026-02-15 17:04:30,632 [WARNING] trading_engine: Net limit approaching (1100), stopping
2026-02-15 17:04:30,632 [WARNING] trading_engine: Call leg failed, stopping straddle build
2026-02-15 17:04:30,632 [INFO] trading_engine: STRADDLE BUY 500/1250 @ K=50: 10 orders (500C+500P filled)
2026-02-15 17:04:30,633 [INFO] trading_engine: POSITIONED: 1250 LONG straddles @ 50 (week 1, expected $22370)
2026-02-15 17:04:47,075 [INFO] rit_api: MARKET BUY 9859 RTM -> order_id=1340
2026-02-15 17:04:47,076 [INFO] trading_engine: HEDGE BUY 9859 RTM | delta -9859 -> ~0 | target -0 (0% of limit 9000) | trigger 88%
2026-02-15 17:05:00,115 [INFO] rit_api: MARKET SELL 9725 RTM -> order_id=2159
2026-02-15 17:05:00,115 [INFO] trading_engine: HEDGE SELL 9725 RTM | delta 9725 -> ~0 | target 0 (0% of limit 9000) | trigger 88%
2026-02-15 17:05:03,106 [INFO] rit_api: MARKET SELL 13 RTM1C50 -> order_id=2288
2026-02-15 17:05:03,166 [INFO] rit_api: MARKET SELL 13 RTM1P50 -> order_id=2289
2026-02-15 17:05:03,166 [INFO] trading_engine: Scheduled close week 1 tick 35 (window 35-74), trades=2
2026-02-15 17:05:04,021 [INFO] news_parser: NEWS: Current realized vol = 39.0% (history: ['39%', '39%']) [NOW USING REALIZED]
2026-02-15 17:05:04,021 [INFO] news_parser: NEWS: Forecast vol next week = 39.0% - 44.0% (mid=41.5%) [NOW USING FORECAST]
2026-02-15 17:05:04,082 [INFO] rit_api: MARKET SELL 13 RTM1C50 -> order_id=2332
2026-02-15 17:05:04,142 [INFO] rit_api: MARKET SELL 13 RTM1P50 -> order_id=2333
2026-02-15 17:05:04,142 [INFO] trading_engine: Scheduled close week 1 tick 36 (window 35-74), trades=2
2026-02-15 17:05:05,114 [INFO] rit_api: MARKET SELL 13 RTM1C50 -> order_id=2376
2026-02-15 17:05:05,173 [INFO] rit_api: MARKET SELL 13 RTM1P50 -> order_id=2377
2026-02-15 17:05:05,174 [INFO] trading_engine: Scheduled close week 1 tick 37 (window 35-74), trades=2
2026-02-15 17:05:06,143 [INFO] rit_api: MARKET SELL 13 RTM1C50 -> order_id=2421
2026-02-15 17:05:06,208 [INFO] rit_api: MARKET SELL 13 RTM1P50 -> order_id=2422
2026-02-15 17:05:06,209 [INFO] trading_engine: Scheduled close week 1 tick 38 (window 35-74), trades=2
2026-02-15 17:05:07,117 [INFO] rit_api: MARKET SELL 13 RTM1C50 -> order_id=2466
2026-02-15 17:05:07,180 [INFO] rit_api: MARKET SELL 13 RTM1P50 -> order_id=2467
2026-02-15 17:05:07,181 [INFO] trading_engine: Scheduled close week 1 tick 39 (window 35-74), trades=2
2026-02-15 17:05:08,111 [INFO] rit_api: MARKET SELL 13 RTM1C50 -> order_id=2510
2026-02-15 17:05:08,171 [INFO] rit_api: MARKET SELL 13 RTM1P50 -> order_id=2511
2026-02-15 17:05:08,171 [INFO] trading_engine: Scheduled close week 1 tick 40 (window 35-74), trades=2
2026-02-15 17:05:09,142 [INFO] rit_api: MARKET SELL 13 RTM1C50 -> order_id=2561
2026-02-15 17:05:09,202 [INFO] rit_api: MARKET SELL 13 RTM1P50 -> order_id=2583
2026-02-15 17:05:09,202 [INFO] trading_engine: Scheduled close week 1 tick 41 (window 35-74), trades=2
2026-02-15 17:05:10,123 [INFO] rit_api: MARKET SELL 13 RTM1C50 -> order_id=2652
2026-02-15 17:05:10,184 [INFO] rit_api: MARKET SELL 13 RTM1P50 -> order_id=2653
2026-02-15 17:05:10,184 [INFO] trading_engine: Scheduled close week 1 tick 42 (window 35-74), trades=2
2026-02-15 17:05:11,156 [INFO] rit_api: MARKET SELL 13 RTM1C50 -> order_id=2696
2026-02-15 17:05:11,214 [INFO] rit_api: MARKET SELL 13 RTM1P50 -> order_id=2697
2026-02-15 17:05:11,215 [INFO] trading_engine: Scheduled close week 1 tick 43 (window 35-74), trades=2
2026-02-15 17:05:12,128 [INFO] rit_api: MARKET SELL 13 RTM1C50 -> order_id=2741
2026-02-15 17:05:12,188 [INFO] rit_api: MARKET SELL 13 RTM1P50 -> order_id=2742
2026-02-15 17:05:12,188 [INFO] trading_engine: Scheduled close week 1 tick 44 (window 35-74), trades=2
2026-02-15 17:05:13,143 [INFO] rit_api: MARKET SELL 13 RTM1C50 -> order_id=2785
2026-02-15 17:05:13,205 [INFO] rit_api: MARKET SELL 13 RTM1P50 -> order_id=2786
2026-02-15 17:05:13,205 [INFO] trading_engine: Scheduled close week 1 tick 45 (window 35-74), trades=2
2026-02-15 17:05:14,164 [INFO] rit_api: MARKET SELL 13 RTM1C50 -> order_id=2846
2026-02-15 17:05:14,223 [INFO] rit_api: MARKET SELL 13 RTM1P50 -> order_id=2870
2026-02-15 17:05:14,223 [INFO] trading_engine: Scheduled close week 1 tick 46 (window 35-74), trades=2
2026-02-15 17:05:15,139 [INFO] rit_api: MARKET SELL 13 RTM1C50 -> order_id=2927
2026-02-15 17:05:15,198 [INFO] rit_api: MARKET SELL 13 RTM1P50 -> order_id=2928
2026-02-15 17:05:15,199 [INFO] trading_engine: Scheduled close week 1 tick 47 (window 35-74), trades=2
2026-02-15 17:05:16,171 [INFO] rit_api: MARKET SELL 13 RTM1C50 -> order_id=2971
2026-02-15 17:05:16,230 [INFO] rit_api: MARKET SELL 13 RTM1P50 -> order_id=2972
2026-02-15 17:05:16,230 [INFO] trading_engine: Scheduled close week 1 tick 48 (window 35-74), trades=2
2026-02-15 17:05:17,146 [INFO] rit_api: MARKET SELL 13 RTM1C50 -> order_id=3017
2026-02-15 17:05:17,206 [INFO] rit_api: MARKET SELL 13 RTM1P50 -> order_id=3019
2026-02-15 17:05:17,206 [INFO] trading_engine: Scheduled close week 1 tick 49 (window 35-74), trades=2
2026-02-15 17:05:18,168 [INFO] rit_api: MARKET SELL 13 RTM1C50 -> order_id=3064
2026-02-15 17:05:18,228 [INFO] rit_api: MARKET SELL 13 RTM1P50 -> order_id=3065
2026-02-15 17:05:18,228 [INFO] trading_engine: Scheduled close week 1 tick 50 (window 35-74), trades=2
2026-02-15 17:05:19,198 [INFO] rit_api: MARKET SELL 13 RTM1C50 -> order_id=3108
2026-02-15 17:05:19,258 [INFO] rit_api: MARKET SELL 13 RTM1P50 -> order_id=3109
2026-02-15 17:05:19,258 [INFO] trading_engine: Scheduled close week 1 tick 51 (window 35-74), trades=2
2026-02-15 17:05:20,178 [INFO] rit_api: MARKET SELL 13 RTM1C50 -> order_id=3154
2026-02-15 17:05:20,236 [INFO] rit_api: MARKET SELL 13 RTM1P50 -> order_id=3155
2026-02-15 17:05:20,237 [INFO] trading_engine: Scheduled close week 1 tick 52 (window 35-74), trades=2
2026-02-15 17:05:21,210 [INFO] rit_api: MARKET SELL 13 RTM1C50 -> order_id=3198
2026-02-15 17:05:21,268 [INFO] rit_api: MARKET SELL 13 RTM1P50 -> order_id=3199
2026-02-15 17:05:21,269 [INFO] trading_engine: Scheduled close week 1 tick 53 (window 35-74), trades=2
2026-02-15 17:05:22,189 [INFO] rit_api: MARKET SELL 13 RTM1C50 -> order_id=3245
2026-02-15 17:05:22,248 [INFO] rit_api: MARKET SELL 13 RTM1P50 -> order_id=3246
2026-02-15 17:05:22,248 [INFO] trading_engine: Scheduled close week 1 tick 54 (window 35-74), trades=2
2026-02-15 17:05:23,211 [INFO] rit_api: MARKET SELL 12 RTM1C50 -> order_id=3291
2026-02-15 17:05:23,269 [INFO] rit_api: MARKET SELL 12 RTM1P50 -> order_id=3293
2026-02-15 17:05:23,270 [INFO] trading_engine: Scheduled close week 1 tick 55 (window 35-74), trades=2
2026-02-15 17:05:24,226 [INFO] rit_api: MARKET SELL 12 RTM1C50 -> order_id=3336
2026-02-15 17:05:24,285 [INFO] rit_api: MARKET SELL 12 RTM1P50 -> order_id=3337
2026-02-15 17:05:24,285 [INFO] trading_engine: Scheduled close week 1 tick 56 (window 35-74), trades=2
2026-02-15 17:05:25,198 [INFO] rit_api: MARKET SELL 12 RTM1C50 -> order_id=3382
2026-02-15 17:05:25,257 [INFO] rit_api: MARKET SELL 12 RTM1P50 -> order_id=3383
2026-02-15 17:05:25,258 [INFO] trading_engine: Scheduled close week 1 tick 57 (window 35-74), trades=2
2026-02-15 17:05:26,212 [INFO] rit_api: MARKET SELL 12 RTM1C50 -> order_id=3431
2026-02-15 17:05:26,270 [INFO] rit_api: MARKET SELL 12 RTM1P50 -> order_id=3452
2026-02-15 17:05:26,270 [INFO] trading_engine: Scheduled close week 1 tick 58 (window 35-74), trades=2
2026-02-15 17:05:27,227 [INFO] rit_api: MARKET SELL 12 RTM1C50 -> order_id=3525
2026-02-15 17:05:27,285 [INFO] rit_api: MARKET SELL 12 RTM1P50 -> order_id=3526
2026-02-15 17:05:27,286 [INFO] trading_engine: Scheduled close week 1 tick 59 (window 35-74), trades=2
2026-02-15 17:05:28,242 [INFO] rit_api: MARKET SELL 12 RTM1C50 -> order_id=3644
2026-02-15 17:05:28,300 [INFO] rit_api: MARKET SELL 12 RTM1P50 -> order_id=3647
2026-02-15 17:05:28,300 [INFO] trading_engine: Scheduled close week 1 tick 60 (window 35-74), trades=2
2026-02-15 17:05:29,257 [INFO] rit_api: MARKET SELL 12 RTM1C50 -> order_id=3714
2026-02-15 17:05:29,317 [INFO] rit_api: MARKET SELL 12 RTM1P50 -> order_id=3717
2026-02-15 17:05:29,317 [INFO] trading_engine: Scheduled close week 1 tick 61 (window 35-74), trades=2
2026-02-15 17:05:30,234 [INFO] rit_api: MARKET SELL 12 RTM1C50 -> order_id=3833
2026-02-15 17:05:30,294 [INFO] rit_api: MARKET SELL 12 RTM1P50 -> order_id=3836
2026-02-15 17:05:30,294 [INFO] trading_engine: Scheduled close week 1 tick 62 (window 35-74), trades=2
2026-02-15 17:05:31,263 [INFO] rit_api: MARKET SELL 12 RTM1C50 -> order_id=3884
2026-02-15 17:05:31,322 [INFO] rit_api: MARKET SELL 12 RTM1P50 -> order_id=3885
2026-02-15 17:05:31,322 [INFO] trading_engine: Scheduled close week 1 tick 63 (window 35-74), trades=2
2026-02-15 17:05:32,279 [INFO] rit_api: MARKET SELL 12 RTM1C50 -> order_id=3928
2026-02-15 17:05:32,339 [INFO] rit_api: MARKET SELL 12 RTM1P50 -> order_id=3930
2026-02-15 17:05:32,340 [INFO] trading_engine: Scheduled close week 1 tick 64 (window 35-74), trades=2
2026-02-15 17:05:33,262 [INFO] rit_api: MARKET SELL 12 RTM1C50 -> order_id=3998
2026-02-15 17:05:33,325 [INFO] rit_api: MARKET SELL 12 RTM1P50 -> order_id=3999
2026-02-15 17:05:33,326 [INFO] trading_engine: Scheduled close week 1 tick 65 (window 35-74), trades=2
2026-02-15 17:05:34,294 [INFO] rit_api: MARKET SELL 12 RTM1C50 -> order_id=4112
2026-02-15 17:05:34,358 [INFO] rit_api: MARKET SELL 12 RTM1P50 -> order_id=4134
2026-02-15 17:05:34,359 [INFO] trading_engine: Scheduled close week 1 tick 66 (window 35-74), trades=2
2026-02-15 17:05:35,281 [INFO] rit_api: MARKET SELL 12 RTM1C50 -> order_id=4207
2026-02-15 17:05:35,344 [INFO] rit_api: MARKET SELL 12 RTM1P50 -> order_id=4208
2026-02-15 17:05:35,345 [INFO] trading_engine: Scheduled close week 1 tick 67 (window 35-74), trades=2
2026-02-15 17:05:36,264 [INFO] rit_api: MARKET SELL 12 RTM1C50 -> order_id=4252
2026-02-15 17:05:36,323 [INFO] rit_api: MARKET SELL 12 RTM1P50 -> order_id=4253
2026-02-15 17:05:36,324 [INFO] trading_engine: Scheduled close week 1 tick 68 (window 35-74), trades=2
2026-02-15 17:05:37,289 [INFO] rit_api: MARKET SELL 12 RTM1C50 -> order_id=4296
2026-02-15 17:05:37,348 [INFO] rit_api: MARKET SELL 12 RTM1P50 -> order_id=4297
2026-02-15 17:05:37,349 [INFO] trading_engine: Scheduled close week 1 tick 69 (window 35-74), trades=2
2026-02-15 17:05:38,272 [INFO] rit_api: MARKET SELL 12 RTM1C50 -> order_id=4341
2026-02-15 17:05:38,331 [INFO] rit_api: MARKET SELL 12 RTM1P50 -> order_id=4342
2026-02-15 17:05:38,332 [INFO] trading_engine: Scheduled close week 1 tick 70 (window 35-74), trades=2
2026-02-15 17:05:39,306 [INFO] rit_api: MARKET SELL 12 RTM1C50 -> order_id=4413
2026-02-15 17:05:39,366 [INFO] rit_api: MARKET SELL 12 RTM1P50 -> order_id=4435
2026-02-15 17:05:39,367 [INFO] trading_engine: Scheduled close week 1 tick 71 (window 35-74), trades=2
2026-02-15 17:05:40,292 [INFO] rit_api: MARKET SELL 12 RTM1C50 -> order_id=4534
2026-02-15 17:05:40,352 [INFO] rit_api: MARKET SELL 12 RTM1P50 -> order_id=4535
2026-02-15 17:05:40,352 [INFO] trading_engine: Scheduled close week 1 tick 72 (window 35-74), trades=2
2026-02-15 17:05:41,322 [INFO] rit_api: MARKET SELL 12 RTM1C50 -> order_id=4578
2026-02-15 17:05:41,383 [INFO] rit_api: MARKET SELL 12 RTM1P50 -> order_id=4579
2026-02-15 17:05:41,384 [INFO] trading_engine: Scheduled close week 1 tick 73 (window 35-74), trades=2
2026-02-15 17:05:42,311 [INFO] rit_api: MARKET SELL 12 RTM1C50 -> order_id=4647
2026-02-15 17:05:42,370 [INFO] rit_api: MARKET SELL 12 RTM1P50 -> order_id=4649
2026-02-15 17:05:42,370 [INFO] trading_engine: Scheduled close week 1 tick 74 (window 35-74), trades=2
2026-02-15 17:05:43,274 [INFO] news_parser: NEWS: Current realized vol = 43.0% (history: ['39%', '39%', '43%']) [NOW USING REALIZED]
2026-02-15 17:05:48,378 [INFO] trading_engine: CLOSE: cancel phase - waiting for cancels to settle
2026-02-15 17:05:53,389 [WARNING] trading_engine: Could not fully flatten after 10 ticks, going IDLE (not repositioning)
2026-02-15 17:06:19,435 [INFO] trading_engine: Scheduled close week 2 tick 111 (window 111-149), trades=0
2026-02-15 17:06:20,439 [INFO] news_parser: NEWS: Current realized vol = 30.0% (history: ['39%', '39%', '43%', '30%']) [NOW USING REALIZED]
2026-02-15 17:06:20,440 [INFO] news_parser: NEWS: Forecast vol next week = 30.0% - 35.0% (mid=32.5%) [NOW USING FORECAST]
2026-02-15 17:06:20,442 [INFO] trading_engine: Scheduled close week 2 tick 112 (window 111-149), trades=0
2026-02-15 17:06:21,456 [INFO] trading_engine: Scheduled close week 2 tick 113 (window 111-149), trades=0
2026-02-15 17:06:22,461 [INFO] trading_engine: Scheduled close week 2 tick 114 (window 111-149), trades=0
2026-02-15 17:06:23,468 [INFO] trading_engine: Scheduled close week 2 tick 115 (window 111-149), trades=0
2026-02-15 17:06:24,479 [INFO] trading_engine: Scheduled close week 2 tick 116 (window 111-149), trades=0
2026-02-15 17:06:25,485 [INFO] trading_engine: Scheduled close week 2 tick 117 (window 111-149), trades=0
2026-02-15 17:06:26,493 [INFO] trading_engine: Scheduled close week 2 tick 118 (window 111-149), trades=0
2026-02-15 17:06:27,456 [INFO] trading_engine: Scheduled close week 2 tick 119 (window 111-149), trades=0
2026-02-15 17:06:28,513 [INFO] trading_engine: Scheduled close week 2 tick 120 (window 111-149), trades=0
2026-02-15 17:06:29,515 [INFO] trading_engine: Scheduled close week 2 tick 121 (window 111-149), trades=0
2026-02-15 17:06:30,531 [INFO] trading_engine: Scheduled close week 2 tick 122 (window 111-149), trades=0
2026-02-15 17:06:31,491 [INFO] trading_engine: Scheduled close week 2 tick 123 (window 111-149), trades=0
2026-02-15 17:06:32,501 [INFO] trading_engine: Scheduled close week 2 tick 124 (window 111-149), trades=0
2026-02-15 17:06:33,506 [INFO] trading_engine: Scheduled close week 2 tick 125 (window 111-149), trades=0
2026-02-15 17:06:34,507 [INFO] trading_engine: Scheduled close week 2 tick 126 (window 111-149), trades=0
2026-02-15 17:06:35,557 [INFO] trading_engine: Scheduled close week 2 tick 127 (window 111-149), trades=0
2026-02-15 17:06:36,552 [INFO] trading_engine: Scheduled close week 2 tick 128 (window 111-149), trades=0
2026-02-15 17:06:37,600 [INFO] trading_engine: Scheduled close week 2 tick 129 (window 111-149), trades=0
2026-02-15 17:06:38,559 [INFO] trading_engine: Scheduled close week 2 tick 130 (window 111-149), trades=0
2026-02-15 17:06:39,527 [INFO] trading_engine: Scheduled close week 2 tick 131 (window 111-149), trades=0
2026-02-15 17:06:40,539 [INFO] trading_engine: Scheduled close week 2 tick 132 (window 111-149), trades=0
2026-02-15 17:06:41,553 [INFO] trading_engine: Scheduled close week 2 tick 133 (window 111-149), trades=0
2026-02-15 17:06:42,563 [INFO] trading_engine: Scheduled close week 2 tick 134 (window 111-149), trades=0
2026-02-15 17:06:43,572 [INFO] trading_engine: Scheduled close week 2 tick 135 (window 111-149), trades=0
2026-02-15 17:06:44,583 [INFO] trading_engine: Scheduled close week 2 tick 136 (window 111-149), trades=0
2026-02-15 17:06:45,588 [INFO] trading_engine: Scheduled close week 2 tick 137 (window 111-149), trades=0
2026-02-15 17:06:46,599 [INFO] trading_engine: Scheduled close week 2 tick 138 (window 111-149), trades=0
2026-02-15 17:06:47,610 [INFO] trading_engine: Scheduled close week 2 tick 139 (window 111-149), trades=0
2026-02-15 17:06:48,620 [INFO] trading_engine: Scheduled close week 2 tick 140 (window 111-149), trades=0
2026-02-15 17:06:49,584 [INFO] trading_engine: Scheduled close week 2 tick 141 (window 111-149), trades=0
2026-02-15 17:06:50,594 [INFO] trading_engine: Scheduled close week 2 tick 142 (window 111-149), trades=0
2026-02-15 17:06:51,602 [INFO] trading_engine: Scheduled close week 2 tick 143 (window 111-149), trades=0
2026-02-15 17:06:52,615 [INFO] trading_engine: Scheduled close week 2 tick 144 (window 111-149), trades=0
2026-02-15 17:06:53,623 [INFO] trading_engine: Scheduled close week 2 tick 145 (window 111-149), trades=0
2026-02-15 17:06:54,621 [INFO] trading_engine: Scheduled close week 2 tick 146 (window 111-149), trades=0
2026-02-15 17:06:55,623 [INFO] trading_engine: Scheduled close week 2 tick 147 (window 111-149), trades=0
2026-02-15 17:06:56,624 [INFO] trading_engine: Scheduled close week 2 tick 148 (window 111-149), trades=0
2026-02-15 17:06:57,627 [INFO] trading_engine: Scheduled close week 2 tick 149 (window 111-149), trades=0
2026-02-15 17:06:58,639 [INFO] news_parser: NEWS: Current realized vol = 34.0% (history: ['39%', '39%', '43%', '30%', '34%']) [NOW USING REALIZED]
2026-02-15 17:06:58,698 [WARNING] trading_engine: Could not fully flatten after 10 ticks, going IDLE (not repositioning)
2026-02-15 17:07:34,861 [INFO] trading_engine: Scheduled close week 3 tick 186 (window 186-224), trades=0
2026-02-15 17:07:35,854 [INFO] news_parser: NEWS: Current realized vol = 33.0% (history: ['39%', '39%', '43%', '30%', '34%', '33%']) [NOW USING REALIZED]
2026-02-15 17:07:35,854 [INFO] news_parser: NEWS: Forecast vol next week = 33.0% - 38.0% (mid=35.5%) [NOW USING FORECAST]
2026-02-15 17:07:35,856 [INFO] trading_engine: Scheduled close week 3 tick 187 (window 186-224), trades=0
2026-02-15 17:07:36,858 [INFO] trading_engine: Scheduled close week 3 tick 188 (window 186-224), trades=0
2026-02-15 17:07:37,860 [INFO] trading_engine: Scheduled close week 3 tick 189 (window 186-224), trades=0
2026-02-15 17:07:38,862 [INFO] trading_engine: Scheduled close week 3 tick 190 (window 186-224), trades=0
2026-02-15 17:07:39,872 [INFO] trading_engine: Scheduled close week 3 tick 191 (window 186-224), trades=0
2026-02-15 17:07:40,884 [INFO] trading_engine: Scheduled close week 3 tick 192 (window 186-224), trades=0
2026-02-15 17:07:41,890 [INFO] trading_engine: Scheduled close week 3 tick 193 (window 186-224), trades=0
2026-02-15 17:07:42,901 [INFO] trading_engine: Scheduled close week 3 tick 194 (window 186-224), trades=0
2026-02-15 17:07:43,909 [INFO] trading_engine: Scheduled close week 3 tick 195 (window 186-224), trades=0
2026-02-15 17:07:44,918 [INFO] trading_engine: Scheduled close week 3 tick 196 (window 186-224), trades=0
2026-02-15 17:07:45,930 [INFO] trading_engine: Scheduled close week 3 tick 197 (window 186-224), trades=0
2026-02-15 17:07:46,935 [INFO] trading_engine: Scheduled close week 3 tick 198 (window 186-224), trades=0
2026-02-15 17:07:47,932 [INFO] trading_engine: Scheduled close week 3 tick 199 (window 186-224), trades=0
2026-02-15 17:07:48,975 [INFO] trading_engine: Scheduled close week 3 tick 200 (window 186-224), trades=0
2026-02-15 17:07:49,921 [INFO] trading_engine: Scheduled close week 3 tick 201 (window 186-224), trades=0
2026-02-15 17:07:50,928 [INFO] trading_engine: Scheduled close week 3 tick 202 (window 186-224), trades=0
2026-02-15 17:07:51,979 [INFO] trading_engine: Scheduled close week 3 tick 203 (window 186-224), trades=0
2026-02-15 17:07:52,977 [INFO] trading_engine: Scheduled close week 3 tick 204 (window 186-224), trades=0
2026-02-15 17:07:53,982 [INFO] trading_engine: Scheduled close week 3 tick 205 (window 186-224), trades=0
2026-02-15 17:07:54,980 [INFO] trading_engine: Scheduled close week 3 tick 206 (window 186-224), trades=0
2026-02-15 17:07:55,982 [INFO] trading_engine: Scheduled close week 3 tick 207 (window 186-224), trades=0
2026-02-15 17:07:56,983 [INFO] trading_engine: Scheduled close week 3 tick 208 (window 186-224), trades=0
2026-02-15 17:07:57,990 [INFO] trading_engine: Scheduled close week 3 tick 209 (window 186-224), trades=0
2026-02-15 17:07:58,996 [INFO] trading_engine: Scheduled close week 3 tick 210 (window 186-224), trades=0
2026-02-15 17:07:59,991 [INFO] trading_engine: Scheduled close week 3 tick 211 (window 186-224), trades=0
2026-02-15 17:08:00,987 [INFO] trading_engine: Scheduled close week 3 tick 212 (window 186-224), trades=0
2026-02-15 17:08:02,031 [INFO] trading_engine: Scheduled close week 3 tick 213 (window 186-224), trades=0
2026-02-15 17:08:03,032 [INFO] trading_engine: Scheduled close week 3 tick 214 (window 186-224), trades=0
2026-02-15 17:08:04,034 [INFO] trading_engine: Scheduled close week 3 tick 215 (window 186-224), trades=0
2026-02-15 17:08:05,032 [INFO] trading_engine: Scheduled close week 3 tick 216 (window 186-224), trades=0
2026-02-15 17:08:06,034 [INFO] trading_engine: Scheduled close week 3 tick 217 (window 186-224), trades=0
2026-02-15 17:08:07,034 [INFO] trading_engine: Scheduled close week 3 tick 218 (window 186-224), trades=0
2026-02-15 17:08:08,033 [INFO] trading_engine: Scheduled close week 3 tick 219 (window 186-224), trades=0
2026-02-15 17:08:09,035 [INFO] trading_engine: Scheduled close week 3 tick 220 (window 186-224), trades=0
2026-02-15 17:08:10,047 [INFO] trading_engine: Scheduled close week 3 tick 221 (window 186-224), trades=0
2026-02-15 17:08:11,020 [INFO] trading_engine: Scheduled close week 3 tick 222 (window 186-224), trades=0
2026-02-15 17:08:12,037 [INFO] trading_engine: Scheduled close week 3 tick 223 (window 186-224), trades=0
2026-02-15 17:08:13,053 [INFO] trading_engine: Scheduled close week 3 tick 224 (window 186-224), trades=0
2026-02-15 17:08:14,069 [INFO] news_parser: NEWS: Current realized vol = 33.0% (history: ['39%', '39%', '43%', '30%', '34%', '33%', '33%']) [NOW USING REALIZED]
2026-02-15 17:08:14,129 [WARNING] trading_engine: Could not fully flatten after 10 ticks, going IDLE (not repositioning)
2026-02-15 17:08:44,258 [INFO] trading_engine: Scheduled close week 4 tick 255 (window 255-299), trades=0
2026-02-15 17:08:45,275 [INFO] trading_engine: Scheduled close week 4 tick 256 (window 255-299), trades=0
2026-02-15 17:08:46,337 [INFO] trading_engine: Scheduled close week 4 tick 257 (window 255-299), trades=0
2026-02-15 17:08:47,256 [INFO] trading_engine: Scheduled close week 4 tick 258 (window 255-299), trades=0
2026-02-15 17:08:48,279 [INFO] trading_engine: Scheduled close week 4 tick 259 (window 255-299), trades=0
2026-02-15 17:08:49,296 [INFO] trading_engine: Scheduled close week 4 tick 260 (window 255-299), trades=0
2026-02-15 17:08:50,270 [INFO] trading_engine: Scheduled close week 4 tick 261 (window 255-299), trades=0
2026-02-15 17:08:51,292 [INFO] trading_engine: Scheduled close week 4 tick 262 (window 255-299), trades=0
2026-02-15 17:08:52,306 [INFO] trading_engine: Scheduled close week 4 tick 263 (window 255-299), trades=0
2026-02-15 17:08:53,279 [INFO] trading_engine: Scheduled close week 4 tick 264 (window 255-299), trades=0
2026-02-15 17:08:54,299 [INFO] trading_engine: Scheduled close week 4 tick 265 (window 255-299), trades=0
2026-02-15 17:08:55,306 [INFO] trading_engine: Scheduled close week 4 tick 266 (window 255-299), trades=0
2026-02-15 17:08:56,316 [INFO] trading_engine: Scheduled close week 4 tick 267 (window 255-299), trades=0
2026-02-15 17:08:57,287 [INFO] trading_engine: Scheduled close week 4 tick 268 (window 255-299), trades=0
2026-02-15 17:08:58,305 [INFO] trading_engine: Scheduled close week 4 tick 269 (window 255-299), trades=0
2026-02-15 17:08:59,325 [INFO] trading_engine: Scheduled close week 4 tick 270 (window 255-299), trades=0
2026-02-15 17:09:00,288 [INFO] trading_engine: Scheduled close week 4 tick 271 (window 255-299), trades=0
2026-02-15 17:09:01,309 [INFO] trading_engine: Scheduled close week 4 tick 272 (window 255-299), trades=0
2026-02-15 17:09:02,329 [INFO] trading_engine: Scheduled close week 4 tick 273 (window 255-299), trades=0
2026-02-15 17:09:03,305 [INFO] trading_engine: Scheduled close week 4 tick 274 (window 255-299), trades=0
2026-02-15 17:09:04,310 [INFO] trading_engine: Scheduled close week 4 tick 275 (window 255-299), trades=0
2026-02-15 17:09:05,377 [INFO] trading_engine: Scheduled close week 4 tick 276 (window 255-299), trades=0
2026-02-15 17:09:06,342 [INFO] trading_engine: Scheduled close week 4 tick 277 (window 255-299), trades=0
2026-02-15 17:09:07,360 [INFO] trading_engine: Scheduled close week 4 tick 278 (window 255-299), trades=0
2026-02-15 17:09:08,333 [INFO] trading_engine: Scheduled close week 4 tick 279 (window 255-299), trades=0
2026-02-15 17:09:09,346 [INFO] trading_engine: Scheduled close week 4 tick 280 (window 255-299), trades=0
2026-02-15 17:09:10,362 [INFO] trading_engine: Scheduled close week 4 tick 281 (window 255-299), trades=0
2026-02-15 17:09:11,377 [INFO] trading_engine: Scheduled close week 4 tick 282 (window 255-299), trades=0
2026-02-15 17:09:12,351 [INFO] trading_engine: Scheduled close week 4 tick 283 (window 255-299), trades=0
2026-02-15 17:09:13,370 [INFO] trading_engine: Scheduled close week 4 tick 284 (window 255-299), trades=0
2026-02-15 17:09:14,378 [INFO] trading_engine: Scheduled close week 4 tick 285 (window 255-299), trades=0
2026-02-15 17:09:15,391 [INFO] trading_engine: Scheduled close week 4 tick 286 (window 255-299), trades=0
2026-02-15 17:09:16,407 [INFO] trading_engine: Scheduled close week 4 tick 287 (window 255-299), trades=0
2026-02-15 17:09:17,362 [INFO] trading_engine: Scheduled close week 4 tick 288 (window 255-299), trades=0
2026-02-15 17:09:18,414 [INFO] trading_engine: Scheduled close week 4 tick 289 (window 255-299), trades=0
2026-02-15 17:09:19,420 [INFO] trading_engine: Scheduled close week 4 tick 290 (window 255-299), trades=0
2026-02-15 17:09:20,426 [INFO] trading_engine: Scheduled close week 4 tick 291 (window 255-299), trades=0
2026-02-15 17:09:21,428 [INFO] trading_engine: Scheduled close week 4 tick 292 (window 255-299), trades=0
2026-02-15 17:09:22,441 [INFO] trading_engine: Scheduled close week 4 tick 293 (window 255-299), trades=0
2026-02-15 17:09:23,500 [INFO] trading_engine: Scheduled close week 4 tick 294 (window 255-299), trades=0
2026-02-15 17:09:24,449 [INFO] trading_engine: Scheduled close week 4 tick 295 (window 255-299), trades=0
2026-02-15 17:09:25,506 [INFO] trading_engine: Scheduled close week 4 tick 296 (window 255-299), trades=0
2026-02-15 17:09:26,466 [INFO] trading_engine: Scheduled close week 4 tick 297 (window 255-299), trades=0
2026-02-15 17:09:27,497 [INFO] trading_engine: Scheduled close week 4 tick 298 (window 255-299), trades=0
2026-02-15 17:09:28,458 [INFO] trading_engine: Scheduled close week 4 tick 299 (window 255-299), trades=0
2026-02-15 17:09:29,559 [WARNING] rit_api: POST /commands/cancel returned 500: {"code":"INTERNAL_SERVER_ERROR","message":"Simulation is not active."}
2026-02-15 17:09:29,559 [WARNING] trading_engine: Could not fully flatten after 10 ticks, going IDLE (not repositioning)
2026-02-15 17:09:37,679 [ERROR] rit_api: GET /case error: HTTPConnectionPool(host='localhost', port=9999): Read timed out. (read timeout=5)
2026-02-15 17:09:42,688 [ERROR] rit_api: GET /case error: HTTPConnectionPool(host='localhost', port=9999): Read timed out. (read timeout=5)
2026-02-15 17:09:48,201 [ERROR] rit_api: GET /case error: HTTPConnectionPool(host='localhost', port=9999): Read timed out. (read timeout=5)
2026-02-15 17:09:53,726 [WARNING] rit_api: POST /commands/cancel returned 401: {"code":"UNAUTHORIZED","message":"Simulation must be running."}
2026-02-15 17:09:58,729 [ERROR] rit_api: GET /trader error: HTTPConnectionPool(host='localhost', port=9999): Read timed out. (read timeout=5)
