2026-02-18 23:14:11,861 [INFO] news_parser: NEWS: Current realized vol = 16.0% (history: ['16%']) [NOW USING REALIZED]
2026-02-18 23:14:11,861 [INFO] news_parser: NEWS: Delta limit = 7000
2026-02-18 23:14:11,862 [INFO] news_parser: NEWS: Penalty rate = 2.00%
2026-02-18 23:14:11,864 [INFO] trading_engine: WEEK 1 positioning tick 1
2026-02-18 23:14:11,864 [INFO] trading_engine: Immediate positioning at week 1 tick 1
2026-02-18 23:14:11,865 [INFO] trading_engine: No implied vol data, cannot optimize
2026-02-18 23:14:11,865 [INFO] trading_engine: No profitable trade for this week (n*=0)
2026-02-18 23:14:45,564 [INFO] trading_engine: Scheduled close complete week 1 by tick 35
2026-02-18 23:14:46,564 [INFO] news_parser: NEWS: Current realized vol = 21.0% (history: ['16%', '21%']) [NOW USING REALIZED]
2026-02-18 23:14:46,564 [INFO] news_parser: NEWS: Forecast vol next week = 21.0% - 26.0% (mid=23.5%) [NOW USING FORECAST]
2026-02-18 23:14:46,575 [INFO] trading_engine: Scheduled close complete week 1 by tick 36
2026-02-18 23:14:47,573 [INFO] trading_engine: Scheduled close complete week 1 by tick 37
2026-02-18 23:14:48,571 [INFO] trading_engine: Scheduled close complete week 1 by tick 38
2026-02-18 23:14:49,618 [INFO] trading_engine: Scheduled close complete week 1 by tick 39
2026-02-18 23:14:50,611 [INFO] trading_engine: Scheduled close complete week 1 by tick 40
2026-02-18 23:15:24,761 [INFO] trading_engine: WEEK 2 positioning tick 74
2026-02-18 23:15:24,762 [INFO] trading_engine: Immediate positioning at week 2 tick 74
2026-02-18 23:15:24,763 [INFO] optimizer: ============================================================
2026-02-18 23:15:24,764 [INFO] optimizer: OPTIMIZER RESULT: n*=646 LONG straddles @ strike 48
2026-02-18 23:15:24,764 [INFO] optimizer:   Expected profit: $6196.68
2026-02-18 23:15:24,764 [INFO] optimizer:   Gain/contract: $17.8960 | Pos cost/contract: $4.0200
2026-02-18 23:15:24,764 [INFO] optimizer:   Rebalancing cost: $2767.18 | Z=0.39
2026-02-18 23:15:24,764 [INFO] optimizer:   Inputs: S0=48.24 sigma=0.2350 sigma_hat=0.1630 L=7000 Gamma=27.9083
2026-02-18 23:15:24,764 [INFO] optimizer:   Spreads: Bo=0.0400 Bs=0.0200 T=0.019231
2026-02-18 23:15:24,764 [INFO] optimizer: ============================================================
2026-02-18 23:15:24,785 [INFO] rit_api: MARKET BUY 100 RTM1C48 -> order_id=5229
2026-02-18 23:15:24,806 [INFO] rit_api: MARKET BUY 100 RTM1P48 -> order_id=5230
2026-02-18 23:15:24,827 [INFO] rit_api: MARKET BUY 100 RTM1C48 -> order_id=5231
2026-02-18 23:15:24,848 [INFO] rit_api: MARKET BUY 100 RTM1P48 -> order_id=5232
2026-02-18 23:15:24,872 [INFO] rit_api: MARKET BUY 100 RTM1C48 -> order_id=5234
2026-02-18 23:15:24,899 [INFO] rit_api: MARKET BUY 100 RTM1P48 -> order_id=5235
2026-02-18 23:15:24,920 [INFO] rit_api: MARKET BUY 100 RTM1C48 -> order_id=5236
2026-02-18 23:15:24,943 [INFO] rit_api: MARKET BUY 100 RTM1P48 -> order_id=5237
2026-02-18 23:15:24,964 [INFO] rit_api: MARKET BUY 100 RTM1C48 -> order_id=5238
2026-02-18 23:15:24,985 [INFO] rit_api: MARKET BUY 100 RTM1P48 -> order_id=5239
2026-02-18 23:15:25,006 [INFO] rit_api: MARKET SELL 100 RTM1C51 -> order_id=5241
2026-02-18 23:15:25,027 [INFO] rit_api: MARKET SELL 100 RTM1P45 -> order_id=5242
2026-02-18 23:15:25,047 [INFO] rit_api: MARKET BUY 100 RTM1C48 -> order_id=5243
2026-02-18 23:15:25,068 [INFO] rit_api: MARKET BUY 100 RTM1P48 -> order_id=5244
2026-02-18 23:15:25,089 [INFO] rit_api: MARKET SELL 46 RTM1C51 -> order_id=5246
2026-02-18 23:15:25,109 [INFO] rit_api: MARKET SELL 46 RTM1P45 -> order_id=5247
2026-02-18 23:15:25,131 [INFO] rit_api: MARKET BUY 46 RTM1C48 -> order_id=5248
2026-02-18 23:15:25,157 [INFO] rit_api: MARKET BUY 46 RTM1P48 -> order_id=5249
2026-02-18 23:15:25,158 [INFO] trading_engine: STRADDLE BUY 646/646 @ K=48: 18 orders | ATM 646C+646P | WINGS 146C+146P
2026-02-18 23:15:25,158 [INFO] trading_engine: POSITIONED: 646 LONG straddles @ 48 (week 2, expected $6197)
2026-02-18 23:15:25,734 [INFO] news_parser: NEWS: Current realized vol = 24.0% (history: ['16%', '21%', '24%']) [NOW USING REALIZED]
2026-02-18 23:15:25,776 [INFO] rit_api: MARKET SELL 2674 RTM -> order_id=5325
2026-02-18 23:15:25,777 [INFO] trading_engine: HEDGE SELL 2674 RTM | delta 2674 -> ~-0 | target 0 (0% of limit 7000) | interval 1t
2026-02-18 23:15:26,810 [INFO] rit_api: MARKET BUY 465 RTM -> order_id=5431
2026-02-18 23:15:26,811 [INFO] trading_engine: HEDGE BUY 465 RTM | delta -465 -> ~0 | target -0 (0% of limit 7000) | interval 1t
2026-02-18 23:15:27,804 [INFO] rit_api: MARKET SELL 468 RTM -> order_id=5559
2026-02-18 23:15:27,805 [INFO] trading_engine: HEDGE SELL 468 RTM | delta 468 -> ~-0 | target 0 (0% of limit 7000) | interval 1t
2026-02-18 23:15:28,787 [INFO] rit_api: MARKET BUY 467 RTM -> order_id=5650
2026-02-18 23:15:28,788 [INFO] trading_engine: HEDGE BUY 467 RTM | delta -467 -> ~0 | target -0 (0% of limit 7000) | interval 1t
2026-02-18 23:15:29,826 [INFO] rit_api: MARKET SELL 627 RTM -> order_id=5789
2026-02-18 23:15:29,826 [INFO] trading_engine: HEDGE SELL 627 RTM | delta 627 -> ~-0 | target 0 (0% of limit 7000) | interval 1t
2026-02-18 23:15:30,810 [INFO] rit_api: MARKET BUY 2515 RTM -> order_id=5918
2026-02-18 23:15:30,810 [INFO] trading_engine: HEDGE BUY 2515 RTM | delta -2515 -> ~0 | target -0 (0% of limit 7000) | interval 1t
2026-02-18 23:15:31,798 [INFO] rit_api: MARKET BUY 2062 RTM -> order_id=6018
2026-02-18 23:15:31,798 [INFO] trading_engine: HEDGE BUY 2062 RTM | delta -2062 -> ~-0 | target -0 (0% of limit 7000) | interval 1t
2026-02-18 23:15:32,834 [INFO] rit_api: MARKET BUY 6821 RTM -> order_id=6142
2026-02-18 23:15:32,834 [INFO] trading_engine: HEDGE BUY 6821 RTM | delta -6821 -> ~-0 | target -0 (0% of limit 7000) | interval 1t
2026-02-18 23:15:33,822 [INFO] rit_api: MARKET BUY 1286 RTM -> order_id=6245
2026-02-18 23:15:33,822 [INFO] trading_engine: HEDGE BUY 1286 RTM | delta -1286 -> ~0 | target -0 (0% of limit 7000) | interval 1t
2026-02-18 23:15:34,810 [INFO] rit_api: MARKET BUY 2841 RTM -> order_id=6359
2026-02-18 23:15:34,810 [INFO] trading_engine: HEDGE BUY 2841 RTM | delta -2841 -> ~0 | target -0 (0% of limit 7000) | interval 1t
2026-02-18 23:15:35,810 [INFO] rit_api: MARKET BUY 3413 RTM -> order_id=6457
2026-02-18 23:15:35,810 [INFO] trading_engine: HEDGE BUY 3413 RTM | delta -3413 -> ~0 | target -0 (0% of limit 7000) | interval 1t
2026-02-18 23:15:36,848 [INFO] rit_api: MARKET BUY 1553 RTM -> order_id=6543
2026-02-18 23:15:36,848 [INFO] trading_engine: HEDGE BUY 1553 RTM | delta -1553 -> ~0 | target -0 (0% of limit 7000) | interval 1t
2026-02-18 23:15:37,832 [INFO] rit_api: MARKET SELL 2222 RTM -> order_id=6628
2026-02-18 23:15:37,833 [INFO] trading_engine: HEDGE SELL 2222 RTM | delta 2222 -> ~-0 | target 0 (0% of limit 7000) | interval 1t
2026-02-18 23:15:38,821 [INFO] rit_api: MARKET SELL 1032 RTM -> order_id=6750
2026-02-18 23:15:38,822 [INFO] trading_engine: HEDGE SELL 1032 RTM | delta 1032 -> ~0 | target 0 (0% of limit 7000) | interval 1t
2026-02-18 23:15:39,865 [INFO] rit_api: MARKET BUY 508 RTM -> order_id=6917
2026-02-18 23:15:39,865 [INFO] trading_engine: HEDGE BUY 508 RTM | delta -508 -> ~0 | target -0 (0% of limit 7000) | interval 1t
2026-02-18 23:15:40,855 [INFO] rit_api: MARKET SELL 2141 RTM -> order_id=7011
2026-02-18 23:15:40,856 [INFO] trading_engine: HEDGE SELL 2141 RTM | delta 2141 -> ~0 | target 0 (0% of limit 7000) | interval 1t
2026-02-18 23:15:41,844 [INFO] rit_api: MARKET SELL 3946 RTM -> order_id=7098
2026-02-18 23:15:41,844 [INFO] trading_engine: HEDGE SELL 3946 RTM | delta 3946 -> ~0 | target 0 (0% of limit 7000) | interval 1t
2026-02-18 23:15:42,886 [INFO] rit_api: MARKET BUY 191 RTM -> order_id=7209
2026-02-18 23:15:42,886 [INFO] trading_engine: HEDGE BUY 191 RTM | delta -191 -> ~0 | target -0 (0% of limit 7000) | interval 1t
2026-02-18 23:15:43,883 [INFO] rit_api: MARKET BUY 1642 RTM -> order_id=7317
2026-02-18 23:15:43,884 [INFO] trading_engine: HEDGE BUY 1642 RTM | delta -1642 -> ~0 | target -0 (0% of limit 7000) | interval 1t
2026-02-18 23:15:44,878 [INFO] rit_api: MARKET BUY 2115 RTM -> order_id=7465
2026-02-18 23:15:44,879 [INFO] trading_engine: HEDGE BUY 2115 RTM | delta -2115 -> ~-0 | target -0 (0% of limit 7000) | interval 1t
2026-02-18 23:15:45,919 [INFO] rit_api: MARKET BUY 201 RTM -> order_id=7586
2026-02-18 23:15:45,919 [INFO] trading_engine: HEDGE BUY 201 RTM | delta -201 -> ~0 | target -0 (0% of limit 7000) | interval 1t
2026-02-18 23:15:46,905 [INFO] rit_api: MARKET SELL 2859 RTM -> order_id=7684
2026-02-18 23:15:46,906 [INFO] trading_engine: HEDGE SELL 2859 RTM | delta 2859 -> ~-0 | target 0 (0% of limit 7000) | interval 1t
2026-02-18 23:15:47,904 [INFO] rit_api: MARKET BUY 1009 RTM -> order_id=7783
2026-02-18 23:15:47,905 [INFO] trading_engine: HEDGE BUY 1009 RTM | delta -1009 -> ~0 | target -0 (0% of limit 7000) | interval 1t
2026-02-18 23:15:48,943 [INFO] rit_api: MARKET SELL 2907 RTM -> order_id=7902
2026-02-18 23:15:48,944 [INFO] trading_engine: HEDGE SELL 2907 RTM | delta 2907 -> ~-0 | target 0 (0% of limit 7000) | interval 1t
2026-02-18 23:15:49,926 [INFO] rit_api: MARKET SELL 2952 RTM -> order_id=7989
2026-02-18 23:15:49,927 [INFO] trading_engine: HEDGE SELL 2952 RTM | delta 2952 -> ~0 | target 0 (0% of limit 7000) | interval 1t
2026-02-18 23:15:50,969 [INFO] rit_api: MARKET BUY 1352 RTM -> order_id=8077
2026-02-18 23:15:50,969 [INFO] trading_engine: HEDGE BUY 1352 RTM | delta -1352 -> ~-0 | target -0 (0% of limit 7000) | interval 1t
2026-02-18 23:15:51,959 [INFO] rit_api: MARKET BUY 691 RTM -> order_id=8160
2026-02-18 23:15:51,959 [INFO] trading_engine: HEDGE BUY 691 RTM | delta -691 -> ~-0 | target -0 (0% of limit 7000) | interval 1t
2026-02-18 23:15:52,941 [INFO] rit_api: MARKET BUY 694 RTM -> order_id=8225
2026-02-18 23:15:52,941 [INFO] trading_engine: HEDGE BUY 694 RTM | delta -694 -> ~-0 | target -0 (0% of limit 7000) | interval 1t
2026-02-18 23:15:53,935 [INFO] rit_api: MARKET BUY 3183 RTM -> order_id=8286
2026-02-18 23:15:53,935 [INFO] trading_engine: HEDGE BUY 3183 RTM | delta -3183 -> ~0 | target -0 (0% of limit 7000) | interval 1t
2026-02-18 23:15:54,973 [INFO] rit_api: MARKET SELL 5814 RTM -> order_id=8338
2026-02-18 23:15:54,973 [INFO] trading_engine: HEDGE SELL 5814 RTM | delta 5814 -> ~0 | target 0 (0% of limit 7000) | interval 1t
2026-02-18 23:15:55,954 [INFO] rit_api: MARKET SELL 2858 RTM -> order_id=8395
2026-02-18 23:15:55,955 [INFO] trading_engine: HEDGE SELL 2858 RTM | delta 2858 -> ~0 | target 0 (0% of limit 7000) | interval 1t
2026-02-18 23:15:56,989 [INFO] rit_api: MARKET BUY 183 RTM -> order_id=8468
2026-02-18 23:15:56,990 [INFO] trading_engine: HEDGE BUY 183 RTM | delta -183 -> ~-0 | target -0 (0% of limit 7000) | interval 1t
2026-02-18 23:15:57,973 [INFO] rit_api: MARKET SELL 2373 RTM -> order_id=8526
2026-02-18 23:15:57,973 [INFO] trading_engine: HEDGE SELL 2373 RTM | delta 2373 -> ~0 | target 0 (0% of limit 7000) | interval 1t
2026-02-18 23:15:59,013 [INFO] rit_api: MARKET SELL 3400 RTM -> order_id=8587
2026-02-18 23:15:59,013 [INFO] trading_engine: HEDGE SELL 3400 RTM | delta 3400 -> ~0 | target 0 (0% of limit 7000) | interval 1t
2026-02-18 23:16:00,003 [INFO] rit_api: MARKET BUY 3413 RTM -> order_id=8635
2026-02-18 23:16:00,003 [INFO] trading_engine: HEDGE BUY 3413 RTM | delta -3413 -> ~-0 | target -0 (0% of limit 7000) | interval 1t
2026-02-18 23:16:00,998 [INFO] rit_api: MARKET BUY 695 RTM -> order_id=8695
2026-02-18 23:16:00,998 [INFO] trading_engine: HEDGE BUY 695 RTM | delta -695 -> ~-0 | target -0 (0% of limit 7000) | interval 1t
2026-02-18 23:16:02,015 [WARNING] rit_api: POST /orders returned 500: {"code":"INTERNAL_SERVER_ERROR","message":"Order request cannot be submitted because it will exceed net trading limits in the risk category Limit-OPT."}
2026-02-18 23:16:02,036 [INFO] rit_api: MARKET SELL 100 RTM1C48 -> order_id=8744
2026-02-18 23:16:02,058 [INFO] rit_api: MARKET SELL 8 RTM1C48 -> order_id=8746
2026-02-18 23:16:02,079 [INFO] rit_api: MARKET SELL 100 RTM1P48 -> order_id=8747
2026-02-18 23:16:02,100 [INFO] rit_api: MARKET SELL 8 RTM1P48 -> order_id=8748
2026-02-18 23:16:02,120 [INFO] rit_api: MARKET BUY 25 RTM1C51 -> order_id=8749
2026-02-18 23:16:02,140 [INFO] rit_api: MARKET SELL 172 RTM -> order_id=8750
2026-02-18 23:16:02,141 [INFO] trading_engine: SCHEDULED CLOSE tick 111: options_closed=241 stock_closed=172 orders=6
2026-02-18 23:16:02,141 [INFO] trading_engine: Scheduled close week 2 tick 111 (window 111-116), trades=6
2026-02-18 23:16:02,983 [INFO] news_parser: NEWS: Current realized vol = 29.0% (history: ['16%', '21%', '24%', '29%']) [NOW USING REALIZED]
2026-02-18 23:16:02,983 [INFO] news_parser: NEWS: Forecast vol next week = 29.0% - 34.0% (mid=31.5%) [NOW USING FORECAST]
2026-02-18 23:16:03,013 [INFO] rit_api: MARKET BUY 30 RTM1P45 -> order_id=8809
2026-02-18 23:16:03,034 [INFO] rit_api: MARKET SELL 100 RTM1C48 -> order_id=8811
2026-02-18 23:16:03,055 [INFO] rit_api: MARKET SELL 8 RTM1C48 -> order_id=8813
2026-02-18 23:16:03,076 [INFO] rit_api: MARKET SELL 100 RTM1P48 -> order_id=8814
2026-02-18 23:16:03,097 [INFO] rit_api: MARKET SELL 8 RTM1P48 -> order_id=8815
2026-02-18 23:16:03,118 [INFO] rit_api: MARKET BUY 25 RTM1C51 -> order_id=8817
2026-02-18 23:16:03,139 [INFO] rit_api: MARKET SELL 171 RTM -> order_id=8819
2026-02-18 23:16:03,139 [INFO] trading_engine: SCHEDULED CLOSE tick 112: options_closed=271 stock_closed=171 orders=7
2026-02-18 23:16:03,140 [INFO] trading_engine: Scheduled close week 2 tick 112 (window 111-116), trades=7
2026-02-18 23:16:04,010 [INFO] rit_api: MARKET BUY 29 RTM1P45 -> order_id=8891
2026-02-18 23:16:04,030 [INFO] rit_api: MARKET SELL 100 RTM1C48 -> order_id=8892
2026-02-18 23:16:04,052 [INFO] rit_api: MARKET SELL 8 RTM1C48 -> order_id=8893
2026-02-18 23:16:04,073 [INFO] rit_api: MARKET SELL 100 RTM1P48 -> order_id=8896
2026-02-18 23:16:04,094 [INFO] rit_api: MARKET SELL 8 RTM1P48 -> order_id=8897
2026-02-18 23:16:04,113 [INFO] rit_api: MARKET BUY 24 RTM1C51 -> order_id=8898
2026-02-18 23:16:04,134 [INFO] rit_api: MARKET SELL 171 RTM -> order_id=8899
2026-02-18 23:16:04,135 [INFO] trading_engine: SCHEDULED CLOSE tick 113: options_closed=269 stock_closed=171 orders=7
2026-02-18 23:16:04,135 [INFO] trading_engine: Scheduled close week 2 tick 113 (window 111-116), trades=7
2026-02-18 23:16:05,048 [INFO] rit_api: MARKET BUY 29 RTM1P45 -> order_id=8944
2026-02-18 23:16:05,069 [INFO] rit_api: MARKET SELL 100 RTM1C48 -> order_id=8946
2026-02-18 23:16:05,090 [INFO] rit_api: MARKET SELL 8 RTM1C48 -> order_id=8947
2026-02-18 23:16:05,111 [INFO] rit_api: MARKET SELL 100 RTM1P48 -> order_id=8948
2026-02-18 23:16:05,132 [INFO] rit_api: MARKET SELL 8 RTM1P48 -> order_id=8949
2026-02-18 23:16:05,151 [INFO] rit_api: MARKET BUY 24 RTM1C51 -> order_id=8950
2026-02-18 23:16:05,172 [INFO] rit_api: MARKET SELL 171 RTM -> order_id=8951
2026-02-18 23:16:05,172 [INFO] trading_engine: SCHEDULED CLOSE tick 114: options_closed=269 stock_closed=171 orders=7
2026-02-18 23:16:05,173 [INFO] trading_engine: Scheduled close week 2 tick 114 (window 111-116), trades=7
2026-02-18 23:16:06,040 [INFO] rit_api: MARKET BUY 29 RTM1P45 -> order_id=8998
2026-02-18 23:16:06,061 [INFO] rit_api: MARKET SELL 100 RTM1C48 -> order_id=8999
2026-02-18 23:16:06,082 [INFO] rit_api: MARKET SELL 7 RTM1C48 -> order_id=9002
2026-02-18 23:16:06,103 [INFO] rit_api: MARKET SELL 100 RTM1P48 -> order_id=9003
2026-02-18 23:16:06,125 [INFO] rit_api: MARKET SELL 7 RTM1P48 -> order_id=9004
2026-02-18 23:16:06,146 [INFO] rit_api: MARKET BUY 24 RTM1C51 -> order_id=9005
2026-02-18 23:16:06,166 [INFO] rit_api: MARKET SELL 171 RTM -> order_id=9006
2026-02-18 23:16:06,166 [INFO] trading_engine: SCHEDULED CLOSE tick 115: options_closed=267 stock_closed=171 orders=7
2026-02-18 23:16:06,167 [INFO] trading_engine: Scheduled close week 2 tick 115 (window 111-116), trades=7
2026-02-18 23:16:07,032 [INFO] rit_api: MARKET BUY 29 RTM1P45 -> order_id=9052
2026-02-18 23:16:07,053 [INFO] rit_api: MARKET SELL 100 RTM1C48 -> order_id=9054
2026-02-18 23:16:07,075 [INFO] rit_api: MARKET SELL 7 RTM1C48 -> order_id=9055
2026-02-18 23:16:07,097 [INFO] rit_api: MARKET SELL 100 RTM1P48 -> order_id=9058
2026-02-18 23:16:07,119 [INFO] rit_api: MARKET SELL 7 RTM1P48 -> order_id=9060
2026-02-18 23:16:07,140 [INFO] rit_api: MARKET BUY 24 RTM1C51 -> order_id=9061
2026-02-18 23:16:07,160 [INFO] rit_api: MARKET SELL 171 RTM -> order_id=9062
2026-02-18 23:16:07,160 [INFO] trading_engine: SCHEDULED CLOSE tick 116: options_closed=267 stock_closed=171 orders=7
2026-02-18 23:16:07,161 [INFO] trading_engine: Scheduled close week 2 tick 116 (window 111-116), trades=7
2026-02-18 23:16:08,006 [INFO] trading_engine: Position flat. Waiting for next scheduled positioning tick.
2026-02-18 23:16:40,218 [INFO] trading_engine: WEEK 3 positioning tick 149
2026-02-18 23:16:40,219 [INFO] trading_engine: Immediate positioning at week 3 tick 149
2026-02-18 23:16:40,219 [INFO] optimizer: ============================================================
2026-02-18 23:16:40,220 [INFO] optimizer: OPTIMIZER RESULT: n*=423 LONG straddles @ strike 48
2026-02-18 23:16:40,220 [INFO] optimizer:   Expected profit: $5883.64
2026-02-18 23:16:40,220 [INFO] optimizer:   Gain/contract: $22.9425 | Pos cost/contract: $4.0200
2026-02-18 23:16:40,220 [INFO] optimizer:   Rebalancing cost: $2120.59 | Z=0.64
2026-02-18 23:16:40,221 [INFO] optimizer:   Inputs: S0=47.56 sigma=0.3150 sigma_hat=0.2418 L=7000 Gamma=25.8464
2026-02-18 23:16:40,221 [INFO] optimizer:   Spreads: Bo=0.0400 Bs=0.0200 T=0.019231
2026-02-18 23:16:40,221 [INFO] optimizer: ============================================================
2026-02-18 23:16:40,240 [INFO] rit_api: MARKET BUY 100 RTM1C48 -> order_id=10866
2026-02-18 23:16:40,264 [INFO] rit_api: MARKET BUY 100 RTM1P48 -> order_id=10867
2026-02-18 23:16:40,286 [INFO] rit_api: MARKET BUY 100 RTM1C48 -> order_id=10868
2026-02-18 23:16:40,307 [INFO] rit_api: MARKET BUY 100 RTM1P48 -> order_id=10869
2026-02-18 23:16:40,327 [INFO] rit_api: MARKET BUY 100 RTM1C48 -> order_id=10870
2026-02-18 23:16:40,349 [INFO] rit_api: MARKET BUY 100 RTM1P48 -> order_id=10871
2026-02-18 23:16:40,370 [INFO] rit_api: MARKET BUY 100 RTM1C48 -> order_id=10881
2026-02-18 23:16:40,391 [INFO] rit_api: MARKET BUY 100 RTM1P48 -> order_id=10883
2026-02-18 23:16:40,413 [INFO] rit_api: MARKET BUY 23 RTM1C48 -> order_id=10886
2026-02-18 23:16:40,434 [INFO] rit_api: MARKET BUY 23 RTM1P48 -> order_id=10887
2026-02-18 23:16:40,435 [INFO] trading_engine: STRADDLE BUY 423/423 @ K=48: 10 orders | ATM 423C+423P | WINGS 0C+0P
2026-02-18 23:16:40,435 [INFO] trading_engine: POSITIONED: 423 LONG straddles @ 48 (week 3, expected $5884)
2026-02-18 23:16:41,231 [INFO] news_parser: NEWS: Current realized vol = 31.0% (history: ['16%', '21%', '24%', '29%', '31%']) [NOW USING REALIZED]
2026-02-18 23:16:41,275 [INFO] rit_api: MARKET BUY 2274 RTM -> order_id=10955
2026-02-18 23:16:41,275 [INFO] trading_engine: HEDGE BUY 2274 RTM | delta -2274 -> ~-0 | target -0 (0% of limit 7000) | interval 1t
2026-02-18 23:16:42,275 [INFO] rit_api: MARKET SELL 656 RTM -> order_id=11067
2026-02-18 23:16:42,275 [INFO] trading_engine: HEDGE SELL 656 RTM | delta 656 -> ~0 | target 0 (0% of limit 7000) | interval 1t
2026-02-18 23:16:43,290 [INFO] rit_api: MARKET BUY 124 RTM -> order_id=11219
2026-02-18 23:16:43,290 [INFO] trading_engine: HEDGE BUY 124 RTM | delta -124 -> ~-0 | target -0 (0% of limit 7000) | interval 1t
2026-02-18 23:16:44,286 [INFO] rit_api: MARKET SELL 1900 RTM -> order_id=11341
2026-02-18 23:16:44,286 [INFO] trading_engine: HEDGE SELL 1900 RTM | delta 1900 -> ~0 | target 0 (0% of limit 7000) | interval 1t
2026-02-18 23:16:45,272 [INFO] rit_api: MARKET SELL 3696 RTM -> order_id=11440
2026-02-18 23:16:45,273 [INFO] trading_engine: HEDGE SELL 3696 RTM | delta 3696 -> ~-0 | target 0 (0% of limit 7000) | interval 1t
2026-02-18 23:16:46,257 [INFO] rit_api: MARKET SELL 2884 RTM -> order_id=11570
2026-02-18 23:16:46,257 [INFO] trading_engine: HEDGE SELL 2884 RTM | delta 2884 -> ~-0 | target 0 (0% of limit 7000) | interval 1t
2026-02-18 23:16:47,249 [INFO] rit_api: MARKET BUY 1088 RTM -> order_id=11654
2026-02-18 23:16:47,249 [INFO] trading_engine: HEDGE BUY 1088 RTM | delta -1088 -> ~-0 | target -0 (0% of limit 7000) | interval 1t
2026-02-18 23:16:48,286 [INFO] rit_api: MARKET BUY 2906 RTM -> order_id=11787
2026-02-18 23:16:48,286 [INFO] trading_engine: HEDGE BUY 2906 RTM | delta -2906 -> ~0 | target -0 (0% of limit 7000) | interval 1t
2026-02-18 23:16:49,287 [INFO] rit_api: MARKET BUY 2505 RTM -> order_id=11887
2026-02-18 23:16:49,287 [INFO] trading_engine: HEDGE BUY 2505 RTM | delta -2505 -> ~-0 | target -0 (0% of limit 7000) | interval 1t
2026-02-18 23:16:50,282 [INFO] rit_api: MARKET SELL 796 RTM -> order_id=11987
2026-02-18 23:16:50,282 [INFO] trading_engine: HEDGE SELL 796 RTM | delta 796 -> ~0 | target 0 (0% of limit 7000) | interval 1t
2026-02-18 23:16:51,338 [INFO] rit_api: MARKET BUY 4 RTM -> order_id=12143
2026-02-18 23:16:51,339 [INFO] trading_engine: HEDGE BUY 4 RTM | delta -4 -> ~0 | target -0 (0% of limit 7000) | interval 1t
2026-02-18 23:16:52,333 [INFO] rit_api: MARKET SELL 1608 RTM -> order_id=12244
2026-02-18 23:16:52,333 [INFO] trading_engine: HEDGE SELL 1608 RTM | delta 1608 -> ~-0 | target 0 (0% of limit 7000) | interval 1t
2026-02-18 23:16:53,330 [INFO] rit_api: MARKET SELL 462 RTM -> order_id=12343
2026-02-18 23:16:53,330 [INFO] trading_engine: HEDGE SELL 462 RTM | delta 462 -> ~0 | target 0 (0% of limit 7000) | interval 1t
2026-02-18 23:16:54,325 [INFO] rit_api: MARKET BUY 2429 RTM -> order_id=12447
2026-02-18 23:16:54,326 [INFO] trading_engine: HEDGE BUY 2429 RTM | delta -2429 -> ~-0 | target -0 (0% of limit 7000) | interval 1t
2026-02-18 23:16:55,331 [INFO] rit_api: MARKET BUY 940 RTM -> order_id=12533
2026-02-18 23:16:55,332 [INFO] trading_engine: HEDGE BUY 940 RTM | delta -940 -> ~-0 | target -0 (0% of limit 7000) | interval 1t
2026-02-18 23:16:56,327 [INFO] rit_api: MARKET BUY 3117 RTM -> order_id=12619
2026-02-18 23:16:56,328 [INFO] trading_engine: HEDGE BUY 3117 RTM | delta -3117 -> ~-0 | target -0 (0% of limit 7000) | interval 1t
2026-02-18 23:16:57,369 [INFO] rit_api: MARKET SELL 4054 RTM -> order_id=12727
2026-02-18 23:16:57,369 [INFO] trading_engine: HEDGE SELL 4054 RTM | delta 4054 -> ~-0 | target 0 (0% of limit 7000) | interval 1t
2026-02-18 23:16:58,316 [INFO] rit_api: MARKET BUY 5495 RTM -> order_id=12820
2026-02-18 23:16:58,316 [INFO] trading_engine: HEDGE BUY 5495 RTM | delta -5495 -> ~-0 | target -0 (0% of limit 7000) | interval 1t
2026-02-18 23:16:59,316 [INFO] rit_api: MARKET SELL 4751 RTM -> order_id=12916
2026-02-18 23:16:59,316 [INFO] trading_engine: HEDGE SELL 4751 RTM | delta 4751 -> ~0 | target 0 (0% of limit 7000) | interval 1t
2026-02-18 23:17:00,366 [INFO] rit_api: MARKET SELL 129 RTM -> order_id=13059
2026-02-18 23:17:00,367 [INFO] trading_engine: HEDGE SELL 129 RTM | delta 129 -> ~0 | target 0 (0% of limit 7000) | interval 1t
2026-02-18 23:17:01,371 [INFO] rit_api: MARKET BUY 97 RTM -> order_id=13156
2026-02-18 23:17:01,371 [INFO] trading_engine: HEDGE BUY 97 RTM | delta -97 -> ~-0 | target -0 (0% of limit 7000) | interval 1t
2026-02-18 23:17:02,327 [INFO] rit_api: MARKET BUY 145 RTM -> order_id=13257
2026-02-18 23:17:02,327 [INFO] trading_engine: HEDGE BUY 145 RTM | delta -145 -> ~0 | target -0 (0% of limit 7000) | interval 1t
2026-02-18 23:17:03,339 [INFO] rit_api: MARKET BUY 164 RTM -> order_id=13358
2026-02-18 23:17:03,339 [INFO] trading_engine: HEDGE BUY 164 RTM | delta -164 -> ~-0 | target -0 (0% of limit 7000) | interval 1t
2026-02-18 23:17:04,385 [INFO] rit_api: MARKET SELL 136 RTM -> order_id=13411
2026-02-18 23:17:04,386 [INFO] trading_engine: HEDGE SELL 136 RTM | delta 136 -> ~-0 | target 0 (0% of limit 7000) | interval 1t
2026-02-18 23:17:05,378 [INFO] rit_api: MARKET SELL 78 RTM -> order_id=13553
2026-02-18 23:17:05,378 [INFO] trading_engine: HEDGE SELL 78 RTM | delta 78 -> ~-0 | target 0 (0% of limit 7000) | interval 1t
2026-02-18 23:17:06,374 [INFO] rit_api: MARKET BUY 1 RTM -> order_id=13659
2026-02-18 23:17:06,374 [INFO] trading_engine: HEDGE BUY 1 RTM | delta -1 -> ~-0 | target -0 (0% of limit 7000) | interval 1t
2026-02-18 23:17:07,374 [INFO] rit_api: MARKET SELL 364 RTM -> order_id=13762
2026-02-18 23:17:07,374 [INFO] trading_engine: HEDGE SELL 364 RTM | delta 364 -> ~-0 | target 0 (0% of limit 7000) | interval 1t
2026-02-18 23:17:08,411 [INFO] rit_api: MARKET BUY 66 RTM -> order_id=13854
2026-02-18 23:17:08,412 [INFO] trading_engine: HEDGE BUY 66 RTM | delta -66 -> ~-0 | target -0 (0% of limit 7000) | interval 1t
2026-02-18 23:17:09,396 [INFO] rit_api: MARKET BUY 288 RTM -> order_id=13926
2026-02-18 23:17:09,396 [INFO] trading_engine: HEDGE BUY 288 RTM | delta -288 -> ~0 | target -0 (0% of limit 7000) | interval 1t
2026-02-18 23:17:10,383 [INFO] rit_api: MARKET SELL 60 RTM -> order_id=13979
2026-02-18 23:17:10,383 [INFO] trading_engine: HEDGE SELL 60 RTM | delta 60 -> ~-0 | target 0 (0% of limit 7000) | interval 1t
2026-02-18 23:17:11,380 [INFO] rit_api: MARKET SELL 255 RTM -> order_id=14028
2026-02-18 23:17:11,381 [INFO] trading_engine: HEDGE SELL 255 RTM | delta 255 -> ~0 | target 0 (0% of limit 7000) | interval 1t
2026-02-18 23:17:12,381 [INFO] rit_api: MARKET BUY 40 RTM -> order_id=14101
2026-02-18 23:17:12,382 [INFO] trading_engine: HEDGE BUY 40 RTM | delta -40 -> ~0 | target -0 (0% of limit 7000) | interval 1t
2026-02-18 23:17:13,428 [INFO] rit_api: MARKET BUY 142 RTM -> order_id=14174
2026-02-18 23:17:13,429 [INFO] trading_engine: HEDGE BUY 142 RTM | delta -142 -> ~-0 | target -0 (0% of limit 7000) | interval 1t
2026-02-18 23:17:14,437 [INFO] rit_api: MARKET SELL 122 RTM -> order_id=14223
2026-02-18 23:17:14,437 [INFO] trading_engine: HEDGE SELL 122 RTM | delta 122 -> ~0 | target 0 (0% of limit 7000) | interval 1t
2026-02-18 23:17:15,433 [INFO] rit_api: MARKET BUY 226 RTM -> order_id=14272
2026-02-18 23:17:15,433 [INFO] trading_engine: HEDGE BUY 226 RTM | delta -226 -> ~-0 | target -0 (0% of limit 7000) | interval 1t
2026-02-18 23:17:16,424 [INFO] rit_api: MARKET BUY 36 RTM -> order_id=14322
2026-02-18 23:17:16,425 [INFO] trading_engine: HEDGE BUY 36 RTM | delta -36 -> ~0 | target -0 (0% of limit 7000) | interval 1t
2026-02-18 23:17:17,397 [INFO] rit_api: MARKET SELL 4 RTM1C48 -> order_id=14373
2026-02-18 23:17:17,418 [INFO] rit_api: MARKET SELL 4 RTM1P48 -> order_id=14374
2026-02-18 23:17:17,439 [INFO] rit_api: MARKET SELL 23 RTM -> order_id=14377
2026-02-18 23:17:17,439 [INFO] trading_engine: SCHEDULED CLOSE tick 186: options_closed=8 stock_closed=23 orders=3
2026-02-18 23:17:17,440 [INFO] trading_engine: Scheduled close week 3 tick 186 (window 186-191), trades=3
2026-02-18 23:17:18,388 [INFO] news_parser: NEWS: Current realized vol = 20.0% (history: ['16%', '21%', '24%', '29%', '31%', '20%']) [NOW USING REALIZED]
2026-02-18 23:17:18,389 [INFO] news_parser: NEWS: Forecast vol next week = 20.0% - 25.0% (mid=22.5%) [NOW USING FORECAST]
2026-02-18 23:17:18,410 [INFO] rit_api: MARKET SELL 4 RTM1C48 -> order_id=14426
2026-02-18 23:17:18,430 [INFO] rit_api: MARKET SELL 4 RTM1P48 -> order_id=14427
2026-02-18 23:17:18,450 [INFO] rit_api: MARKET SELL 23 RTM -> order_id=14430
2026-02-18 23:17:18,451 [INFO] trading_engine: SCHEDULED CLOSE tick 187: options_closed=8 stock_closed=23 orders=3
2026-02-18 23:17:18,451 [INFO] trading_engine: Scheduled close week 3 tick 187 (window 186-191), trades=3
2026-02-18 23:17:19,417 [INFO] rit_api: MARKET SELL 4 RTM1C48 -> order_id=14513
2026-02-18 23:17:19,446 [INFO] rit_api: MARKET SELL 4 RTM1P48 -> order_id=14518
2026-02-18 23:17:19,468 [INFO] rit_api: MARKET SELL 23 RTM -> order_id=14523
2026-02-18 23:17:19,468 [INFO] trading_engine: SCHEDULED CLOSE tick 188: options_closed=8 stock_closed=23 orders=3
2026-02-18 23:17:19,468 [INFO] trading_engine: Scheduled close week 3 tick 188 (window 186-191), trades=3
2026-02-18 23:17:20,429 [INFO] rit_api: MARKET SELL 4 RTM1C48 -> order_id=14584
2026-02-18 23:17:20,449 [INFO] rit_api: MARKET SELL 4 RTM1P48 -> order_id=14586
2026-02-18 23:17:20,469 [INFO] rit_api: MARKET SELL 23 RTM -> order_id=14587
2026-02-18 23:17:20,469 [INFO] trading_engine: SCHEDULED CLOSE tick 189: options_closed=8 stock_closed=23 orders=3
2026-02-18 23:17:20,470 [INFO] trading_engine: Scheduled close week 3 tick 189 (window 186-191), trades=3
2026-02-18 23:17:21,429 [INFO] rit_api: MARKET SELL 4 RTM1C48 -> order_id=14640
2026-02-18 23:17:21,449 [INFO] rit_api: MARKET SELL 4 RTM1P48 -> order_id=14643
2026-02-18 23:17:21,469 [INFO] rit_api: MARKET SELL 22 RTM -> order_id=14645
2026-02-18 23:17:21,470 [INFO] trading_engine: SCHEDULED CLOSE tick 190: options_closed=8 stock_closed=22 orders=3
2026-02-18 23:17:21,470 [INFO] trading_engine: Scheduled close week 3 tick 190 (window 186-191), trades=3
2026-02-18 23:17:22,430 [INFO] rit_api: MARKET SELL 3 RTM1C48 -> order_id=14694
2026-02-18 23:17:22,450 [INFO] rit_api: MARKET SELL 3 RTM1P48 -> order_id=14695
2026-02-18 23:17:22,470 [INFO] rit_api: MARKET SELL 22 RTM -> order_id=14696
2026-02-18 23:17:22,471 [INFO] trading_engine: SCHEDULED CLOSE tick 191: options_closed=6 stock_closed=22 orders=3
2026-02-18 23:17:22,471 [INFO] trading_engine: Scheduled close week 3 tick 191 (window 186-191), trades=3
2026-02-18 23:17:23,424 [INFO] trading_engine: Position flat. Waiting for next scheduled positioning tick.
2026-02-18 23:17:55,599 [INFO] trading_engine: WEEK 4 positioning tick 224
2026-02-18 23:17:55,600 [INFO] trading_engine: Immediate positioning at week 4 tick 224
2026-02-18 23:17:55,601 [INFO] optimizer: ============================================================
2026-02-18 23:17:55,601 [INFO] optimizer: OPTIMIZER RESULT: n*=310 SHORT straddles @ strike 49
2026-02-18 23:17:55,601 [INFO] optimizer:   Expected profit: $12384.12
2026-02-18 23:17:55,602 [INFO] optimizer:   Gain/contract: $53.5792 | Pos cost/contract: $4.0200
2026-02-18 23:17:55,602 [INFO] optimizer:   Rebalancing cost: $2979.24 | Z=0.46
2026-02-18 23:17:55,602 [INFO] optimizer:   Inputs: S0=48.64 sigma=0.2250 sigma_hat=0.3140 L=7000 Gamma=49.0912
2026-02-18 23:17:55,602 [INFO] optimizer:   Spreads: Bo=0.0400 Bs=0.0200 T=0.019231
2026-02-18 23:17:55,602 [INFO] optimizer: ============================================================
2026-02-18 23:17:55,622 [INFO] rit_api: MARKET SELL 100 RTM1C49 -> order_id=16379
2026-02-18 23:17:55,642 [INFO] rit_api: MARKET SELL 100 RTM1P49 -> order_id=16380
2026-02-18 23:17:55,662 [INFO] rit_api: MARKET SELL 100 RTM1C49 -> order_id=16381
2026-02-18 23:17:55,682 [INFO] rit_api: MARKET SELL 100 RTM1P49 -> order_id=16382
2026-02-18 23:17:55,702 [INFO] rit_api: MARKET SELL 100 RTM1C49 -> order_id=16383
2026-02-18 23:17:55,722 [INFO] rit_api: MARKET SELL 100 RTM1P49 -> order_id=16384
2026-02-18 23:17:55,742 [INFO] rit_api: MARKET SELL 10 RTM1C49 -> order_id=16385
2026-02-18 23:17:55,763 [INFO] rit_api: MARKET SELL 10 RTM1P49 -> order_id=16386
2026-02-18 23:17:55,763 [INFO] trading_engine: STRADDLE SELL 310/310 @ K=49: 8 orders | ATM 310C+310P | WINGS 0C+0P
2026-02-18 23:17:55,763 [INFO] trading_engine: POSITIONED: 310 SHORT straddles @ 49 (week 4, expected $12384)
2026-02-18 23:17:56,607 [INFO] news_parser: NEWS: Current realized vol = 22.0% (history: ['16%', '21%', '24%', '29%', '31%', '20%', '22%']) [NOW USING REALIZED]
2026-02-18 23:17:56,649 [INFO] rit_api: MARKET SELL 1357 RTM -> order_id=16458
2026-02-18 23:17:56,649 [INFO] trading_engine: HEDGE SELL 1357 RTM | delta 1357 -> ~0 | target 0 (0% of limit 7000) | interval 1t
2026-02-18 23:17:57,646 [INFO] rit_api: MARKET SELL 2728 RTM -> order_id=16574
2026-02-18 23:17:57,646 [INFO] trading_engine: HEDGE SELL 2728 RTM | delta 2728 -> ~0 | target 0 (0% of limit 7000) | interval 1t
2026-02-18 23:17:58,643 [INFO] rit_api: MARKET BUY 127 RTM -> order_id=16749
2026-02-18 23:17:58,643 [INFO] trading_engine: HEDGE BUY 127 RTM | delta -127 -> ~0 | target -0 (0% of limit 7000) | interval 1t
2026-02-18 23:17:59,639 [INFO] rit_api: MARKET SELL 1156 RTM -> order_id=16860
2026-02-18 23:17:59,639 [INFO] trading_engine: HEDGE SELL 1156 RTM | delta 1156 -> ~-0 | target 0 (0% of limit 7000) | interval 1t
2026-02-18 23:18:00,681 [INFO] rit_api: MARKET BUY 2718 RTM -> order_id=16971
2026-02-18 23:18:00,682 [INFO] trading_engine: HEDGE BUY 2718 RTM | delta -2718 -> ~0 | target -0 (0% of limit 7000) | interval 1t
2026-02-18 23:18:01,679 [INFO] rit_api: MARKET BUY 2117 RTM -> order_id=17034
2026-02-18 23:18:01,680 [INFO] trading_engine: HEDGE BUY 2117 RTM | delta -2117 -> ~0 | target -0 (0% of limit 7000) | interval 1t
2026-02-18 23:18:02,667 [INFO] rit_api: MARKET SELL 3154 RTM -> order_id=17108
2026-02-18 23:18:02,668 [INFO] trading_engine: HEDGE SELL 3154 RTM | delta 3154 -> ~0 | target 0 (0% of limit 7000) | interval 1t
2026-02-18 23:18:03,710 [INFO] rit_api: MARKET BUY 1802 RTM -> order_id=17184
2026-02-18 23:18:03,710 [INFO] trading_engine: HEDGE BUY 1802 RTM | delta -1802 -> ~-0 | target -0 (0% of limit 7000) | interval 1t
2026-02-18 23:18:04,702 [INFO] rit_api: MARKET SELL 4025 RTM -> order_id=17294
2026-02-18 23:18:04,702 [INFO] trading_engine: HEDGE SELL 4025 RTM | delta 4025 -> ~-0 | target 0 (0% of limit 7000) | interval 1t
2026-02-18 23:18:05,695 [INFO] rit_api: MARKET BUY 1121 RTM -> order_id=17368
2026-02-18 23:18:05,695 [INFO] trading_engine: HEDGE BUY 1121 RTM | delta -1121 -> ~-0 | target -0 (0% of limit 7000) | interval 1t
2026-02-18 23:18:06,681 [INFO] rit_api: MARKET BUY 1656 RTM -> order_id=17450
2026-02-18 23:18:06,682 [INFO] trading_engine: HEDGE BUY 1656 RTM | delta -1656 -> ~-0 | target -0 (0% of limit 7000) | interval 1t
2026-02-18 23:18:07,724 [INFO] rit_api: MARKET SELL 3259 RTM -> order_id=17517
2026-02-18 23:18:07,725 [INFO] trading_engine: HEDGE SELL 3259 RTM | delta 3259 -> ~-0 | target 0 (0% of limit 7000) | interval 1t
2026-02-18 23:18:08,731 [INFO] rit_api: MARKET SELL 1564 RTM -> order_id=17588
2026-02-18 23:18:08,731 [INFO] trading_engine: HEDGE SELL 1564 RTM | delta 1564 -> ~0 | target 0 (0% of limit 7000) | interval 1t
2026-02-18 23:18:09,730 [INFO] rit_api: MARKET SELL 4599 RTM -> order_id=17663
2026-02-18 23:18:09,730 [INFO] trading_engine: HEDGE SELL 4599 RTM | delta 4599 -> ~-0 | target 0 (0% of limit 7000) | interval 1t
2026-02-18 23:18:10,720 [INFO] rit_api: MARKET SELL 97 RTM -> order_id=17717
2026-02-18 23:18:10,721 [INFO] trading_engine: HEDGE SELL 97 RTM | delta 97 -> ~-0 | target 0 (0% of limit 7000) | interval 1t
2026-02-18 23:18:11,764 [INFO] rit_api: MARKET BUY 6562 RTM -> order_id=17781
2026-02-18 23:18:11,765 [INFO] trading_engine: HEDGE BUY 6562 RTM | delta -6562 -> ~0 | target -0 (0% of limit 7000) | interval 1t
2026-02-18 23:18:12,766 [INFO] rit_api: MARKET BUY 297 RTM -> order_id=17838
2026-02-18 23:18:12,766 [INFO] trading_engine: HEDGE BUY 297 RTM | delta -297 -> ~0 | target -0 (0% of limit 7000) | interval 1t
2026-02-18 23:18:13,757 [INFO] rit_api: MARKET SELL 1287 RTM -> order_id=17887
2026-02-18 23:18:13,758 [INFO] trading_engine: HEDGE SELL 1287 RTM | delta 1287 -> ~-0 | target 0 (0% of limit 7000) | interval 1t
2026-02-18 23:18:14,739 [INFO] rit_api: MARKET BUY 290 RTM -> order_id=17935
2026-02-18 23:18:14,739 [INFO] trading_engine: HEDGE BUY 290 RTM | delta -290 -> ~-0 | target -0 (0% of limit 7000) | interval 1t
2026-02-18 23:18:15,772 [INFO] rit_api: MARKET SELL 419 RTM -> order_id=17984
2026-02-18 23:18:15,773 [INFO] trading_engine: HEDGE SELL 419 RTM | delta 419 -> ~0 | target 0 (0% of limit 7000) | interval 1t
2026-02-18 23:18:16,751 [INFO] rit_api: MARKET BUY 654 RTM -> order_id=18035
2026-02-18 23:18:16,751 [INFO] trading_engine: HEDGE BUY 654 RTM | delta -654 -> ~0 | target -0 (0% of limit 7000) | interval 1t
2026-02-18 23:18:17,775 [INFO] rit_api: MARKET BUY 853 RTM -> order_id=18086
2026-02-18 23:18:17,776 [INFO] trading_engine: HEDGE BUY 853 RTM | delta -853 -> ~0 | target -0 (0% of limit 7000) | interval 1t
2026-02-18 23:18:18,758 [INFO] rit_api: MARKET BUY 4643 RTM -> order_id=18136
2026-02-18 23:18:18,759 [INFO] trading_engine: HEDGE BUY 4643 RTM | delta -4643 -> ~0 | target -0 (0% of limit 7000) | interval 1t
2026-02-18 23:18:19,795 [INFO] rit_api: MARKET BUY 1895 RTM -> order_id=18191
2026-02-18 23:18:19,796 [INFO] trading_engine: HEDGE BUY 1895 RTM | delta -1895 -> ~0 | target -0 (0% of limit 7000) | interval 1t
2026-02-18 23:18:20,780 [INFO] rit_api: MARKET SELL 5000 RTM -> order_id=18241
2026-02-18 23:18:20,780 [INFO] trading_engine: HEDGE SELL 5000 RTM | delta 5000 -> ~0 | target 0 (0% of limit 7000) | interval 1t
2026-02-18 23:18:21,766 [INFO] rit_api: MARKET BUY 729 RTM -> order_id=18294
2026-02-18 23:18:21,766 [INFO] trading_engine: HEDGE BUY 729 RTM | delta -729 -> ~0 | target -0 (0% of limit 7000) | interval 1t
2026-02-18 23:18:22,765 [INFO] rit_api: MARKET SELL 1210 RTM -> order_id=18402
2026-02-18 23:18:22,766 [INFO] trading_engine: HEDGE SELL 1210 RTM | delta 1210 -> ~-0 | target 0 (0% of limit 7000) | interval 1t
2026-02-18 23:18:23,768 [INFO] rit_api: MARKET BUY 3910 RTM -> order_id=18451
2026-02-18 23:18:23,768 [INFO] trading_engine: HEDGE BUY 3910 RTM | delta -3910 -> ~-0 | target -0 (0% of limit 7000) | interval 1t
2026-02-18 23:18:24,801 [INFO] rit_api: MARKET BUY 390 RTM -> order_id=18509
2026-02-18 23:18:24,801 [INFO] trading_engine: HEDGE BUY 390 RTM | delta -390 -> ~-0 | target -0 (0% of limit 7000) | interval 1t
2026-02-18 23:18:25,776 [INFO] rit_api: MARKET BUY 196 RTM -> order_id=18560
2026-02-18 23:18:25,776 [INFO] trading_engine: HEDGE BUY 196 RTM | delta -196 -> ~0 | target -0 (0% of limit 7000) | interval 1t
2026-02-18 23:18:26,750 [INFO] rit_api: MARKET BUY 52 RTM1C49 -> order_id=18638
2026-02-18 23:18:26,770 [INFO] rit_api: MARKET BUY 52 RTM1P49 -> order_id=18639
2026-02-18 23:18:26,790 [INFO] rit_api: MARKET SELL 18 RTM -> order_id=18641
2026-02-18 23:18:26,790 [INFO] trading_engine: SCHEDULED CLOSE tick 255: options_closed=104 stock_closed=18 orders=3
2026-02-18 23:18:26,790 [INFO] trading_engine: Scheduled close week 4 tick 255 (window 255-260), trades=3
2026-02-18 23:18:27,807 [INFO] rit_api: MARKET BUY 52 RTM1C49 -> order_id=18693
2026-02-18 23:18:27,827 [INFO] rit_api: MARKET BUY 52 RTM1P49 -> order_id=18696
2026-02-18 23:18:27,848 [INFO] rit_api: MARKET SELL 18 RTM -> order_id=18699
2026-02-18 23:18:27,848 [INFO] trading_engine: SCHEDULED CLOSE tick 256: options_closed=104 stock_closed=18 orders=3
2026-02-18 23:18:27,848 [INFO] trading_engine: Scheduled close week 4 tick 256 (window 255-260), trades=3
2026-02-18 23:18:28,869 [INFO] rit_api: MARKET BUY 52 RTM1C49 -> order_id=18749
2026-02-18 23:18:28,889 [INFO] rit_api: MARKET BUY 52 RTM1P49 -> order_id=18751
2026-02-18 23:18:28,909 [INFO] rit_api: MARKET SELL 18 RTM -> order_id=18752
2026-02-18 23:18:28,909 [INFO] trading_engine: SCHEDULED CLOSE tick 257: options_closed=104 stock_closed=18 orders=3
2026-02-18 23:18:28,909 [INFO] trading_engine: Scheduled close week 4 tick 257 (window 255-260), trades=3
2026-02-18 23:18:29,818 [INFO] rit_api: MARKET BUY 52 RTM1C49 -> order_id=18805
2026-02-18 23:18:29,838 [INFO] rit_api: MARKET BUY 52 RTM1P49 -> order_id=18808
2026-02-18 23:18:29,858 [INFO] rit_api: MARKET SELL 17 RTM -> order_id=18810
2026-02-18 23:18:29,858 [INFO] trading_engine: SCHEDULED CLOSE tick 258: options_closed=104 stock_closed=17 orders=3
2026-02-18 23:18:29,858 [INFO] trading_engine: Scheduled close week 4 tick 258 (window 255-260), trades=3
2026-02-18 23:18:30,823 [INFO] rit_api: MARKET BUY 51 RTM1C49 -> order_id=18861
2026-02-18 23:18:30,843 [INFO] rit_api: MARKET BUY 51 RTM1P49 -> order_id=18863
2026-02-18 23:18:30,863 [INFO] rit_api: MARKET SELL 17 RTM -> order_id=18864
2026-02-18 23:18:30,864 [INFO] trading_engine: SCHEDULED CLOSE tick 259: options_closed=102 stock_closed=17 orders=3
2026-02-18 23:18:30,864 [INFO] trading_engine: Scheduled close week 4 tick 259 (window 255-260), trades=3
2026-02-18 23:18:31,822 [INFO] rit_api: MARKET BUY 51 RTM1C49 -> order_id=18916
2026-02-18 23:18:31,843 [INFO] rit_api: MARKET BUY 51 RTM1P49 -> order_id=18917
2026-02-18 23:18:31,864 [INFO] rit_api: MARKET SELL 17 RTM -> order_id=18918
2026-02-18 23:18:31,864 [INFO] trading_engine: SCHEDULED CLOSE tick 260: options_closed=102 stock_closed=17 orders=3
2026-02-18 23:18:31,865 [INFO] trading_engine: Scheduled close week 4 tick 260 (window 255-260), trades=3
2026-02-18 23:18:32,818 [INFO] trading_engine: Position flat. Waiting for next scheduled positioning tick.
2026-02-18 23:19:26,258 [ERROR] rit_api: GET /case error: HTTPConnectionPool(host='localhost', port=9999): Read timed out. (read timeout=5)
2026-02-18 23:19:31,279 [ERROR] rit_api: GET /case error: HTTPConnectionPool(host='localhost', port=9999): Read timed out. (read timeout=5)
2026-02-18 23:19:36,804 [ERROR] rit_api: GET /case error: HTTPConnectionPool(host='localhost', port=9999): Read timed out. (read timeout=5)
2026-02-18 23:19:42,321 [ERROR] rit_api: GET /case error: HTTPConnectionPool(host='localhost', port=9999): Read timed out. (read timeout=5)
2026-02-18 23:19:47,838 [ERROR] rit_api: GET /case error: HTTPConnectionPool(host='localhost', port=9999): Read timed out. (read timeout=5)
2026-02-18 23:19:53,348 [WARNING] rit_api: POST /commands/cancel returned 401: {"code":"UNAUTHORIZED","message":"Simulation must be running."}
2026-02-18 23:19:58,359 [ERROR] rit_api: GET /trader error: HTTPConnectionPool(host='localhost', port=9999): Read timed out. (read timeout=5)
