2026-02-15 09:50:01,657 [INFO] news_parser: NEWS: Current realized vol = 15.0% (history: ['15%']) [NOW USING REALIZED]
2026-02-15 09:50:24,178 [INFO] news_parser: NEWS: Forecast vol next week = 30.0% - 35.0% (mid=32.5%) [NOW USING FORECAST]
2026-02-15 09:51:02,417 [INFO] news_parser: NEWS: Current realized vol = 32.0% (history: ['15%', '32%']) [NOW USING REALIZED]
2026-02-15 09:51:02,421 [INFO] trading_engine: WEEK 3 positioning tick 150
2026-02-15 09:51:03,451 [INFO] trading_engine: No delta limit from news, using default 10000
2026-02-15 09:51:03,452 [INFO] optimizer: ============================================================
2026-02-15 09:51:03,456 [INFO] optimizer: OPTIMIZER RESULT: n*=400 LONG straddles @ strike 51
2026-02-15 09:51:03,456 [INFO] optimizer:   Expected profit: $18121.40
2026-02-15 09:51:03,456 [INFO] optimizer:   Gain/contract: $51.5574 | Pos cost/contract: $4.0200
2026-02-15 09:51:03,456 [INFO] optimizer:   Rebalancing cost: $893.57 | Z=1.04
2026-02-15 09:51:03,456 [INFO] optimizer:   Inputs: S0=50.53 sigma=0.3200 sigma_hat=0.1240 L=10000 Gamma=24.1095
2026-02-15 09:51:03,456 [INFO] optimizer:   Spreads: Bo=0.0400 Bs=0.0200 T=0.019231
2026-02-15 09:51:03,456 [INFO] optimizer: ============================================================
2026-02-15 09:51:03,538 [INFO] rit_api: MARKET BUY 100 RTM1C51 -> order_id=7615
2026-02-15 09:51:03,599 [INFO] rit_api: MARKET BUY 100 RTM1P51 -> order_id=7625
2026-02-15 09:51:03,666 [INFO] rit_api: MARKET BUY 100 RTM1C51 -> order_id=7626
2026-02-15 09:51:03,725 [INFO] rit_api: MARKET BUY 100 RTM1P51 -> order_id=7627
2026-02-15 09:51:03,786 [INFO] rit_api: MARKET BUY 100 RTM1C51 -> order_id=7628
2026-02-15 09:51:03,844 [INFO] rit_api: MARKET BUY 100 RTM1P51 -> order_id=7629
2026-02-15 09:51:03,904 [INFO] rit_api: MARKET BUY 100 RTM1C51 -> order_id=7630
2026-02-15 09:51:03,963 [INFO] rit_api: MARKET BUY 100 RTM1P51 -> order_id=7631
2026-02-15 09:51:03,963 [INFO] trading_engine: STRADDLE BUY 400/400 @ K=51: 8 orders (400C+400P filled)
2026-02-15 09:51:03,963 [INFO] trading_engine: POSITIONED: 400 LONG straddles @ 51 (week 3, expected $18121)
2026-02-15 09:51:27,701 [INFO] rit_api: MARKET SELL 9054 RTM -> order_id=8810
2026-02-15 09:51:27,701 [INFO] trading_engine: HEDGE SELL 9054 RTM | delta 9054 -> ~-0 | limit 10000 (91%)
2026-02-15 09:51:38,712 [INFO] rit_api: MARKET SELL 10000 RTM -> order_id=9344
2026-02-15 09:51:38,713 [INFO] trading_engine: HEDGE SELL 10000 RTM | delta 10512 -> ~512 | limit 10000 (105%)
2026-02-15 09:51:39,573 [INFO] news_parser: NEWS: Forecast vol next week = 30.0% - 35.0% (mid=32.5%) [NOW USING FORECAST]
2026-02-15 09:52:09,988 [INFO] rit_api: MARKET BUY 10000 RTM -> order_id=10724
2026-02-15 09:52:09,989 [INFO] trading_engine: HEDGE BUY 10000 RTM | delta -11526 -> ~-1526 | limit 10000 (115%)
2026-02-15 09:52:17,736 [INFO] news_parser: NEWS: Current realized vol = 34.0% (history: ['15%', '32%', '34%']) [NOW USING REALIZED]
2026-02-15 09:52:17,742 [INFO] trading_engine: WEEK 4 positioning tick 225
2026-02-15 09:52:17,742 [INFO] trading_engine: No delta limit from news, using default 10000
2026-02-15 09:52:17,743 [INFO] optimizer: ============================================================
2026-02-15 09:52:17,744 [INFO] optimizer: OPTIMIZER RESULT: n*=152 LONG straddles @ strike 52
2026-02-15 09:52:17,744 [INFO] optimizer:   Expected profit: $203.85
2026-02-15 09:52:17,744 [INFO] optimizer:   Gain/contract: $6.6916 | Pos cost/contract: $4.0200
2026-02-15 09:52:17,744 [INFO] optimizer:   Rebalancing cost: $202.23 | Z=2.12
2026-02-15 09:52:17,745 [INFO] optimizer:   Inputs: S0=52.17 sigma=0.3400 sigma_hat=0.3277 L=10000 Gamma=31.0357
2026-02-15 09:52:17,745 [INFO] optimizer:   Spreads: Bo=0.0400 Bs=0.0200 T=0.019231
2026-02-15 09:52:17,745 [INFO] optimizer: ============================================================
2026-02-15 09:52:17,745 [INFO] trading_engine: HOLD THROUGH week 4: same direction=LONG strike=51 (saved $3200 in repositioning costs)
2026-02-15 09:52:32,089 [INFO] rit_api: MARKET BUY 10000 RTM -> order_id=11910
2026-02-15 09:52:32,090 [INFO] trading_engine: HEDGE BUY 10000 RTM | delta -10046 -> ~-46 | limit 10000 (100%)
2026-02-15 09:52:51,231 [INFO] rit_api: MARKET SELL 10000 RTM -> order_id=12760
2026-02-15 09:52:51,231 [INFO] trading_engine: HEDGE SELL 10000 RTM | delta 11497 -> ~1497 | limit 10000 (115%)
2026-02-15 09:52:56,263 [INFO] rit_api: MARKET SELL 9818 RTM -> order_id=12995
2026-02-15 09:52:56,263 [INFO] trading_engine: HEDGE SELL 9818 RTM | delta 9818 -> ~-0 | limit 10000 (98%)
2026-02-15 09:53:01,382 [INFO] rit_api: MARKET SELL 9393 RTM -> order_id=13219
2026-02-15 09:53:01,383 [INFO] trading_engine: HEDGE SELL 9393 RTM | delta 9393 -> ~0 | limit 10000 (94%)
2026-02-15 09:53:03,172 [INFO] trading_engine: ENTERING UNWIND at tick 270
2026-02-15 09:53:03,290 [INFO] rit_api: MARKET SELL 100 RTM1C51 -> order_id=13309
2026-02-15 09:53:03,356 [INFO] rit_api: MARKET SELL 100 RTM1C51 -> order_id=13310
2026-02-15 09:53:03,417 [INFO] rit_api: MARKET SELL 100 RTM1C51 -> order_id=13312
2026-02-15 09:53:03,478 [INFO] rit_api: MARKET SELL 100 RTM1C51 -> order_id=13313
2026-02-15 09:53:03,543 [INFO] rit_api: MARKET SELL 100 RTM1P51 -> order_id=13314
2026-02-15 09:53:03,603 [INFO] rit_api: MARKET SELL 100 RTM1P51 -> order_id=13315
2026-02-15 09:53:03,665 [INFO] rit_api: MARKET SELL 100 RTM1P51 -> order_id=13316
2026-02-15 09:53:03,724 [INFO] rit_api: MARKET SELL 100 RTM1P51 -> order_id=13317
2026-02-15 09:53:03,792 [INFO] rit_api: MARKET BUY 10000 RTM -> order_id=13318
2026-02-15 09:53:03,852 [INFO] rit_api: MARKET BUY 10000 RTM -> order_id=13319
2026-02-15 09:53:03,911 [INFO] rit_api: MARKET BUY 8265 RTM -> order_id=13320
2026-02-15 09:53:57,481 [ERROR] rit_api: GET /case error: HTTPConnectionPool(host='localhost', port=9998): Read timed out. (read timeout=5)
2026-02-15 09:54:02,489 [ERROR] rit_api: GET /case error: HTTPConnectionPool(host='localhost', port=9998): Read timed out. (read timeout=5)
2026-02-15 09:54:08,027 [ERROR] rit_api: GET /case error: HTTPConnectionPool(host='localhost', port=9998): Read timed out. (read timeout=5)
2026-02-15 09:54:15,520 [WARNING] rit_api: GET /case returned 401
2026-02-15 09:54:15,522 [WARNING] rit_api: GET /case returned 401
2026-02-15 09:54:15,830 [WARNING] rit_api: POST /commands/cancel returned 401: {"code":"UNAUTHORIZED","message":"Must be logged in."}
2026-02-15 09:54:15,833 [WARNING] rit_api: GET /trader returned 401
