2026-02-08 18:22:25,684 [INFO] news_parser: NEWS: Delta limit = 10000
2026-02-08 18:22:25,685 [INFO] news_parser: NEWS: Penalty rate = 2.00%
2026-02-08 18:22:26,400 [INFO] rit_api: MARKET SELL 50 RTM1C50 -> order_id=85
2026-02-08 18:22:26,459 [INFO] rit_api: MARKET SELL 50 RTM1P50 -> order_id=86
2026-02-08 18:23:39,762 [INFO] news_parser: NEWS: Current realized vol = 33.0% (history: ['33%'])
2026-02-08 18:23:39,834 [INFO] rit_api: MARKET BUY 50 RTM1C50 -> order_id=3523
2026-02-08 18:23:39,897 [INFO] rit_api: MARKET BUY 50 RTM1P50 -> order_id=3525
2026-02-08 18:23:39,960 [INFO] rit_api: MARKET BUY 50 RTM1C49 -> order_id=3527
2026-02-08 18:23:40,021 [INFO] rit_api: MARKET BUY 50 RTM1P49 -> order_id=3529
2026-02-08 18:23:40,092 [INFO] rit_api: MARKET SELL 5000 RTM -> order_id=3530
2026-02-08 18:23:40,802 [INFO] rit_api: MARKET BUY 10000 RTM -> order_id=3575
2026-02-08 18:24:12,945 [INFO] rit_api: MARKET SELL 10000 RTM -> order_id=5178
2026-02-08 18:24:20,009 [INFO] rit_api: MARKET BUY 10000 RTM -> order_id=5544
2026-02-08 18:24:25,007 [INFO] rit_api: MARKET SELL 10000 RTM -> order_id=5804
2026-02-08 18:24:52,270 [INFO] rit_api: MARKET BUY 10000 RTM -> order_id=7100
2026-02-08 18:24:53,228 [INFO] rit_api: MARKET SELL 10000 RTM -> order_id=7154
2026-02-08 18:24:55,157 [INFO] news_parser: NEWS: Current realized vol = 31.0% (history: ['33%', '31%'])
2026-02-08 18:24:55,234 [INFO] rit_api: MARKET SELL 100 RTM1C49 -> order_id=7257
2026-02-08 18:24:55,295 [INFO] rit_api: MARKET SELL 100 RTM1P49 -> order_id=7259
2026-02-08 18:24:55,369 [INFO] rit_api: MARKET BUY 4665 RTM -> order_id=7262
2026-02-08 18:26:10,542 [INFO] news_parser: NEWS: Current realized vol = 26.0% (history: ['33%', '31%', '26%'])
2026-02-08 18:26:10,612 [INFO] rit_api: MARKET BUY 100 RTM1C49 -> order_id=11003
2026-02-08 18:26:10,671 [INFO] rit_api: MARKET BUY 100 RTM1P49 -> order_id=11005
2026-02-08 18:26:10,736 [INFO] rit_api: MARKET SELL 4665 RTM -> order_id=11006
2026-02-08 18:26:11,571 [INFO] rit_api: MARKET BUY 10000 RTM -> order_id=11049
2026-02-08 18:26:12,662 [INFO] rit_api: MARKET SELL 10000 RTM -> order_id=11108
2026-02-08 18:26:14,656 [INFO] rit_api: MARKET BUY 10000 RTM -> order_id=11219
2026-02-08 18:26:18,712 [INFO] rit_api: MARKET SELL 10000 RTM -> order_id=11432
2026-02-08 18:26:24,690 [INFO] rit_api: MARKET BUY 10000 RTM -> order_id=11691
2026-02-08 18:26:29,762 [INFO] rit_api: MARKET SELL 10000 RTM -> order_id=11963
2026-02-08 18:27:29,295 [WARNING] rit_api: POST /commands/cancel returned 401: {"code":"UNAUTHORIZED","message":"Simulation must be running."}
