2026-02-09 12:05:49,623 [INFO] news_parser: NEWS: Current realized vol = 22.0% (history: ['22%'])
2026-02-09 12:05:49,717 [INFO] rit_api: MARKET BUY 10 RTM1C52 -> order_id=10074
2026-02-09 12:05:49,777 [INFO] rit_api: MARKET BUY 10 RTM1P52 -> order_id=10075
2026-02-09 12:08:48,705 [INFO] rit_api: MARKET SELL 10 RTM1C50 -> order_id=112
2026-02-09 12:08:48,764 [INFO] rit_api: MARKET SELL 10 RTM1P50 -> order_id=113
2026-02-09 12:10:01,862 [INFO] news_parser: NEWS: Current realized vol = 32.0% (history: ['32%'])
2026-02-09 12:10:01,936 [INFO] rit_api: MARKET BUY 10 RTM1C50 -> order_id=3249
2026-02-09 12:10:01,995 [INFO] rit_api: MARKET BUY 10 RTM1P50 -> order_id=3250
2026-02-09 12:10:02,962 [INFO] rit_api: MARKET BUY 10 RTM1C49 -> order_id=3321
2026-02-09 12:10:03,019 [INFO] rit_api: MARKET BUY 10 RTM1P49 -> order_id=3322
2026-02-09 12:11:17,263 [INFO] news_parser: NEWS: Current realized vol = 30.0% (history: ['32%', '30%'])
2026-02-09 12:11:17,341 [INFO] rit_api: MARKET SELL 10 RTM1C49 -> order_id=6639
2026-02-09 12:11:17,402 [INFO] rit_api: MARKET SELL 10 RTM1P49 -> order_id=6640
2026-02-09 12:11:18,391 [INFO] rit_api: MARKET BUY 10 RTM1C48 -> order_id=6683
2026-02-09 12:11:18,451 [INFO] rit_api: MARKET BUY 10 RTM1P48 -> order_id=6684
2026-02-09 12:12:32,702 [INFO] news_parser: NEWS: Current realized vol = 31.0% (history: ['32%', '30%', '31%'])
2026-02-09 12:12:32,771 [INFO] rit_api: MARKET SELL 10 RTM1C48 -> order_id=9936
2026-02-09 12:12:32,832 [INFO] rit_api: MARKET SELL 10 RTM1P48 -> order_id=9937
2026-02-09 12:12:33,678 [INFO] rit_api: MARKET BUY 10 RTM1C50 -> order_id=9980
2026-02-09 12:12:33,736 [INFO] rit_api: MARKET BUY 10 RTM1P50 -> order_id=9981
2026-02-09 12:14:00,521 [WARNING] rit_api: POST /commands/cancel returned 401: {"code":"UNAUTHORIZED","message":"Simulation must be running."}
