2026-02-16 11:57:21,136 [INFO] api: LIMIT SELL 10000 RED @ 25.10
2026-02-16 11:57:21,198 [INFO] api: LIMIT SELL 3025 RED @ 25.10
2026-02-16 11:57:22,146 [INFO] api: LIMIT SELL 10000 RED @ 25.11
2026-02-16 11:57:22,207 [INFO] api: LIMIT SELL 1794 RED @ 25.11
2026-02-16 11:57:23,233 [INFO] api: LIMIT SELL 10000 RED @ 25.09
2026-02-16 11:57:23,320 [INFO] api: LIMIT SELL 679 RED @ 25.09
2026-02-16 11:57:24,253 [INFO] api: LIMIT SELL 9670 RED @ 25.12
2026-02-16 11:57:25,523 [INFO] api: LIMIT SELL 8756 RED @ 25.14
2026-02-16 11:57:26,290 [INFO] api: LIMIT SELL 7692 RED @ 25.14
2026-02-16 11:57:27,162 [INFO] api: LIMIT SELL 1239 RED @ 25.16
2026-02-16 11:57:28,146 [INFO] api: LIMIT SELL 1186 RED @ 25.16
2026-02-16 11:57:29,145 [INFO] api: LIMIT SELL 1135 RED @ 25.16
2026-02-16 11:57:30,164 [INFO] api: LIMIT SELL 1086 RED @ 25.14
2026-02-16 11:57:31,149 [INFO] api: LIMIT SELL 1039 RED @ 25.10
2026-02-16 11:57:32,145 [INFO] api: LIMIT SELL 994 RED @ 25.12
2026-02-16 11:57:33,169 [INFO] api: LIMIT SELL 951 RED @ 25.16
2026-02-16 11:57:34,158 [INFO] api: LIMIT SELL 910 RED @ 25.16
2026-02-16 11:57:35,178 [INFO] api: LIMIT SELL 871 RED @ 25.16
2026-02-16 11:57:36,174 [INFO] api: LIMIT SELL 834 RED @ 25.17
2026-02-16 11:57:37,169 [INFO] api: LIMIT SELL 798 RED @ 25.16
2026-02-16 11:57:38,186 [INFO] api: LIMIT SELL 763 RED @ 25.14
2026-02-16 11:57:39,183 [INFO] api: LIMIT SELL 731 RED @ 25.12
2026-02-16 11:57:40,210 [INFO] api: LIMIT SELL 699 RED @ 25.12
2026-02-16 11:57:41,193 [INFO] api: LIMIT SELL 669 RED @ 25.12
2026-02-16 11:57:42,211 [INFO] api: LIMIT SELL 479 RED @ 25.12
2026-02-16 12:00:27,144 [INFO] api: LIMIT BUY 6754 RED @ 25.20
2026-02-16 12:00:28,146 [INFO] api: LIMIT BUY 6456 RED @ 25.16
2026-02-16 12:00:29,147 [INFO] api: LIMIT BUY 6171 RED @ 25.12
2026-02-16 12:00:30,150 [INFO] api: LIMIT BUY 5898 RED @ 25.20
2026-02-16 12:00:31,146 [INFO] api: LIMIT BUY 5638 RED @ 25.18
2026-02-16 12:00:32,142 [INFO] api: LIMIT BUY 5389 RED @ 25.18
2026-02-16 12:00:33,150 [INFO] api: LIMIT BUY 5151 RED @ 25.20
2026-02-16 12:00:34,151 [INFO] api: LIMIT BUY 4924 RED @ 25.20
2026-02-16 12:00:35,155 [INFO] api: LIMIT BUY 4706 RED @ 25.20
2026-02-16 12:00:36,165 [INFO] api: LIMIT BUY 4498 RED @ 25.20
2026-02-16 12:00:37,236 [INFO] api: LIMIT BUY 4300 RED @ 25.13
2026-02-16 12:00:38,167 [INFO] api: LIMIT BUY 4110 RED @ 25.04
2026-02-16 12:00:39,204 [INFO] api: LIMIT BUY 3928 RED @ 25.11
2026-02-16 12:00:40,199 [INFO] api: LIMIT BUY 3755 RED @ 25.09
2026-02-16 12:00:41,212 [INFO] api: LIMIT BUY 1256 RED @ 25.14
2026-02-16 12:00:42,268 [INFO] api: LIMIT BUY 1124 RED @ 25.05
2026-02-16 12:00:43,226 [INFO] api: LIMIT BUY 1035 RED @ 24.99
2026-02-16 12:00:44,194 [INFO] api: LIMIT BUY 952 RED @ 25.02
2026-02-16 12:00:45,246 [INFO] api: LIMIT BUY 877 RED @ 25.04
2026-02-16 12:00:46,208 [INFO] api: LIMIT BUY 807 RED @ 25.04
2026-02-16 12:00:47,244 [INFO] api: LIMIT BUY 743 RED @ 25.04
2026-02-16 12:00:48,233 [INFO] api: LIMIT BUY 684 RED @ 25.09
2026-02-16 12:00:49,233 [INFO] api: LIMIT BUY 630 RED @ 25.09
2026-02-16 12:00:50,232 [INFO] api: LIMIT BUY 214 RED @ 25.08
2026-02-16 12:12:06,698 [INFO] api: LIMIT SELL 8445 STRN @ 50.02
2026-02-16 12:12:07,699 [INFO] api: LIMIT SELL 7865 STRN @ 50.02
2026-02-16 12:12:08,707 [INFO] api: LIMIT SELL 7325 STRN @ 50.05
2026-02-16 12:12:09,713 [INFO] api: LIMIT SELL 6822 STRN @ 50.03
2026-02-16 12:12:10,723 [INFO] api: LIMIT SELL 6354 STRN @ 50.08
2026-02-16 12:12:11,724 [INFO] api: LIMIT SELL 5918 STRN @ 50.12
2026-02-16 12:12:12,718 [INFO] api: LIMIT SELL 5511 STRN @ 50.05
2026-02-16 12:12:13,750 [INFO] api: LIMIT SELL 5133 STRN @ 50.05
2026-02-16 12:12:14,717 [INFO] api: LIMIT SELL 3560 STRN @ 50.13
2026-02-16 12:12:15,817 [INFO] api: LIMIT SELL 559 STRN @ 50.16
2026-02-16 12:12:16,734 [INFO] api: LIMIT SELL 542 STRN @ 50.16
2026-02-16 12:12:17,765 [INFO] api: LIMIT SELL 525 STRN @ 50.14
2026-02-16 12:12:18,763 [INFO] api: LIMIT SELL 509 STRN @ 50.16
2026-02-16 12:12:38,912 [INFO] api: LIMIT SELL 536 STRN @ 49.88
2026-02-16 12:12:39,866 [INFO] api: LIMIT SELL 515 STRN @ 49.88
2026-02-16 12:16:32,246 [INFO] api: LIMIT BUY 5803 STRN @ 49.73
2026-02-16 12:16:33,244 [INFO] api: LIMIT BUY 5544 STRN @ 49.70
2026-02-16 12:16:34,256 [INFO] api: LIMIT BUY 5296 STRN @ 49.72
2026-02-16 12:16:35,253 [INFO] api: LIMIT BUY 5060 STRN @ 49.65
2026-02-16 12:16:36,247 [INFO] api: LIMIT BUY 4834 STRN @ 49.61
2026-02-16 12:16:37,292 [INFO] api: LIMIT BUY 4618 STRN @ 49.61
2026-02-16 12:16:38,286 [INFO] api: LIMIT BUY 4412 STRN @ 49.48
2026-02-16 12:16:39,298 [INFO] api: LIMIT BUY 4215 STRN @ 49.44
2026-02-16 12:16:40,596 [INFO] api: LIMIT BUY 4027 STRN @ 49.34
2026-02-16 12:16:41,301 [INFO] api: LIMIT BUY 3847 STRN @ 49.44
2026-02-16 12:16:42,333 [INFO] api: LIMIT BUY 3676 STRN @ 49.54
2026-02-16 12:16:43,331 [INFO] api: LIMIT BUY 3511 STRN @ 49.52
2026-02-16 12:16:44,338 [INFO] api: LIMIT BUY 3355 STRN @ 49.54
2026-02-16 12:16:45,343 [INFO] api: LIMIT BUY 3205 STRN @ 49.70
2026-02-16 12:16:46,338 [INFO] api: MARKET BUY 51 STRN
2026-02-16 12:16:47,329 [INFO] api: MARKET BUY 51 STRN
2026-02-16 12:16:48,329 [INFO] api: MARKET BUY 51 STRN
2026-02-16 12:16:49,354 [INFO] api: MARKET BUY 51 STRN
2026-02-16 12:16:50,352 [INFO] api: MARKET BUY 51 STRN
2026-02-16 12:16:51,351 [INFO] api: MARKET BUY 51 STRN
2026-02-16 12:16:52,357 [INFO] api: MARKET BUY 51 STRN
2026-02-16 12:16:53,351 [INFO] api: MARKET BUY 51 STRN
2026-02-16 12:16:54,350 [INFO] api: MARKET BUY 51 STRN
2026-02-16 12:16:55,356 [INFO] api: MARKET BUY 51 STRN
2026-02-16 12:16:56,391 [INFO] api: MARKET BUY 51 STRN
2026-02-16 12:16:57,386 [INFO] api: MARKET BUY 51 STRN
2026-02-16 12:16:58,389 [INFO] api: MARKET BUY 51 STRN
2026-02-16 12:16:59,392 [INFO] api: MARKET BUY 51 STRN
2026-02-16 12:17:00,396 [INFO] api: MARKET BUY 51 STRN
2026-02-16 12:17:01,431 [INFO] api: MARKET BUY 51 STRN
2026-02-16 12:17:02,433 [INFO] api: MARKET BUY 51 STRN
2026-02-16 12:17:03,432 [INFO] api: MARKET BUY 51 STRN
2026-02-16 12:17:04,431 [INFO] api: MARKET BUY 51 STRN
2026-02-16 12:17:05,430 [INFO] api: MARKET BUY 51 STRN
2026-02-16 12:17:06,462 [INFO] api: MARKET BUY 51 STRN
2026-02-16 12:17:07,454 [INFO] api: MARKET BUY 51 STRN
2026-02-16 12:17:08,475 [INFO] api: MARKET BUY 51 STRN
2026-02-16 12:17:09,503 [INFO] api: MARKET BUY 51 STRN
2026-02-16 12:17:10,514 [INFO] api: MARKET BUY 51 STRN
2026-02-16 12:17:10,579 [INFO] api: MARKET BUY 661 JPTR
2026-02-16 12:17:11,496 [INFO] api: MARKET BUY 51 STRN
2026-02-16 12:17:11,561 [INFO] api: MARKET BUY 661 JPTR
2026-02-16 12:17:12,514 [INFO] api: MARKET BUY 51 STRN
2026-02-16 12:17:12,580 [INFO] api: MARKET BUY 661 JPTR
2026-02-16 12:17:13,495 [INFO] api: MARKET BUY 51 STRN
2026-02-16 12:17:13,566 [INFO] api: MARKET BUY 661 JPTR
2026-02-16 12:17:14,487 [INFO] api: MARKET BUY 51 STRN
2026-02-16 12:17:14,552 [INFO] api: MARKET BUY 661 JPTR
2026-02-16 12:17:15,514 [INFO] api: MARKET BUY 51 STRN
2026-02-16 12:17:15,576 [INFO] api: MARKET BUY 661 JPTR
2026-02-16 12:17:16,500 [INFO] api: MARKET BUY 51 STRN
2026-02-16 12:17:16,562 [INFO] api: MARKET BUY 661 JPTR
2026-02-16 12:17:17,522 [INFO] api: MARKET BUY 51 STRN
2026-02-16 12:17:17,586 [INFO] api: MARKET BUY 661 JPTR
2026-02-16 12:17:18,527 [INFO] api: MARKET BUY 51 STRN
2026-02-16 12:17:18,596 [INFO] api: MARKET BUY 661 JPTR
2026-02-16 12:17:19,513 [INFO] api: MARKET BUY 51 STRN
2026-02-16 12:17:19,630 [INFO] api: MARKET BUY 661 JPTR
2026-02-16 12:17:20,510 [INFO] api: MARKET BUY 51 STRN
2026-02-16 12:17:20,579 [INFO] api: MARKET BUY 661 JPTR
2026-02-16 12:17:21,581 [INFO] api: MARKET BUY 51 STRN
2026-02-16 12:17:21,651 [INFO] api: MARKET BUY 661 JPTR
2026-02-16 12:17:22,587 [INFO] api: MARKET BUY 51 STRN
2026-02-16 12:17:22,652 [INFO] api: MARKET BUY 661 JPTR
2026-02-16 12:17:23,557 [INFO] api: MARKET BUY 51 STRN
2026-02-16 12:17:23,675 [INFO] api: MARKET BUY 661 JPTR
2026-02-16 12:17:24,595 [INFO] api: MARKET BUY 51 STRN
2026-02-16 12:17:24,663 [INFO] api: MARKET BUY 661 JPTR
2026-02-16 12:17:25,546 [INFO] api: MARKET BUY 51 STRN
2026-02-16 12:17:25,680 [INFO] api: MARKET BUY 661 JPTR
2026-02-16 12:17:26,680 [INFO] api: MARKET BUY 51 STRN
2026-02-16 12:17:26,848 [INFO] api: MARKET BUY 661 JPTR
2026-02-16 12:17:27,685 [INFO] api: MARKET BUY 51 STRN
2026-02-16 12:17:27,855 [INFO] api: MARKET BUY 661 JPTR
2026-02-16 12:17:28,693 [INFO] api: MARKET BUY 51 STRN
2026-02-16 12:17:28,843 [INFO] api: MARKET BUY 661 JPTR
2026-02-16 12:17:29,954 [INFO] api: MARKET BUY 51 STRN
2026-02-16 12:17:30,125 [INFO] api: MARKET BUY 661 JPTR
2026-02-16 12:17:30,753 [INFO] api: MARKET BUY 51 STRN
2026-02-16 12:17:30,862 [INFO] api: MARKET BUY 661 JPTR
2026-02-16 12:17:31,783 [INFO] api: MARKET BUY 51 STRN
2026-02-16 12:17:32,003 [INFO] api: MARKET BUY 661 JPTR
2026-02-16 12:17:32,712 [INFO] api: MARKET BUY 51 STRN
2026-02-16 12:17:32,785 [INFO] api: MARKET BUY 661 JPTR
2026-02-16 12:17:33,687 [INFO] api: MARKET BUY 51 STRN
2026-02-16 12:17:33,766 [INFO] api: MARKET BUY 661 JPTR
2026-02-16 12:17:34,695 [INFO] api: MARKET BUY 51 STRN
2026-02-16 12:17:34,779 [INFO] api: MARKET BUY 661 JPTR
2026-02-16 12:17:35,663 [INFO] api: MARKET BUY 51 STRN
2026-02-16 12:17:35,777 [INFO] api: MARKET BUY 661 JPTR
2026-02-16 12:17:36,760 [INFO] api: MARKET BUY 47 STRN
2026-02-16 12:17:36,866 [INFO] api: MARKET BUY 661 JPTR
2026-02-16 12:17:37,996 [INFO] api: MARKET BUY 661 JPTR
2026-02-16 12:17:38,762 [INFO] api: MARKET BUY 661 JPTR
2026-02-16 12:17:39,754 [INFO] api: MARKET BUY 661 JPTR
2026-02-16 12:17:40,736 [INFO] api: MARKET BUY 661 JPTR
2026-02-16 12:17:41,747 [INFO] api: MARKET BUY 661 JPTR
2026-02-16 12:17:42,818 [INFO] api: MARKET BUY 661 JPTR
2026-02-16 12:17:43,828 [INFO] api: MARKET BUY 661 JPTR
2026-02-16 12:17:45,269 [INFO] api: MARKET BUY 661 JPTR
2026-02-16 12:17:45,859 [INFO] api: MARKET BUY 661 JPTR
2026-02-16 12:17:46,698 [INFO] api: MARKET BUY 661 JPTR
2026-02-16 12:17:47,708 [INFO] api: MARKET BUY 661 JPTR
2026-02-16 12:17:48,714 [INFO] api: MARKET BUY 661 JPTR
2026-02-16 12:17:49,760 [INFO] api: MARKET BUY 661 JPTR
2026-02-16 12:17:50,757 [INFO] api: MARKET BUY 660 JPTR
2026-02-16 12:17:51,745 [INFO] api: MARKET BUY 660 JPTR
2026-02-16 12:17:52,749 [INFO] api: MARKET BUY 660 JPTR
2026-02-16 12:17:53,756 [INFO] api: MARKET BUY 660 JPTR
2026-02-16 12:17:54,796 [INFO] api: MARKET BUY 660 JPTR
2026-02-16 12:17:55,807 [INFO] api: MARKET BUY 660 JPTR
2026-02-16 12:17:56,809 [INFO] api: MARKET BUY 660 JPTR
2026-02-16 12:17:57,808 [INFO] api: MARKET BUY 660 JPTR
2026-02-16 12:17:58,809 [INFO] api: MARKET BUY 660 JPTR
2026-02-16 12:17:59,804 [INFO] api: MARKET BUY 660 JPTR
2026-02-16 12:18:00,792 [INFO] api: MARKET BUY 660 JPTR
2026-02-16 12:18:01,793 [INFO] api: MARKET BUY 660 JPTR
2026-02-16 12:18:02,792 [INFO] api: MARKET BUY 660 JPTR
2026-02-16 12:18:03,822 [INFO] api: MARKET BUY 660 JPTR
2026-02-16 12:18:04,814 [INFO] api: MARKET BUY 660 JPTR
2026-02-16 12:18:05,818 [INFO] api: MARKET BUY 660 JPTR
2026-02-16 12:18:06,855 [INFO] api: MARKET BUY 660 JPTR
2026-02-16 12:18:07,852 [INFO] api: MARKET BUY 660 JPTR
2026-02-16 12:18:08,863 [INFO] api: MARKET BUY 660 JPTR
2026-02-16 12:18:09,861 [INFO] api: MARKET BUY 660 JPTR
2026-02-16 12:18:10,861 [INFO] api: MARKET BUY 660 JPTR
2026-02-16 12:18:11,856 [INFO] api: MARKET BUY 660 JPTR
2026-02-16 12:18:12,861 [INFO] api: MARKET BUY 660 JPTR
2026-02-16 12:18:13,861 [INFO] api: MARKET BUY 660 JPTR
2026-02-16 12:18:14,895 [INFO] api: MARKET BUY 660 JPTR
2026-02-16 12:18:15,889 [INFO] api: MARKET BUY 660 JPTR
2026-02-16 12:18:16,898 [INFO] api: MARKET BUY 660 JPTR
2026-02-16 12:18:17,895 [INFO] api: MARKET BUY 660 JPTR
2026-02-16 12:18:18,907 [INFO] api: MARKET BUY 660 JPTR
2026-02-16 12:18:19,908 [INFO] api: MARKET BUY 660 JPTR
2026-02-16 12:18:20,908 [INFO] api: MARKET BUY 660 JPTR
2026-02-16 12:18:21,941 [INFO] api: MARKET BUY 660 JPTR
2026-02-16 12:18:22,976 [INFO] api: MARKET BUY 660 JPTR
2026-02-16 12:18:23,929 [INFO] api: MARKET BUY 660 JPTR
2026-02-16 12:18:24,935 [INFO] api: MARKET BUY 660 JPTR
2026-02-16 12:18:25,940 [INFO] api: MARKET BUY 660 JPTR
2026-02-16 12:18:26,943 [INFO] api: MARKET BUY 660 JPTR
2026-02-16 12:18:27,976 [INFO] api: MARKET BUY 660 JPTR
2026-02-16 12:18:28,966 [INFO] api: MARKET BUY 660 JPTR
2026-02-16 12:18:29,971 [INFO] api: MARKET BUY 660 JPTR
2026-02-16 12:18:31,010 [INFO] api: MARKET BUY 660 JPTR
2026-02-16 12:18:32,003 [INFO] api: MARKET BUY 10000 JPTR
2026-02-16 12:18:32,063 [INFO] api: MARKET BUY 6500 JPTR
2026-02-16 12:20:02,730 [WARNING] api: POST /commands/cancel returned 401: {"code":"UNAUTHORIZED","message":"Simulation must be running."}
