2026-02-16 10:46:36,773 [INFO] api: LIMIT BUY 7977 COMP @ 24.89
2026-02-16 10:46:37,755 [INFO] api: LIMIT BUY 7453 COMP @ 24.87
2026-02-16 10:46:38,783 [INFO] api: LIMIT BUY 6964 COMP @ 24.90
2026-02-16 10:46:39,804 [INFO] api: LIMIT BUY 6507 COMP @ 24.90
2026-02-16 10:46:40,784 [INFO] api: LIMIT BUY 6080 COMP @ 24.86
2026-02-16 10:46:41,796 [INFO] api: LIMIT BUY 5681 COMP @ 24.89
2026-02-16 10:46:42,817 [INFO] api: LIMIT BUY 5308 COMP @ 24.92
2026-02-16 10:46:43,805 [INFO] api: LIMIT BUY 4960 COMP @ 24.92
2026-02-16 10:46:44,826 [INFO] api: LIMIT BUY 4634 COMP @ 24.93
2026-02-16 10:46:45,851 [INFO] api: LIMIT BUY 899 COMP @ 24.93
2026-02-16 10:46:46,881 [INFO] api: LIMIT BUY 743 COMP @ 24.92
2026-02-16 10:46:47,825 [INFO] api: LIMIT BUY 710 COMP @ 24.88
2026-02-16 10:46:48,855 [INFO] api: LIMIT BUY 679 COMP @ 24.93
2026-02-16 10:46:49,852 [INFO] api: LIMIT BUY 650 COMP @ 24.94
2026-02-16 10:46:50,888 [INFO] api: LIMIT BUY 622 COMP @ 24.94
2026-02-16 10:46:51,873 [INFO] api: LIMIT BUY 595 COMP @ 24.94
2026-02-16 10:46:52,873 [INFO] api: LIMIT BUY 569 COMP @ 24.94
2026-02-16 10:46:53,904 [INFO] api: LIMIT BUY 544 COMP @ 24.94
2026-02-16 10:46:54,890 [INFO] api: LIMIT BUY 520 COMP @ 24.94
2026-02-16 10:47:05,935 [INFO] api: LIMIT BUY 10000 RITC @ 9.94
2026-02-16 10:47:05,995 [INFO] api: LIMIT BUY 3648 RITC @ 9.94
2026-02-16 10:47:06,939 [INFO] api: LIMIT BUY 10000 RITC @ 9.98
2026-02-16 10:47:06,998 [INFO] api: LIMIT BUY 2432 RITC @ 9.98
2026-02-16 10:47:07,949 [INFO] api: LIMIT BUY 10000 RITC @ 10.00
2026-02-16 10:47:08,006 [INFO] api: LIMIT BUY 1324 RITC @ 10.00
2026-02-16 10:47:08,955 [INFO] api: LIMIT BUY 10000 RITC @ 9.98
2026-02-16 10:47:09,013 [INFO] api: LIMIT BUY 316 RITC @ 9.98
2026-02-16 10:47:09,957 [INFO] api: LIMIT BUY 9397 RITC @ 10.00
2026-02-16 10:47:10,957 [INFO] api: LIMIT BUY 8560 RITC @ 10.00
2026-02-16 10:47:11,997 [INFO] api: LIMIT BUY 3341 RITC @ 10.01
2026-02-16 10:47:13,068 [INFO] api: LIMIT BUY 4665 RITC @ 10.01
2026-02-16 10:47:13,990 [INFO] api: LIMIT BUY 3941 RITC @ 9.96
2026-02-16 10:47:15,028 [INFO] api: LIMIT BUY 3330 RITC @ 10.01
2026-02-16 10:47:16,004 [INFO] api: LIMIT BUY 2813 RITC @ 10.01
2026-02-16 10:47:17,111 [INFO] api: LIMIT BUY 233 RITC @ 10.01
2026-02-16 10:47:37,108 [INFO] api: LIMIT SELL 8295 RITC @ 9.99
2026-02-16 10:47:38,102 [INFO] api: LIMIT SELL 7737 RITC @ 9.99
2026-02-16 10:47:39,093 [INFO] api: LIMIT SELL 7216 RITC @ 9.99
2026-02-16 10:47:40,118 [INFO] api: LIMIT SELL 6731 RITC @ 9.99
2026-02-16 10:47:41,102 [INFO] api: LIMIT SELL 6278 RITC @ 9.99
2026-02-16 10:47:42,128 [INFO] api: LIMIT SELL 5855 RITC @ 10.02
2026-02-16 10:47:43,114 [INFO] api: LIMIT SELL 5461 RITC @ 9.98
2026-02-16 10:47:44,153 [INFO] api: LIMIT SELL 5093 RITC @ 10.02
2026-02-16 10:47:45,214 [INFO] api: LIMIT SELL 4471 RITC @ 10.02
2026-02-16 10:47:46,248 [INFO] api: LIMIT SELL 2307 RITC @ 10.02
2026-02-16 10:47:47,153 [INFO] api: LIMIT SELL 2008 RITC @ 10.02
2026-02-16 10:47:48,141 [INFO] api: LIMIT SELL 1749 RITC @ 10.03
2026-02-16 10:47:49,153 [INFO] api: LIMIT SELL 1522 RITC @ 10.01
2026-02-16 10:47:50,147 [INFO] api: LIMIT SELL 1308 RITC @ 10.01
2026-02-16 10:49:38,782 [INFO] api: LIMIT SELL 7938 COMP @ 25.50
2026-02-16 10:49:39,763 [INFO] api: LIMIT SELL 7466 COMP @ 25.42
2026-02-16 10:49:40,788 [INFO] api: LIMIT SELL 7023 COMP @ 25.46
2026-02-16 10:49:41,774 [INFO] api: LIMIT SELL 6606 COMP @ 25.46
2026-02-16 10:49:42,796 [INFO] api: LIMIT SELL 6213 COMP @ 25.44
2026-02-16 10:49:43,775 [INFO] api: LIMIT SELL 5844 COMP @ 25.45
2026-02-16 10:49:44,808 [INFO] api: LIMIT SELL 5497 COMP @ 25.40
2026-02-16 10:49:45,793 [INFO] api: LIMIT SELL 5170 COMP @ 25.50
2026-02-16 10:49:46,816 [INFO] api: LIMIT SELL 4863 COMP @ 25.47
2026-02-16 10:49:47,815 [INFO] api: LIMIT SELL 4574 COMP @ 25.37
2026-02-16 10:49:48,799 [INFO] api: LIMIT SELL 1367 COMP @ 25.37
2026-02-16 10:49:49,910 [INFO] api: LIMIT SELL 1027 COMP @ 25.37
2026-02-16 10:49:50,809 [INFO] api: LIMIT SELL 965 COMP @ 25.37
2026-02-16 10:49:51,834 [INFO] api: LIMIT SELL 906 COMP @ 25.37
2026-02-16 10:49:52,815 [INFO] api: LIMIT SELL 851 COMP @ 25.40
2026-02-16 10:49:53,836 [INFO] api: LIMIT SELL 799 COMP @ 25.49
2026-02-16 10:49:54,817 [INFO] api: LIMIT SELL 750 COMP @ 25.40
2026-02-16 10:49:55,835 [INFO] api: LIMIT SELL 705 COMP @ 25.40
2026-02-16 10:49:56,863 [INFO] api: LIMIT SELL 662 COMP @ 25.47
2026-02-16 10:49:57,844 [INFO] api: LIMIT SELL 622 COMP @ 25.47
2026-02-16 10:49:58,866 [INFO] api: LIMIT SELL 584 COMP @ 25.47
2026-02-16 10:49:59,855 [INFO] api: LIMIT SELL 548 COMP @ 25.38
2026-02-16 10:50:00,877 [INFO] api: LIMIT SELL 20 COMP @ 25.38
2026-02-16 10:50:37,079 [INFO] api: LIMIT BUY 10000 RITC @ 10.17
2026-02-16 10:50:37,137 [INFO] api: LIMIT BUY 9684 RITC @ 10.17
2026-02-16 10:50:38,075 [INFO] api: LIMIT BUY 10000 RITC @ 10.17
2026-02-16 10:50:38,133 [INFO] api: LIMIT BUY 6483 RITC @ 10.17
2026-02-16 10:50:39,107 [INFO] api: LIMIT BUY 10000 RITC @ 10.15
2026-02-16 10:50:39,164 [INFO] api: LIMIT BUY 2327 RITC @ 10.15
2026-02-16 10:50:40,196 [INFO] api: LIMIT BUY 5277 RITC @ 10.17
2026-02-16 10:50:41,132 [INFO] api: LIMIT BUY 4686 RITC @ 10.17
2026-02-16 10:50:42,122 [INFO] api: LIMIT BUY 4161 RITC @ 10.19
2026-02-16 10:50:43,105 [INFO] api: LIMIT BUY 3695 RITC @ 10.15
2026-02-16 10:50:44,125 [INFO] api: LIMIT BUY 3281 RITC @ 10.15
2026-02-16 10:50:45,110 [INFO] api: LIMIT BUY 2406 RITC @ 10.15
2026-02-16 10:51:38,414 [INFO] api: LIMIT SELL 10000 COMP @ 26.49
2026-02-16 10:51:38,471 [INFO] api: LIMIT SELL 6918 COMP @ 26.49
2026-02-16 10:51:39,408 [INFO] api: LIMIT SELL 10000 COMP @ 26.46
2026-02-16 10:51:39,466 [INFO] api: LIMIT SELL 4327 COMP @ 26.46
2026-02-16 10:51:40,404 [INFO] api: LIMIT SELL 10000 COMP @ 26.44
2026-02-16 10:51:40,463 [INFO] api: LIMIT SELL 2133 COMP @ 26.44
2026-02-16 10:51:41,446 [INFO] api: LIMIT SELL 1645 COMP @ 26.41
2026-02-16 10:51:42,525 [INFO] api: LIMIT SELL 2477 COMP @ 26.44
2026-02-16 10:51:43,539 [INFO] api: LIMIT SELL 2324 COMP @ 26.46
2026-02-16 10:51:44,476 [INFO] api: LIMIT SELL 2180 COMP @ 26.46
2026-02-16 10:51:45,466 [INFO] api: LIMIT SELL 2045 COMP @ 26.46
2026-02-16 10:51:46,452 [INFO] api: LIMIT SELL 1918 COMP @ 26.53
2026-02-16 10:51:47,474 [INFO] api: LIMIT SELL 1799 COMP @ 26.53
2026-02-16 10:51:48,500 [INFO] api: LIMIT SELL 1688 COMP @ 26.39
2026-02-16 10:51:49,484 [INFO] api: LIMIT SELL 1583 COMP @ 26.37
2026-02-16 10:51:50,472 [INFO] api: LIMIT SELL 1485 COMP @ 26.37
2026-02-16 10:51:51,493 [INFO] api: LIMIT SELL 1393 COMP @ 26.32
2026-02-16 10:51:52,514 [INFO] api: LIMIT SELL 1085 COMP @ 26.32
2026-02-16 10:53:39,087 [INFO] api: MARKET SELL 1725 RITC
2026-02-16 10:53:40,069 [INFO] api: MARKET SELL 1725 RITC
2026-02-16 10:53:41,086 [INFO] api: MARKET SELL 1725 RITC
2026-02-16 10:53:42,067 [INFO] api: MARKET SELL 1725 RITC
2026-02-16 10:53:43,086 [INFO] api: MARKET SELL 1725 RITC
2026-02-16 10:53:44,103 [INFO] api: MARKET SELL 1725 RITC
2026-02-16 10:53:45,121 [INFO] api: MARKET SELL 1725 RITC
2026-02-16 10:53:46,110 [INFO] api: MARKET SELL 1725 RITC
2026-02-16 10:53:47,131 [INFO] api: MARKET SELL 1725 RITC
2026-02-16 10:53:48,116 [INFO] api: MARKET SELL 1725 RITC
2026-02-16 10:53:49,141 [INFO] api: MARKET SELL 1725 RITC
2026-02-16 10:53:50,123 [INFO] api: MARKET SELL 1725 RITC
2026-02-16 10:53:51,150 [INFO] api: MARKET SELL 1725 RITC
2026-02-16 10:53:52,169 [INFO] api: MARKET SELL 1725 RITC
2026-02-16 10:53:53,152 [INFO] api: MARKET SELL 1725 RITC
2026-02-16 10:53:54,172 [INFO] api: MARKET SELL 10000 RITC
2026-02-16 10:53:54,230 [INFO] api: MARKET SELL 10000 RITC
2026-02-16 10:53:54,289 [INFO] api: MARKET SELL 10000 RITC
2026-02-16 10:53:54,347 [INFO] api: MARKET SELL 10000 RITC
2026-02-16 10:53:54,405 [INFO] api: MARKET SELL 3125 RITC
2026-02-16 10:54:23,740 [WARNING] api: GET /case returned 401
2026-02-16 10:54:24,243 [WARNING] api: GET /case returned 401
2026-02-16 10:54:24,746 [WARNING] api: GET /case returned 401
2026-02-16 10:54:25,248 [WARNING] api: GET /case returned 401
2026-02-16 10:54:25,750 [WARNING] api: GET /case returned 401
2026-02-16 10:54:26,252 [WARNING] api: GET /case returned 401
2026-02-16 10:54:26,755 [WARNING] api: GET /case returned 401
2026-02-16 10:54:27,257 [WARNING] api: GET /case returned 401
2026-02-16 10:54:27,760 [WARNING] api: GET /case returned 401
2026-02-16 10:54:28,262 [WARNING] api: GET /case returned 401
2026-02-16 10:54:28,765 [WARNING] api: GET /case returned 401
2026-02-16 10:54:29,268 [WARNING] api: GET /case returned 401
2026-02-16 10:54:29,770 [WARNING] api: GET /case returned 401
2026-02-16 10:54:30,272 [WARNING] api: GET /case returned 401
2026-02-16 10:54:30,775 [WARNING] api: GET /case returned 401
2026-02-16 10:54:31,276 [WARNING] api: GET /case returned 401
2026-02-16 10:54:31,690 [WARNING] api: POST /commands/cancel returned 401: {"code":"UNAUTHORIZED","message":"Must be logged in."}
2026-02-16 10:54:31,691 [WARNING] api: GET /trader returned 401
