2026-02-16 10:32:38,773 [INFO] news_parser: NEWS: Current realized vol = 25.0%
2026-02-16 10:32:38,840 [INFO] rit_api: MARKET SELL 47 RTM1C50 -> order_id=10616
2026-02-16 10:32:38,898 [INFO] rit_api: MARKET SELL 47 RTM1P50 -> order_id=10617
2026-02-16 10:32:38,956 [INFO] rit_api: MARKET SELL 45 RTM1C49 -> order_id=10618
2026-02-16 10:32:39,015 [INFO] rit_api: MARKET SELL 45 RTM1P49 -> order_id=10661
2026-02-16 10:32:39,099 [INFO] rit_api: MARKET SELL 44 RTM1C51 -> order_id=10662
2026-02-16 10:32:39,161 [INFO] rit_api: MARKET SELL 44 RTM1P51 -> order_id=10663
2026-02-16 10:32:39,228 [INFO] rit_api: MARKET SELL 38 RTM1C48 -> order_id=10664
2026-02-16 10:32:39,287 [INFO] rit_api: MARKET SELL 38 RTM1P48 -> order_id=10665
2026-02-16 10:32:39,359 [INFO] rit_api: MARKET SELL 37 RTM1C52 -> order_id=10666
2026-02-16 10:32:39,418 [INFO] rit_api: MARKET SELL 37 RTM1P52 -> order_id=10667
2026-02-16 10:32:39,482 [INFO] rit_api: MARKET BUY 2164 RTM -> order_id=10668
2026-02-16 10:32:39,813 [INFO] rit_api: MARKET SELL 1818 RTM -> order_id=10669
2026-02-16 10:32:44,203 [INFO] rit_api: MARKET SELL 2967 RTM -> order_id=10885
2026-02-16 10:32:46,124 [INFO] news_parser: NEWS: Forecast vol next week = 34.0% - 39.0%
2026-02-16 10:32:47,211 [INFO] rit_api: MARKET SELL 1604 RTM -> order_id=11138
2026-02-16 10:32:48,169 [INFO] rit_api: MARKET BUY 1096 RTM -> order_id=11183
2026-02-16 10:32:49,147 [INFO] rit_api: MARKET BUY 1322 RTM -> order_id=11229
2026-02-16 10:32:50,114 [INFO] rit_api: MARKET SELL 1553 RTM -> order_id=11274
2026-02-16 10:32:54,219 [INFO] rit_api: MARKET BUY 2062 RTM -> order_id=11510
2026-02-16 10:32:57,194 [INFO] rit_api: MARKET SELL 1373 RTM -> order_id=11643
2026-02-16 10:33:04,318 [INFO] rit_api: MARKET SELL 2129 RTM -> order_id=11985
2026-02-16 10:33:05,293 [INFO] rit_api: MARKET SELL 1242 RTM -> order_id=12032
2026-02-16 10:33:09,272 [INFO] rit_api: MARKET BUY 1887 RTM -> order_id=12215
2026-02-16 10:33:13,356 [INFO] rit_api: MARKET BUY 3938 RTM -> order_id=12412
2026-02-16 10:33:16,306 [INFO] rit_api: MARKET SELL 1145 RTM -> order_id=12555
2026-02-16 10:33:17,293 [INFO] rit_api: MARKET SELL 1030 RTM -> order_id=12607
2026-02-16 10:33:23,338 [INFO] rit_api: MARKET BUY 1104 RTM -> order_id=12909
2026-02-16 10:33:24,252 [INFO] news_parser: NEWS: Current realized vol = 35.0%
2026-02-16 10:33:24,315 [INFO] trading_engine: VOL REVERSAL at tick 150: -1 -> 1 (edge=9.8%)
2026-02-16 10:33:24,430 [INFO] rit_api: MARKET BUY 38 RTM1C48 -> order_id=12969
2026-02-16 10:33:24,487 [INFO] rit_api: MARKET BUY 38 RTM1P48 -> order_id=12974
2026-02-16 10:33:24,546 [INFO] rit_api: MARKET BUY 45 RTM1C49 -> order_id=12978
2026-02-16 10:33:24,608 [INFO] rit_api: MARKET BUY 45 RTM1P49 -> order_id=12983
2026-02-16 10:33:24,665 [INFO] rit_api: MARKET BUY 47 RTM1C50 -> order_id=12989
2026-02-16 10:33:24,724 [INFO] rit_api: MARKET BUY 47 RTM1P50 -> order_id=12993
2026-02-16 10:33:24,781 [INFO] rit_api: MARKET BUY 44 RTM1C51 -> order_id=12997
2026-02-16 10:33:24,847 [INFO] rit_api: MARKET BUY 44 RTM1P51 -> order_id=12999
2026-02-16 10:33:24,903 [INFO] rit_api: MARKET BUY 37 RTM1C52 -> order_id=13001
2026-02-16 10:33:24,962 [INFO] rit_api: MARKET BUY 37 RTM1P52 -> order_id=13003
2026-02-16 10:33:25,026 [INFO] rit_api: MARKET SELL 1581 RTM -> order_id=13004
2026-02-16 10:33:25,382 [INFO] rit_api: MARKET BUY 2869 RTM -> order_id=13058
2026-02-16 10:33:28,304 [INFO] rit_api: MARKET BUY 30 RTM1C50 -> order_id=13244
2026-02-16 10:33:28,361 [INFO] rit_api: MARKET BUY 30 RTM1P50 -> order_id=13245
2026-02-16 10:33:28,422 [INFO] rit_api: MARKET BUY 29 RTM1C49 -> order_id=13262
2026-02-16 10:33:28,494 [INFO] rit_api: MARKET BUY 29 RTM1P49 -> order_id=13263
2026-02-16 10:33:28,553 [INFO] rit_api: MARKET BUY 29 RTM1C51 -> order_id=13288
2026-02-16 10:33:28,620 [INFO] rit_api: MARKET BUY 29 RTM1P51 -> order_id=13302
2026-02-16 10:33:28,699 [INFO] rit_api: MARKET BUY 26 RTM1C48 -> order_id=13303
2026-02-16 10:33:28,758 [INFO] rit_api: MARKET BUY 26 RTM1P48 -> order_id=13304
2026-02-16 10:33:28,816 [INFO] rit_api: MARKET BUY 26 RTM1C52 -> order_id=13305
2026-02-16 10:33:28,877 [INFO] rit_api: MARKET BUY 26 RTM1P52 -> order_id=13316
2026-02-16 10:33:31,415 [INFO] rit_api: MARKET SELL 2286 RTM -> order_id=13620
2026-02-16 10:33:39,385 [INFO] trading_engine: VOL REVERSAL at tick 165: 1 -> -1 (edge=9.6%)
2026-02-16 10:33:39,505 [INFO] rit_api: MARKET SELL 26 RTM1C48 -> order_id=14372
2026-02-16 10:33:39,565 [INFO] rit_api: MARKET SELL 26 RTM1P48 -> order_id=14374
2026-02-16 10:33:39,629 [INFO] rit_api: MARKET SELL 29 RTM1C49 -> order_id=14376
2026-02-16 10:33:39,684 [INFO] rit_api: MARKET SELL 29 RTM1P49 -> order_id=14377
2026-02-16 10:33:39,772 [INFO] rit_api: MARKET SELL 30 RTM1C50 -> order_id=14379
2026-02-16 10:33:39,831 [INFO] rit_api: MARKET SELL 30 RTM1P50 -> order_id=14381
2026-02-16 10:33:39,888 [INFO] rit_api: MARKET SELL 29 RTM1C51 -> order_id=14384
2026-02-16 10:33:39,978 [INFO] rit_api: MARKET SELL 29 RTM1P51 -> order_id=14385
2026-02-16 10:33:40,042 [INFO] rit_api: MARKET SELL 26 RTM1C52 -> order_id=14386
2026-02-16 10:33:40,102 [INFO] rit_api: MARKET SELL 26 RTM1P52 -> order_id=14387
2026-02-16 10:33:40,176 [INFO] rit_api: MARKET BUY 4234 RTM -> order_id=14389
2026-02-16 10:33:40,503 [INFO] rit_api: MARKET SELL 100 RTM1C50 -> order_id=14434
2026-02-16 10:33:40,570 [INFO] rit_api: MARKET SELL 100 RTM1P50 -> order_id=14435
2026-02-16 10:33:40,634 [INFO] rit_api: MARKET SELL 99 RTM1C49 -> order_id=14436
2026-02-16 10:33:40,694 [INFO] rit_api: MARKET SELL 99 RTM1P49 -> order_id=14437
2026-02-16 10:33:40,753 [INFO] rit_api: MARKET SELL 96 RTM1C51 -> order_id=14438
2026-02-16 10:33:40,838 [INFO] rit_api: MARKET SELL 96 RTM1P51 -> order_id=14439
2026-02-16 10:33:40,905 [INFO] rit_api: MARKET SELL 88 RTM1C48 -> order_id=14442
2026-02-16 10:33:40,967 [INFO] rit_api: MARKET SELL 88 RTM1P48 -> order_id=14444
2026-02-16 10:33:41,059 [INFO] rit_api: MARKET SELL 83 RTM1C52 -> order_id=14445
2026-02-16 10:33:41,118 [INFO] rit_api: MARKET SELL 83 RTM1P52 -> order_id=14446
2026-02-16 10:33:41,187 [INFO] rit_api: MARKET BUY 2560 RTM -> order_id=14447
2026-02-16 10:33:41,518 [INFO] rit_api: MARKET SELL 7075 RTM -> order_id=14495
