2026-02-07 22:54:29,903 [ERROR] rit_api: GET /case error: HTTPConnectionPool(host='localhost', port=9998): Read timed out. (read timeout=5)
2026-02-07 22:54:35,919 [ERROR] rit_api: GET /case error: HTTPConnectionPool(host='localhost', port=9998): Read timed out. (read timeout=5)
2026-02-07 22:54:54,984 [WARNING] rit_api: GET /case returned 401
2026-02-07 22:54:55,489 [WARNING] rit_api: GET /case returned 401
2026-02-07 22:54:55,995 [WARNING] rit_api: GET /case returned 401
2026-02-07 22:54:56,512 [WARNING] rit_api: GET /case returned 401
2026-02-07 22:54:57,018 [WARNING] rit_api: GET /case returned 401
2026-02-07 22:54:57,522 [WARNING] rit_api: GET /case returned 401
2026-02-07 22:54:58,026 [WARNING] rit_api: GET /case returned 401
2026-02-07 22:54:58,534 [WARNING] rit_api: GET /case returned 401
2026-02-07 22:54:59,037 [WARNING] rit_api: GET /case returned 401
2026-02-07 22:54:59,538 [WARNING] rit_api: GET /case returned 401
2026-02-07 22:55:00,042 [WARNING] rit_api: GET /case returned 401
2026-02-07 22:55:00,543 [WARNING] rit_api: GET /case returned 401
2026-02-07 22:55:01,048 [WARNING] rit_api: GET /case returned 401
2026-02-07 22:55:01,550 [WARNING] rit_api: GET /case returned 401
2026-02-07 22:55:02,054 [WARNING] rit_api: GET /case returned 401
2026-02-07 22:55:02,557 [WARNING] rit_api: GET /case returned 401
2026-02-07 22:55:03,061 [WARNING] rit_api: GET /case returned 401
2026-02-07 22:55:41,939 [INFO] news_parser: NEWS: Delta limit = 5000
2026-02-07 22:55:41,939 [INFO] news_parser: NEWS: Penalty rate = 2.00%
2026-02-07 22:56:15,851 [INFO] news_parser: NEWS: Forecast vol next week = 33.0% - 38.0% (mid=35.5%)
2026-02-07 22:56:15,937 [INFO] rit_api: LIMIT BUY 56 RTM1C50 @ 0.32 -> order_id=1658
2026-02-07 22:56:15,997 [INFO] rit_api: LIMIT BUY 56 RTM1P50 @ 0.82 -> order_id=1659
2026-02-07 22:56:16,106 [INFO] rit_api: LIMIT BUY 55 RTM1C49 @ 0.81 -> order_id=1662
2026-02-07 22:56:16,219 [INFO] rit_api: LIMIT BUY 55 RTM1P49 @ 0.30 -> order_id=1664
2026-02-07 22:56:16,326 [INFO] rit_api: LIMIT BUY 54 RTM1C51 @ 0.09 -> order_id=1666
2026-02-07 22:56:16,436 [INFO] rit_api: LIMIT BUY 54 RTM1P51 @ 1.59 -> order_id=1668
2026-02-07 22:56:16,542 [INFO] rit_api: LIMIT BUY 52 RTM1C48 @ 1.59 -> order_id=1670
2026-02-07 22:56:16,664 [WARNING] rit_api: POST /orders returned 500: {"code":"INTERNAL_SERVER_ERROR","message":"Order request cannot be submitted because it will exceed net trading limits in the risk category Limit-OPT."}
2026-02-07 22:56:16,775 [WARNING] rit_api: POST /orders returned 500: {"code":"INTERNAL_SERVER_ERROR","message":"Order request cannot be submitted because it will exceed net trading limits in the risk category Limit-OPT."}
2026-02-07 22:56:16,883 [WARNING] rit_api: POST /orders returned 500: {"code":"INTERNAL_SERVER_ERROR","message":"Order request cannot be submitted because it will exceed net trading limits in the risk category Limit-OPT."}
2026-02-07 22:56:17,006 [WARNING] rit_api: POST /orders returned 500: {"code":"INTERNAL_SERVER_ERROR","message":"Order request cannot be submitted because it will exceed net trading limits in the risk category Limit-OPT."}
2026-02-07 22:56:17,064 [WARNING] rit_api: POST /orders returned 500: {"code":"INTERNAL_SERVER_ERROR","message":"Order request cannot be submitted because it will exceed net trading limits in the risk category Limit-OPT."}
2026-02-07 22:56:17,140 [WARNING] rit_api: POST /orders returned 500: {"code":"INTERNAL_SERVER_ERROR","message":"Order request cannot be submitted because it will exceed net trading limits in the risk category Limit-OPT."}
2026-02-07 22:56:17,198 [WARNING] rit_api: POST /orders returned 500: {"code":"INTERNAL_SERVER_ERROR","message":"Order request cannot be submitted because it will exceed net trading limits in the risk category Limit-OPT."}
2026-02-07 22:56:17,255 [WARNING] rit_api: POST /orders returned 500: {"code":"INTERNAL_SERVER_ERROR","message":"Order request cannot be submitted because it will exceed net trading limits in the risk category Limit-OPT."}
2026-02-07 22:56:17,323 [WARNING] rit_api: POST /orders returned 500: {"code":"INTERNAL_SERVER_ERROR","message":"Order request cannot be submitted because it will exceed net trading limits in the risk category Limit-OPT."}
2026-02-07 22:56:17,380 [WARNING] rit_api: POST /orders returned 500: {"code":"INTERNAL_SERVER_ERROR","message":"Order request cannot be submitted because it will exceed net trading limits in the risk category Limit-OPT."}
2026-02-07 22:56:17,464 [WARNING] rit_api: POST /orders returned 500: {"code":"INTERNAL_SERVER_ERROR","message":"Order request cannot be submitted because it will exceed net trading limits in the risk category Limit-OPT."}
2026-02-07 22:56:17,571 [WARNING] rit_api: POST /orders returned 500: {"code":"INTERNAL_SERVER_ERROR","message":"Order request cannot be submitted because it will exceed net trading limits in the risk category Limit-OPT."}
2026-02-07 22:56:17,714 [INFO] rit_api: LIMIT BUY 32 RTM1P45 @ 0.03 -> order_id=1717
2026-02-07 22:56:18,162 [INFO] rit_api: LIMIT SELL 98 RTM1P49 @ 0.31 -> order_id=1766
2026-02-07 22:56:18,218 [INFO] rit_api: LIMIT SELL 95 RTM1C51 @ 0.10 -> order_id=1767
2026-02-07 22:56:18,284 [INFO] rit_api: LIMIT SELL 95 RTM1P51 @ 1.66 -> order_id=1769
2026-02-07 22:56:18,339 [INFO] rit_api: LIMIT BUY 50 RTM1C52 @ 0.03 -> order_id=1770
2026-02-07 22:56:18,439 [INFO] rit_api: LIMIT BUY 50 RTM1P52 @ 2.59 -> order_id=1771
2026-02-07 22:56:18,524 [INFO] rit_api: LIMIT BUY 47 RTM1C47 @ 2.46 -> order_id=1772
2026-02-07 22:56:18,580 [INFO] rit_api: LIMIT BUY 47 RTM1P47 @ 0.03 -> order_id=1773
2026-02-07 22:56:18,706 [INFO] rit_api: LIMIT BUY 44 RTM1C53 @ 0.03 -> order_id=1775
2026-02-07 22:56:18,848 [INFO] rit_api: LIMIT BUY 44 RTM1P53 @ 3.58 -> order_id=1819
2026-02-07 22:56:18,968 [INFO] rit_api: LIMIT SELL 43 RTM1C49 @ 0.75 -> order_id=1821
2026-02-07 22:56:19,182 [INFO] rit_api: LIMIT SELL 8744 RTM @ 49.36 -> order_id=1823
2026-02-07 22:56:19,182 [INFO] trading_engine: HEDGE LIMIT SELL 8744 RTM @ 49.36 (delta=9744, target=1000)
2026-02-07 22:56:19,472 [INFO] rit_api: MARKET BUY 7251 RTM -> order_id=1825
2026-02-07 22:56:19,472 [WARNING] trading_engine: EMERGENCY HEDGE BUY 7251 RTM (delta=-8751)
2026-02-07 22:56:19,536 [INFO] rit_api: LIMIT BUY 8 RTM1P53 @ 3.64 -> order_id=1826
2026-02-07 22:56:19,591 [INFO] rit_api: LIMIT SELL 43 RTM1C49 @ 0.74 -> order_id=1827
2026-02-07 22:56:19,669 [INFO] rit_api: LIMIT SELL 43 RTM1P49 @ 0.36 -> order_id=1828
2026-02-07 22:56:19,783 [INFO] rit_api: LIMIT SELL 43 RTM1C50 @ 0.30 -> order_id=1830
2026-02-07 22:56:19,883 [INFO] rit_api: LIMIT SELL 43 RTM1P50 @ 0.93 -> order_id=1873
2026-02-07 22:56:20,001 [INFO] rit_api: LIMIT BUY 41 RTM1C46 @ 3.39 -> order_id=1875
2026-02-07 22:56:20,078 [INFO] rit_api: LIMIT BUY 41 RTM1P46 @ 0.03 -> order_id=1877
2026-02-07 22:56:20,133 [INFO] rit_api: LIMIT SELL 41 RTM1C48 @ 1.48 -> order_id=1878
2026-02-07 22:56:20,190 [INFO] rit_api: LIMIT SELL 41 RTM1C51 @ 0.08 -> order_id=1879
2026-02-07 22:56:20,292 [INFO] rit_api: LIMIT SELL 41 RTM1P51 @ 1.71 -> order_id=1880
2026-02-07 22:56:20,404 [INFO] rit_api: LIMIT SELL 2413 RTM @ 49.29 -> order_id=1881
2026-02-07 22:56:20,404 [INFO] trading_engine: HEDGE LIMIT SELL 2413 RTM @ 49.29 (delta=3413, target=1000)
2026-02-07 22:56:20,703 [INFO] rit_api: MARKET SELL 4454 RTM -> order_id=1885
2026-02-07 22:56:20,704 [WARNING] trading_engine: EMERGENCY HEDGE SELL 4454 RTM (delta=5954)
2026-02-07 22:56:20,770 [INFO] rit_api: LIMIT SELL 42 RTM1C51 @ 0.07 -> order_id=1886
2026-02-07 22:56:20,834 [INFO] rit_api: LIMIT SELL 41 RTM1C48 @ 1.41 -> order_id=1929
2026-02-07 22:56:20,947 [INFO] rit_api: LIMIT SELL 41 RTM1P48 @ 0.11 -> order_id=1930
2026-02-07 22:56:21,004 [INFO] rit_api: LIMIT BUY 37 RTM1C54 @ 0.03 -> order_id=1931
2026-02-07 22:56:21,062 [INFO] rit_api: LIMIT BUY 37 RTM1P54 @ 4.71 -> order_id=1932
2026-02-07 22:56:21,175 [INFO] rit_api: LIMIT BUY 35 RTM1P53 @ 3.71 -> order_id=1934
2026-02-07 22:56:21,310 [WARNING] rit_api: POST /orders returned 500: {"code":"INTERNAL_SERVER_ERROR","message":"Order request cannot be submitted because it will exceed net trading limits in the risk category Limit-OPT."}
2026-02-07 22:56:21,419 [INFO] rit_api: LIMIT SELL 29 RTM1C49 @ 0.67 -> order_id=1935
2026-02-07 22:56:21,681 [INFO] rit_api: LIMIT BUY 10000 RTM @ 49.31 -> order_id=1937
2026-02-07 22:56:21,681 [INFO] trading_engine: HEDGE LIMIT BUY 10000 RTM @ 49.31 (delta=-16832, target=-1000)
2026-02-07 22:56:22,102 [INFO] rit_api: MARKET BUY 4742 RTM -> order_id=1981
2026-02-07 22:56:22,103 [WARNING] trading_engine: EMERGENCY HEDGE BUY 4742 RTM (delta=-6242)
2026-02-07 22:56:22,212 [INFO] rit_api: LIMIT SELL 43 RTM1P49 @ 0.38 -> order_id=1983
2026-02-07 22:56:22,367 [INFO] rit_api: LIMIT SELL 41 RTM1C51 @ 0.08 -> order_id=1984
2026-02-07 22:56:22,429 [INFO] rit_api: LIMIT BUY 33 RTM1C45 @ 4.39 -> order_id=1985
2026-02-07 22:56:22,499 [INFO] rit_api: LIMIT SELL 6881 RTM @ 49.37 -> order_id=1986
2026-02-07 22:56:22,499 [INFO] trading_engine: HEDGE LIMIT SELL 6881 RTM @ 49.37 (delta=7881, target=1000)
2026-02-07 22:56:23,032 [INFO] rit_api: MARKET BUY 2730 RTM -> order_id=2033
2026-02-07 22:56:23,033 [WARNING] trading_engine: EMERGENCY HEDGE BUY 2730 RTM (delta=-4230)
2026-02-07 22:56:23,165 [INFO] rit_api: LIMIT SELL 43 RTM1C50 @ 0.35 -> order_id=2034
2026-02-07 22:56:23,276 [INFO] rit_api: LIMIT BUY 3230 RTM @ 49.53 -> order_id=2036
2026-02-07 22:56:23,276 [INFO] trading_engine: HEDGE LIMIT BUY 3230 RTM @ 49.53 (delta=-4230, target=-1000)
2026-02-07 22:56:24,293 [INFO] rit_api: LIMIT SELL 2134 RTM @ 49.40 -> order_id=2082
2026-02-07 22:56:24,293 [INFO] trading_engine: HEDGE LIMIT SELL 2134 RTM @ 49.40 (delta=3134, target=1000)
2026-02-07 22:56:28,976 [INFO] rit_api: LIMIT SELL 1545 RTM @ 49.98 -> order_id=2297
2026-02-07 22:56:28,984 [INFO] trading_engine: HEDGE LIMIT SELL 1545 RTM @ 49.98 (delta=2545, target=1000)
2026-02-07 22:56:31,994 [INFO] trading_engine: Cancelled stale hedge order after 3 ticks
2026-02-07 22:56:55,055 [INFO] news_parser: NEWS: Current realized vol = 34.0% (history: ['34%'])
2026-02-07 22:56:57,136 [INFO] rit_api: LIMIT SELL 2197 RTM @ 50.72 -> order_id=3580
2026-02-07 22:56:57,137 [INFO] trading_engine: HEDGE LIMIT SELL 2197 RTM @ 50.72 (delta=3197, target=1000)
2026-02-07 22:57:00,251 [INFO] trading_engine: Cancelled stale hedge order after 3 ticks
2026-02-07 22:57:08,331 [INFO] rit_api: MARKET BUY 10000 RTM -> order_id=4179
2026-02-07 22:57:08,331 [WARNING] trading_engine: EMERGENCY HEDGE BUY 10000 RTM (delta=-12260)
2026-02-07 22:57:08,396 [INFO] trading_engine: VOL REVERSAL at tick 88: 1 -> -1 (edge=5.5%)
2026-02-07 22:57:08,566 [INFO] rit_api: MARKET SELL 28 RTM1P53 -> order_id=4182
2026-02-07 22:57:08,696 [INFO] rit_api: MARKET SELL 37 RTM1C54 -> order_id=4184
2026-02-07 22:57:08,753 [INFO] rit_api: MARKET SELL 37 RTM1P54 -> order_id=4185
2026-02-07 22:57:09,402 [INFO] rit_api: MARKET SELL 10000 RTM -> order_id=4237
2026-02-07 22:57:09,402 [WARNING] trading_engine: EMERGENCY HEDGE SELL 10000 RTM (delta=12023)
2026-02-07 22:57:09,569 [INFO] rit_api: LIMIT SELL 50 RTM1C49 @ 2.68 -> order_id=4240
2026-02-07 22:57:09,647 [INFO] rit_api: LIMIT SELL 50 RTM1P49 @ 1.14 -> order_id=4241
2026-02-07 22:57:09,755 [INFO] rit_api: LIMIT SELL 47 RTM1C53 @ 0.92 -> order_id=4243
2026-02-07 22:57:09,815 [INFO] rit_api: LIMIT SELL 44 RTM1C48 @ 3.36 -> order_id=4244
2026-02-07 22:57:09,880 [INFO] rit_api: LIMIT SELL 44 RTM1P48 @ 0.82 -> order_id=4245
2026-02-07 22:57:09,946 [INFO] rit_api: LIMIT SELL 36 RTM1C47 @ 4.13 -> order_id=4246
2026-02-07 22:57:10,019 [WARNING] rit_api: POST /orders returned 500: {"code":"INTERNAL_SERVER_ERROR","message":"Order request cannot be submitted because it will exceed net trading limits in the risk category Limit-OPT."}
2026-02-07 22:57:10,075 [WARNING] rit_api: POST /orders returned 500: {"code":"INTERNAL_SERVER_ERROR","message":"Order request cannot be submitted because it will exceed net trading limits in the risk category Limit-OPT."}
2026-02-07 22:57:10,147 [WARNING] rit_api: POST /orders returned 500: {"code":"INTERNAL_SERVER_ERROR","message":"Order request cannot be submitted because it will exceed net trading limits in the risk category Limit-OPT."}
2026-02-07 22:57:10,266 [INFO] rit_api: LIMIT SELL 19 RTM1C45 @ 5.84 -> order_id=4290
2026-02-07 22:57:10,373 [INFO] rit_api: LIMIT SELL 19 RTM1P45 @ 0.30 -> order_id=4292
2026-02-07 22:57:10,479 [INFO] rit_api: LIMIT SELL 19 RTM1P53 @ 3.38 -> order_id=4295
2026-02-07 22:57:10,590 [INFO] rit_api: LIMIT BUY 7975 RTM @ 50.45 -> order_id=4297
2026-02-07 22:57:10,591 [INFO] trading_engine: HEDGE LIMIT BUY 7975 RTM @ 50.45 (delta=-8975, target=-1000)
2026-02-07 22:57:11,020 [INFO] rit_api: MARKET SELL 7447 RTM -> order_id=4299
2026-02-07 22:57:11,020 [WARNING] trading_engine: EMERGENCY HEDGE SELL 7447 RTM (delta=8947)
2026-02-07 22:57:11,238 [INFO] rit_api: LIMIT SELL 40 RTM1P47 @ 0.67 -> order_id=4344
2026-02-07 22:57:11,345 [INFO] rit_api: LIMIT SELL 31 RTM1C46 @ 4.82 -> order_id=4346
2026-02-07 22:57:11,456 [WARNING] rit_api: POST /orders returned 500: {"code":"INTERNAL_SERVER_ERROR","message":"Order request cannot be submitted because it will exceed net trading limits in the risk category Limit-OPT."}
2026-02-07 22:57:11,563 [INFO] rit_api: LIMIT BUY 27 RTM1P53 @ 3.59 -> order_id=4348
2026-02-07 22:57:11,671 [WARNING] rit_api: POST /orders returned 500: {"code":"INTERNAL_SERVER_ERROR","message":"Order request cannot be submitted because it will exceed net trading limits in the risk category Limit-OPT."}
2026-02-07 22:57:11,787 [WARNING] rit_api: POST /orders returned 500: {"code":"INTERNAL_SERVER_ERROR","message":"Order request cannot be submitted because it will exceed net trading limits in the risk category Limit-OPT."}
2026-02-07 22:57:11,911 [INFO] rit_api: LIMIT BUY 2036 RTM @ 50.56 -> order_id=4350
2026-02-07 22:57:11,911 [INFO] trading_engine: HEDGE LIMIT BUY 2036 RTM @ 50.56 (delta=-3036, target=-1000)
2026-02-07 22:57:12,201 [INFO] rit_api: LIMIT SELL 7 RTM1P47 @ 0.63 -> order_id=4394
2026-02-07 22:57:12,261 [INFO] rit_api: LIMIT BUY 29 RTM1C50 @ 2.17 -> order_id=4395
2026-02-07 22:57:12,317 [INFO] rit_api: LIMIT BUY 29 RTM1P50 @ 1.78 -> order_id=4396
2026-02-07 22:57:12,373 [INFO] rit_api: LIMIT BUY 28 RTM1C52 @ 1.31 -> order_id=4398
2026-02-07 22:57:12,481 [INFO] rit_api: LIMIT BUY 27 RTM1C49 @ 2.74 -> order_id=4400
2026-02-07 22:57:12,538 [INFO] rit_api: LIMIT BUY 27 RTM1P49 @ 1.36 -> order_id=4401
2026-02-07 22:57:12,645 [INFO] rit_api: LIMIT SELL 22 RTM1C45 @ 5.62 -> order_id=4403
2026-02-07 22:57:12,709 [INFO] rit_api: LIMIT SELL 22 RTM1P45 @ 0.23 -> order_id=4404
2026-02-07 22:57:12,779 [INFO] rit_api: LIMIT SELL 2042 RTM @ 50.38 -> order_id=4405
2026-02-07 22:57:12,779 [INFO] trading_engine: HEDGE LIMIT SELL 2042 RTM @ 50.38 (delta=3042, target=1000)
2026-02-07 22:57:13,056 [INFO] rit_api: LIMIT SELL 33 RTM1P47 @ 0.63 -> order_id=4406
2026-02-07 22:57:13,146 [INFO] rit_api: LIMIT SELL 31 RTM1P46 @ 0.46 -> order_id=4449
2026-02-07 22:57:13,215 [INFO] rit_api: LIMIT BUY 18 RTM1P53 @ 3.56 -> order_id=4450
2026-02-07 22:57:13,524 [INFO] rit_api: MARKET BUY 2723 RTM -> order_id=4455
2026-02-07 22:57:13,525 [WARNING] trading_engine: EMERGENCY HEDGE BUY 2723 RTM (delta=-4223)
2026-02-07 22:57:13,587 [WARNING] rit_api: POST /orders returned 500: {"code":"INTERNAL_SERVER_ERROR","message":"Order request cannot be submitted because it will exceed net trading limits in the risk category Limit-OPT."}
2026-02-07 22:57:13,646 [INFO] rit_api: LIMIT BUY 28 RTM1C52 @ 1.38 -> order_id=4456
2026-02-07 22:57:14,248 [INFO] rit_api: LIMIT SELL 29 RTM1P46 @ 0.34 -> order_id=4499
2026-02-07 22:57:14,311 [INFO] rit_api: LIMIT BUY 27 RTM1C50 @ 2.22 -> order_id=4500
2026-02-07 22:57:14,427 [INFO] trading_engine: Cancelled stale hedge order after 3 ticks
2026-02-07 22:57:15,284 [INFO] rit_api: LIMIT BUY 18 RTM1P50 @ 1.66 -> order_id=4548
2026-02-07 22:57:15,392 [INFO] rit_api: LIMIT BUY 16 RTM1C52 @ 1.37 -> order_id=4551
2026-02-07 22:57:22,334 [INFO] rit_api: LIMIT SELL 1748 RTM @ 50.52 -> order_id=4886
2026-02-07 22:57:22,336 [INFO] trading_engine: HEDGE LIMIT SELL 1748 RTM @ 50.52 (delta=2748, target=1000)
2026-02-07 22:57:24,370 [INFO] rit_api: LIMIT BUY 1566 RTM @ 50.64 -> order_id=4974
2026-02-07 22:57:24,371 [INFO] trading_engine: HEDGE LIMIT BUY 1566 RTM @ 50.64 (delta=-2566, target=-1000)
2026-02-07 22:57:25,423 [INFO] rit_api: LIMIT BUY 2418 RTM @ 51.26 -> order_id=5023
2026-02-07 22:57:25,424 [INFO] trading_engine: HEDGE LIMIT BUY 2418 RTM @ 51.26 (delta=-3418, target=-1000)
2026-02-07 22:57:27,303 [INFO] rit_api: MARKET BUY 2522 RTM -> order_id=5111
2026-02-07 22:57:27,304 [WARNING] trading_engine: EMERGENCY HEDGE BUY 2522 RTM (delta=-4022)
2026-02-07 22:57:27,387 [INFO] rit_api: LIMIT BUY 3022 RTM @ 52.10 -> order_id=5115
2026-02-07 22:57:27,388 [INFO] trading_engine: HEDGE LIMIT BUY 3022 RTM @ 52.10 (delta=-4022, target=-1000)
2026-02-07 22:57:28,385 [INFO] rit_api: MARKET SELL 3949 RTM -> order_id=5160
2026-02-07 22:57:28,386 [WARNING] trading_engine: EMERGENCY HEDGE SELL 3949 RTM (delta=5449)
2026-02-07 22:57:28,447 [INFO] rit_api: LIMIT SELL 4449 RTM @ 52.09 -> order_id=5161
2026-02-07 22:57:28,447 [INFO] trading_engine: HEDGE LIMIT SELL 4449 RTM @ 52.09 (delta=5449, target=1000)
2026-02-07 22:57:29,368 [INFO] rit_api: MARKET BUY 5658 RTM -> order_id=5205
2026-02-07 22:57:29,369 [WARNING] trading_engine: EMERGENCY HEDGE BUY 5658 RTM (delta=-7158)
2026-02-07 22:57:29,482 [INFO] rit_api: LIMIT BUY 6158 RTM @ 51.94 -> order_id=5207
2026-02-07 22:57:29,482 [INFO] trading_engine: HEDGE LIMIT BUY 6158 RTM @ 51.94 (delta=-7158, target=-1000)
2026-02-07 22:57:30,455 [INFO] rit_api: MARKET SELL 10000 RTM -> order_id=5251
2026-02-07 22:57:30,456 [WARNING] trading_engine: EMERGENCY HEDGE SELL 10000 RTM (delta=11946)
2026-02-07 22:57:30,568 [INFO] rit_api: LIMIT SELL 10000 RTM @ 51.90 -> order_id=5253
2026-02-07 22:57:30,568 [INFO] trading_engine: HEDGE LIMIT SELL 10000 RTM @ 51.90 (delta=11946, target=1000)
2026-02-07 22:57:31,363 [INFO] rit_api: MARKET BUY 10000 RTM -> order_id=5296
2026-02-07 22:57:31,364 [WARNING] trading_engine: EMERGENCY HEDGE BUY 10000 RTM (delta=-21167)
2026-02-07 22:57:31,475 [INFO] rit_api: LIMIT BUY 10000 RTM @ 52.34 -> order_id=5298
2026-02-07 22:57:31,477 [INFO] trading_engine: HEDGE LIMIT BUY 10000 RTM @ 52.34 (delta=-21167, target=-1000)
2026-02-07 22:57:32,318 [INFO] news_parser: NEWS: Forecast vol next week = 19.0% - 24.0% (mid=21.5%)
2026-02-07 22:57:32,386 [INFO] rit_api: MARKET SELL 10000 RTM -> order_id=5342
2026-02-07 22:57:32,387 [WARNING] trading_engine: EMERGENCY HEDGE SELL 10000 RTM (delta=11756)
2026-02-07 22:57:32,499 [INFO] rit_api: LIMIT SELL 10000 RTM @ 51.92 -> order_id=5347
2026-02-07 22:57:32,500 [INFO] trading_engine: HEDGE LIMIT SELL 10000 RTM @ 51.92 (delta=11756, target=1000)
2026-02-07 22:57:33,402 [INFO] rit_api: MARKET BUY 10000 RTM -> order_id=5391
2026-02-07 22:57:33,402 [WARNING] trading_engine: EMERGENCY HEDGE BUY 10000 RTM (delta=-14956)
2026-02-07 22:57:33,522 [INFO] rit_api: LIMIT BUY 10000 RTM @ 51.51 -> order_id=5396
2026-02-07 22:57:33,523 [INFO] trading_engine: HEDGE LIMIT BUY 10000 RTM @ 51.51 (delta=-14956, target=-1000)
2026-02-07 22:57:34,418 [INFO] rit_api: MARKET SELL 10000 RTM -> order_id=5442
2026-02-07 22:57:34,418 [WARNING] trading_engine: EMERGENCY HEDGE SELL 10000 RTM (delta=15660)
2026-02-07 22:57:34,525 [INFO] rit_api: LIMIT SELL 10000 RTM @ 51.41 -> order_id=5444
2026-02-07 22:57:34,535 [INFO] trading_engine: HEDGE LIMIT SELL 10000 RTM @ 51.41 (delta=15660, target=1000)
2026-02-07 22:57:35,429 [INFO] rit_api: MARKET BUY 10000 RTM -> order_id=5487
2026-02-07 22:57:35,429 [WARNING] trading_engine: EMERGENCY HEDGE BUY 10000 RTM (delta=-14828)
2026-02-07 22:57:35,492 [INFO] rit_api: LIMIT BUY 10000 RTM @ 51.49 -> order_id=5488
2026-02-07 22:57:35,492 [INFO] trading_engine: HEDGE LIMIT BUY 10000 RTM @ 51.49 (delta=-14828, target=-1000)
2026-02-07 22:57:36,431 [INFO] rit_api: MARKET SELL 10000 RTM -> order_id=5533
2026-02-07 22:57:36,432 [WARNING] trading_engine: EMERGENCY HEDGE SELL 10000 RTM (delta=15079)
2026-02-07 22:57:36,500 [INFO] rit_api: LIMIT SELL 4079 RTM @ 51.48 -> order_id=5534
2026-02-07 22:57:36,500 [INFO] trading_engine: HEDGE LIMIT SELL 4079 RTM @ 51.48 (delta=5079, target=1000)
2026-02-07 22:57:37,382 [INFO] rit_api: MARKET BUY 9392 RTM -> order_id=5577
2026-02-07 22:57:37,382 [WARNING] trading_engine: EMERGENCY HEDGE BUY 9392 RTM (delta=-10892)
2026-02-07 22:57:37,441 [INFO] rit_api: LIMIT BUY 9892 RTM @ 51.74 -> order_id=5578
2026-02-07 22:57:37,442 [INFO] trading_engine: HEDGE LIMIT BUY 9892 RTM @ 51.74 (delta=-10892, target=-1000)
2026-02-07 22:57:38,432 [INFO] rit_api: MARKET SELL 8373 RTM -> order_id=5623
2026-02-07 22:57:38,432 [WARNING] trading_engine: EMERGENCY HEDGE SELL 8373 RTM (delta=9873)
2026-02-07 22:57:38,493 [INFO] rit_api: LIMIT SELL 8873 RTM @ 51.72 -> order_id=5624
2026-02-07 22:57:38,493 [INFO] trading_engine: HEDGE LIMIT SELL 8873 RTM @ 51.72 (delta=9873, target=1000)
2026-02-07 22:57:39,416 [INFO] rit_api: MARKET BUY 10000 RTM -> order_id=5668
2026-02-07 22:57:39,416 [WARNING] trading_engine: EMERGENCY HEDGE BUY 10000 RTM (delta=-14982)
2026-02-07 22:57:39,527 [INFO] rit_api: LIMIT BUY 10000 RTM @ 51.45 -> order_id=5670
2026-02-07 22:57:39,527 [INFO] trading_engine: HEDGE LIMIT BUY 10000 RTM @ 51.45 (delta=-14982, target=-1000)
2026-02-07 22:57:40,511 [INFO] rit_api: MARKET SELL 10000 RTM -> order_id=5714
2026-02-07 22:57:40,511 [WARNING] trading_engine: EMERGENCY HEDGE SELL 10000 RTM (delta=14447)
2026-02-07 22:57:40,627 [INFO] rit_api: LIMIT SELL 3447 RTM @ 51.50 -> order_id=5716
2026-02-07 22:57:40,627 [INFO] trading_engine: HEDGE LIMIT SELL 3447 RTM @ 51.50 (delta=4447, target=1000)
2026-02-07 22:57:41,458 [INFO] rit_api: MARKET BUY 10000 RTM -> order_id=5760
2026-02-07 22:57:41,458 [WARNING] trading_engine: EMERGENCY HEDGE BUY 10000 RTM (delta=-11832)
2026-02-07 22:57:41,520 [INFO] rit_api: LIMIT BUY 10000 RTM @ 51.88 -> order_id=5761
2026-02-07 22:57:41,520 [INFO] trading_engine: HEDGE LIMIT BUY 10000 RTM @ 51.88 (delta=-11832, target=-1000)
2026-02-07 22:57:42,404 [INFO] rit_api: MARKET SELL 10000 RTM -> order_id=5811
2026-02-07 22:57:42,404 [WARNING] trading_engine: EMERGENCY HEDGE SELL 10000 RTM (delta=14398)
2026-02-07 22:57:42,466 [INFO] rit_api: LIMIT SELL 10000 RTM @ 52.36 -> order_id=5812
2026-02-07 22:57:42,466 [INFO] trading_engine: HEDGE LIMIT SELL 10000 RTM @ 52.36 (delta=14398, target=1000)
2026-02-07 22:57:43,447 [INFO] rit_api: MARKET BUY 10000 RTM -> order_id=5861
2026-02-07 22:57:43,447 [WARNING] trading_engine: EMERGENCY HEDGE BUY 10000 RTM (delta=-15263)
2026-02-07 22:57:43,516 [INFO] rit_api: LIMIT BUY 10000 RTM @ 52.33 -> order_id=5862
2026-02-07 22:57:43,517 [INFO] trading_engine: HEDGE LIMIT BUY 10000 RTM @ 52.33 (delta=-15263, target=-1000)
2026-02-07 22:57:44,410 [INFO] rit_api: MARKET SELL 10000 RTM -> order_id=5906
2026-02-07 22:57:44,411 [WARNING] trading_engine: EMERGENCY HEDGE SELL 10000 RTM (delta=13186)
2026-02-07 22:57:44,528 [INFO] rit_api: LIMIT SELL 10000 RTM @ 52.52 -> order_id=5908
2026-02-07 22:57:44,528 [INFO] trading_engine: HEDGE LIMIT SELL 10000 RTM @ 52.52 (delta=13186, target=1000)
2026-02-07 22:57:45,426 [INFO] rit_api: MARKET BUY 10000 RTM -> order_id=5980
2026-02-07 22:57:45,426 [WARNING] trading_engine: EMERGENCY HEDGE BUY 10000 RTM (delta=-13143)
2026-02-07 22:57:45,547 [INFO] rit_api: LIMIT BUY 10000 RTM @ 52.04 -> order_id=5982
2026-02-07 22:57:45,547 [INFO] trading_engine: HEDGE LIMIT BUY 10000 RTM @ 52.04 (delta=-13143, target=-1000)
2026-02-07 22:57:46,432 [INFO] rit_api: MARKET SELL 10000 RTM -> order_id=6025
2026-02-07 22:57:46,432 [WARNING] trading_engine: EMERGENCY HEDGE SELL 10000 RTM (delta=15400)
2026-02-07 22:57:46,496 [INFO] rit_api: LIMIT SELL 10000 RTM @ 52.21 -> order_id=6026
2026-02-07 22:57:46,497 [INFO] trading_engine: HEDGE LIMIT SELL 10000 RTM @ 52.21 (delta=15400, target=1000)
2026-02-07 22:57:47,474 [INFO] rit_api: MARKET BUY 9439 RTM -> order_id=6070
2026-02-07 22:57:47,474 [WARNING] trading_engine: EMERGENCY HEDGE BUY 9439 RTM (delta=-10939)
2026-02-07 22:57:47,563 [INFO] rit_api: LIMIT BUY 9939 RTM @ 51.75 -> order_id=6071
2026-02-07 22:57:47,564 [INFO] trading_engine: HEDGE LIMIT BUY 9939 RTM @ 51.75 (delta=-10939, target=-1000)
2026-02-07 22:57:48,445 [INFO] rit_api: MARKET SELL 10000 RTM -> order_id=6115
2026-02-07 22:57:48,445 [WARNING] trading_engine: EMERGENCY HEDGE SELL 10000 RTM (delta=20414)
2026-02-07 22:57:48,562 [INFO] rit_api: LIMIT SELL 10000 RTM @ 51.48 -> order_id=6117
2026-02-07 22:57:48,562 [INFO] trading_engine: HEDGE LIMIT SELL 10000 RTM @ 51.48 (delta=20414, target=1000)
2026-02-07 22:57:49,549 [INFO] rit_api: MARKET BUY 9066 RTM -> order_id=6160
2026-02-07 22:57:49,549 [WARNING] trading_engine: EMERGENCY HEDGE BUY 9066 RTM (delta=-10566)
2026-02-07 22:57:49,611 [INFO] rit_api: LIMIT BUY 9566 RTM @ 51.62 -> order_id=6161
2026-02-07 22:57:49,611 [INFO] trading_engine: HEDGE LIMIT BUY 9566 RTM @ 51.62 (delta=-10566, target=-1000)
2026-02-07 22:57:50,546 [INFO] rit_api: MARKET SELL 10000 RTM -> order_id=6205
2026-02-07 22:57:50,546 [WARNING] trading_engine: EMERGENCY HEDGE SELL 10000 RTM (delta=21971)
2026-02-07 22:57:50,659 [INFO] rit_api: LIMIT SELL 10000 RTM @ 51.12 -> order_id=6207
2026-02-07 22:57:50,659 [INFO] trading_engine: HEDGE LIMIT SELL 10000 RTM @ 51.12 (delta=21971, target=1000)
2026-02-07 22:57:51,449 [INFO] rit_api: MARKET BUY 4183 RTM -> order_id=6250
2026-02-07 22:57:51,449 [WARNING] trading_engine: EMERGENCY HEDGE BUY 4183 RTM (delta=-5683)
2026-02-07 22:57:53,488 [INFO] trading_engine: Cancelled stale hedge order after 3 ticks
2026-02-07 22:57:58,593 [INFO] rit_api: LIMIT BUY 1540 RTM @ 51.31 -> order_id=6555
2026-02-07 22:57:58,593 [INFO] trading_engine: HEDGE LIMIT BUY 1540 RTM @ 51.31 (delta=-2540, target=-1000)
2026-02-07 22:58:01,578 [INFO] trading_engine: Cancelled stale hedge order after 3 ticks
2026-02-07 22:58:01,634 [INFO] rit_api: LIMIT BUY 1634 RTM @ 51.78 -> order_id=6690
2026-02-07 22:58:01,634 [INFO] trading_engine: HEDGE LIMIT BUY 1634 RTM @ 51.78 (delta=-2634, target=-1000)
2026-02-07 22:58:02,530 [INFO] rit_api: MARKET BUY 3064 RTM -> order_id=6733
2026-02-07 22:58:02,530 [WARNING] trading_engine: EMERGENCY HEDGE BUY 3064 RTM (delta=-4564)
2026-02-07 22:58:02,592 [INFO] rit_api: LIMIT BUY 3564 RTM @ 52.58 -> order_id=6734
2026-02-07 22:58:02,592 [INFO] trading_engine: HEDGE LIMIT BUY 3564 RTM @ 52.58 (delta=-4564, target=-1000)
2026-02-07 22:58:03,576 [INFO] rit_api: MARKET SELL 3861 RTM -> order_id=6778
2026-02-07 22:58:03,576 [WARNING] trading_engine: EMERGENCY HEDGE SELL 3861 RTM (delta=5361)
2026-02-07 22:58:03,640 [INFO] rit_api: LIMIT SELL 4361 RTM @ 52.73 -> order_id=6779
2026-02-07 22:58:03,641 [INFO] trading_engine: HEDGE LIMIT SELL 4361 RTM @ 52.73 (delta=5361, target=1000)
2026-02-07 22:58:04,540 [INFO] rit_api: MARKET BUY 4103 RTM -> order_id=6823
2026-02-07 22:58:04,540 [WARNING] trading_engine: EMERGENCY HEDGE BUY 4103 RTM (delta=-5603)
2026-02-07 22:58:06,600 [INFO] trading_engine: Cancelled stale hedge order after 3 ticks
2026-02-07 22:58:10,601 [INFO] news_parser: NEWS: Current realized vol = 23.0% (history: ['34%', '23%'])
2026-02-07 22:58:17,748 [INFO] rit_api: MARKET SELL 10000 RTM -> order_id=7466
2026-02-07 22:58:17,748 [WARNING] trading_engine: EMERGENCY HEDGE SELL 10000 RTM (delta=28237)
2026-02-07 22:58:17,866 [INFO] rit_api: LIMIT SELL 10000 RTM @ 52.19 -> order_id=7468
2026-02-07 22:58:17,866 [INFO] trading_engine: HEDGE LIMIT SELL 10000 RTM @ 52.19 (delta=27452, target=1000)
2026-02-07 22:58:18,718 [INFO] rit_api: MARKET BUY 4539 RTM -> order_id=7521
2026-02-07 22:58:18,718 [WARNING] trading_engine: EMERGENCY HEDGE BUY 4539 RTM (delta=-6039)
2026-02-07 22:58:18,777 [INFO] trading_engine: VOL REVERSAL at tick 158: -1 -> 1 (edge=4.3%)
2026-02-07 22:58:18,934 [INFO] rit_api: MARKET SELL 29 RTM1C51 -> order_id=7561
2026-02-07 22:58:19,067 [INFO] rit_api: MARKET SELL 29 RTM1P51 -> order_id=7566
2026-02-07 22:58:19,123 [INFO] rit_api: MARKET SELL 33 RTM1C52 -> order_id=7567
2026-02-07 22:58:19,180 [INFO] rit_api: MARKET SELL 33 RTM1P52 -> order_id=7568
2026-02-07 22:58:19,248 [INFO] rit_api: MARKET SELL 32 RTM1C53 -> order_id=7569
2026-02-07 22:58:19,306 [INFO] rit_api: MARKET SELL 32 RTM1P53 -> order_id=7570
2026-02-07 22:58:19,373 [INFO] rit_api: MARKET SELL 26 RTM1C54 -> order_id=7571
2026-02-07 22:58:19,821 [INFO] rit_api: MARKET SELL 3725 RTM -> order_id=7623
2026-02-07 22:58:19,821 [WARNING] trading_engine: EMERGENCY HEDGE SELL 3725 RTM (delta=5225)
2026-02-07 22:58:19,984 [INFO] rit_api: LIMIT BUY 56 RTM1P52 @ 0.55 -> order_id=7626
2026-02-07 22:58:20,105 [INFO] rit_api: LIMIT BUY 56 RTM1P53 @ 1.18 -> order_id=7628
2026-02-07 22:58:20,217 [INFO] rit_api: LIMIT BUY 46 RTM1C54 @ 0.24 -> order_id=7630
2026-02-07 22:58:20,302 [INFO] rit_api: LIMIT BUY 28 RTM1C53 @ 0.54 -> order_id=7631
2026-02-07 22:58:20,369 [INFO] rit_api: LIMIT BUY 20 RTM1P54 @ 1.89 -> order_id=7632
2026-02-07 22:58:20,425 [INFO] rit_api: LIMIT BUY 19 RTM1C49 @ 3.41 -> order_id=7633
2026-02-07 22:58:20,480 [INFO] rit_api: LIMIT BUY 19 RTM1P49 @ 0.05 -> order_id=7634
2026-02-07 22:58:20,903 [INFO] rit_api: LIMIT BUY 34 RTM1P53 @ 1.21 -> order_id=7684
2026-02-07 22:58:21,010 [INFO] rit_api: LIMIT BUY 33 RTM1P52 @ 0.39 -> order_id=7686
2026-02-07 22:58:21,124 [INFO] rit_api: LIMIT BUY 29 RTM1C54 @ 0.18 -> order_id=7688
2026-02-07 22:58:21,237 [INFO] rit_api: LIMIT BUY 25 RTM1C53 @ 0.66 -> order_id=7690
2026-02-07 22:58:21,348 [INFO] rit_api: LIMIT BUY 22 RTM1C52 @ 0.84 -> order_id=7692
2026-02-07 22:58:21,405 [INFO] rit_api: LIMIT BUY 18 RTM1C51 @ 1.67 -> order_id=7693
2026-02-07 22:58:21,464 [INFO] rit_api: LIMIT BUY 18 RTM1P51 @ 0.22 -> order_id=7694
2026-02-07 22:58:21,885 [INFO] rit_api: MARKET SELL 2761 RTM -> order_id=7741
2026-02-07 22:58:21,885 [WARNING] trading_engine: EMERGENCY HEDGE SELL 2761 RTM (delta=4261)
2026-02-07 22:58:22,049 [INFO] rit_api: LIMIT BUY 26 RTM1C53 @ 0.66 -> order_id=7744
2026-02-07 22:58:22,164 [INFO] rit_api: LIMIT BUY 25 RTM1C52 @ 0.94 -> order_id=7746
2026-02-07 22:58:22,221 [INFO] rit_api: LIMIT BUY 23 RTM1P50 @ 0.06 -> order_id=7747
2026-02-07 22:58:22,333 [INFO] rit_api: LIMIT BUY 19 RTM1C51 @ 1.79 -> order_id=7749
2026-02-07 22:58:22,389 [INFO] rit_api: LIMIT BUY 19 RTM1P51 @ 0.20 -> order_id=7751
2026-02-07 22:58:22,446 [INFO] rit_api: LIMIT BUY 17 RTM1P53 @ 1.08 -> order_id=7752
2026-02-07 22:58:22,514 [INFO] rit_api: LIMIT BUY 16 RTM1C54 @ 0.20 -> order_id=7753
2026-02-07 22:58:22,575 [INFO] rit_api: LIMIT BUY 15 RTM1P54 @ 1.61 -> order_id=7796
2026-02-07 22:58:23,000 [INFO] rit_api: LIMIT BUY 20 RTM1P52 @ 0.42 -> order_id=7802
2026-02-07 22:58:23,106 [INFO] rit_api: LIMIT BUY 16 RTM1P54 @ 1.74 -> order_id=7804
2026-02-07 22:58:23,250 [INFO] rit_api: LIMIT BUY 15 RTM1C50 @ 2.51 -> order_id=7806
2026-02-07 22:58:23,678 [INFO] rit_api: LIMIT BUY 17 RTM1C53 @ 0.60 -> order_id=7852
2026-02-07 22:58:23,732 [INFO] rit_api: LIMIT BUY 17 RTM1P53 @ 0.96 -> order_id=7853
2026-02-07 22:58:23,788 [INFO] rit_api: LIMIT BUY 17 RTM1C54 @ 0.29 -> order_id=7854
2026-02-07 22:58:24,897 [INFO] rit_api: LIMIT BUY 2054 RTM @ 52.40 -> order_id=7910
2026-02-07 22:58:24,897 [INFO] trading_engine: HEDGE LIMIT BUY 2054 RTM @ 52.40 (delta=-3054, target=-1000)
2026-02-07 22:58:29,734 [INFO] rit_api: MARKET BUY 2703 RTM -> order_id=8163
2026-02-07 22:58:29,734 [WARNING] trading_engine: EMERGENCY HEDGE BUY 2703 RTM (delta=-4203)
2026-02-07 22:58:29,793 [INFO] rit_api: LIMIT BUY 3203 RTM @ 51.29 -> order_id=8167
2026-02-07 22:58:29,793 [INFO] trading_engine: HEDGE LIMIT BUY 3203 RTM @ 51.29 (delta=-4203, target=-1000)
2026-02-07 22:58:32,734 [INFO] trading_engine: Cancelled stale hedge order after 3 ticks
2026-02-07 22:58:47,690 [INFO] news_parser: NEWS: Forecast vol next week = 20.0% - 25.0% (mid=22.5%)
2026-02-07 22:59:15,994 [INFO] rit_api: LIMIT SELL 2041 RTM @ 52.31 -> order_id=10246
2026-02-07 22:59:15,995 [INFO] trading_engine: HEDGE LIMIT SELL 2041 RTM @ 52.31 (delta=3041, target=1000)
2026-02-07 22:59:18,985 [INFO] trading_engine: Cancelled stale hedge order after 3 ticks
2026-02-07 22:59:23,938 [INFO] trading_engine: BLOCKED reversal at tick 223 (after deadline 200), edge=0.2%
2026-02-07 22:59:24,903 [INFO] trading_engine: BLOCKED reversal at tick 224 (after deadline 200), edge=0.2%
2026-02-07 22:59:24,990 [INFO] rit_api: LIMIT BUY 1788 RTM @ 51.71 -> order_id=10660
2026-02-07 22:59:24,990 [INFO] trading_engine: HEDGE LIMIT BUY 1788 RTM @ 51.71 (delta=-2788, target=-1000)
2026-02-07 22:59:25,952 [INFO] news_parser: NEWS: Current realized vol = 21.0% (history: ['34%', '23%', '21%'])
2026-02-07 22:59:26,017 [INFO] trading_engine: BLOCKED reversal at tick 225 (after deadline 200), edge=1.7%
2026-02-07 22:59:29,126 [INFO] rit_api: LIMIT BUY 1533 RTM @ 51.34 -> order_id=10833
2026-02-07 22:59:29,126 [INFO] trading_engine: HEDGE LIMIT BUY 1533 RTM @ 51.34 (delta=-2533, target=-1000)
2026-02-07 22:59:32,094 [INFO] trading_engine: Cancelled stale hedge order after 3 ticks
2026-02-07 22:59:39,165 [INFO] rit_api: LIMIT BUY 1852 RTM @ 50.88 -> order_id=11270
2026-02-07 22:59:39,166 [INFO] trading_engine: HEDGE LIMIT BUY 1852 RTM @ 50.88 (delta=-2852, target=-1000)
2026-02-07 23:00:21,293 [INFO] rit_api: LIMIT SELL 38 RTM1C49 @ 0.19 -> order_id=13089
2026-02-07 23:00:21,351 [INFO] rit_api: LIMIT SELL 38 RTM1P49 @ 0.40 -> order_id=13090
2026-02-07 23:00:21,458 [INFO] rit_api: LIMIT SELL 39 RTM1C50 @ 0.02 -> order_id=13091
2026-02-07 23:00:21,515 [INFO] rit_api: LIMIT SELL 39 RTM1P50 @ 1.22 -> order_id=13092
2026-02-07 23:00:21,571 [INFO] rit_api: LIMIT SELL 50 RTM1C51 @ 0.02 -> order_id=13093
2026-02-07 23:00:21,631 [INFO] rit_api: LIMIT SELL 50 RTM1P51 @ 2.21 -> order_id=13094
2026-02-07 23:00:21,694 [INFO] rit_api: LIMIT SELL 61 RTM1C52 @ 0.02 -> order_id=13095
2026-02-07 23:00:21,750 [INFO] rit_api: LIMIT SELL 61 RTM1P52 @ 3.21 -> order_id=13096
2026-02-07 23:00:21,804 [INFO] rit_api: LIMIT SELL 57 RTM1C53 @ 0.02 -> order_id=13097
2026-02-07 23:00:21,861 [INFO] rit_api: LIMIT SELL 57 RTM1P53 @ 4.21 -> order_id=13098
2026-02-07 23:00:21,917 [INFO] rit_api: LIMIT SELL 43 RTM1C54 @ 0.02 -> order_id=13099
2026-02-07 23:00:21,973 [INFO] rit_api: LIMIT SELL 43 RTM1P54 @ 5.21 -> order_id=13100
2026-02-07 23:00:22,033 [INFO] rit_api: LIMIT SELL 10000 RTM @ 48.77 -> order_id=13101
2026-02-07 23:00:22,296 [INFO] rit_api: MARKET BUY 7733 RTM -> order_id=13144
2026-02-07 23:00:22,296 [WARNING] trading_engine: EMERGENCY HEDGE BUY 7733 RTM (delta=-9233)
2026-02-07 23:00:22,356 [INFO] rit_api: LIMIT SELL 38 RTM1C49 @ 0.35 -> order_id=13145
2026-02-07 23:00:22,412 [INFO] rit_api: LIMIT SELL 38 RTM1P49 @ 0.21 -> order_id=13146
2026-02-07 23:00:22,525 [INFO] rit_api: LIMIT SELL 39 RTM1P50 @ 0.91 -> order_id=13148
2026-02-07 23:00:22,582 [INFO] rit_api: LIMIT SELL 50 RTM1C51 @ 0.01 -> order_id=13149
2026-02-07 23:00:22,639 [INFO] rit_api: LIMIT SELL 50 RTM1P51 @ 1.87 -> order_id=13150
2026-02-07 23:00:22,695 [INFO] rit_api: LIMIT SELL 61 RTM1C52 @ 0.01 -> order_id=13151
2026-02-07 23:00:22,755 [INFO] rit_api: LIMIT SELL 61 RTM1P52 @ 2.87 -> order_id=13152
2026-02-07 23:00:22,813 [INFO] rit_api: LIMIT SELL 57 RTM1C53 @ 0.01 -> order_id=13153
2026-02-07 23:00:22,870 [INFO] rit_api: LIMIT SELL 57 RTM1P53 @ 3.87 -> order_id=13154
2026-02-07 23:00:22,927 [INFO] rit_api: LIMIT SELL 43 RTM1C54 @ 0.01 -> order_id=13155
2026-02-07 23:00:22,985 [INFO] rit_api: LIMIT SELL 43 RTM1P54 @ 4.87 -> order_id=13156
2026-02-07 23:00:23,041 [INFO] rit_api: LIMIT SELL 10000 RTM @ 49.11 -> order_id=13157
2026-02-07 23:00:23,315 [INFO] rit_api: MARKET SELL 10000 RTM -> order_id=13200
2026-02-07 23:00:23,315 [WARNING] trading_engine: EMERGENCY HEDGE SELL 10000 RTM (delta=23571)
2026-02-07 23:00:23,381 [INFO] rit_api: LIMIT SELL 38 RTM1C49 @ 0.28 -> order_id=13201
2026-02-07 23:00:23,490 [INFO] rit_api: LIMIT SELL 10000 RTM @ 49.00 -> order_id=13203
2026-02-07 23:00:24,278 [INFO] rit_api: MARKET BUY 9153 RTM -> order_id=13246
2026-02-07 23:00:24,278 [WARNING] trading_engine: EMERGENCY HEDGE BUY 9153 RTM (delta=-10653)
2026-02-07 23:00:24,400 [INFO] rit_api: LIMIT BUY 38 RTM1C49 @ 0.36 -> order_id=13248
2026-02-07 23:00:24,456 [INFO] rit_api: LIMIT BUY 8382 RTM @ 49.19 -> order_id=13249
2026-02-07 23:00:25,485 [INFO] rit_api: MARKET SELL 10000 RTM -> order_id=13293
2026-02-07 23:00:25,485 [WARNING] trading_engine: EMERGENCY HEDGE SELL 10000 RTM (delta=19153)
2026-02-07 23:00:25,549 [INFO] rit_api: LIMIT SELL 9153 RTM @ 49.00 -> order_id=13294
2026-02-07 23:00:26,391 [INFO] rit_api: MARKET BUY 8500 RTM -> order_id=13337
2026-02-07 23:00:26,391 [WARNING] trading_engine: EMERGENCY HEDGE BUY 8500 RTM (delta=-10000)
2026-02-07 23:00:26,498 [INFO] rit_api: LIMIT BUY 10000 RTM @ 49.03 -> order_id=13339
2026-02-07 23:00:27,356 [INFO] rit_api: MARKET SELL 10000 RTM -> order_id=13383
2026-02-07 23:00:27,356 [WARNING] trading_engine: EMERGENCY HEDGE SELL 10000 RTM (delta=18500)
2026-02-07 23:00:27,416 [INFO] rit_api: LIMIT SELL 10000 RTM @ 49.03 -> order_id=13384
2026-02-07 23:00:28,301 [INFO] rit_api: MARKET BUY 10000 RTM -> order_id=13427
2026-02-07 23:00:28,302 [WARNING] trading_engine: EMERGENCY HEDGE BUY 10000 RTM (delta=-11500)
2026-02-07 23:00:28,361 [INFO] rit_api: LIMIT BUY 10000 RTM @ 48.87 -> order_id=13428
2026-02-07 23:00:29,347 [INFO] rit_api: MARKET SELL 10000 RTM -> order_id=13472
2026-02-07 23:00:29,347 [WARNING] trading_engine: EMERGENCY HEDGE SELL 10000 RTM (delta=18500)
2026-02-07 23:00:29,406 [INFO] rit_api: LIMIT SELL 10000 RTM @ 48.92 -> order_id=13473
2026-02-07 23:00:30,325 [INFO] rit_api: MARKET BUY 10000 RTM -> order_id=13517
2026-02-07 23:00:30,325 [WARNING] trading_engine: EMERGENCY HEDGE BUY 10000 RTM (delta=-11500)
2026-02-07 23:00:30,388 [INFO] rit_api: LIMIT BUY 10000 RTM @ 49.13 -> order_id=13518
2026-02-07 23:00:31,352 [INFO] rit_api: MARKET SELL 10000 RTM -> order_id=13562
2026-02-07 23:00:31,352 [WARNING] trading_engine: EMERGENCY HEDGE SELL 10000 RTM (delta=18500)
2026-02-07 23:00:31,467 [INFO] rit_api: LIMIT SELL 10000 RTM @ 49.10 -> order_id=13564
2026-02-07 23:00:32,350 [INFO] rit_api: MARKET BUY 10000 RTM -> order_id=13607
2026-02-07 23:00:32,350 [WARNING] trading_engine: EMERGENCY HEDGE BUY 10000 RTM (delta=-11500)
2026-02-07 23:00:32,409 [INFO] rit_api: LIMIT BUY 10000 RTM @ 48.94 -> order_id=13608
2026-02-07 23:00:33,364 [INFO] rit_api: MARKET SELL 10000 RTM -> order_id=13653
2026-02-07 23:00:33,364 [WARNING] trading_engine: EMERGENCY HEDGE SELL 10000 RTM (delta=18500)
2026-02-07 23:00:33,433 [INFO] rit_api: LIMIT SELL 8500 RTM @ 48.82 -> order_id=13654
2026-02-07 23:00:34,328 [INFO] rit_api: MARKET BUY 8500 RTM -> order_id=13697
2026-02-07 23:00:34,328 [WARNING] trading_engine: EMERGENCY HEDGE BUY 8500 RTM (delta=-10000)
2026-02-07 23:00:34,386 [INFO] rit_api: LIMIT BUY 10000 RTM @ 49.03 -> order_id=13698
2026-02-07 23:00:35,371 [INFO] rit_api: MARKET SELL 10000 RTM -> order_id=13742
2026-02-07 23:00:35,371 [WARNING] trading_engine: EMERGENCY HEDGE SELL 10000 RTM (delta=18500)
2026-02-07 23:00:35,427 [INFO] rit_api: LIMIT SELL 10000 RTM @ 49.10 -> order_id=13743
2026-02-07 23:00:36,368 [INFO] rit_api: MARKET BUY 10000 RTM -> order_id=13788
2026-02-07 23:00:36,368 [WARNING] trading_engine: EMERGENCY HEDGE BUY 10000 RTM (delta=-11500)
2026-02-07 23:00:36,429 [INFO] rit_api: MARKET BUY 10000 RTM -> order_id=13789
2026-02-07 23:00:37,314 [INFO] rit_api: MARKET SELL 10000 RTM -> order_id=13832
2026-02-07 23:00:37,314 [WARNING] trading_engine: EMERGENCY HEDGE SELL 10000 RTM (delta=18500)
2026-02-07 23:00:37,382 [INFO] rit_api: MARKET SELL 10000 RTM -> order_id=13833
2026-02-07 23:00:38,366 [INFO] rit_api: MARKET BUY 10000 RTM -> order_id=13877
2026-02-07 23:00:38,366 [WARNING] trading_engine: EMERGENCY HEDGE BUY 10000 RTM (delta=-11500)
2026-02-07 23:00:38,425 [INFO] rit_api: MARKET BUY 10000 RTM -> order_id=13878
2026-02-07 23:00:39,410 [INFO] rit_api: MARKET SELL 10000 RTM -> order_id=13922
2026-02-07 23:00:39,410 [WARNING] trading_engine: EMERGENCY HEDGE SELL 10000 RTM (delta=18500)
2026-02-07 23:00:39,474 [INFO] rit_api: MARKET SELL 10000 RTM -> order_id=13923
2026-02-07 23:00:40,411 [INFO] rit_api: MARKET BUY 10000 RTM -> order_id=13968
2026-02-07 23:00:40,412 [WARNING] trading_engine: EMERGENCY HEDGE BUY 10000 RTM (delta=-11500)
2026-02-07 23:00:40,470 [INFO] rit_api: MARKET BUY 10000 RTM -> order_id=13969
2026-02-07 23:00:41,352 [WARNING] rit_api: POST /commands/cancel returned 500: {"code":"INTERNAL_SERVER_ERROR","message":"Simulation is not active."}
2026-02-07 23:01:16,050 [ERROR] rit_api: GET /case error: HTTPConnectionPool(host='localhost', port=9998): Read timed out. (read timeout=5)
2026-02-07 23:01:21,052 [ERROR] rit_api: GET /case error: HTTPConnectionPool(host='localhost', port=9998): Read timed out. (read timeout=5)
2026-02-07 23:01:26,569 [ERROR] rit_api: GET /case error: HTTPConnectionPool(host='localhost', port=9998): Read timed out. (read timeout=5)
2026-02-07 23:01:32,079 [ERROR] rit_api: GET /case error: HTTPConnectionPool(host='localhost', port=9998): Read timed out. (read timeout=5)
2026-02-07 23:01:37,597 [ERROR] rit_api: GET /case error: HTTPConnectionPool(host='localhost', port=9998): Read timed out. (read timeout=5)
2026-02-07 23:01:43,127 [ERROR] rit_api: GET /case error: HTTPConnectionPool(host='localhost', port=9998): Read timed out. (read timeout=5)
2026-02-07 23:01:48,649 [ERROR] rit_api: GET /case error: HTTPConnectionPool(host='localhost', port=9998): Read timed out. (read timeout=5)
2026-02-07 23:01:54,172 [ERROR] rit_api: GET /case error: HTTPConnectionPool(host='localhost', port=9998): Read timed out. (read timeout=5)
2026-02-07 23:01:59,707 [ERROR] rit_api: GET /case error: HTTPConnectionPool(host='localhost', port=9998): Read timed out. (read timeout=5)
2026-02-07 23:02:05,241 [ERROR] rit_api: GET /case error: HTTPConnectionPool(host='localhost', port=9998): Read timed out. (read timeout=5)
2026-02-07 23:02:12,897 [WARNING] rit_api: GET /case returned 401
2026-02-07 23:02:13,400 [WARNING] rit_api: GET /case returned 401
2026-02-07 23:02:13,906 [WARNING] rit_api: GET /case returned 401
2026-02-07 23:02:14,414 [WARNING] rit_api: GET /case returned 401
2026-02-07 23:02:14,927 [WARNING] rit_api: GET /case returned 401
2026-02-07 23:02:15,432 [WARNING] rit_api: GET /case returned 401
2026-02-07 23:02:15,937 [WARNING] rit_api: GET /case returned 401
2026-02-07 23:02:16,440 [WARNING] rit_api: GET /case returned 401
2026-02-07 23:02:16,943 [WARNING] rit_api: GET /case returned 401
2026-02-07 23:02:17,446 [WARNING] rit_api: GET /case returned 401
2026-02-07 23:02:17,949 [WARNING] rit_api: GET /case returned 401
2026-02-07 23:02:18,452 [WARNING] rit_api: GET /case returned 401
2026-02-07 23:02:18,955 [WARNING] rit_api: GET /case returned 401
2026-02-07 23:02:19,457 [WARNING] rit_api: GET /case returned 401
2026-02-07 23:02:19,960 [WARNING] rit_api: GET /case returned 401
2026-02-07 23:02:20,463 [WARNING] rit_api: GET /case returned 401
2026-02-07 23:02:21,314 [INFO] news_parser: NEWS: Delta limit = 10000
2026-02-07 23:02:21,314 [INFO] news_parser: NEWS: Penalty rate = 3.00%
2026-02-07 23:02:43,424 [INFO] news_parser: NEWS: Forecast vol next week = 13.0% - 18.0% (mid=15.5%)
2026-02-07 23:02:43,498 [INFO] rit_api: LIMIT SELL 94 RTM1C48 @ 2.53 -> order_id=2154
2026-02-07 23:02:43,630 [INFO] rit_api: LIMIT SELL 94 RTM1P48 @ 2.18 -> order_id=2155
2026-02-07 23:02:43,738 [INFO] rit_api: LIMIT SELL 91 RTM1C49 @ 2.05 -> order_id=2157
2026-02-07 23:02:44,496 [INFO] rit_api: LIMIT SELL 91 RTM1P49 @ 2.70 -> order_id=2201
2026-02-07 23:02:44,649 [INFO] rit_api: LIMIT SELL 75 RTM1C47 @ 2.97 -> order_id=2203
2026-02-07 23:02:44,758 [INFO] rit_api: LIMIT SELL 75 RTM1P47 @ 1.62 -> order_id=2206
2026-02-07 23:02:44,931 [WARNING] rit_api: POST /orders returned 500: {"code":"INTERNAL_SERVER_ERROR","message":"Order request cannot be submitted because it will exceed net trading limits in the risk category Limit-OPT."}
2026-02-07 23:02:45,067 [WARNING] rit_api: POST /orders returned 500: {"code":"INTERNAL_SERVER_ERROR","message":"Order request cannot be submitted because it will exceed net trading limits in the risk category Limit-OPT."}
2026-02-07 23:02:45,183 [INFO] rit_api: LIMIT SELL 46 RTM1C46 @ 3.71 -> order_id=2208
2026-02-07 23:02:45,318 [INFO] rit_api: LIMIT SELL 46 RTM1P46 @ 1.36 -> order_id=2209
2026-02-07 23:02:45,469 [WARNING] rit_api: POST /orders returned 500: {"code":"INTERNAL_SERVER_ERROR","message":"Order request cannot be submitted because it will exceed net trading limits in the risk category Limit-OPT."}
2026-02-07 23:02:45,618 [WARNING] rit_api: POST /orders returned 500: {"code":"INTERNAL_SERVER_ERROR","message":"Order request cannot be submitted because it will exceed net trading limits in the risk category Limit-OPT."}
2026-02-07 23:02:45,679 [WARNING] rit_api: POST /orders returned 500: {"code":"INTERNAL_SERVER_ERROR","message":"Order request cannot be submitted because it will exceed net trading limits in the risk category Limit-OPT."}
2026-02-07 23:02:45,787 [WARNING] rit_api: POST /orders returned 500: {"code":"INTERNAL_SERVER_ERROR","message":"Order request cannot be submitted because it will exceed net trading limits in the risk category Limit-OPT."}
2026-02-07 23:02:45,877 [WARNING] rit_api: POST /orders returned 500: {"code":"INTERNAL_SERVER_ERROR","message":"Order request cannot be submitted because it will exceed net trading limits in the risk category Limit-OPT."}
2026-02-07 23:02:45,937 [WARNING] rit_api: POST /orders returned 500: {"code":"INTERNAL_SERVER_ERROR","message":"Order request cannot be submitted because it will exceed net trading limits in the risk category Limit-OPT."}
2026-02-07 23:02:46,497 [INFO] rit_api: LIMIT BUY 95 RTM1C48 @ 2.13 -> order_id=2301
2026-02-07 23:02:46,642 [INFO] rit_api: LIMIT BUY 95 RTM1P48 @ 2.47 -> order_id=2303
2026-02-07 23:02:46,754 [INFO] rit_api: LIMIT SELL 68 RTM1C46 @ 3.11 -> order_id=2306
2026-02-07 23:02:46,860 [INFO] rit_api: LIMIT SELL 53 RTM1C50 @ 1.42 -> order_id=2308
2026-02-07 23:02:46,967 [WARNING] rit_api: POST /orders returned 500: {"code":"INTERNAL_SERVER_ERROR","message":"Order request cannot be submitted because it will exceed net trading limits in the risk category Limit-OPT."}
2026-02-07 23:02:47,079 [WARNING] rit_api: POST /orders returned 500: {"code":"INTERNAL_SERVER_ERROR","message":"Order request cannot be submitted because it will exceed net trading limits in the risk category Limit-OPT."}
2026-02-07 23:02:47,156 [WARNING] rit_api: POST /orders returned 500: {"code":"INTERNAL_SERVER_ERROR","message":"Order request cannot be submitted because it will exceed net trading limits in the risk category Limit-OPT."}
2026-02-07 23:02:47,271 [WARNING] rit_api: POST /orders returned 500: {"code":"INTERNAL_SERVER_ERROR","message":"Order request cannot be submitted because it will exceed net trading limits in the risk category Limit-OPT."}
2026-02-07 23:02:47,328 [WARNING] rit_api: POST /orders returned 500: {"code":"INTERNAL_SERVER_ERROR","message":"Order request cannot be submitted because it will exceed net trading limits in the risk category Limit-OPT."}
2026-02-07 23:02:47,395 [WARNING] rit_api: POST /orders returned 500: {"code":"INTERNAL_SERVER_ERROR","message":"Order request cannot be submitted because it will exceed net trading limits in the risk category Limit-OPT."}
2026-02-07 23:02:47,468 [WARNING] rit_api: POST /orders returned 500: {"code":"INTERNAL_SERVER_ERROR","message":"Order request cannot be submitted because it will exceed net trading limits in the risk category Limit-OPT."}
2026-02-07 23:02:47,525 [INFO] rit_api: LIMIT BUY 16 RTM1C49 @ 1.78 -> order_id=2352
2026-02-07 23:02:47,631 [INFO] rit_api: LIMIT BUY 16 RTM1P49 @ 3.11 -> order_id=2353
2026-02-07 23:02:47,742 [INFO] rit_api: LIMIT BUY 10000 RTM @ 48.48 -> order_id=2355
2026-02-07 23:02:47,743 [INFO] trading_engine: HEDGE LIMIT BUY 10000 RTM @ 48.48 (delta=-24535, target=-2000)
2026-02-07 23:02:48,144 [INFO] rit_api: LIMIT BUY 100 RTM1C46 @ 3.62 -> order_id=2362
2026-02-07 23:02:48,203 [INFO] rit_api: LIMIT SELL 70 RTM1P48 @ 2.12 -> order_id=2363
2026-02-07 23:02:48,309 [INFO] rit_api: LIMIT BUY 40 RTM1P47 @ 1.66 -> order_id=2365
2026-02-07 23:02:48,367 [INFO] rit_api: LIMIT SELL 27 RTM1P51 @ 3.78 -> order_id=2408
2026-02-07 23:02:48,438 [INFO] rit_api: LIMIT BUY 25 RTM1C48 @ 2.61 -> order_id=2409
2026-02-07 23:02:48,494 [INFO] rit_api: LIMIT SELL 23 RTM1C52 @ 1.02 -> order_id=2410
2026-02-07 23:02:48,549 [INFO] rit_api: LIMIT SELL 23 RTM1P52 @ 4.55 -> order_id=2411
2026-02-07 23:02:48,605 [INFO] rit_api: LIMIT BUY 19 RTM1C50 @ 1.60 -> order_id=2413
2026-02-07 23:02:48,662 [INFO] rit_api: LIMIT SELL 18 RTM1C45 @ 4.32 -> order_id=2414
2026-02-07 23:02:48,771 [WARNING] rit_api: POST /orders returned 500: {"code":"INTERNAL_SERVER_ERROR","message":"Order request cannot be submitted because it will exceed net trading limits in the risk category Limit-OPT."}
2026-02-07 23:02:48,887 [INFO] rit_api: LIMIT BUY 18 RTM1C47 @ 3.13 -> order_id=2416
2026-02-07 23:02:49,008 [INFO] rit_api: LIMIT SELL 5951 RTM @ 48.83 -> order_id=2417
2026-02-07 23:02:49,008 [INFO] trading_engine: HEDGE LIMIT SELL 5951 RTM @ 48.83 (delta=7951, target=2000)
2026-02-07 23:02:49,408 [INFO] rit_api: LIMIT BUY 33 RTM1C48 @ 2.70 -> order_id=2465
2026-02-07 23:02:49,475 [WARNING] rit_api: POST /orders returned 500: {"code":"INTERNAL_SERVER_ERROR","message":"Order request cannot be submitted because it will exceed net trading limits in the risk category Limit-OPT."}
2026-02-07 23:02:49,575 [INFO] rit_api: LIMIT BUY 23 RTM1C49 @ 2.25 -> order_id=2467
2026-02-07 23:02:49,643 [INFO] rit_api: LIMIT BUY 22 RTM1P48 @ 1.85 -> order_id=2469
2026-02-07 23:02:49,699 [INFO] rit_api: LIMIT BUY 17 RTM1C46 @ 3.96 -> order_id=2470
2026-02-07 23:02:49,754 [INFO] rit_api: LIMIT SELL 17 RTM1P50 @ 2.87 -> order_id=2471
2026-02-07 23:02:49,815 [INFO] rit_api: LIMIT BUY 15 RTM1C47 @ 3.42 -> order_id=2472
2026-02-07 23:02:50,183 [INFO] rit_api: LIMIT BUY 31 RTM1C48 @ 2.89 -> order_id=2478
2026-02-07 23:02:50,290 [INFO] rit_api: LIMIT BUY 26 RTM1C46 @ 4.18 -> order_id=2480
2026-02-07 23:02:50,356 [INFO] rit_api: LIMIT BUY 24 RTM1C49 @ 2.39 -> order_id=2523
2026-02-07 23:02:50,428 [INFO] rit_api: LIMIT BUY 23 RTM1P46 @ 0.95 -> order_id=2524
2026-02-07 23:02:50,485 [INFO] rit_api: LIMIT SELL 20 RTM1C53 @ 0.92 -> order_id=2525
2026-02-07 23:02:50,540 [INFO] rit_api: LIMIT SELL 20 RTM1P53 @ 4.69 -> order_id=2526
2026-02-07 23:02:50,597 [INFO] rit_api: LIMIT SELL 17 RTM1C52 @ 1.25 -> order_id=2527
2026-02-07 23:02:50,707 [INFO] rit_api: LIMIT SELL 10000 RTM @ 48.94 -> order_id=2530
2026-02-07 23:02:50,707 [INFO] trading_engine: HEDGE LIMIT SELL 10000 RTM @ 48.94 (delta=15514, target=2000)
2026-02-07 23:02:51,112 [WARNING] rit_api: POST /orders returned 500: {"code":"INTERNAL_SERVER_ERROR","message":"Order request cannot be submitted because it will exceed net trading limits in the risk category Limit-OPT."}
2026-02-07 23:02:51,221 [INFO] rit_api: LIMIT BUY 29 RTM1C50 @ 1.75 -> order_id=2535
2026-02-07 23:02:51,282 [INFO] rit_api: LIMIT SELL 23 RTM1C46 @ 3.93 -> order_id=2536
2026-02-07 23:02:51,393 [INFO] rit_api: LIMIT BUY 22 RTM1C48 @ 2.68 -> order_id=2580
2026-02-07 23:02:51,465 [INFO] rit_api: LIMIT BUY 17 RTM1P46 @ 1.00 -> order_id=2581
2026-02-07 23:02:51,522 [INFO] rit_api: LIMIT SELL 15 RTM1C53 @ 0.87 -> order_id=2582
2026-02-07 23:02:51,936 [WARNING] rit_api: POST /orders returned 500: {"code":"INTERNAL_SERVER_ERROR","message":"Order request cannot be submitted because it will exceed net trading limits in the risk category Limit-OPT."}
2026-02-07 23:02:52,046 [INFO] rit_api: LIMIT BUY 25 RTM1C48 @ 2.78 -> order_id=2584
2026-02-07 23:02:52,166 [INFO] rit_api: LIMIT BUY 24 RTM1C49 @ 2.34 -> order_id=2586
2026-02-07 23:02:52,223 [INFO] rit_api: LIMIT SELL 20 RTM1P46 @ 0.93 -> order_id=2587
2026-02-07 23:02:52,330 [INFO] rit_api: LIMIT BUY 19 RTM1P47 @ 1.31 -> order_id=2589
2026-02-07 23:02:52,397 [INFO] rit_api: LIMIT BUY 19 RTM1P50 @ 2.75 -> order_id=2632
2026-02-07 23:02:52,814 [WARNING] rit_api: POST /orders returned 500: {"code":"INTERNAL_SERVER_ERROR","message":"Order request cannot be submitted because it will exceed net trading limits in the risk category Limit-OPT."}
2026-02-07 23:02:52,872 [INFO] rit_api: LIMIT BUY 18 RTM1C47 @ 3.50 -> order_id=2637
2026-02-07 23:02:52,928 [INFO] rit_api: LIMIT SELL 17 RTM1C52 @ 1.13 -> order_id=2638
2026-02-07 23:02:52,985 [INFO] rit_api: LIMIT BUY 15 RTM1C53 @ 1.03 -> order_id=2639
2026-02-07 23:02:53,518 [INFO] rit_api: MARKET BUY 5823 RTM -> order_id=2683
2026-02-07 23:02:53,519 [WARNING] trading_engine: EMERGENCY HEDGE BUY 5823 RTM (delta=-8823)
2026-02-07 23:02:53,690 [WARNING] rit_api: POST /orders returned 500: {"code":"INTERNAL_SERVER_ERROR","message":"Order request cannot be submitted because it will exceed net trading limits in the risk category Limit-OPT."}
2026-02-07 23:02:53,796 [INFO] rit_api: LIMIT BUY 25 RTM1P48 @ 1.37 -> order_id=2687
2026-02-07 23:02:53,903 [INFO] rit_api: LIMIT BUY 20 RTM1C48 @ 3.23 -> order_id=2690
2026-02-07 23:02:53,965 [INFO] rit_api: LIMIT BUY 18 RTM1C49 @ 2.68 -> order_id=2691
2026-02-07 23:02:54,024 [INFO] rit_api: LIMIT BUY 18 RTM1C50 @ 2.21 -> order_id=2692
2026-02-07 23:02:54,079 [INFO] rit_api: LIMIT SELL 17 RTM1C52 @ 1.45 -> order_id=2693
2026-02-07 23:02:54,138 [INFO] rit_api: LIMIT BUY 16 RTM1C46 @ 4.65 -> order_id=2694
2026-02-07 23:02:54,195 [INFO] rit_api: LIMIT BUY 16 RTM1P49 @ 1.81 -> order_id=2695
2026-02-07 23:02:54,251 [INFO] rit_api: LIMIT BUY 15 RTM1P47 @ 1.04 -> order_id=2696
2026-02-07 23:02:54,308 [INFO] rit_api: LIMIT SELL 15 RTM1C54 @ 0.88 -> order_id=2697
2026-02-07 23:02:54,390 [INFO] rit_api: LIMIT SELL 15 RTM1P54 @ 5.01 -> order_id=2740
2026-02-07 23:02:54,761 [INFO] rit_api: LIMIT BUY 21 RTM1C51 @ 1.89 -> order_id=2744
2026-02-07 23:02:54,865 [INFO] rit_api: LIMIT SELL 21 RTM1P52 @ 3.41 -> order_id=2746
2026-02-07 23:02:54,933 [WARNING] rit_api: POST /orders returned 500: {"code":"INTERNAL_SERVER_ERROR","message":"Order request cannot be submitted because it will exceed net trading limits in the risk category Limit-OPT."}
2026-02-07 23:02:54,990 [INFO] rit_api: LIMIT BUY 15 RTM1P46 @ 0.77 -> order_id=2747
2026-02-07 23:02:55,046 [INFO] rit_api: LIMIT SELL 15 RTM1P51 @ 2.86 -> order_id=2748
2026-02-07 23:02:55,104 [WARNING] rit_api: POST /orders returned 500: {"code":"INTERNAL_SERVER_ERROR","message":"Order request cannot be submitted because it will exceed net trading limits in the risk category Limit-OPT."}
2026-02-07 23:02:55,165 [WARNING] rit_api: POST /orders returned 500: {"code":"INTERNAL_SERVER_ERROR","message":"Order request cannot be submitted because it will exceed net trading limits in the risk category Limit-OPT."}
2026-02-07 23:02:55,235 [INFO] rit_api: LIMIT SELL 6215 RTM @ 50.00 -> order_id=2749
2026-02-07 23:02:55,235 [INFO] trading_engine: HEDGE LIMIT SELL 6215 RTM @ 50.00 (delta=8215, target=2000)
2026-02-07 23:02:55,497 [INFO] rit_api: LIMIT BUY 33 RTM1P51 @ 2.76 -> order_id=2792
2026-02-07 23:02:55,561 [INFO] rit_api: LIMIT BUY 24 RTM1P52 @ 3.27 -> order_id=2793
2026-02-07 23:02:55,623 [INFO] rit_api: LIMIT SELL 20 RTM1C53 @ 1.19 -> order_id=2794
2026-02-07 23:02:55,731 [INFO] rit_api: LIMIT SELL 20 RTM1P53 @ 4.00 -> order_id=2796
2026-02-07 23:02:55,839 [INFO] rit_api: LIMIT SELL 7 RTM1P54 @ 4.74 -> order_id=2799
2026-02-07 23:02:55,946 [INFO] rit_api: LIMIT BUY 18 RTM1C47 @ 4.10 -> order_id=2801
2026-02-07 23:02:57,471 [INFO] trading_engine: Cancelled stale hedge order after 3 ticks
2026-02-07 23:02:57,528 [INFO] rit_api: LIMIT SELL 3421 RTM @ 49.74 -> order_id=2890
2026-02-07 23:02:57,528 [INFO] trading_engine: HEDGE LIMIT SELL 3421 RTM @ 49.74 (delta=5421, target=2000)
2026-02-07 23:03:00,557 [INFO] trading_engine: Cancelled stale hedge order after 3 ticks
2026-02-07 23:03:00,613 [INFO] rit_api: LIMIT BUY 4690 RTM @ 49.83 -> order_id=3022
2026-02-07 23:03:00,613 [INFO] trading_engine: HEDGE LIMIT BUY 4690 RTM @ 49.83 (delta=-6690, target=-2000)
2026-02-07 23:03:01,497 [INFO] rit_api: LIMIT SELL 4103 RTM @ 49.71 -> order_id=3066
2026-02-07 23:03:01,497 [INFO] trading_engine: HEDGE LIMIT SELL 4103 RTM @ 49.71 (delta=6103, target=2000)
2026-02-07 23:03:04,520 [INFO] trading_engine: Cancelled stale hedge order after 3 ticks
2026-02-07 23:03:08,735 [INFO] rit_api: MARKET BUY 6925 RTM -> order_id=3369
2026-02-07 23:03:08,736 [WARNING] trading_engine: EMERGENCY HEDGE BUY 6925 RTM (delta=-9925)
2026-02-07 23:03:08,851 [INFO] rit_api: LIMIT BUY 8540 RTM @ 50.87 -> order_id=3372
2026-02-07 23:03:08,851 [INFO] trading_engine: HEDGE LIMIT BUY 8540 RTM @ 50.87 (delta=-10540, target=-2000)
2026-02-07 23:03:09,720 [INFO] rit_api: MARKET SELL 10000 RTM -> order_id=3418
2026-02-07 23:03:09,720 [WARNING] trading_engine: EMERGENCY HEDGE SELL 10000 RTM (delta=17564)
2026-02-07 23:03:09,788 [INFO] rit_api: LIMIT SELL 10000 RTM @ 50.67 -> order_id=3419
2026-02-07 23:03:09,789 [INFO] trading_engine: HEDGE LIMIT SELL 10000 RTM @ 50.67 (delta=16819, target=2000)
2026-02-07 23:03:10,568 [INFO] rit_api: MARKET BUY 10000 RTM -> order_id=3462
2026-02-07 23:03:10,568 [WARNING] trading_engine: EMERGENCY HEDGE BUY 10000 RTM (delta=-18551)
2026-02-07 23:03:10,629 [INFO] rit_api: LIMIT BUY 10000 RTM @ 51.09 -> order_id=3463
2026-02-07 23:03:10,629 [INFO] trading_engine: HEDGE LIMIT BUY 10000 RTM @ 51.09 (delta=-18551, target=-2000)
2026-02-07 23:03:13,582 [INFO] trading_engine: Cancelled stale hedge order after 3 ticks
2026-02-07 23:03:14,675 [INFO] rit_api: LIMIT BUY 4819 RTM @ 51.68 -> order_id=3646
2026-02-07 23:03:14,683 [INFO] trading_engine: HEDGE LIMIT BUY 4819 RTM @ 51.68 (delta=-6819, target=-2000)
2026-02-07 23:03:15,630 [INFO] rit_api: LIMIT SELL 5102 RTM @ 51.52 -> order_id=3691
2026-02-07 23:03:15,631 [INFO] trading_engine: HEDGE LIMIT SELL 5102 RTM @ 51.52 (delta=7102, target=2000)
2026-02-07 23:03:16,636 [INFO] rit_api: LIMIT BUY 3213 RTM @ 51.67 -> order_id=3762
2026-02-07 23:03:16,636 [INFO] trading_engine: HEDGE LIMIT BUY 3213 RTM @ 51.67 (delta=-5213, target=-2000)
2026-02-07 23:03:17,654 [INFO] rit_api: MARKET SELL 9999 RTM -> order_id=3806
2026-02-07 23:03:17,654 [WARNING] trading_engine: EMERGENCY HEDGE SELL 9999 RTM (delta=12999)
2026-02-07 23:03:17,767 [INFO] rit_api: LIMIT SELL 10000 RTM @ 50.89 -> order_id=3807
2026-02-07 23:03:17,768 [INFO] trading_engine: HEDGE LIMIT SELL 10000 RTM @ 50.89 (delta=12999, target=2000)
2026-02-07 23:03:18,657 [INFO] rit_api: MARKET BUY 10000 RTM -> order_id=3851
2026-02-07 23:03:18,657 [WARNING] trading_engine: EMERGENCY HEDGE BUY 10000 RTM (delta=-15260)
2026-02-07 23:03:18,721 [INFO] rit_api: LIMIT BUY 10000 RTM @ 50.78 -> order_id=3852
2026-02-07 23:03:18,721 [INFO] trading_engine: HEDGE LIMIT BUY 10000 RTM @ 50.78 (delta=-15260, target=-2000)
2026-02-07 23:03:19,694 [INFO] rit_api: MARKET SELL 10000 RTM -> order_id=3897
2026-02-07 23:03:19,694 [WARNING] trading_engine: EMERGENCY HEDGE SELL 10000 RTM (delta=19888)
2026-02-07 23:03:19,809 [INFO] rit_api: LIMIT SELL 10000 RTM @ 50.38 -> order_id=3899
2026-02-07 23:03:19,809 [INFO] trading_engine: HEDGE LIMIT SELL 10000 RTM @ 50.38 (delta=19888, target=2000)
2026-02-07 23:03:20,620 [INFO] rit_api: LIMIT BUY 3565 RTM @ 50.13 -> order_id=3942
2026-02-07 23:03:20,621 [INFO] trading_engine: HEDGE LIMIT BUY 3565 RTM @ 50.13 (delta=-5565, target=-2000)
2026-02-07 23:03:21,673 [INFO] rit_api: LIMIT BUY 5881 RTM @ 50.63 -> order_id=3989
2026-02-07 23:03:21,673 [INFO] trading_engine: HEDGE LIMIT BUY 5881 RTM @ 50.63 (delta=-7881, target=-2000)
2026-02-07 23:03:22,659 [INFO] news_parser: NEWS: Current realized vol = 13.0% (history: ['13%'])
2026-02-07 23:03:59,777 [INFO] news_parser: NEWS: Forecast vol next week = 11.0% - 16.0% (mid=13.5%)
2026-02-07 23:04:37,996 [INFO] news_parser: NEWS: Current realized vol = 16.0% (history: ['13%', '16%'])
2026-02-07 23:05:15,146 [INFO] news_parser: NEWS: Forecast vol next week = 10.0% - 15.0% (mid=12.5%)
2026-02-07 23:05:39,298 [INFO] trading_engine: BLOCKED reversal at tick 211 (after deadline 200), edge=0.0%
2026-02-07 23:05:42,327 [INFO] trading_engine: BLOCKED reversal at tick 214 (after deadline 200), edge=0.1%
2026-02-07 23:05:50,397 [INFO] trading_engine: BLOCKED reversal at tick 222 (after deadline 200), edge=0.0%
2026-02-07 23:05:53,511 [INFO] news_parser: NEWS: Current realized vol = 14.0% (history: ['13%', '16%', '14%'])
2026-02-07 23:05:54,415 [INFO] trading_engine: BLOCKED reversal at tick 226 (after deadline 200), edge=2.5%
2026-02-07 23:05:55,535 [INFO] trading_engine: BLOCKED reversal at tick 227 (after deadline 200), edge=3.1%
2026-02-07 23:05:56,653 [INFO] rit_api: MARKET SELL 10000 RTM -> order_id=10805
2026-02-07 23:05:56,653 [WARNING] trading_engine: EMERGENCY HEDGE SELL 10000 RTM (delta=19174)
2026-02-07 23:05:56,723 [INFO] trading_engine: BLOCKED reversal at tick 228 (after deadline 200), edge=2.8%
2026-02-07 23:05:56,783 [INFO] rit_api: LIMIT SELL 10000 RTM @ 51.64 -> order_id=10811
2026-02-07 23:05:56,783 [INFO] trading_engine: HEDGE LIMIT SELL 10000 RTM @ 51.64 (delta=16554, target=2000)
2026-02-07 23:05:57,701 [INFO] rit_api: MARKET BUY 7384 RTM -> order_id=10866
2026-02-07 23:05:57,701 [WARNING] trading_engine: EMERGENCY HEDGE BUY 7384 RTM (delta=-10384)
2026-02-07 23:05:57,707 [INFO] trading_engine: BLOCKED reversal at tick 229 (after deadline 200), edge=1.8%
2026-02-07 23:05:57,765 [INFO] rit_api: LIMIT BUY 9528 RTM @ 52.02 -> order_id=10867
2026-02-07 23:05:57,765 [INFO] trading_engine: HEDGE LIMIT BUY 9528 RTM @ 52.02 (delta=-11528, target=-2000)
2026-02-07 23:05:58,542 [INFO] rit_api: MARKET SELL 10000 RTM -> order_id=10918
2026-02-07 23:05:58,542 [WARNING] trading_engine: EMERGENCY HEDGE SELL 10000 RTM (delta=13663)
2026-02-07 23:05:58,546 [INFO] trading_engine: BLOCKED reversal at tick 230 (after deadline 200), edge=1.9%
2026-02-07 23:05:58,604 [INFO] rit_api: LIMIT SELL 10000 RTM @ 52.08 -> order_id=10919
2026-02-07 23:05:58,605 [INFO] trading_engine: HEDGE LIMIT SELL 10000 RTM @ 52.08 (delta=13663, target=2000)
2026-02-07 23:05:59,459 [INFO] trading_engine: BLOCKED reversal at tick 231 (after deadline 200), edge=2.3%
2026-02-07 23:05:59,516 [INFO] rit_api: LIMIT BUY 5758 RTM @ 51.98 -> order_id=10964
2026-02-07 23:05:59,516 [INFO] trading_engine: HEDGE LIMIT BUY 5758 RTM @ 51.98 (delta=-7758, target=-2000)
2026-02-07 23:06:00,444 [INFO] trading_engine: BLOCKED reversal at tick 232 (after deadline 200), edge=2.8%
2026-02-07 23:06:00,501 [INFO] rit_api: LIMIT SELL 3991 RTM @ 51.99 -> order_id=11008
2026-02-07 23:06:00,502 [INFO] trading_engine: HEDGE LIMIT SELL 3991 RTM @ 51.99 (delta=5991, target=2000)
2026-02-07 23:06:01,477 [INFO] trading_engine: BLOCKED reversal at tick 233 (after deadline 200), edge=2.9%
2026-02-07 23:06:02,415 [INFO] trading_engine: BLOCKED reversal at tick 234 (after deadline 200), edge=2.6%
2026-02-07 23:06:03,452 [INFO] trading_engine: BLOCKED reversal at tick 235 (after deadline 200), edge=2.1%
2026-02-07 23:06:03,508 [INFO] trading_engine: Cancelled stale hedge order after 3 ticks
2026-02-07 23:06:04,445 [INFO] trading_engine: BLOCKED reversal at tick 236 (after deadline 200), edge=1.6%
2026-02-07 23:06:05,431 [INFO] trading_engine: BLOCKED reversal at tick 237 (after deadline 200), edge=2.3%
2026-02-07 23:06:06,463 [INFO] trading_engine: BLOCKED reversal at tick 238 (after deadline 200), edge=2.5%
2026-02-07 23:06:07,491 [INFO] trading_engine: BLOCKED reversal at tick 239 (after deadline 200), edge=1.5%
2026-02-07 23:06:08,675 [INFO] trading_engine: BLOCKED reversal at tick 240 (after deadline 200), edge=1.9%
2026-02-07 23:06:09,503 [INFO] trading_engine: BLOCKED reversal at tick 241 (after deadline 200), edge=1.5%
2026-02-07 23:06:10,613 [INFO] trading_engine: BLOCKED reversal at tick 242 (after deadline 200), edge=1.7%
2026-02-07 23:06:11,647 [INFO] trading_engine: BLOCKED reversal at tick 243 (after deadline 200), edge=1.4%
2026-02-07 23:06:12,494 [INFO] trading_engine: BLOCKED reversal at tick 244 (after deadline 200), edge=1.6%
2026-02-07 23:06:13,525 [INFO] trading_engine: BLOCKED reversal at tick 245 (after deadline 200), edge=1.0%
2026-02-07 23:06:14,510 [INFO] trading_engine: BLOCKED reversal at tick 246 (after deadline 200), edge=0.8%
2026-02-07 23:06:15,545 [INFO] trading_engine: BLOCKED reversal at tick 247 (after deadline 200), edge=0.6%
2026-02-07 23:06:16,578 [INFO] trading_engine: BLOCKED reversal at tick 248 (after deadline 200), edge=0.9%
2026-02-07 23:06:17,524 [INFO] trading_engine: BLOCKED reversal at tick 249 (after deadline 200), edge=0.6%
2026-02-07 23:06:18,564 [INFO] trading_engine: BLOCKED reversal at tick 250 (after deadline 200), edge=0.4%
2026-02-07 23:06:19,609 [INFO] trading_engine: BLOCKED reversal at tick 251 (after deadline 200), edge=0.4%
2026-02-07 23:06:20,550 [INFO] trading_engine: BLOCKED reversal at tick 252 (after deadline 200), edge=0.4%
2026-02-07 23:06:21,587 [INFO] trading_engine: BLOCKED reversal at tick 253 (after deadline 200), edge=0.1%
2026-02-07 23:06:22,620 [INFO] trading_engine: BLOCKED reversal at tick 254 (after deadline 200), edge=0.1%
2026-02-07 23:06:24,613 [INFO] trading_engine: BLOCKED reversal at tick 256 (after deadline 200), edge=0.1%
2026-02-07 23:06:25,660 [INFO] trading_engine: BLOCKED reversal at tick 257 (after deadline 200), edge=0.1%
2026-02-07 23:06:27,632 [INFO] trading_engine: BLOCKED reversal at tick 259 (after deadline 200), edge=0.4%
2026-02-07 23:06:28,573 [INFO] trading_engine: BLOCKED reversal at tick 260 (after deadline 200), edge=0.1%
2026-02-07 23:06:30,654 [INFO] trading_engine: BLOCKED reversal at tick 262 (after deadline 200), edge=0.1%
2026-02-07 23:06:31,588 [INFO] trading_engine: BLOCKED reversal at tick 263 (after deadline 200), edge=0.0%
2026-02-07 23:06:33,666 [INFO] trading_engine: BLOCKED reversal at tick 265 (after deadline 200), edge=0.1%
2026-02-07 23:06:37,671 [INFO] trading_engine: BLOCKED reversal at tick 269 (after deadline 200), edge=0.2%
2026-02-07 23:06:39,651 [INFO] trading_engine: BLOCKED reversal at tick 271 (after deadline 200), edge=0.0%
2026-02-07 23:06:48,761 [INFO] rit_api: LIMIT SELL 7 RTM1C50 @ 0.60 -> order_id=13062
2026-02-07 23:06:48,817 [INFO] rit_api: LIMIT SELL 48 RTM1C51 @ 0.06 -> order_id=13063
2026-02-07 23:06:48,933 [INFO] rit_api: LIMIT SELL 48 RTM1P51 @ 0.50 -> order_id=13064
2026-02-07 23:06:48,995 [INFO] rit_api: LIMIT SELL 59 RTM1C52 @ 0.02 -> order_id=13065
2026-02-07 23:06:49,062 [INFO] rit_api: LIMIT SELL 59 RTM1P52 @ 1.44 -> order_id=13066
2026-02-07 23:06:49,117 [INFO] rit_api: LIMIT SELL 41 RTM1C53 @ 0.02 -> order_id=13067
2026-02-07 23:06:49,173 [INFO] rit_api: LIMIT SELL 20 RTM1P53 @ 2.43 -> order_id=13068
2026-02-07 23:06:49,229 [INFO] rit_api: LIMIT SELL 3 RTM1P54 @ 3.43 -> order_id=13069
2026-02-07 23:06:49,290 [INFO] rit_api: LIMIT SELL 10000 RTM @ 50.55 -> order_id=13070
2026-02-07 23:06:49,764 [INFO] rit_api: LIMIT SELL 7 RTM1C50 @ 0.59 -> order_id=13113
2026-02-07 23:06:49,840 [INFO] rit_api: LIMIT SELL 48 RTM1C51 @ 0.05 -> order_id=13114
2026-02-07 23:06:49,896 [INFO] rit_api: LIMIT SELL 48 RTM1P51 @ 0.49 -> order_id=13115
2026-02-07 23:06:49,946 [INFO] rit_api: LIMIT SELL 59 RTM1C52 @ 0.01 -> order_id=13116
2026-02-07 23:06:50,010 [INFO] rit_api: LIMIT SELL 41 RTM1C53 @ 0.01 -> order_id=13117
2026-02-07 23:06:50,063 [INFO] rit_api: LIMIT SELL 1400 RTM @ 50.53 -> order_id=13118
2026-02-07 23:06:50,864 [INFO] rit_api: LIMIT SELL 7 RTM1C50 @ 0.58 -> order_id=13162
2026-02-07 23:06:50,927 [INFO] rit_api: LIMIT SELL 48 RTM1C51 @ 0.04 -> order_id=13163
2026-02-07 23:06:50,989 [INFO] rit_api: LIMIT BUY 48 RTM1P51 @ 0.51 -> order_id=13164
2026-02-07 23:06:51,869 [INFO] rit_api: LIMIT BUY 7 RTM1C50 @ 0.68 -> order_id=13207
2026-02-07 23:06:51,927 [INFO] rit_api: LIMIT BUY 48 RTM1C51 @ 0.07 -> order_id=13208
2026-02-07 23:06:51,987 [INFO] rit_api: LIMIT BUY 5404 RTM @ 50.68 -> order_id=13209
2026-02-07 23:06:52,869 [INFO] rit_api: LIMIT SELL 7220 RTM @ 50.39 -> order_id=13253
2026-02-07 23:06:53,903 [INFO] rit_api: LIMIT BUY 7220 RTM @ 50.42 -> order_id=13297
2026-02-07 23:06:54,896 [INFO] rit_api: LIMIT SELL 7220 RTM @ 50.39 -> order_id=13341
2026-02-07 23:06:55,885 [INFO] rit_api: LIMIT BUY 7220 RTM @ 50.38 -> order_id=13385
2026-02-07 23:06:56,872 [INFO] rit_api: LIMIT SELL 7220 RTM @ 50.49 -> order_id=13429
2026-02-07 23:06:57,861 [INFO] rit_api: LIMIT BUY 7220 RTM @ 50.24 -> order_id=13473
2026-02-07 23:06:58,846 [INFO] rit_api: LIMIT SELL 7220 RTM @ 50.11 -> order_id=13517
2026-02-07 23:06:59,849 [INFO] rit_api: LIMIT BUY 7220 RTM @ 50.13 -> order_id=13561
2026-02-07 23:07:00,916 [INFO] rit_api: LIMIT SELL 7220 RTM @ 49.89 -> order_id=13605
2026-02-07 23:07:01,913 [INFO] rit_api: LIMIT BUY 7220 RTM @ 49.81 -> order_id=13649
2026-02-07 23:07:02,911 [INFO] rit_api: LIMIT SELL 7220 RTM @ 49.55 -> order_id=13693
2026-02-07 23:07:03,838 [INFO] rit_api: MARKET BUY 7220 RTM -> order_id=13737
2026-02-07 23:07:04,958 [INFO] rit_api: MARKET SELL 7220 RTM -> order_id=13782
2026-02-07 23:07:05,885 [INFO] rit_api: MARKET BUY 7220 RTM -> order_id=13825
2026-02-07 23:07:06,896 [INFO] rit_api: MARKET SELL 7220 RTM -> order_id=13869
2026-02-07 23:07:07,926 [INFO] rit_api: MARKET BUY 7220 RTM -> order_id=13913
2026-02-07 23:08:35,367 [INFO] news_parser: NEWS: Delta limit = 15000
2026-02-07 23:08:35,367 [INFO] news_parser: NEWS: Penalty rate = 2.00%
2026-02-07 23:09:10,445 [INFO] news_parser: NEWS: Forecast vol next week = 27.0% - 32.0% (mid=29.5%)
2026-02-07 23:09:10,509 [INFO] rit_api: LIMIT BUY 60 RTM1C49 @ 1.09 -> order_id=1548
2026-02-07 23:09:10,567 [INFO] rit_api: LIMIT BUY 60 RTM1P49 @ 1.20 -> order_id=1549
2026-02-07 23:09:10,624 [INFO] rit_api: LIMIT BUY 58 RTM1C48 @ 1.56 -> order_id=1550
2026-02-07 23:09:10,734 [INFO] rit_api: LIMIT BUY 58 RTM1P48 @ 0.66 -> order_id=1552
2026-02-07 23:09:10,843 [INFO] rit_api: LIMIT BUY 58 RTM1C50 @ 0.55 -> order_id=1554
2026-02-07 23:09:10,955 [INFO] rit_api: LIMIT BUY 58 RTM1P50 @ 1.66 -> order_id=1556
2026-02-07 23:09:11,070 [INFO] rit_api: LIMIT BUY 53 RTM1C51 @ 0.40 -> order_id=1558
2026-02-07 23:09:11,177 [INFO] rit_api: LIMIT BUY 53 RTM1P51 @ 2.51 -> order_id=1560
2026-02-07 23:09:11,289 [WARNING] rit_api: POST /orders returned 500: {"code":"INTERNAL_SERVER_ERROR","message":"Order request cannot be submitted because it will exceed net trading limits in the risk category Limit-OPT."}
2026-02-07 23:09:11,400 [WARNING] rit_api: POST /orders returned 500: {"code":"INTERNAL_SERVER_ERROR","message":"Order request cannot be submitted because it will exceed net trading limits in the risk category Limit-OPT."}
2026-02-07 23:09:11,562 [INFO] rit_api: LIMIT BUY 46 RTM1C52 @ 0.20 -> order_id=1603
2026-02-07 23:09:11,693 [WARNING] rit_api: POST /orders returned 500: {"code":"INTERNAL_SERVER_ERROR","message":"Order request cannot be submitted because it will exceed net trading limits in the risk category Limit-OPT."}
2026-02-07 23:09:11,803 [WARNING] rit_api: POST /orders returned 500: {"code":"INTERNAL_SERVER_ERROR","message":"Order request cannot be submitted because it will exceed net trading limits in the risk category Limit-OPT."}
2026-02-07 23:09:11,861 [WARNING] rit_api: POST /orders returned 500: {"code":"INTERNAL_SERVER_ERROR","message":"Order request cannot be submitted because it will exceed net trading limits in the risk category Limit-OPT."}
2026-02-07 23:09:11,921 [WARNING] rit_api: POST /orders returned 500: {"code":"INTERNAL_SERVER_ERROR","message":"Order request cannot be submitted because it will exceed net trading limits in the risk category Limit-OPT."}
2026-02-07 23:09:11,980 [WARNING] rit_api: POST /orders returned 500: {"code":"INTERNAL_SERVER_ERROR","message":"Order request cannot be submitted because it will exceed net trading limits in the risk category Limit-OPT."}
2026-02-07 23:09:12,037 [WARNING] rit_api: POST /orders returned 500: {"code":"INTERNAL_SERVER_ERROR","message":"Order request cannot be submitted because it will exceed net trading limits in the risk category Limit-OPT."}
2026-02-07 23:09:12,096 [WARNING] rit_api: POST /orders returned 500: {"code":"INTERNAL_SERVER_ERROR","message":"Order request cannot be submitted because it will exceed net trading limits in the risk category Limit-OPT."}
2026-02-07 23:09:12,154 [WARNING] rit_api: POST /orders returned 500: {"code":"INTERNAL_SERVER_ERROR","message":"Order request cannot be submitted because it will exceed net trading limits in the risk category Limit-OPT."}
2026-02-07 23:09:12,214 [WARNING] rit_api: POST /orders returned 500: {"code":"INTERNAL_SERVER_ERROR","message":"Order request cannot be submitted because it will exceed net trading limits in the risk category Limit-OPT."}
2026-02-07 23:09:12,605 [INFO] rit_api: LIMIT SELL 98 RTM1C50 @ 0.62 -> order_id=1651
2026-02-07 23:09:12,726 [INFO] rit_api: LIMIT SELL 98 RTM1P50 @ 1.75 -> order_id=1653
2026-02-07 23:09:12,842 [INFO] rit_api: LIMIT SELL 97 RTM1C48 @ 1.53 -> order_id=1655
2026-02-07 23:09:12,949 [INFO] rit_api: LIMIT BUY 52 RTM1C47 @ 2.25 -> order_id=1657
2026-02-07 23:09:13,014 [INFO] rit_api: LIMIT BUY 52 RTM1P47 @ 0.38 -> order_id=1658
2026-02-07 23:09:13,123 [INFO] rit_api: LIMIT BUY 46 RTM1P52 @ 3.35 -> order_id=1660
2026-02-07 23:09:13,206 [INFO] rit_api: LIMIT BUY 44 RTM1C46 @ 3.08 -> order_id=1661
2026-02-07 23:09:13,269 [INFO] rit_api: LIMIT BUY 44 RTM1P46 @ 0.21 -> order_id=1662
2026-02-07 23:09:13,326 [INFO] rit_api: LIMIT SELL 41 RTM1C49 @ 1.02 -> order_id=1663
2026-02-07 23:09:13,408 [INFO] rit_api: LIMIT SELL 41 RTM1P49 @ 1.15 -> order_id=1706
2026-02-07 23:09:13,803 [INFO] rit_api: LIMIT SELL 40 RTM1P48 @ 0.76 -> order_id=1710
2026-02-07 23:09:13,860 [INFO] rit_api: LIMIT SELL 40 RTM1C50 @ 0.56 -> order_id=1711
2026-02-07 23:09:13,919 [INFO] rit_api: LIMIT SELL 40 RTM1P50 @ 1.77 -> order_id=1712
2026-02-07 23:09:13,979 [INFO] rit_api: LIMIT SELL 39 RTM1C48 @ 1.55 -> order_id=1713
2026-02-07 23:09:14,036 [INFO] rit_api: LIMIT BUY 36 RTM1C53 @ 0.12 -> order_id=1714
2026-02-07 23:09:14,095 [INFO] rit_api: LIMIT BUY 36 RTM1P53 @ 4.33 -> order_id=1715
2026-02-07 23:09:14,164 [INFO] rit_api: LIMIT SELL 35 RTM1C51 @ 0.33 -> order_id=1716
2026-02-07 23:09:14,274 [INFO] rit_api: LIMIT SELL 35 RTM1P51 @ 2.54 -> order_id=1718
2026-02-07 23:09:14,384 [INFO] rit_api: LIMIT BUY 34 RTM1C45 @ 3.88 -> order_id=1720
2026-02-07 23:09:14,487 [INFO] rit_api: LIMIT BUY 34 RTM1P45 @ 0.09 -> order_id=1764
2026-02-07 23:09:14,789 [INFO] rit_api: LIMIT SELL 41 RTM1C49 @ 1.01 -> order_id=1766
2026-02-07 23:09:14,847 [INFO] rit_api: LIMIT SELL 41 RTM1P49 @ 1.17 -> order_id=1767
2026-02-07 23:09:14,904 [INFO] rit_api: LIMIT BUY 28 RTM1C54 @ 0.06 -> order_id=1768
2026-02-07 23:09:15,021 [INFO] rit_api: LIMIT BUY 28 RTM1P54 @ 5.21 -> order_id=1769
2026-02-07 23:09:15,074 [INFO] rit_api: LIMIT SELL 17 RTM1P48 @ 0.76 -> order_id=1770
2026-02-07 23:09:15,716 [INFO] rit_api: LIMIT SELL 41 RTM1C49 @ 0.97 -> order_id=1814
2026-02-07 23:09:16,599 [INFO] rit_api: LIMIT SELL 30 RTM1C49 @ 1.00 -> order_id=1860
2026-02-07 23:09:16,653 [INFO] rit_api: LIMIT SELL 21 RTM1P48 @ 0.78 -> order_id=1861
2026-02-07 23:09:49,657 [INFO] news_parser: NEWS: Current realized vol = 28.0% (history: ['28%'])
2026-02-07 23:10:26,848 [INFO] news_parser: NEWS: Forecast vol next week = 32.0% - 37.0% (mid=34.5%)
2026-02-07 23:11:05,106 [INFO] news_parser: NEWS: Current realized vol = 36.0% (history: ['28%', '36%'])
2026-02-07 23:11:42,259 [INFO] news_parser: NEWS: Forecast vol next week = 24.0% - 29.0% (mid=26.5%)
2026-02-07 23:12:15,426 [INFO] trading_engine: BLOCKED reversal at tick 220 (after deadline 200), edge=0.2%
2026-02-07 23:12:17,540 [INFO] trading_engine: BLOCKED reversal at tick 222 (after deadline 200), edge=0.1%
2026-02-07 23:12:20,476 [INFO] news_parser: NEWS: Current realized vol = 25.0% (history: ['28%', '36%', '25%'])
2026-02-07 23:12:20,538 [INFO] trading_engine: BLOCKED reversal at tick 225 (after deadline 200), edge=10.9%
2026-02-07 23:12:22,695 [INFO] rit_api: MARKET SELL 7561 RTM -> order_id=10257
2026-02-07 23:12:22,695 [WARNING] trading_engine: EMERGENCY HEDGE SELL 7561 RTM (delta=12061)
2026-02-07 23:12:22,864 [INFO] rit_api: LIMIT SELL 7608 RTM @ 48.06 -> order_id=10277
2026-02-07 23:12:22,864 [INFO] trading_engine: HEDGE LIMIT SELL 7608 RTM @ 48.06 (delta=10608, target=3000)
2026-02-07 23:12:23,692 [INFO] rit_api: MARKET BUY 10000 RTM -> order_id=10331
2026-02-07 23:12:23,692 [WARNING] trading_engine: EMERGENCY HEDGE BUY 10000 RTM (delta=-15433)
2026-02-07 23:12:23,861 [INFO] rit_api: LIMIT BUY 10000 RTM @ 48.01 -> order_id=10334
2026-02-07 23:12:23,861 [INFO] trading_engine: HEDGE LIMIT BUY 10000 RTM @ 48.01 (delta=-13967, target=-3000)
2026-02-07 23:12:24,766 [INFO] rit_api: LIMIT SELL 8469 RTM @ 47.94 -> order_id=10386
2026-02-07 23:12:24,767 [INFO] trading_engine: HEDGE LIMIT SELL 8469 RTM @ 47.94 (delta=11469, target=3000)
2026-02-07 23:12:27,715 [INFO] trading_engine: Cancelled stale hedge order after 3 ticks
2026-02-07 23:13:07,756 [INFO] trading_engine: BLOCKED reversal at tick 272 (after deadline 200), edge=0.3%
2026-02-07 23:13:09,745 [INFO] trading_engine: BLOCKED reversal at tick 274 (after deadline 200), edge=0.0%
2026-02-07 23:13:10,792 [INFO] trading_engine: BLOCKED reversal at tick 275 (after deadline 200), edge=0.5%
2026-02-07 23:13:11,742 [INFO] trading_engine: BLOCKED reversal at tick 276 (after deadline 200), edge=0.1%
2026-02-07 23:13:13,832 [INFO] trading_engine: BLOCKED reversal at tick 278 (after deadline 200), edge=0.2%
2026-02-07 23:13:15,874 [INFO] rit_api: LIMIT SELL 18 RTM1C47 @ 1.43 -> order_id=12731
2026-02-07 23:13:15,930 [INFO] rit_api: LIMIT SELL 37 RTM1P47 @ 0.02 -> order_id=12732
2026-02-07 23:13:15,987 [INFO] rit_api: LIMIT SELL 41 RTM1C48 @ 0.60 -> order_id=12733
2026-02-07 23:13:16,060 [INFO] rit_api: LIMIT SELL 41 RTM1P48 @ 0.18 -> order_id=12734
2026-02-07 23:13:16,119 [INFO] rit_api: LIMIT SELL 42 RTM1C49 @ 0.13 -> order_id=12735
2026-02-07 23:13:16,176 [INFO] rit_api: LIMIT SELL 42 RTM1P49 @ 0.72 -> order_id=12736
2026-02-07 23:13:16,234 [INFO] rit_api: LIMIT SELL 31 RTM1C50 @ 0.02 -> order_id=12737
2026-02-07 23:13:16,291 [INFO] rit_api: LIMIT SELL 31 RTM1P50 @ 1.60 -> order_id=12738
2026-02-07 23:13:16,353 [INFO] rit_api: LIMIT SELL 24 RTM1C51 @ 0.02 -> order_id=12739
2026-02-07 23:13:16,425 [INFO] rit_api: LIMIT SELL 12 RTM1P51 @ 2.59 -> order_id=12740
2026-02-07 23:13:16,481 [INFO] rit_api: LIMIT SELL 8 RTM1P52 @ 3.58 -> order_id=12741
2026-02-07 23:13:16,548 [INFO] rit_api: LIMIT SELL 5165 RTM @ 48.40 -> order_id=12742
2026-02-07 23:13:16,822 [INFO] rit_api: LIMIT SELL 18 RTM1C47 @ 1.14 -> order_id=12785
2026-02-07 23:13:16,880 [INFO] rit_api: LIMIT SELL 41 RTM1C48 @ 0.41 -> order_id=12786
2026-02-07 23:13:16,937 [INFO] rit_api: LIMIT SELL 42 RTM1C49 @ 0.07 -> order_id=12787
2026-02-07 23:13:16,994 [INFO] rit_api: LIMIT SELL 31 RTM1C50 @ 0.01 -> order_id=12788
2026-02-07 23:13:17,103 [INFO] rit_api: LIMIT SELL 24 RTM1C51 @ 0.01 -> order_id=12790
2026-02-07 23:13:17,890 [INFO] rit_api: LIMIT SELL 18 RTM1C47 @ 0.98 -> order_id=12833
2026-02-07 23:13:17,946 [INFO] rit_api: LIMIT SELL 41 RTM1C48 @ 0.30 -> order_id=12834
2026-02-07 23:13:18,006 [INFO] rit_api: LIMIT SELL 42 RTM1C49 @ 0.04 -> order_id=12835
2026-02-07 23:13:18,066 [INFO] rit_api: LIMIT BUY 4581 RTM @ 47.94 -> order_id=12836
2026-02-07 23:13:18,860 [INFO] rit_api: LIMIT BUY 18 RTM1C47 @ 1.34 -> order_id=12879
2026-02-07 23:13:18,917 [INFO] rit_api: LIMIT BUY 41 RTM1C48 @ 0.51 -> order_id=12880
2026-02-07 23:13:18,974 [INFO] rit_api: LIMIT BUY 42 RTM1C49 @ 0.10 -> order_id=12881
2026-02-07 23:13:19,859 [INFO] rit_api: LIMIT BUY 36 RTM1C47 @ 1.46 -> order_id=12925
2026-02-07 23:13:19,914 [INFO] rit_api: LIMIT BUY 41 RTM1C48 @ 0.59 -> order_id=12926
2026-02-07 23:13:20,028 [INFO] rit_api: LIMIT BUY 42 RTM1C49 @ 0.12 -> order_id=12928
2026-02-07 23:13:20,081 [INFO] rit_api: LIMIT SELL 5305 RTM @ 48.42 -> order_id=12929
2026-02-07 23:13:20,938 [INFO] rit_api: LIMIT BUY 36 RTM1C47 @ 1.74 -> order_id=12972
2026-02-07 23:13:21,052 [INFO] rit_api: LIMIT BUY 82 RTM1C48 @ 0.80 -> order_id=12974
2026-02-07 23:13:21,160 [INFO] rit_api: LIMIT BUY 84 RTM1C49 @ 0.20 -> order_id=12976
2026-02-07 23:13:21,269 [INFO] rit_api: LIMIT SELL 2126 RTM @ 48.71 -> order_id=12978
2026-02-07 23:13:21,852 [INFO] rit_api: LIMIT BUY 2126 RTM @ 48.87 -> order_id=13022
2026-02-07 23:13:22,952 [INFO] rit_api: LIMIT SELL 2126 RTM @ 48.81 -> order_id=13067
2026-02-07 23:13:23,852 [INFO] rit_api: LIMIT BUY 2126 RTM @ 48.97 -> order_id=13110
2026-02-07 23:13:24,949 [INFO] rit_api: LIMIT SELL 2126 RTM @ 48.89 -> order_id=13155
2026-02-07 23:13:25,943 [INFO] rit_api: MARKET SELL 36 RTM1C47 -> order_id=13198
2026-02-07 23:13:26,002 [INFO] rit_api: MARKET SELL 82 RTM1C48 -> order_id=13199
2026-02-07 23:13:26,108 [INFO] rit_api: MARKET SELL 84 RTM1C49 -> order_id=13200
2026-02-07 23:13:26,166 [INFO] rit_api: LIMIT BUY 2126 RTM @ 48.76 -> order_id=13201
2026-02-07 23:13:26,952 [INFO] rit_api: MARKET BUY 84 RTM1C49 -> order_id=13246
2026-02-07 23:13:27,011 [INFO] rit_api: LIMIT SELL 2126 RTM @ 48.57 -> order_id=13247
2026-02-07 23:13:27,898 [INFO] rit_api: MARKET SELL 84 RTM1C49 -> order_id=13292
2026-02-07 23:13:27,956 [INFO] rit_api: LIMIT BUY 2126 RTM @ 48.24 -> order_id=13293
2026-02-07 23:13:29,047 [INFO] rit_api: MARKET BUY 84 RTM1C49 -> order_id=13340
2026-02-07 23:13:29,104 [INFO] rit_api: LIMIT SELL 2126 RTM @ 48.13 -> order_id=13341
2026-02-07 23:13:29,891 [INFO] rit_api: MARKET SELL 84 RTM1C49 -> order_id=13384
2026-02-07 23:13:29,949 [INFO] rit_api: LIMIT BUY 2126 RTM @ 48.18 -> order_id=13385
2026-02-07 23:13:31,019 [INFO] rit_api: MARKET BUY 84 RTM1C49 -> order_id=13432
2026-02-07 23:13:31,072 [INFO] rit_api: MARKET SELL 2126 RTM -> order_id=13433
2026-02-07 23:13:32,041 [INFO] rit_api: MARKET SELL 84 RTM1C49 -> order_id=13478
2026-02-07 23:13:32,100 [INFO] rit_api: MARKET BUY 2126 RTM -> order_id=13479
2026-02-07 23:13:33,069 [INFO] rit_api: MARKET BUY 84 RTM1C49 -> order_id=13524
2026-02-07 23:13:33,126 [INFO] rit_api: MARKET SELL 2126 RTM -> order_id=13525
2026-02-07 23:13:33,913 [INFO] rit_api: MARKET SELL 84 RTM1C49 -> order_id=13568
2026-02-07 23:13:33,972 [INFO] rit_api: MARKET BUY 2126 RTM -> order_id=13569
2026-02-07 23:13:35,042 [INFO] rit_api: MARKET BUY 84 RTM1C49 -> order_id=13616
2026-02-07 23:13:35,099 [INFO] rit_api: MARKET SELL 2126 RTM -> order_id=13617
2026-02-07 23:14:00,677 [WARNING] rit_api: POST /commands/cancel returned 401: {"code":"UNAUTHORIZED","message":"Simulation must be running."}
