2026-02-07 22:25:04,710 [INFO] news_parser: NEWS: Current realized vol = 13.0%
2026-02-07 22:25:04,849 [INFO] rit_api: MARKET SELL 41 RTM1C53 -> order_id=4644
2026-02-07 22:25:04,905 [INFO] rit_api: MARKET SELL 41 RTM1P53 -> order_id=4645
2026-02-07 22:25:04,962 [INFO] rit_api: MARKET SELL 37 RTM1C52 -> order_id=4646
2026-02-07 22:25:05,025 [INFO] rit_api: MARKET SELL 37 RTM1P52 -> order_id=4647
2026-02-07 22:25:05,098 [INFO] rit_api: MARKET SELL 31 RTM1C54 -> order_id=4648
2026-02-07 22:25:05,154 [INFO] rit_api: MARKET SELL 31 RTM1P54 -> order_id=4649
2026-02-07 22:25:05,213 [INFO] rit_api: MARKET SELL 22 RTM1C51 -> order_id=4650
2026-02-07 22:25:05,271 [INFO] rit_api: MARKET SELL 22 RTM1P51 -> order_id=4651
2026-02-07 22:25:05,330 [INFO] rit_api: MARKET SELL 8 RTM1C50 -> order_id=4652
2026-02-07 22:25:05,387 [INFO] rit_api: MARKET SELL 8 RTM1P50 -> order_id=4653
2026-02-07 22:25:05,850 [INFO] rit_api: MARKET BUY 1695 RTM -> order_id=4696
2026-02-07 22:25:13,879 [INFO] news_parser: NEWS: Forecast vol next week = 33.0% - 38.0%
2026-02-07 22:25:13,939 [INFO] rit_api: MARKET SELL 2003 RTM -> order_id=5038
2026-02-07 22:25:18,895 [INFO] rit_api: MARKET BUY 1177 RTM -> order_id=5251
2026-02-07 22:25:23,934 [INFO] rit_api: MARKET SELL 1311 RTM -> order_id=5464
2026-02-07 22:25:24,902 [INFO] rit_api: MARKET SELL 1195 RTM -> order_id=5508
2026-02-07 22:25:32,115 [INFO] rit_api: MARKET SELL 1549 RTM -> order_id=5814
2026-02-07 22:25:35,056 [INFO] rit_api: MARKET BUY 1278 RTM -> order_id=5948
2026-02-07 22:25:38,102 [INFO] rit_api: MARKET SELL 1485 RTM -> order_id=6105
2026-02-07 22:25:41,081 [INFO] rit_api: MARKET BUY 1168 RTM -> order_id=6232
2026-02-07 22:25:47,043 [INFO] rit_api: MARKET SELL 1345 RTM -> order_id=6485
2026-02-07 22:25:50,038 [INFO] rit_api: MARKET BUY 1763 RTM -> order_id=6612
2026-02-07 22:25:52,093 [INFO] news_parser: NEWS: Current realized vol = 34.0%
2026-02-07 22:25:52,154 [INFO] trading_engine: VOL REVERSAL at tick 150: -1 -> 1 (edge=20.0%)
2026-02-07 22:25:52,279 [INFO] rit_api: MARKET BUY 8 RTM1C50 -> order_id=6705
2026-02-07 22:25:52,337 [INFO] rit_api: MARKET BUY 8 RTM1P50 -> order_id=6707
2026-02-07 22:25:52,391 [INFO] rit_api: MARKET BUY 22 RTM1C51 -> order_id=6718
2026-02-07 22:25:52,454 [INFO] rit_api: MARKET BUY 22 RTM1P51 -> order_id=6719
2026-02-07 22:25:52,515 [INFO] rit_api: MARKET BUY 37 RTM1C52 -> order_id=6728
2026-02-07 22:25:52,570 [INFO] rit_api: MARKET BUY 37 RTM1P52 -> order_id=6729
2026-02-07 22:25:52,620 [INFO] rit_api: MARKET BUY 41 RTM1C53 -> order_id=6732
2026-02-07 22:25:52,675 [INFO] rit_api: MARKET BUY 41 RTM1P53 -> order_id=6741
2026-02-07 22:25:52,744 [INFO] rit_api: MARKET BUY 31 RTM1C54 -> order_id=6742
2026-02-07 22:25:52,805 [INFO] rit_api: MARKET BUY 31 RTM1P54 -> order_id=6743
2026-02-07 22:25:52,866 [INFO] rit_api: MARKET SELL 1870 RTM -> order_id=6744
2026-02-07 22:25:53,187 [INFO] rit_api: MARKET BUY 100 RTM1C52 -> order_id=6789
2026-02-07 22:25:53,242 [INFO] rit_api: MARKET BUY 100 RTM1P52 -> order_id=6790
2026-02-07 22:25:53,299 [INFO] rit_api: MARKET BUY 98 RTM1C51 -> order_id=6791
2026-02-07 22:25:53,356 [INFO] rit_api: MARKET BUY 98 RTM1P51 -> order_id=6792
2026-02-07 22:25:53,411 [INFO] rit_api: MARKET BUY 98 RTM1C53 -> order_id=6793
2026-02-07 22:25:53,472 [INFO] rit_api: MARKET BUY 98 RTM1P53 -> order_id=6794
2026-02-07 22:25:53,528 [INFO] rit_api: MARKET BUY 87 RTM1C50 -> order_id=6795
2026-02-07 22:25:53,585 [INFO] rit_api: MARKET BUY 87 RTM1P54 -> order_id=6796
2026-02-07 22:25:54,164 [INFO] rit_api: MARKET BUY 88 RTM1P50 -> order_id=6839
2026-02-07 22:25:54,224 [INFO] rit_api: MARKET BUY 4437 RTM -> order_id=6840
2026-02-07 22:25:55,071 [INFO] rit_api: MARKET BUY 88 RTM1C54 -> order_id=6883
2026-02-07 22:25:56,157 [INFO] rit_api: MARKET BUY 48 RTM1C49 -> order_id=6931
2026-02-07 22:25:56,212 [INFO] rit_api: MARKET SELL 6 RTM1C53 -> order_id=6933
2026-02-07 22:25:56,268 [INFO] rit_api: MARKET SELL 6 RTM1P53 -> order_id=6934
2026-02-07 22:25:56,333 [INFO] rit_api: MARKET BUY 2444 RTM -> order_id=6937
2026-02-07 22:25:57,162 [INFO] rit_api: MARKET BUY 12 RTM1P49 -> order_id=6980
2026-02-07 22:25:58,130 [INFO] rit_api: MARKET BUY 2810 RTM -> order_id=7023
2026-02-07 22:25:59,098 [INFO] rit_api: MARKET SELL 5 RTM1C53 -> order_id=7067
2026-02-07 22:25:59,153 [INFO] rit_api: MARKET SELL 5 RTM1P53 -> order_id=7068
2026-02-07 22:26:00,111 [INFO] rit_api: MARKET BUY 10 RTM1P49 -> order_id=7111
2026-02-07 22:26:00,166 [INFO] rit_api: MARKET SELL 7 RTM1C53 -> order_id=7112
2026-02-07 22:26:00,222 [INFO] rit_api: MARKET SELL 7 RTM1P53 -> order_id=7115
2026-02-07 22:26:00,277 [INFO] rit_api: MARKET SELL 6 RTM1C52 -> order_id=7118
2026-02-07 22:26:00,335 [INFO] rit_api: MARKET SELL 6 RTM1P52 -> order_id=7119
2026-02-07 22:26:00,412 [INFO] rit_api: MARKET BUY 4946 RTM -> order_id=7120
2026-02-07 22:26:01,109 [INFO] rit_api: MARKET BUY 26 RTM1P49 -> order_id=7164
2026-02-07 22:26:02,145 [INFO] rit_api: MARKET SELL 4486 RTM -> order_id=7209
2026-02-07 22:26:04,141 [INFO] rit_api: MARKET SELL 7 RTM1C54 -> order_id=7296
2026-02-07 22:26:04,193 [INFO] rit_api: MARKET BUY 6 RTM1C50 -> order_id=7299
2026-02-07 22:26:04,252 [INFO] rit_api: MARKET SELL 6 RTM1P54 -> order_id=7301
2026-02-07 22:26:04,311 [INFO] rit_api: MARKET BUY 5 RTM1P50 -> order_id=7303
2026-02-07 22:26:04,368 [INFO] rit_api: MARKET SELL 5393 RTM -> order_id=7304
2026-02-07 22:26:06,113 [INFO] rit_api: MARKET SELL 6 RTM1C50 -> order_id=7389
2026-02-07 22:26:06,169 [INFO] rit_api: MARKET SELL 6 RTM1P50 -> order_id=7390
2026-02-07 22:26:06,224 [INFO] rit_api: MARKET BUY 6 RTM1C54 -> order_id=7391
2026-02-07 22:26:06,281 [INFO] rit_api: MARKET BUY 6 RTM1P54 -> order_id=7393
2026-02-07 22:26:06,354 [INFO] rit_api: MARKET SELL 4579 RTM -> order_id=7397
2026-02-07 22:26:07,191 [INFO] rit_api: MARKET SELL 9 RTM1C50 -> order_id=7440
2026-02-07 22:26:07,259 [INFO] rit_api: MARKET SELL 9 RTM1P50 -> order_id=7441
2026-02-07 22:26:07,308 [INFO] rit_api: MARKET BUY 9 RTM1C52 -> order_id=7444
2026-02-07 22:26:07,386 [INFO] rit_api: MARKET BUY 9 RTM1P52 -> order_id=7445
2026-02-07 22:26:07,447 [INFO] rit_api: MARKET SELL 5160 RTM -> order_id=7446
2026-02-07 22:26:09,185 [INFO] rit_api: MARKET SELL 6 RTM1C51 -> order_id=7531
2026-02-07 22:26:09,241 [INFO] rit_api: MARKET SELL 6 RTM1P51 -> order_id=7532
2026-02-07 22:26:10,202 [INFO] rit_api: MARKET SELL 17 RTM1C52 -> order_id=7576
2026-02-07 22:26:10,258 [INFO] rit_api: MARKET SELL 17 RTM1P52 -> order_id=7577
2026-02-07 22:26:10,314 [INFO] rit_api: MARKET SELL 12 RTM1C51 -> order_id=7578
2026-02-07 22:26:10,370 [INFO] rit_api: MARKET SELL 12 RTM1P51 -> order_id=7579
2026-02-07 22:26:10,426 [INFO] rit_api: MARKET SELL 10 RTM1C50 -> order_id=7580
2026-02-07 22:26:10,482 [INFO] rit_api: MARKET SELL 10 RTM1P50 -> order_id=7581
2026-02-07 22:26:10,538 [INFO] rit_api: MARKET SELL 10 RTM1C54 -> order_id=7582
2026-02-07 22:26:10,594 [INFO] rit_api: MARKET SELL 10 RTM1P54 -> order_id=7583
2026-02-07 22:26:10,653 [INFO] rit_api: MARKET BUY 5 RTM1C53 -> order_id=7584
2026-02-07 22:26:10,709 [INFO] rit_api: MARKET BUY 5 RTM1P53 -> order_id=7585
2026-02-07 22:26:10,770 [INFO] rit_api: MARKET BUY 3588 RTM -> order_id=7586
2026-02-07 22:26:12,290 [INFO] rit_api: MARKET SELL 4293 RTM -> order_id=7672
2026-02-07 22:26:14,164 [INFO] rit_api: MARKET BUY 4495 RTM -> order_id=7758
2026-02-07 22:26:16,167 [INFO] rit_api: MARKET SELL 2453 RTM -> order_id=7844
