2026-02-08 17:20:53,651 [INFO] rit_api: MARKET SELL 5000 RTM -> order_id=6516
2026-02-08 17:21:21,532 [WARNING] rit_api: POST /orders returned 500: {"code":"INTERNAL_SERVER_ERROR","message":"Order could not be submitted because the order size is larger than the maximum order size of 10000 for the contract."}
2026-02-08 17:21:22,550 [WARNING] rit_api: POST /orders returned 500: {"code":"INTERNAL_SERVER_ERROR","message":"Order could not be submitted because the order size is larger than the maximum order size of 10000 for the contract."}
2026-02-08 17:21:23,446 [WARNING] rit_api: POST /orders returned 500: {"code":"INTERNAL_SERVER_ERROR","message":"Order could not be submitted because the order size is larger than the maximum order size of 10000 for the contract."}
2026-02-08 17:21:24,417 [WARNING] rit_api: POST /orders returned 500: {"code":"INTERNAL_SERVER_ERROR","message":"Order could not be submitted because the order size is larger than the maximum order size of 10000 for the contract."}
2026-02-08 17:21:25,445 [WARNING] rit_api: POST /orders returned 500: {"code":"INTERNAL_SERVER_ERROR","message":"Order could not be submitted because the order size is larger than the maximum order size of 10000 for the contract."}
2026-02-08 17:21:26,406 [WARNING] rit_api: POST /orders returned 500: {"code":"INTERNAL_SERVER_ERROR","message":"Order could not be submitted because the order size is larger than the maximum order size of 10000 for the contract."}
2026-02-08 17:21:27,529 [WARNING] rit_api: POST /orders returned 500: {"code":"INTERNAL_SERVER_ERROR","message":"Order could not be submitted because the order size is larger than the maximum order size of 10000 for the contract."}
2026-02-08 17:21:28,548 [WARNING] rit_api: POST /orders returned 500: {"code":"INTERNAL_SERVER_ERROR","message":"Order could not be submitted because the order size is larger than the maximum order size of 10000 for the contract."}
2026-02-08 17:21:30,562 [WARNING] rit_api: POST /orders returned 500: {"code":"INTERNAL_SERVER_ERROR","message":"Order could not be submitted because the order size is larger than the maximum order size of 10000 for the contract."}
2026-02-08 17:21:31,530 [WARNING] rit_api: POST /orders returned 500: {"code":"INTERNAL_SERVER_ERROR","message":"Order could not be submitted because the order size is larger than the maximum order size of 10000 for the contract."}
2026-02-08 17:21:32,552 [WARNING] rit_api: POST /orders returned 500: {"code":"INTERNAL_SERVER_ERROR","message":"Order could not be submitted because the order size is larger than the maximum order size of 10000 for the contract."}
2026-02-08 17:21:33,524 [WARNING] rit_api: POST /orders returned 500: {"code":"INTERNAL_SERVER_ERROR","message":"Order could not be submitted because the order size is larger than the maximum order size of 10000 for the contract."}
2026-02-08 17:21:34,480 [WARNING] rit_api: POST /orders returned 500: {"code":"INTERNAL_SERVER_ERROR","message":"Order could not be submitted because the order size is larger than the maximum order size of 10000 for the contract."}
2026-02-08 17:21:35,440 [WARNING] rit_api: POST /orders returned 500: {"code":"INTERNAL_SERVER_ERROR","message":"Order could not be submitted because the order size is larger than the maximum order size of 10000 for the contract."}
2026-02-08 17:21:36,533 [WARNING] rit_api: POST /orders returned 500: {"code":"INTERNAL_SERVER_ERROR","message":"Order could not be submitted because the order size is larger than the maximum order size of 10000 for the contract."}
2026-02-08 17:21:37,494 [WARNING] rit_api: POST /orders returned 500: {"code":"INTERNAL_SERVER_ERROR","message":"Order could not be submitted because the order size is larger than the maximum order size of 10000 for the contract."}
2026-02-08 17:21:38,456 [WARNING] rit_api: POST /orders returned 500: {"code":"INTERNAL_SERVER_ERROR","message":"Order could not be submitted because the order size is larger than the maximum order size of 10000 for the contract."}
2026-02-08 17:21:39,547 [WARNING] rit_api: POST /orders returned 500: {"code":"INTERNAL_SERVER_ERROR","message":"Order could not be submitted because the order size is larger than the maximum order size of 10000 for the contract."}
2026-02-08 17:21:40,510 [WARNING] rit_api: POST /orders returned 500: {"code":"INTERNAL_SERVER_ERROR","message":"Order could not be submitted because the order size is larger than the maximum order size of 10000 for the contract."}
2026-02-08 17:21:41,470 [WARNING] rit_api: POST /orders returned 500: {"code":"INTERNAL_SERVER_ERROR","message":"Order could not be submitted because the order size is larger than the maximum order size of 10000 for the contract."}
2026-02-08 17:21:42,564 [WARNING] rit_api: POST /orders returned 500: {"code":"INTERNAL_SERVER_ERROR","message":"Order could not be submitted because the order size is larger than the maximum order size of 10000 for the contract."}
2026-02-08 17:21:43,534 [WARNING] rit_api: POST /orders returned 500: {"code":"INTERNAL_SERVER_ERROR","message":"Order could not be submitted because the order size is larger than the maximum order size of 10000 for the contract."}
2026-02-08 17:21:53,521 [WARNING] rit_api: POST /orders returned 500: {"code":"INTERNAL_SERVER_ERROR","message":"Order could not be submitted because the order size is larger than the maximum order size of 10000 for the contract."}
2026-02-08 17:21:57,570 [WARNING] rit_api: POST /orders returned 500: {"code":"INTERNAL_SERVER_ERROR","message":"Order could not be submitted because the order size is larger than the maximum order size of 10000 for the contract."}
2026-02-08 17:21:58,662 [WARNING] rit_api: POST /orders returned 500: {"code":"INTERNAL_SERVER_ERROR","message":"Order could not be submitted because the order size is larger than the maximum order size of 10000 for the contract."}
2026-02-08 17:21:59,689 [WARNING] rit_api: POST /orders returned 500: {"code":"INTERNAL_SERVER_ERROR","message":"Order could not be submitted because the order size is larger than the maximum order size of 10000 for the contract."}
2026-02-08 17:22:00,654 [WARNING] rit_api: POST /orders returned 500: {"code":"INTERNAL_SERVER_ERROR","message":"Order could not be submitted because the order size is larger than the maximum order size of 10000 for the contract."}
2026-02-08 17:22:01,622 [WARNING] rit_api: POST /orders returned 500: {"code":"INTERNAL_SERVER_ERROR","message":"Order could not be submitted because the order size is larger than the maximum order size of 10000 for the contract."}
2026-02-08 17:22:02,586 [WARNING] rit_api: POST /orders returned 500: {"code":"INTERNAL_SERVER_ERROR","message":"Order could not be submitted because the order size is larger than the maximum order size of 10000 for the contract."}
2026-02-08 17:22:03,675 [WARNING] rit_api: POST /orders returned 500: {"code":"INTERNAL_SERVER_ERROR","message":"Order could not be submitted because the order size is larger than the maximum order size of 10000 for the contract."}
2026-02-08 17:22:04,581 [INFO] news_parser: NEWS: Forecast vol next week = 19.0% - 24.0% (mid=21.5%)
2026-02-08 17:22:04,651 [WARNING] rit_api: POST /orders returned 500: {"code":"INTERNAL_SERVER_ERROR","message":"Order could not be submitted because the order size is larger than the maximum order size of 10000 for the contract."}
2026-02-08 17:22:05,609 [INFO] rit_api: MARKET BUY 100 RTM1C51 -> order_id=9541
2026-02-08 17:22:05,669 [INFO] rit_api: MARKET BUY 100 RTM1P51 -> order_id=9542
2026-02-08 17:22:05,780 [INFO] rit_api: MARKET SELL 50 RTM1C52 -> order_id=9544
2026-02-08 17:22:05,950 [INFO] rit_api: MARKET SELL 50 RTM1P52 -> order_id=9547
2026-02-08 17:22:06,232 [INFO] rit_api: MARKET BUY 10000 RTM -> order_id=9552
2026-02-08 17:22:06,737 [WARNING] rit_api: POST /orders returned 500: {"code":"INTERNAL_SERVER_ERROR","message":"Order could not be submitted because the order size is larger than the maximum order size of 10000 for the contract."}
2026-02-08 17:22:48,911 [WARNING] rit_api: POST /orders returned 500: {"code":"INTERNAL_SERVER_ERROR","message":"Order could not be submitted because the order size is larger than the maximum order size of 10000 for the contract."}
2026-02-08 17:22:50,017 [WARNING] rit_api: POST /orders returned 500: {"code":"INTERNAL_SERVER_ERROR","message":"Order could not be submitted because the order size is larger than the maximum order size of 10000 for the contract."}
2026-02-08 17:22:51,040 [WARNING] rit_api: POST /orders returned 500: {"code":"INTERNAL_SERVER_ERROR","message":"Order could not be submitted because the order size is larger than the maximum order size of 10000 for the contract."}
2026-02-08 17:22:52,004 [WARNING] rit_api: POST /orders returned 500: {"code":"INTERNAL_SERVER_ERROR","message":"Order could not be submitted because the order size is larger than the maximum order size of 10000 for the contract."}
2026-02-08 17:22:53,034 [WARNING] rit_api: POST /orders returned 500: {"code":"INTERNAL_SERVER_ERROR","message":"Order could not be submitted because the order size is larger than the maximum order size of 10000 for the contract."}
2026-02-08 17:22:53,997 [WARNING] rit_api: POST /orders returned 500: {"code":"INTERNAL_SERVER_ERROR","message":"Order could not be submitted because the order size is larger than the maximum order size of 10000 for the contract."}
2026-02-08 17:22:56,063 [WARNING] rit_api: POST /orders returned 500: {"code":"INTERNAL_SERVER_ERROR","message":"Order could not be submitted because the order size is larger than the maximum order size of 10000 for the contract."}
2026-02-08 17:22:57,030 [WARNING] rit_api: POST /orders returned 500: {"code":"INTERNAL_SERVER_ERROR","message":"Order could not be submitted because the order size is larger than the maximum order size of 10000 for the contract."}
