2026-02-08 17:11:38,924 [ERROR] rit_api: GET /case error: HTTPConnectionPool(host='localhost', port=9998): Read timed out. (read timeout=5)
2026-02-08 17:11:43,704 [WARNING] rit_api: GET /case returned 401
2026-02-08 17:11:44,208 [WARNING] rit_api: GET /case returned 401
2026-02-08 17:11:44,712 [WARNING] rit_api: GET /case returned 401
2026-02-08 17:11:45,214 [WARNING] rit_api: GET /case returned 401
2026-02-08 17:11:45,717 [WARNING] rit_api: GET /case returned 401
2026-02-08 17:11:46,221 [WARNING] rit_api: GET /case returned 401
2026-02-08 17:11:46,725 [WARNING] rit_api: GET /case returned 401
2026-02-08 17:11:47,230 [WARNING] rit_api: GET /case returned 401
2026-02-08 17:11:47,732 [WARNING] rit_api: GET /case returned 401
2026-02-08 17:11:48,234 [WARNING] rit_api: GET /case returned 401
2026-02-08 17:11:48,737 [WARNING] rit_api: GET /case returned 401
2026-02-08 17:11:49,240 [WARNING] rit_api: GET /case returned 401
2026-02-08 17:11:49,743 [WARNING] rit_api: GET /case returned 401
2026-02-08 17:11:50,251 [WARNING] rit_api: GET /case returned 401
2026-02-08 17:11:50,754 [WARNING] rit_api: GET /case returned 401
2026-02-08 17:11:51,257 [WARNING] rit_api: GET /case returned 401
2026-02-08 17:11:51,760 [WARNING] rit_api: GET /case returned 401
2026-02-08 17:11:52,263 [WARNING] rit_api: GET /case returned 401
2026-02-08 17:11:52,766 [WARNING] rit_api: GET /case returned 401
2026-02-08 17:11:53,269 [WARNING] rit_api: GET /case returned 401
2026-02-08 17:11:53,772 [WARNING] rit_api: GET /case returned 401
2026-02-08 17:11:54,276 [WARNING] rit_api: GET /case returned 401
2026-02-08 17:11:54,780 [WARNING] rit_api: GET /case returned 401
2026-02-08 17:11:55,282 [WARNING] rit_api: GET /case returned 401
2026-02-08 17:11:55,786 [WARNING] rit_api: GET /case returned 401
2026-02-08 17:11:56,290 [WARNING] rit_api: GET /case returned 401
2026-02-08 17:11:56,793 [WARNING] rit_api: GET /case returned 401
2026-02-08 17:11:57,303 [INFO] news_parser: NEWS: Delta limit = 5000
2026-02-08 17:11:57,303 [INFO] news_parser: NEWS: Penalty rate = 2.00%
2026-02-08 17:13:10,568 [INFO] news_parser: NEWS: Forecast vol next week = 18.0% - 23.0% (mid=20.5%)
2026-02-08 17:13:11,793 [INFO] rit_api: MARKET SELL 50 RTM1C49 -> order_id=3949
2026-02-08 17:13:11,962 [INFO] rit_api: MARKET SELL 50 RTM1P49 -> order_id=3954
2026-02-08 17:13:12,832 [WARNING] rit_api: POST /orders returned 500: {"code":"INTERNAL_SERVER_ERROR","message":"Order could not be submitted because the order size is larger than the maximum order size of 10000 for the contract."}
2026-02-08 17:13:13,733 [WARNING] rit_api: POST /orders returned 500: {"code":"INTERNAL_SERVER_ERROR","message":"Order could not be submitted because the order size is larger than the maximum order size of 10000 for the contract."}
2026-02-08 17:13:14,723 [WARNING] rit_api: POST /orders returned 500: {"code":"INTERNAL_SERVER_ERROR","message":"Order could not be submitted because the order size is larger than the maximum order size of 10000 for the contract."}
2026-02-08 17:13:15,745 [WARNING] rit_api: POST /orders returned 500: {"code":"INTERNAL_SERVER_ERROR","message":"Order could not be submitted because the order size is larger than the maximum order size of 10000 for the contract."}
2026-02-08 17:13:16,780 [WARNING] rit_api: POST /orders returned 500: {"code":"INTERNAL_SERVER_ERROR","message":"Order could not be submitted because the order size is larger than the maximum order size of 10000 for the contract."}
2026-02-08 17:13:17,629 [WARNING] rit_api: POST /orders returned 500: {"code":"INTERNAL_SERVER_ERROR","message":"Order could not be submitted because the order size is larger than the maximum order size of 10000 for the contract."}
2026-02-08 17:13:18,791 [WARNING] rit_api: POST /orders returned 500: {"code":"INTERNAL_SERVER_ERROR","message":"Order could not be submitted because the order size is larger than the maximum order size of 10000 for the contract."}
2026-02-08 17:13:19,690 [WARNING] rit_api: POST /orders returned 500: {"code":"INTERNAL_SERVER_ERROR","message":"Order could not be submitted because the order size is larger than the maximum order size of 10000 for the contract."}
2026-02-08 17:13:20,659 [WARNING] rit_api: POST /orders returned 500: {"code":"INTERNAL_SERVER_ERROR","message":"Order could not be submitted because the order size is larger than the maximum order size of 10000 for the contract."}
2026-02-08 17:13:21,769 [WARNING] rit_api: POST /orders returned 500: {"code":"INTERNAL_SERVER_ERROR","message":"Order could not be submitted because the order size is larger than the maximum order size of 10000 for the contract."}
2026-02-08 17:13:22,790 [WARNING] rit_api: POST /orders returned 500: {"code":"INTERNAL_SERVER_ERROR","message":"Order could not be submitted because the order size is larger than the maximum order size of 10000 for the contract."}
2026-02-08 17:13:23,633 [WARNING] rit_api: POST /orders returned 500: {"code":"INTERNAL_SERVER_ERROR","message":"Order could not be submitted because the order size is larger than the maximum order size of 10000 for the contract."}
2026-02-08 17:13:24,800 [WARNING] rit_api: POST /orders returned 500: {"code":"INTERNAL_SERVER_ERROR","message":"Order could not be submitted because the order size is larger than the maximum order size of 10000 for the contract."}
2026-02-08 17:13:25,714 [WARNING] rit_api: POST /orders returned 500: {"code":"INTERNAL_SERVER_ERROR","message":"Order could not be submitted because the order size is larger than the maximum order size of 10000 for the contract."}
2026-02-08 17:13:26,684 [WARNING] rit_api: POST /orders returned 500: {"code":"INTERNAL_SERVER_ERROR","message":"Order could not be submitted because the order size is larger than the maximum order size of 10000 for the contract."}
2026-02-08 17:13:27,702 [WARNING] rit_api: POST /orders returned 500: {"code":"INTERNAL_SERVER_ERROR","message":"Order could not be submitted because the order size is larger than the maximum order size of 10000 for the contract."}
2026-02-08 17:13:28,669 [WARNING] rit_api: POST /orders returned 500: {"code":"INTERNAL_SERVER_ERROR","message":"Order could not be submitted because the order size is larger than the maximum order size of 10000 for the contract."}
2026-02-08 17:13:29,775 [WARNING] rit_api: POST /orders returned 500: {"code":"INTERNAL_SERVER_ERROR","message":"Order could not be submitted because the order size is larger than the maximum order size of 10000 for the contract."}
2026-02-08 17:13:30,798 [WARNING] rit_api: POST /orders returned 500: {"code":"INTERNAL_SERVER_ERROR","message":"Order could not be submitted because the order size is larger than the maximum order size of 10000 for the contract."}
2026-02-08 17:13:31,812 [WARNING] rit_api: POST /orders returned 500: {"code":"INTERNAL_SERVER_ERROR","message":"Order could not be submitted because the order size is larger than the maximum order size of 10000 for the contract."}
2026-02-08 17:13:32,848 [WARNING] rit_api: POST /orders returned 500: {"code":"INTERNAL_SERVER_ERROR","message":"Order could not be submitted because the order size is larger than the maximum order size of 10000 for the contract."}
2026-02-08 17:13:33,977 [WARNING] rit_api: POST /orders returned 500: {"code":"INTERNAL_SERVER_ERROR","message":"Order could not be submitted because the order size is larger than the maximum order size of 10000 for the contract."}
2026-02-08 17:13:34,917 [WARNING] rit_api: POST /orders returned 500: {"code":"INTERNAL_SERVER_ERROR","message":"Order could not be submitted because the order size is larger than the maximum order size of 10000 for the contract."}
2026-02-08 17:13:35,946 [WARNING] rit_api: POST /orders returned 500: {"code":"INTERNAL_SERVER_ERROR","message":"Order could not be submitted because the order size is larger than the maximum order size of 10000 for the contract."}
2026-02-08 17:13:37,075 [WARNING] rit_api: POST /orders returned 500: {"code":"INTERNAL_SERVER_ERROR","message":"Order could not be submitted because the order size is larger than the maximum order size of 10000 for the contract."}
2026-02-08 17:13:38,025 [WARNING] rit_api: POST /orders returned 500: {"code":"INTERNAL_SERVER_ERROR","message":"Order could not be submitted because the order size is larger than the maximum order size of 10000 for the contract."}
2026-02-08 17:13:39,870 [WARNING] rit_api: POST /orders returned 500: {"code":"INTERNAL_SERVER_ERROR","message":"Order could not be submitted because the order size is larger than the maximum order size of 10000 for the contract."}
2026-02-08 17:13:40,760 [WARNING] rit_api: POST /orders returned 500: {"code":"INTERNAL_SERVER_ERROR","message":"Order could not be submitted because the order size is larger than the maximum order size of 10000 for the contract."}
2026-02-08 17:13:41,721 [WARNING] rit_api: POST /orders returned 500: {"code":"INTERNAL_SERVER_ERROR","message":"Order could not be submitted because the order size is larger than the maximum order size of 10000 for the contract."}
2026-02-08 17:13:42,836 [WARNING] rit_api: POST /orders returned 500: {"code":"INTERNAL_SERVER_ERROR","message":"Order could not be submitted because the order size is larger than the maximum order size of 10000 for the contract."}
2026-02-08 17:13:43,707 [WARNING] rit_api: POST /orders returned 500: {"code":"INTERNAL_SERVER_ERROR","message":"Order could not be submitted because the order size is larger than the maximum order size of 10000 for the contract."}
2026-02-08 17:13:44,816 [WARNING] rit_api: POST /orders returned 500: {"code":"INTERNAL_SERVER_ERROR","message":"Order could not be submitted because the order size is larger than the maximum order size of 10000 for the contract."}
2026-02-08 17:13:45,790 [WARNING] rit_api: POST /orders returned 500: {"code":"INTERNAL_SERVER_ERROR","message":"Order could not be submitted because the order size is larger than the maximum order size of 10000 for the contract."}
2026-02-08 17:13:46,818 [WARNING] rit_api: POST /orders returned 500: {"code":"INTERNAL_SERVER_ERROR","message":"Order could not be submitted because the order size is larger than the maximum order size of 10000 for the contract."}
2026-02-08 17:13:47,783 [WARNING] rit_api: POST /orders returned 500: {"code":"INTERNAL_SERVER_ERROR","message":"Order could not be submitted because the order size is larger than the maximum order size of 10000 for the contract."}
2026-02-08 17:13:48,956 [WARNING] rit_api: POST /orders returned 500: {"code":"INTERNAL_SERVER_ERROR","message":"Order could not be submitted because the order size is larger than the maximum order size of 10000 for the contract."}
2026-02-08 17:13:49,854 [WARNING] rit_api: POST /orders returned 500: {"code":"INTERNAL_SERVER_ERROR","message":"Order could not be submitted because the order size is larger than the maximum order size of 10000 for the contract."}
2026-02-08 17:13:50,820 [WARNING] rit_api: POST /orders returned 500: {"code":"INTERNAL_SERVER_ERROR","message":"Order could not be submitted because the order size is larger than the maximum order size of 10000 for the contract."}
2026-02-08 17:13:51,786 [WARNING] rit_api: POST /orders returned 500: {"code":"INTERNAL_SERVER_ERROR","message":"Order could not be submitted because the order size is larger than the maximum order size of 10000 for the contract."}
2026-02-08 17:13:52,972 [WARNING] rit_api: POST /orders returned 500: {"code":"INTERNAL_SERVER_ERROR","message":"Order could not be submitted because the order size is larger than the maximum order size of 10000 for the contract."}
2026-02-08 17:13:53,864 [WARNING] rit_api: POST /orders returned 500: {"code":"INTERNAL_SERVER_ERROR","message":"Order could not be submitted because the order size is larger than the maximum order size of 10000 for the contract."}
2026-02-08 17:13:54,941 [WARNING] rit_api: POST /orders returned 500: {"code":"INTERNAL_SERVER_ERROR","message":"Order could not be submitted because the order size is larger than the maximum order size of 10000 for the contract."}
2026-02-08 17:13:55,908 [WARNING] rit_api: POST /orders returned 500: {"code":"INTERNAL_SERVER_ERROR","message":"Order could not be submitted because the order size is larger than the maximum order size of 10000 for the contract."}
2026-02-08 17:13:56,875 [WARNING] rit_api: POST /orders returned 500: {"code":"INTERNAL_SERVER_ERROR","message":"Order could not be submitted because the order size is larger than the maximum order size of 10000 for the contract."}
2026-02-08 17:13:57,845 [WARNING] rit_api: POST /orders returned 500: {"code":"INTERNAL_SERVER_ERROR","message":"Order could not be submitted because the order size is larger than the maximum order size of 10000 for the contract."}
2026-02-08 17:13:59,003 [WARNING] rit_api: POST /orders returned 500: {"code":"INTERNAL_SERVER_ERROR","message":"Order could not be submitted because the order size is larger than the maximum order size of 10000 for the contract."}
2026-02-08 17:13:59,850 [WARNING] rit_api: POST /orders returned 500: {"code":"INTERNAL_SERVER_ERROR","message":"Order could not be submitted because the order size is larger than the maximum order size of 10000 for the contract."}
2026-02-08 17:14:00,881 [WARNING] rit_api: POST /orders returned 500: {"code":"INTERNAL_SERVER_ERROR","message":"Order could not be submitted because the order size is larger than the maximum order size of 10000 for the contract."}
2026-02-08 17:14:01,852 [WARNING] rit_api: POST /orders returned 500: {"code":"INTERNAL_SERVER_ERROR","message":"Order could not be submitted because the order size is larger than the maximum order size of 10000 for the contract."}
2026-02-08 17:14:03,028 [WARNING] rit_api: POST /orders returned 500: {"code":"INTERNAL_SERVER_ERROR","message":"Order could not be submitted because the order size is larger than the maximum order size of 10000 for the contract."}
2026-02-08 17:14:03,925 [WARNING] rit_api: POST /orders returned 500: {"code":"INTERNAL_SERVER_ERROR","message":"Order could not be submitted because the order size is larger than the maximum order size of 10000 for the contract."}
2026-02-08 17:14:04,898 [WARNING] rit_api: POST /orders returned 500: {"code":"INTERNAL_SERVER_ERROR","message":"Order could not be submitted because the order size is larger than the maximum order size of 10000 for the contract."}
2026-02-08 17:14:06,016 [WARNING] rit_api: POST /orders returned 500: {"code":"INTERNAL_SERVER_ERROR","message":"Order could not be submitted because the order size is larger than the maximum order size of 10000 for the contract."}
2026-02-08 17:14:06,862 [WARNING] rit_api: POST /orders returned 500: {"code":"INTERNAL_SERVER_ERROR","message":"Order could not be submitted because the order size is larger than the maximum order size of 10000 for the contract."}
2026-02-08 17:14:07,981 [WARNING] rit_api: POST /orders returned 500: {"code":"INTERNAL_SERVER_ERROR","message":"Order could not be submitted because the order size is larger than the maximum order size of 10000 for the contract."}
2026-02-08 17:14:08,950 [WARNING] rit_api: POST /orders returned 500: {"code":"INTERNAL_SERVER_ERROR","message":"Order could not be submitted because the order size is larger than the maximum order size of 10000 for the contract."}
2026-02-08 17:14:09,942 [WARNING] rit_api: POST /orders returned 500: {"code":"INTERNAL_SERVER_ERROR","message":"Order could not be submitted because the order size is larger than the maximum order size of 10000 for the contract."}
2026-02-08 17:14:10,909 [WARNING] rit_api: POST /orders returned 500: {"code":"INTERNAL_SERVER_ERROR","message":"Order could not be submitted because the order size is larger than the maximum order size of 10000 for the contract."}
2026-02-08 17:14:12,086 [WARNING] rit_api: POST /orders returned 500: {"code":"INTERNAL_SERVER_ERROR","message":"Order could not be submitted because the order size is larger than the maximum order size of 10000 for the contract."}
2026-02-08 17:14:12,974 [WARNING] rit_api: POST /orders returned 500: {"code":"INTERNAL_SERVER_ERROR","message":"Order could not be submitted because the order size is larger than the maximum order size of 10000 for the contract."}
2026-02-08 17:14:14,025 [WARNING] rit_api: POST /orders returned 500: {"code":"INTERNAL_SERVER_ERROR","message":"Order could not be submitted because the order size is larger than the maximum order size of 10000 for the contract."}
2026-02-08 17:14:15,051 [WARNING] rit_api: POST /orders returned 500: {"code":"INTERNAL_SERVER_ERROR","message":"Order could not be submitted because the order size is larger than the maximum order size of 10000 for the contract."}
2026-02-08 17:14:15,974 [WARNING] rit_api: POST /orders returned 500: {"code":"INTERNAL_SERVER_ERROR","message":"Order could not be submitted because the order size is larger than the maximum order size of 10000 for the contract."}
2026-02-08 17:14:16,974 [WARNING] rit_api: POST /orders returned 500: {"code":"INTERNAL_SERVER_ERROR","message":"Order could not be submitted because the order size is larger than the maximum order size of 10000 for the contract."}
2026-02-08 17:14:17,937 [WARNING] rit_api: POST /orders returned 500: {"code":"INTERNAL_SERVER_ERROR","message":"Order could not be submitted because the order size is larger than the maximum order size of 10000 for the contract."}
2026-02-08 17:14:18,963 [WARNING] rit_api: POST /orders returned 500: {"code":"INTERNAL_SERVER_ERROR","message":"Order could not be submitted because the order size is larger than the maximum order size of 10000 for the contract."}
2026-02-08 17:14:19,931 [WARNING] rit_api: POST /orders returned 500: {"code":"INTERNAL_SERVER_ERROR","message":"Order could not be submitted because the order size is larger than the maximum order size of 10000 for the contract."}
2026-02-08 17:14:21,056 [WARNING] rit_api: POST /orders returned 500: {"code":"INTERNAL_SERVER_ERROR","message":"Order could not be submitted because the order size is larger than the maximum order size of 10000 for the contract."}
2026-02-08 17:14:22,084 [WARNING] rit_api: POST /orders returned 500: {"code":"INTERNAL_SERVER_ERROR","message":"Order could not be submitted because the order size is larger than the maximum order size of 10000 for the contract."}
2026-02-08 17:14:22,935 [WARNING] rit_api: POST /orders returned 500: {"code":"INTERNAL_SERVER_ERROR","message":"Order could not be submitted because the order size is larger than the maximum order size of 10000 for the contract."}
2026-02-08 17:14:24,088 [WARNING] rit_api: POST /orders returned 500: {"code":"INTERNAL_SERVER_ERROR","message":"Order could not be submitted because the order size is larger than the maximum order size of 10000 for the contract."}
2026-02-08 17:14:25,135 [WARNING] rit_api: POST /orders returned 500: {"code":"INTERNAL_SERVER_ERROR","message":"Order could not be submitted because the order size is larger than the maximum order size of 10000 for the contract."}
2026-02-08 17:14:25,900 [INFO] news_parser: NEWS: Forecast vol next week = 9.0% - 14.0% (mid=11.5%)
2026-02-08 17:14:26,028 [WARNING] rit_api: POST /orders returned 500: {"code":"INTERNAL_SERVER_ERROR","message":"Order could not be submitted because the order size is larger than the maximum order size of 10000 for the contract."}
2026-02-08 17:14:27,000 [WARNING] rit_api: POST /orders returned 500: {"code":"INTERNAL_SERVER_ERROR","message":"Order could not be submitted because the order size is larger than the maximum order size of 100 for the contract."}
2026-02-08 17:14:27,060 [WARNING] rit_api: POST /orders returned 500: {"code":"INTERNAL_SERVER_ERROR","message":"Order could not be submitted because the order size is larger than the maximum order size of 100 for the contract."}
2026-02-08 17:14:27,230 [INFO] rit_api: MARKET SELL 50 RTM1C47 -> order_id=7428
2026-02-08 17:14:27,400 [INFO] rit_api: MARKET SELL 50 RTM1P47 -> order_id=7429
2026-02-08 17:14:27,686 [INFO] rit_api: MARKET SELL 10000 RTM -> order_id=7434
2026-02-08 17:14:28,013 [WARNING] rit_api: POST /orders returned 500: {"code":"INTERNAL_SERVER_ERROR","message":"Order could not be submitted because the order size is larger than the maximum order size of 10000 for the contract."}
2026-02-08 17:14:28,985 [WARNING] rit_api: POST /orders returned 500: {"code":"INTERNAL_SERVER_ERROR","message":"Order could not be submitted because the order size is larger than the maximum order size of 10000 for the contract."}
2026-02-08 17:14:30,092 [WARNING] rit_api: POST /orders returned 500: {"code":"INTERNAL_SERVER_ERROR","message":"Order could not be submitted because the order size is larger than the maximum order size of 10000 for the contract."}
2026-02-08 17:14:31,060 [WARNING] rit_api: POST /orders returned 500: {"code":"INTERNAL_SERVER_ERROR","message":"Order could not be submitted because the order size is larger than the maximum order size of 10000 for the contract."}
2026-02-08 17:14:32,090 [WARNING] rit_api: POST /orders returned 500: {"code":"INTERNAL_SERVER_ERROR","message":"Order could not be submitted because the order size is larger than the maximum order size of 10000 for the contract."}
2026-02-08 17:14:33,058 [WARNING] rit_api: POST /orders returned 500: {"code":"INTERNAL_SERVER_ERROR","message":"Order could not be submitted because the order size is larger than the maximum order size of 10000 for the contract."}
2026-02-08 17:14:34,026 [WARNING] rit_api: POST /orders returned 500: {"code":"INTERNAL_SERVER_ERROR","message":"Order could not be submitted because the order size is larger than the maximum order size of 10000 for the contract."}
2026-02-08 17:14:35,133 [WARNING] rit_api: POST /orders returned 500: {"code":"INTERNAL_SERVER_ERROR","message":"Order could not be submitted because the order size is larger than the maximum order size of 10000 for the contract."}
2026-02-08 17:14:36,156 [WARNING] rit_api: POST /orders returned 500: {"code":"INTERNAL_SERVER_ERROR","message":"Order could not be submitted because the order size is larger than the maximum order size of 10000 for the contract."}
2026-02-08 17:14:37,130 [WARNING] rit_api: POST /orders returned 500: {"code":"INTERNAL_SERVER_ERROR","message":"Order could not be submitted because the order size is larger than the maximum order size of 10000 for the contract."}
2026-02-08 17:14:38,162 [WARNING] rit_api: POST /orders returned 500: {"code":"INTERNAL_SERVER_ERROR","message":"Order could not be submitted because the order size is larger than the maximum order size of 10000 for the contract."}
2026-02-08 17:14:39,137 [WARNING] rit_api: POST /orders returned 500: {"code":"INTERNAL_SERVER_ERROR","message":"Order could not be submitted because the order size is larger than the maximum order size of 10000 for the contract."}
2026-02-08 17:14:40,106 [WARNING] rit_api: POST /orders returned 500: {"code":"INTERNAL_SERVER_ERROR","message":"Order could not be submitted because the order size is larger than the maximum order size of 10000 for the contract."}
2026-02-08 17:14:41,074 [WARNING] rit_api: POST /orders returned 500: {"code":"INTERNAL_SERVER_ERROR","message":"Order could not be submitted because the order size is larger than the maximum order size of 10000 for the contract."}
2026-02-08 17:14:42,105 [WARNING] rit_api: POST /orders returned 500: {"code":"INTERNAL_SERVER_ERROR","message":"Order could not be submitted because the order size is larger than the maximum order size of 10000 for the contract."}
2026-02-08 17:14:43,079 [WARNING] rit_api: POST /orders returned 500: {"code":"INTERNAL_SERVER_ERROR","message":"Order could not be submitted because the order size is larger than the maximum order size of 10000 for the contract."}
2026-02-08 17:14:44,184 [WARNING] rit_api: POST /orders returned 500: {"code":"INTERNAL_SERVER_ERROR","message":"Order could not be submitted because the order size is larger than the maximum order size of 10000 for the contract."}
2026-02-08 17:14:45,197 [WARNING] rit_api: POST /orders returned 500: {"code":"INTERNAL_SERVER_ERROR","message":"Order could not be submitted because the order size is larger than the maximum order size of 10000 for the contract."}
2026-02-08 17:14:46,219 [WARNING] rit_api: POST /orders returned 500: {"code":"INTERNAL_SERVER_ERROR","message":"Order could not be submitted because the order size is larger than the maximum order size of 10000 for the contract."}
2026-02-08 17:14:47,195 [WARNING] rit_api: POST /orders returned 500: {"code":"INTERNAL_SERVER_ERROR","message":"Order could not be submitted because the order size is larger than the maximum order size of 10000 for the contract."}
2026-02-08 17:14:48,217 [WARNING] rit_api: POST /orders returned 500: {"code":"INTERNAL_SERVER_ERROR","message":"Order could not be submitted because the order size is larger than the maximum order size of 10000 for the contract."}
2026-02-08 17:14:49,247 [WARNING] rit_api: POST /orders returned 500: {"code":"INTERNAL_SERVER_ERROR","message":"Order could not be submitted because the order size is larger than the maximum order size of 10000 for the contract."}
2026-02-08 17:14:50,087 [WARNING] rit_api: POST /orders returned 500: {"code":"INTERNAL_SERVER_ERROR","message":"Order could not be submitted because the order size is larger than the maximum order size of 10000 for the contract."}
2026-02-08 17:14:51,235 [WARNING] rit_api: POST /orders returned 500: {"code":"INTERNAL_SERVER_ERROR","message":"Order could not be submitted because the order size is larger than the maximum order size of 10000 for the contract."}
2026-02-08 17:14:52,231 [WARNING] rit_api: POST /orders returned 500: {"code":"INTERNAL_SERVER_ERROR","message":"Order could not be submitted because the order size is larger than the maximum order size of 10000 for the contract."}
2026-02-08 17:14:53,251 [WARNING] rit_api: POST /orders returned 500: {"code":"INTERNAL_SERVER_ERROR","message":"Order could not be submitted because the order size is larger than the maximum order size of 10000 for the contract."}
2026-02-08 17:14:54,093 [WARNING] rit_api: POST /orders returned 500: {"code":"INTERNAL_SERVER_ERROR","message":"Order could not be submitted because the order size is larger than the maximum order size of 10000 for the contract."}
2026-02-08 17:14:55,259 [WARNING] rit_api: POST /orders returned 500: {"code":"INTERNAL_SERVER_ERROR","message":"Order could not be submitted because the order size is larger than the maximum order size of 10000 for the contract."}
2026-02-08 17:14:56,106 [WARNING] rit_api: POST /orders returned 500: {"code":"INTERNAL_SERVER_ERROR","message":"Order could not be submitted because the order size is larger than the maximum order size of 10000 for the contract."}
2026-02-08 17:14:57,250 [WARNING] rit_api: POST /orders returned 500: {"code":"INTERNAL_SERVER_ERROR","message":"Order could not be submitted because the order size is larger than the maximum order size of 10000 for the contract."}
2026-02-08 17:14:58,241 [WARNING] rit_api: POST /orders returned 500: {"code":"INTERNAL_SERVER_ERROR","message":"Order could not be submitted because the order size is larger than the maximum order size of 10000 for the contract."}
2026-02-08 17:14:59,258 [WARNING] rit_api: POST /orders returned 500: {"code":"INTERNAL_SERVER_ERROR","message":"Order could not be submitted because the order size is larger than the maximum order size of 10000 for the contract."}
2026-02-08 17:15:00,300 [WARNING] rit_api: POST /orders returned 500: {"code":"INTERNAL_SERVER_ERROR","message":"Order could not be submitted because the order size is larger than the maximum order size of 10000 for the contract."}
2026-02-08 17:15:01,206 [WARNING] rit_api: POST /orders returned 500: {"code":"INTERNAL_SERVER_ERROR","message":"Order could not be submitted because the order size is larger than the maximum order size of 10000 for the contract."}
2026-02-08 17:15:02,249 [WARNING] rit_api: POST /orders returned 500: {"code":"INTERNAL_SERVER_ERROR","message":"Order could not be submitted because the order size is larger than the maximum order size of 10000 for the contract."}
2026-02-08 17:15:03,273 [WARNING] rit_api: POST /orders returned 500: {"code":"INTERNAL_SERVER_ERROR","message":"Order could not be submitted because the order size is larger than the maximum order size of 10000 for the contract."}
2026-02-08 17:15:04,313 [WARNING] rit_api: POST /orders returned 500: {"code":"INTERNAL_SERVER_ERROR","message":"Order could not be submitted because the order size is larger than the maximum order size of 10000 for the contract."}
2026-02-08 17:15:05,204 [WARNING] rit_api: POST /orders returned 500: {"code":"INTERNAL_SERVER_ERROR","message":"Order could not be submitted because the order size is larger than the maximum order size of 10000 for the contract."}
2026-02-08 17:15:06,174 [WARNING] rit_api: POST /orders returned 500: {"code":"INTERNAL_SERVER_ERROR","message":"Order could not be submitted because the order size is larger than the maximum order size of 10000 for the contract."}
2026-02-08 17:15:07,145 [WARNING] rit_api: POST /orders returned 500: {"code":"INTERNAL_SERVER_ERROR","message":"Order could not be submitted because the order size is larger than the maximum order size of 10000 for the contract."}
2026-02-08 17:15:08,303 [WARNING] rit_api: POST /orders returned 500: {"code":"INTERNAL_SERVER_ERROR","message":"Order could not be submitted because the order size is larger than the maximum order size of 10000 for the contract."}
2026-02-08 17:15:09,203 [WARNING] rit_api: POST /orders returned 500: {"code":"INTERNAL_SERVER_ERROR","message":"Order could not be submitted because the order size is larger than the maximum order size of 10000 for the contract."}
2026-02-08 17:15:10,168 [WARNING] rit_api: POST /orders returned 500: {"code":"INTERNAL_SERVER_ERROR","message":"Order could not be submitted because the order size is larger than the maximum order size of 10000 for the contract."}
2026-02-08 17:15:11,333 [WARNING] rit_api: POST /orders returned 500: {"code":"INTERNAL_SERVER_ERROR","message":"Order could not be submitted because the order size is larger than the maximum order size of 10000 for the contract."}
2026-02-08 17:15:12,172 [WARNING] rit_api: POST /orders returned 500: {"code":"INTERNAL_SERVER_ERROR","message":"Order could not be submitted because the order size is larger than the maximum order size of 10000 for the contract."}
2026-02-08 17:15:13,284 [WARNING] rit_api: POST /orders returned 500: {"code":"INTERNAL_SERVER_ERROR","message":"Order could not be submitted because the order size is larger than the maximum order size of 10000 for the contract."}
2026-02-08 17:15:14,256 [WARNING] rit_api: POST /orders returned 500: {"code":"INTERNAL_SERVER_ERROR","message":"Order could not be submitted because the order size is larger than the maximum order size of 10000 for the contract."}
2026-02-08 17:15:15,221 [WARNING] rit_api: POST /orders returned 500: {"code":"INTERNAL_SERVER_ERROR","message":"Order could not be submitted because the order size is larger than the maximum order size of 10000 for the contract."}
2026-02-08 17:15:16,196 [WARNING] rit_api: POST /orders returned 500: {"code":"INTERNAL_SERVER_ERROR","message":"Order could not be submitted because the order size is larger than the maximum order size of 10000 for the contract."}
2026-02-08 17:15:17,312 [WARNING] rit_api: POST /orders returned 500: {"code":"INTERNAL_SERVER_ERROR","message":"Order could not be submitted because the order size is larger than the maximum order size of 10000 for the contract."}
2026-02-08 17:15:18,291 [WARNING] rit_api: POST /orders returned 500: {"code":"INTERNAL_SERVER_ERROR","message":"Order could not be submitted because the order size is larger than the maximum order size of 10000 for the contract."}
2026-02-08 17:15:19,258 [WARNING] rit_api: POST /orders returned 500: {"code":"INTERNAL_SERVER_ERROR","message":"Order could not be submitted because the order size is larger than the maximum order size of 10000 for the contract."}
2026-02-08 17:15:20,228 [WARNING] rit_api: POST /orders returned 500: {"code":"INTERNAL_SERVER_ERROR","message":"Order could not be submitted because the order size is larger than the maximum order size of 10000 for the contract."}
2026-02-08 17:15:21,380 [WARNING] rit_api: POST /orders returned 500: {"code":"INTERNAL_SERVER_ERROR","message":"Order could not be submitted because the order size is larger than the maximum order size of 10000 for the contract."}
2026-02-08 17:15:22,281 [WARNING] rit_api: POST /orders returned 500: {"code":"INTERNAL_SERVER_ERROR","message":"Order could not be submitted because the order size is larger than the maximum order size of 10000 for the contract."}
2026-02-08 17:15:23,245 [WARNING] rit_api: POST /orders returned 500: {"code":"INTERNAL_SERVER_ERROR","message":"Order could not be submitted because the order size is larger than the maximum order size of 10000 for the contract."}
2026-02-08 17:15:24,358 [WARNING] rit_api: POST /orders returned 500: {"code":"INTERNAL_SERVER_ERROR","message":"Order could not be submitted because the order size is larger than the maximum order size of 10000 for the contract."}
2026-02-08 17:15:25,377 [WARNING] rit_api: POST /orders returned 500: {"code":"INTERNAL_SERVER_ERROR","message":"Order could not be submitted because the order size is larger than the maximum order size of 10000 for the contract."}
2026-02-08 17:15:26,400 [WARNING] rit_api: POST /orders returned 500: {"code":"INTERNAL_SERVER_ERROR","message":"Order could not be submitted because the order size is larger than the maximum order size of 10000 for the contract."}
2026-02-08 17:15:27,430 [WARNING] rit_api: POST /orders returned 500: {"code":"INTERNAL_SERVER_ERROR","message":"Order could not be submitted because the order size is larger than the maximum order size of 10000 for the contract."}
2026-02-08 17:15:28,271 [WARNING] rit_api: POST /orders returned 500: {"code":"INTERNAL_SERVER_ERROR","message":"Order could not be submitted because the order size is larger than the maximum order size of 10000 for the contract."}
2026-02-08 17:15:29,371 [WARNING] rit_api: POST /orders returned 500: {"code":"INTERNAL_SERVER_ERROR","message":"Order could not be submitted because the order size is larger than the maximum order size of 10000 for the contract."}
2026-02-08 17:15:30,338 [WARNING] rit_api: POST /orders returned 500: {"code":"INTERNAL_SERVER_ERROR","message":"Order could not be submitted because the order size is larger than the maximum order size of 10000 for the contract."}
2026-02-08 17:15:31,310 [WARNING] rit_api: POST /orders returned 500: {"code":"INTERNAL_SERVER_ERROR","message":"Order could not be submitted because the order size is larger than the maximum order size of 10000 for the contract."}
2026-02-08 17:15:32,457 [WARNING] rit_api: POST /orders returned 500: {"code":"INTERNAL_SERVER_ERROR","message":"Order could not be submitted because the order size is larger than the maximum order size of 10000 for the contract."}
2026-02-08 17:15:33,485 [WARNING] rit_api: POST /orders returned 500: {"code":"INTERNAL_SERVER_ERROR","message":"Order could not be submitted because the order size is larger than the maximum order size of 10000 for the contract."}
2026-02-08 17:15:34,380 [WARNING] rit_api: POST /orders returned 500: {"code":"INTERNAL_SERVER_ERROR","message":"Order could not be submitted because the order size is larger than the maximum order size of 10000 for the contract."}
2026-02-08 17:15:35,346 [WARNING] rit_api: POST /orders returned 500: {"code":"INTERNAL_SERVER_ERROR","message":"Order could not be submitted because the order size is larger than the maximum order size of 10000 for the contract."}
2026-02-08 17:15:36,379 [WARNING] rit_api: POST /orders returned 500: {"code":"INTERNAL_SERVER_ERROR","message":"Order could not be submitted because the order size is larger than the maximum order size of 10000 for the contract."}
2026-02-08 17:15:37,345 [WARNING] rit_api: POST /orders returned 500: {"code":"INTERNAL_SERVER_ERROR","message":"Order could not be submitted because the order size is larger than the maximum order size of 10000 for the contract."}
2026-02-08 17:15:38,467 [WARNING] rit_api: POST /orders returned 500: {"code":"INTERNAL_SERVER_ERROR","message":"Order could not be submitted because the order size is larger than the maximum order size of 10000 for the contract."}
2026-02-08 17:15:39,492 [WARNING] rit_api: POST /orders returned 500: {"code":"INTERNAL_SERVER_ERROR","message":"Order could not be submitted because the order size is larger than the maximum order size of 10000 for the contract."}
2026-02-08 17:15:40,342 [WARNING] rit_api: POST /orders returned 500: {"code":"INTERNAL_SERVER_ERROR","message":"Order could not be submitted because the order size is larger than the maximum order size of 10000 for the contract."}
2026-02-08 17:15:41,385 [INFO] news_parser: NEWS: Forecast vol next week = 14.0% - 19.0% (mid=16.5%)
2026-02-08 17:15:41,517 [WARNING] rit_api: POST /orders returned 500: {"code":"INTERNAL_SERVER_ERROR","message":"Order could not be submitted because the order size is larger than the maximum order size of 10000 for the contract."}
2026-02-08 17:15:42,412 [INFO] rit_api: MARKET BUY 100 RTM1C47 -> order_id=10790
2026-02-08 17:15:42,524 [INFO] rit_api: MARKET BUY 100 RTM1P47 -> order_id=10792
2026-02-08 17:15:42,702 [INFO] rit_api: MARKET BUY 10000 RTM -> order_id=10795
2026-02-08 17:15:43,438 [WARNING] rit_api: POST /orders returned 500: {"code":"INTERNAL_SERVER_ERROR","message":"Order could not be submitted because the order size is larger than the maximum order size of 10000 for the contract."}
2026-02-08 17:15:44,407 [WARNING] rit_api: POST /orders returned 500: {"code":"INTERNAL_SERVER_ERROR","message":"Order could not be submitted because the order size is larger than the maximum order size of 10000 for the contract."}
2026-02-08 17:15:45,379 [WARNING] rit_api: POST /orders returned 500: {"code":"INTERNAL_SERVER_ERROR","message":"Order could not be submitted because the order size is larger than the maximum order size of 10000 for the contract."}
2026-02-08 17:15:46,477 [WARNING] rit_api: POST /orders returned 500: {"code":"INTERNAL_SERVER_ERROR","message":"Order could not be submitted because the order size is larger than the maximum order size of 10000 for the contract."}
2026-02-08 17:15:47,500 [WARNING] rit_api: POST /orders returned 500: {"code":"INTERNAL_SERVER_ERROR","message":"Order could not be submitted because the order size is larger than the maximum order size of 10000 for the contract."}
2026-02-08 17:15:48,473 [WARNING] rit_api: POST /orders returned 500: {"code":"INTERNAL_SERVER_ERROR","message":"Order could not be submitted because the order size is larger than the maximum order size of 10000 for the contract."}
2026-02-08 17:15:49,439 [WARNING] rit_api: POST /orders returned 500: {"code":"INTERNAL_SERVER_ERROR","message":"Order could not be submitted because the order size is larger than the maximum order size of 10000 for the contract."}
2026-02-08 17:15:50,408 [WARNING] rit_api: POST /orders returned 500: {"code":"INTERNAL_SERVER_ERROR","message":"Order could not be submitted because the order size is larger than the maximum order size of 10000 for the contract."}
2026-02-08 17:15:51,451 [WARNING] rit_api: POST /orders returned 500: {"code":"INTERNAL_SERVER_ERROR","message":"Order could not be submitted because the order size is larger than the maximum order size of 10000 for the contract."}
2026-02-08 17:15:52,424 [WARNING] rit_api: POST /orders returned 500: {"code":"INTERNAL_SERVER_ERROR","message":"Order could not be submitted because the order size is larger than the maximum order size of 10000 for the contract."}
2026-02-08 17:15:53,602 [WARNING] rit_api: POST /orders returned 500: {"code":"INTERNAL_SERVER_ERROR","message":"Order could not be submitted because the order size is larger than the maximum order size of 10000 for the contract."}
2026-02-08 17:15:54,448 [WARNING] rit_api: POST /orders returned 500: {"code":"INTERNAL_SERVER_ERROR","message":"Order could not be submitted because the order size is larger than the maximum order size of 10000 for the contract."}
2026-02-08 17:15:55,474 [WARNING] rit_api: POST /orders returned 500: {"code":"INTERNAL_SERVER_ERROR","message":"Order could not be submitted because the order size is larger than the maximum order size of 10000 for the contract."}
2026-02-08 17:15:56,439 [WARNING] rit_api: POST /orders returned 500: {"code":"INTERNAL_SERVER_ERROR","message":"Order could not be submitted because the order size is larger than the maximum order size of 10000 for the contract."}
2026-02-08 17:15:57,413 [WARNING] rit_api: POST /orders returned 500: {"code":"INTERNAL_SERVER_ERROR","message":"Order could not be submitted because the order size is larger than the maximum order size of 10000 for the contract."}
2026-02-08 17:15:58,511 [WARNING] rit_api: POST /orders returned 500: {"code":"INTERNAL_SERVER_ERROR","message":"Order could not be submitted because the order size is larger than the maximum order size of 10000 for the contract."}
2026-02-08 17:15:59,505 [WARNING] rit_api: POST /orders returned 500: {"code":"INTERNAL_SERVER_ERROR","message":"Order could not be submitted because the order size is larger than the maximum order size of 10000 for the contract."}
2026-02-08 17:16:00,496 [WARNING] rit_api: POST /orders returned 500: {"code":"INTERNAL_SERVER_ERROR","message":"Order could not be submitted because the order size is larger than the maximum order size of 10000 for the contract."}
2026-02-08 17:16:01,463 [WARNING] rit_api: POST /orders returned 500: {"code":"INTERNAL_SERVER_ERROR","message":"Order could not be submitted because the order size is larger than the maximum order size of 10000 for the contract."}
2026-02-08 17:16:02,435 [WARNING] rit_api: POST /orders returned 500: {"code":"INTERNAL_SERVER_ERROR","message":"Order could not be submitted because the order size is larger than the maximum order size of 10000 for the contract."}
2026-02-08 17:16:03,596 [WARNING] rit_api: POST /orders returned 500: {"code":"INTERNAL_SERVER_ERROR","message":"Order could not be submitted because the order size is larger than the maximum order size of 10000 for the contract."}
2026-02-08 17:16:04,496 [WARNING] rit_api: POST /orders returned 500: {"code":"INTERNAL_SERVER_ERROR","message":"Order could not be submitted because the order size is larger than the maximum order size of 10000 for the contract."}
2026-02-08 17:16:05,463 [WARNING] rit_api: POST /orders returned 500: {"code":"INTERNAL_SERVER_ERROR","message":"Order could not be submitted because the order size is larger than the maximum order size of 10000 for the contract."}
2026-02-08 17:16:06,493 [WARNING] rit_api: POST /orders returned 500: {"code":"INTERNAL_SERVER_ERROR","message":"Order could not be submitted because the order size is larger than the maximum order size of 10000 for the contract."}
2026-02-08 17:16:07,461 [WARNING] rit_api: POST /orders returned 500: {"code":"INTERNAL_SERVER_ERROR","message":"Order could not be submitted because the order size is larger than the maximum order size of 10000 for the contract."}
2026-02-08 17:16:08,581 [WARNING] rit_api: POST /orders returned 500: {"code":"INTERNAL_SERVER_ERROR","message":"Order could not be submitted because the order size is larger than the maximum order size of 10000 for the contract."}
2026-02-08 17:16:09,606 [WARNING] rit_api: POST /orders returned 500: {"code":"INTERNAL_SERVER_ERROR","message":"Order could not be submitted because the order size is larger than the maximum order size of 10000 for the contract."}
2026-02-08 17:16:10,514 [WARNING] rit_api: POST /orders returned 500: {"code":"INTERNAL_SERVER_ERROR","message":"Order could not be submitted because the order size is larger than the maximum order size of 10000 for the contract."}
2026-02-08 17:16:11,481 [WARNING] rit_api: POST /orders returned 500: {"code":"INTERNAL_SERVER_ERROR","message":"Order could not be submitted because the order size is larger than the maximum order size of 10000 for the contract."}
2026-02-08 17:16:12,654 [WARNING] rit_api: POST /orders returned 500: {"code":"INTERNAL_SERVER_ERROR","message":"Order could not be submitted because the order size is larger than the maximum order size of 10000 for the contract."}
2026-02-08 17:16:13,496 [WARNING] rit_api: POST /orders returned 500: {"code":"INTERNAL_SERVER_ERROR","message":"Order could not be submitted because the order size is larger than the maximum order size of 10000 for the contract."}
2026-02-08 17:16:14,593 [WARNING] rit_api: POST /orders returned 500: {"code":"INTERNAL_SERVER_ERROR","message":"Order could not be submitted because the order size is larger than the maximum order size of 10000 for the contract."}
2026-02-08 17:16:15,552 [WARNING] rit_api: POST /orders returned 500: {"code":"INTERNAL_SERVER_ERROR","message":"Order could not be submitted because the order size is larger than the maximum order size of 10000 for the contract."}
2026-02-08 17:16:16,509 [WARNING] rit_api: POST /orders returned 500: {"code":"INTERNAL_SERVER_ERROR","message":"Order could not be submitted because the order size is larger than the maximum order size of 10000 for the contract."}
2026-02-08 17:16:17,649 [WARNING] rit_api: POST /orders returned 500: {"code":"INTERNAL_SERVER_ERROR","message":"Order could not be submitted because the order size is larger than the maximum order size of 10000 for the contract."}
2026-02-08 17:16:18,620 [WARNING] rit_api: POST /orders returned 500: {"code":"INTERNAL_SERVER_ERROR","message":"Order could not be submitted because the order size is larger than the maximum order size of 10000 for the contract."}
2026-02-08 17:16:19,644 [WARNING] rit_api: POST /orders returned 500: {"code":"INTERNAL_SERVER_ERROR","message":"Order could not be submitted because the order size is larger than the maximum order size of 10000 for the contract."}
2026-02-08 17:16:20,614 [WARNING] rit_api: POST /orders returned 500: {"code":"INTERNAL_SERVER_ERROR","message":"Order could not be submitted because the order size is larger than the maximum order size of 10000 for the contract."}
2026-02-08 17:16:21,579 [WARNING] rit_api: POST /orders returned 500: {"code":"INTERNAL_SERVER_ERROR","message":"Order could not be submitted because the order size is larger than the maximum order size of 10000 for the contract."}
2026-02-08 17:16:22,544 [WARNING] rit_api: POST /orders returned 500: {"code":"INTERNAL_SERVER_ERROR","message":"Order could not be submitted because the order size is larger than the maximum order size of 10000 for the contract."}
2026-02-08 17:16:23,647 [WARNING] rit_api: POST /orders returned 500: {"code":"INTERNAL_SERVER_ERROR","message":"Order could not be submitted because the order size is larger than the maximum order size of 10000 for the contract."}
2026-02-08 17:16:24,613 [WARNING] rit_api: POST /orders returned 500: {"code":"INTERNAL_SERVER_ERROR","message":"Order could not be submitted because the order size is larger than the maximum order size of 10000 for the contract."}
2026-02-08 17:16:25,579 [WARNING] rit_api: POST /orders returned 500: {"code":"INTERNAL_SERVER_ERROR","message":"Order could not be submitted because the order size is larger than the maximum order size of 10000 for the contract."}
2026-02-08 17:16:26,690 [WARNING] rit_api: POST /orders returned 500: {"code":"INTERNAL_SERVER_ERROR","message":"Order could not be submitted because the order size is larger than the maximum order size of 10000 for the contract."}
2026-02-08 17:16:27,655 [WARNING] rit_api: POST /orders returned 500: {"code":"INTERNAL_SERVER_ERROR","message":"Order could not be submitted because the order size is larger than the maximum order size of 10000 for the contract."}
2026-02-08 17:16:28,624 [WARNING] rit_api: POST /orders returned 500: {"code":"INTERNAL_SERVER_ERROR","message":"Order could not be submitted because the order size is larger than the maximum order size of 10000 for the contract."}
2026-02-08 17:16:29,591 [WARNING] rit_api: POST /orders returned 500: {"code":"INTERNAL_SERVER_ERROR","message":"Order could not be submitted because the order size is larger than the maximum order size of 10000 for the contract."}
2026-02-08 17:16:30,704 [WARNING] rit_api: POST /orders returned 500: {"code":"INTERNAL_SERVER_ERROR","message":"Order could not be submitted because the order size is larger than the maximum order size of 10000 for the contract."}
2026-02-08 17:16:31,676 [WARNING] rit_api: POST /orders returned 500: {"code":"INTERNAL_SERVER_ERROR","message":"Order could not be submitted because the order size is larger than the maximum order size of 10000 for the contract."}
2026-02-08 17:16:32,642 [WARNING] rit_api: POST /orders returned 500: {"code":"INTERNAL_SERVER_ERROR","message":"Order could not be submitted because the order size is larger than the maximum order size of 10000 for the contract."}
2026-02-08 17:16:33,608 [WARNING] rit_api: POST /orders returned 500: {"code":"INTERNAL_SERVER_ERROR","message":"Order could not be submitted because the order size is larger than the maximum order size of 10000 for the contract."}
2026-02-08 17:16:34,725 [WARNING] rit_api: POST /orders returned 500: {"code":"INTERNAL_SERVER_ERROR","message":"Order could not be submitted because the order size is larger than the maximum order size of 10000 for the contract."}
2026-02-08 17:16:35,693 [WARNING] rit_api: POST /orders returned 500: {"code":"INTERNAL_SERVER_ERROR","message":"Order could not be submitted because the order size is larger than the maximum order size of 10000 for the contract."}
2026-02-08 17:16:36,659 [WARNING] rit_api: POST /orders returned 500: {"code":"INTERNAL_SERVER_ERROR","message":"Order could not be submitted because the order size is larger than the maximum order size of 10000 for the contract."}
2026-02-08 17:16:37,622 [WARNING] rit_api: POST /orders returned 500: {"code":"INTERNAL_SERVER_ERROR","message":"Order could not be submitted because the order size is larger than the maximum order size of 10000 for the contract."}
2026-02-08 17:16:38,731 [WARNING] rit_api: POST /orders returned 500: {"code":"INTERNAL_SERVER_ERROR","message":"Order could not be submitted because the order size is larger than the maximum order size of 10000 for the contract."}
2026-02-08 17:16:39,695 [WARNING] rit_api: POST /orders returned 500: {"code":"INTERNAL_SERVER_ERROR","message":"Order could not be submitted because the order size is larger than the maximum order size of 10000 for the contract."}
2026-02-08 17:16:40,667 [WARNING] rit_api: POST /orders returned 500: {"code":"INTERNAL_SERVER_ERROR","message":"Order could not be submitted because the order size is larger than the maximum order size of 10000 for the contract."}
2026-02-08 17:16:41,757 [WARNING] rit_api: POST /orders returned 500: {"code":"INTERNAL_SERVER_ERROR","message":"Order could not be submitted because the order size is larger than the maximum order size of 10000 for the contract."}
2026-02-08 17:16:42,768 [WARNING] rit_api: POST /orders returned 500: {"code":"INTERNAL_SERVER_ERROR","message":"Order could not be submitted because the order size is larger than the maximum order size of 10000 for the contract."}
2026-02-08 17:16:43,874 [WARNING] rit_api: POST /orders returned 500: {"code":"INTERNAL_SERVER_ERROR","message":"Order could not be submitted because the order size is larger than the maximum order size of 10000 for the contract."}
2026-02-08 17:16:44,936 [WARNING] rit_api: POST /orders returned 500: {"code":"INTERNAL_SERVER_ERROR","message":"Order could not be submitted because the order size is larger than the maximum order size of 10000 for the contract."}
2026-02-08 17:16:45,867 [WARNING] rit_api: POST /orders returned 500: {"code":"INTERNAL_SERVER_ERROR","message":"Order could not be submitted because the order size is larger than the maximum order size of 10000 for the contract."}
2026-02-08 17:16:47,028 [WARNING] rit_api: POST /orders returned 500: {"code":"INTERNAL_SERVER_ERROR","message":"Order could not be submitted because the order size is larger than the maximum order size of 10000 for the contract."}
2026-02-08 17:16:47,731 [WARNING] rit_api: POST /orders returned 500: {"code":"INTERNAL_SERVER_ERROR","message":"Order could not be submitted because the order size is larger than the maximum order size of 10000 for the contract."}
2026-02-08 17:16:48,689 [WARNING] rit_api: POST /orders returned 500: {"code":"INTERNAL_SERVER_ERROR","message":"Order could not be submitted because the order size is larger than the maximum order size of 10000 for the contract."}
2026-02-08 17:16:49,778 [WARNING] rit_api: POST /orders returned 500: {"code":"INTERNAL_SERVER_ERROR","message":"Order could not be submitted because the order size is larger than the maximum order size of 10000 for the contract."}
2026-02-08 17:16:50,733 [WARNING] rit_api: POST /orders returned 500: {"code":"INTERNAL_SERVER_ERROR","message":"Order could not be submitted because the order size is larger than the maximum order size of 10000 for the contract."}
2026-02-08 17:16:51,697 [WARNING] rit_api: POST /orders returned 500: {"code":"INTERNAL_SERVER_ERROR","message":"Order could not be submitted because the order size is larger than the maximum order size of 10000 for the contract."}
2026-02-08 17:16:52,796 [WARNING] rit_api: POST /orders returned 500: {"code":"INTERNAL_SERVER_ERROR","message":"Order could not be submitted because the order size is larger than the maximum order size of 10000 for the contract."}
2026-02-08 17:16:53,758 [WARNING] rit_api: POST /orders returned 500: {"code":"INTERNAL_SERVER_ERROR","message":"Order could not be submitted because the order size is larger than the maximum order size of 10000 for the contract."}
2026-02-08 17:16:54,721 [WARNING] rit_api: POST /orders returned 500: {"code":"INTERNAL_SERVER_ERROR","message":"Order could not be submitted because the order size is larger than the maximum order size of 10000 for the contract."}
2026-02-08 17:16:55,814 [WARNING] rit_api: POST /orders returned 500: {"code":"INTERNAL_SERVER_ERROR","message":"Order could not be submitted because the order size is larger than the maximum order size of 10000 for the contract."}
2026-02-08 17:16:56,774 [WARNING] rit_api: POST /orders returned 500: {"code":"INTERNAL_SERVER_ERROR","message":"Order could not be submitted because the order size is larger than the maximum order size of 10000 for the contract."}
2026-02-08 17:18:21,089 [INFO] news_parser: NEWS: Delta limit = 8000
2026-02-08 17:18:21,090 [INFO] news_parser: NEWS: Penalty rate = 3.00%
2026-02-08 17:18:21,428 [INFO] rit_api: MARKET SELL 50 RTM1C50 -> order_id=85
2026-02-08 17:18:21,486 [INFO] rit_api: MARKET SELL 50 RTM1P50 -> order_id=86
2026-02-08 17:18:56,657 [WARNING] rit_api: POST /orders returned 500: {"code":"INTERNAL_SERVER_ERROR","message":"Order could not be submitted because the order size is larger than the maximum order size of 10000 for the contract."}
2026-02-08 17:18:57,619 [WARNING] rit_api: POST /orders returned 500: {"code":"INTERNAL_SERVER_ERROR","message":"Order could not be submitted because the order size is larger than the maximum order size of 10000 for the contract."}
2026-02-08 17:18:58,718 [WARNING] rit_api: POST /orders returned 500: {"code":"INTERNAL_SERVER_ERROR","message":"Order could not be submitted because the order size is larger than the maximum order size of 10000 for the contract."}
2026-02-08 17:18:59,679 [WARNING] rit_api: POST /orders returned 500: {"code":"INTERNAL_SERVER_ERROR","message":"Order could not be submitted because the order size is larger than the maximum order size of 10000 for the contract."}
2026-02-08 17:19:00,641 [WARNING] rit_api: POST /orders returned 500: {"code":"INTERNAL_SERVER_ERROR","message":"Order could not be submitted because the order size is larger than the maximum order size of 10000 for the contract."}
2026-02-08 17:19:01,737 [WARNING] rit_api: POST /orders returned 500: {"code":"INTERNAL_SERVER_ERROR","message":"Order could not be submitted because the order size is larger than the maximum order size of 10000 for the contract."}
2026-02-08 17:19:02,700 [WARNING] rit_api: POST /orders returned 500: {"code":"INTERNAL_SERVER_ERROR","message":"Order could not be submitted because the order size is larger than the maximum order size of 10000 for the contract."}
2026-02-08 17:19:03,659 [WARNING] rit_api: POST /orders returned 500: {"code":"INTERNAL_SERVER_ERROR","message":"Order could not be submitted because the order size is larger than the maximum order size of 10000 for the contract."}
2026-02-08 17:19:04,618 [WARNING] rit_api: POST /orders returned 500: {"code":"INTERNAL_SERVER_ERROR","message":"Order could not be submitted because the order size is larger than the maximum order size of 10000 for the contract."}
2026-02-08 17:19:05,710 [WARNING] rit_api: POST /orders returned 500: {"code":"INTERNAL_SERVER_ERROR","message":"Order could not be submitted because the order size is larger than the maximum order size of 10000 for the contract."}
2026-02-08 17:19:06,673 [WARNING] rit_api: POST /orders returned 500: {"code":"INTERNAL_SERVER_ERROR","message":"Order could not be submitted because the order size is larger than the maximum order size of 10000 for the contract."}
2026-02-08 17:19:07,630 [WARNING] rit_api: POST /orders returned 500: {"code":"INTERNAL_SERVER_ERROR","message":"Order could not be submitted because the order size is larger than the maximum order size of 10000 for the contract."}
2026-02-08 17:19:11,679 [WARNING] rit_api: POST /orders returned 500: {"code":"INTERNAL_SERVER_ERROR","message":"Order could not be submitted because the order size is larger than the maximum order size of 10000 for the contract."}
2026-02-08 17:19:13,669 [WARNING] rit_api: POST /orders returned 500: {"code":"INTERNAL_SERVER_ERROR","message":"Order could not be submitted because the order size is larger than the maximum order size of 10000 for the contract."}
2026-02-08 17:19:32,831 [WARNING] rit_api: POST /orders returned 500: {"code":"INTERNAL_SERVER_ERROR","message":"Order could not be submitted because the order size is larger than the maximum order size of 10000 for the contract."}
2026-02-08 17:19:33,722 [INFO] news_parser: NEWS: Forecast vol next week = 28.0% - 33.0% (mid=30.5%)
2026-02-08 17:19:33,788 [WARNING] rit_api: POST /orders returned 500: {"code":"INTERNAL_SERVER_ERROR","message":"Order could not be submitted because the order size is larger than the maximum order size of 10000 for the contract."}
2026-02-08 17:19:34,787 [INFO] rit_api: MARKET BUY 50 RTM1C50 -> order_id=3230
2026-02-08 17:19:34,844 [INFO] rit_api: MARKET BUY 50 RTM1P50 -> order_id=3231
2026-02-08 17:19:35,021 [WARNING] rit_api: POST /orders returned 500: {"code":"INTERNAL_SERVER_ERROR","message":"Order could not be submitted because the order size is larger than the maximum order size of 10000 for the contract."}
2026-02-08 17:20:49,165 [INFO] news_parser: NEWS: Forecast vol next week = 23.0% - 28.0% (mid=25.5%)
2026-02-08 17:20:50,268 [INFO] rit_api: MARKET SELL 50 RTM1C51 -> order_id=6384
2026-02-08 17:20:50,381 [INFO] rit_api: MARKET SELL 50 RTM1P51 -> order_id=6386
2026-02-08 17:20:50,503 [INFO] rit_api: MARKET SELL 5000 RTM -> order_id=6388
2026-02-08 17:20:51,338 [WARNING] rit_api: POST /orders returned 500: {"code":"INTERNAL_SERVER_ERROR","message":"Order could not be submitted because the order size is larger than the maximum order size of 10000 for the contract."}
2026-02-08 17:20:52,301 [WARNING] rit_api: POST /orders returned 500: {"code":"INTERNAL_SERVER_ERROR","message":"Order could not be submitted because the order size is larger than the maximum order size of 10000 for the contract."}
2026-02-08 17:21:21,588 [WARNING] rit_api: POST /orders returned 500: {"code":"INTERNAL_SERVER_ERROR","message":"Order could not be submitted because the order size is larger than the maximum order size of 10000 for the contract."}
2026-02-08 17:21:22,421 [WARNING] rit_api: POST /orders returned 500: {"code":"INTERNAL_SERVER_ERROR","message":"Order could not be submitted because the order size is larger than the maximum order size of 10000 for the contract."}
2026-02-08 17:21:23,390 [WARNING] rit_api: POST /orders returned 500: {"code":"INTERNAL_SERVER_ERROR","message":"Order could not be submitted because the order size is larger than the maximum order size of 10000 for the contract."}
2026-02-08 17:21:24,551 [WARNING] rit_api: POST /orders returned 500: {"code":"INTERNAL_SERVER_ERROR","message":"Order could not be submitted because the order size is larger than the maximum order size of 10000 for the contract."}
2026-02-08 17:21:25,389 [WARNING] rit_api: POST /orders returned 500: {"code":"INTERNAL_SERVER_ERROR","message":"Order could not be submitted because the order size is larger than the maximum order size of 10000 for the contract."}
2026-02-08 17:21:26,488 [WARNING] rit_api: POST /orders returned 500: {"code":"INTERNAL_SERVER_ERROR","message":"Order could not be submitted because the order size is larger than the maximum order size of 10000 for the contract."}
2026-02-08 17:21:27,455 [WARNING] rit_api: POST /orders returned 500: {"code":"INTERNAL_SERVER_ERROR","message":"Order could not be submitted because the order size is larger than the maximum order size of 10000 for the contract."}
2026-02-08 17:21:28,425 [WARNING] rit_api: POST /orders returned 500: {"code":"INTERNAL_SERVER_ERROR","message":"Order could not be submitted because the order size is larger than the maximum order size of 10000 for the contract."}
2026-02-08 17:21:30,425 [WARNING] rit_api: POST /orders returned 500: {"code":"INTERNAL_SERVER_ERROR","message":"Order could not be submitted because the order size is larger than the maximum order size of 10000 for the contract."}
2026-02-08 17:21:31,587 [WARNING] rit_api: POST /orders returned 500: {"code":"INTERNAL_SERVER_ERROR","message":"Order could not be submitted because the order size is larger than the maximum order size of 10000 for the contract."}
2026-02-08 17:21:32,430 [WARNING] rit_api: POST /orders returned 500: {"code":"INTERNAL_SERVER_ERROR","message":"Order could not be submitted because the order size is larger than the maximum order size of 10000 for the contract."}
2026-02-08 17:21:33,581 [WARNING] rit_api: POST /orders returned 500: {"code":"INTERNAL_SERVER_ERROR","message":"Order could not be submitted because the order size is larger than the maximum order size of 10000 for the contract."}
2026-02-08 17:21:34,554 [WARNING] rit_api: POST /orders returned 500: {"code":"INTERNAL_SERVER_ERROR","message":"Order could not be submitted because the order size is larger than the maximum order size of 10000 for the contract."}
2026-02-08 17:21:35,568 [WARNING] rit_api: POST /orders returned 500: {"code":"INTERNAL_SERVER_ERROR","message":"Order could not be submitted because the order size is larger than the maximum order size of 10000 for the contract."}
2026-02-08 17:21:36,590 [WARNING] rit_api: POST /orders returned 500: {"code":"INTERNAL_SERVER_ERROR","message":"Order could not be submitted because the order size is larger than the maximum order size of 10000 for the contract."}
2026-02-08 17:21:37,568 [WARNING] rit_api: POST /orders returned 500: {"code":"INTERNAL_SERVER_ERROR","message":"Order could not be submitted because the order size is larger than the maximum order size of 10000 for the contract."}
2026-02-08 17:21:38,585 [WARNING] rit_api: POST /orders returned 500: {"code":"INTERNAL_SERVER_ERROR","message":"Order could not be submitted because the order size is larger than the maximum order size of 10000 for the contract."}
2026-02-08 17:21:39,604 [WARNING] rit_api: POST /orders returned 500: {"code":"INTERNAL_SERVER_ERROR","message":"Order could not be submitted because the order size is larger than the maximum order size of 10000 for the contract."}
2026-02-08 17:21:40,641 [WARNING] rit_api: POST /orders returned 500: {"code":"INTERNAL_SERVER_ERROR","message":"Order could not be submitted because the order size is larger than the maximum order size of 10000 for the contract."}
2026-02-08 17:21:41,527 [WARNING] rit_api: POST /orders returned 500: {"code":"INTERNAL_SERVER_ERROR","message":"Order could not be submitted because the order size is larger than the maximum order size of 10000 for the contract."}
2026-02-08 17:21:42,491 [WARNING] rit_api: POST /orders returned 500: {"code":"INTERNAL_SERVER_ERROR","message":"Order could not be submitted because the order size is larger than the maximum order size of 10000 for the contract."}
2026-02-08 17:21:43,465 [WARNING] rit_api: POST /orders returned 500: {"code":"INTERNAL_SERVER_ERROR","message":"Order could not be submitted because the order size is larger than the maximum order size of 10000 for the contract."}
2026-02-08 17:21:53,637 [WARNING] rit_api: POST /orders returned 500: {"code":"INTERNAL_SERVER_ERROR","message":"Order could not be submitted because the order size is larger than the maximum order size of 10000 for the contract."}
2026-02-08 17:21:57,629 [WARNING] rit_api: POST /orders returned 500: {"code":"INTERNAL_SERVER_ERROR","message":"Order could not be submitted because the order size is larger than the maximum order size of 10000 for the contract."}
2026-02-08 17:21:58,595 [WARNING] rit_api: POST /orders returned 500: {"code":"INTERNAL_SERVER_ERROR","message":"Order could not be submitted because the order size is larger than the maximum order size of 10000 for the contract."}
2026-02-08 17:21:59,622 [WARNING] rit_api: POST /orders returned 500: {"code":"INTERNAL_SERVER_ERROR","message":"Order could not be submitted because the order size is larger than the maximum order size of 10000 for the contract."}
2026-02-08 17:22:00,588 [WARNING] rit_api: POST /orders returned 500: {"code":"INTERNAL_SERVER_ERROR","message":"Order could not be submitted because the order size is larger than the maximum order size of 10000 for the contract."}
2026-02-08 17:22:01,696 [WARNING] rit_api: POST /orders returned 500: {"code":"INTERNAL_SERVER_ERROR","message":"Order could not be submitted because the order size is larger than the maximum order size of 10000 for the contract."}
2026-02-08 17:22:02,712 [WARNING] rit_api: POST /orders returned 500: {"code":"INTERNAL_SERVER_ERROR","message":"Order could not be submitted because the order size is larger than the maximum order size of 10000 for the contract."}
2026-02-08 17:22:03,732 [WARNING] rit_api: POST /orders returned 500: {"code":"INTERNAL_SERVER_ERROR","message":"Order could not be submitted because the order size is larger than the maximum order size of 10000 for the contract."}
2026-02-08 17:22:04,653 [INFO] news_parser: NEWS: Forecast vol next week = 19.0% - 24.0% (mid=21.5%)
2026-02-08 17:22:04,722 [WARNING] rit_api: POST /orders returned 500: {"code":"INTERNAL_SERVER_ERROR","message":"Order could not be submitted because the order size is larger than the maximum order size of 10000 for the contract."}
2026-02-08 17:22:05,894 [INFO] rit_api: MARKET BUY 100 RTM1C51 -> order_id=9546
2026-02-08 17:22:06,061 [INFO] rit_api: MARKET BUY 100 RTM1P51 -> order_id=9549
2026-02-08 17:22:06,177 [INFO] rit_api: MARKET SELL 50 RTM1C52 -> order_id=9551
2026-02-08 17:22:06,291 [INFO] rit_api: MARKET SELL 50 RTM1P52 -> order_id=9553
2026-02-08 17:22:06,422 [WARNING] rit_api: POST /orders returned 500: {"code":"INTERNAL_SERVER_ERROR","message":"Order could not be submitted because the order size is larger than the maximum order size of 10000 for the contract."}
2026-02-08 17:22:06,812 [WARNING] rit_api: POST /orders returned 500: {"code":"INTERNAL_SERVER_ERROR","message":"Order could not be submitted because the order size is larger than the maximum order size of 10000 for the contract."}
2026-02-08 17:22:49,045 [WARNING] rit_api: POST /orders returned 500: {"code":"INTERNAL_SERVER_ERROR","message":"Order could not be submitted because the order size is larger than the maximum order size of 10000 for the contract."}
2026-02-08 17:22:50,073 [WARNING] rit_api: POST /orders returned 500: {"code":"INTERNAL_SERVER_ERROR","message":"Order could not be submitted because the order size is larger than the maximum order size of 10000 for the contract."}
2026-02-08 17:22:50,971 [WARNING] rit_api: POST /orders returned 500: {"code":"INTERNAL_SERVER_ERROR","message":"Order could not be submitted because the order size is larger than the maximum order size of 10000 for the contract."}
2026-02-08 17:22:51,936 [WARNING] rit_api: POST /orders returned 500: {"code":"INTERNAL_SERVER_ERROR","message":"Order could not be submitted because the order size is larger than the maximum order size of 10000 for the contract."}
2026-02-08 17:22:52,966 [WARNING] rit_api: POST /orders returned 500: {"code":"INTERNAL_SERVER_ERROR","message":"Order could not be submitted because the order size is larger than the maximum order size of 10000 for the contract."}
2026-02-08 17:22:53,933 [WARNING] rit_api: POST /orders returned 500: {"code":"INTERNAL_SERVER_ERROR","message":"Order could not be submitted because the order size is larger than the maximum order size of 10000 for the contract."}
2026-02-08 17:22:55,937 [WARNING] rit_api: POST /orders returned 500: {"code":"INTERNAL_SERVER_ERROR","message":"Order could not be submitted because the order size is larger than the maximum order size of 10000 for the contract."}
2026-02-08 17:22:57,086 [WARNING] rit_api: POST /orders returned 500: {"code":"INTERNAL_SERVER_ERROR","message":"Order could not be submitted because the order size is larger than the maximum order size of 10000 for the contract."}
2026-02-08 17:23:06,053 [WARNING] rit_api: POST /orders returned 500: {"code":"INTERNAL_SERVER_ERROR","message":"Order could not be submitted because the order size is larger than the maximum order size of 10000 for the contract."}
2026-02-08 17:23:07,037 [WARNING] rit_api: POST /orders returned 500: {"code":"INTERNAL_SERVER_ERROR","message":"Order could not be submitted because the order size is larger than the maximum order size of 10000 for the contract."}
2026-02-08 17:23:08,006 [WARNING] rit_api: POST /orders returned 500: {"code":"INTERNAL_SERVER_ERROR","message":"Order could not be submitted because the order size is larger than the maximum order size of 10000 for the contract."}
2026-02-08 17:24:44,386 [INFO] news_parser: NEWS: Delta limit = 14000
2026-02-08 17:24:44,387 [INFO] news_parser: NEWS: Penalty rate = 1.00%
2026-02-08 17:24:45,405 [INFO] rit_api: MARKET BUY 50 RTM1C50 -> order_id=89
2026-02-08 17:24:45,464 [INFO] rit_api: MARKET BUY 50 RTM1P50 -> order_id=92
