2026-02-16 12:20:31,736 - __main__ - INFO - Starting Merger Arbitrage Data Collector...
2026-02-16 12:20:31,736 - __main__ - INFO - API Key: ******VCES
2026-02-16 12:20:31,736 - data_collector - INFO - ============================================================
2026-02-16 12:20:31,737 - data_collector - INFO - MERGER ARBITRAGE Data Collector Starting (OPTIMIZED)
2026-02-16 12:20:31,737 - data_collector - INFO - ============================================================
2026-02-16 12:20:31,737 - data_collector - INFO - Collector ID: MSI_ltyih_d764f96a
2026-02-16 12:20:31,737 - data_collector - INFO - Poll interval: 0.5s | Threads: 6
2026-02-16 12:20:31,737 - data_collector - INFO - Deals monitored: 5
2026-02-16 12:20:31,737 - data_collector - INFO -   D1: TGX/PHR (all-cash) p0=70%
2026-02-16 12:20:31,737 - data_collector - INFO -   D2: BYL/CLD (stock-for-stock) p0=55%
2026-02-16 12:20:31,737 - data_collector - INFO -   D3: GGD/PNR (mixed) p0=50%
2026-02-16 12:20:31,737 - data_collector - INFO -   D4: FSR/ATB (all-cash) p0=38%
2026-02-16 12:20:31,737 - data_collector - INFO -   D5: SPK/EEC (stock-for-stock) p0=45%
2026-02-16 12:20:31,737 - data_collector - INFO - ============================================================
2026-02-16 12:20:31,737 - data_collector - INFO - Waiting for RIT Client connection...
2026-02-16 12:20:31,739 - urllib3.connectionpool - DEBUG - Starting new HTTP connection (1): localhost:9998
2026-02-16 12:20:35,832 - rit_client - INFO - Attempting to reconnect...
2026-02-16 12:20:38,844 - urllib3.connectionpool - DEBUG - Starting new HTTP connection (2): localhost:9998
2026-02-16 12:20:45,931 - urllib3.connectionpool - DEBUG - Starting new HTTP connection (3): localhost:9998
2026-02-16 12:20:50,026 - data_collector - INFO - Shutdown signal received, stopping collector...
2026-02-16 12:20:50,267 - data_collector - INFO - Shutdown signal received, stopping collector...
2026-02-16 12:20:53,028 - urllib3.connectionpool - DEBUG - Starting new HTTP connection (4): localhost:9998
2026-02-16 12:21:00,098 - urllib3.connectionpool - DEBUG - Starting new HTTP connection (5): localhost:9998
2026-02-16 12:21:07,158 - urllib3.connectionpool - DEBUG - Starting new HTTP connection (6): localhost:9998
2026-02-16 12:21:19,237 - data_collector - INFO - Waiting for RIT Client to be ready...
2026-02-16 12:21:21,869 - data_collector - INFO - Shutdown signal received, stopping collector...
2026-02-16 12:21:22,867 - data_collector - INFO - Shutdown signal received, stopping collector...
2026-02-16 12:21:23,131 - data_collector - INFO - Shutdown signal received, stopping collector...
2026-02-16 12:21:23,308 - data_collector - INFO - Shutdown signal received, stopping collector...
2026-02-16 12:21:23,466 - data_collector - INFO - Shutdown signal received, stopping collector...
2026-02-16 12:21:23,617 - data_collector - INFO - Shutdown signal received, stopping collector...
2026-02-16 12:21:23,764 - data_collector - INFO - Shutdown signal received, stopping collector...
2026-02-16 12:21:23,925 - data_collector - INFO - Shutdown signal received, stopping collector...
2026-02-16 12:21:24,078 - data_collector - INFO - Shutdown signal received, stopping collector...
2026-02-16 12:21:24,219 - data_collector - INFO - Shutdown signal received, stopping collector...
2026-02-16 12:21:24,238 - __main__ - INFO - Collector stopped gracefully
2026-02-16 12:21:24,238 - __main__ - INFO - Merger Arbitrage data collector finished.
2026-02-16 12:21:27,559 - __main__ - INFO - Starting Merger Arbitrage Data Collector...
2026-02-16 12:21:27,560 - __main__ - INFO - API Key: ****YHVC
2026-02-16 12:21:27,560 - data_collector - INFO - ============================================================
2026-02-16 12:21:27,560 - data_collector - INFO - MERGER ARBITRAGE Data Collector Starting (OPTIMIZED)
2026-02-16 12:21:27,560 - data_collector - INFO - ============================================================
2026-02-16 12:21:27,560 - data_collector - INFO - Collector ID: MSI_ltyih_ddfb4807
2026-02-16 12:21:27,560 - data_collector - INFO - Poll interval: 0.5s | Threads: 6
2026-02-16 12:21:27,560 - data_collector - INFO - Deals monitored: 5
2026-02-16 12:21:27,560 - data_collector - INFO -   D1: TGX/PHR (all-cash) p0=70%
2026-02-16 12:21:27,561 - data_collector - INFO -   D2: BYL/CLD (stock-for-stock) p0=55%
2026-02-16 12:21:27,561 - data_collector - INFO -   D3: GGD/PNR (mixed) p0=50%
2026-02-16 12:21:27,561 - data_collector - INFO -   D4: FSR/ATB (all-cash) p0=38%
2026-02-16 12:21:27,561 - data_collector - INFO -   D5: SPK/EEC (stock-for-stock) p0=45%
2026-02-16 12:21:27,561 - data_collector - INFO - ============================================================
2026-02-16 12:21:27,561 - data_collector - INFO - Waiting for RIT Client connection...
2026-02-16 12:21:27,562 - urllib3.connectionpool - DEBUG - Starting new HTTP connection (1): localhost:9999
2026-02-16 12:21:27,566 - urllib3.connectionpool - DEBUG - http://localhost:9999 "GET /v1/case HTTP/1.1" 200 166
2026-02-16 12:21:27,566 - data_collector - INFO - Connected! Starting data collection...
2026-02-16 12:21:27,567 - urllib3.connectionpool - DEBUG - http://localhost:9999 "GET /v1/case HTTP/1.1" 200 166
2026-02-16 12:21:28,068 - urllib3.connectionpool - DEBUG - http://localhost:9999 "GET /v1/case HTTP/1.1" 200 166
2026-02-16 12:21:28,569 - urllib3.connectionpool - DEBUG - http://localhost:9999 "GET /v1/case HTTP/1.1" 200 166
2026-02-16 12:21:29,069 - urllib3.connectionpool - DEBUG - http://localhost:9999 "GET /v1/case HTTP/1.1" 200 166
2026-02-16 12:21:29,569 - urllib3.connectionpool - DEBUG - http://localhost:9999 "GET /v1/case HTTP/1.1" 200 166
2026-02-16 12:21:30,070 - urllib3.connectionpool - DEBUG - http://localhost:9999 "GET /v1/case HTTP/1.1" 200 166
2026-02-16 12:21:30,570 - urllib3.connectionpool - DEBUG - http://localhost:9999 "GET /v1/case HTTP/1.1" 200 166
2026-02-16 12:21:31,070 - urllib3.connectionpool - DEBUG - http://localhost:9999 "GET /v1/case HTTP/1.1" 200 166
2026-02-16 12:21:31,570 - urllib3.connectionpool - DEBUG - http://localhost:9999 "GET /v1/case HTTP/1.1" 200 166
2026-02-16 12:21:32,071 - urllib3.connectionpool - DEBUG - http://localhost:9999 "GET /v1/case HTTP/1.1" 200 166
2026-02-16 12:21:32,072 - data_collector - INFO - Case status: STOPPED, waiting...
2026-02-16 12:21:32,572 - urllib3.connectionpool - DEBUG - http://localhost:9999 "GET /v1/case HTTP/1.1" 200 166
2026-02-16 12:21:33,072 - urllib3.connectionpool - DEBUG - http://localhost:9999 "GET /v1/case HTTP/1.1" 200 166
2026-02-16 12:21:33,572 - urllib3.connectionpool - DEBUG - http://localhost:9999 "GET /v1/case HTTP/1.1" 200 166
2026-02-16 12:21:34,073 - urllib3.connectionpool - DEBUG - http://localhost:9999 "GET /v1/case HTTP/1.1" 200 166
2026-02-16 12:21:34,573 - urllib3.connectionpool - DEBUG - http://localhost:9999 "GET /v1/case HTTP/1.1" 200 166
2026-02-16 12:21:34,838 - data_collector - INFO - Shutdown signal received, stopping collector...
2026-02-16 12:21:35,072 - data_collector - INFO - Shutting down data collector...
2026-02-16 12:21:35,072 - data_collector - INFO - [Tick 0 P1] Runtime=0:00:07 AvgCycle=2ms Ticks=0
2026-02-16 12:21:35,072 - data_collector - INFO -   Polls=15 Books=0 Spreads=0 News=0/0 Prob=0 Err=0
2026-02-16 12:21:35,072 - data_collector - INFO - Data collector stopped.
2026-02-16 12:21:35,073 - __main__ - INFO - Collector stopped gracefully
2026-02-16 12:21:35,073 - __main__ - INFO - Merger Arbitrage data collector finished.
