2026-02-15 10:25:01,232 [PRINT] Logging to: C:\Users\Kanish Khanna\OneDrive - UBC\Desktop\RITC\RITC-2026\Algo_case_Kanish\algo_mm_20260215_102501.log

2026-02-15 10:25:01,234 [PRINT] Waiting for RIT connection...
2026-02-15 10:25:01,259 [PRINT] Connected to RIT.
2026-02-15 10:25:01,267 [PRINT] Trader: UBCT-4 | First:  | NLV: $7,310.90
2026-02-15 10:25:01,267 [PRINT] 
Bot ready. Waiting for heats...

2026-02-15 10:25:01,267 [PRINT] ----------------------------------------------------------------------
2026-02-15 10:25:01,276 [PRINT] Case status: STOPPED - waiting for ACTIVE...
2026-02-15 10:25:01,280 [PRINT] Case stopped. Waiting for next heat...
2026-02-15 10:25:03,285 [PRINT] Case status: STOPPED - waiting for ACTIVE...
2026-02-15 10:25:03,302 [PRINT] Case stopped. Waiting for next heat...
2026-02-15 10:25:05,307 [PRINT] Case status: STOPPED - waiting for ACTIVE...
2026-02-15 10:25:05,311 [PRINT] Case stopped. Waiting for next heat...
2026-02-15 10:25:07,314 [PRINT] Case status: STOPPED - waiting for ACTIVE...
2026-02-15 10:25:07,317 [PRINT] Case stopped. Waiting for next heat...
2026-02-15 10:25:09,322 [PRINT] Case status: STOPPED - waiting for ACTIVE...
2026-02-15 10:25:09,325 [PRINT] Case stopped. Waiting for next heat...
2026-02-15 10:25:11,328 [PRINT] Case status: STOPPED - waiting for ACTIVE...
2026-02-15 10:25:11,332 [PRINT] Case stopped. Waiting for next heat...
2026-02-15 10:25:13,333 [PRINT] Case status: STOPPED - waiting for ACTIVE...
2026-02-15 10:25:13,339 [PRINT] Case stopped. Waiting for next heat...
2026-02-15 10:25:15,342 [PRINT] Case status: STOPPED - waiting for ACTIVE...
2026-02-15 10:25:15,346 [PRINT] Case stopped. Waiting for next heat...
2026-02-15 10:25:17,350 [PRINT] Case status: STOPPED - waiting for ACTIVE...
2026-02-15 10:25:17,354 [PRINT] Case stopped. Waiting for next heat...
2026-02-15 10:25:19,357 [PRINT] Case status: STOPPED - waiting for ACTIVE...
2026-02-15 10:25:19,357 [PRINT] Case stopped. Waiting for next heat...
2026-02-15 10:25:21,365 [PRINT] Case status: STOPPED - waiting for ACTIVE...
2026-02-15 10:25:21,368 [PRINT] Case stopped. Waiting for next heat...
2026-02-15 10:25:23,370 [PRINT] Case status: STOPPED - waiting for ACTIVE...
2026-02-15 10:25:23,375 [PRINT] Case stopped. Waiting for next heat...
2026-02-15 10:25:25,376 [PRINT] Case status: STOPPED - waiting for ACTIVE...
2026-02-15 10:25:25,382 [PRINT] Case stopped. Waiting for next heat...
2026-02-15 10:25:27,389 [PRINT] Case status: STOPPED - waiting for ACTIVE...
2026-02-15 10:25:27,393 [PRINT] Case stopped. Waiting for next heat...
2026-02-15 10:25:29,398 [PRINT] Case status: STOPPED - waiting for ACTIVE...
2026-02-15 10:25:29,402 [PRINT] Case stopped. Waiting for next heat...
2026-02-15 10:25:31,403 [PRINT] Case status: STOPPED - waiting for ACTIVE...
2026-02-15 10:25:31,409 [PRINT] Case stopped. Waiting for next heat...
2026-02-15 10:25:33,415 [PRINT] Case status: STOPPED - waiting for ACTIVE...
2026-02-15 10:25:33,418 [PRINT] Case stopped. Waiting for next heat...
2026-02-15 10:25:35,423 [PRINT] Case status: STOPPED - waiting for ACTIVE...
2026-02-15 10:25:35,428 [PRINT] Case stopped. Waiting for next heat...
2026-02-15 10:25:37,434 [PRINT] 
============================================================
2026-02-15 10:25:37,434 [PRINT]   HEAT 1 - V8 PASSIVE-FIRST REBATE FARMING
2026-02-15 10:25:37,434 [PRINT]   Stocks: WNTR, SMMR, ATMN, SPNG
2026-02-15 10:25:37,434 [PRINT]   Start NLV: $0.00
2026-02-15 10:25:37,434 [PRINT]   Rebates: WNTR=$0.045 | SMMR=$0.04 | ATMN=$0.035 | SPNG=$0.03
2026-02-15 10:25:37,434 [PRINT] ============================================================

2026-02-15 10:25:37,434 [PRINT] 
  Starting V8 Passive-First Market Making...
2026-02-15 10:25:37,434 [PRINT]   Start NLV: $0.00
2026-02-15 10:25:37,450 [PRINT]   Aggregate limit: 50000
2026-02-15 10:25:37,450 [PRINT]   Gross limit: 50000, Net limit: 30000
2026-02-15 10:25:37,450 [PRINT]   Rebates: WNTR=$0.045 | SMMR=$0.04 | ATMN=$0.035 | SPNG=$0.03
2026-02-15 10:25:37,450 [PRINT]   Spreads: WNTR=$0.04 | SMMR=$0.04 | ATMN=$0.05 | SPNG=$0.06
2026-02-15 10:25:37,450 [PRINT]   Sizes: WNTR=1500 | SMMR=1200 | ATMN=1000 | SPNG=800
2026-02-15 10:25:38,414 [PRINT]   [T=  0/300] D1 s 0 | PnL=$     +0.00 | Agg=0/50000 (0%) | WNTR:+0 | SMMR:+0 | ATMN:+0 | SPNG:+0 | Vol:W:M S:M A:M S:M | Fills:0 Cancels:4 Ord:8
2026-02-15 10:25:42,458 [PRINT]   [T=  5/300] D1 s 5 | PnL=$     +0.00 | Agg=1275/50000 (3%) | WNTR:-375 | SMMR:+0 | ATMN:+500 | SPNG:-400 | Vol:W:H S:H A:H S:H | Fills:5925 Cancels:18 Ord:36
2026-02-15 10:25:47,129 [PRINT]   [T= 10/300] D1 s10 | PnL=$     +0.00 | Agg=2625/50000 (5%) | WNTR:-1125 | SMMR:+600 | ATMN:+500 | SPNG:-400 | Vol:W:H S:H A:H S:H | Fills:15475 Cancels:32 Ord:64
2026-02-15 10:25:52,554 [PRINT]   [T= 15/300] D1 s15 | PnL=$     +0.00 | Agg=1875/50000 (4%) | WNTR:-375 | SMMR:+600 | ATMN:+500 | SPNG:+400 | Vol:W:H S:H A:H S:H | Fills:19225 Cancels:46 Ord:92
2026-02-15 10:25:57,152 [PRINT]   [T= 20/300] D1 s20 | PnL=$     +0.00 | Agg=3675/50000 (7%) | WNTR:+1875 | SMMR:-1200 | ATMN:+600 | SPNG:+0 | Vol:W:M S:M A:H S:H | Fills:28675 Cancels:63 Ord:124
2026-02-15 10:26:02,548 [PRINT]   [T= 25/300] D1 s25 | PnL=$     +0.00 | Agg=4750/50000 (10%) | WNTR:+2250 | SMMR:+600 | ATMN:+1100 | SPNG:-800 | Vol:W:H S:H A:H S:H | Fills:39200 Cancels:82 Ord:161
2026-02-15 10:26:07,212 [PRINT]   [T= 30/300] D1 s30 | PnL=$     +0.00 | Agg=3550/50000 (7%) | WNTR:+2550 | SMMR:+0 | ATMN:+600 | SPNG:+400 | Vol:W:H S:H A:H S:H | Fills:46400 Cancels:97 Ord:191
2026-02-15 10:26:12,243 [PRINT]   [T= 35/300] D1 s35 | PnL=$     +0.00 | Agg=2750/50000 (6%) | WNTR:-450 | SMMR:+1800 | ATMN:+100 | SPNG:-400 | Vol:W:M S:M A:H S:H | Fills:58700 Cancels:112 Ord:221
2026-02-15 10:26:17,231 [PRINT]   [T= 40/300] D1 s40 | PnL=$     +0.00 | Agg=1439/50000 (3%) | WNTR:+300 | SMMR:+539 | ATMN:+600 | SPNG:+0 | Vol:W:H S:M A:H S:H | Fills:67083 Cancels:126 Ord:250
2026-02-15 10:26:22,296 [PRINT]   [T= 45/300] D1 s45 | PnL=$     +0.00 | Agg=3009/50000 (6%) | WNTR:-450 | SMMR:+1559 | ATMN:+600 | SPNG:-400 | Vol:W:M S:M A:H S:H | Fills:76143 Cancels:141 Ord:280
2026-02-15 10:26:27,127 [PRINT]   [T= 50/300] D1 s50 | PnL=$     +0.00 | Agg=4442/50000 (9%) | WNTR:+2250 | SMMR:-1292 | ATMN:+100 | SPNG:-800 | Vol:W:M S:M A:H S:H | Fills:84994 Cancels:152 Ord:301
2026-02-15 10:26:30,997 [PRINT]     [PRE-CLOSE] T=54 s=54 - Cancelled all orders
2026-02-15 10:26:37,724 [PRINT]   [T= 60/300] D2 s 0 | PnL=$     +0.00 | Agg=2167/11000 (20%) | WNTR:+875 | SMMR:-392 | ATMN:+100 | SPNG:-800 | Vol:W:M S:H A:H S:H | Fills:89769 Cancels:167 Ord:332
2026-02-15 10:26:42,603 [PRINT]   [T= 65/300] D2 s 5 | PnL=$     +0.00 | Agg=1430/50000 (3%) | WNTR:+538 | SMMR:-292 | ATMN:+0 | SPNG:-600 | Vol:W:H S:H A:H S:H | Fills:92016 Cancels:182 Ord:362
2026-02-15 10:26:47,789 [PRINT]   [T= 70/300] D2 s10 | PnL=$     +0.00 | Agg=2210/50000 (4%) | WNTR:+538 | SMMR:-292 | ATMN:-1300 | SPNG:+80 | Vol:W:H S:H A:H S:H | Fills:100336 Cancels:202 Ord:400
2026-02-15 10:26:52,458 [PRINT]   [T= 75/300] D2 s15 | PnL=$     +0.00 | Agg=1894/50000 (4%) | WNTR:-962 | SMMR:-292 | ATMN:-560 | SPNG:+80 | Vol:W:H S:M A:H S:H | Fills:108076 Cancels:215 Ord:424
2026-02-15 10:26:57,851 [PRINT]   [T= 80/300] D2 s20 | PnL=$     +0.00 | Agg=2682/50000 (5%) | WNTR:+538 | SMMR:-292 | ATMN:-1372 | SPNG:+480 | Vol:W:H S:M A:H S:H | Fills:117664 Cancels:231 Ord:454
2026-02-15 10:27:02,914 [PRINT]   [T= 85/300] D2 s25 | PnL=$     +0.00 | Agg=2780/50000 (6%) | WNTR:+925 | SMMR:-292 | ATMN:+78 | SPNG:+1485 | Vol:W:H S:M A:H S:H | Fills:125522 Cancels:250 Ord:487
2026-02-15 10:27:07,818 [PRINT]   [T= 90/300] D2 s30 | PnL=$     +0.00 | Agg=2924/50000 (6%) | WNTR:+175 | SMMR:-292 | ATMN:-922 | SPNG:+1535 | Vol:W:H S:H A:H S:H | Fills:132822 Cancels:263 Ord:510
2026-02-15 10:27:12,886 [PRINT]   [T= 95/300] D2 s35 | PnL=$     +0.00 | Agg=3816/50000 (8%) | WNTR:-575 | SMMR:-292 | ATMN:-1422 | SPNG:+1527 | Vol:W:H S:M A:H S:H | Fills:142480 Cancels:280 Ord:540
2026-02-15 10:27:17,889 [PRINT]   [T=100/300] D2 s40 | PnL=$     +0.00 | Agg=3486/50000 (7%) | WNTR:+175 | SMMR:-1492 | ATMN:-1207 | SPNG:+612 | Vol:W:H S:M A:H S:H | Fills:152860 Cancels:298 Ord:572
2026-02-15 10:27:23,069 [PRINT]   [T=105/300] D2 s45 | PnL=$     +0.00 | Agg=2901/50000 (6%) | WNTR:-973 | SMMR:-1009 | ATMN:-707 | SPNG:+212 | Vol:W:H S:H A:H S:H | Fills:159861 Cancels:314 Ord:603
2026-02-15 10:27:27,886 [PRINT]   [T=110/300] D2 s50 | PnL=$     +0.00 | Agg=3127/50000 (6%) | WNTR:-1723 | SMMR:-1009 | ATMN:-207 | SPNG:-188 | Vol:W:H S:H A:H S:H | Fills:169011 Cancels:331 Ord:636
2026-02-15 10:27:31,358 [PRINT]     [PRE-CLOSE] T=114 s=54 - Cancelled all orders
2026-02-15 10:27:38,107 [PRINT]   [T=120/300] D3 s 0 | PnL=$     +0.00 | Agg=2753/11000 (25%) | WNTR:-1339 | SMMR:-709 | ATMN:+293 | SPNG:+412 | Vol:W:H S:H A:H S:H | Fills:171795 Cancels:343 Ord:657
2026-02-15 10:27:42,932 [PRINT]   [T=125/300] D3 s 5 | PnL=$     +0.00 | Agg=2190/50000 (4%) | WNTR:-902 | SMMR:-1089 | ATMN:-7 | SPNG:+192 | Vol:W:H S:H A:H S:H | Fills:173532 Cancels:359 Ord:689
2026-02-15 10:27:48,181 [PRINT]   [T=130/300] D3 s10 | PnL=$     +0.00 | Agg=3125/50000 (6%) | WNTR:-1106 | SMMR:+711 | ATMN:+493 | SPNG:+815 | Vol:W:H S:H A:H S:H | Fills:181105 Cancels:375 Ord:719
2026-02-15 10:27:52,852 [PRINT]   [T=135/300] D3 s15 | PnL=$     +0.00 | Agg=1038/50000 (2%) | WNTR:-356 | SMMR:-174 | ATMN:+493 | SPNG:+15 | Vol:W:M S:H A:H S:H | Fills:187940 Cancels:389 Ord:746
2026-02-15 10:27:58,011 [PRINT]   [T=140/300] D3 s20 | PnL=$     +0.00 | Agg=1698/50000 (3%) | WNTR:+394 | SMMR:+426 | ATMN:+493 | SPNG:-385 | Vol:W:M S:H A:H S:H | Fills:200190 Cancels:407 Ord:782
2026-02-15 10:28:03,060 [PRINT]   [T=145/300] D3 s25 | PnL=$     +0.00 | Agg=2802/50000 (6%) | WNTR:-2606 | SMMR:-174 | ATMN:-7 | SPNG:+15 | Vol:W:H S:M A:H S:H | Fills:207890 Cancels:421 Ord:810
2026-02-15 10:28:08,070 [PRINT]   [T=150/300] D3 s30 | PnL=$     +0.00 | Agg=2008/50000 (4%) | WNTR:-956 | SMMR:-174 | ATMN:+493 | SPNG:-385 | Vol:W:H S:L A:H S:H | Fills:217640 Cancels:432 Ord:832
2026-02-15 10:28:13,338 [PRINT]   [T=155/300] D3 s35 | PnL=$     +0.00 | Agg=3390/50000 (7%) | WNTR:-956 | SMMR:+1026 | ATMN:+993 | SPNG:+415 | Vol:W:H S:M A:H S:H | Fills:228340 Cancels:448 Ord:864
2026-02-15 10:28:18,268 [PRINT]   [T=160/300] D3 s40 | PnL=$     +0.00 | Agg=2857/50000 (6%) | WNTR:+544 | SMMR:+606 | ATMN:+1292 | SPNG:+415 | Vol:W:H S:H A:H S:H | Fills:239661 Cancels:466 Ord:898
2026-02-15 10:28:22,944 [PRINT]   [T=165/300] D3 s45 | PnL=$     +0.00 | Agg=1266/50000 (3%) | WNTR:-206 | SMMR:-594 | ATMN:+51 | SPNG:+415 | Vol:W:H S:H A:H S:H | Fills:248352 Cancels:483 Ord:931
2026-02-15 10:28:28,299 [PRINT]   [T=170/300] D3 s50 | PnL=$     +0.00 | Agg=4124/50000 (8%) | WNTR:+1294 | SMMR:-2394 | ATMN:+51 | SPNG:-385 | Vol:W:M S:H A:H S:H | Fills:259152 Cancels:498 Ord:959
2026-02-15 10:28:31,659 [PRINT]     [PRE-CLOSE] T=174 s=54 - Cancelled all orders
2026-02-15 10:28:38,329 [PRINT]   [T=180/300] D4 s 0 | PnL=$     +0.00 | Agg=2870/11000 (26%) | WNTR:+1529 | SMMR:-775 | ATMN:+551 | SPNG:+15 | Vol:W:H S:M A:H S:H | Fills:262158 Cancels:513 Ord:985
2026-02-15 10:28:43,183 [PRINT]   [T=185/300] D4 s 5 | PnL=$     +0.00 | Agg=2155/50000 (4%) | WNTR:+1354 | SMMR:-35 | ATMN:+651 | SPNG:+115 | Vol:W:H S:H A:H S:H | Fills:264663 Cancels:532 Ord:1019
2026-02-15 10:28:48,079 [PRINT]   [T=190/300] D4 s10 | PnL=$     +0.00 | Agg=1970/50000 (4%) | WNTR:+1319 | SMMR:+385 | ATMN:+151 | SPNG:+115 | Vol:W:H S:H A:H S:H | Fills:272278 Cancels:547 Ord:1046
2026-02-15 10:28:53,541 [PRINT]   [T=195/300] D4 s15 | PnL=$     +0.00 | Agg=1294/50000 (3%) | WNTR:+215 | SMMR:-215 | ATMN:-349 | SPNG:+515 | Vol:W:H S:H A:H S:H | Fills:280382 Cancels:564 Ord:1080
2026-02-15 10:28:58,346 [PRINT]   [T=200/300] D4 s20 | PnL=$     +0.00 | Agg=1064/50000 (2%) | WNTR:+215 | SMMR:+385 | ATMN:-349 | SPNG:+115 | Vol:W:H S:H A:H S:H | Fills:287682 Cancels:581 Ord:1114
2026-02-15 10:29:03,358 [PRINT]   [T=205/300] D4 s25 | PnL=$     +0.00 | Agg=1784/50000 (4%) | WNTR:-535 | SMMR:-215 | ATMN:-349 | SPNG:-685 | Vol:W:H S:H A:H S:H | Fills:295732 Cancels:596 Ord:1144
2026-02-15 10:29:08,183 [PRINT]   [T=210/300] D4 s30 | PnL=$     +0.00 | Agg=3701/50000 (7%) | WNTR:-1285 | SMMR:-1750 | ATMN:+151 | SPNG:+515 | Vol:W:H S:H A:H S:H | Fills:306047 Cancels:614 Ord:1178
2026-02-15 10:29:13,362 [PRINT]   [T=215/300] D4 s35 | PnL=$     +0.00 | Agg=2507/50000 (5%) | WNTR:-171 | SMMR:-1570 | ATMN:+651 | SPNG:+115 | Vol:W:H S:H A:H S:H | Fills:313141 Cancels:629 Ord:1206
2026-02-15 10:29:18,628 [PRINT]   [T=220/300] D4 s40 | PnL=$     +0.00 | Agg=3649/50000 (7%) | WNTR:+1329 | SMMR:-1186 | ATMN:-849 | SPNG:-285 | Vol:W:H S:M A:H S:H | Fills:321331 Cancels:647 Ord:1241
2026-02-15 10:29:23,409 [PRINT]   [T=225/300] D4 s45 | PnL=$     +0.00 | Agg=4097/50000 (8%) | WNTR:+1197 | SMMR:-2266 | ATMN:-349 | SPNG:-285 | Vol:W:H S:H A:H S:H | Fills:327383 Cancels:663 Ord:1270
2026-02-15 10:29:28,506 [PRINT]   [T=230/300] D4 s50 | PnL=$     +0.00 | Agg=1566/50000 (3%) | WNTR:+447 | SMMR:-155 | ATMN:-849 | SPNG:+115 | Vol:W:M S:M A:H S:H | Fills:333944 Cancels:676 Ord:1296
2026-02-15 10:29:31,989 [PRINT]     [PRE-CLOSE] T=234 s=54 - Cancelled all orders
2026-02-15 10:29:38,929 [PRINT]   [T=240/300] D5 s 0 | PnL=$     +0.00 | Agg=2151/11000 (20%) | WNTR:+822 | SMMR:+445 | ATMN:-599 | SPNG:-285 | Vol:W:H S:H A:H S:H | Fills:340269 Cancels:690 Ord:1324
2026-02-15 10:29:43,422 [PRINT]   [T=245/300] D5 s 5 | PnL=$     +0.00 | Agg=1213/50000 (2%) | WNTR:+484 | SMMR:-215 | ATMN:-449 | SPNG:-65 | Vol:W:H S:H A:H S:H | Fills:342161 Cancels:706 Ord:1356
2026-02-15 10:29:48,640 [PRINT]   [T=250/300] D5 s10 | PnL=$     +0.00 | Agg=985/50000 (2%) | WNTR:+484 | SMMR:+385 | ATMN:+51 | SPNG:-65 | Vol:W:H S:H A:H S:H | Fills:351061 Cancels:724 Ord:1392
2026-02-15 10:29:53,633 [PRINT]   [T=255/300] D5 s15 | PnL=$     +0.00 | Agg=1450/50000 (3%) | WNTR:+721 | SMMR:-215 | ATMN:-449 | SPNG:-65 | Vol:W:H S:H A:H S:H | Fills:360124 Cancels:740 Ord:1424
2026-02-15 10:29:58,708 [PRINT]   [T=260/300] D5 s20 | PnL=$     +0.00 | Agg=2700/50000 (5%) | WNTR:+1471 | SMMR:-215 | ATMN:-949 | SPNG:-65 | Vol:W:M S:H A:H S:H | Fills:368174 Cancels:756 Ord:1456
2026-02-15 10:30:03,682 [PRINT]   [T=265/300] D5 s25 | PnL=$     +0.00 | Agg=4445/50000 (9%) | WNTR:-2146 | SMMR:+985 | ATMN:-449 | SPNG:-865 | Vol:W:H S:H A:H S:H | Fills:378291 Cancels:773 Ord:1490
2026-02-15 10:30:08,917 [PRINT]   [T=270/300] D5 s30 | PnL=$     +0.00 | Agg=2006/50000 (4%) | WNTR:-875 | SMMR:-215 | ATMN:+51 | SPNG:-865 | Vol:W:M S:H A:H S:H | Fills:386862 Cancels:789 Ord:1523
2026-02-15 10:30:13,746 [PRINT]   [T=275/300] D5 s35 | PnL=$     +0.00 | Agg=3904/50000 (8%) | WNTR:-2375 | SMMR:-215 | ATMN:-449 | SPNG:-865 | Vol:W:M S:H A:H S:H | Fills:398662 Cancels:808 Ord:1561
2026-02-15 10:30:18,801 [PRINT]   [T=280/300] D5 s40 | PnL=$     +0.00 | Agg=2104/50000 (4%) | WNTR:-875 | SMMR:-315 | ATMN:-449 | SPNG:-465 | Vol:W:M S:H A:H S:H | Fills:404462 Cancels:824 Ord:1593
2026-02-15 10:30:23,714 [PRINT]   [T=285/300] D5 s45 | PnL=$     +0.00 | Agg=4144/50000 (8%) | WNTR:-875 | SMMR:+1485 | ATMN:-1449 | SPNG:+335 | Vol:W:M S:H A:H S:H | Fills:415862 Cancels:839 Ord:1621
2026-02-15 10:30:29,043 [PRINT]   [T=290/300] D5 s50 | PnL=$     +0.00 | Agg=2510/50000 (5%) | WNTR:-875 | SMMR:+561 | ATMN:-739 | SPNG:+335 | Vol:W:H S:H A:H S:H | Fills:424796 Cancels:856 Ord:1654
2026-02-15 10:30:32,313 [PRINT]     [PRE-CLOSE] T=294 s=54 - Cancelled all orders
2026-02-15 10:30:38,462 [PRINT] 
  Heat ended at tick 300
2026-02-15 10:30:38,691 [PRINT] 
  Heat 1 ended.
2026-02-15 10:30:38,692 [PRINT]   P&L: $+2,740.85
2026-02-15 10:30:38,693 [PRINT]   Orders placed: 1670
2026-02-15 10:30:38,693 [PRINT]   Orders cancelled: 864
2026-02-15 10:30:38,694 [PRINT]   Market orders: 0
2026-02-15 10:30:38,694 [PRINT]   Total fill volume: 427,596 shares
2026-02-15 10:30:38,695 [PRINT] 
  --- HEAT HISTORY ---
2026-02-15 10:30:38,695 [PRINT]   H 1: P&L $ +2,740.85 (Ord: 1670, Mkt: 0, Fills: 427,596, Cancels: 864)
2026-02-15 10:30:38,696 [PRINT]   --------------------------------------------------
2026-02-15 10:30:38,696 [PRINT]   Total: $+2,740.85
2026-02-15 10:30:38,697 [PRINT] ============================================================

2026-02-15 10:30:41,701 [PRINT] Case status: STOPPED - waiting for ACTIVE...
2026-02-15 10:30:41,705 [PRINT] Case stopped. Waiting for next heat...
2026-02-15 10:30:43,708 [PRINT] Case status: STOPPED - waiting for ACTIVE...
2026-02-15 10:30:43,712 [PRINT] Case stopped. Waiting for next heat...
2026-02-15 10:30:45,716 [PRINT] Case status: STOPPED - waiting for ACTIVE...
2026-02-15 10:30:45,719 [PRINT] Case stopped. Waiting for next heat...
2026-02-15 10:30:47,723 [PRINT] Case status: STOPPED - waiting for ACTIVE...
2026-02-15 10:30:47,726 [PRINT] Case stopped. Waiting for next heat...
2026-02-15 10:30:49,727 [PRINT] Case status: STOPPED - waiting for ACTIVE...
2026-02-15 10:30:49,734 [PRINT] Case stopped. Waiting for next heat...
2026-02-15 10:30:51,740 [PRINT] Case status: STOPPED - waiting for ACTIVE...
2026-02-15 10:30:51,742 [PRINT] Case stopped. Waiting for next heat...
2026-02-15 10:30:53,749 [PRINT] Case status: STOPPED - waiting for ACTIVE...
2026-02-15 10:30:53,753 [PRINT] Case stopped. Waiting for next heat...
2026-02-15 10:30:55,754 [PRINT] Case status: STOPPED - waiting for ACTIVE...
2026-02-15 10:30:55,762 [PRINT] Case stopped. Waiting for next heat...
2026-02-15 10:30:57,767 [PRINT] Case status: STOPPED - waiting for ACTIVE...
2026-02-15 10:30:57,769 [PRINT] Case stopped. Waiting for next heat...
2026-02-15 10:30:59,774 [PRINT] Case status: STOPPED - waiting for ACTIVE...
2026-02-15 10:30:59,779 [PRINT] Case stopped. Waiting for next heat...
2026-02-15 10:31:01,781 [PRINT] Case status: STOPPED - waiting for ACTIVE...
2026-02-15 10:31:01,787 [PRINT] Case stopped. Waiting for next heat...
2026-02-15 10:31:03,794 [PRINT] Case status: STOPPED - waiting for ACTIVE...
2026-02-15 10:31:03,797 [PRINT] Case stopped. Waiting for next heat...
2026-02-15 10:31:05,802 [PRINT] Case status: STOPPED - waiting for ACTIVE...
2026-02-15 10:31:05,807 [PRINT] Case stopped. Waiting for next heat...
2026-02-15 10:31:07,811 [PRINT] Case status: STOPPED - waiting for ACTIVE...
2026-02-15 10:31:07,816 [PRINT] Case stopped. Waiting for next heat...
2026-02-15 10:31:09,821 [PRINT] Case status: STOPPED - waiting for ACTIVE...
2026-02-15 10:31:09,824 [PRINT] Case stopped. Waiting for next heat...
2026-02-15 10:31:11,828 [PRINT] Case status: STOPPED - waiting for ACTIVE...
2026-02-15 10:31:11,833 [PRINT] Case stopped. Waiting for next heat...
2026-02-15 10:31:13,837 [PRINT] Case status: STOPPED - waiting for ACTIVE...
2026-02-15 10:31:13,841 [PRINT] Case stopped. Waiting for next heat...
2026-02-15 10:31:15,846 [PRINT] Case status: STOPPED - waiting for ACTIVE...
2026-02-15 10:31:15,850 [PRINT] Case stopped. Waiting for next heat...
2026-02-15 10:31:17,854 [PRINT] Case status: STOPPED - waiting for ACTIVE...
2026-02-15 10:31:17,858 [PRINT] Case stopped. Waiting for next heat...
2026-02-15 10:31:19,863 [PRINT] Case status: STOPPED - waiting for ACTIVE...
2026-02-15 10:31:19,867 [PRINT] Case stopped. Waiting for next heat...
2026-02-15 10:31:21,871 [PRINT] Case status: STOPPED - waiting for ACTIVE...
2026-02-15 10:31:21,875 [PRINT] Case stopped. Waiting for next heat...
2026-02-15 10:31:23,881 [PRINT] Case status: STOPPED - waiting for ACTIVE...
2026-02-15 10:31:23,885 [PRINT] Case stopped. Waiting for next heat...
2026-02-15 10:31:25,890 [PRINT] Case status: STOPPED - waiting for ACTIVE...
2026-02-15 10:31:25,893 [PRINT] Case stopped. Waiting for next heat...
2026-02-15 10:31:27,898 [PRINT] Case status: STOPPED - waiting for ACTIVE...
2026-02-15 10:31:27,902 [PRINT] Case stopped. Waiting for next heat...
2026-02-15 10:31:29,907 [PRINT] Case status: STOPPED - waiting for ACTIVE...
2026-02-15 10:31:29,911 [PRINT] Case stopped. Waiting for next heat...
2026-02-15 10:31:31,915 [PRINT] Case status: STOPPED - waiting for ACTIVE...
2026-02-15 10:31:31,919 [PRINT] Case stopped. Waiting for next heat...
2026-02-15 10:31:33,924 [PRINT] Case status: STOPPED - waiting for ACTIVE...
2026-02-15 10:31:33,928 [PRINT] Case stopped. Waiting for next heat...
2026-02-15 10:31:35,932 [PRINT] Case status: STOPPED - waiting for ACTIVE...
2026-02-15 10:31:35,935 [PRINT] Case stopped. Waiting for next heat...
2026-02-15 10:31:37,941 [PRINT] Case status: STOPPED - waiting for ACTIVE...
2026-02-15 10:31:37,941 [PRINT] Case stopped. Waiting for next heat...
2026-02-15 10:31:39,947 [PRINT] Case status: STOPPED - waiting for ACTIVE...
2026-02-15 10:31:39,955 [PRINT] Case stopped. Waiting for next heat...
2026-02-15 10:31:41,977 [PRINT] Case status: STOPPED - waiting for ACTIVE...
2026-02-15 10:31:41,982 [PRINT] Case stopped. Waiting for next heat...
2026-02-15 10:31:43,989 [PRINT] 
============================================================
2026-02-15 10:31:43,990 [PRINT]   HEAT 2 - V8 PASSIVE-FIRST REBATE FARMING
2026-02-15 10:31:43,990 [PRINT]   Stocks: WNTR, SMMR, ATMN, SPNG
2026-02-15 10:31:43,990 [PRINT]   Start NLV: $0.00
2026-02-15 10:31:43,990 [PRINT]   Rebates: WNTR=$0.045 | SMMR=$0.04 | ATMN=$0.035 | SPNG=$0.03
2026-02-15 10:31:43,991 [PRINT] ============================================================

2026-02-15 10:31:43,992 [PRINT] 
  Starting V8 Passive-First Market Making...
2026-02-15 10:31:43,995 [PRINT]   Start NLV: $0.00
2026-02-15 10:31:43,997 [PRINT]   Aggregate limit: 50000
2026-02-15 10:31:43,998 [PRINT]   Gross limit: 50000, Net limit: 30000
2026-02-15 10:31:43,998 [PRINT]   Rebates: WNTR=$0.045 | SMMR=$0.04 | ATMN=$0.035 | SPNG=$0.03
2026-02-15 10:31:43,998 [PRINT]   Spreads: WNTR=$0.04 | SMMR=$0.04 | ATMN=$0.05 | SPNG=$0.06
2026-02-15 10:31:43,998 [PRINT]   Sizes: WNTR=1500 | SMMR=1200 | ATMN=1000 | SPNG=800
2026-02-15 10:31:47,626 [PRINT]   [T=  5/300] D1 s 5 | PnL=$     +0.00 | Agg=5056/50000 (10%) | WNTR:+3000 | SMMR:+600 | ATMN:+0 | SPNG:+1456 | Vol:W:L S:M A:H S:H | Fills:6344 Cancels:13 Ord:23
2026-02-15 10:31:52,920 [PRINT]   [T= 10/300] D1 s10 | PnL=$     +0.00 | Agg=4902/50000 (10%) | WNTR:+2220 | SMMR:-586 | ATMN:+1000 | SPNG:+1096 | Vol:W:H S:M A:H S:H | Fills:14610 Cancels:28 Ord:53
2026-02-15 10:31:57,959 [PRINT]   [T= 15/300] D1 s15 | PnL=$     +0.00 | Agg=2822/50000 (6%) | WNTR:+875 | SMMR:+711 | ATMN:+300 | SPNG:+936 | Vol:W:M S:H A:H S:H | Fills:23918 Cancels:43 Ord:82
2026-02-15 10:32:02,785 [PRINT]   [T= 20/300] D1 s20 | PnL=$     +0.00 | Agg=4972/50000 (10%) | WNTR:+2450 | SMMR:+1026 | ATMN:+560 | SPNG:+936 | Vol:W:M S:H A:H S:H | Fills:28118 Cancels:58 Ord:111
2026-02-15 10:32:07,851 [PRINT]   [T= 25/300] D1 s25 | PnL=$     +0.00 | Agg=2652/50000 (5%) | WNTR:+1250 | SMMR:+426 | ATMN:-440 | SPNG:+536 | Vol:W:M S:H A:H S:H | Fills:34718 Cancels:71 Ord:137
2026-02-15 10:32:13,207 [PRINT]   [T= 30/300] D1 s30 | PnL=$     +0.00 | Agg=4752/50000 (10%) | WNTR:+2450 | SMMR:+426 | ATMN:-940 | SPNG:+936 | Vol:W:M S:H A:H S:H | Fills:43618 Cancels:84 Ord:163
2026-02-15 10:32:17,744 [PRINT]   [T= 35/300] D1 s35 | PnL=$     +0.00 | Agg=1600/50000 (3%) | WNTR:-850 | SMMR:+426 | ATMN:+60 | SPNG:-264 | Vol:W:M S:M A:H S:H | Fills:51518 Cancels:97 Ord:189
2026-02-15 10:32:23,282 [PRINT]   [T= 40/300] D1 s40 | PnL=$     +0.00 | Agg=3652/50000 (7%) | WNTR:-1330 | SMMR:+1626 | ATMN:+560 | SPNG:+136 | Vol:W:H S:M A:H S:H | Fills:58276 Cancels:112 Ord:216
2026-02-15 10:32:27,962 [PRINT]   [T= 45/300] D1 s45 | PnL=$     +0.00 | Agg=1480/50000 (3%) | WNTR:-229 | SMMR:-655 | ATMN:+60 | SPNG:+536 | Vol:W:H S:H A:H S:H | Fills:67734 Cancels:127 Ord:246
2026-02-15 10:32:32,919 [PRINT]   [T= 50/300] D1 s50 | PnL=$     +0.00 | Agg=2739/50000 (5%) | WNTR:-229 | SMMR:-1414 | ATMN:+560 | SPNG:+536 | Vol:W:H S:H A:H S:H | Fills:74251 Cancels:139 Ord:267
2026-02-15 10:32:36,659 [PRINT]     [PRE-CLOSE] T=54 s=54 - Cancelled all orders
2026-02-15 10:32:43,405 [PRINT]   [T= 60/300] D2 s 0 | PnL=$     +0.00 | Agg=3106/14000 (22%) | WNTR:+521 | SMMR:-1139 | ATMN:+1310 | SPNG:+136 | Vol:W:M S:H A:M S:H | Fills:76426 Cancels:149 Ord:285
2026-02-15 10:32:48,230 [PRINT]   [T= 65/300] D2 s 5 | PnL=$     +0.00 | Agg=2302/50000 (5%) | WNTR:+409 | SMMR:-679 | ATMN:+1110 | SPNG:-104 | Vol:W:H S:H A:M S:H | Fills:78288 Cancels:165 Ord:317
2026-02-15 10:32:53,197 [PRINT]   [T= 70/300] D2 s10 | PnL=$     +0.00 | Agg=2485/50000 (5%) | WNTR:-341 | SMMR:-386 | ATMN:+1254 | SPNG:-504 | Vol:W:H S:H A:H S:H | Fills:86887 Cancels:184 Ord:351
2026-02-15 10:32:58,304 [PRINT]   [T= 75/300] D2 s15 | PnL=$     +0.00 | Agg=1524/50000 (3%) | WNTR:+409 | SMMR:+814 | ATMN:+5 | SPNG:+296 | Vol:W:H S:M A:H S:H | Fills:96886 Cancels:202 Ord:387
2026-02-15 10:33:03,516 [PRINT]   [T= 80/300] D2 s20 | PnL=$     +0.00 | Agg=1709/50000 (3%) | WNTR:+409 | SMMR:+701 | ATMN:-495 | SPNG:-104 | Vol:W:H S:H A:H S:H | Fills:103799 Cancels:218 Ord:419
2026-02-15 10:33:08,493 [PRINT]   [T= 85/300] D2 s25 | PnL=$     +0.00 | Agg=1907/50000 (4%) | WNTR:+409 | SMMR:-499 | ATMN:-495 | SPNG:-504 | Vol:W:H S:H A:H S:H | Fills:110899 Cancels:236 Ord:455
2026-02-15 10:33:12,781 [PRINT]   [T= 90/300] D2 s30 | PnL=$     +0.00 | Agg=2275/50000 (5%) | WNTR:-52 | SMMR:+1614 | ATMN:+505 | SPNG:-104 | Vol:W:H S:M A:H S:H | Fills:122247 Cancels:252 Ord:487
2026-02-15 10:33:18,212 [PRINT]   [T= 95/300] D2 s35 | PnL=$     +0.00 | Agg=3002/50000 (6%) | WNTR:-52 | SMMR:+2149 | ATMN:+505 | SPNG:+296 | Vol:W:M S:M A:H S:H | Fills:127812 Cancels:262 Ord:507
2026-02-15 10:33:23,351 [PRINT]   [T=100/300] D2 s40 | PnL=$     +0.00 | Agg=3690/50000 (7%) | WNTR:+575 | SMMR:+1516 | ATMN:-1495 | SPNG:-104 | Vol:W:M S:M A:H S:H | Fills:138680 Cancels:273 Ord:531
2026-02-15 10:33:28,261 [PRINT]   [T=105/300] D2 s45 | PnL=$     +0.00 | Agg=2953/50000 (6%) | WNTR:-925 | SMMR:+630 | ATMN:-1294 | SPNG:-104 | Vol:W:M S:M A:H S:H | Fills:147611 Cancels:285 Ord:555
2026-02-15 10:33:33,626 [PRINT]   [T=110/300] D2 s50 | PnL=$     +0.00 | Agg=2111/50000 (4%) | WNTR:+1453 | SMMR:+309 | ATMN:-53 | SPNG:+296 | Vol:W:H S:H A:H S:H | Fills:162095 Cancels:303 Ord:589
2026-02-15 10:33:36,960 [PRINT]     [PRE-CLOSE] T=114 s=54 - Cancelled all orders
2026-02-15 10:33:43,782 [PRINT]   [T=120/300] D3 s 0 | PnL=$     +0.00 | Agg=2068/14000 (15%) | WNTR:+1116 | SMMR:+9 | ATMN:+447 | SPNG:+496 | Vol:W:H S:M A:H S:H | Fills:164432 Cancels:315 Ord:610
2026-02-15 10:33:48,535 [PRINT]   [T=125/300] D3 s 5 | PnL=$     +0.00 | Agg=1446/50000 (3%) | WNTR:+442 | SMMR:-151 | ATMN:+497 | SPNG:+356 | Vol:W:H S:H A:H S:H | Fills:166816 Cancels:334 Ord:648
2026-02-15 10:33:53,563 [PRINT]   [T=130/300] D3 s10 | PnL=$     +0.00 | Agg=1887/50000 (4%) | WNTR:-83 | SMMR:-151 | ATMN:+1297 | SPNG:+356 | Vol:W:H S:H A:H S:H | Fills:173791 Cancels:351 Ord:679
2026-02-15 10:33:58,873 [PRINT]   [T=135/300] D3 s15 | PnL=$     +0.00 | Agg=2577/50000 (5%) | WNTR:+667 | SMMR:+1049 | ATMN:+817 | SPNG:-44 | Vol:W:H S:H A:H S:H | Fills:179121 Cancels:366 Ord:708
2026-02-15 10:34:03,842 [PRINT]   [T=140/300] D3 s20 | PnL=$     +0.00 | Agg=2805/50000 (6%) | WNTR:-83 | SMMR:+1649 | ATMN:+317 | SPNG:+756 | Vol:W:H S:H A:H S:H | Fills:185071 Cancels:380 Ord:735
2026-02-15 10:34:08,711 [PRINT]   [T=145/300] D3 s25 | PnL=$     +0.00 | Agg=3051/50000 (6%) | WNTR:+667 | SMMR:+845 | ATMN:-1183 | SPNG:+356 | Vol:W:H S:H A:H S:H | Fills:194025 Cancels:398 Ord:771
2026-02-15 10:34:13,734 [PRINT]   [T=150/300] D3 s30 | PnL=$     +0.00 | Agg=555/50000 (1%) | WNTR:-83 | SMMR:+245 | ATMN:-183 | SPNG:-44 | Vol:W:H S:H A:H S:H | Fills:202475 Cancels:413 Ord:801
2026-02-15 10:34:18,548 [PRINT]   [T=155/300] D3 s35 | PnL=$     +0.00 | Agg=1111/50000 (2%) | WNTR:-83 | SMMR:-355 | ATMN:+317 | SPNG:+356 | Vol:W:M S:H A:H S:H | Fills:211175 Cancels:425 Ord:825
2026-02-15 10:34:23,366 [PRINT]   [T=160/300] D3 s40 | PnL=$     +0.00 | Agg=2296/50000 (5%) | WNTR:+768 | SMMR:-355 | ATMN:+817 | SPNG:+356 | Vol:W:M S:M A:H S:H | Fills:217424 Cancels:437 Ord:849
2026-02-15 10:34:28,806 [PRINT]   [T=165/300] D3 s45 | PnL=$     +0.00 | Agg=2370/50000 (5%) | WNTR:-732 | SMMR:+565 | ATMN:+317 | SPNG:+756 | Vol:W:H S:M A:H S:H | Fills:232144 Cancels:455 Ord:886
2026-02-15 10:34:33,552 [PRINT]   [T=170/300] D3 s50 | PnL=$     +0.00 | Agg=2558/50000 (5%) | WNTR:-1454 | SMMR:+565 | ATMN:-183 | SPNG:+356 | Vol:W:H S:M A:H S:H | Fills:241022 Cancels:469 Ord:912
2026-02-15 10:34:37,335 [PRINT]     [PRE-CLOSE] T=174 s=54 - Cancelled all orders
2026-02-15 10:34:44,198 [PRINT]   [T=180/300] D4 s 0 | PnL=$     +0.00 | Agg=2622/14000 (19%) | WNTR:-1118 | SMMR:+1165 | ATMN:-183 | SPNG:+156 | Vol:W:H S:H A:H S:H | Fills:245908 Cancels:482 Ord:937
2026-02-15 10:34:48,845 [PRINT]   [T=185/300] D4 s 5 | PnL=$     +0.00 | Agg=2408/50000 (5%) | WNTR:-894 | SMMR:+785 | ATMN:-233 | SPNG:+496 | Vol:W:H S:H A:H S:H | Fills:248052 Cancels:498 Ord:969
2026-02-15 10:34:54,084 [PRINT]   [T=190/300] D4 s10 | PnL=$     +0.00 | Agg=2092/50000 (4%) | WNTR:+606 | SMMR:-415 | ATMN:+767 | SPNG:-304 | Vol:W:H S:H A:H S:H | Fills:257052 Cancels:517 Ord:1007
2026-02-15 10:34:58,993 [PRINT]   [T=195/300] D4 s15 | PnL=$     +0.00 | Agg=2273/50000 (5%) | WNTR:-487 | SMMR:-415 | ATMN:+267 | SPNG:+1104 | Vol:W:H S:H A:H S:H | Fills:267137 Cancels:534 Ord:1039
2026-02-15 10:35:03,769 [PRINT]   [T=200/300] D4 s20 | PnL=$     +0.00 | Agg=2085/50000 (4%) | WNTR:+263 | SMMR:+785 | ATMN:-733 | SPNG:+304 | Vol:W:H S:M A:H S:H | Fills:277187 Cancels:550 Ord:1071
2026-02-15 10:35:09,196 [PRINT]   [T=205/300] D4 s25 | PnL=$     +0.00 | Agg=2101/50000 (4%) | WNTR:-487 | SMMR:+785 | ATMN:-733 | SPNG:-96 | Vol:W:H S:M A:H S:H | Fills:283537 Cancels:567 Ord:1105
2026-02-15 10:35:14,057 [PRINT]   [T=210/300] D4 s30 | PnL=$     +0.00 | Agg=4432/50000 (9%) | WNTR:+263 | SMMR:+2232 | ATMN:-1233 | SPNG:+704 | Vol:W:H S:H A:H S:H | Fills:294534 Cancels:585 Ord:1141
2026-02-15 10:35:18,980 [PRINT]   [T=215/300] D4 s35 | PnL=$     +0.00 | Agg=3972/50000 (8%) | WNTR:+263 | SMMR:+1872 | ATMN:-733 | SPNG:+1104 | Vol:W:H S:H A:H S:H | Fills:299794 Cancels:601 Ord:1172
2026-02-15 10:35:24,133 [PRINT]   [T=220/300] D4 s40 | PnL=$     +0.00 | Agg=2860/50000 (6%) | WNTR:+263 | SMMR:+1019 | ATMN:-233 | SPNG:+1345 | Vol:W:H S:H A:H S:H | Fills:304706 Cancels:615 Ord:1195
2026-02-15 10:35:29,160 [PRINT]   [T=225/300] D4 s45 | PnL=$     +0.00 | Agg=3076/50000 (6%) | WNTR:+263 | SMMR:+419 | ATMN:-1233 | SPNG:+1161 | Vol:W:M S:H A:H S:H | Fills:309990 Cancels:630 Ord:1224
2026-02-15 10:35:34,384 [PRINT]   [T=230/300] D4 s50 | PnL=$     +0.00 | Agg=3218/50000 (6%) | WNTR:+2205 | SMMR:+419 | ATMN:-233 | SPNG:+361 | Vol:W:M S:H A:H S:H | Fills:319132 Cancels:646 Ord:1256
2026-02-15 10:35:37,647 [PRINT]     [PRE-CLOSE] T=234 s=54 - Cancelled all orders
2026-02-15 10:35:44,402 [PRINT]   [T=240/300] D5 s 0 | PnL=$     +0.00 | Agg=1450/14000 (10%) | WNTR:+275 | SMMR:-181 | ATMN:-233 | SPNG:+761 | Vol:W:H S:M A:H S:H | Fills:325212 Cancels:658 Ord:1281
2026-02-15 10:35:49,219 [PRINT]   [T=245/300] D5 s 5 | PnL=$     +0.00 | Agg=1306/50000 (3%) | WNTR:+163 | SMMR:+99 | ATMN:-283 | SPNG:+761 | Vol:W:H S:H A:H S:H | Fills:327028 Cancels:674 Ord:1313
2026-02-15 10:35:54,076 [PRINT]   [T=250/300] D5 s10 | PnL=$     +0.00 | Agg=1440/50000 (3%) | WNTR:+163 | SMMR:+699 | ATMN:+217 | SPNG:+361 | Vol:W:H S:M A:H S:H | Fills:333028 Cancels:685 Ord:1335
2026-02-15 10:35:59,334 [PRINT]   [T=255/300] D5 s15 | PnL=$     +0.00 | Agg=1340/50000 (3%) | WNTR:+163 | SMMR:+99 | ATMN:+717 | SPNG:+361 | Vol:W:M S:H A:H S:H | Fills:340628 Cancels:699 Ord:1363
2026-02-15 10:36:04,278 [PRINT]   [T=260/300] D5 s20 | PnL=$     +0.00 | Agg=3545/50000 (7%) | WNTR:-1390 | SMMR:+99 | ATMN:+1217 | SPNG:-839 | Vol:W:H S:H A:H S:H | Fills:350475 Cancels:714 Ord:1392
2026-02-15 10:36:09,381 [PRINT]   [T=265/300] D5 s25 | PnL=$     +0.00 | Agg=1651/50000 (3%) | WNTR:-308 | SMMR:+699 | ATMN:-283 | SPNG:+361 | Vol:W:H S:H A:H S:H | Fills:360757 Cancels:732 Ord:1428
2026-02-15 10:36:14,228 [PRINT]   [T=270/300] D5 s30 | PnL=$     +0.00 | Agg=985/50000 (2%) | WNTR:-308 | SMMR:+99 | ATMN:+217 | SPNG:+361 | Vol:W:H S:H A:H S:H | Fills:366357 Cancels:747 Ord:1458
2026-02-15 10:36:19,467 [PRINT]   [T=275/300] D5 s35 | PnL=$     +0.00 | Agg=2621/50000 (5%) | WNTR:+442 | SMMR:-1101 | ATMN:+717 | SPNG:+361 | Vol:W:H S:H A:H S:H | Fills:371807 Cancels:762 Ord:1488
2026-02-15 10:36:24,753 [PRINT]   [T=280/300] D5 s40 | PnL=$     +0.00 | Agg=1885/50000 (4%) | WNTR:-308 | SMMR:+99 | ATMN:+717 | SPNG:+761 | Vol:W:H S:H A:H S:H | Fills:378657 Cancels:781 Ord:1526
2026-02-15 10:36:29,370 [PRINT]   [T=285/300] D5 s45 | PnL=$     +0.00 | Agg=4214/50000 (8%) | WNTR:-1058 | SMMR:+1755 | ATMN:-1040 | SPNG:+361 | Vol:W:M S:H A:H S:H | Fills:390994 Cancels:796 Ord:1554
2026-02-15 10:36:34,506 [PRINT]   [T=290/300] D5 s50 | PnL=$     +0.00 | Agg=3160/50000 (6%) | WNTR:+442 | SMMR:+1609 | ATMN:-348 | SPNG:+761 | Vol:W:M S:H A:H S:H | Fills:399732 Cancels:809 Ord:1577
2026-02-15 10:36:38,025 [PRINT]     [PRE-CLOSE] T=294 s=54 - Cancelled all orders
2026-02-15 10:36:43,960 [PRINT] 
  Heat ended at tick 300
2026-02-15 10:36:44,074 [PRINT] 
  Heat 2 ended.
2026-02-15 10:36:44,081 [PRINT]   P&L: $+3,060.05
2026-02-15 10:36:44,081 [PRINT]   Orders placed: 1591
2026-02-15 10:36:44,081 [PRINT]   Orders cancelled: 816
2026-02-15 10:36:44,083 [PRINT]   Market orders: 0
2026-02-15 10:36:44,083 [PRINT]   Total fill volume: 403,227 shares
2026-02-15 10:36:44,083 [PRINT] 
  --- HEAT HISTORY ---
2026-02-15 10:36:44,083 [PRINT]   H 1: P&L $ +2,740.85 (Ord: 1670, Mkt: 0, Fills: 427,596, Cancels: 864)
2026-02-15 10:36:44,083 [PRINT]   H 2: P&L $ +3,060.05 (Ord: 1591, Mkt: 0, Fills: 403,227, Cancels: 816)
2026-02-15 10:36:44,085 [PRINT]   --------------------------------------------------
2026-02-15 10:36:44,085 [PRINT]   Total: $+5,800.90
2026-02-15 10:36:44,085 [PRINT] ============================================================

2026-02-15 10:36:47,090 [PRINT] Case status: STOPPED - waiting for ACTIVE...
2026-02-15 10:36:47,094 [PRINT] Case stopped. Waiting for next heat...
2026-02-15 10:36:49,099 [PRINT] Case status: STOPPED - waiting for ACTIVE...
2026-02-15 10:36:49,103 [PRINT] Case stopped. Waiting for next heat...
2026-02-15 10:36:51,108 [PRINT] Case status: STOPPED - waiting for ACTIVE...
2026-02-15 10:36:51,112 [PRINT] Case stopped. Waiting for next heat...
2026-02-15 10:36:53,116 [PRINT] Case status: STOPPED - waiting for ACTIVE...
2026-02-15 10:36:53,121 [PRINT] Case stopped. Waiting for next heat...
2026-02-15 10:36:55,125 [PRINT] Case status: STOPPED - waiting for ACTIVE...
2026-02-15 10:36:55,129 [PRINT] Case stopped. Waiting for next heat...
2026-02-15 10:36:57,134 [PRINT] Case status: STOPPED - waiting for ACTIVE...
2026-02-15 10:36:57,138 [PRINT] Case stopped. Waiting for next heat...
2026-02-15 10:36:59,143 [PRINT] Case status: STOPPED - waiting for ACTIVE...
2026-02-15 10:36:59,148 [PRINT] Case stopped. Waiting for next heat...
2026-02-15 10:37:01,153 [PRINT] Case status: STOPPED - waiting for ACTIVE...
2026-02-15 10:37:01,157 [PRINT] Case stopped. Waiting for next heat...
2026-02-15 10:37:03,162 [PRINT] Case status: STOPPED - waiting for ACTIVE...
2026-02-15 10:37:03,166 [PRINT] Case stopped. Waiting for next heat...
2026-02-15 10:37:05,171 [PRINT] Case status: STOPPED - waiting for ACTIVE...
2026-02-15 10:37:05,175 [PRINT] Case stopped. Waiting for next heat...
2026-02-15 10:37:07,179 [PRINT] Case status: STOPPED - waiting for ACTIVE...
2026-02-15 10:37:07,184 [PRINT] Case stopped. Waiting for next heat...
2026-02-15 10:37:09,189 [PRINT] Case status: STOPPED - waiting for ACTIVE...
2026-02-15 10:37:09,196 [PRINT] Case stopped. Waiting for next heat...
2026-02-15 10:37:11,201 [PRINT] Case status: STOPPED - waiting for ACTIVE...
2026-02-15 10:37:11,206 [PRINT] Case stopped. Waiting for next heat...
2026-02-15 10:37:13,227 [PRINT] Case status: STOPPED - waiting for ACTIVE...
2026-02-15 10:37:13,231 [PRINT] Case stopped. Waiting for next heat...
2026-02-15 10:37:15,236 [PRINT] Case status: STOPPED - waiting for ACTIVE...
2026-02-15 10:37:15,241 [PRINT] Case stopped. Waiting for next heat...
2026-02-15 10:37:17,245 [PRINT] Case status: STOPPED - waiting for ACTIVE...
2026-02-15 10:37:17,249 [PRINT] Case stopped. Waiting for next heat...
2026-02-15 10:37:19,254 [PRINT] Case status: STOPPED - waiting for ACTIVE...
2026-02-15 10:37:19,262 [PRINT] Case stopped. Waiting for next heat...
2026-02-15 10:37:21,266 [PRINT] Case status: STOPPED - waiting for ACTIVE...
2026-02-15 10:37:21,272 [PRINT] Case stopped. Waiting for next heat...
2026-02-15 10:37:23,276 [PRINT] Case status: STOPPED - waiting for ACTIVE...
2026-02-15 10:37:23,277 [PRINT] Case stopped. Waiting for next heat...
2026-02-15 10:37:25,286 [PRINT] Case status: STOPPED - waiting for ACTIVE...
2026-02-15 10:37:25,290 [PRINT] Case stopped. Waiting for next heat...
2026-02-15 10:37:27,295 [PRINT] Case status: STOPPED - waiting for ACTIVE...
2026-02-15 10:37:27,299 [PRINT] Case stopped. Waiting for next heat...
2026-02-15 10:37:29,305 [PRINT] Case status: STOPPED - waiting for ACTIVE...
2026-02-15 10:37:29,308 [PRINT] Case stopped. Waiting for next heat...
2026-02-15 10:37:31,313 [PRINT] Case status: STOPPED - waiting for ACTIVE...
2026-02-15 10:37:31,319 [PRINT] Case stopped. Waiting for next heat...
2026-02-15 10:37:33,322 [PRINT] Case status: STOPPED - waiting for ACTIVE...
2026-02-15 10:37:33,327 [PRINT] Case stopped. Waiting for next heat...
2026-02-15 10:37:35,332 [PRINT] Case status: STOPPED - waiting for ACTIVE...
2026-02-15 10:37:35,336 [PRINT] Case stopped. Waiting for next heat...
2026-02-15 10:37:37,341 [PRINT] Case status: STOPPED - waiting for ACTIVE...
2026-02-15 10:37:37,345 [PRINT] Case stopped. Waiting for next heat...
2026-02-15 10:37:39,352 [PRINT] Case status: STOPPED - waiting for ACTIVE...
2026-02-15 10:37:39,356 [PRINT] Case stopped. Waiting for next heat...
2026-02-15 10:37:41,357 [PRINT] Case status: STOPPED - waiting for ACTIVE...
2026-02-15 10:37:41,365 [PRINT] Case stopped. Waiting for next heat...
2026-02-15 10:37:43,368 [PRINT] Case status: STOPPED - waiting for ACTIVE...
2026-02-15 10:37:43,372 [PRINT] Case stopped. Waiting for next heat...
2026-02-15 10:37:45,376 [PRINT] Case status: STOPPED - waiting for ACTIVE...
2026-02-15 10:37:45,381 [PRINT] Case stopped. Waiting for next heat...
2026-02-15 10:37:47,385 [PRINT] Case status: STOPPED - waiting for ACTIVE...
2026-02-15 10:37:47,390 [PRINT] Case stopped. Waiting for next heat...
2026-02-15 10:37:49,397 [PRINT] 
============================================================
2026-02-15 10:37:49,398 [PRINT]   HEAT 3 - V8 PASSIVE-FIRST REBATE FARMING
2026-02-15 10:37:49,398 [PRINT]   Stocks: WNTR, SMMR, ATMN, SPNG
2026-02-15 10:37:49,399 [PRINT]   Start NLV: $0.00
2026-02-15 10:37:49,399 [PRINT]   Rebates: WNTR=$0.045 | SMMR=$0.04 | ATMN=$0.035 | SPNG=$0.03
2026-02-15 10:37:49,400 [PRINT] ============================================================

2026-02-15 10:37:49,400 [PRINT] 
  Starting V8 Passive-First Market Making...
2026-02-15 10:37:49,404 [PRINT]   Start NLV: $0.00
2026-02-15 10:37:49,408 [PRINT]   Aggregate limit: 50000
2026-02-15 10:37:49,408 [PRINT]   Gross limit: 50000, Net limit: 30000
2026-02-15 10:37:49,409 [PRINT]   Rebates: WNTR=$0.045 | SMMR=$0.04 | ATMN=$0.035 | SPNG=$0.03
2026-02-15 10:37:49,410 [PRINT]   Spreads: WNTR=$0.04 | SMMR=$0.04 | ATMN=$0.05 | SPNG=$0.06
2026-02-15 10:37:49,410 [PRINT]   Sizes: WNTR=1500 | SMMR=1200 | ATMN=1000 | SPNG=800
2026-02-15 10:37:53,459 [PRINT]   [T=  5/300] D1 s 5 | PnL=$     +0.00 | Agg=2500/50000 (5%) | WNTR:+0 | SMMR:+1200 | ATMN:-500 | SPNG:+800 | Vol:W:M S:H A:H S:H | Fills:6200 Cancels:16 Ord:32
2026-02-15 10:37:58,814 [PRINT]   [T= 10/300] D1 s10 | PnL=$     +0.00 | Agg=1355/50000 (3%) | WNTR:+455 | SMMR:+0 | ATMN:-500 | SPNG:+400 | Vol:W:M S:M A:H S:H | Fills:13545 Cancels:32 Ord:65
2026-02-15 10:38:03,979 [PRINT]   [T= 15/300] D1 s15 | PnL=$     +0.00 | Agg=4575/50000 (9%) | WNTR:+2375 | SMMR:-1800 | ATMN:+0 | SPNG:-400 | Vol:W:M S:H A:H S:H | Fills:27377 Cancels:48 Ord:99
2026-02-15 10:38:08,920 [PRINT]   [T= 20/300] D1 s20 | PnL=$     +0.00 | Agg=1682/50000 (3%) | WNTR:+575 | SMMR:-107 | ATMN:-1000 | SPNG:+0 | Vol:W:H S:H A:H S:H | Fills:37570 Cancels:63 Ord:129
2026-02-15 10:38:13,767 [PRINT]   [T= 25/300] D1 s25 | PnL=$     +0.00 | Agg=1968/50000 (4%) | WNTR:-175 | SMMR:+493 | ATMN:-500 | SPNG:-800 | Vol:W:H S:H A:H S:H | Fills:46720 Cancels:82 Ord:167
2026-02-15 10:38:18,870 [PRINT]   [T= 30/300] D1 s30 | PnL=$     +0.00 | Agg=3368/50000 (7%) | WNTR:+575 | SMMR:+2293 | ATMN:-500 | SPNG:+0 | Vol:W:H S:M A:H S:H | Fills:53870 Cancels:96 Ord:196
2026-02-15 10:38:23,857 [PRINT]   [T= 35/300] D1 s35 | PnL=$     +0.00 | Agg=3560/50000 (7%) | WNTR:-925 | SMMR:+1835 | ATMN:+0 | SPNG:+800 | Vol:W:H S:M A:H S:H | Fills:61328 Cancels:108 Ord:220
2026-02-15 10:38:28,835 [PRINT]   [T= 40/300] D1 s40 | PnL=$     +0.00 | Agg=2091/50000 (4%) | WNTR:+575 | SMMR:+316 | ATMN:+0 | SPNG:+1200 | Vol:W:H S:M A:H S:H | Fills:71447 Cancels:123 Ord:250
2026-02-15 10:38:34,101 [PRINT]   [T= 45/300] D1 s45 | PnL=$     +0.00 | Agg=1391/50000 (3%) | WNTR:+575 | SMMR:+316 | ATMN:+500 | SPNG:+0 | Vol:W:H S:M A:H S:H | Fills:80547 Cancels:139 Ord:282
2026-02-15 10:38:39,017 [PRINT]   [T= 50/300] D1 s50 | PnL=$     +0.00 | Agg=1859/50000 (4%) | WNTR:+575 | SMMR:-884 | ATMN:+0 | SPNG:+400 | Vol:W:H S:H A:H S:H | Fills:91347 Cancels:155 Ord:314
2026-02-15 10:38:42,334 [PRINT]     [PRE-CLOSE] T=54 s=54 - Cancelled all orders
2026-02-15 10:38:49,216 [PRINT]   [T= 60/300] D2 s 0 | PnL=$     +0.00 | Agg=991/12000 (8%) | WNTR:+575 | SMMR:+16 | ATMN:+0 | SPNG:+400 | Vol:W:H S:M A:H S:H | Fills:94647 Cancels:167 Ord:338
2026-02-15 10:38:53,956 [PRINT]   [T= 65/300] D2 s 5 | PnL=$     +0.00 | Agg=1075/50000 (2%) | WNTR:+351 | SMMR:-144 | ATMN:+0 | SPNG:+580 | Vol:W:H S:H A:H S:H | Fills:96601 Cancels:186 Ord:376
2026-02-15 10:38:58,795 [PRINT]   [T= 70/300] D2 s10 | PnL=$     +0.00 | Agg=2023/50000 (4%) | WNTR:-399 | SMMR:-144 | ATMN:+500 | SPNG:+980 | Vol:W:H S:H A:H S:H | Fills:102451 Cancels:197 Ord:398
2026-02-15 10:39:04,247 [PRINT]   [T= 75/300] D2 s15 | PnL=$     +0.00 | Agg=1396/50000 (3%) | WNTR:+351 | SMMR:-144 | ATMN:+500 | SPNG:+401 | Vol:W:H S:H A:H S:H | Fills:108980 Cancels:214 Ord:431
2026-02-15 10:39:09,016 [PRINT]   [T= 80/300] D2 s20 | PnL=$     +0.00 | Agg=944/50000 (2%) | WNTR:-399 | SMMR:-144 | ATMN:+0 | SPNG:+401 | Vol:W:H S:M A:H S:H | Fills:118030 Cancels:229 Ord:461
2026-02-15 10:39:14,054 [PRINT]   [T= 85/300] D2 s25 | PnL=$     +0.00 | Agg=1968/50000 (4%) | WNTR:-399 | SMMR:+768 | ATMN:+0 | SPNG:+801 | Vol:W:H S:M A:H S:H | Fills:126418 Cancels:243 Ord:490
2026-02-15 10:39:19,130 [PRINT]   [T= 90/300] D2 s30 | PnL=$     +0.00 | Agg=2511/50000 (5%) | WNTR:-399 | SMMR:+1713 | ATMN:+0 | SPNG:-399 | Vol:W:M S:M A:H S:H | Fills:134173 Cancels:259 Ord:522
2026-02-15 10:39:24,338 [PRINT]   [T= 95/300] D2 s35 | PnL=$     +0.00 | Agg=2828/50000 (6%) | WNTR:+351 | SMMR:+1978 | ATMN:+0 | SPNG:-499 | Vol:W:M S:M A:H S:H | Fills:142958 Cancels:273 Ord:550
2026-02-15 10:39:29,400 [PRINT]   [T=100/300] D2 s40 | PnL=$     +0.00 | Agg=2649/50000 (5%) | WNTR:-875 | SMMR:+875 | ATMN:+500 | SPNG:-399 | Vol:W:M S:M A:H S:H | Fills:154235 Cancels:290 Ord:585
2026-02-15 10:39:34,415 [PRINT]   [T=105/300] D2 s45 | PnL=$     +0.00 | Agg=781/50000 (2%) | WNTR:-125 | SMMR:+155 | ATMN:-500 | SPNG:+1 | Vol:W:H S:H A:H S:H | Fills:165305 Cancels:306 Ord:616
2026-02-15 10:39:39,212 [PRINT]   [T=110/300] D2 s50 | PnL=$     +0.00 | Agg=679/50000 (1%) | WNTR:-125 | SMMR:+155 | ATMN:+0 | SPNG:-399 | Vol:W:H S:H A:H S:H | Fills:175605 Cancels:324 Ord:652
2026-02-15 10:39:42,658 [PRINT]     [PRE-CLOSE] T=114 s=54 - Cancelled all orders
2026-02-15 10:39:49,420 [PRINT]   [T=120/300] D3 s 0 | PnL=$     +0.00 | Agg=771/12000 (6%) | WNTR:-125 | SMMR:-145 | ATMN:-500 | SPNG:+1 | Vol:W:H S:H A:H S:H | Fills:179405 Cancels:338 Ord:680
2026-02-15 10:39:54,452 [PRINT]   [T=125/300] D3 s 5 | PnL=$     +0.00 | Agg=867/50000 (2%) | WNTR:-13 | SMMR:+235 | ATMN:-600 | SPNG:-19 | Vol:W:H S:H A:H S:H | Fills:181591 Cancels:358 Ord:720
2026-02-15 10:39:59,483 [PRINT]   [T=130/300] D3 s10 | PnL=$     +0.00 | Agg=1653/50000 (3%) | WNTR:+737 | SMMR:-365 | ATMN:+50 | SPNG:+501 | Vol:W:H S:H A:H S:H | Fills:186911 Cancels:374 Ord:752
2026-02-15 10:40:04,273 [PRINT]   [T=135/300] D3 s15 | PnL=$     +0.00 | Agg=2373/50000 (5%) | WNTR:+1487 | SMMR:+235 | ATMN:+550 | SPNG:+101 | Vol:W:H S:H A:H S:H | Fills:193461 Cancels:388 Ord:779
2026-02-15 10:40:09,402 [PRINT]   [T=140/300] D3 s20 | PnL=$     +0.00 | Agg=1841/50000 (4%) | WNTR:+125 | SMMR:-1565 | ATMN:+50 | SPNG:+101 | Vol:W:H S:M A:H S:H | Fills:203423 Cancels:405 Ord:813
2026-02-15 10:40:14,218 [PRINT]   [T=145/300] D3 s25 | PnL=$     +0.00 | Agg=2341/50000 (5%) | WNTR:+875 | SMMR:-1117 | ATMN:+50 | SPNG:-299 | Vol:W:H S:H A:H S:H | Fills:209221 Cancels:416 Ord:835
2026-02-15 10:40:19,501 [PRINT]   [T=150/300] D3 s30 | PnL=$     +0.00 | Agg=1407/50000 (3%) | WNTR:-575 | SMMR:+83 | ATMN:-450 | SPNG:-299 | Vol:W:H S:H A:H S:H | Fills:216271 Cancels:430 Ord:863
2026-02-15 10:40:24,692 [PRINT]   [T=155/300] D3 s35 | PnL=$     +0.00 | Agg=2395/50000 (5%) | WNTR:+527 | SMMR:-517 | ATMN:-450 | SPNG:+901 | Vol:W:H S:H A:H S:H | Fills:224473 Cancels:445 Ord:892
2026-02-15 10:40:29,703 [PRINT]   [T=160/300] D3 s40 | PnL=$     +0.00 | Agg=1891/50000 (4%) | WNTR:-1257 | SMMR:+83 | ATMN:+50 | SPNG:+501 | Vol:W:M S:H A:H S:H | Fills:234489 Cancels:460 Ord:922
2026-02-15 10:40:34,350 [PRINT]   [T=165/300] D3 s45 | PnL=$     +0.00 | Agg=2080/50000 (4%) | WNTR:-512 | SMMR:-517 | ATMN:-950 | SPNG:+101 | Vol:W:M S:H A:H S:H | Fills:244524 Cancels:475 Ord:952
2026-02-15 10:40:39,806 [PRINT]   [T=170/300] D3 s50 | PnL=$     +0.00 | Agg=2293/50000 (5%) | WNTR:+625 | SMMR:-1117 | ATMN:-450 | SPNG:+101 | Vol:W:M S:H A:H S:H | Fills:252561 Cancels:488 Ord:979
2026-02-15 10:40:43,027 [PRINT]     [PRE-CLOSE] T=174 s=54 - Cancelled all orders
2026-02-15 10:40:49,895 [PRINT]   [T=180/300] D4 s 0 | PnL=$     +0.00 | Agg=2693/12000 (22%) | WNTR:+1375 | SMMR:-517 | ATMN:-700 | SPNG:+101 | Vol:W:H S:H A:H S:H | Fills:257561 Cancels:499 Ord:1000
2026-02-15 10:40:54,683 [PRINT]   [T=185/300] D4 s 5 | PnL=$     +0.00 | Agg=1655/50000 (3%) | WNTR:+1179 | SMMR:-157 | ATMN:-200 | SPNG:-119 | Vol:W:H S:H A:H S:H | Fills:259487 Cancels:516 Ord:1032
2026-02-15 10:40:59,886 [PRINT]   [T=190/300] D4 s10 | PnL=$     +0.00 | Agg=1765/50000 (4%) | WNTR:-321 | SMMR:+443 | ATMN:-200 | SPNG:+801 | Vol:W:H S:H A:H S:H | Fills:266507 Cancels:534 Ord:1068
2026-02-15 10:41:04,295 [PRINT]   [T=195/300] D4 s15 | PnL=$     +0.00 | Agg=1173/50000 (2%) | WNTR:+429 | SMMR:+443 | ATMN:+300 | SPNG:+1 | Vol:W:H S:H A:H S:H | Fills:274457 Cancels:548 Ord:1096
2026-02-15 10:41:09,890 [PRINT]   [T=200/300] D4 s20 | PnL=$     +0.00 | Agg=1379/50000 (3%) | WNTR:-321 | SMMR:-757 | ATMN:+300 | SPNG:+1 | Vol:W:H S:H A:H S:H | Fills:282707 Cancels:567 Ord:1134
2026-02-15 10:41:15,332 [PRINT]   [T=205/300] D4 s25 | PnL=$     +0.00 | Agg=1673/50000 (3%) | WNTR:+429 | SMMR:+443 | ATMN:+800 | SPNG:+1 | Vol:W:H S:H A:H S:H | Fills:287957 Cancels:582 Ord:1164
2026-02-15 10:41:20,091 [PRINT]   [T=210/300] D4 s30 | PnL=$     +0.00 | Agg=1573/50000 (3%) | WNTR:+429 | SMMR:+443 | ATMN:-700 | SPNG:+1 | Vol:W:H S:M A:H S:H | Fills:298657 Cancels:600 Ord:1200
2026-02-15 10:41:24,619 [PRINT]   [T=215/300] D4 s35 | PnL=$     +0.00 | Agg=1052/50000 (2%) | WNTR:-321 | SMMR:+32 | ATMN:+300 | SPNG:-399 | Vol:W:H S:H A:H S:H | Fills:306618 Cancels:615 Ord:1230
2026-02-15 10:41:29,633 [PRINT]   [T=220/300] D4 s40 | PnL=$     +0.00 | Agg=3625/50000 (7%) | WNTR:+1758 | SMMR:-1168 | ATMN:+300 | SPNG:-399 | Vol:W:H S:H A:H S:H | Fills:316839 Cancels:628 Ord:1256
2026-02-15 10:41:34,844 [PRINT]   [T=225/300] D4 s45 | PnL=$     +0.00 | Agg=4873/50000 (10%) | WNTR:-796 | SMMR:-1376 | ATMN:-2700 | SPNG:+1 | Vol:W:H S:H A:M S:H | Fills:325785 Cancels:644 Ord:1284
2026-02-15 10:41:39,699 [PRINT]   [T=230/300] D4 s50 | PnL=$     +0.00 | Agg=2852/50000 (6%) | WNTR:-46 | SMMR:-507 | ATMN:-1900 | SPNG:-399 | Vol:W:H S:H A:H S:H | Fills:335204 Cancels:658 Ord:1310
2026-02-15 10:41:43,413 [PRINT]     [PRE-CLOSE] T=234 s=54 - Cancelled all orders
2026-02-15 10:41:50,065 [PRINT]   [T=240/300] D5 s 0 | PnL=$     +0.00 | Agg=3354/12000 (28%) | WNTR:-46 | SMMR:-1107 | ATMN:-1800 | SPNG:+401 | Vol:W:M S:H A:H S:H | Fills:338604 Cancels:671 Ord:1334
2026-02-15 10:41:54,888 [PRINT]   [T=245/300] D5 s 5 | PnL=$     +0.00 | Agg=3332/50000 (7%) | WNTR:-384 | SMMR:-1287 | ATMN:-1500 | SPNG:+161 | Vol:W:H S:H A:H S:H | Fills:340286 Cancels:688 Ord:1363
2026-02-15 10:42:00,172 [PRINT]   [T=250/300] D5 s10 | PnL=$     +0.00 | Agg=3574/50000 (7%) | WNTR:+366 | SMMR:-1187 | ATMN:-1060 | SPNG:+961 | Vol:W:H S:H A:H S:H | Fills:347076 Cancels:703 Ord:1391
2026-02-15 10:42:05,004 [PRINT]   [T=255/300] D5 s15 | PnL=$     +0.00 | Agg=1554/50000 (3%) | WNTR:+366 | SMMR:-587 | ATMN:+440 | SPNG:+161 | Vol:W:H S:H A:H S:H | Fills:352676 Cancels:719 Ord:1423
2026-02-15 10:42:10,065 [PRINT]   [T=260/300] D5 s20 | PnL=$     +0.00 | Agg=2148/50000 (4%) | WNTR:-1134 | SMMR:+13 | ATMN:+440 | SPNG:+561 | Vol:W:H S:H A:H S:H | Fills:359576 Cancels:732 Ord:1449
2026-02-15 10:42:15,311 [PRINT]   [T=265/300] D5 s25 | PnL=$     +0.00 | Agg=1760/50000 (4%) | WNTR:-384 | SMMR:-587 | ATMN:+228 | SPNG:+561 | Vol:W:M S:H A:H S:H | Fills:365838 Cancels:746 Ord:1476
2026-02-15 10:42:20,353 [PRINT]   [T=270/300] D5 s30 | PnL=$     +0.00 | Agg=2118/50000 (4%) | WNTR:+1116 | SMMR:+613 | ATMN:+228 | SPNG:+161 | Vol:W:H S:M A:H S:H | Fills:375338 Cancels:765 Ord:1514
2026-02-15 10:42:25,205 [PRINT]   [T=275/300] D5 s35 | PnL=$     +0.00 | Agg=3004/50000 (6%) | WNTR:-384 | SMMR:-1787 | ATMN:-272 | SPNG:+561 | Vol:W:H S:M A:H S:H | Fills:388338 Cancels:781 Ord:1546
2026-02-15 10:42:30,380 [PRINT]   [T=280/300] D5 s40 | PnL=$     +0.00 | Agg=3831/50000 (8%) | WNTR:-200 | SMMR:-1942 | ATMN:+728 | SPNG:+961 | Vol:W:H S:M A:H S:H | Fills:397337 Cancels:798 Ord:1580
2026-02-15 10:42:35,258 [PRINT]   [T=285/300] D5 s45 | PnL=$     +0.00 | Agg=1869/50000 (4%) | WNTR:-200 | SMMR:-1280 | ATMN:+228 | SPNG:+161 | Vol:W:H S:M A:H S:H | Fills:405099 Cancels:816 Ord:1616
2026-02-15 10:42:40,030 [PRINT]   [T=290/300] D5 s50 | PnL=$     +0.00 | Agg=2986/50000 (6%) | WNTR:+550 | SMMR:-1525 | ATMN:-272 | SPNG:-639 | Vol:W:H S:H A:H S:H | Fills:411374 Cancels:832 Ord:1645
2026-02-15 10:42:43,786 [PRINT]     [PRE-CLOSE] T=294 s=54 - Cancelled all orders
2026-02-15 10:42:49,792 [PRINT] 
  Heat ended at tick 300
2026-02-15 10:42:49,893 [PRINT] 
  Heat 3 ended.
2026-02-15 10:42:49,893 [PRINT]   P&L: $-1,300.69
2026-02-15 10:42:49,893 [PRINT]   Orders placed: 1665
2026-02-15 10:42:49,894 [PRINT]   Orders cancelled: 843
2026-02-15 10:42:49,894 [PRINT]   Market orders: 0
2026-02-15 10:42:49,894 [PRINT]   Total fill volume: 414,578 shares
2026-02-15 10:42:49,894 [PRINT] 
  --- HEAT HISTORY ---
2026-02-15 10:42:49,894 [PRINT]   H 1: P&L $ +2,740.85 (Ord: 1670, Mkt: 0, Fills: 427,596, Cancels: 864)
2026-02-15 10:42:49,895 [PRINT]   H 2: P&L $ +3,060.05 (Ord: 1591, Mkt: 0, Fills: 403,227, Cancels: 816)
2026-02-15 10:42:49,895 [PRINT]   H 3: P&L $ -1,300.69 (Ord: 1665, Mkt: 0, Fills: 414,578, Cancels: 843)
2026-02-15 10:42:49,895 [PRINT]   --------------------------------------------------
2026-02-15 10:42:49,895 [PRINT]   Total: $+4,500.21
2026-02-15 10:42:49,895 [PRINT] ============================================================

2026-02-15 10:42:52,898 [PRINT] Case status: STOPPED - waiting for ACTIVE...
2026-02-15 10:42:52,900 [PRINT] Case stopped. Waiting for next heat...
2026-02-15 10:42:54,901 [PRINT] Case status: STOPPED - waiting for ACTIVE...
2026-02-15 10:42:54,901 [PRINT] Case stopped. Waiting for next heat...
2026-02-15 10:42:56,906 [PRINT] Case status: STOPPED - waiting for ACTIVE...
2026-02-15 10:42:56,909 [PRINT] Case stopped. Waiting for next heat...
2026-02-15 10:42:58,914 [PRINT] Case status: STOPPED - waiting for ACTIVE...
2026-02-15 10:42:58,916 [PRINT] Case stopped. Waiting for next heat...
2026-02-15 10:43:00,918 [PRINT] Case status: STOPPED - waiting for ACTIVE...
2026-02-15 10:43:00,920 [PRINT] Case stopped. Waiting for next heat...
2026-02-15 10:43:02,923 [PRINT] Case status: STOPPED - waiting for ACTIVE...
2026-02-15 10:43:02,925 [PRINT] Case stopped. Waiting for next heat...
2026-02-15 10:43:04,929 [PRINT] Case status: STOPPED - waiting for ACTIVE...
2026-02-15 10:43:04,930 [PRINT] Case stopped. Waiting for next heat...
2026-02-15 10:43:06,935 [PRINT] Case status: STOPPED - waiting for ACTIVE...
2026-02-15 10:43:06,937 [PRINT] Case stopped. Waiting for next heat...
2026-02-15 10:43:08,939 [PRINT] Case status: STOPPED - waiting for ACTIVE...
2026-02-15 10:43:08,941 [PRINT] Case stopped. Waiting for next heat...
2026-02-15 10:43:10,945 [PRINT] Case status: STOPPED - waiting for ACTIVE...
2026-02-15 10:43:10,948 [PRINT] Case stopped. Waiting for next heat...
2026-02-15 10:43:12,952 [PRINT] Case status: STOPPED - waiting for ACTIVE...
2026-02-15 10:43:12,954 [PRINT] Case stopped. Waiting for next heat...
2026-02-15 10:43:14,956 [PRINT] Case status: STOPPED - waiting for ACTIVE...
2026-02-15 10:43:14,958 [PRINT] Case stopped. Waiting for next heat...
2026-02-15 10:43:16,960 [PRINT] Case status: STOPPED - waiting for ACTIVE...
2026-02-15 10:43:16,962 [PRINT] Case stopped. Waiting for next heat...
2026-02-15 10:43:18,966 [PRINT] Case status: STOPPED - waiting for ACTIVE...
2026-02-15 10:43:18,968 [PRINT] Case stopped. Waiting for next heat...
2026-02-15 10:43:20,970 [PRINT] Case status: STOPPED - waiting for ACTIVE...
2026-02-15 10:43:20,970 [PRINT] Case stopped. Waiting for next heat...
2026-02-15 10:43:22,974 [PRINT] Case status: STOPPED - waiting for ACTIVE...
2026-02-15 10:43:22,974 [PRINT] Case stopped. Waiting for next heat...
2026-02-15 10:43:24,980 [PRINT] Case status: STOPPED - waiting for ACTIVE...
2026-02-15 10:43:24,980 [PRINT] Case stopped. Waiting for next heat...
2026-02-15 10:43:26,987 [PRINT] Case status: STOPPED - waiting for ACTIVE...
2026-02-15 10:43:26,989 [PRINT] Case stopped. Waiting for next heat...
2026-02-15 10:43:28,993 [PRINT] Case status: STOPPED - waiting for ACTIVE...
2026-02-15 10:43:28,995 [PRINT] Case stopped. Waiting for next heat...
2026-02-15 10:43:30,997 [PRINT] Case status: STOPPED - waiting for ACTIVE...
2026-02-15 10:43:30,999 [PRINT] Case stopped. Waiting for next heat...
2026-02-15 10:43:33,003 [PRINT] Case status: STOPPED - waiting for ACTIVE...
2026-02-15 10:43:33,005 [PRINT] Case stopped. Waiting for next heat...
2026-02-15 10:43:35,009 [PRINT] Case status: STOPPED - waiting for ACTIVE...
2026-02-15 10:43:35,011 [PRINT] Case stopped. Waiting for next heat...
2026-02-15 10:43:37,015 [PRINT] Case status: STOPPED - waiting for ACTIVE...
2026-02-15 10:43:37,016 [PRINT] Case stopped. Waiting for next heat...
2026-02-15 10:43:39,019 [PRINT] Case status: STOPPED - waiting for ACTIVE...
2026-02-15 10:43:39,021 [PRINT] Case stopped. Waiting for next heat...
2026-02-15 10:43:41,023 [PRINT] Case status: STOPPED - waiting for ACTIVE...
2026-02-15 10:43:41,023 [PRINT] Case stopped. Waiting for next heat...
2026-02-15 10:43:43,029 [PRINT] Case status: STOPPED - waiting for ACTIVE...
2026-02-15 10:43:43,029 [PRINT] Case stopped. Waiting for next heat...
2026-02-15 10:43:45,036 [PRINT] Case status: STOPPED - waiting for ACTIVE...
2026-02-15 10:43:45,038 [PRINT] Case stopped. Waiting for next heat...
2026-02-15 10:43:47,040 [PRINT] Case status: STOPPED - waiting for ACTIVE...
2026-02-15 10:43:47,040 [PRINT] Case stopped. Waiting for next heat...
2026-02-15 10:43:49,045 [PRINT] Case status: STOPPED - waiting for ACTIVE...
2026-02-15 10:43:49,045 [PRINT] Case stopped. Waiting for next heat...
2026-02-15 10:43:51,052 [PRINT] Case status: STOPPED - waiting for ACTIVE...
2026-02-15 10:43:51,054 [PRINT] Case stopped. Waiting for next heat...
2026-02-15 10:43:53,057 [PRINT] Case status: STOPPED - waiting for ACTIVE...
2026-02-15 10:43:53,059 [PRINT] Case stopped. Waiting for next heat...
2026-02-15 10:43:55,062 [PRINT] Case status: STOPPED - waiting for ACTIVE...
2026-02-15 10:43:55,064 [PRINT] Case stopped. Waiting for next heat...
2026-02-15 10:43:57,070 [PRINT] 
============================================================
2026-02-15 10:43:57,070 [PRINT]   HEAT 4 - V8 PASSIVE-FIRST REBATE FARMING
2026-02-15 10:43:57,070 [PRINT]   Stocks: WNTR, SMMR, ATMN, SPNG
2026-02-15 10:43:57,070 [PRINT]   Start NLV: $0.00
2026-02-15 10:43:57,070 [PRINT]   Rebates: WNTR=$0.045 | SMMR=$0.04 | ATMN=$0.035 | SPNG=$0.03
2026-02-15 10:43:57,070 [PRINT] ============================================================

2026-02-15 10:43:57,070 [PRINT] 
  Starting V8 Passive-First Market Making...
2026-02-15 10:43:57,070 [PRINT]   Start NLV: $0.00
2026-02-15 10:43:57,077 [PRINT]   Aggregate limit: 50000
2026-02-15 10:43:57,077 [PRINT]   Gross limit: 50000, Net limit: 30000
2026-02-15 10:43:57,077 [PRINT]   Rebates: WNTR=$0.045 | SMMR=$0.04 | ATMN=$0.035 | SPNG=$0.03
2026-02-15 10:43:57,077 [PRINT]   Spreads: WNTR=$0.04 | SMMR=$0.04 | ATMN=$0.05 | SPNG=$0.06
2026-02-15 10:43:57,077 [PRINT]   Sizes: WNTR=1500 | SMMR=1200 | ATMN=1000 | SPNG=800
2026-02-15 10:44:00,887 [PRINT]   [T=  5/300] D1 s 5 | PnL=$     +0.00 | Agg=1700/50000 (3%) | WNTR:+0 | SMMR:-1200 | ATMN:-500 | SPNG:+0 | Vol:W:H S:M A:H S:M | Fills:4200 Cancels:15 Ord:30
2026-02-15 10:44:05,824 [PRINT]   [T= 10/300] D1 s10 | PnL=$     +0.00 | Agg=3825/50000 (8%) | WNTR:+1950 | SMMR:+1200 | ATMN:+0 | SPNG:-675 | Vol:W:H S:M A:H S:H | Fills:14975 Cancels:34 Ord:64
2026-02-15 10:44:10,710 [PRINT]   [T= 15/300] D1 s15 | PnL=$     +0.00 | Agg=3489/50000 (7%) | WNTR:+183 | SMMR:+1781 | ATMN:+1000 | SPNG:+525 | Vol:W:H S:H A:H S:H | Fills:20761 Cancels:51 Ord:95
2026-02-15 10:44:15,691 [PRINT]   [T= 20/300] D1 s20 | PnL=$     +0.00 | Agg=3551/50000 (7%) | WNTR:-1317 | SMMR:+1609 | ATMN:+500 | SPNG:+125 | Vol:W:H S:H A:H S:H | Fills:27933 Cancels:66 Ord:121
2026-02-15 10:44:20,988 [PRINT]   [T= 25/300] D1 s25 | PnL=$     +0.00 | Agg=2744/50000 (5%) | WNTR:+1287 | SMMR:+532 | ATMN:+0 | SPNG:+925 | Vol:W:H S:H A:H S:H | Fills:34714 Cancels:81 Ord:149
2026-02-15 10:44:25,741 [PRINT]   [T= 30/300] D1 s30 | PnL=$     +0.00 | Agg=3917/50000 (8%) | WNTR:+1427 | SMMR:+532 | ATMN:+500 | SPNG:+1458 | Vol:W:H S:H A:H S:H | Fills:40041 Cancels:95 Ord:172
2026-02-15 10:44:31,322 [PRINT]   [T= 35/300] D1 s35 | PnL=$     +0.00 | Agg=2262/50000 (5%) | WNTR:-68 | SMMR:-68 | ATMN:+1000 | SPNG:+1126 | Vol:W:H S:H A:H S:H | Fills:46468 Cancels:114 Ord:209
2026-02-15 10:44:36,250 [PRINT]   [T= 40/300] D1 s40 | PnL=$     +0.00 | Agg=2440/50000 (5%) | WNTR:+682 | SMMR:+532 | ATMN:+500 | SPNG:+726 | Vol:W:H S:H A:H S:H | Fills:53218 Cancels:128 Ord:237
2026-02-15 10:44:41,423 [PRINT]   [T= 45/300] D1 s45 | PnL=$     +0.00 | Agg=2596/50000 (5%) | WNTR:-1138 | SMMR:+1132 | ATMN:+0 | SPNG:+326 | Vol:W:H S:M A:H S:H | Fills:61038 Cancels:143 Ord:266
2026-02-15 10:44:46,693 [PRINT]   [T= 50/300] D1 s50 | PnL=$     +0.00 | Agg=1323/50000 (3%) | WNTR:+362 | SMMR:+635 | ATMN:+0 | SPNG:+326 | Vol:W:H S:M A:H S:H | Fills:71235 Cancels:159 Ord:299
2026-02-15 10:44:49,489 [PRINT]     [PRE-CLOSE] T=54 s=54 - Cancelled all orders
2026-02-15 10:44:56,193 [PRINT]   [T= 60/300] D2 s 0 | PnL=$     +0.00 | Agg=424/10000 (4%) | WNTR:-13 | SMMR:+35 | ATMN:+250 | SPNG:+126 | Vol:W:M S:H A:H S:H | Fills:75110 Cancels:171 Ord:323
2026-02-15 10:45:01,288 [PRINT]   [T= 65/300] D2 s 5 | PnL=$     +0.00 | Agg=1229/50000 (2%) | WNTR:-238 | SMMR:-45 | ATMN:+400 | SPNG:+546 | Vol:W:H S:H A:H S:H | Fills:77235 Cancels:189 Ord:359
2026-02-15 10:45:06,100 [PRINT]   [T= 70/300] D2 s10 | PnL=$     +0.00 | Agg=1431/50000 (3%) | WNTR:+512 | SMMR:-45 | ATMN:-100 | SPNG:-774 | Vol:W:H S:H A:H S:H | Fills:87005 Cancels:208 Ord:397
2026-02-15 10:45:11,004 [PRINT]   [T= 75/300] D2 s15 | PnL=$     +0.00 | Agg=2617/50000 (5%) | WNTR:-988 | SMMR:+1155 | ATMN:-100 | SPNG:-374 | Vol:W:H S:H A:H S:H | Fills:94605 Cancels:223 Ord:427
2026-02-15 10:45:16,112 [PRINT]   [T= 80/300] D2 s20 | PnL=$     +0.00 | Agg=3057/50000 (6%) | WNTR:-238 | SMMR:-645 | ATMN:+1400 | SPNG:-774 | Vol:W:H S:H A:H S:H | Fills:101355 Cancels:241 Ord:462
2026-02-15 10:45:21,268 [PRINT]   [T= 85/300] D2 s25 | PnL=$     +0.00 | Agg=2750/50000 (6%) | WNTR:-609 | SMMR:-45 | ATMN:+1322 | SPNG:-774 | Vol:W:H S:H A:H S:H | Fills:111404 Cancels:260 Ord:496
2026-02-15 10:45:25,861 [PRINT]   [T= 90/300] D2 s30 | PnL=$     +0.00 | Agg=4664/50000 (9%) | WNTR:-1359 | SMMR:-645 | ATMN:+1405 | SPNG:-1255 | Vol:W:H S:H A:H S:H | Fills:117490 Cancels:272 Ord:513
2026-02-15 10:45:31,068 [PRINT]   [T= 95/300] D2 s35 | PnL=$     +0.00 | Agg=1482/50000 (3%) | WNTR:+94 | SMMR:-45 | ATMN:+687 | SPNG:-656 | Vol:W:H S:H A:M S:H | Fills:123160 Cancels:283 Ord:534
2026-02-15 10:45:36,283 [PRINT]   [T=100/300] D2 s40 | PnL=$     +0.00 | Agg=1780/50000 (4%) | WNTR:-656 | SMMR:+555 | ATMN:-313 | SPNG:-256 | Vol:W:H S:H A:H S:H | Fills:131610 Cancels:299 Ord:566
2026-02-15 10:45:41,255 [PRINT]   [T=105/300] D2 s45 | PnL=$     +0.00 | Agg=1894/50000 (4%) | WNTR:-1406 | SMMR:-45 | ATMN:+187 | SPNG:-256 | Vol:W:H S:H A:H S:H | Fills:136560 Cancels:312 Ord:591
2026-02-15 10:45:46,315 [PRINT]   [T=110/300] D2 s50 | PnL=$     +0.00 | Agg=2658/50000 (5%) | WNTR:+1172 | SMMR:+1155 | ATMN:+187 | SPNG:+144 | Vol:W:H S:H A:H S:H | Fills:143538 Cancels:327 Ord:620
2026-02-15 10:45:49,812 [PRINT]     [PRE-CLOSE] T=114 s=54 - Cancelled all orders
2026-02-15 10:45:56,518 [PRINT]   [T=120/300] D3 s 0 | PnL=$     +0.00 | Agg=2220/10000 (22%) | WNTR:+422 | SMMR:+1155 | ATMN:+187 | SPNG:-456 | Vol:W:H S:H A:H S:H | Fills:146988 Cancels:341 Ord:648
2026-02-15 10:46:01,576 [PRINT]   [T=125/300] D3 s 5 | PnL=$     +0.00 | Agg=1520/50000 (3%) | WNTR:+646 | SMMR:+495 | ATMN:-63 | SPNG:-316 | Vol:W:H S:H A:H S:H | Fills:149312 Cancels:360 Ord:686
2026-02-15 10:46:06,583 [PRINT]   [T=130/300] D3 s10 | PnL=$     +0.00 | Agg=1295/50000 (3%) | WNTR:+421 | SMMR:+495 | ATMN:-63 | SPNG:-316 | Vol:W:H S:H A:H S:H | Fills:157037 Cancels:375 Ord:716
2026-02-15 10:46:11,318 [PRINT]   [T=135/300] D3 s15 | PnL=$     +0.00 | Agg=2937/50000 (6%) | WNTR:+421 | SMMR:+1095 | ATMN:+937 | SPNG:+484 | Vol:W:H S:H A:H S:H | Fills:165837 Cancels:391 Ord:748
2026-02-15 10:46:16,681 [PRINT]   [T=140/300] D3 s20 | PnL=$     +0.00 | Agg=3133/50000 (6%) | WNTR:-329 | SMMR:+1095 | ATMN:+1225 | SPNG:+484 | Vol:W:H S:H A:H S:H | Fills:171399 Cancels:408 Ord:780
2026-02-15 10:46:21,359 [PRINT]   [T=145/300] D3 s25 | PnL=$     +0.00 | Agg=2483/50000 (5%) | WNTR:-329 | SMMR:+495 | ATMN:-775 | SPNG:+884 | Vol:W:H S:H A:H S:H | Fills:180199 Cancels:424 Ord:812
2026-02-15 10:46:26,549 [PRINT]   [T=150/300] D3 s30 | PnL=$     +0.00 | Agg=1881/50000 (4%) | WNTR:+421 | SMMR:+495 | ATMN:-275 | SPNG:+690 | Vol:W:H S:H A:H S:H | Fills:185443 Cancels:439 Ord:841
2026-02-15 10:46:31,547 [PRINT]   [T=155/300] D3 s35 | PnL=$     +0.00 | Agg=3069/50000 (6%) | WNTR:-329 | SMMR:+2175 | ATMN:-275 | SPNG:+290 | Vol:W:H S:H A:H S:H | Fills:193813 Cancels:456 Ord:873
2026-02-15 10:46:36,603 [PRINT]   [T=160/300] D3 s40 | PnL=$     +0.00 | Agg=1472/50000 (3%) | WNTR:+421 | SMMR:+716 | ATMN:+225 | SPNG:-110 | Vol:W:H S:H A:H S:H | Fills:204922 Cancels:471 Ord:903
2026-02-15 10:46:41,449 [PRINT]   [T=165/300] D3 s45 | PnL=$     +0.00 | Agg=1290/50000 (3%) | WNTR:+421 | SMMR:-484 | ATMN:-275 | SPNG:-110 | Vol:W:H S:H A:H S:H | Fills:213422 Cancels:485 Ord:931
2026-02-15 10:46:46,878 [PRINT]   [T=170/300] D3 s50 | PnL=$     +0.00 | Agg=3038/50000 (6%) | WNTR:+1171 | SMMR:+1032 | ATMN:+725 | SPNG:-110 | Vol:W:H S:H A:H S:H | Fills:221256 Cancels:499 Ord:958
2026-02-15 10:46:50,152 [PRINT]     [PRE-CLOSE] T=174 s=54 - Cancelled all orders
2026-02-15 10:46:56,883 [PRINT]   [T=180/300] D4 s 0 | PnL=$     +0.00 | Agg=2299/10000 (23%) | WNTR:+796 | SMMR:-468 | ATMN:+725 | SPNG:-310 | Vol:W:H S:H A:H S:H | Fills:224231 Cancels:509 Ord:978
2026-02-15 10:47:01,755 [PRINT]   [T=185/300] D4 s 5 | PnL=$     +0.00 | Agg=2162/50000 (4%) | WNTR:+909 | SMMR:-268 | ATMN:+875 | SPNG:+110 | Vol:W:H S:H A:H S:H | Fills:225898 Cancels:527 Ord:1014
2026-02-15 10:47:06,796 [PRINT]   [T=190/300] D4 s10 | PnL=$     +0.00 | Agg=2272/50000 (5%) | WNTR:+1155 | SMMR:+332 | ATMN:-275 | SPNG:+510 | Vol:W:M S:H A:H S:H | Fills:234002 Cancels:544 Ord:1048
2026-02-15 10:47:12,039 [PRINT]   [T=195/300] D4 s15 | PnL=$     +0.00 | Agg=1872/50000 (4%) | WNTR:+1155 | SMMR:+332 | ATMN:-275 | SPNG:+110 | Vol:W:M S:H A:H S:H | Fills:245402 Cancels:558 Ord:1076
2026-02-15 10:47:17,040 [PRINT]   [T=200/300] D4 s20 | PnL=$     +0.00 | Agg=1642/50000 (3%) | WNTR:-345 | SMMR:+332 | ATMN:-275 | SPNG:-690 | Vol:W:H S:H A:H S:H | Fills:255102 Cancels:573 Ord:1106
2026-02-15 10:47:22,084 [PRINT]   [T=205/300] D4 s25 | PnL=$     +0.00 | Agg=2808/50000 (6%) | WNTR:+1155 | SMMR:-268 | ATMN:-1275 | SPNG:+110 | Vol:W:H S:H A:H S:H | Fills:264502 Cancels:592 Ord:1143
2026-02-15 10:47:26,986 [PRINT]   [T=210/300] D4 s30 | PnL=$     +0.00 | Agg=2007/50000 (4%) | WNTR:-1095 | SMMR:+332 | ATMN:+470 | SPNG:+110 | Vol:W:H S:H A:H S:H | Fills:272897 Cancels:609 Ord:1177
2026-02-15 10:47:32,660 [PRINT]   [T=215/300] D4 s35 | PnL=$     +0.00 | Agg=1153/50000 (2%) | WNTR:-345 | SMMR:-268 | ATMN:-30 | SPNG:+510 | Vol:W:M S:H A:H S:H | Fills:279647 Cancels:625 Ord:1209
2026-02-15 10:47:37,015 [PRINT]   [T=220/300] D4 s40 | PnL=$     +0.00 | Agg=4068/50000 (8%) | WNTR:+1727 | SMMR:-621 | ATMN:-1030 | SPNG:-690 | Vol:W:H S:H A:H S:H | Fills:288122 Cancels:640 Ord:1234
2026-02-15 10:47:41,743 [PRINT]   [T=225/300] D4 s45 | PnL=$     +0.00 | Agg=4426/50000 (9%) | WNTR:+1779 | SMMR:-1221 | ATMN:-1336 | SPNG:+90 | Vol:W:H S:M A:H S:H | Fills:292684 Cancels:651 Ord:1252
2026-02-15 10:47:47,032 [PRINT]   [T=230/300] D4 s50 | PnL=$     +0.00 | Agg=1560/50000 (3%) | WNTR:+125 | SMMR:-21 | ATMN:-1104 | SPNG:-310 | Vol:W:H S:M A:H S:H | Fills:297770 Cancels:664 Ord:1277
2026-02-15 10:47:50,529 [PRINT]     [PRE-CLOSE] T=234 s=54 - Cancelled all orders
2026-02-15 10:47:57,410 [PRINT]   [T=240/300] D5 s 0 | PnL=$     +0.00 | Agg=1335/10000 (13%) | WNTR:-250 | SMMR:-621 | ATMN:-354 | SPNG:-110 | Vol:W:H S:M A:H S:H | Fills:302545 Cancels:676 Ord:1301
2026-02-15 10:48:02,345 [PRINT]   [T=245/300] D5 s 5 | PnL=$     +0.00 | Agg=481/50000 (1%) | WNTR:-26 | SMMR:-341 | ATMN:-4 | SPNG:+110 | Vol:W:H S:M A:H S:H | Fills:304869 Cancels:692 Ord:1333
2026-02-15 10:48:07,102 [PRINT]   [T=250/300] D5 s10 | PnL=$     +0.00 | Agg=3204/50000 (6%) | WNTR:+1459 | SMMR:+859 | ATMN:+496 | SPNG:+390 | Vol:W:H S:M A:H S:H | Fills:315754 Cancels:710 Ord:1367
2026-02-15 10:48:12,375 [PRINT]   [T=255/300] D5 s15 | PnL=$     +0.00 | Agg=2292/50000 (5%) | WNTR:+1147 | SMMR:+259 | ATMN:+496 | SPNG:+390 | Vol:W:H S:H A:H S:H | Fills:324466 Cancels:727 Ord:1401
2026-02-15 10:48:17,074 [PRINT]   [T=260/300] D5 s20 | PnL=$     +0.00 | Agg=2006/50000 (4%) | WNTR:-353 | SMMR:+259 | ATMN:-1004 | SPNG:+390 | Vol:W:H S:H A:H S:H | Fills:333966 Cancels:745 Ord:1437
2026-02-15 10:48:22,259 [PRINT]   [T=265/300] D5 s25 | PnL=$     +0.00 | Agg=2232/50000 (4%) | WNTR:+397 | SMMR:-941 | ATMN:-504 | SPNG:+390 | Vol:W:M S:H A:H S:H | Fills:343216 Cancels:759 Ord:1465
2026-02-15 10:48:27,377 [PRINT]   [T=270/300] D5 s30 | PnL=$     +0.00 | Agg=2076/50000 (4%) | WNTR:+697 | SMMR:+565 | ATMN:-4 | SPNG:-810 | Vol:W:M S:H A:H S:H | Fills:360122 Cancels:775 Ord:1497
2026-02-15 10:48:32,341 [PRINT]   [T=275/300] D5 s35 | PnL=$     +0.00 | Agg=5448/50000 (11%) | WNTR:+1897 | SMMR:+1165 | ATMN:+1996 | SPNG:+390 | Vol:W:H S:H A:H S:H | Fills:368122 Cancels:791 Ord:1527
2026-02-15 10:48:37,517 [PRINT]   [T=280/300] D5 s40 | PnL=$     +0.00 | Agg=4365/50000 (9%) | WNTR:+1178 | SMMR:+1165 | ATMN:+1632 | SPNG:+390 | Vol:W:H S:H A:H S:H | Fills:373205 Cancels:807 Ord:1554
2026-02-15 10:48:42,365 [PRINT]   [T=285/300] D5 s45 | PnL=$     +0.00 | Agg=3032/50000 (6%) | WNTR:-1072 | SMMR:+699 | ATMN:+1251 | SPNG:-10 | Vol:W:H S:H A:H S:H | Fills:380702 Cancels:821 Ord:1578
2026-02-15 10:48:47,533 [PRINT]   [T=290/300] D5 s50 | PnL=$     +0.00 | Agg=3335/50000 (7%) | WNTR:-1822 | SMMR:-501 | ATMN:+1002 | SPNG:-10 | Vol:W:H S:H A:H S:H | Fills:390401 Cancels:840 Ord:1613
2026-02-15 10:48:50,902 [PRINT]     [PRE-CLOSE] T=294 s=54 - Cancelled all orders
2026-02-15 10:48:56,985 [PRINT] 
  Heat ended at tick 300
2026-02-15 10:48:57,166 [PRINT] 
  Heat 4 ended.
2026-02-15 10:48:57,166 [PRINT]   P&L: $-2,272.74
2026-02-15 10:48:57,169 [PRINT]   Orders placed: 1631
2026-02-15 10:48:57,169 [PRINT]   Orders cancelled: 850
2026-02-15 10:48:57,169 [PRINT]   Market orders: 0
2026-02-15 10:48:57,171 [PRINT]   Total fill volume: 393,818 shares
2026-02-15 10:48:57,173 [PRINT] 
  --- HEAT HISTORY ---
2026-02-15 10:48:57,173 [PRINT]   H 1: P&L $ +2,740.85 (Ord: 1670, Mkt: 0, Fills: 427,596, Cancels: 864)
2026-02-15 10:48:57,173 [PRINT]   H 2: P&L $ +3,060.05 (Ord: 1591, Mkt: 0, Fills: 403,227, Cancels: 816)
2026-02-15 10:48:57,174 [PRINT]   H 3: P&L $ -1,300.69 (Ord: 1665, Mkt: 0, Fills: 414,578, Cancels: 843)
2026-02-15 10:48:57,174 [PRINT]   H 4: P&L $ -2,272.74 (Ord: 1631, Mkt: 0, Fills: 393,818, Cancels: 850)
2026-02-15 10:48:57,174 [PRINT]   --------------------------------------------------
2026-02-15 10:48:57,176 [PRINT]   Total: $+2,227.47
2026-02-15 10:48:57,176 [PRINT] ============================================================

2026-02-15 10:49:00,181 [PRINT] Case status: STOPPED - waiting for ACTIVE...
2026-02-15 10:49:00,184 [PRINT] Case stopped. Waiting for next heat...
2026-02-15 10:49:02,269 [PRINT] Case status: STOPPED - waiting for ACTIVE...
2026-02-15 10:49:02,274 [PRINT] Case stopped. Waiting for next heat...
2026-02-15 10:49:04,277 [PRINT] Case status: STOPPED - waiting for ACTIVE...
2026-02-15 10:49:04,280 [PRINT] Case stopped. Waiting for next heat...
2026-02-15 10:49:07,521 [PRINT] Case status: STOPPED - waiting for ACTIVE...
2026-02-15 10:49:07,532 [PRINT] Case stopped. Waiting for next heat...
2026-02-15 10:49:09,536 [PRINT] Case status: STOPPED - waiting for ACTIVE...
2026-02-15 10:49:09,538 [PRINT] Case stopped. Waiting for next heat...
2026-02-15 10:49:11,545 [PRINT] Case status: STOPPED - waiting for ACTIVE...
2026-02-15 10:49:11,551 [PRINT] Case stopped. Waiting for next heat...
2026-02-15 10:49:13,557 [PRINT] Case status: STOPPED - waiting for ACTIVE...
2026-02-15 10:49:13,560 [PRINT] Case stopped. Waiting for next heat...
2026-02-15 10:49:15,563 [PRINT] Case status: STOPPED - waiting for ACTIVE...
2026-02-15 10:49:15,563 [PRINT] Case stopped. Waiting for next heat...
2026-02-15 10:49:17,572 [PRINT] Case status: STOPPED - waiting for ACTIVE...
2026-02-15 10:49:17,575 [PRINT] Case stopped. Waiting for next heat...
2026-02-15 10:49:19,579 [PRINT] Case status: STOPPED - waiting for ACTIVE...
2026-02-15 10:49:19,582 [PRINT] Case stopped. Waiting for next heat...
2026-02-15 10:49:21,586 [PRINT] Case status: STOPPED - waiting for ACTIVE...
2026-02-15 10:49:21,589 [PRINT] Case stopped. Waiting for next heat...
2026-02-15 10:49:23,595 [PRINT] Case status: STOPPED - waiting for ACTIVE...
2026-02-15 10:49:23,597 [PRINT] Case stopped. Waiting for next heat...
2026-02-15 10:49:25,602 [PRINT] Case status: STOPPED - waiting for ACTIVE...
2026-02-15 10:49:25,604 [PRINT] Case stopped. Waiting for next heat...
2026-02-15 10:49:27,608 [PRINT] Case status: STOPPED - waiting for ACTIVE...
2026-02-15 10:49:27,611 [PRINT] Case stopped. Waiting for next heat...
2026-02-15 10:49:29,615 [PRINT] Case status: STOPPED - waiting for ACTIVE...
2026-02-15 10:49:29,618 [PRINT] Case stopped. Waiting for next heat...
2026-02-15 10:49:31,627 [PRINT] Case status: STOPPED - waiting for ACTIVE...
2026-02-15 10:49:31,631 [PRINT] Case stopped. Waiting for next heat...
2026-02-15 10:49:33,635 [PRINT] Case status: STOPPED - waiting for ACTIVE...
2026-02-15 10:49:33,638 [PRINT] Case stopped. Waiting for next heat...
2026-02-15 10:49:35,642 [PRINT] Case status: STOPPED - waiting for ACTIVE...
2026-02-15 10:49:35,645 [PRINT] Case stopped. Waiting for next heat...
2026-02-15 10:49:37,650 [PRINT] Case status: STOPPED - waiting for ACTIVE...
2026-02-15 10:49:37,656 [PRINT] Case stopped. Waiting for next heat...
2026-02-15 10:49:39,659 [PRINT] Case status: STOPPED - waiting for ACTIVE...
2026-02-15 10:49:39,664 [PRINT] Case stopped. Waiting for next heat...
2026-02-15 10:49:41,669 [PRINT] Case status: STOPPED - waiting for ACTIVE...
2026-02-15 10:49:41,673 [PRINT] Case stopped. Waiting for next heat...
2026-02-15 10:49:43,676 [PRINT] Case status: STOPPED - waiting for ACTIVE...
2026-02-15 10:49:43,681 [PRINT] Case stopped. Waiting for next heat...
2026-02-15 10:49:45,685 [PRINT] Case status: STOPPED - waiting for ACTIVE...
2026-02-15 10:49:45,689 [PRINT] Case stopped. Waiting for next heat...
2026-02-15 10:49:47,694 [PRINT] Case status: STOPPED - waiting for ACTIVE...
2026-02-15 10:49:47,697 [PRINT] Case stopped. Waiting for next heat...
2026-02-15 10:49:49,701 [PRINT] Case status: STOPPED - waiting for ACTIVE...
2026-02-15 10:49:49,704 [PRINT] Case stopped. Waiting for next heat...
2026-02-15 10:49:51,708 [PRINT] Case status: STOPPED - waiting for ACTIVE...
2026-02-15 10:49:51,712 [PRINT] Case stopped. Waiting for next heat...
2026-02-15 10:49:53,716 [PRINT] Case status: STOPPED - waiting for ACTIVE...
2026-02-15 10:49:53,720 [PRINT] Case stopped. Waiting for next heat...
2026-02-15 10:49:55,724 [PRINT] Case status: STOPPED - waiting for ACTIVE...
2026-02-15 10:49:55,727 [PRINT] Case stopped. Waiting for next heat...
2026-02-15 10:49:57,732 [PRINT] Case status: STOPPED - waiting for ACTIVE...
2026-02-15 10:49:57,734 [PRINT] Case stopped. Waiting for next heat...
2026-02-15 10:49:59,738 [PRINT] Case status: STOPPED - waiting for ACTIVE...
2026-02-15 10:49:59,738 [PRINT] Case stopped. Waiting for next heat...
2026-02-15 10:50:01,749 [PRINT] 
============================================================
2026-02-15 10:50:01,750 [PRINT]   HEAT 5 - V8 PASSIVE-FIRST REBATE FARMING
2026-02-15 10:50:01,750 [PRINT]   Stocks: WNTR, SMMR, ATMN, SPNG
2026-02-15 10:50:01,750 [PRINT]   Start NLV: $0.00
2026-02-15 10:50:01,751 [PRINT]   Rebates: WNTR=$0.045 | SMMR=$0.04 | ATMN=$0.035 | SPNG=$0.03
2026-02-15 10:50:01,752 [PRINT] ============================================================

2026-02-15 10:50:01,752 [PRINT] 
  Starting V8 Passive-First Market Making...
2026-02-15 10:50:01,754 [PRINT]   Start NLV: $0.00
2026-02-15 10:50:01,758 [PRINT]   Aggregate limit: 50000
2026-02-15 10:50:01,758 [PRINT]   Gross limit: 50000, Net limit: 30000
2026-02-15 10:50:01,759 [PRINT]   Rebates: WNTR=$0.045 | SMMR=$0.04 | ATMN=$0.035 | SPNG=$0.03
2026-02-15 10:50:01,759 [PRINT]   Spreads: WNTR=$0.04 | SMMR=$0.04 | ATMN=$0.05 | SPNG=$0.06
2026-02-15 10:50:01,759 [PRINT]   Sizes: WNTR=1500 | SMMR=1200 | ATMN=1000 | SPNG=800
2026-02-15 10:50:06,516 [PRINT]   [T=  5/300] D1 s 5 | PnL=$     +0.00 | Agg=2500/50000 (5%) | WNTR:+1500 | SMMR:-600 | ATMN:+0 | SPNG:+400 | Vol:W:H S:H A:H S:H | Fills:8800 Cancels:18 Ord:35
2026-02-15 10:50:11,597 [PRINT]   [T= 10/300] D1 s10 | PnL=$     +0.00 | Agg=1711/50000 (3%) | WNTR:+711 | SMMR:+0 | ATMN:+1000 | SPNG:+0 | Vol:W:H S:M A:H S:H | Fills:16889 Cancels:32 Ord:62
2026-02-15 10:50:16,573 [PRINT]   [T= 15/300] D1 s15 | PnL=$     +0.00 | Agg=2039/50000 (4%) | WNTR:-39 | SMMR:-600 | ATMN:+1000 | SPNG:+400 | Vol:W:H S:H A:H S:H | Fills:26139 Cancels:49 Ord:96
2026-02-15 10:50:21,357 [PRINT]   [T= 20/300] D1 s20 | PnL=$     +0.00 | Agg=2061/50000 (4%) | WNTR:+1461 | SMMR:-600 | ATMN:+0 | SPNG:+0 | Vol:W:M S:H A:H S:H | Fills:33239 Cancels:61 Ord:120
2026-02-15 10:50:26,620 [PRINT]   [T= 25/300] D1 s25 | PnL=$     +0.00 | Agg=2762/50000 (6%) | WNTR:-2162 | SMMR:-600 | ATMN:+0 | SPNG:+0 | Vol:W:M S:H A:H S:H | Fills:43862 Cancels:73 Ord:144
2026-02-15 10:50:31,621 [PRINT]   [T= 30/300] D1 s30 | PnL=$     +0.00 | Agg=3307/50000 (7%) | WNTR:-875 | SMMR:-1632 | ATMN:+0 | SPNG:-800 | Vol:W:M S:H A:H S:H | Fills:50681 Cancels:89 Ord:175
2026-02-15 10:50:36,612 [PRINT]   [T= 35/300] D1 s35 | PnL=$     +0.00 | Agg=2341/50000 (5%) | WNTR:-875 | SMMR:-566 | ATMN:+500 | SPNG:-400 | Vol:W:M S:M A:H S:H | Fills:61247 Cancels:105 Ord:206
2026-02-15 10:50:41,674 [PRINT]   [T= 40/300] D1 s40 | PnL=$     +0.00 | Agg=3098/50000 (6%) | WNTR:-875 | SMMR:-523 | ATMN:+1300 | SPNG:-400 | Vol:W:M S:H A:H S:H | Fills:74290 Cancels:121 Ord:238
2026-02-15 10:50:46,502 [PRINT]   [T= 45/300] D1 s45 | PnL=$     +0.00 | Agg=2608/50000 (5%) | WNTR:+625 | SMMR:-523 | ATMN:+1060 | SPNG:-400 | Vol:W:M S:M A:H S:H | Fills:82630 Cancels:135 Ord:264
2026-02-15 10:50:51,762 [PRINT]   [T= 50/300] D1 s50 | PnL=$     +0.00 | Agg=3362/50000 (7%) | WNTR:+2125 | SMMR:+277 | ATMN:+560 | SPNG:+400 | Vol:W:M S:M A:H S:H | Fills:98830 Cancels:153 Ord:301
2026-02-15 10:50:55,258 [PRINT]     [PRE-CLOSE] T=54 s=54 - Cancelled all orders
2026-02-15 10:51:02,047 [PRINT]   [T= 60/300] D2 s 0 | PnL=$     +0.00 | Agg=3993/13000 (31%) | WNTR:+1975 | SMMR:+277 | ATMN:+941 | SPNG:+800 | Vol:W:M S:H A:H S:H | Fills:102999 Cancels:167 Ord:330
2026-02-15 10:51:06,829 [PRINT]   [T= 65/300] D2 s 5 | PnL=$     +0.00 | Agg=2549/50000 (5%) | WNTR:+751 | SMMR:+377 | ATMN:+641 | SPNG:+780 | Vol:W:H S:H A:H S:H | Fills:105693 Cancels:183 Ord:362
2026-02-15 10:51:11,777 [PRINT]   [T= 70/300] D2 s10 | PnL=$     +0.00 | Agg=3749/50000 (7%) | WNTR:+751 | SMMR:+377 | ATMN:+641 | SPNG:+1980 | Vol:W:M S:H A:H S:H | Fills:114293 Cancels:200 Ord:395
2026-02-15 10:51:16,944 [PRINT]   [T= 75/300] D2 s15 | PnL=$     +0.00 | Agg=4737/50000 (9%) | WNTR:-2375 | SMMR:-823 | ATMN:+141 | SPNG:+1398 | Vol:W:M S:H A:H S:H | Fills:124949 Cancels:217 Ord:428
2026-02-15 10:51:22,174 [PRINT]   [T= 80/300] D2 s20 | PnL=$     +0.00 | Agg=2771/50000 (6%) | WNTR:-1325 | SMMR:-223 | ATMN:+141 | SPNG:+1082 | Vol:W:H S:M A:H S:H | Fills:131415 Cancels:228 Ord:446
2026-02-15 10:51:27,440 [PRINT]   [T= 85/300] D2 s25 | PnL=$     +0.00 | Agg=1509/50000 (3%) | WNTR:+527 | SMMR:-223 | ATMN:+641 | SPNG:-118 | Vol:W:M S:M A:H S:H | Fills:141767 Cancels:243 Ord:476
2026-02-15 10:51:31,972 [PRINT]   [T= 90/300] D2 s30 | PnL=$     +0.00 | Agg=1573/50000 (3%) | WNTR:+527 | SMMR:-223 | ATMN:+141 | SPNG:+682 | Vol:W:M S:H A:H S:H | Fills:151067 Cancels:257 Ord:504
2026-02-15 10:51:36,819 [PRINT]   [T= 95/300] D2 s35 | PnL=$     +0.00 | Agg=1773/50000 (4%) | WNTR:+527 | SMMR:-823 | ATMN:+141 | SPNG:+282 | Vol:W:H S:M A:H S:H | Fills:163267 Cancels:271 Ord:532
2026-02-15 10:51:41,694 [PRINT]   [T=100/300] D2 s40 | PnL=$     +0.00 | Agg=2111/50000 (4%) | WNTR:+911 | SMMR:-223 | ATMN:-859 | SPNG:-118 | Vol:W:H S:M A:H S:H | Fills:168883 Cancels:283 Ord:555
2026-02-15 10:51:46,967 [PRINT]   [T=105/300] D2 s45 | PnL=$     +0.00 | Agg=4117/50000 (8%) | WNTR:+1633 | SMMR:-1507 | ATMN:-859 | SPNG:-118 | Vol:W:H S:H A:H S:H | Fills:177877 Cancels:297 Ord:578
2026-02-15 10:51:51,940 [PRINT]   [T=110/300] D2 s50 | PnL=$     +0.00 | Agg=2408/50000 (5%) | WNTR:+1785 | SMMR:-374 | ATMN:-131 | SPNG:-118 | Vol:W:H S:H A:H S:H | Fills:183686 Cancels:311 Ord:601
2026-02-15 10:51:55,638 [PRINT]     [PRE-CLOSE] T=114 s=54 - Cancelled all orders
2026-02-15 10:52:02,383 [PRINT]   [T=120/300] D3 s 0 | PnL=$     +0.00 | Agg=2605/13000 (20%) | WNTR:+1518 | SMMR:-374 | ATMN:-631 | SPNG:+82 | Vol:W:H S:H A:H S:H | Fills:187353 Cancels:324 Ord:626
2026-02-15 10:52:07,214 [PRINT]   [T=125/300] D3 s 5 | PnL=$     +0.00 | Agg=1626/50000 (3%) | WNTR:+987 | SMMR:+186 | ATMN:-431 | SPNG:+22 | Vol:W:H S:H A:H S:H | Fills:189484 Cancels:342 Ord:659
2026-02-15 10:52:12,238 [PRINT]   [T=130/300] D3 s10 | PnL=$     +0.00 | Agg=1595/50000 (3%) | WNTR:+462 | SMMR:+186 | ATMN:+569 | SPNG:-378 | Vol:W:H S:H A:H S:H | Fills:199359 Cancels:359 Ord:692
2026-02-15 10:52:17,446 [PRINT]   [T=135/300] D3 s15 | PnL=$     +0.00 | Agg=2451/50000 (5%) | WNTR:+1212 | SMMR:+786 | ATMN:-431 | SPNG:+22 | Vol:W:H S:H A:H S:H | Fills:207809 Cancels:375 Ord:724
2026-02-15 10:52:22,206 [PRINT]   [T=140/300] D3 s20 | PnL=$     +0.00 | Agg=3479/50000 (7%) | WNTR:+1212 | SMMR:-414 | ATMN:-1431 | SPNG:+422 | Vol:W:H S:H A:H S:H | Fills:217409 Cancels:391 Ord:755
2026-02-15 10:52:27,439 [PRINT]   [T=145/300] D3 s25 | PnL=$     +0.00 | Agg=3205/50000 (6%) | WNTR:+666 | SMMR:+786 | ATMN:-1375 | SPNG:-378 | Vol:W:H S:H A:H S:H | Fills:226711 Cancels:409 Ord:787
2026-02-15 10:52:32,342 [PRINT]   [T=150/300] D3 s30 | PnL=$     +0.00 | Agg=2127/50000 (4%) | WNTR:-84 | SMMR:-1014 | ATMN:-651 | SPNG:-378 | Vol:W:H S:H A:H S:H | Fills:234085 Cancels:427 Ord:822
2026-02-15 10:52:37,416 [PRINT]   [T=155/300] D3 s35 | PnL=$     +0.00 | Agg=3899/50000 (8%) | WNTR:-1584 | SMMR:-1014 | ATMN:-1279 | SPNG:+22 | Vol:W:H S:H A:H S:H | Fills:240157 Cancels:442 Ord:848
2026-02-15 10:52:42,319 [PRINT]   [T=160/300] D3 s40 | PnL=$     +0.00 | Agg=2903/50000 (6%) | WNTR:-953 | SMMR:+186 | ATMN:-1342 | SPNG:+422 | Vol:W:H S:M A:H S:H | Fills:245325 Cancels:460 Ord:877
2026-02-15 10:52:47,528 [PRINT]   [T=165/300] D3 s45 | PnL=$     +0.00 | Agg=2866/50000 (6%) | WNTR:+2047 | SMMR:+186 | ATMN:-611 | SPNG:+22 | Vol:W:M S:M A:H S:H | Fills:252656 Cancels:474 Ord:906
2026-02-15 10:52:52,059 [PRINT]   [T=170/300] D3 s50 | PnL=$     +0.00 | Agg=1444/50000 (3%) | WNTR:+847 | SMMR:+186 | ATMN:+389 | SPNG:+22 | Vol:W:M S:M A:H S:H | Fills:266056 Cancels:488 Ord:934
2026-02-15 10:52:55,987 [PRINT]     [PRE-CLOSE] T=174 s=54 - Cancelled all orders
2026-02-15 10:53:02,808 [PRINT]   [T=180/300] D4 s 0 | PnL=$     +0.00 | Agg=1430/13000 (11%) | WNTR:+97 | SMMR:-1172 | ATMN:+139 | SPNG:+22 | Vol:W:H S:H A:H S:H | Fills:271498 Cancels:501 Ord:959
2026-02-15 10:53:07,177 [PRINT]   [T=185/300] D4 s 5 | PnL=$     +0.00 | Agg=1922/50000 (4%) | WNTR:+433 | SMMR:-1352 | ATMN:+39 | SPNG:-98 | Vol:W:H S:H A:H S:H | Fills:273784 Cancels:518 Ord:990
2026-02-15 10:53:12,722 [PRINT]   [T=190/300] D4 s10 | PnL=$     +0.00 | Agg=2848/50000 (6%) | WNTR:-92 | SMMR:-1077 | ATMN:-1461 | SPNG:-218 | Vol:W:H S:H A:H S:H | Fills:277454 Cancels:534 Ord:1017
2026-02-15 10:53:17,697 [PRINT]   [T=195/300] D4 s15 | PnL=$     +0.00 | Agg=3476/50000 (7%) | WNTR:-842 | SMMR:+1323 | ATMN:-1129 | SPNG:+182 | Vol:W:H S:H A:H S:H | Fills:285836 Cancels:550 Ord:1045
2026-02-15 10:53:22,708 [PRINT]   [T=200/300] D4 s20 | PnL=$     +0.00 | Agg=1910/50000 (4%) | WNTR:+658 | SMMR:+441 | ATMN:-629 | SPNG:+182 | Vol:W:H S:H A:H S:H | Fills:293618 Cancels:565 Ord:1074
2026-02-15 10:53:27,692 [PRINT]   [T=205/300] D4 s25 | PnL=$     +0.00 | Agg=2369/50000 (5%) | WNTR:+1081 | SMMR:+441 | ATMN:-629 | SPNG:-218 | Vol:W:H S:M A:H S:H | Fills:300395 Cancels:577 Ord:1096
2026-02-15 10:53:32,900 [PRINT]   [T=210/300] D4 s30 | PnL=$     +0.00 | Agg=1389/50000 (3%) | WNTR:-419 | SMMR:-159 | ATMN:-629 | SPNG:+182 | Vol:W:H S:H A:H S:H | Fills:310595 Cancels:595 Ord:1132
2026-02-15 10:53:37,710 [PRINT]   [T=215/300] D4 s35 | PnL=$     +0.00 | Agg=2539/50000 (5%) | WNTR:-1169 | SMMR:-159 | ATMN:-629 | SPNG:+582 | Vol:W:H S:H A:H S:H | Fills:316745 Cancels:611 Ord:1164
2026-02-15 10:53:42,737 [PRINT]   [T=220/300] D4 s40 | PnL=$     +0.00 | Agg=2871/50000 (6%) | WNTR:-1293 | SMMR:+441 | ATMN:-955 | SPNG:+182 | Vol:W:H S:H A:H S:H | Fills:324795 Cancels:627 Ord:1192
2026-02-15 10:53:47,822 [PRINT]   [T=225/300] D4 s45 | PnL=$     +0.00 | Agg=2662/50000 (5%) | WNTR:-1293 | SMMR:+441 | ATMN:-746 | SPNG:+182 | Vol:W:H S:H A:H S:H | Fills:330004 Cancels:643 Ord:1222
2026-02-15 10:53:52,869 [PRINT]   [T=230/300] D4 s50 | PnL=$     +0.00 | Agg=2208/50000 (4%) | WNTR:-931 | SMMR:+441 | ATMN:+254 | SPNG:+582 | Vol:W:H S:H A:H S:H | Fills:337666 Cancels:659 Ord:1254
2026-02-15 10:53:56,331 [PRINT]     [PRE-CLOSE] T=234 s=54 - Cancelled all orders
2026-02-15 10:54:03,150 [PRINT]   [T=240/300] D5 s 0 | PnL=$     +0.00 | Agg=1058/13000 (8%) | WNTR:-181 | SMMR:+441 | ATMN:+254 | SPNG:+182 | Vol:W:H S:H A:H S:H | Fills:340416 Cancels:670 Ord:1276
2026-02-15 10:54:07,965 [PRINT]   [T=245/300] D5 s 5 | PnL=$     +0.00 | Agg=1086/50000 (2%) | WNTR:-69 | SMMR:+801 | ATMN:+154 | SPNG:+62 | Vol:W:H S:H A:H S:H | Fills:342432 Cancels:687 Ord:1310
2026-02-15 10:54:13,160 [PRINT]   [T=250/300] D5 s10 | PnL=$     +0.00 | Agg=2173/50000 (4%) | WNTR:-819 | SMMR:+1138 | ATMN:+154 | SPNG:+62 | Vol:W:H S:H A:H S:H | Fills:347645 Cancels:700 Ord:1334
2026-02-15 10:54:17,986 [PRINT]   [T=255/300] D5 s15 | PnL=$     +0.00 | Agg=1765/50000 (4%) | WNTR:-819 | SMMR:+538 | ATMN:-346 | SPNG:+62 | Vol:W:H S:H A:H S:H | Fills:353645 Cancels:717 Ord:1368
2026-02-15 10:54:23,012 [PRINT]   [T=260/300] D5 s20 | PnL=$     +0.00 | Agg=1886/50000 (4%) | WNTR:-540 | SMMR:+538 | ATMN:-346 | SPNG:+462 | Vol:W:H S:H A:H S:H | Fills:361824 Cancels:732 Ord:1397
2026-02-15 10:54:28,228 [PRINT]   [T=265/300] D5 s25 | PnL=$     +0.00 | Agg=1931/50000 (4%) | WNTR:-177 | SMMR:+538 | ATMN:+1154 | SPNG:+62 | Vol:W:H S:H A:H S:H | Fills:371687 Cancels:750 Ord:1432
2026-02-15 10:54:33,299 [PRINT]   [T=270/300] D5 s30 | PnL=$     +0.00 | Agg=1727/50000 (3%) | WNTR:+573 | SMMR:+538 | ATMN:+154 | SPNG:+462 | Vol:W:H S:H A:H S:H | Fills:382037 Cancels:769 Ord:1470
2026-02-15 10:54:37,826 [PRINT]   [T=275/300] D5 s35 | PnL=$     +0.00 | Agg=4358/50000 (9%) | WNTR:+1720 | SMMR:+1330 | ATMN:-846 | SPNG:+462 | Vol:W:H S:H A:H S:H | Fills:389298 Cancels:782 Ord:1490
2026-02-15 10:54:43,086 [PRINT]   [T=280/300] D5 s40 | PnL=$     +0.00 | Agg=4440/50000 (9%) | WNTR:+1182 | SMMR:+1650 | ATMN:-346 | SPNG:+1262 | Vol:W:H S:H A:H S:H | Fills:393516 Cancels:798 Ord:1517
2026-02-15 10:54:48,126 [PRINT]   [T=285/300] D5 s45 | PnL=$     +0.00 | Agg=2712/50000 (5%) | WNTR:+705 | SMMR:+1195 | ATMN:-346 | SPNG:+466 | Vol:W:H S:H A:H S:H | Fills:399744 Cancels:813 Ord:1544
2026-02-15 10:54:53,033 [PRINT]   [T=290/300] D5 s50 | PnL=$     +0.00 | Agg=2812/50000 (6%) | WNTR:+705 | SMMR:+1195 | ATMN:-846 | SPNG:+66 | Vol:W:H S:H A:H S:H | Fills:406344 Cancels:828 Ord:1574
2026-02-15 10:54:56,662 [PRINT]     [PRE-CLOSE] T=294 s=54 - Cancelled all orders
2026-02-15 10:55:02,616 [PRINT] 
  Heat ended at tick 300
2026-02-15 10:55:02,704 [PRINT] 
  Heat 5 ended.
2026-02-15 10:55:02,705 [PRINT]   P&L: $-2,365.34
2026-02-15 10:55:02,705 [PRINT]   Orders placed: 1592
2026-02-15 10:55:02,706 [PRINT]   Orders cancelled: 838
2026-02-15 10:55:02,706 [PRINT]   Market orders: 0
2026-02-15 10:55:02,707 [PRINT]   Total fill volume: 411,305 shares
2026-02-15 10:55:02,707 [PRINT] 
  --- HEAT HISTORY ---
2026-02-15 10:55:02,707 [PRINT]   H 1: P&L $ +2,740.85 (Ord: 1670, Mkt: 0, Fills: 427,596, Cancels: 864)
2026-02-15 10:55:02,708 [PRINT]   H 2: P&L $ +3,060.05 (Ord: 1591, Mkt: 0, Fills: 403,227, Cancels: 816)
2026-02-15 10:55:02,708 [PRINT]   H 3: P&L $ -1,300.69 (Ord: 1665, Mkt: 0, Fills: 414,578, Cancels: 843)
2026-02-15 10:55:02,709 [PRINT]   H 4: P&L $ -2,272.74 (Ord: 1631, Mkt: 0, Fills: 393,818, Cancels: 850)
2026-02-15 10:55:02,709 [PRINT]   H 5: P&L $ -2,365.34 (Ord: 1592, Mkt: 0, Fills: 411,305, Cancels: 838)
2026-02-15 10:55:02,709 [PRINT]   --------------------------------------------------
2026-02-15 10:55:02,709 [PRINT]   Total: $-137.87
2026-02-15 10:55:02,711 [PRINT] ============================================================

2026-02-15 10:55:05,713 [PRINT] Case status: STOPPED - waiting for ACTIVE...
2026-02-15 10:55:05,718 [PRINT] Case stopped. Waiting for next heat...
2026-02-15 10:55:07,725 [PRINT] Case status: STOPPED - waiting for ACTIVE...
2026-02-15 10:55:07,728 [PRINT] Case stopped. Waiting for next heat...
2026-02-15 10:55:09,733 [PRINT] Case status: STOPPED - waiting for ACTIVE...
2026-02-15 10:55:09,734 [PRINT] Case stopped. Waiting for next heat...
2026-02-15 10:55:11,738 [PRINT] Case status: STOPPED - waiting for ACTIVE...
2026-02-15 10:55:11,741 [PRINT] Case stopped. Waiting for next heat...
2026-02-15 10:55:13,745 [PRINT] Case status: STOPPED - waiting for ACTIVE...
2026-02-15 10:55:13,748 [PRINT] Case stopped. Waiting for next heat...
2026-02-15 10:55:13,824 [PRINT] 

Shutting down...
2026-02-15 10:55:13,827 [WARNING] api: POST /commands/cancel returned 401: {"code":"UNAUTHORIZED","message":"Simulation must be running."}
2026-02-15 10:55:13,827 [PRINT] Cancelled all open orders.
2026-02-15 10:55:13,831 [PRINT] Final NLV: $-2,365.34
2026-02-15 10:55:13,831 [PRINT] Total P&L across 5 heats: $-137.87
2026-02-15 10:55:13,832 [PRINT] Goodbye.
