2026-02-13 21:37:53,641 [PRINT] Logging to: C:\Users\Kanish Khanna\OneDrive - UBC\Desktop\RITC\RITC-2026\Algo_case_Kanish\algo_mm_20260213_213753.log

2026-02-13 21:37:53,642 [PRINT] Waiting for RIT connection...
2026-02-13 21:37:53,675 [PRINT] Connected to RIT.
2026-02-13 21:37:53,680 [PRINT] Trader: UBCT-4 | First:  | NLV: $-16,221.65
2026-02-13 21:37:53,681 [PRINT] 
Bot ready. Waiting for heats...

2026-02-13 21:37:53,681 [PRINT] ----------------------------------------------------------------------
2026-02-13 21:37:53,685 [PRINT] Case status: STOPPED - waiting for ACTIVE...
2026-02-13 21:37:53,688 [PRINT] Case stopped. Waiting for next heat...
2026-02-13 21:37:55,693 [PRINT] Case status: STOPPED - waiting for ACTIVE...
2026-02-13 21:37:55,694 [PRINT] Case stopped. Waiting for next heat...
2026-02-13 21:37:57,700 [PRINT] Case status: STOPPED - waiting for ACTIVE...
2026-02-13 21:37:57,702 [PRINT] Case stopped. Waiting for next heat...
2026-02-13 21:37:59,709 [PRINT] Case status: STOPPED - waiting for ACTIVE...
2026-02-13 21:37:59,709 [PRINT] Case stopped. Waiting for next heat...
2026-02-13 21:38:01,717 [PRINT] Case status: STOPPED - waiting for ACTIVE...
2026-02-13 21:38:01,720 [PRINT] Case stopped. Waiting for next heat...
2026-02-13 21:38:03,725 [PRINT] Case status: STOPPED - waiting for ACTIVE...
2026-02-13 21:38:03,728 [PRINT] Case stopped. Waiting for next heat...
2026-02-13 21:38:05,732 [PRINT] Case status: STOPPED - waiting for ACTIVE...
2026-02-13 21:38:05,736 [PRINT] Case stopped. Waiting for next heat...
2026-02-13 21:38:07,739 [PRINT] Case status: STOPPED - waiting for ACTIVE...
2026-02-13 21:38:07,742 [PRINT] Case stopped. Waiting for next heat...
2026-02-13 21:38:09,746 [PRINT] Case status: STOPPED - waiting for ACTIVE...
2026-02-13 21:38:09,749 [PRINT] Case stopped. Waiting for next heat...
2026-02-13 21:38:11,750 [PRINT] Case status: STOPPED - waiting for ACTIVE...
2026-02-13 21:38:11,753 [PRINT] Case stopped. Waiting for next heat...
2026-02-13 21:38:13,760 [PRINT] Case status: STOPPED - waiting for ACTIVE...
2026-02-13 21:38:13,764 [PRINT] Case stopped. Waiting for next heat...
2026-02-13 21:38:15,767 [PRINT] Case status: STOPPED - waiting for ACTIVE...
2026-02-13 21:38:15,770 [PRINT] Case stopped. Waiting for next heat...
2026-02-13 21:38:17,773 [PRINT] Case status: STOPPED - waiting for ACTIVE...
2026-02-13 21:38:17,780 [PRINT] Case stopped. Waiting for next heat...
2026-02-13 21:38:19,783 [PRINT] Case status: STOPPED - waiting for ACTIVE...
2026-02-13 21:38:19,786 [PRINT] Case stopped. Waiting for next heat...
2026-02-13 21:38:21,790 [PRINT] Case status: STOPPED - waiting for ACTIVE...
2026-02-13 21:38:21,793 [PRINT] Case stopped. Waiting for next heat...
2026-02-13 21:38:23,797 [PRINT] Case status: STOPPED - waiting for ACTIVE...
2026-02-13 21:38:23,800 [PRINT] Case stopped. Waiting for next heat...
2026-02-13 21:38:25,806 [PRINT] Case status: STOPPED - waiting for ACTIVE...
2026-02-13 21:38:25,808 [PRINT] Case stopped. Waiting for next heat...
2026-02-13 21:38:27,813 [PRINT] Case status: STOPPED - waiting for ACTIVE...
2026-02-13 21:38:27,815 [PRINT] Case stopped. Waiting for next heat...
2026-02-13 21:38:29,819 [PRINT] Case status: STOPPED - waiting for ACTIVE...
2026-02-13 21:38:29,821 [PRINT] Case stopped. Waiting for next heat...
2026-02-13 21:38:31,825 [PRINT] Case status: STOPPED - waiting for ACTIVE...
2026-02-13 21:38:31,828 [PRINT] Case stopped. Waiting for next heat...
2026-02-13 21:38:33,831 [PRINT] Case status: STOPPED - waiting for ACTIVE...
2026-02-13 21:38:33,833 [PRINT] Case stopped. Waiting for next heat...
2026-02-13 21:38:35,835 [PRINT] Case status: STOPPED - waiting for ACTIVE...
2026-02-13 21:38:35,838 [PRINT] Case stopped. Waiting for next heat...
2026-02-13 21:38:37,842 [PRINT] 
============================================================
2026-02-13 21:38:37,843 [PRINT]   HEAT 1 - V5 COMPETITION EDITION
2026-02-13 21:38:37,843 [PRINT]   Stocks: WNTR, SMMR, ATMN, SPNG
2026-02-13 21:38:37,843 [PRINT]   Start NLV: $0.00
2026-02-13 21:38:37,843 [PRINT]   Spreads: WNTR=$0.10 | SMMR=$0.12 | ATMN=$0.14 | SPNG=$0.16
2026-02-13 21:38:37,844 [PRINT]   Sizes: WNTR=1500 | SMMR=1200 | ATMN=1000 | SPNG=800
2026-02-13 21:38:37,844 [PRINT] ============================================================

2026-02-13 21:38:37,844 [PRINT] 
  Starting market-making loop V5...
2026-02-13 21:38:37,846 [PRINT]   Start NLV: $0.00
2026-02-13 21:38:37,847 [PRINT]   Aggregate limit: 50000
2026-02-13 21:38:37,848 [PRINT]   Gross limit: 50000, Net limit: 30000
2026-02-13 21:38:38,702 [PRINT]   [T=  0/300] D1 s 0 | PnL=$     +0.00 | Agg=0/50000 (0%) | WNTR:+0 | SMMR:+0 | ATMN:+0 | SPNG:+0 | Vol:W:M S:M A:M S:M | Adapt:W:1.00 S:1.00 A:1.00 S:1.00 | Fills:0 Ord:8
2026-02-13 21:38:42,186 [PRINT]   [T=  5/300] D1 s 5 | PnL=$    +57.60 | Agg=440/50000 (1%) | WNTR:+0 | SMMR:+240 | ATMN:-200 | SPNG:+0 | Vol:W:H S:H A:M S:H | Adapt:W:1.00 S:1.00 A:1.00 S:1.00 | Fills:440 Ord:8
2026-02-13 21:38:47,574 [PRINT]   [T= 10/300] D1 s10 | PnL=$    +41.50 | Agg=610/50000 (1%) | WNTR:+0 | SMMR:-60 | ATMN:+550 | SPNG:+0 | Vol:W:M S:H A:H S:H | Adapt:W:1.00 S:1.00 A:1.00 S:1.00 | Fills:2390 Ord:22
2026-02-13 21:38:52,566 [PRINT]   [T= 15/300] D1 s15 | PnL=$   -367.24 | Agg=1376/50000 (3%) | WNTR:-1266 | SMMR:-60 | ATMN:+50 | SPNG:+0 | Vol:W:M S:H A:H S:H | Adapt:W:1.08 S:1.00 A:1.08 S:1.00 | Fills:5124 Ord:34
2026-02-13 21:38:57,425 [PRINT]   [T= 20/300] D1 s20 | PnL=$   -377.81 | Agg=1699/50000 (3%) | WNTR:+1259 | SMMR:+240 | ATMN:-200 | SPNG:+0 | Vol:W:M S:H A:H S:H | Adapt:W:1.08 S:1.00 A:1.08 S:1.00 | Fills:9199 Ord:48
2026-02-13 21:39:02,461 [PRINT]   [T= 25/300] D1 s25 | PnL=$   -793.23 | Agg=453/50000 (1%) | WNTR:-143 | SMMR:-60 | ATMN:+50 | SPNG:-200 | Vol:W:M S:H A:H S:H | Adapt:W:1.08 S:1.00 A:1.08 S:1.00 | Fills:12351 Ord:66
2026-02-13 21:39:07,506 [PRINT]   [T= 30/300] D1 s30 | PnL=$   -896.32 | Agg=826/50000 (2%) | WNTR:+366 | SMMR:-60 | ATMN:-200 | SPNG:+200 | Vol:W:H S:H A:H S:H | Adapt:W:1.17 S:1.08 A:1.08 S:1.00 | Fills:16092 Ord:82
2026-02-13 21:39:12,497 [PRINT]   [T= 35/300] D1 s35 | PnL=$   -951.13 | Agg=269/50000 (1%) | WNTR:-9 | SMMR:-60 | ATMN:-200 | SPNG:+0 | Vol:W:H S:H A:H S:H | Adapt:W:1.17 S:1.08 A:1.08 S:1.00 | Fills:17667 Ord:98
2026-02-13 21:39:17,402 [PRINT]   [T= 40/300] D1 s40 | PnL=$ -1,386.59 | Agg=1349/50000 (3%) | WNTR:-9 | SMMR:+1140 | ATMN:-200 | SPNG:+0 | Vol:W:H S:H A:H S:H | Adapt:W:1.17 S:1.08 A:1.08 S:1.00 | Fills:20117 Ord:104
2026-02-13 21:39:22,933 [PRINT]   [T= 45/300] D1 s45 | PnL=$ -1,450.83 | Agg=1706/50000 (3%) | WNTR:+366 | SMMR:+1140 | ATMN:-200 | SPNG:+0 | Vol:W:H S:H A:H S:H | Adapt:W:1.26 S:1.17 A:1.08 S:1.00 | Fills:21242 Ord:118
2026-02-13 21:39:27,609 [PRINT]   [T= 50/300] D1 s50 | PnL=$ -1,302.54 | Agg=1149/50000 (2%) | WNTR:-9 | SMMR:+840 | ATMN:-200 | SPNG:-100 | Vol:W:H S:H A:H S:H | Adapt:W:1.26 S:1.17 A:1.08 S:1.00 | Fills:22717 Ord:126
2026-02-13 21:39:29,516 [PRINT]     [PRE-CLOSE] T=52 s=52 - Cancelled all orders
2026-02-13 21:39:37,493 [PRINT]   [T= 60/300] D2 s 0 | PnL=$ -1,743.74 | Agg=1481/50000 (3%) | WNTR:+441 | SMMR:+840 | ATMN:-200 | SPNG:+0 | Vol:W:H S:H A:H S:H | Adapt:W:1.26 S:1.17 A:1.08 S:1.00 | Fills:23267 Ord:128
2026-02-13 21:39:42,709 [PRINT]   [T= 65/300] D2 s 5 | PnL=$ -1,983.12 | Agg=1181/50000 (2%) | WNTR:+341 | SMMR:+740 | ATMN:-100 | SPNG:+0 | Vol:W:H S:H A:H S:H | Adapt:W:1.26 S:1.17 A:1.08 S:1.00 | Fills:23767 Ord:142
2026-02-13 21:39:48,242 [PRINT]   [T= 70/300] D2 s10 | PnL=$ -2,259.30 | Agg=1201/50000 (2%) | WNTR:+341 | SMMR:-460 | ATMN:-100 | SPNG:+300 | Vol:W:H S:M A:H S:H | Adapt:W:1.26 S:1.17 A:1.08 S:1.00 | Fills:26917 Ord:166
2026-02-13 21:39:52,742 [PRINT]   [T= 75/300] D2 s15 | PnL=$ -2,910.55 | Agg=1281/50000 (3%) | WNTR:+341 | SMMR:+740 | ATMN:-100 | SPNG:-100 | Vol:W:H S:H A:H S:H | Adapt:W:1.36 S:1.26 A:1.08 S:1.00 | Fills:30517 Ord:178
2026-02-13 21:39:57,984 [PRINT]   [T= 80/300] D2 s20 | PnL=$ -2,887.16 | Agg=1281/50000 (3%) | WNTR:+341 | SMMR:+740 | ATMN:-100 | SPNG:-100 | Vol:W:H S:H A:H S:H | Adapt:W:1.36 S:1.26 A:1.08 S:1.00 | Fills:31317 Ord:188
2026-02-13 21:40:02,625 [PRINT]   [T= 85/300] D2 s25 | PnL=$ -2,747.12 | Agg=974/50000 (2%) | WNTR:-34 | SMMR:+740 | ATMN:-100 | SPNG:+100 | Vol:W:H S:H A:H S:H | Adapt:W:1.36 S:1.26 A:1.08 S:1.00 | Fills:33542 Ord:200
2026-02-13 21:40:07,850 [PRINT]   [T= 90/300] D2 s30 | PnL=$ -3,107.03 | Agg=974/50000 (2%) | WNTR:-34 | SMMR:+740 | ATMN:-100 | SPNG:-100 | Vol:W:H S:H A:H S:H | Adapt:W:1.36 S:1.16 A:1.08 S:1.08 | Fills:34642 Ord:212
2026-02-13 21:40:12,860 [PRINT]   [T= 95/300] D2 s35 | PnL=$ -3,170.32 | Agg=1331/50000 (3%) | WNTR:+341 | SMMR:+740 | ATMN:+150 | SPNG:+100 | Vol:W:H S:H A:H S:H | Adapt:W:1.36 S:1.16 A:1.08 S:1.08 | Fills:36467 Ord:228
2026-02-13 21:40:17,877 [PRINT]   [T=100/300] D2 s40 | PnL=$ -3,624.07 | Agg=1051/50000 (2%) | WNTR:+341 | SMMR:-460 | ATMN:+150 | SPNG:+100 | Vol:W:H S:H A:H S:H | Adapt:W:1.36 S:1.16 A:1.08 S:1.08 | Fills:38817 Ord:238
2026-02-13 21:40:22,747 [PRINT]   [T=105/300] D2 s45 | PnL=$ -3,965.41 | Agg=1051/50000 (2%) | WNTR:+341 | SMMR:-460 | ATMN:+150 | SPNG:+100 | Vol:W:H S:H A:H S:H | Adapt:W:1.36 S:1.16 A:1.17 S:1.08 | Fills:40117 Ord:248
2026-02-13 21:40:28,120 [PRINT]   [T=110/300] D2 s50 | PnL=$ -4,076.70 | Agg=701/50000 (1%) | WNTR:+341 | SMMR:-160 | ATMN:-100 | SPNG:-100 | Vol:W:H S:H A:H S:H | Adapt:W:1.36 S:1.16 A:1.17 S:1.08 | Fills:40867 Ord:258
2026-02-13 21:40:29,866 [PRINT]     [PRE-CLOSE] T=112 s=52 - Cancelled all orders
2026-02-13 21:40:38,037 [PRINT]   [T=120/300] D3 s 0 | PnL=$ -4,217.43 | Agg=501/50000 (1%) | WNTR:+341 | SMMR:-160 | ATMN:+0 | SPNG:+0 | Vol:W:M S:H A:H S:H | Adapt:W:1.25 S:1.16 A:1.17 S:1.08 | Fills:41067 Ord:264
2026-02-13 21:40:42,896 [PRINT]   [T=125/300] D3 s 5 | PnL=$ -4,166.15 | Agg=119/50000 (0%) | WNTR:-59 | SMMR:-60 | ATMN:+0 | SPNG:+0 | Vol:W:H S:H A:H S:H | Adapt:W:1.25 S:1.16 A:1.17 S:1.08 | Fills:41567 Ord:272
2026-02-13 21:40:48,431 [PRINT]   [T=130/300] D3 s10 | PnL=$ -4,193.57 | Agg=1476/50000 (3%) | WNTR:+316 | SMMR:-960 | ATMN:+0 | SPNG:+200 | Vol:W:H S:M A:H S:H | Adapt:W:1.25 S:1.16 A:1.17 S:1.08 | Fills:44892 Ord:294
2026-02-13 21:40:53,324 [PRINT]   [T=135/300] D3 s15 | PnL=$ -4,764.31 | Agg=1726/50000 (3%) | WNTR:+316 | SMMR:-960 | ATMN:+250 | SPNG:-200 | Vol:W:H S:M A:H S:H | Adapt:W:1.35 S:1.25 A:1.17 S:1.08 | Fills:49442 Ord:310
2026-02-13 21:40:58,178 [PRINT]   [T=140/300] D3 s20 | PnL=$ -4,968.57 | Agg=756/50000 (2%) | WNTR:+316 | SMMR:+240 | ATMN:+0 | SPNG:-200 | Vol:W:H S:M A:H S:H | Adapt:W:1.35 S:1.25 A:1.17 S:1.08 | Fills:52042 Ord:322
2026-02-13 21:40:59,019 [PRINT]     [CIRCUIT BREAKER] ACTIVE! P&L=$-5,033.45 below $-5,000
2026-02-13 21:41:03,190 [PRINT]   [T=145/300] D3 s25 | PnL=$ -4,956.77 | Agg=549/50000 (1%) | WNTR:-59 | SMMR:+240 | ATMN:-250 | SPNG:+0 | Vol:W:H S:M A:H S:H | Adapt:W:1.35 S:1.25 A:1.17 S:1.08 | Fills:52867 Ord:324 [CB:ON]
2026-02-13 21:41:08,078 [PRINT]   [T=150/300] D3 s30 | PnL=$ -5,084.94 | Agg=669/50000 (1%) | WNTR:-59 | SMMR:-360 | ATMN:-250 | SPNG:+0 | Vol:W:H S:M A:H S:H | Adapt:W:1.35 S:1.35 A:1.17 S:1.08 | Fills:53841 Ord:328 [CB:ON]
2026-02-13 21:41:13,286 [PRINT]   [T=155/300] D3 s35 | PnL=$ -5,150.19 | Agg=738/50000 (1%) | WNTR:+128 | SMMR:-360 | ATMN:+250 | SPNG:+0 | Vol:W:H S:M A:H S:H | Adapt:W:1.35 S:1.35 A:1.17 S:1.08 | Fills:54528 Ord:334 [CB:ON]
2026-02-13 21:41:18,130 [PRINT]   [T=160/300] D3 s40 | PnL=$ -5,169.19 | Agg=618/50000 (1%) | WNTR:+128 | SMMR:+240 | ATMN:+250 | SPNG:+0 | Vol:W:H S:H A:H S:H | Adapt:W:1.35 S:1.35 A:1.17 S:1.08 | Fills:55328 Ord:338 [CB:ON]
2026-02-13 21:41:23,169 [PRINT]   [T=165/300] D3 s45 | PnL=$ -5,194.68 | Agg=618/50000 (1%) | WNTR:+128 | SMMR:+240 | ATMN:+250 | SPNG:+0 | Vol:W:H S:H A:H S:H | Adapt:W:1.24 S:1.35 A:1.17 S:0.99 | Fills:55328 Ord:338 [CB:ON]
2026-02-13 21:41:28,184 [PRINT]   [T=170/300] D3 s50 | PnL=$ -5,261.70 | Agg=549/50000 (1%) | WNTR:-59 | SMMR:+240 | ATMN:+250 | SPNG:+0 | Vol:W:H S:H A:H S:H | Adapt:W:1.24 S:1.35 A:1.17 S:0.99 | Fills:55715 Ord:344 [CB:ON]
2026-02-13 21:41:30,239 [PRINT]     [PRE-CLOSE] T=172 s=52 - Cancelled all orders
2026-02-13 21:41:38,228 [PRINT]   [T=180/300] D4 s 0 | PnL=$ -5,358.81 | Agg=549/50000 (1%) | WNTR:-59 | SMMR:+240 | ATMN:+250 | SPNG:+0 | Vol:W:H S:H A:H S:H | Adapt:W:1.14 S:1.24 A:1.07 S:0.91 | Fills:55715 Ord:344 [CB:ON]
2026-02-13 21:41:43,233 [PRINT]   [T=185/300] D4 s 5 | PnL=$ -5,298.81 | Agg=349/50000 (1%) | WNTR:-59 | SMMR:+140 | ATMN:+150 | SPNG:+0 | Vol:W:H S:H A:H S:H | Adapt:W:1.14 S:1.24 A:1.07 S:0.91 | Fills:55915 Ord:350 [CB:ON]
2026-02-13 21:41:48,447 [PRINT]   [T=190/300] D4 s10 | PnL=$ -5,401.91 | Agg=449/50000 (1%) | WNTR:-59 | SMMR:+140 | ATMN:+150 | SPNG:+100 | Vol:W:H S:H A:H S:H | Adapt:W:1.14 S:1.24 A:1.07 S:0.91 | Fills:56389 Ord:360 [CB:ON]
2026-02-13 21:41:53,477 [PRINT]   [T=195/300] D4 s15 | PnL=$ -5,404.98 | Agg=349/50000 (1%) | WNTR:-59 | SMMR:+140 | ATMN:+150 | SPNG:+0 | Vol:W:H S:H A:H S:H | Adapt:W:1.14 S:1.14 A:0.99 S:0.91 | Fills:56689 Ord:368 [CB:ON]
2026-02-13 21:41:58,518 [PRINT]   [T=200/300] D4 s20 | PnL=$ -5,393.40 | Agg=418/50000 (1%) | WNTR:+128 | SMMR:+140 | ATMN:+150 | SPNG:+0 | Vol:W:H S:H A:H S:H | Adapt:W:1.14 S:1.14 A:0.99 S:0.91 | Fills:57076 Ord:374 [CB:ON]
2026-02-13 21:42:03,507 [PRINT]   [T=205/300] D4 s25 | PnL=$ -5,441.18 | Agg=613/50000 (1%) | WNTR:+128 | SMMR:-460 | ATMN:+25 | SPNG:+0 | Vol:W:H S:H A:H S:H | Adapt:W:1.14 S:1.14 A:0.99 S:0.91 | Fills:58001 Ord:384 [CB:ON]
2026-02-13 21:42:08,345 [PRINT]   [T=210/300] D4 s30 | PnL=$ -5,479.53 | Agg=544/50000 (1%) | WNTR:-59 | SMMR:-460 | ATMN:+25 | SPNG:+0 | Vol:W:H S:H A:H S:H | Adapt:W:1.14 S:1.14 A:0.91 S:0.91 | Fills:58188 Ord:386 [CB:ON]
2026-02-13 21:42:13,561 [PRINT]   [T=215/300] D4 s35 | PnL=$ -5,407.90 | Agg=644/50000 (1%) | WNTR:-59 | SMMR:-460 | ATMN:+25 | SPNG:+100 | Vol:W:H S:H A:H S:H | Adapt:W:1.14 S:1.14 A:0.91 S:0.91 | Fills:58288 Ord:390 [CB:ON]
2026-02-13 21:42:18,627 [PRINT]   [T=220/300] D4 s40 | PnL=$ -5,421.29 | Agg=619/50000 (1%) | WNTR:-59 | SMMR:-460 | ATMN:-100 | SPNG:+0 | Vol:W:H S:H A:H S:H | Adapt:W:1.14 S:1.14 A:0.91 S:0.91 | Fills:58513 Ord:392 [CB:ON]
2026-02-13 21:42:23,454 [PRINT]   [T=225/300] D4 s45 | PnL=$ -5,404.66 | Agg=544/50000 (1%) | WNTR:-59 | SMMR:-460 | ATMN:+25 | SPNG:+0 | Vol:W:H S:M A:H S:H | Adapt:W:1.05 S:1.05 A:0.91 S:0.84 | Fills:58638 Ord:400 [CB:ON]
2026-02-13 21:42:28,669 [PRINT]   [T=230/300] D4 s50 | PnL=$ -5,388.13 | Agg=644/50000 (1%) | WNTR:-59 | SMMR:-460 | ATMN:+25 | SPNG:+100 | Vol:W:H S:M A:H S:H | Adapt:W:1.05 S:1.05 A:0.91 S:0.84 | Fills:58938 Ord:406 [CB:ON]
2026-02-13 21:42:30,576 [PRINT]     [PRE-CLOSE] T=232 s=52 - Cancelled all orders
2026-02-13 21:42:38,574 [PRINT]     [CIRCUIT BREAKER] HALT! P&L=$-14,999.58 below $-12,000
2026-02-13 21:43:38,894 [PRINT] 
  Heat ended at tick 300
2026-02-13 21:43:38,899 [PRINT] 
  Heat 1 ended.
2026-02-13 21:43:38,900 [PRINT]   P&L: $-4,961.70
2026-02-13 21:43:38,900 [PRINT]   Orders placed: 406
2026-02-13 21:43:38,900 [PRINT]   Market orders: 0
2026-02-13 21:43:38,901 [PRINT]   Total fill volume: 59,163 shares
2026-02-13 21:43:38,901 [PRINT]   Final adaptive mults: WNTR:1.05 | SMMR:1.05 | ATMN:0.91 | SPNG:0.84
2026-02-13 21:43:38,902 [PRINT] 
  --- HEAT HISTORY ---
2026-02-13 21:43:38,902 [PRINT]   H 1: P&L $ -4,961.70 (Orders: 406, Mkt: 0, Fills: 59,163)
2026-02-13 21:43:38,902 [PRINT]   --------------------------------------------------
2026-02-13 21:43:38,903 [PRINT]   Total: $-4,961.70
2026-02-13 21:43:38,903 [PRINT] ============================================================

2026-02-13 21:43:41,906 [PRINT] Case status: STOPPED - waiting for ACTIVE...
2026-02-13 21:43:41,910 [PRINT] Case stopped. Waiting for next heat...
2026-02-13 21:43:43,914 [PRINT] Case status: STOPPED - waiting for ACTIVE...
2026-02-13 21:43:43,918 [PRINT] Case stopped. Waiting for next heat...
2026-02-13 21:43:45,922 [PRINT] Case status: STOPPED - waiting for ACTIVE...
2026-02-13 21:43:45,926 [PRINT] Case stopped. Waiting for next heat...
2026-02-13 21:43:47,931 [PRINT] Case status: STOPPED - waiting for ACTIVE...
2026-02-13 21:43:47,934 [PRINT] Case stopped. Waiting for next heat...
2026-02-13 21:43:49,937 [PRINT] Case status: STOPPED - waiting for ACTIVE...
2026-02-13 21:43:49,940 [PRINT] Case stopped. Waiting for next heat...
2026-02-13 21:43:51,944 [PRINT] Case status: STOPPED - waiting for ACTIVE...
2026-02-13 21:43:51,947 [PRINT] Case stopped. Waiting for next heat...
2026-02-13 21:43:53,951 [PRINT] Case status: STOPPED - waiting for ACTIVE...
2026-02-13 21:43:53,955 [PRINT] Case stopped. Waiting for next heat...
2026-02-13 21:43:55,959 [PRINT] Case status: STOPPED - waiting for ACTIVE...
2026-02-13 21:43:55,963 [PRINT] Case stopped. Waiting for next heat...
2026-02-13 21:43:57,968 [PRINT] Case status: STOPPED - waiting for ACTIVE...
2026-02-13 21:43:57,970 [PRINT] Case stopped. Waiting for next heat...
2026-02-13 21:43:59,975 [PRINT] Case status: STOPPED - waiting for ACTIVE...
2026-02-13 21:43:59,978 [PRINT] Case stopped. Waiting for next heat...
2026-02-13 21:44:01,981 [PRINT] Case status: STOPPED - waiting for ACTIVE...
2026-02-13 21:44:01,984 [PRINT] Case stopped. Waiting for next heat...
2026-02-13 21:44:03,988 [PRINT] Case status: STOPPED - waiting for ACTIVE...
2026-02-13 21:44:03,991 [PRINT] Case stopped. Waiting for next heat...
2026-02-13 21:44:05,992 [PRINT] Case status: STOPPED - waiting for ACTIVE...
2026-02-13 21:44:05,999 [PRINT] Case stopped. Waiting for next heat...
2026-02-13 21:44:08,003 [PRINT] Case status: STOPPED - waiting for ACTIVE...
2026-02-13 21:44:08,005 [PRINT] Case stopped. Waiting for next heat...
2026-02-13 21:44:10,011 [PRINT] Case status: STOPPED - waiting for ACTIVE...
2026-02-13 21:44:10,013 [PRINT] Case stopped. Waiting for next heat...
2026-02-13 21:44:12,018 [PRINT] Case status: STOPPED - waiting for ACTIVE...
2026-02-13 21:44:12,020 [PRINT] Case stopped. Waiting for next heat...
2026-02-13 21:44:14,024 [PRINT] Case status: STOPPED - waiting for ACTIVE...
2026-02-13 21:44:14,024 [PRINT] Case stopped. Waiting for next heat...
2026-02-13 21:44:16,032 [PRINT] Case status: STOPPED - waiting for ACTIVE...
2026-02-13 21:44:16,036 [PRINT] Case stopped. Waiting for next heat...
2026-02-13 21:44:18,039 [PRINT] Case status: STOPPED - waiting for ACTIVE...
2026-02-13 21:44:18,043 [PRINT] Case stopped. Waiting for next heat...
2026-02-13 21:44:20,047 [PRINT] Case status: STOPPED - waiting for ACTIVE...
2026-02-13 21:44:20,050 [PRINT] Case stopped. Waiting for next heat...
2026-02-13 21:44:22,058 [PRINT] Case status: STOPPED - waiting for ACTIVE...
2026-02-13 21:44:22,061 [PRINT] Case stopped. Waiting for next heat...
2026-02-13 21:44:24,066 [PRINT] Case status: STOPPED - waiting for ACTIVE...
2026-02-13 21:44:24,070 [PRINT] Case stopped. Waiting for next heat...
2026-02-13 21:44:26,074 [PRINT] Case status: STOPPED - waiting for ACTIVE...
2026-02-13 21:44:26,076 [PRINT] Case stopped. Waiting for next heat...
2026-02-13 21:44:28,081 [PRINT] Case status: STOPPED - waiting for ACTIVE...
2026-02-13 21:44:28,085 [PRINT] Case stopped. Waiting for next heat...
2026-02-13 21:44:30,088 [PRINT] Case status: STOPPED - waiting for ACTIVE...
2026-02-13 21:44:30,092 [PRINT] Case stopped. Waiting for next heat...
2026-02-13 21:44:32,095 [PRINT] Case status: STOPPED - waiting for ACTIVE...
2026-02-13 21:44:32,098 [PRINT] Case stopped. Waiting for next heat...
2026-02-13 21:44:34,099 [PRINT] Case status: STOPPED - waiting for ACTIVE...
2026-02-13 21:44:34,099 [PRINT] Case stopped. Waiting for next heat...
2026-02-13 21:44:36,108 [PRINT] Case status: STOPPED - waiting for ACTIVE...
2026-02-13 21:44:36,111 [PRINT] Case stopped. Waiting for next heat...
2026-02-13 21:44:38,115 [PRINT] Case status: STOPPED - waiting for ACTIVE...
2026-02-13 21:44:38,118 [PRINT] Case stopped. Waiting for next heat...
2026-02-13 21:44:40,123 [PRINT] Case status: STOPPED - waiting for ACTIVE...
2026-02-13 21:44:40,125 [PRINT] Case stopped. Waiting for next heat...
2026-02-13 21:44:42,133 [PRINT] 
============================================================
2026-02-13 21:44:42,133 [PRINT]   HEAT 2 - V5 COMPETITION EDITION
2026-02-13 21:44:42,133 [PRINT]   Stocks: WNTR, SMMR, ATMN, SPNG
2026-02-13 21:44:42,134 [PRINT]   Start NLV: $0.00
2026-02-13 21:44:42,134 [PRINT]   Spreads: WNTR=$0.10 | SMMR=$0.12 | ATMN=$0.14 | SPNG=$0.16
2026-02-13 21:44:42,134 [PRINT]   Sizes: WNTR=1500 | SMMR=1200 | ATMN=1000 | SPNG=800
2026-02-13 21:44:42,135 [PRINT] ============================================================

2026-02-13 21:44:42,135 [PRINT] 
  Starting market-making loop V5...
2026-02-13 21:44:42,139 [PRINT]   Start NLV: $0.00
2026-02-13 21:44:42,142 [PRINT]   Aggregate limit: 50000
2026-02-13 21:44:42,142 [PRINT]   Gross limit: 50000, Net limit: 30000
2026-02-13 21:44:43,055 [PRINT]   [T=  0/300] D1 s 0 | PnL=$     +0.00 | Agg=0/50000 (0%) | WNTR:+0 | SMMR:+0 | ATMN:+0 | SPNG:+0 | Vol:W:M S:M A:M S:M | Adapt:W:1.00 S:1.00 A:1.00 S:1.00 | Fills:0 Ord:8
2026-02-13 21:44:43,958 [PRINT] 

Shutting down...
2026-02-13 21:44:44,014 [PRINT] Cancelled all open orders.
2026-02-13 21:44:44,017 [PRINT] Final NLV: $-17.00
2026-02-13 21:44:44,018 [PRINT] Total P&L across 1 heats: $-4,961.70
2026-02-13 21:44:44,018 [PRINT] Goodbye.
