2026-02-15 10:20:49,877 [PRINT] Logging to: C:\Users\Kanish Khanna\OneDrive - UBC\Desktop\RITC\RITC-2026\Algo_case_Kanish\algo_mm_20260215_102049.log

2026-02-15 10:20:49,879 [PRINT] Waiting for RIT connection...
2026-02-15 10:20:49,911 [PRINT] Connected to RIT.
2026-02-15 10:20:49,915 [PRINT] Trader: UBCT-4 | First:  | NLV: $-170.05
2026-02-15 10:20:49,917 [PRINT] 
Bot ready. Waiting for heats...

2026-02-15 10:20:49,917 [PRINT] ----------------------------------------------------------------------
2026-02-15 10:20:49,930 [PRINT] 
============================================================
2026-02-15 10:20:49,931 [PRINT]   HEAT 1 - V8 PASSIVE-FIRST REBATE FARMING
2026-02-15 10:20:49,932 [PRINT]   Stocks: WNTR, SMMR, ATMN, SPNG
2026-02-15 10:20:49,952 [PRINT]   Start NLV: $-170.05
2026-02-15 10:20:49,953 [PRINT]   Rebates: WNTR=$0.045 | SMMR=$0.04 | ATMN=$0.035 | SPNG=$0.03
2026-02-15 10:20:49,955 [PRINT] ============================================================

2026-02-15 10:20:49,956 [PRINT] 
  Starting V8 Passive-First Market Making...
2026-02-15 10:20:49,964 [PRINT]   Start NLV: $-170.05
2026-02-15 10:20:49,973 [PRINT]   Aggregate limit: 50000
2026-02-15 10:20:49,973 [PRINT]   Gross limit: 50000, Net limit: 30000
2026-02-15 10:20:49,974 [PRINT]   Rebates: WNTR=$0.045 | SMMR=$0.04 | ATMN=$0.035 | SPNG=$0.03
2026-02-15 10:20:49,974 [PRINT]   Spreads: WNTR=$0.04 | SMMR=$0.04 | ATMN=$0.05 | SPNG=$0.06
2026-02-15 10:20:49,975 [PRINT]   Sizes: WNTR=1500 | SMMR=1200 | ATMN=1000 | SPNG=800
2026-02-15 10:20:52,127 [PRINT]   [T= 80/300] D2 s20 | PnL=$     +0.00 | Agg=3677/50000 (7%) | WNTR:+1677 | SMMR:-1200 | ATMN:+0 | SPNG:-800 | Vol:W:H S:H A:H S:H | Fills:6293 Cancels:10 Ord:19
2026-02-15 10:20:57,186 [PRINT]   [T= 85/300] D2 s25 | PnL=$     +0.00 | Agg=3024/50000 (6%) | WNTR:+1524 | SMMR:+600 | ATMN:-500 | SPNG:+400 | Vol:W:H S:H A:H S:H | Fills:14428 Cancels:29 Ord:53
2026-02-15 10:21:01,889 [PRINT]   [T= 90/300] D2 s30 | PnL=$     +0.00 | Agg=2764/50000 (6%) | WNTR:+1364 | SMMR:+600 | ATMN:+0 | SPNG:+800 | Vol:W:H S:H A:H S:H | Fills:24188 Cancels:47 Ord:87
2026-02-15 10:21:07,136 [PRINT]   [T= 95/300] D2 s35 | PnL=$     +0.00 | Agg=3724/50000 (7%) | WNTR:+1024 | SMMR:+1800 | ATMN:+500 | SPNG:+400 | Vol:W:H S:M A:H S:H | Fills:30428 Cancels:63 Ord:117
2026-02-15 10:21:11,772 [PRINT]   [T=100/300] D2 s40 | PnL=$     +0.00 | Agg=1450/50000 (3%) | WNTR:+575 | SMMR:+875 | ATMN:+0 | SPNG:+0 | Vol:W:M S:M A:H S:H | Fills:41572 Cancels:75 Ord:143
2026-02-15 10:21:17,412 [PRINT]   [T=105/300] D2 s45 | PnL=$     +0.00 | Agg=2110/50000 (4%) | WNTR:+575 | SMMR:+635 | ATMN:-500 | SPNG:+400 | Vol:W:M S:M A:H S:H | Fills:50912 Cancels:88 Ord:169
2026-02-15 10:21:22,325 [PRINT]   [T=110/300] D2 s50 | PnL=$     +0.00 | Agg=4609/50000 (9%) | WNTR:-3325 | SMMR:-884 | ATMN:+0 | SPNG:+400 | Vol:W:M S:M A:H S:H | Fills:67669 Cancels:103 Ord:198
2026-02-15 10:21:25,814 [PRINT]     [PRE-CLOSE] T=114 s=54 - Cancelled all orders
2026-02-15 10:21:32,840 [PRINT]   [T=120/300] D3 s 0 | PnL=$     +0.00 | Agg=4459/50000 (9%) | WNTR:-3175 | SMMR:-284 | ATMN:+0 | SPNG:+1000 | Vol:W:M S:H A:H S:H | Fills:70119 Cancels:117 Ord:224
2026-02-15 10:21:37,408 [PRINT]   [T=125/300] D3 s 5 | PnL=$     +0.00 | Agg=1709/50000 (3%) | WNTR:-425 | SMMR:-284 | ATMN:+0 | SPNG:+1000 | Vol:W:H S:H A:H S:H | Fills:76569 Cancels:136 Ord:260
2026-02-15 10:21:42,379 [PRINT]   [T=130/300] D3 s10 | PnL=$     +0.00 | Agg=3391/50000 (7%) | WNTR:-1175 | SMMR:+316 | ATMN:-500 | SPNG:+1400 | Vol:W:H S:H A:H S:H | Fills:83019 Cancels:148 Ord:282
2026-02-15 10:21:47,392 [PRINT]   [T=135/300] D3 s15 | PnL=$     +0.00 | Agg=2094/50000 (4%) | WNTR:+325 | SMMR:-284 | ATMN:+0 | SPNG:+1485 | Vol:W:H S:H A:H S:H | Fills:89734 Cancels:165 Ord:312
2026-02-15 10:21:52,558 [PRINT]   [T=140/300] D3 s20 | PnL=$     +0.00 | Agg=1776/50000 (4%) | WNTR:+325 | SMMR:+316 | ATMN:+0 | SPNG:+1135 | Vol:W:H S:H A:H S:H | Fills:96584 Cancels:181 Ord:342
2026-02-15 10:21:57,538 [PRINT]   [T=145/300] D3 s25 | PnL=$     +0.00 | Agg=2494/50000 (5%) | WNTR:+1075 | SMMR:-284 | ATMN:+0 | SPNG:+1135 | Vol:W:H S:H A:H S:H | Fills:105134 Cancels:197 Ord:374
2026-02-15 10:22:02,659 [PRINT]   [T=150/300] D3 s30 | PnL=$     +0.00 | Agg=2044/50000 (4%) | WNTR:-425 | SMMR:-284 | ATMN:-1000 | SPNG:+335 | Vol:W:H S:H A:M S:H | Fills:114134 Cancels:214 Ord:408
2026-02-15 10:22:07,745 [PRINT]   [T=155/300] D3 s35 | PnL=$     +0.00 | Agg=4328/50000 (9%) | WNTR:-2675 | SMMR:+388 | ATMN:-800 | SPNG:-465 | Vol:W:M S:H A:H S:H | Fills:123312 Cancels:230 Ord:436
2026-02-15 10:22:12,495 [PRINT]   [T=160/300] D3 s40 | PnL=$     +0.00 | Agg=2494/50000 (5%) | WNTR:-575 | SMMR:-212 | ATMN:-1372 | SPNG:+335 | Vol:W:M S:H A:H S:H | Fills:134440 Cancels:246 Ord:468
2026-02-15 10:22:17,687 [PRINT]   [T=165/300] D3 s45 | PnL=$     +0.00 | Agg=3425/50000 (7%) | WNTR:+925 | SMMR:+388 | ATMN:-1647 | SPNG:-465 | Vol:W:M S:H A:H S:H | Fills:139265 Cancels:258 Ord:490
2026-02-15 10:22:22,238 [PRINT]   [T=170/300] D3 s50 | PnL=$     +0.00 | Agg=1605/50000 (3%) | WNTR:+175 | SMMR:+388 | ATMN:-977 | SPNG:-65 | Vol:W:H S:H A:H S:H | Fills:152285 Cancels:273 Ord:520
2026-02-15 10:22:26,126 [PRINT]     [PRE-CLOSE] T=174 s=54 - Cancelled all orders
2026-02-15 10:22:33,248 [PRINT]   [T=180/300] D4 s 0 | PnL=$     +0.00 | Agg=2275/50000 (5%) | WNTR:+175 | SMMR:+988 | ATMN:-977 | SPNG:+135 | Vol:W:H S:H A:H S:H | Fills:154735 Cancels:285 Ord:544
2026-02-15 10:22:38,241 [PRINT]   [T=185/300] D4 s 5 | PnL=$     +0.00 | Agg=2255/50000 (5%) | WNTR:-950 | SMMR:+543 | ATMN:-227 | SPNG:+535 | Vol:W:H S:H A:H S:H | Fills:158955 Cancels:302 Ord:577
2026-02-15 10:22:42,535 [PRINT]   [T=190/300] D4 s10 | PnL=$     +0.00 | Agg=3469/50000 (7%) | WNTR:-950 | SMMR:-1257 | ATMN:-727 | SPNG:+535 | Vol:W:H S:M A:H S:H | Fills:163855 Cancels:315 Ord:603
2026-02-15 10:22:47,958 [PRINT]   [T=195/300] D4 s15 | PnL=$     +0.00 | Agg=1619/50000 (3%) | WNTR:-1150 | SMMR:-61 | ATMN:+273 | SPNG:+135 | Vol:W:H S:H A:H S:H | Fills:171551 Cancels:332 Ord:633
2026-02-15 10:22:52,568 [PRINT]   [T=200/300] D4 s20 | PnL=$     +0.00 | Agg=1251/50000 (3%) | WNTR:+350 | SMMR:+539 | ATMN:-227 | SPNG:+135 | Vol:W:H S:H A:H S:H | Fills:178951 Cancels:347 Ord:663
2026-02-15 10:22:57,793 [PRINT]   [T=205/300] D4 s25 | PnL=$     +0.00 | Agg=2518/50000 (5%) | WNTR:+1071 | SMMR:+539 | ATMN:+773 | SPNG:+135 | Vol:W:H S:H A:H S:H | Fills:188448 Cancels:364 Ord:696
2026-02-15 10:23:02,856 [PRINT]   [T=210/300] D4 s30 | PnL=$     +0.00 | Agg=2002/50000 (4%) | WNTR:-1179 | SMMR:-61 | ATMN:-227 | SPNG:+535 | Vol:W:H S:H A:H S:H | Fills:197298 Cancels:379 Ord:726
2026-02-15 10:23:07,283 [PRINT]   [T=215/300] D4 s35 | PnL=$     +0.00 | Agg=1923/50000 (4%) | WNTR:+321 | SMMR:+539 | ATMN:+528 | SPNG:+535 | Vol:W:H S:H A:H S:H | Fills:203943 Cancels:391 Ord:749
2026-02-15 10:23:12,310 [PRINT]   [T=220/300] D4 s40 | PnL=$     +0.00 | Agg=2881/50000 (6%) | WNTR:-1179 | SMMR:+1139 | ATMN:+28 | SPNG:+535 | Vol:W:M S:H A:H S:H | Fills:208743 Cancels:400 Ord:767
2026-02-15 10:23:17,608 [PRINT]   [T=225/300] D4 s45 | PnL=$     +0.00 | Agg=4023/50000 (8%) | WNTR:+1821 | SMMR:+1139 | ATMN:+528 | SPNG:+535 | Vol:W:L S:H A:H S:H | Fills:213443 Cancels:408 Ord:784
2026-02-15 10:23:23,001 [PRINT]   [T=230/300] D4 s50 | PnL=$     +0.00 | Agg=4423/50000 (9%) | WNTR:+2125 | SMMR:+1235 | ATMN:+528 | SPNG:+535 | Vol:W:M S:H A:M S:H | Fills:232543 Cancels:424 Ord:818
2026-02-15 10:23:26,468 [PRINT]     [PRE-CLOSE] T=234 s=54 - Cancelled all orders
2026-02-15 10:23:33,327 [PRINT]   [T=240/300] D5 s 0 | PnL=$     +0.00 | Agg=2313/50000 (5%) | WNTR:-25 | SMMR:+335 | ATMN:+1218 | SPNG:+735 | Vol:W:M S:H A:H S:H | Fills:238303 Cancels:438 Ord:846
2026-02-15 10:23:37,848 [PRINT]   [T=245/300] D5 s 5 | PnL=$     +0.00 | Agg=1563/50000 (3%) | WNTR:-25 | SMMR:+335 | ATMN:+468 | SPNG:+735 | Vol:W:H S:H A:H S:H | Fills:243353 Cancels:454 Ord:878
2026-02-15 10:23:43,289 [PRINT]   [T=250/300] D5 s10 | PnL=$     +0.00 | Agg=1663/50000 (3%) | WNTR:-25 | SMMR:+335 | ATMN:+968 | SPNG:+335 | Vol:W:H S:H A:H S:H | Fills:254453 Cancels:472 Ord:914
2026-02-15 10:23:48,051 [PRINT]   [T=255/300] D5 s15 | PnL=$     +0.00 | Agg=3703/50000 (7%) | WNTR:+418 | SMMR:+1535 | ATMN:+1015 | SPNG:+735 | Vol:W:H S:H A:H S:H | Fills:262363 Cancels:489 Ord:942
2026-02-15 10:23:52,941 [PRINT]   [T=260/300] D5 s20 | PnL=$     +0.00 | Agg=2699/50000 (5%) | WNTR:-332 | SMMR:+1617 | ATMN:+15 | SPNG:+735 | Vol:W:M S:H A:H S:H | Fills:268631 Cancels:502 Ord:966
2026-02-15 10:23:58,115 [PRINT]   [T=265/300] D5 s25 | PnL=$     +0.00 | Agg=3162/50000 (6%) | WNTR:+1168 | SMMR:+1144 | ATMN:+515 | SPNG:+335 | Vol:W:L S:H A:H S:H | Fills:276304 Cancels:517 Ord:994
2026-02-15 10:24:03,259 [PRINT]   [T=270/300] D5 s30 | PnL=$     +0.00 | Agg=3468/50000 (7%) | WNTR:-2232 | SMMR:-656 | ATMN:+515 | SPNG:-65 | Vol:W:M S:M A:H S:H | Fills:285704 Cancels:533 Ord:1027
2026-02-15 10:24:08,433 [PRINT]   [T=275/300] D5 s35 | PnL=$     +0.00 | Agg=3099/50000 (6%) | WNTR:-1975 | SMMR:+544 | ATMN:+515 | SPNG:-65 | Vol:W:M S:M A:H S:H | Fills:302361 Cancels:550 Ord:1061
2026-02-15 10:24:13,524 [PRINT]   [T=280/300] D5 s40 | PnL=$     +0.00 | Agg=3412/50000 (7%) | WNTR:-1083 | SMMR:+479 | ATMN:-985 | SPNG:-865 | Vol:W:H S:H A:H S:H | Fills:313088 Cancels:567 Ord:1092
2026-02-15 10:24:18,477 [PRINT]   [T=285/300] D5 s45 | PnL=$     +0.00 | Agg=2158/50000 (4%) | WNTR:-333 | SMMR:-721 | ATMN:-1039 | SPNG:-65 | Vol:W:H S:H A:H S:H | Fills:322084 Cancels:586 Ord:1128
2026-02-15 10:24:23,393 [PRINT]   [T=290/300] D5 s50 | PnL=$     +0.00 | Agg=4266/50000 (9%) | WNTR:-2583 | SMMR:+1079 | ATMN:-539 | SPNG:-65 | Vol:W:M S:H A:H S:H | Fills:332734 Cancels:603 Ord:1161
2026-02-15 10:24:26,739 [PRINT]     [PRE-CLOSE] T=294 s=54 - Cancelled all orders
2026-02-15 10:24:33,022 [PRINT] 
  Heat ended at tick 300
2026-02-15 10:24:33,236 [PRINT] 
  Heat 1 ended.
2026-02-15 10:24:33,236 [PRINT]   P&L: $+7,480.95
2026-02-15 10:24:33,236 [PRINT]   Orders placed: 1180
2026-02-15 10:24:33,237 [PRINT]   Orders cancelled: 613
2026-02-15 10:24:33,237 [PRINT]   Market orders: 0
2026-02-15 10:24:33,237 [PRINT]   Total fill volume: 338,755 shares
2026-02-15 10:24:33,238 [PRINT] 
  --- HEAT HISTORY ---
2026-02-15 10:24:33,238 [PRINT]   H 1: P&L $ +7,480.95 (Ord: 1180, Mkt: 0, Fills: 338,755, Cancels: 613)
2026-02-15 10:24:33,238 [PRINT]   --------------------------------------------------
2026-02-15 10:24:33,240 [PRINT]   Total: $+7,480.95
2026-02-15 10:24:33,240 [PRINT] ============================================================

2026-02-15 10:24:36,243 [PRINT] Case status: STOPPED - waiting for ACTIVE...
2026-02-15 10:24:36,245 [PRINT] Case stopped. Waiting for next heat...
2026-02-15 10:24:38,249 [PRINT] Case status: STOPPED - waiting for ACTIVE...
2026-02-15 10:24:38,252 [PRINT] Case stopped. Waiting for next heat...
2026-02-15 10:24:40,257 [PRINT] Case status: STOPPED - waiting for ACTIVE...
2026-02-15 10:24:40,261 [PRINT] Case stopped. Waiting for next heat...
2026-02-15 10:24:42,266 [PRINT] Case status: STOPPED - waiting for ACTIVE...
2026-02-15 10:24:42,269 [PRINT] Case stopped. Waiting for next heat...
2026-02-15 10:24:44,273 [PRINT] Case status: STOPPED - waiting for ACTIVE...
2026-02-15 10:24:44,277 [PRINT] Case stopped. Waiting for next heat...
2026-02-15 10:24:46,279 [PRINT] Case status: STOPPED - waiting for ACTIVE...
2026-02-15 10:24:46,279 [PRINT] Case stopped. Waiting for next heat...
2026-02-15 10:24:48,289 [PRINT] Case status: STOPPED - waiting for ACTIVE...
2026-02-15 10:24:48,291 [PRINT] Case stopped. Waiting for next heat...
2026-02-15 10:24:50,297 [PRINT] Case status: STOPPED - waiting for ACTIVE...
2026-02-15 10:24:50,299 [PRINT] Case stopped. Waiting for next heat...
2026-02-15 10:24:52,303 [PRINT] Case status: STOPPED - waiting for ACTIVE...
2026-02-15 10:24:52,306 [PRINT] Case stopped. Waiting for next heat...
2026-02-15 10:24:54,311 [PRINT] Case status: STOPPED - waiting for ACTIVE...
2026-02-15 10:24:54,314 [PRINT] Case stopped. Waiting for next heat...
2026-02-15 10:24:56,319 [PRINT] Case status: STOPPED - waiting for ACTIVE...
2026-02-15 10:24:56,322 [PRINT] Case stopped. Waiting for next heat...
2026-02-15 10:24:58,327 [PRINT] Case status: STOPPED - waiting for ACTIVE...
2026-02-15 10:24:58,331 [PRINT] Case stopped. Waiting for next heat...
2026-02-15 10:24:58,470 [PRINT] 

Shutting down...
2026-02-15 10:24:58,472 [WARNING] api: POST /commands/cancel returned 401: {"code":"UNAUTHORIZED","message":"Simulation must be running."}
2026-02-15 10:24:58,472 [PRINT] Cancelled all open orders.
2026-02-15 10:24:58,482 [PRINT] Final NLV: $7,310.90
2026-02-15 10:24:58,482 [PRINT] Total P&L across 1 heats: $+7,480.95
2026-02-15 10:24:58,482 [PRINT] Goodbye.
