2026-02-13 21:31:21,210 [PRINT] Logging to: C:\Users\Kanish Khanna\OneDrive - UBC\Desktop\RITC\RITC-2026\Algo_case_Kanish\algo_mm_20260213_213121.log

2026-02-13 21:31:21,211 [PRINT] Waiting for RIT connection...
2026-02-13 21:31:21,229 [PRINT] Connected to RIT.
2026-02-13 21:31:21,233 [PRINT] Trader: UBCT-4 | First:  | NLV: $0.00
2026-02-13 21:31:21,234 [PRINT] 
Bot ready. Waiting for heats...

2026-02-13 21:31:21,235 [PRINT] ----------------------------------------------------------------------
2026-02-13 21:31:21,241 [PRINT] 
============================================================
2026-02-13 21:31:21,241 [PRINT]   HEAT 1 - V5 COMPETITION EDITION
2026-02-13 21:31:21,242 [PRINT]   Stocks: WNTR, SMMR, ATMN, SPNG
2026-02-13 21:31:21,242 [PRINT]   Start NLV: $0.00
2026-02-13 21:31:21,243 [PRINT]   Spreads: WNTR=$0.04 | SMMR=$0.05 | ATMN=$0.06 | SPNG=$0.08
2026-02-13 21:31:21,243 [PRINT]   Sizes: WNTR=3000 | SMMR=2500 | ATMN=2000 | SPNG=1500
2026-02-13 21:31:21,244 [PRINT] ============================================================

2026-02-13 21:31:21,244 [PRINT] 
  Starting market-making loop V5...
2026-02-13 21:31:21,248 [PRINT]   Start NLV: $0.00
2026-02-13 21:31:21,252 [PRINT]   Aggregate limit: 50000
2026-02-13 21:31:21,252 [PRINT]   Gross limit: 50000, Net limit: 30000
2026-02-13 21:31:22,196 [PRINT]     [PRE-CLOSE] T=292 s=52 - Cancelled all orders
2026-02-13 21:31:29,998 [PRINT] 
  Heat ended at tick 300
2026-02-13 21:31:30,003 [PRINT] 
  Heat 1 ended.
2026-02-13 21:31:30,003 [PRINT]   P&L: $-270.00
2026-02-13 21:31:30,004 [PRINT]   Orders placed: 8
2026-02-13 21:31:30,004 [PRINT]   Market orders: 0
2026-02-13 21:31:30,005 [PRINT]   Total fill volume: 2,000 shares
2026-02-13 21:31:30,005 [PRINT]   Final adaptive mults: WNTR:0.92 | SMMR:0.92 | ATMN:0.92 | SPNG:0.92
2026-02-13 21:31:30,006 [PRINT] 
  --- HEAT HISTORY ---
2026-02-13 21:31:30,006 [PRINT]   H 1: P&L $   -270.00 (Orders: 8, Mkt: 0, Fills: 2,000)
2026-02-13 21:31:30,007 [PRINT]   --------------------------------------------------
2026-02-13 21:31:30,007 [PRINT]   Total: $-270.00
2026-02-13 21:31:30,008 [PRINT] ============================================================

2026-02-13 21:31:33,011 [PRINT] Case status: STOPPED - waiting for ACTIVE...
2026-02-13 21:31:33,016 [PRINT] Case stopped. Waiting for next heat...
2026-02-13 21:31:35,019 [PRINT] Case status: STOPPED - waiting for ACTIVE...
2026-02-13 21:31:35,019 [PRINT] Case stopped. Waiting for next heat...
2026-02-13 21:31:37,026 [PRINT] Case status: STOPPED - waiting for ACTIVE...
2026-02-13 21:31:37,030 [PRINT] Case stopped. Waiting for next heat...
2026-02-13 21:31:39,035 [PRINT] Case status: STOPPED - waiting for ACTIVE...
2026-02-13 21:31:39,039 [PRINT] Case stopped. Waiting for next heat...
2026-02-13 21:31:41,043 [PRINT] Case status: STOPPED - waiting for ACTIVE...
2026-02-13 21:31:41,047 [PRINT] Case stopped. Waiting for next heat...
2026-02-13 21:31:43,053 [PRINT] Case status: STOPPED - waiting for ACTIVE...
2026-02-13 21:31:43,055 [PRINT] Case stopped. Waiting for next heat...
2026-02-13 21:31:45,059 [PRINT] Case status: STOPPED - waiting for ACTIVE...
2026-02-13 21:31:45,063 [PRINT] Case stopped. Waiting for next heat...
2026-02-13 21:31:47,066 [PRINT] Case status: STOPPED - waiting for ACTIVE...
2026-02-13 21:31:47,069 [PRINT] Case stopped. Waiting for next heat...
2026-02-13 21:31:49,073 [PRINT] Case status: STOPPED - waiting for ACTIVE...
2026-02-13 21:31:49,076 [PRINT] Case stopped. Waiting for next heat...
2026-02-13 21:31:51,080 [PRINT] Case status: STOPPED - waiting for ACTIVE...
2026-02-13 21:31:51,082 [PRINT] Case stopped. Waiting for next heat...
2026-02-13 21:31:53,085 [PRINT] Case status: STOPPED - waiting for ACTIVE...
2026-02-13 21:31:53,087 [PRINT] Case stopped. Waiting for next heat...
2026-02-13 21:31:55,091 [PRINT] Case status: STOPPED - waiting for ACTIVE...
2026-02-13 21:31:55,092 [PRINT] Case stopped. Waiting for next heat...
2026-02-13 21:31:57,096 [PRINT] Case status: STOPPED - waiting for ACTIVE...
2026-02-13 21:31:57,098 [PRINT] Case stopped. Waiting for next heat...
2026-02-13 21:31:59,100 [PRINT] Case status: STOPPED - waiting for ACTIVE...
2026-02-13 21:31:59,102 [PRINT] Case stopped. Waiting for next heat...
2026-02-13 21:32:01,105 [PRINT] Case status: STOPPED - waiting for ACTIVE...
2026-02-13 21:32:01,107 [PRINT] Case stopped. Waiting for next heat...
2026-02-13 21:32:03,108 [PRINT] Case status: STOPPED - waiting for ACTIVE...
2026-02-13 21:32:03,108 [PRINT] Case stopped. Waiting for next heat...
2026-02-13 21:32:05,115 [PRINT] Case status: STOPPED - waiting for ACTIVE...
2026-02-13 21:32:05,117 [PRINT] Case stopped. Waiting for next heat...
2026-02-13 21:32:07,120 [PRINT] Case status: STOPPED - waiting for ACTIVE...
2026-02-13 21:32:07,122 [PRINT] Case stopped. Waiting for next heat...
2026-02-13 21:32:09,125 [PRINT] Case status: STOPPED - waiting for ACTIVE...
2026-02-13 21:32:09,127 [PRINT] Case stopped. Waiting for next heat...
2026-02-13 21:32:11,128 [PRINT] Case status: STOPPED - waiting for ACTIVE...
2026-02-13 21:32:11,128 [PRINT] Case stopped. Waiting for next heat...
2026-02-13 21:32:13,137 [PRINT] Case status: STOPPED - waiting for ACTIVE...
2026-02-13 21:32:13,139 [PRINT] Case stopped. Waiting for next heat...
2026-02-13 21:32:15,143 [PRINT] Case status: STOPPED - waiting for ACTIVE...
2026-02-13 21:32:15,145 [PRINT] Case stopped. Waiting for next heat...
2026-02-13 21:32:17,148 [PRINT] Case status: STOPPED - waiting for ACTIVE...
2026-02-13 21:32:17,150 [PRINT] Case stopped. Waiting for next heat...
2026-02-13 21:32:19,154 [PRINT] Case status: STOPPED - waiting for ACTIVE...
2026-02-13 21:32:19,156 [PRINT] Case stopped. Waiting for next heat...
2026-02-13 21:32:21,159 [PRINT] Case status: STOPPED - waiting for ACTIVE...
2026-02-13 21:32:21,162 [PRINT] Case stopped. Waiting for next heat...
2026-02-13 21:32:23,163 [PRINT] Case status: STOPPED - waiting for ACTIVE...
2026-02-13 21:32:23,166 [PRINT] Case stopped. Waiting for next heat...
2026-02-13 21:32:25,169 [PRINT] Case status: STOPPED - waiting for ACTIVE...
2026-02-13 21:32:25,169 [PRINT] Case stopped. Waiting for next heat...
2026-02-13 21:32:27,178 [PRINT] Case status: STOPPED - waiting for ACTIVE...
2026-02-13 21:32:27,180 [PRINT] Case stopped. Waiting for next heat...
2026-02-13 21:32:29,182 [PRINT] Case status: STOPPED - waiting for ACTIVE...
2026-02-13 21:32:29,184 [PRINT] Case stopped. Waiting for next heat...
2026-02-13 21:32:31,191 [PRINT] Case status: STOPPED - waiting for ACTIVE...
2026-02-13 21:32:31,191 [PRINT] Case stopped. Waiting for next heat...
2026-02-13 21:32:33,199 [PRINT] 
============================================================
2026-02-13 21:32:33,199 [PRINT]   HEAT 2 - V5 COMPETITION EDITION
2026-02-13 21:32:33,200 [PRINT]   Stocks: WNTR, SMMR, ATMN, SPNG
2026-02-13 21:32:33,200 [PRINT]   Start NLV: $0.00
2026-02-13 21:32:33,200 [PRINT]   Spreads: WNTR=$0.04 | SMMR=$0.05 | ATMN=$0.06 | SPNG=$0.08
2026-02-13 21:32:33,200 [PRINT]   Sizes: WNTR=3000 | SMMR=2500 | ATMN=2000 | SPNG=1500
2026-02-13 21:32:33,200 [PRINT] ============================================================

2026-02-13 21:32:33,201 [PRINT] 
  Starting market-making loop V5...
2026-02-13 21:32:33,203 [PRINT]   Start NLV: $0.00
2026-02-13 21:32:33,205 [PRINT]   Aggregate limit: 50000
2026-02-13 21:32:33,205 [PRINT]   Gross limit: 50000, Net limit: 30000
2026-02-13 21:32:34,224 [PRINT]   [T=  0/300] D1 s 0 | PnL=$     +0.00 | Agg=0/50000 (0%) | WNTR:+0 | SMMR:+0 | ATMN:+0 | SPNG:+0 | Vol:W:M S:M A:M S:M | Adapt:W:1.00 S:1.00 A:1.00 S:1.00 | Fills:0 Ord:8
2026-02-13 21:32:39,903 [PRINT]   [T=  5/300] D1 s 5 | PnL=$   -214.12 | Agg=1163/50000 (2%) | WNTR:+225 | SMMR:+625 | ATMN:-50 | SPNG:-263 | Vol:W:M S:L A:H S:H | Adapt:W:1.00 S:1.00 A:1.00 S:1.00 | Fills:4011 Ord:30
2026-02-13 21:32:43,275 [PRINT]   [T= 10/300] D1 s10 | PnL=$ -1,125.05 | Agg=2630/50000 (5%) | WNTR:-505 | SMMR:-1388 | ATMN:+550 | SPNG:+187 | Vol:W:M S:M A:H S:H | Adapt:W:1.00 S:1.00 A:1.00 S:1.00 | Fills:21546 Ord:52
2026-02-13 21:32:48,094 [PRINT]   [T= 15/300] D1 s15 | PnL=$ -1,640.06 | Agg=3433/50000 (7%) | WNTR:-2008 | SMMR:+1112 | ATMN:-50 | SPNG:-263 | Vol:W:M S:M A:H S:H | Adapt:W:1.00 S:1.00 A:1.00 S:1.00 | Fills:39699 Ord:74
2026-02-13 21:32:53,475 [PRINT]   [T= 20/300] D1 s20 | PnL=$ -2,616.83 | Agg=2630/50000 (5%) | WNTR:+505 | SMMR:-1388 | ATMN:+550 | SPNG:+187 | Vol:W:M S:L A:M S:H | Adapt:W:1.00 S:1.00 A:1.00 S:1.00 | Fills:52862 Ord:98
2026-02-13 21:32:58,157 [PRINT]   [T= 25/300] D1 s25 | PnL=$ -4,551.93 | Agg=5132/50000 (10%) | WNTR:-2787 | SMMR:-1832 | ATMN:-250 | SPNG:-263 | Vol:W:M S:M A:H S:H | Adapt:W:1.00 S:1.00 A:1.00 S:1.00 | Fills:79254 Ord:130
2026-02-13 21:33:03,343 [PRINT]   [T= 30/300] D1 s30 | PnL=$ -4,977.86 | Agg=1729/50000 (3%) | WNTR:+943 | SMMR:-249 | ATMN:+350 | SPNG:+187 | Vol:W:M S:M A:H S:H | Adapt:W:1.08 S:1.08 A:1.08 S:1.08 | Fills:94911 Ord:156
2026-02-13 21:33:08,204 [PRINT]   [T= 35/300] D1 s35 | PnL=$ -6,093.36 | Agg=3348/50000 (7%) | WNTR:+2708 | SMMR:+127 | ATMN:-250 | SPNG:-263 | Vol:W:M S:H A:H S:H | Adapt:W:1.08 S:1.08 A:1.08 S:1.08 | Fills:111950 Ord:182
2026-02-13 21:33:13,239 [PRINT]   [T= 40/300] D1 s40 | PnL=$ -7,843.26 | Agg=2989/50000 (6%) | WNTR:+79 | SMMR:+1877 | ATMN:-170 | SPNG:-863 | Vol:W:H S:M A:M S:H | Adapt:W:1.08 S:1.08 A:1.08 S:1.08 | Fills:136491 Ord:210
2026-02-13 21:33:15,928 [PRINT]     [CIRCUIT BREAKER] ACTIVE! P&L=$-8,621.47 below $-8,000
2026-02-13 21:33:18,272 [PRINT]   [T= 45/300] D1 s45 | PnL=$ -8,621.47 | Agg=3323/50000 (7%) | WNTR:-371 | SMMR:+1877 | ATMN:-438 | SPNG:+637 | Vol:W:M S:M A:M S:H | Adapt:W:1.08 S:1.08 A:1.08 S:1.08 | Fills:147409 Ord:228 [CB:ON]
2026-02-13 21:33:22,961 [PRINT]   [T= 50/300] D1 s50 | PnL=$ -9,304.10 | Agg=2956/50000 (6%) | WNTR:+1129 | SMMR:+1097 | ATMN:-318 | SPNG:+412 | Vol:W:M S:M A:H S:H | Adapt:W:1.08 S:1.08 A:1.08 S:1.08 | Fills:154534 Ord:240 [CB:ON]
2026-02-13 21:33:25,019 [PRINT]     [PRE-CLOSE] T=52 s=52 - Cancelled all orders
2026-02-13 21:33:33,712 [PRINT]   [T= 60/300] D2 s 0 | PnL=$ -9,079.03 | Agg=2356/50000 (5%) | WNTR:+529 | SMMR:+1097 | ATMN:-318 | SPNG:+412 | Vol:W:H S:H A:H S:H | Adapt:W:1.17 S:1.17 A:1.17 S:1.17 | Fills:155134 Ord:250 [CB:ON]
2026-02-13 21:33:34,000 [PRINT]     [CIRCUIT BREAKER] Deactivated. P&L=$-2,616.22
2026-02-13 21:33:38,393 [PRINT]   [T= 65/300] D2 s 5 | PnL=$ -3,623.97 | Agg=851/50000 (2%) | WNTR:-33 | SMMR:+436 | ATMN:+82 | SPNG:+300 | Vol:W:H S:H A:H S:H | Adapt:W:1.17 S:1.17 A:1.17 S:1.17 | Fills:157619 Ord:278
2026-02-13 21:33:43,776 [PRINT]   [T= 70/300] D2 s10 | PnL=$ -5,077.27 | Agg=1999/50000 (4%) | WNTR:+867 | SMMR:-314 | ATMN:-518 | SPNG:+300 | Vol:W:H S:H A:H S:H | Adapt:W:1.17 S:1.17 A:1.17 S:1.17 | Fills:166169 Ord:308
2026-02-13 21:33:48,683 [PRINT]   [T= 75/300] D2 s15 | PnL=$ -5,581.09 | Agg=1137/50000 (2%) | WNTR:-33 | SMMR:+436 | ATMN:-518 | SPNG:-150 | Vol:W:H S:H A:H S:H | Adapt:W:1.17 S:1.17 A:1.17 S:1.17 | Fills:177269 Ord:338
2026-02-13 21:33:53,880 [PRINT]   [T= 80/300] D2 s20 | PnL=$ -6,971.76 | Agg=2935/50000 (6%) | WNTR:+867 | SMMR:+436 | ATMN:+1482 | SPNG:-150 | Vol:W:H S:H A:M S:H | Adapt:W:1.17 S:1.17 A:1.17 S:1.17 | Fills:190769 Ord:368
2026-02-13 21:33:55,183 [PRINT]     [CIRCUIT BREAKER] ACTIVE! P&L=$-9,832.82 below $-8,000
2026-02-13 21:33:58,374 [PRINT]   [T= 85/300] D2 s25 | PnL=$ -9,943.01 | Agg=504/50000 (1%) | WNTR:-33 | SMMR:-314 | ATMN:+82 | SPNG:+75 | Vol:W:H S:H A:H S:H | Adapt:W:1.17 S:1.17 A:1.17 S:1.17 | Fills:199444 Ord:390 [CB:ON]
2026-02-13 21:34:03,764 [PRINT]   [T= 90/300] D2 s30 | PnL=$-10,366.34 | Agg=726/50000 (1%) | WNTR:-33 | SMMR:+61 | ATMN:+482 | SPNG:-150 | Vol:W:H S:M A:H S:H | Adapt:W:1.26 S:1.26 A:1.26 S:1.26 | Fills:202994 Ord:412 [CB:ON]
2026-02-13 21:34:08,832 [PRINT]   [T= 95/300] D2 s35 | PnL=$-10,662.43 | Agg=2829/50000 (6%) | WNTR:-1083 | SMMR:-1189 | ATMN:+182 | SPNG:-375 | Vol:W:M S:M A:H S:H | Adapt:W:1.26 S:1.26 A:1.26 S:1.26 | Fills:213869 Ord:442 [CB:ON]
2026-02-13 21:34:13,684 [PRINT]   [T=100/300] D2 s40 | PnL=$-11,355.51 | Agg=587/50000 (1%) | WNTR:-33 | SMMR:+61 | ATMN:-118 | SPNG:-375 | Vol:W:H S:H A:H S:H | Adapt:W:1.26 S:1.26 A:1.26 S:1.26 | Fills:225119 Ord:470 [CB:ON]
2026-02-13 21:34:18,708 [PRINT]   [T=105/300] D2 s45 | PnL=$-11,849.83 | Agg=426/50000 (1%) | WNTR:-33 | SMMR:+61 | ATMN:+182 | SPNG:-150 | Vol:W:H S:M A:H S:H | Adapt:W:1.26 S:1.26 A:1.26 S:1.26 | Fills:228794 Ord:490 [CB:ON]
2026-02-13 21:34:23,538 [PRINT]   [T=110/300] D2 s50 | PnL=$-12,264.83 | Agg=262/50000 (1%) | WNTR:-33 | SMMR:+61 | ATMN:-118 | SPNG:-50 | Vol:W:H S:M A:H S:H | Adapt:W:1.26 S:1.26 A:1.26 S:1.26 | Fills:233044 Ord:506 [CB:ON]
2026-02-13 21:34:25,417 [PRINT]     [PRE-CLOSE] T=112 s=52 - Cancelled all orders
2026-02-13 21:34:34,113 [PRINT]   [T=120/300] D3 s 0 | PnL=$-12,348.36 | Agg=376/50000 (1%) | WNTR:+147 | SMMR:+61 | ATMN:-118 | SPNG:-50 | Vol:W:H S:H A:H S:H | Adapt:W:1.36 S:1.36 A:1.36 S:1.26 | Fills:233224 Ord:516 [CB:ON]
2026-02-13 21:34:39,132 [PRINT]   [T=125/300] D3 s 5 | PnL=$-12,088.33 | Agg=540/50000 (1%) | WNTR:+147 | SMMR:+161 | ATMN:+82 | SPNG:+150 | Vol:W:H S:H A:H S:H | Adapt:W:1.36 S:1.36 A:1.36 S:1.26 | Fills:234772 Ord:548 [CB:ON]
2026-02-13 21:34:43,774 [PRINT]   [T=130/300] D3 s10 | PnL=$-12,510.80 | Agg=1035/50000 (2%) | WNTR:-303 | SMMR:-214 | ATMN:-218 | SPNG:-300 | Vol:W:H S:H A:H S:H | Adapt:W:1.36 S:1.36 A:1.36 S:1.26 | Fills:238685 Ord:572 [CB:ON]
2026-02-13 21:34:48,786 [PRINT]   [T=135/300] D3 s15 | PnL=$-12,773.73 | Agg=621/50000 (1%) | WNTR:-303 | SMMR:+161 | ATMN:+82 | SPNG:-75 | Vol:W:H S:H A:H S:H | Adapt:W:1.36 S:1.36 A:1.36 S:1.26 | Fills:241835 Ord:586 [CB:ON]
2026-02-13 21:34:54,010 [PRINT]   [T=140/300] D3 s20 | PnL=$-12,642.36 | Agg=654/50000 (1%) | WNTR:+147 | SMMR:-214 | ATMN:-218 | SPNG:-75 | Vol:W:H S:H A:H S:H | Adapt:W:1.36 S:1.36 A:1.36 S:1.26 | Fills:246110 Ord:610 [CB:ON]
2026-02-13 21:34:58,853 [PRINT]   [T=145/300] D3 s25 | PnL=$-13,031.26 | Agg=743/50000 (1%) | WNTR:+147 | SMMR:-214 | ATMN:+82 | SPNG:-300 | Vol:W:H S:M A:H S:H | Adapt:W:1.36 S:1.36 A:1.36 S:1.26 | Fills:250685 Ord:636 [CB:ON]
2026-02-13 21:35:03,783 [PRINT]   [T=150/300] D3 s30 | PnL=$-13,222.56 | Agg=601/50000 (1%) | WNTR:+147 | SMMR:+161 | ATMN:-218 | SPNG:-75 | Vol:W:M S:H A:H S:H | Adapt:W:1.47 S:1.47 A:1.47 S:1.26 | Fills:256035 Ord:654 [CB:ON]
2026-02-13 21:35:08,965 [PRINT]   [T=155/300] D3 s35 | PnL=$-13,914.69 | Agg=3299/50000 (7%) | WNTR:-1353 | SMMR:-1089 | ATMN:+782 | SPNG:-75 | Vol:W:M S:H A:H S:H | Adapt:W:1.47 S:1.47 A:1.47 S:1.26 | Fills:263385 Ord:674 [CB:ON]
2026-02-13 21:35:14,003 [PRINT]   [T=160/300] D3 s40 | PnL=$-14,386.07 | Agg=899/50000 (2%) | WNTR:-303 | SMMR:-339 | ATMN:+182 | SPNG:-75 | Vol:W:H S:H A:H S:H | Adapt:W:1.47 S:1.47 A:1.47 S:1.26 | Fills:268035 Ord:694 [CB:ON]
2026-02-13 21:35:18,676 [PRINT]   [T=165/300] D3 s45 | PnL=$-14,443.43 | Agg=671/50000 (1%) | WNTR:-303 | SMMR:+36 | ATMN:+182 | SPNG:+150 | Vol:W:H S:H A:H S:H | Adapt:W:1.47 S:1.47 A:1.47 S:1.26 | Fills:271785 Ord:712 [CB:ON]
2026-02-13 21:35:23,875 [PRINT]   [T=170/300] D3 s50 | PnL=$-14,535.31 | Agg=479/50000 (1%) | WNTR:+147 | SMMR:-189 | ATMN:-118 | SPNG:+25 | Vol:W:H S:H A:H S:H | Adapt:W:1.47 S:1.47 A:1.47 S:1.26 | Fills:273385 Ord:730 [CB:ON]
2026-02-13 21:35:25,770 [PRINT]     [PRE-CLOSE] T=172 s=52 - Cancelled all orders
2026-02-13 21:35:34,421 [PRINT]   [T=180/300] D4 s 0 | PnL=$-14,553.42 | Agg=545/50000 (1%) | WNTR:-213 | SMMR:-189 | ATMN:-118 | SPNG:+25 | Vol:W:H S:H A:H S:H | Adapt:W:1.59 S:1.59 A:1.59 S:1.26 | Fills:273745 Ord:740 [CB:ON]
2026-02-13 21:35:34,755 [PRINT]     [CIRCUIT BREAKER] HALT! P&L=$-17,401.65 below $-15,000
2026-02-13 21:37:34,330 [PRINT] 
  Heat ended at tick 300
2026-02-13 21:37:34,334 [PRINT] 
  Heat 2 ended.
2026-02-13 21:37:34,334 [PRINT]   P&L: $-16,210.18
2026-02-13 21:37:34,335 [PRINT]   Orders placed: 740
2026-02-13 21:37:34,335 [PRINT]   Market orders: 0
2026-02-13 21:37:34,335 [PRINT]   Total fill volume: 274,157 shares
2026-02-13 21:37:34,336 [PRINT]   Final adaptive mults: WNTR:1.59 | SMMR:1.59 | ATMN:1.59 | SPNG:1.26
2026-02-13 21:37:34,336 [PRINT] 
  --- HEAT HISTORY ---
2026-02-13 21:37:34,336 [PRINT]   H 1: P&L $   -270.00 (Orders: 8, Mkt: 0, Fills: 2,000)
2026-02-13 21:37:34,337 [PRINT]   H 2: P&L $-16,210.18 (Orders: 740, Mkt: 0, Fills: 274,157)
2026-02-13 21:37:34,337 [PRINT]   --------------------------------------------------
2026-02-13 21:37:34,338 [PRINT]   Total: $-16,480.18
2026-02-13 21:37:34,338 [PRINT] ============================================================

2026-02-13 21:37:37,343 [PRINT] Case status: STOPPED - waiting for ACTIVE...
2026-02-13 21:37:37,346 [PRINT] Case stopped. Waiting for next heat...
2026-02-13 21:37:39,349 [PRINT] Case status: STOPPED - waiting for ACTIVE...
2026-02-13 21:37:39,353 [PRINT] Case stopped. Waiting for next heat...
2026-02-13 21:37:41,358 [PRINT] Case status: STOPPED - waiting for ACTIVE...
2026-02-13 21:37:41,361 [PRINT] Case stopped. Waiting for next heat...
2026-02-13 21:37:43,365 [PRINT] Case status: STOPPED - waiting for ACTIVE...
2026-02-13 21:37:43,365 [PRINT] Case stopped. Waiting for next heat...
2026-02-13 21:37:45,373 [PRINT] Case status: STOPPED - waiting for ACTIVE...
2026-02-13 21:37:45,376 [PRINT] Case stopped. Waiting for next heat...
2026-02-13 21:37:47,377 [PRINT] Case status: STOPPED - waiting for ACTIVE...
2026-02-13 21:37:47,383 [PRINT] Case stopped. Waiting for next heat...
2026-02-13 21:37:49,389 [PRINT] Case status: STOPPED - waiting for ACTIVE...
2026-02-13 21:37:49,392 [PRINT] Case stopped. Waiting for next heat...
2026-02-13 21:37:51,395 [PRINT] Case status: STOPPED - waiting for ACTIVE...
2026-02-13 21:37:51,397 [PRINT] Case stopped. Waiting for next heat...
2026-02-13 21:37:51,965 [PRINT] 

Shutting down...
2026-02-13 21:37:51,968 [WARNING] api: POST /commands/cancel returned 401: {"code":"UNAUTHORIZED","message":"Simulation must be running."}
2026-02-13 21:37:51,968 [PRINT] Cancelled all open orders.
2026-02-13 21:37:51,971 [PRINT] Final NLV: $-16,221.65
2026-02-13 21:37:51,971 [PRINT] Total P&L across 2 heats: $-16,480.18
2026-02-13 21:37:51,971 [PRINT] Goodbye.
