2026-02-12 19:39:56,967 [PRINT] Logging to: C:\Users\Kanish Khanna\OneDrive - UBC\Desktop\RITC\RITC-2026\Algo_case_Kanish\algo_mm_20260212_193956.log

2026-02-12 19:39:56,967 [PRINT] Waiting for RIT connection...
2026-02-12 19:39:56,983 [PRINT] Connected to RIT.
2026-02-12 19:39:56,989 [PRINT] Trader: UBCT-4 | First:  | NLV: $0.00
2026-02-12 19:39:56,990 [PRINT] 
Bot ready. Waiting for heats...

2026-02-12 19:39:56,990 [PRINT] ----------------------------------------------------------------------
2026-02-12 19:39:56,993 [PRINT] Case status: STOPPED - waiting for ACTIVE...
2026-02-12 19:39:56,997 [PRINT] Case stopped. Waiting for next heat...
2026-02-12 19:39:59,001 [PRINT] Case status: STOPPED - waiting for ACTIVE...
2026-02-12 19:39:59,004 [PRINT] Case stopped. Waiting for next heat...
2026-02-12 19:40:01,010 [PRINT] Case status: STOPPED - waiting for ACTIVE...
2026-02-12 19:40:01,012 [PRINT] Case stopped. Waiting for next heat...
2026-02-12 19:40:03,017 [PRINT] Case status: STOPPED - waiting for ACTIVE...
2026-02-12 19:40:03,019 [PRINT] Case stopped. Waiting for next heat...
2026-02-12 19:40:05,023 [PRINT] Case status: STOPPED - waiting for ACTIVE...
2026-02-12 19:40:05,026 [PRINT] Case stopped. Waiting for next heat...
2026-02-12 19:40:07,030 [PRINT] Case status: STOPPED - waiting for ACTIVE...
2026-02-12 19:40:07,030 [PRINT] Case stopped. Waiting for next heat...
2026-02-12 19:40:09,037 [PRINT] Case status: STOPPED - waiting for ACTIVE...
2026-02-12 19:40:09,040 [PRINT] Case stopped. Waiting for next heat...
2026-02-12 19:40:11,044 [PRINT] Case status: STOPPED - waiting for ACTIVE...
2026-02-12 19:40:11,046 [PRINT] Case stopped. Waiting for next heat...
2026-02-12 19:40:13,049 [PRINT] Case status: STOPPED - waiting for ACTIVE...
2026-02-12 19:40:13,054 [PRINT] Case stopped. Waiting for next heat...
2026-02-12 19:40:15,058 [PRINT] Case status: STOPPED - waiting for ACTIVE...
2026-02-12 19:40:15,060 [PRINT] Case stopped. Waiting for next heat...
2026-02-12 19:40:17,065 [PRINT] Case status: STOPPED - waiting for ACTIVE...
2026-02-12 19:40:17,067 [PRINT] Case stopped. Waiting for next heat...
2026-02-12 19:40:19,071 [PRINT] Case status: STOPPED - waiting for ACTIVE...
2026-02-12 19:40:19,074 [PRINT] Case stopped. Waiting for next heat...
2026-02-12 19:40:21,078 [PRINT] Case status: STOPPED - waiting for ACTIVE...
2026-02-12 19:40:21,078 [PRINT] Case stopped. Waiting for next heat...
2026-02-12 19:40:23,085 [PRINT] Case status: STOPPED - waiting for ACTIVE...
2026-02-12 19:40:23,088 [PRINT] Case stopped. Waiting for next heat...
2026-02-12 19:40:25,091 [PRINT] Case status: STOPPED - waiting for ACTIVE...
2026-02-12 19:40:25,094 [PRINT] Case stopped. Waiting for next heat...
2026-02-12 19:40:27,098 [PRINT] Case status: STOPPED - waiting for ACTIVE...
2026-02-12 19:40:27,101 [PRINT] Case stopped. Waiting for next heat...
2026-02-12 19:40:29,105 [PRINT] Case status: STOPPED - waiting for ACTIVE...
2026-02-12 19:40:29,109 [PRINT] Case stopped. Waiting for next heat...
2026-02-12 19:40:31,112 [PRINT] Case status: STOPPED - waiting for ACTIVE...
2026-02-12 19:40:31,115 [PRINT] Case stopped. Waiting for next heat...
2026-02-12 19:40:33,119 [PRINT] Case status: STOPPED - waiting for ACTIVE...
2026-02-12 19:40:33,123 [PRINT] Case stopped. Waiting for next heat...
2026-02-12 19:40:35,127 [PRINT] Case status: STOPPED - waiting for ACTIVE...
2026-02-12 19:40:35,130 [PRINT] Case stopped. Waiting for next heat...
2026-02-12 19:40:37,132 [PRINT] Case status: STOPPED - waiting for ACTIVE...
2026-02-12 19:40:37,136 [PRINT] Case stopped. Waiting for next heat...
2026-02-12 19:40:39,141 [PRINT] Case status: STOPPED - waiting for ACTIVE...
2026-02-12 19:40:39,143 [PRINT] Case stopped. Waiting for next heat...
2026-02-12 19:40:41,145 [PRINT] Case status: STOPPED - waiting for ACTIVE...
2026-02-12 19:40:41,151 [PRINT] Case stopped. Waiting for next heat...
2026-02-12 19:40:43,155 [PRINT] Case status: STOPPED - waiting for ACTIVE...
2026-02-12 19:40:43,157 [PRINT] Case stopped. Waiting for next heat...
2026-02-12 19:40:45,163 [PRINT] Case status: STOPPED - waiting for ACTIVE...
2026-02-12 19:40:45,165 [PRINT] Case stopped. Waiting for next heat...
2026-02-12 19:40:47,169 [PRINT] Case status: STOPPED - waiting for ACTIVE...
2026-02-12 19:40:47,172 [PRINT] Case stopped. Waiting for next heat...
2026-02-12 19:40:49,175 [PRINT] Case status: STOPPED - waiting for ACTIVE...
2026-02-12 19:40:49,178 [PRINT] Case stopped. Waiting for next heat...
2026-02-12 19:40:51,182 [PRINT] Case status: STOPPED - waiting for ACTIVE...
2026-02-12 19:40:51,185 [PRINT] Case stopped. Waiting for next heat...
2026-02-12 19:40:53,190 [PRINT] Case status: STOPPED - waiting for ACTIVE...
2026-02-12 19:40:53,192 [PRINT] Case stopped. Waiting for next heat...
2026-02-12 19:40:55,197 [PRINT] Case status: STOPPED - waiting for ACTIVE...
2026-02-12 19:40:55,200 [PRINT] Case stopped. Waiting for next heat...
2026-02-12 19:40:57,248 [PRINT] 
============================================================
2026-02-12 19:40:57,248 [PRINT]   HEAT 1
2026-02-12 19:40:57,248 [PRINT]   Stocks: WNTR, SMMR, ATMN, SPNG
2026-02-12 19:40:57,248 [PRINT]   Start NLV: $0.00
2026-02-12 19:40:57,248 [PRINT] ============================================================

2026-02-12 19:40:57,248 [PRINT] 
  Starting market-making loop...
2026-02-12 19:40:57,261 [PRINT]   Start NLV: $0.00
2026-02-12 19:40:57,275 [PRINT]   Aggregate limit: 50000
2026-02-12 19:40:57,276 [PRINT]   Gross limit: 50000, Net limit: 30000
2026-02-12 19:40:58,307 [PRINT]   [T=  0/300] D1 s 0 | PnL=$     +0.00 | Agg=0/50000 (0%) | WNTR:+0 | SMMR:+0 | ATMN:+0 | SPNG:+0 | Vol:W:M S:M A:M S:M | Ord:8
2026-02-12 19:41:02,140 [PRINT]   [T=  5/300] D1 s 5 | PnL=$    -18.00 | Agg=1600/50000 (3%) | WNTR:+0 | SMMR:-500 | ATMN:+800 | SPNG:-300 | Vol:W:H S:M A:M S:M | Ord:26
2026-02-12 19:41:07,301 [PRINT]   [T= 10/300] D1 s10 | PnL=$ -1,051.00 | Agg=5000/50000 (10%) | WNTR:-3000 | SMMR:-500 | ATMN:-1200 | SPNG:-300 | Vol:W:L S:L A:M S:H | Ord:50
2026-02-12 19:41:12,610 [PRINT]   [T= 15/300] D1 s15 | PnL=$ -2,604.50 | Agg=3500/50000 (7%) | WNTR:+1500 | SMMR:+750 | ATMN:+800 | SPNG:+450 | Vol:W:M S:M A:M S:H | Ord:74
2026-02-12 19:41:17,481 [PRINT]   [T= 20/300] D1 s20 | PnL=$ -5,293.00 | Agg=4350/50000 (9%) | WNTR:-1500 | SMMR:-1750 | ATMN:+800 | SPNG:-300 | Vol:W:M S:M A:H S:M | Ord:102
2026-02-12 19:41:23,057 [PRINT]   [T= 25/300] D1 s25 | PnL=$ -8,287.50 | Agg=2900/50000 (6%) | WNTR:+1500 | SMMR:+750 | ATMN:-200 | SPNG:+450 | Vol:W:M S:H A:M S:H | Ord:132
2026-02-12 19:41:27,460 [PRINT]   [T= 30/300] D1 s30 | PnL=$ -9,182.50 | Agg=4750/50000 (10%) | WNTR:-1500 | SMMR:+2000 | ATMN:+800 | SPNG:+450 | Vol:W:H S:L A:H S:H | Ord:150
2026-02-12 19:41:32,565 [PRINT]   [T= 35/300] D1 s35 | PnL=$ -9,835.00 | Agg=6600/50000 (13%) | WNTR:+3000 | SMMR:-1750 | ATMN:+800 | SPNG:-1050 | Vol:W:M S:H A:M S:H | Ord:174
2026-02-12 19:41:37,541 [PRINT]   [T= 40/300] D1 s40 | PnL=$-10,958.50 | Agg=3250/50000 (6%) | WNTR:+0 | SMMR:-1750 | ATMN:-1200 | SPNG:-300 | Vol:W:M S:M A:M S:H | Ord:196
2026-02-12 19:41:42,568 [PRINT]   [T= 45/300] D1 s45 | PnL=$-12,136.00 | Agg=2400/50000 (5%) | WNTR:+0 | SMMR:-1750 | ATMN:-200 | SPNG:+450 | Vol:W:H S:M A:H S:H | Ord:220
2026-02-12 19:41:47,080 [PRINT]     [PRE-CLOSE] T=50 s=50 - Cancelled all orders
2026-02-12 19:41:57,918 [PRINT]   [T= 60/300] D2 s 0 | PnL=$-13,226.00 | Agg=3600/13000 (28%) | WNTR:+0 | SMMR:-1750 | ATMN:+800 | SPNG:-1050 | Vol:W:H S:H A:H S:H | Ord:244
2026-02-12 19:42:02,998 [PRINT]   [T= 65/300] D2 s 5 | PnL=$-15,775.94 | Agg=1000/50000 (2%) | WNTR:+600 | SMMR:-250 | ATMN:+0 | SPNG:-150 | Vol:W:H S:M A:H S:H | Ord:270
2026-02-12 19:42:08,577 [PRINT]   [T= 70/300] D2 s10 | PnL=$-17,101.94 | Agg=3300/50000 (7%) | WNTR:-900 | SMMR:+2250 | ATMN:+0 | SPNG:-150 | Vol:W:M S:M A:H S:M | Ord:294
2026-02-12 19:42:12,739 [PRINT]   [T= 75/300] D2 s15 | PnL=$-17,998.44 | Agg=3950/50000 (8%) | WNTR:+2100 | SMMR:-250 | ATMN:+1000 | SPNG:+600 | Vol:W:L S:L A:H S:H | Ord:318
2026-02-12 19:42:17,516 [PRINT]   [T= 80/300] D2 s20 | PnL=$-20,782.44 | Agg=3450/50000 (7%) | WNTR:+600 | SMMR:+2250 | ATMN:+0 | SPNG:+600 | Vol:W:M S:M A:H S:H | Ord:340
2026-02-12 19:42:23,007 [PRINT]   [T= 85/300] D2 s25 | PnL=$-22,351.94 | Agg=4500/50000 (9%) | WNTR:-900 | SMMR:+2250 | ATMN:+0 | SPNG:+1350 | Vol:W:M S:M A:H S:M | Ord:366
2026-02-12 19:42:27,454 [PRINT]   [T= 90/300] D2 s30 | PnL=$-24,120.94 | Agg=6200/50000 (12%) | WNTR:+3600 | SMMR:+1000 | ATMN:-1000 | SPNG:+600 | Vol:W:M S:M A:H S:H | Ord:388
2026-02-12 19:42:32,523 [PRINT]   [T= 95/300] D2 s35 | PnL=$-25,062.94 | Agg=3000/50000 (6%) | WNTR:+600 | SMMR:-1500 | ATMN:+0 | SPNG:-900 | Vol:W:M S:M A:H S:M | Ord:412
2026-02-12 19:42:38,721 [PRINT]   [T=100/300] D2 s40 | PnL=$-26,177.94 | Agg=4550/50000 (9%) | WNTR:-2400 | SMMR:-250 | ATMN:+1000 | SPNG:-900 | Vol:W:M S:M A:H S:H | Ord:446
2026-02-12 19:42:42,896 [PRINT]   [T=105/300] D2 s45 | PnL=$-27,862.94 | Agg=4500/50000 (9%) | WNTR:+2100 | SMMR:-250 | ATMN:-2000 | SPNG:-150 | Vol:W:M S:H A:M S:H | Ord:468
2026-02-12 19:42:47,408 [PRINT]     [PRE-CLOSE] T=110 s=50 - Cancelled all orders
2026-02-12 19:42:58,088 [PRINT]   [T=120/300] D3 s 0 | PnL=$-32,027.94 | Agg=4000/13000 (31%) | WNTR:+2100 | SMMR:+1000 | ATMN:+0 | SPNG:-900 | Vol:W:H S:H A:H S:H | Ord:492
2026-02-12 19:43:03,200 [PRINT]   [T=125/300] D3 s 5 | PnL=$-33,702.94 | Agg=1400/50000 (3%) | WNTR:+300 | SMMR:+500 | ATMN:+0 | SPNG:-600 | Vol:W:H S:H A:H S:H | Ord:512
2026-02-12 19:43:08,218 [PRINT]   [T=130/300] D3 s10 | PnL=$-36,734.94 | Agg=1850/50000 (4%) | WNTR:-1200 | SMMR:+500 | ATMN:+0 | SPNG:+150 | Vol:W:H S:M A:H S:H | Ord:534
2026-02-12 19:43:13,549 [PRINT]   [T=135/300] D3 s15 | PnL=$-37,854.44 | Agg=4700/50000 (9%) | WNTR:+1800 | SMMR:-750 | ATMN:-2000 | SPNG:+150 | Vol:W:M S:H A:H S:H | Ord:562
2026-02-12 19:43:18,268 [PRINT]   [T=140/300] D3 s20 | PnL=$-39,117.94 | Agg=3150/50000 (6%) | WNTR:+300 | SMMR:+500 | ATMN:-1000 | SPNG:-1350 | Vol:W:M S:L A:M S:M | Ord:584
2026-02-12 19:43:23,175 [PRINT]   [T=145/300] D3 s25 | PnL=$-40,503.44 | Agg=5100/50000 (10%) | WNTR:-2700 | SMMR:+500 | ATMN:+1000 | SPNG:+900 | Vol:W:L S:L A:M S:M | Ord:600
2026-02-12 19:43:28,559 [PRINT]   [T=150/300] D3 s30 | PnL=$-42,074.94 | Agg=5350/50000 (11%) | WNTR:-1200 | SMMR:-3250 | ATMN:+0 | SPNG:+900 | Vol:W:M S:L A:M S:H | Ord:624
2026-02-12 19:43:33,106 [PRINT]   [T=155/300] D3 s35 | PnL=$-43,542.94 | Agg=3800/50000 (8%) | WNTR:-1200 | SMMR:-2000 | ATMN:+0 | SPNG:-600 | Vol:W:M S:M A:M S:H | Ord:642
2026-02-12 19:43:39,110 [PRINT]   [T=160/300] D3 s40 | PnL=$-45,712.44 | Agg=7550/50000 (15%) | WNTR:-2700 | SMMR:+500 | ATMN:+3000 | SPNG:-1350 | Vol:W:M S:H A:M S:H | Ord:674
2026-02-12 19:43:43,180 [PRINT]   [T=165/300] D3 s45 | PnL=$-47,015.44 | Agg=1650/50000 (3%) | WNTR:+300 | SMMR:-750 | ATMN:+0 | SPNG:-600 | Vol:W:M S:L A:H S:H | Ord:694
2026-02-12 19:43:47,783 [PRINT]     [PRE-CLOSE] T=170 s=50 - Cancelled all orders
2026-02-12 19:43:58,335 [PRINT]   [T=180/300] D4 s 0 | PnL=$-48,090.72 | Agg=3200/13000 (25%) | WNTR:+300 | SMMR:-750 | ATMN:-2000 | SPNG:+150 | Vol:W:H S:M A:H S:H | Ord:712
2026-02-12 19:44:03,458 [PRINT]   [T=185/300] D4 s 5 | PnL=$-49,816.72 | Agg=1900/50000 (4%) | WNTR:-300 | SMMR:-250 | ATMN:-1200 | SPNG:-150 | Vol:W:H S:H A:M S:H | Ord:736
2026-02-12 19:44:08,300 [PRINT]   [T=190/300] D4 s10 | PnL=$-51,573.72 | Agg=2250/50000 (4%) | WNTR:-300 | SMMR:+1000 | ATMN:+800 | SPNG:-150 | Vol:W:M S:H A:M S:H | Ord:764
2026-02-12 19:44:13,709 [PRINT]   [T=195/300] D4 s15 | PnL=$-54,489.22 | Agg=5050/50000 (10%) | WNTR:+2700 | SMMR:+1000 | ATMN:-1200 | SPNG:-150 | Vol:W:M S:M A:M S:H | Ord:792
2026-02-12 19:44:18,271 [PRINT]   [T=200/300] D4 s20 | PnL=$-56,736.22 | Agg=5250/50000 (10%) | WNTR:+2700 | SMMR:+1000 | ATMN:-200 | SPNG:+1350 | Vol:W:M S:M A:H S:M | Ord:814
2026-02-12 19:44:23,763 [PRINT]   [T=205/300] D4 s25 | PnL=$-58,172.22 | Agg=4100/50000 (8%) | WNTR:+1200 | SMMR:-1500 | ATMN:+800 | SPNG:+600 | Vol:W:M S:M A:H S:H | Ord:842
2026-02-12 19:44:28,849 [PRINT]   [T=210/300] D4 s30 | PnL=$-60,141.63 | Agg=3550/50000 (7%) | WNTR:+1200 | SMMR:+1000 | ATMN:-1200 | SPNG:-150 | Vol:W:M S:M A:H S:H | Ord:862
2026-02-12 19:44:34,020 [PRINT]   [T=215/300] D4 s35 | PnL=$-62,441.63 | Agg=1650/50000 (3%) | WNTR:-300 | SMMR:+1000 | ATMN:-200 | SPNG:-150 | Vol:W:M S:H A:H S:H | Ord:892
2026-02-12 19:44:38,203 [PRINT]   [T=220/300] D4 s40 | PnL=$-63,810.63 | Agg=5100/50000 (10%) | WNTR:+2700 | SMMR:+1000 | ATMN:+800 | SPNG:+600 | Vol:W:L S:H A:H S:H | Ord:912
2026-02-12 19:44:43,268 [PRINT]   [T=225/300] D4 s45 | PnL=$-65,351.13 | Agg=3250/50000 (6%) | WNTR:+1200 | SMMR:-250 | ATMN:-1200 | SPNG:+600 | Vol:W:H S:M A:M S:H | Ord:940
2026-02-12 19:44:48,069 [PRINT]     [PRE-CLOSE] T=230 s=50 - Cancelled all orders
2026-02-12 19:44:58,844 [PRINT]   [T=240/300] D5 s 0 | PnL=$-71,185.13 | Agg=5450/13000 (42%) | WNTR:-1800 | SMMR:+2250 | ATMN:+800 | SPNG:+600 | Vol:W:M S:H A:H S:H | Ord:968
2026-02-12 19:45:03,573 [PRINT]   [T=245/300] D5 s 5 | PnL=$-69,797.13 | Agg=1550/50000 (3%) | WNTR:+0 | SMMR:+1250 | ATMN:+0 | SPNG:-300 | Vol:W:M S:M A:M S:H | Ord:982
2026-02-12 19:45:08,695 [PRINT]   [T=250/300] D5 s10 | PnL=$-70,179.63 | Agg=4800/50000 (10%) | WNTR:+0 | SMMR:-2500 | ATMN:+2000 | SPNG:-300 | Vol:W:L S:L A:M S:H | Ord:1004
2026-02-12 19:45:13,920 [PRINT]   [T=255/300] D5 s15 | PnL=$-71,686.13 | Agg=2950/50000 (6%) | WNTR:+0 | SMMR:-2500 | ATMN:+0 | SPNG:+450 | Vol:W:L S:M A:H S:H | Ord:1026
2026-02-12 19:45:18,998 [PRINT]   [T=260/300] D5 s20 | PnL=$-72,483.13 | Agg=5950/50000 (12%) | WNTR:+3000 | SMMR:-2500 | ATMN:+0 | SPNG:+450 | Vol:W:L S:L A:M S:H | Ord:1050
2026-02-12 19:45:23,622 [PRINT]   [T=265/300] D5 s25 | PnL=$-74,340.63 | Agg=4550/50000 (9%) | WNTR:+3000 | SMMR:+1250 | ATMN:+0 | SPNG:-300 | Vol:W:L S:L A:M S:M | Ord:1064
2026-02-12 19:45:28,802 [PRINT]   [T=270/300] D5 s30 | PnL=$-75,449.13 | Agg=3900/50000 (8%) | WNTR:+1100 | SMMR:-2500 | ATMN:+0 | SPNG:-300 | Vol:W:M S:L A:M S:H | Ord:1086
2026-02-12 19:45:33,608 [PRINT]   [T=275/300] D5 s35 | PnL=$-75,886.63 | Agg=2800/50000 (6%) | WNTR:+0 | SMMR:-2500 | ATMN:+0 | SPNG:-300 | Vol:W:L S:M A:M S:M | Ord:1112
2026-02-12 19:45:39,218 [PRINT]   [T=280/300] D5 s40 | PnL=$-76,472.13 | Agg=450/50000 (1%) | WNTR:+0 | SMMR:+0 | ATMN:+0 | SPNG:+450 | Vol:W:M S:M A:M S:H | Ord:1140
2026-02-12 19:45:44,038 [PRINT]   [T=285/300] D5 s45 | PnL=$-76,387.13 | Agg=8300/50000 (17%) | WNTR:+4500 | SMMR:+2500 | ATMN:-1000 | SPNG:-300 | Vol:W:L S:M A:M S:H | Ord:1160
2026-02-12 19:45:48,479 [PRINT]     [PRE-CLOSE] T=290 s=50 - Cancelled all orders
2026-02-12 19:45:58,656 [PRINT] 
  Heat ended at tick 300
2026-02-12 19:45:59,099 [PRINT] 
  Heat 1 ended.
2026-02-12 19:45:59,100 [PRINT]   P&L: $-77,101.63
2026-02-12 19:45:59,100 [PRINT]   Orders placed: 1178
2026-02-12 19:45:59,100 [PRINT]   Market orders: 0
2026-02-12 19:45:59,100 [PRINT] 
  --- HEAT HISTORY ---
2026-02-12 19:45:59,100 [PRINT]   H 1: P&L $-77,101.63 (Orders: 1178, Mkt: 0)
2026-02-12 19:45:59,102 [PRINT]   ----------------------------------------
2026-02-12 19:45:59,102 [PRINT]   Total: $-77,101.63
2026-02-12 19:45:59,102 [PRINT] ============================================================

2026-02-12 19:46:02,106 [PRINT] Case status: STOPPED - waiting for ACTIVE...
2026-02-12 19:46:02,109 [PRINT] Case stopped. Waiting for next heat...
2026-02-12 19:46:02,749 [PRINT] 

Shutting down...
2026-02-12 19:46:02,752 [WARNING] api: POST /commands/cancel returned 401: {"code":"UNAUTHORIZED","message":"Simulation must be running."}
2026-02-12 19:46:02,752 [PRINT] Cancelled all open orders.
2026-02-12 19:46:02,754 [PRINT] Final NLV: $-77,101.63
2026-02-12 19:46:02,755 [PRINT] Total P&L across 1 heats: $-77,101.63
2026-02-12 19:46:02,755 [PRINT] Goodbye.
