2026-02-12 19:56:55,414 [PRINT] Logging to: C:\Users\Kanish Khanna\OneDrive - UBC\Desktop\RITC\RITC-2026\Algo_case_Kanish\algo_mm_20260212_195655.log

2026-02-12 19:56:55,415 [PRINT] Waiting for RIT connection...
2026-02-12 19:56:55,431 [PRINT] Connected to RIT.
2026-02-12 19:56:55,436 [PRINT] Trader: UBCT-4 | First:  | NLV: $0.00
2026-02-12 19:56:55,436 [PRINT] 
Bot ready. Waiting for heats...

2026-02-12 19:56:55,436 [PRINT] ----------------------------------------------------------------------
2026-02-12 19:56:55,443 [PRINT] 
============================================================
2026-02-12 19:56:55,443 [PRINT]   HEAT 1
2026-02-12 19:56:55,443 [PRINT]   Stocks: WNTR, SMMR, ATMN, SPNG
2026-02-12 19:56:55,444 [PRINT]   Start NLV: $0.00
2026-02-12 19:56:55,445 [PRINT] ============================================================

2026-02-12 19:56:55,445 [PRINT] 
  Starting market-making loop...
2026-02-12 19:56:55,448 [PRINT]   Start NLV: $0.00
2026-02-12 19:56:55,451 [PRINT]   Aggregate limit: 50000
2026-02-12 19:56:55,452 [PRINT]   Gross limit: 50000, Net limit: 30000
2026-02-12 19:56:57,539 [PRINT]   [T=230/300] D4 s50 | PnL=$   -183.20 | Agg=1640/50000 (3%) | WNTR:+0 | SMMR:+840 | ATMN:+0 | SPNG:-800 | Vol:W:M S:H A:M S:H | Ord:10
2026-02-12 19:57:02,549 [PRINT]   [T=235/300] D4 s55 | PnL=$   +529.30 | Agg=3340/50000 (7%) | WNTR:+1500 | SMMR:+840 | ATMN:+1000 | SPNG:+0 | Vol:W:L S:L A:M S:M | Ord:10
2026-02-12 19:57:03,601 [PRINT]     [PRE-CLOSE] T=236 s=56 - Cancelled all orders
2026-02-12 19:57:08,432 [PRINT]   [T=240/300] D5 s 0 | PnL=$ +3,021.90 | Agg=3340/50000 (7%) | WNTR:+1500 | SMMR:+840 | ATMN:+1000 | SPNG:+0 | Vol:W:M S:M A:H S:H | Ord:18
2026-02-12 19:57:12,801 [PRINT]   [T=245/300] D5 s 5 | PnL=$ +2,786.58 | Agg=1852/50000 (4%) | WNTR:+900 | SMMR:+72 | ATMN:+880 | SPNG:+0 | Vol:W:M S:H A:H S:H | Ord:24
2026-02-12 19:57:18,126 [PRINT]   [T=250/300] D5 s10 | PnL=$ +3,063.50 | Agg=1092/50000 (2%) | WNTR:+900 | SMMR:-72 | ATMN:-120 | SPNG:+0 | Vol:W:L S:H A:M S:M | Ord:32
2026-02-12 19:57:22,644 [PRINT]   [T=255/300] D5 s15 | PnL=$ +2,697.78 | Agg=2892/50000 (6%) | WNTR:+900 | SMMR:-912 | ATMN:+280 | SPNG:+800 | Vol:W:L S:M A:H S:M | Ord:38
2026-02-12 19:57:27,817 [PRINT]   [T=260/300] D5 s20 | PnL=$ +2,658.42 | Agg=1408/50000 (3%) | WNTR:-600 | SMMR:+288 | ATMN:+280 | SPNG:-240 | Vol:W:M S:M A:M S:H | Ord:46
2026-02-12 19:57:33,258 [PRINT]   [T=265/300] D5 s25 | PnL=$ +2,266.54 | Agg=1908/50000 (4%) | WNTR:+900 | SMMR:+288 | ATMN:-720 | SPNG:+0 | Vol:W:M S:M A:M S:H | Ord:60
2026-02-12 19:57:38,250 [PRINT]   [T=270/300] D5 s30 | PnL=$ +1,639.94 | Agg=2072/50000 (4%) | WNTR:+900 | SMMR:-912 | ATMN:-20 | SPNG:+240 | Vol:W:M S:M A:H S:M | Ord:70
2026-02-12 19:57:43,033 [PRINT]   [T=275/300] D5 s35 | PnL=$ +1,251.28 | Agg=2652/50000 (5%) | WNTR:+900 | SMMR:-912 | ATMN:+280 | SPNG:-560 | Vol:W:L S:M A:M S:M | Ord:76
2026-02-12 19:57:47,875 [PRINT]   [T=280/300] D5 s40 | PnL=$   +914.44 | Agg=2532/50000 (5%) | WNTR:+900 | SMMR:-912 | ATMN:-720 | SPNG:+0 | Vol:W:M S:M A:H S:H | Ord:86
2026-02-12 19:57:52,884 [PRINT]   [T=285/300] D5 s45 | PnL=$ +1,040.88 | Agg=1708/50000 (3%) | WNTR:+900 | SMMR:+288 | ATMN:+280 | SPNG:+240 | Vol:W:L S:M A:M S:H | Ord:96
2026-02-12 19:57:58,089 [PRINT]   [T=290/300] D5 s50 | PnL=$   +902.64 | Agg=1468/50000 (3%) | WNTR:+900 | SMMR:+288 | ATMN:+280 | SPNG:+0 | Vol:W:M S:M A:H S:H | Ord:100
2026-02-12 19:58:03,114 [PRINT]   [T=295/300] D5 s55 | PnL=$   +760.36 | Agg=2332/50000 (5%) | WNTR:+900 | SMMR:-912 | ATMN:+280 | SPNG:+240 | Vol:W:M S:M A:M S:M | Ord:104
2026-02-12 19:58:04,024 [PRINT]     [PRE-CLOSE] T=296 s=56 - Cancelled all orders
2026-02-12 19:58:07,930 [PRINT] 
  Heat ended at tick 300
2026-02-12 19:58:07,933 [PRINT] 
  Heat 1 ended.
2026-02-12 19:58:07,934 [PRINT]   P&L: $+466.12
2026-02-12 19:58:07,934 [PRINT]   Orders placed: 104
2026-02-12 19:58:07,934 [PRINT]   Market orders: 0
2026-02-12 19:58:07,935 [PRINT] 
  --- HEAT HISTORY ---
2026-02-12 19:58:07,935 [PRINT]   H 1: P&L $   +466.12 (Orders: 104, Mkt: 0)
2026-02-12 19:58:07,935 [PRINT]   ----------------------------------------
2026-02-12 19:58:07,936 [PRINT]   Total: $+466.12
2026-02-12 19:58:07,937 [PRINT] ============================================================

2026-02-12 19:58:10,938 [PRINT] Case status: STOPPED - waiting for ACTIVE...
2026-02-12 19:58:10,938 [PRINT] Case stopped. Waiting for next heat...
2026-02-12 19:58:12,948 [PRINT] Case status: STOPPED - waiting for ACTIVE...
2026-02-12 19:58:12,952 [PRINT] Case stopped. Waiting for next heat...
2026-02-12 19:58:14,956 [PRINT] Case status: STOPPED - waiting for ACTIVE...
2026-02-12 19:58:14,958 [PRINT] Case stopped. Waiting for next heat...
2026-02-12 19:58:16,963 [PRINT] Case status: STOPPED - waiting for ACTIVE...
2026-02-12 19:58:16,965 [PRINT] Case stopped. Waiting for next heat...
2026-02-12 19:58:18,969 [PRINT] Case status: STOPPED - waiting for ACTIVE...
2026-02-12 19:58:18,971 [PRINT] Case stopped. Waiting for next heat...
2026-02-12 19:58:20,976 [PRINT] Case status: STOPPED - waiting for ACTIVE...
2026-02-12 19:58:20,979 [PRINT] Case stopped. Waiting for next heat...
2026-02-12 19:58:22,982 [PRINT] Case status: STOPPED - waiting for ACTIVE...
2026-02-12 19:58:22,985 [PRINT] Case stopped. Waiting for next heat...
2026-02-12 19:58:24,989 [PRINT] Case status: STOPPED - waiting for ACTIVE...
2026-02-12 19:58:24,992 [PRINT] Case stopped. Waiting for next heat...
2026-02-12 19:58:26,996 [PRINT] Case status: STOPPED - waiting for ACTIVE...
2026-02-12 19:58:27,000 [PRINT] Case stopped. Waiting for next heat...
2026-02-12 19:58:29,005 [PRINT] Case status: STOPPED - waiting for ACTIVE...
2026-02-12 19:58:29,008 [PRINT] Case stopped. Waiting for next heat...
2026-02-12 19:58:31,010 [PRINT] Case status: STOPPED - waiting for ACTIVE...
2026-02-12 19:58:31,012 [PRINT] Case stopped. Waiting for next heat...
2026-02-12 19:58:33,017 [PRINT] Case status: STOPPED - waiting for ACTIVE...
2026-02-12 19:58:33,021 [PRINT] Case stopped. Waiting for next heat...
2026-02-12 19:58:35,023 [PRINT] Case status: STOPPED - waiting for ACTIVE...
2026-02-12 19:58:35,028 [PRINT] Case stopped. Waiting for next heat...
2026-02-12 19:58:37,031 [PRINT] Case status: STOPPED - waiting for ACTIVE...
2026-02-12 19:58:37,034 [PRINT] Case stopped. Waiting for next heat...
2026-02-12 19:58:39,038 [PRINT] Case status: STOPPED - waiting for ACTIVE...
2026-02-12 19:58:39,041 [PRINT] Case stopped. Waiting for next heat...
2026-02-12 19:58:41,046 [PRINT] Case status: STOPPED - waiting for ACTIVE...
2026-02-12 19:58:41,049 [PRINT] Case stopped. Waiting for next heat...
2026-02-12 19:58:43,054 [PRINT] Case status: STOPPED - waiting for ACTIVE...
2026-02-12 19:58:43,055 [PRINT] Case stopped. Waiting for next heat...
2026-02-12 19:58:45,060 [PRINT] Case status: STOPPED - waiting for ACTIVE...
2026-02-12 19:58:45,064 [PRINT] Case stopped. Waiting for next heat...
2026-02-12 19:58:47,066 [PRINT] Case status: STOPPED - waiting for ACTIVE...
2026-02-12 19:58:47,070 [PRINT] Case stopped. Waiting for next heat...
2026-02-12 19:58:49,073 [PRINT] Case status: STOPPED - waiting for ACTIVE...
2026-02-12 19:58:49,077 [PRINT] Case stopped. Waiting for next heat...
2026-02-12 19:58:51,081 [PRINT] Case status: STOPPED - waiting for ACTIVE...
2026-02-12 19:58:51,084 [PRINT] Case stopped. Waiting for next heat...
2026-02-12 19:58:53,088 [PRINT] Case status: STOPPED - waiting for ACTIVE...
2026-02-12 19:58:53,093 [PRINT] Case stopped. Waiting for next heat...
2026-02-12 19:58:55,097 [PRINT] Case status: STOPPED - waiting for ACTIVE...
2026-02-12 19:58:55,100 [PRINT] Case stopped. Waiting for next heat...
2026-02-12 19:58:57,104 [PRINT] Case status: STOPPED - waiting for ACTIVE...
2026-02-12 19:58:57,107 [PRINT] Case stopped. Waiting for next heat...
2026-02-12 19:58:59,111 [PRINT] Case status: STOPPED - waiting for ACTIVE...
2026-02-12 19:58:59,114 [PRINT] Case stopped. Waiting for next heat...
2026-02-12 19:59:01,118 [PRINT] Case status: STOPPED - waiting for ACTIVE...
2026-02-12 19:59:01,121 [PRINT] Case stopped. Waiting for next heat...
2026-02-12 19:59:03,125 [PRINT] Case status: STOPPED - waiting for ACTIVE...
2026-02-12 19:59:03,128 [PRINT] Case stopped. Waiting for next heat...
2026-02-12 19:59:05,128 [PRINT] Case status: STOPPED - waiting for ACTIVE...
2026-02-12 19:59:05,134 [PRINT] Case stopped. Waiting for next heat...
2026-02-12 19:59:07,138 [PRINT] Case status: STOPPED - waiting for ACTIVE...
2026-02-12 19:59:07,142 [PRINT] Case stopped. Waiting for next heat...
2026-02-12 19:59:09,146 [PRINT] Case status: STOPPED - waiting for ACTIVE...
2026-02-12 19:59:09,149 [PRINT] Case stopped. Waiting for next heat...
2026-02-12 19:59:11,155 [PRINT] 
============================================================
2026-02-12 19:59:11,155 [PRINT]   HEAT 2
2026-02-12 19:59:11,155 [PRINT]   Stocks: WNTR, SMMR, ATMN, SPNG
2026-02-12 19:59:11,155 [PRINT]   Start NLV: $0.00
2026-02-12 19:59:11,155 [PRINT] ============================================================

2026-02-12 19:59:11,155 [PRINT] 
  Starting market-making loop...
2026-02-12 19:59:11,161 [PRINT]   Start NLV: $0.00
2026-02-12 19:59:11,164 [PRINT]   Aggregate limit: 50000
2026-02-12 19:59:11,164 [PRINT]   Gross limit: 50000, Net limit: 30000
2026-02-12 19:59:12,091 [PRINT]   [T=  0/300] D1 s 0 | PnL=$     +0.00 | Agg=0/50000 (0%) | WNTR:+0 | SMMR:+0 | ATMN:+0 | SPNG:+0 | Vol:W:M S:M A:M S:M | Ord:8
2026-02-12 19:59:15,875 [PRINT]   [T=  5/300] D1 s 5 | PnL=$   +134.80 | Agg=720/50000 (1%) | WNTR:+0 | SMMR:+0 | ATMN:+400 | SPNG:+320 | Vol:W:M S:M A:M S:H | Ord:8
2026-02-12 19:59:21,138 [PRINT]   [T= 10/300] D1 s10 | PnL=$   +551.60 | Agg=1640/50000 (3%) | WNTR:+0 | SMMR:+720 | ATMN:-600 | SPNG:+320 | Vol:W:M S:M A:H S:H | Ord:14
2026-02-12 19:59:26,092 [PRINT]   [T= 15/300] D1 s15 | PnL=$    +88.80 | Agg=960/50000 (2%) | WNTR:+0 | SMMR:-480 | ATMN:+400 | SPNG:+80 | Vol:W:M S:L A:M S:H | Ord:20
2026-02-12 19:59:31,451 [PRINT]   [T= 20/300] D1 s20 | PnL=$   -698.80 | Agg=1400/50000 (3%) | WNTR:+0 | SMMR:+720 | ATMN:-600 | SPNG:+80 | Vol:W:M S:M A:M S:H | Ord:28
2026-02-12 19:59:36,008 [PRINT]   [T= 25/300] D1 s25 | PnL=$   -677.90 | Agg=1400/50000 (3%) | WNTR:+0 | SMMR:+720 | ATMN:-600 | SPNG:+80 | Vol:W:M S:L A:H S:H | Ord:34
2026-02-12 19:59:41,231 [PRINT]   [T= 30/300] D1 s30 | PnL=$   -918.30 | Agg=860/50000 (2%) | WNTR:+0 | SMMR:-480 | ATMN:-300 | SPNG:+80 | Vol:W:L S:M A:H S:M | Ord:40
2026-02-12 19:59:46,228 [PRINT]   [T= 35/300] D1 s35 | PnL=$ -1,246.90 | Agg=1020/50000 (2%) | WNTR:+0 | SMMR:-480 | ATMN:-300 | SPNG:-240 | Vol:W:L S:M A:H S:H | Ord:50
2026-02-12 19:59:51,408 [PRINT]   [T= 40/300] D1 s40 | PnL=$ -1,440.40 | Agg=780/50000 (2%) | WNTR:+0 | SMMR:-480 | ATMN:-300 | SPNG:+0 | Vol:W:M S:M A:H S:H | Ord:62
2026-02-12 19:59:56,121 [PRINT]   [T= 45/300] D1 s45 | PnL=$ -1,242.40 | Agg=1020/50000 (2%) | WNTR:+0 | SMMR:+720 | ATMN:-300 | SPNG:+0 | Vol:W:M S:M A:H S:M | Ord:62
2026-02-12 20:00:01,358 [PRINT]   [T= 50/300] D1 s50 | PnL=$ -1,435.00 | Agg=780/50000 (2%) | WNTR:+0 | SMMR:-480 | ATMN:-300 | SPNG:+0 | Vol:W:M S:M A:H S:H | Ord:66
2026-02-12 20:00:06,160 [PRINT]   [T= 55/300] D1 s55 | PnL=$ -1,910.40 | Agg=1740/50000 (3%) | WNTR:+0 | SMMR:-480 | ATMN:+700 | SPNG:+560 | Vol:W:M S:M A:M S:M | Ord:70
2026-02-12 20:00:07,196 [PRINT]     [PRE-CLOSE] T=56 s=56 - Cancelled all orders
2026-02-12 20:00:11,279 [PRINT]   [T= 60/300] D2 s 0 | PnL=$   -853.40 | Agg=1740/50000 (3%) | WNTR:+0 | SMMR:-480 | ATMN:+700 | SPNG:+560 | Vol:W:M S:M A:H S:H | Ord:70
2026-02-12 20:00:16,220 [PRINT]   [T= 65/300] D2 s 5 | PnL=$   -428.36 | Agg=1376/50000 (3%) | WNTR:+0 | SMMR:-336 | ATMN:+580 | SPNG:+460 | Vol:W:M S:M A:H S:M | Ord:76
2026-02-12 20:00:21,998 [PRINT]   [T= 70/300] D2 s10 | PnL=$     +0.82 | Agg=1256/50000 (3%) | WNTR:+0 | SMMR:-336 | ATMN:+580 | SPNG:-340 | Vol:W:M S:M A:H S:H | Ord:84
2026-02-12 20:00:27,022 [PRINT]   [T= 75/300] D2 s15 | PnL=$   -371.36 | Agg=1484/50000 (3%) | WNTR:+0 | SMMR:+864 | ATMN:+280 | SPNG:-340 | Vol:W:M S:M A:M S:M | Ord:92
2026-02-12 20:00:31,296 [PRINT]   [T= 80/300] D2 s20 | PnL=$   -934.36 | Agg=1396/50000 (3%) | WNTR:+0 | SMMR:-336 | ATMN:-720 | SPNG:-340 | Vol:W:M S:L A:M S:H | Ord:96
2026-02-12 20:00:36,383 [PRINT]   [T= 85/300] D2 s25 | PnL=$ -1,038.08 | Agg=1244/50000 (2%) | WNTR:+0 | SMMR:+864 | ATMN:+280 | SPNG:-100 | Vol:W:M S:M A:M S:H | Ord:102
2026-02-12 20:00:41,623 [PRINT]   [T= 90/300] D2 s30 | PnL=$ -2,097.26 | Agg=2744/50000 (5%) | WNTR:+1500 | SMMR:+864 | ATMN:+280 | SPNG:-100 | Vol:W:H S:M A:M S:H | Ord:114
2026-02-12 20:00:46,675 [PRINT]   [T= 95/300] D2 s35 | PnL=$ -1,827.62 | Agg=2744/50000 (5%) | WNTR:+1500 | SMMR:+864 | ATMN:+280 | SPNG:-100 | Vol:W:M S:M A:M S:M | Ord:118
2026-02-12 20:00:51,751 [PRINT]   [T=100/300] D2 s40 | PnL=$ -2,570.44 | Agg=2256/50000 (5%) | WNTR:+1500 | SMMR:-336 | ATMN:+280 | SPNG:+140 | Vol:W:M S:M A:M S:M | Ord:130
2026-02-12 20:00:56,673 [PRINT]   [T=105/300] D2 s45 | PnL=$ -2,788.28 | Agg=1724/50000 (3%) | WNTR:+0 | SMMR:+864 | ATMN:-720 | SPNG:+140 | Vol:W:M S:M A:M S:H | Ord:136
2026-02-12 20:01:01,597 [PRINT]   [T=110/300] D2 s50 | PnL=$ -3,136.00 | Agg=756/50000 (2%) | WNTR:+0 | SMMR:-336 | ATMN:+280 | SPNG:+140 | Vol:W:M S:M A:H S:M | Ord:138
2026-02-12 20:01:07,075 [PRINT]   [T=115/300] D2 s55 | PnL=$ -3,458.48 | Agg=756/50000 (2%) | WNTR:+0 | SMMR:-336 | ATMN:+280 | SPNG:+140 | Vol:W:M S:M A:M S:M | Ord:146
2026-02-12 20:01:07,609 [PRINT]     [PRE-CLOSE] T=116 s=56 - Cancelled all orders
2026-02-12 20:01:12,354 [PRINT]   [T=120/300] D3 s 0 | PnL=$ -1,740.08 | Agg=1804/50000 (4%) | WNTR:+0 | SMMR:+864 | ATMN:+280 | SPNG:-660 | Vol:W:M S:M A:H S:H | Ord:152
2026-02-12 20:01:16,744 [PRINT]   [T=125/300] D3 s 5 | PnL=$ -1,359.20 | Agg=960/50000 (2%) | WNTR:+0 | SMMR:+240 | ATMN:+160 | SPNG:-560 | Vol:W:M S:H A:H S:H | Ord:158
2026-02-12 20:01:21,944 [PRINT]   [T=130/300] D3 s10 | PnL=$ -1,670.60 | Agg=476/50000 (1%) | WNTR:+0 | SMMR:+96 | ATMN:+160 | SPNG:-220 | Vol:W:M S:H A:H S:H | Ord:164
2026-02-12 20:01:26,901 [PRINT]   [T=135/300] D3 s15 | PnL=$ -1,920.36 | Agg=1264/50000 (3%) | WNTR:+0 | SMMR:-1104 | ATMN:-140 | SPNG:+20 | Vol:W:M S:M A:H S:H | Ord:174
2026-02-12 20:01:32,165 [PRINT]   [T=140/300] D3 s20 | PnL=$ -2,519.60 | Agg=1984/50000 (4%) | WNTR:+0 | SMMR:-1104 | ATMN:+860 | SPNG:+20 | Vol:W:M S:M A:H S:H | Ord:190
2026-02-12 20:01:36,919 [PRINT]   [T=145/300] D3 s25 | PnL=$ -2,691.16 | Agg=256/50000 (1%) | WNTR:+0 | SMMR:+96 | ATMN:-140 | SPNG:+20 | Vol:W:L S:L A:M S:H | Ord:196
2026-02-12 20:01:41,996 [PRINT]   [T=150/300] D3 s30 | PnL=$ -2,842.68 | Agg=1624/50000 (3%) | WNTR:+0 | SMMR:-1464 | ATMN:-140 | SPNG:+20 | Vol:W:L S:M A:H S:M | Ord:198
2026-02-12 20:01:46,788 [PRINT]   [T=155/300] D3 s35 | PnL=$ -2,971.48 | Agg=2384/50000 (5%) | WNTR:+0 | SMMR:-1464 | ATMN:-140 | SPNG:-780 | Vol:W:M S:M A:H S:H | Ord:200
2026-02-12 20:01:52,190 [PRINT]   [T=160/300] D3 s40 | PnL=$ -3,125.18 | Agg=3356/50000 (7%) | WNTR:-1500 | SMMR:+936 | ATMN:-140 | SPNG:-780 | Vol:W:M S:M A:M S:H | Ord:208
2026-02-12 20:01:56,822 [PRINT]   [T=165/300] D3 s45 | PnL=$ -3,402.98 | Agg=2636/50000 (5%) | WNTR:-1500 | SMMR:+936 | ATMN:-140 | SPNG:-60 | Vol:W:M S:M A:H S:H | Ord:218
2026-02-12 20:02:02,341 [PRINT]   [T=170/300] D3 s50 | PnL=$ -3,508.50 | Agg=2756/50000 (6%) | WNTR:-1500 | SMMR:+936 | ATMN:-140 | SPNG:+180 | Vol:W:M S:M A:M S:H | Ord:224
2026-02-12 20:02:06,880 [PRINT]   [T=175/300] D3 s55 | PnL=$ -3,768.34 | Agg=2804/50000 (6%) | WNTR:-1500 | SMMR:-264 | ATMN:+860 | SPNG:+180 | Vol:W:M S:M A:M S:H | Ord:228
2026-02-12 20:02:07,914 [PRINT]     [PRE-CLOSE] T=176 s=56 - Cancelled all orders
2026-02-12 20:02:11,954 [PRINT]   [T=180/300] D4 s 0 | PnL=$ -4,625.30 | Agg=2804/50000 (6%) | WNTR:-1500 | SMMR:-264 | ATMN:+860 | SPNG:+180 | Vol:W:H S:M A:H S:H | Ord:228
2026-02-12 20:02:17,618 [PRINT]   [T=185/300] D4 s 5 | PnL=$ -4,555.06 | Agg=2260/50000 (5%) | WNTR:-1500 | SMMR:-120 | ATMN:+620 | SPNG:-20 | Vol:W:M S:H A:H S:H | Ord:242
2026-02-12 20:02:21,966 [PRINT]   [T=190/300] D4 s10 | PnL=$ -4,268.26 | Agg=1000/50000 (2%) | WNTR:+600 | SMMR:-120 | ATMN:+200 | SPNG:+80 | Vol:W:M S:L A:H S:H | Ord:252
2026-02-12 20:02:27,027 [PRINT]   [T=195/300] D4 s15 | PnL=$ -4,377.46 | Agg=3000/50000 (6%) | WNTR:+600 | SMMR:+1440 | ATMN:-800 | SPNG:-160 | Vol:W:M S:M A:H S:H | Ord:258
2026-02-12 20:02:32,446 [PRINT]   [T=200/300] D4 s20 | PnL=$ -4,530.46 | Agg=3780/50000 (8%) | WNTR:-900 | SMMR:+1440 | ATMN:-800 | SPNG:+640 | Vol:W:M S:M A:M S:H | Ord:274
2026-02-12 20:02:37,274 [PRINT]   [T=205/300] D4 s25 | PnL=$ -4,558.46 | Agg=1980/50000 (4%) | WNTR:-900 | SMMR:+240 | ATMN:+200 | SPNG:+640 | Vol:W:M S:L A:M S:M | Ord:276
2026-02-12 20:02:42,269 [PRINT]   [T=210/300] D4 s30 | PnL=$ -5,094.86 | Agg=1800/50000 (4%) | WNTR:+600 | SMMR:+240 | ATMN:-800 | SPNG:-160 | Vol:W:H S:L A:M S:H | Ord:282
2026-02-12 20:02:47,581 [PRINT]   [T=215/300] D4 s35 | PnL=$ -5,438.16 | Agg=4350/50000 (9%) | WNTR:-1350 | SMMR:-1320 | ATMN:-800 | SPNG:+880 | Vol:W:M S:L A:M S:M | Ord:292
2026-02-12 20:02:52,193 [PRINT]   [T=220/300] D4 s40 | PnL=$ -5,692.96 | Agg=530/50000 (1%) | WNTR:+150 | SMMR:-120 | ATMN:-100 | SPNG:-160 | Vol:W:M S:M A:M S:H | Ord:304
2026-02-12 20:02:57,217 [PRINT]   [T=225/300] D4 s45 | PnL=$ -5,833.96 | Agg=1490/50000 (3%) | WNTR:+150 | SMMR:+1080 | ATMN:-100 | SPNG:-160 | Vol:W:M S:M A:H S:M | Ord:310
2026-02-12 20:03:02,351 [PRINT]   [T=230/300] D4 s50 | PnL=$ -5,975.26 | Agg=530/50000 (1%) | WNTR:+150 | SMMR:-120 | ATMN:-100 | SPNG:-160 | Vol:W:M S:M A:H S:M | Ord:312
2026-02-12 20:03:07,331 [PRINT]   [T=235/300] D4 s55 | PnL=$ -6,115.76 | Agg=1490/50000 (3%) | WNTR:+150 | SMMR:+1080 | ATMN:-100 | SPNG:-160 | Vol:W:M S:M A:M S:M | Ord:314
2026-02-12 20:03:08,374 [PRINT]     [PRE-CLOSE] T=236 s=56 - Cancelled all orders
2026-02-12 20:03:12,549 [PRINT]   [T=240/300] D5 s 0 | PnL=$ -3,799.56 | Agg=1490/50000 (3%) | WNTR:+150 | SMMR:+1080 | ATMN:-100 | SPNG:-160 | Vol:W:M S:M A:H S:H | Ord:316
2026-02-12 20:03:17,368 [PRINT]   [T=245/300] D5 s 5 | PnL=$ -4,445.08 | Agg=1266/50000 (3%) | WNTR:-270 | SMMR:+936 | ATMN:+20 | SPNG:+40 | Vol:W:H S:M A:H S:H | Ord:328
2026-02-12 20:03:22,606 [PRINT]   [T=250/300] D5 s10 | PnL=$ -4,818.94 | Agg=2226/50000 (4%) | WNTR:+1230 | SMMR:+936 | ATMN:+20 | SPNG:+40 | Vol:W:H S:M A:H S:H | Ord:332
2026-02-12 20:03:27,633 [PRINT]   [T=255/300] D5 s15 | PnL=$ -4,575.74 | Agg=2046/50000 (4%) | WNTR:+330 | SMMR:+936 | ATMN:+20 | SPNG:-760 | Vol:W:H S:M A:M S:H | Ord:342
2026-02-12 20:03:32,950 [PRINT]   [T=260/300] D5 s20 | PnL=$ -5,088.22 | Agg=1854/50000 (4%) | WNTR:+330 | SMMR:-264 | ATMN:-980 | SPNG:-280 | Vol:W:M S:M A:M S:H | Ord:352
2026-02-12 20:03:37,923 [PRINT]   [T=265/300] D5 s25 | PnL=$ -5,129.58 | Agg=3366/50000 (7%) | WNTR:-1170 | SMMR:+936 | ATMN:-980 | SPNG:-280 | Vol:W:M S:M A:H S:M | Ord:358
2026-02-12 20:03:42,908 [PRINT]   [T=270/300] D5 s30 | PnL=$ -5,455.18 | Agg=1776/50000 (4%) | WNTR:+780 | SMMR:+936 | ATMN:+20 | SPNG:+40 | Vol:W:M S:M A:M S:H | Ord:372
2026-02-12 20:03:47,740 [PRINT]   [T=275/300] D5 s35 | PnL=$ -6,020.78 | Agg=1264/50000 (3%) | WNTR:+780 | SMMR:-264 | ATMN:+20 | SPNG:-200 | Vol:W:M S:M A:L S:H | Ord:380
2026-02-12 20:03:52,587 [PRINT]   [T=280/300] D5 s40 | PnL=$ -6,039.50 | Agg=2836/50000 (6%) | WNTR:-720 | SMMR:+936 | ATMN:-980 | SPNG:-200 | Vol:W:M S:M A:H S:H | Ord:386
2026-02-12 20:03:57,861 [PRINT]   [T=285/300] D5 s45 | PnL=$ -6,223.26 | Agg=2164/50000 (4%) | WNTR:-720 | SMMR:-264 | ATMN:-980 | SPNG:-200 | Vol:W:H S:L A:M S:H | Ord:390
2026-02-12 20:04:02,688 [PRINT]   [T=290/300] D5 s50 | PnL=$ -5,953.36 | Agg=1464/50000 (3%) | WNTR:-720 | SMMR:-264 | ATMN:-280 | SPNG:-200 | Vol:W:M S:M A:H S:M | Ord:392
2026-02-12 20:04:07,925 [PRINT]   [T=295/300] D5 s55 | PnL=$ -6,144.08 | Agg=1864/50000 (4%) | WNTR:-720 | SMMR:-264 | ATMN:-280 | SPNG:+600 | Vol:W:M S:M A:H S:M | Ord:396
2026-02-12 20:04:08,741 [PRINT]     [PRE-CLOSE] T=296 s=56 - Cancelled all orders
2026-02-12 20:04:12,643 [PRINT] 
  Heat ended at tick 300
2026-02-12 20:04:12,650 [PRINT] 
  Heat 2 ended.
2026-02-12 20:04:12,650 [PRINT]   P&L: $-6,410.16
2026-02-12 20:04:12,651 [PRINT]   Orders placed: 396
2026-02-12 20:04:12,651 [PRINT]   Market orders: 0
2026-02-12 20:04:12,652 [PRINT] 
  --- HEAT HISTORY ---
2026-02-12 20:04:12,652 [PRINT]   H 1: P&L $   +466.12 (Orders: 104, Mkt: 0)
2026-02-12 20:04:12,652 [PRINT]   H 2: P&L $ -6,410.16 (Orders: 396, Mkt: 0)
2026-02-12 20:04:12,652 [PRINT]   ----------------------------------------
2026-02-12 20:04:12,652 [PRINT]   Total: $-5,944.04
2026-02-12 20:04:12,654 [PRINT] ============================================================

2026-02-12 20:04:15,658 [PRINT] Case status: STOPPED - waiting for ACTIVE...
2026-02-12 20:04:15,662 [PRINT] Case stopped. Waiting for next heat...
2026-02-12 20:04:17,666 [PRINT] Case status: STOPPED - waiting for ACTIVE...
2026-02-12 20:04:17,670 [PRINT] Case stopped. Waiting for next heat...
2026-02-12 20:04:19,675 [PRINT] Case status: STOPPED - waiting for ACTIVE...
2026-02-12 20:04:19,678 [PRINT] Case stopped. Waiting for next heat...
2026-02-12 20:04:21,682 [PRINT] Case status: STOPPED - waiting for ACTIVE...
2026-02-12 20:04:21,687 [PRINT] Case stopped. Waiting for next heat...
2026-02-12 20:04:23,691 [PRINT] Case status: STOPPED - waiting for ACTIVE...
2026-02-12 20:04:23,696 [PRINT] Case stopped. Waiting for next heat...
2026-02-12 20:04:25,700 [PRINT] Case status: STOPPED - waiting for ACTIVE...
2026-02-12 20:04:25,703 [PRINT] Case stopped. Waiting for next heat...
2026-02-12 20:04:27,707 [PRINT] Case status: STOPPED - waiting for ACTIVE...
2026-02-12 20:04:27,709 [PRINT] Case stopped. Waiting for next heat...
2026-02-12 20:04:29,713 [PRINT] Case status: STOPPED - waiting for ACTIVE...
2026-02-12 20:04:29,716 [PRINT] Case stopped. Waiting for next heat...
2026-02-12 20:04:31,719 [PRINT] Case status: STOPPED - waiting for ACTIVE...
2026-02-12 20:04:31,719 [PRINT] Case stopped. Waiting for next heat...
2026-02-12 20:04:33,726 [PRINT] Case status: STOPPED - waiting for ACTIVE...
2026-02-12 20:04:33,729 [PRINT] Case stopped. Waiting for next heat...
2026-02-12 20:04:35,732 [PRINT] Case status: STOPPED - waiting for ACTIVE...
2026-02-12 20:04:35,736 [PRINT] Case stopped. Waiting for next heat...
2026-02-12 20:04:37,739 [PRINT] Case status: STOPPED - waiting for ACTIVE...
2026-02-12 20:04:37,743 [PRINT] Case stopped. Waiting for next heat...
2026-02-12 20:04:39,747 [PRINT] Case status: STOPPED - waiting for ACTIVE...
2026-02-12 20:04:39,750 [PRINT] Case stopped. Waiting for next heat...
2026-02-12 20:04:41,755 [PRINT] Case status: STOPPED - waiting for ACTIVE...
2026-02-12 20:04:41,757 [PRINT] Case stopped. Waiting for next heat...
2026-02-12 20:04:43,761 [PRINT] Case status: STOPPED - waiting for ACTIVE...
2026-02-12 20:04:43,765 [PRINT] Case stopped. Waiting for next heat...
2026-02-12 20:04:45,768 [PRINT] Case status: STOPPED - waiting for ACTIVE...
2026-02-12 20:04:45,771 [PRINT] Case stopped. Waiting for next heat...
2026-02-12 20:04:47,774 [PRINT] Case status: STOPPED - waiting for ACTIVE...
2026-02-12 20:04:47,777 [PRINT] Case stopped. Waiting for next heat...
2026-02-12 20:04:49,780 [PRINT] Case status: STOPPED - waiting for ACTIVE...
2026-02-12 20:04:49,782 [PRINT] Case stopped. Waiting for next heat...
2026-02-12 20:04:51,784 [PRINT] Case status: STOPPED - waiting for ACTIVE...
2026-02-12 20:04:51,784 [PRINT] Case stopped. Waiting for next heat...
2026-02-12 20:04:53,794 [PRINT] Case status: STOPPED - waiting for ACTIVE...
2026-02-12 20:04:53,797 [PRINT] Case stopped. Waiting for next heat...
2026-02-12 20:04:55,801 [PRINT] Case status: STOPPED - waiting for ACTIVE...
2026-02-12 20:04:55,804 [PRINT] Case stopped. Waiting for next heat...
2026-02-12 20:04:57,809 [PRINT] Case status: STOPPED - waiting for ACTIVE...
2026-02-12 20:04:57,811 [PRINT] Case stopped. Waiting for next heat...
2026-02-12 20:04:59,815 [PRINT] Case status: STOPPED - waiting for ACTIVE...
2026-02-12 20:04:59,819 [PRINT] Case stopped. Waiting for next heat...
2026-02-12 20:05:01,822 [PRINT] Case status: STOPPED - waiting for ACTIVE...
2026-02-12 20:05:01,823 [PRINT] Case stopped. Waiting for next heat...
2026-02-12 20:05:03,829 [PRINT] Case status: STOPPED - waiting for ACTIVE...
2026-02-12 20:05:03,833 [PRINT] Case stopped. Waiting for next heat...
2026-02-12 20:05:05,837 [PRINT] Case status: STOPPED - waiting for ACTIVE...
2026-02-12 20:05:05,840 [PRINT] Case stopped. Waiting for next heat...
2026-02-12 20:05:07,843 [PRINT] Case status: STOPPED - waiting for ACTIVE...
2026-02-12 20:05:07,847 [PRINT] Case stopped. Waiting for next heat...
2026-02-12 20:05:09,852 [PRINT] Case status: STOPPED - waiting for ACTIVE...
2026-02-12 20:05:09,855 [PRINT] Case stopped. Waiting for next heat...
2026-02-12 20:05:11,858 [PRINT] Case status: STOPPED - waiting for ACTIVE...
2026-02-12 20:05:11,862 [PRINT] Case stopped. Waiting for next heat...
2026-02-12 20:05:13,866 [PRINT] Case status: STOPPED - waiting for ACTIVE...
2026-02-12 20:05:13,867 [PRINT] Case stopped. Waiting for next heat...
2026-02-12 20:05:16,190 [PRINT] 
============================================================
2026-02-12 20:05:16,190 [PRINT]   HEAT 3
2026-02-12 20:05:16,190 [PRINT]   Stocks: WNTR, SMMR, ATMN, SPNG
2026-02-12 20:05:16,191 [PRINT]   Start NLV: $0.00
2026-02-12 20:05:16,191 [PRINT] ============================================================

2026-02-12 20:05:16,191 [PRINT] 
  Starting market-making loop...
2026-02-12 20:05:16,197 [PRINT]   Start NLV: $0.00
2026-02-12 20:05:16,213 [PRINT]   Aggregate limit: 50000
2026-02-12 20:05:16,213 [PRINT]   Gross limit: 50000, Net limit: 30000
2026-02-12 20:05:17,273 [PRINT]   [T=  0/300] D1 s 0 | PnL=$     +0.00 | Agg=0/50000 (0%) | WNTR:+0 | SMMR:+0 | ATMN:+0 | SPNG:+0 | Vol:W:M S:M A:M S:M | Ord:8
2026-02-12 20:05:20,673 [PRINT]   [T=  5/300] D1 s 5 | PnL=$    -22.20 | Agg=620/50000 (1%) | WNTR:+0 | SMMR:+0 | ATMN:-400 | SPNG:+220 | Vol:W:L S:M A:H S:H | Ord:12
2026-02-12 20:05:25,942 [PRINT]   [T= 10/300] D1 s10 | PnL=$    +87.50 | Agg=500/50000 (1%) | WNTR:+0 | SMMR:+480 | ATMN:+0 | SPNG:-20 | Vol:W:L S:M A:H S:M | Ord:20
2026-02-12 20:05:31,036 [PRINT]   [T= 15/300] D1 s15 | PnL=$    -32.70 | Agg=900/50000 (2%) | WNTR:+0 | SMMR:+120 | ATMN:+0 | SPNG:+780 | Vol:W:L S:M A:M S:H | Ord:28
2026-02-12 20:05:36,284 [PRINT]   [T= 20/300] D1 s20 | PnL=$   -522.10 | Agg=2620/50000 (5%) | WNTR:+0 | SMMR:-1080 | ATMN:-1000 | SPNG:+540 | Vol:W:L S:M A:M S:H | Ord:38
2026-02-12 20:05:40,877 [PRINT]   [T= 25/300] D1 s25 | PnL=$   -490.05 | Agg=3970/50000 (8%) | WNTR:+1950 | SMMR:-720 | ATMN:-1000 | SPNG:+300 | Vol:W:L S:H A:H S:H | Ord:46
2026-02-12 20:05:45,940 [PRINT]   [T= 30/300] D1 s30 | PnL=$   -552.93 | Agg=2886/50000 (6%) | WNTR:-866 | SMMR:-720 | ATMN:-1000 | SPNG:+300 | Vol:W:M S:M A:H S:H | Ord:50
2026-02-12 20:05:51,091 [PRINT]   [T= 35/300] D1 s35 | PnL=$   -399.15 | Agg=1174/50000 (2%) | WNTR:+634 | SMMR:+480 | ATMN:+0 | SPNG:+60 | Vol:W:M S:M A:L S:H | Ord:60
2026-02-12 20:05:56,136 [PRINT]   [T= 40/300] D1 s40 | PnL=$   -799.23 | Agg=1414/50000 (3%) | WNTR:+634 | SMMR:-720 | ATMN:+0 | SPNG:+60 | Vol:W:M S:M A:L S:H | Ord:66
2026-02-12 20:06:00,978 [PRINT]   [T= 45/300] D1 s45 | PnL=$ -1,364.21 | Agg=1766/50000 (4%) | WNTR:-866 | SMMR:-720 | ATMN:+0 | SPNG:-180 | Vol:W:M S:M A:M S:M | Ord:74
2026-02-12 20:06:06,214 [PRINT]   [T= 50/300] D1 s50 | PnL=$ -2,141.63 | Agg=1974/50000 (4%) | WNTR:+634 | SMMR:-720 | ATMN:+0 | SPNG:+620 | Vol:W:H S:M A:H S:H | Ord:84
2026-02-12 20:06:11,053 [PRINT]   [T= 55/300] D1 s55 | PnL=$ -1,950.81 | Agg=2734/50000 (5%) | WNTR:+634 | SMMR:+480 | ATMN:+1000 | SPNG:+620 | Vol:W:M S:M A:H S:H | Ord:86
2026-02-12 20:06:12,071 [PRINT]     [PRE-CLOSE] T=56 s=56 - Cancelled all orders
2026-02-12 20:06:16,030 [PRINT]   [T= 60/300] D2 s 0 | PnL=$ -2,985.03 | Agg=2734/50000 (5%) | WNTR:+634 | SMMR:+480 | ATMN:+1000 | SPNG:+620 | Vol:W:M S:M A:H S:H | Ord:86
2026-02-12 20:06:21,734 [PRINT]   [T= 65/300] D2 s 5 | PnL=$ -3,255.49 | Agg=2370/50000 (5%) | WNTR:+634 | SMMR:+336 | ATMN:+880 | SPNG:+520 | Vol:W:M S:M A:H S:M | Ord:96
2026-02-12 20:06:26,059 [PRINT]   [T= 70/300] D2 s10 | PnL=$ -3,635.81 | Agg=1282/50000 (3%) | WNTR:+34 | SMMR:-288 | ATMN:+760 | SPNG:+200 | Vol:W:M S:L A:H S:H | Ord:100
2026-02-12 20:06:31,334 [PRINT]   [T= 75/300] D2 s15 | PnL=$ -4,087.14 | Agg=1202/50000 (2%) | WNTR:+34 | SMMR:-288 | ATMN:+760 | SPNG:-120 | Vol:W:M S:M A:M S:H | Ord:112
2026-02-12 20:06:36,259 [PRINT]   [T= 80/300] D2 s20 | PnL=$ -4,044.88 | Agg=1306/50000 (3%) | WNTR:+34 | SMMR:+912 | ATMN:-240 | SPNG:-120 | Vol:W:M S:M A:H S:H | Ord:120
2026-02-12 20:06:41,119 [PRINT]   [T= 85/300] D2 s25 | PnL=$ -4,374.56 | Agg=3818/50000 (8%) | WNTR:-1466 | SMMR:+912 | ATMN:+760 | SPNG:+680 | Vol:W:M S:M A:H S:M | Ord:128
2026-02-12 20:06:46,861 [PRINT]   [T= 90/300] D2 s30 | PnL=$ -4,878.70 | Agg=3818/50000 (8%) | WNTR:-1466 | SMMR:+912 | ATMN:+760 | SPNG:+680 | Vol:W:L S:M A:M S:H | Ord:136
2026-02-12 20:06:51,723 [PRINT]   [T= 95/300] D2 s35 | PnL=$ -4,869.38 | Agg=2836/50000 (6%) | WNTR:+484 | SMMR:+912 | ATMN:+760 | SPNG:+680 | Vol:W:L S:M A:M S:H | Ord:140
2026-02-12 20:06:56,222 [PRINT]   [T=100/300] D2 s40 | PnL=$ -4,815.66 | Agg=1692/50000 (3%) | WNTR:+484 | SMMR:-288 | ATMN:-240 | SPNG:+680 | Vol:W:L S:M A:H S:H | Ord:146
2026-02-12 20:07:01,613 [PRINT]   [T=105/300] D2 s45 | PnL=$ -4,893.90 | Agg=1676/50000 (3%) | WNTR:+484 | SMMR:+912 | ATMN:-240 | SPNG:-40 | Vol:W:L S:M A:M S:H | Ord:158
2026-02-12 20:07:06,512 [PRINT]   [T=110/300] D2 s50 | PnL=$ -5,520.50 | Agg=1572/50000 (3%) | WNTR:+484 | SMMR:-288 | ATMN:+760 | SPNG:-40 | Vol:W:M S:L A:H S:H | Ord:164
2026-02-12 20:07:11,495 [PRINT]   [T=115/300] D2 s55 | PnL=$ -6,002.88 | Agg=3738/50000 (7%) | WNTR:-1466 | SMMR:+912 | ATMN:+760 | SPNG:-600 | Vol:W:L S:M A:M S:M | Ord:172
2026-02-12 20:07:12,331 [PRINT]     [PRE-CLOSE] T=116 s=56 - Cancelled all orders
2026-02-12 20:07:16,365 [PRINT]   [T=120/300] D3 s 0 | PnL=$ -5,183.72 | Agg=3218/50000 (6%) | WNTR:-1466 | SMMR:+912 | ATMN:-240 | SPNG:-600 | Vol:W:M S:M A:M S:M | Ord:172
2026-02-12 20:07:21,399 [PRINT]   [T=125/300] D3 s 5 | PnL=$ -4,842.96 | Agg=2554/50000 (5%) | WNTR:-1286 | SMMR:+768 | ATMN:+0 | SPNG:-500 | Vol:W:M S:L A:H S:M | Ord:184
2026-02-12 20:07:26,463 [PRINT]   [T=130/300] D3 s10 | PnL=$ -5,440.94 | Agg=2018/50000 (4%) | WNTR:-1286 | SMMR:-432 | ATMN:+0 | SPNG:+300 | Vol:W:M S:M A:H S:H | Ord:190
2026-02-12 20:07:31,827 [PRINT]   [T=135/300] D3 s15 | PnL=$ -5,205.80 | Agg=706/50000 (1%) | WNTR:+214 | SMMR:-432 | ATMN:+0 | SPNG:+60 | Vol:W:M S:M A:H S:H | Ord:198
2026-02-12 20:07:36,682 [PRINT]   [T=140/300] D3 s20 | PnL=$ -5,156.94 | Agg=1862/50000 (4%) | WNTR:+214 | SMMR:+768 | ATMN:-700 | SPNG:-180 | Vol:W:M S:M A:M S:M | Ord:206
2026-02-12 20:07:42,306 [PRINT]   [T=145/300] D3 s25 | PnL=$ -5,326.70 | Agg=1942/50000 (4%) | WNTR:+214 | SMMR:+408 | ATMN:-700 | SPNG:+620 | Vol:W:M S:M A:M S:M | Ord:214
2026-02-12 20:07:46,560 [PRINT]   [T=150/300] D3 s30 | PnL=$ -6,384.48 | Agg=1102/50000 (2%) | WNTR:+214 | SMMR:+408 | ATMN:+300 | SPNG:-180 | Vol:W:L S:M A:H S:M | Ord:222
2026-02-12 20:07:52,037 [PRINT]   [T=155/300] D3 s35 | PnL=$ -6,462.88 | Agg=1766/50000 (4%) | WNTR:+214 | SMMR:-792 | ATMN:-700 | SPNG:+60 | Vol:W:L S:M A:M S:H | Ord:232
2026-02-12 20:07:56,599 [PRINT]   [T=160/300] D3 s40 | PnL=$ -6,836.76 | Agg=3384/50000 (7%) | WNTR:-1736 | SMMR:+768 | ATMN:-700 | SPNG:-180 | Vol:W:L S:L A:M S:H | Ord:236
2026-02-12 20:08:01,776 [PRINT]   [T=165/300] D3 s45 | PnL=$ -7,373.32 | Agg=2176/50000 (4%) | WNTR:+1264 | SMMR:-432 | ATMN:+300 | SPNG:-180 | Vol:W:H S:M A:M S:H | Ord:250
2026-02-12 20:08:06,636 [PRINT]   [T=170/300] D3 s50 | PnL=$ -7,345.08 | Agg=2056/50000 (4%) | WNTR:+1264 | SMMR:-432 | ATMN:+300 | SPNG:+60 | Vol:W:M S:H A:M S:H | Ord:254
2026-02-12 20:08:11,831 [PRINT]   [T=175/300] D3 s55 | PnL=$ -7,782.92 | Agg=2736/50000 (5%) | WNTR:+1264 | SMMR:-432 | ATMN:+300 | SPNG:-740 | Vol:W:M S:M A:M S:M | Ord:262
2026-02-12 20:08:12,722 [PRINT]     [PRE-CLOSE] T=176 s=56 - Cancelled all orders
2026-02-12 20:08:16,715 [PRINT]   [T=180/300] D4 s 0 | PnL=$ -5,840.28 | Agg=3136/50000 (6%) | WNTR:+1264 | SMMR:-432 | ATMN:-700 | SPNG:-740 | Vol:W:M S:H A:H S:H | Ord:262
2026-02-12 20:08:22,101 [PRINT]   [T=185/300] D4 s 5 | PnL=$ -4,900.92 | Agg=2592/50000 (5%) | WNTR:+1084 | SMMR:-288 | ATMN:-580 | SPNG:-640 | Vol:W:M S:M A:M S:H | Ord:274
2026-02-12 20:08:26,949 [PRINT]   [T=190/300] D4 s10 | PnL=$ -5,077.24 | Agg=1868/50000 (4%) | WNTR:-1016 | SMMR:+192 | ATMN:-580 | SPNG:-80 | Vol:W:L S:L A:H S:H | Ord:282
2026-02-12 20:08:32,149 [PRINT]   [T=195/300] D4 s15 | PnL=$ -5,602.48 | Agg=1932/50000 (4%) | WNTR:+484 | SMMR:-1008 | ATMN:-280 | SPNG:+160 | Vol:W:M S:M A:H S:M | Ord:292
2026-02-12 20:08:36,844 [PRINT]   [T=200/300] D4 s20 | PnL=$ -5,729.96 | Agg=1672/50000 (3%) | WNTR:+484 | SMMR:-1008 | ATMN:+20 | SPNG:+160 | Vol:W:L S:M A:L S:H | Ord:302
2026-02-12 20:08:42,028 [PRINT]   [T=205/300] D4 s25 | PnL=$ -5,808.28 | Agg=1816/50000 (4%) | WNTR:+484 | SMMR:+192 | ATMN:-980 | SPNG:+160 | Vol:W:M S:M A:M S:H | Ord:308
2026-02-12 20:08:47,365 [PRINT]   [T=210/300] D4 s30 | PnL=$ -6,225.80 | Agg=2204/50000 (4%) | WNTR:-1016 | SMMR:-1008 | ATMN:+20 | SPNG:+160 | Vol:W:M S:M A:M S:H | Ord:316
2026-02-12 20:08:51,929 [PRINT]   [T=215/300] D4 s35 | PnL=$ -6,573.80 | Agg=776/50000 (2%) | WNTR:+484 | SMMR:+192 | ATMN:+20 | SPNG:-80 | Vol:W:L S:L A:M S:H | Ord:320
2026-02-12 20:08:57,162 [PRINT]   [T=220/300] D4 s40 | PnL=$ -7,001.76 | Agg=3084/50000 (6%) | WNTR:-1016 | SMMR:-1008 | ATMN:-980 | SPNG:-80 | Vol:W:M S:M A:M S:H | Ord:330
2026-02-12 20:09:02,159 [PRINT]   [T=225/300] D4 s45 | PnL=$ -7,517.04 | Agg=2632/50000 (5%) | WNTR:+484 | SMMR:-1008 | ATMN:-980 | SPNG:+160 | Vol:W:M S:M A:H S:H | Ord:342
2026-02-12 20:09:07,216 [PRINT]   [T=230/300] D4 s50 | PnL=$ -8,312.64 | Agg=1736/50000 (3%) | WNTR:+484 | SMMR:+192 | ATMN:-980 | SPNG:-80 | Vol:W:M S:H A:M S:M | Ord:350
2026-02-12 20:09:12,048 [PRINT]   [T=235/300] D4 s55 | PnL=$ -8,637.16 | Agg=1392/50000 (3%) | WNTR:+484 | SMMR:-168 | ATMN:+20 | SPNG:+720 | Vol:W:L S:L A:H S:H | Ord:354
2026-02-12 20:09:13,106 [PRINT]     [PRE-CLOSE] T=236 s=56 - Cancelled all orders
2026-02-12 20:09:17,125 [PRINT]   [T=240/300] D5 s 0 | PnL=$-10,687.40 | Agg=1392/50000 (3%) | WNTR:+484 | SMMR:-168 | ATMN:+20 | SPNG:+720 | Vol:W:M S:M A:H S:H | Ord:354
2026-02-12 20:09:22,097 [PRINT]   [T=245/300] D5 s 5 | PnL=$-10,971.04 | Agg=968/50000 (2%) | WNTR:+304 | SMMR:-24 | ATMN:+20 | SPNG:+620 | Vol:W:M S:H A:H S:M | Ord:364
2026-02-12 20:09:27,141 [PRINT]   [T=250/300] D5 s10 | PnL=$-11,287.00 | Agg=1612/50000 (3%) | WNTR:-1196 | SMMR:+96 | ATMN:+20 | SPNG:+300 | Vol:W:M S:H A:H S:H | Ord:372
2026-02-12 20:09:32,163 [PRINT]   [T=255/300] D5 s15 | PnL=$-11,792.48 | Agg=2568/50000 (5%) | WNTR:+304 | SMMR:-1104 | ATMN:-980 | SPNG:-180 | Vol:W:M S:H A:M S:H | Ord:386
2026-02-12 20:09:37,154 [PRINT]   [T=260/300] D5 s20 | PnL=$-11,934.40 | Agg=480/50000 (1%) | WNTR:+304 | SMMR:+96 | ATMN:+20 | SPNG:+60 | Vol:W:L S:L A:M S:H | Ord:396
2026-02-12 20:09:42,236 [PRINT]   [T=265/300] D5 s25 | PnL=$-12,004.32 | Agg=1372/50000 (3%) | WNTR:-1196 | SMMR:+96 | ATMN:+20 | SPNG:+60 | Vol:W:M S:M A:L S:M | Ord:402
2026-02-12 20:09:47,567 [PRINT]   [T=270/300] D5 s30 | PnL=$-12,143.58 | Agg=2330/50000 (5%) | WNTR:+754 | SMMR:+96 | ATMN:-980 | SPNG:-500 | Vol:W:L S:M A:M S:H | Ord:414
2026-02-12 20:09:52,637 [PRINT]   [T=275/300] D5 s35 | PnL=$-12,988.34 | Agg=1850/50000 (4%) | WNTR:+754 | SMMR:+96 | ATMN:-980 | SPNG:-20 | Vol:W:L S:M A:M S:H | Ord:430
2026-02-12 20:09:57,496 [PRINT]   [T=280/300] D5 s40 | PnL=$-13,217.66 | Agg=2158/50000 (4%) | WNTR:+754 | SMMR:-1104 | ATMN:-280 | SPNG:-20 | Vol:W:M S:M A:H S:H | Ord:440
2026-02-12 20:10:02,520 [PRINT]   [T=285/300] D5 s45 | PnL=$-13,727.90 | Agg=3160/50000 (6%) | WNTR:-1196 | SMMR:-1104 | ATMN:-280 | SPNG:-580 | Vol:W:L S:M A:H S:H | Ord:448
2026-02-12 20:10:07,357 [PRINT]   [T=290/300] D5 s50 | PnL=$-14,048.82 | Agg=2152/50000 (4%) | WNTR:-1196 | SMMR:+96 | ATMN:-280 | SPNG:-580 | Vol:W:L S:M A:H S:H | Ord:452
2026-02-12 20:10:12,561 [PRINT]   [T=295/300] D5 s55 | PnL=$-14,485.94 | Agg=1592/50000 (3%) | WNTR:-1196 | SMMR:+96 | ATMN:-280 | SPNG:-20 | Vol:W:M S:M A:H S:H | Ord:462
2026-02-12 20:10:13,444 [PRINT]     [PRE-CLOSE] T=296 s=56 - Cancelled all orders
2026-02-12 20:10:17,616 [PRINT] 
  Case STOPPED at tick 0
2026-02-12 20:10:17,626 [PRINT] 
  Heat 3 ended.
2026-02-12 20:10:17,626 [PRINT]   P&L: $-14,501.94
2026-02-12 20:10:17,626 [PRINT]   Orders placed: 462
2026-02-12 20:10:17,629 [PRINT]   Market orders: 0
2026-02-12 20:10:17,629 [PRINT] 
  --- HEAT HISTORY ---
2026-02-12 20:10:17,629 [PRINT]   H 1: P&L $   +466.12 (Orders: 104, Mkt: 0)
2026-02-12 20:10:17,629 [PRINT]   H 2: P&L $ -6,410.16 (Orders: 396, Mkt: 0)
2026-02-12 20:10:17,629 [PRINT]   H 3: P&L $-14,501.94 (Orders: 462, Mkt: 0)
2026-02-12 20:10:17,631 [PRINT]   ----------------------------------------
2026-02-12 20:10:17,631 [PRINT]   Total: $-20,445.98
2026-02-12 20:10:17,632 [PRINT] ============================================================

2026-02-12 20:10:20,634 [PRINT] Case status: STOPPED - waiting for ACTIVE...
2026-02-12 20:10:20,634 [PRINT] Case stopped. Waiting for next heat...
2026-02-12 20:10:22,643 [PRINT] Case status: STOPPED - waiting for ACTIVE...
2026-02-12 20:10:22,649 [PRINT] Case stopped. Waiting for next heat...
2026-02-12 20:10:24,653 [PRINT] Case status: STOPPED - waiting for ACTIVE...
2026-02-12 20:10:24,656 [PRINT] Case stopped. Waiting for next heat...
2026-02-12 20:10:26,660 [PRINT] Case status: STOPPED - waiting for ACTIVE...
2026-02-12 20:10:26,663 [PRINT] Case stopped. Waiting for next heat...
2026-02-12 20:10:28,667 [PRINT] Case status: STOPPED - waiting for ACTIVE...
2026-02-12 20:10:28,670 [PRINT] Case stopped. Waiting for next heat...
2026-02-12 20:10:30,674 [PRINT] Case status: STOPPED - waiting for ACTIVE...
2026-02-12 20:10:30,676 [PRINT] Case stopped. Waiting for next heat...
2026-02-12 20:10:32,359 [PRINT] 

Shutting down...
2026-02-12 20:10:32,361 [WARNING] api: POST /commands/cancel returned 401: {"code":"UNAUTHORIZED","message":"Simulation must be running."}
2026-02-12 20:10:32,362 [PRINT] Cancelled all open orders.
2026-02-12 20:10:32,365 [PRINT] Final NLV: $-14,501.94
2026-02-12 20:10:32,365 [PRINT] Total P&L across 3 heats: $-20,445.98
2026-02-12 20:10:32,366 [PRINT] Goodbye.
