2026-02-15 10:00:19,513 [PRINT] Logging to: C:\Users\Kanish Khanna\OneDrive - UBC\Desktop\RITC\RITC-2026\Algo_case_Kanish\algo_mm_20260215_100019.log

2026-02-15 10:00:19,516 [PRINT] Waiting for RIT connection...
2026-02-15 10:00:19,541 [PRINT] Connected to RIT.
2026-02-15 10:00:19,552 [PRINT] Trader: UBCT-4 | First:  | NLV: $0.00
2026-02-15 10:00:19,552 [PRINT] 
Bot ready. Waiting for heats...

2026-02-15 10:00:19,552 [PRINT] ----------------------------------------------------------------------
2026-02-15 10:00:19,558 [PRINT] Case status: STOPPED - waiting for ACTIVE...
2026-02-15 10:00:19,563 [PRINT] Case stopped. Waiting for next heat...
2026-02-15 10:00:21,571 [PRINT] Case status: STOPPED - waiting for ACTIVE...
2026-02-15 10:00:21,577 [PRINT] Case stopped. Waiting for next heat...
2026-02-15 10:00:23,584 [PRINT] Case status: STOPPED - waiting for ACTIVE...
2026-02-15 10:00:23,589 [PRINT] Case stopped. Waiting for next heat...
2026-02-15 10:00:25,594 [PRINT] Case status: STOPPED - waiting for ACTIVE...
2026-02-15 10:00:25,600 [PRINT] Case stopped. Waiting for next heat...
2026-02-15 10:00:27,605 [PRINT] Case status: STOPPED - waiting for ACTIVE...
2026-02-15 10:00:27,605 [PRINT] Case stopped. Waiting for next heat...
2026-02-15 10:00:29,616 [PRINT] Case status: STOPPED - waiting for ACTIVE...
2026-02-15 10:00:29,627 [PRINT] Case stopped. Waiting for next heat...
2026-02-15 10:00:31,631 [PRINT] Case status: STOPPED - waiting for ACTIVE...
2026-02-15 10:00:31,635 [PRINT] Case stopped. Waiting for next heat...
2026-02-15 10:00:33,659 [PRINT] Case status: STOPPED - waiting for ACTIVE...
2026-02-15 10:00:33,714 [PRINT] Case stopped. Waiting for next heat...
2026-02-15 10:00:35,715 [PRINT] Case status: STOPPED - waiting for ACTIVE...
2026-02-15 10:00:35,722 [PRINT] Case stopped. Waiting for next heat...
2026-02-15 10:00:37,728 [PRINT] Case status: STOPPED - waiting for ACTIVE...
2026-02-15 10:00:37,731 [PRINT] Case stopped. Waiting for next heat...
2026-02-15 10:00:39,736 [PRINT] Case status: STOPPED - waiting for ACTIVE...
2026-02-15 10:00:39,738 [PRINT] Case stopped. Waiting for next heat...
2026-02-15 10:00:41,743 [PRINT] Case status: STOPPED - waiting for ACTIVE...
2026-02-15 10:00:41,746 [PRINT] Case stopped. Waiting for next heat...
2026-02-15 10:00:43,751 [PRINT] Case status: STOPPED - waiting for ACTIVE...
2026-02-15 10:00:43,755 [PRINT] Case stopped. Waiting for next heat...
2026-02-15 10:00:45,760 [PRINT] Case status: STOPPED - waiting for ACTIVE...
2026-02-15 10:00:45,760 [PRINT] Case stopped. Waiting for next heat...
2026-02-15 10:00:47,765 [PRINT] Case status: STOPPED - waiting for ACTIVE...
2026-02-15 10:00:47,772 [PRINT] Case stopped. Waiting for next heat...
2026-02-15 10:00:49,777 [PRINT] Case status: STOPPED - waiting for ACTIVE...
2026-02-15 10:00:49,782 [PRINT] Case stopped. Waiting for next heat...
2026-02-15 10:00:51,785 [PRINT] Case status: STOPPED - waiting for ACTIVE...
2026-02-15 10:00:51,787 [PRINT] Case stopped. Waiting for next heat...
2026-02-15 10:00:53,796 [PRINT] Case status: STOPPED - waiting for ACTIVE...
2026-02-15 10:00:53,801 [PRINT] Case stopped. Waiting for next heat...
2026-02-15 10:00:55,805 [PRINT] Case status: STOPPED - waiting for ACTIVE...
2026-02-15 10:00:55,809 [PRINT] Case stopped. Waiting for next heat...
2026-02-15 10:00:57,811 [PRINT] Case status: STOPPED - waiting for ACTIVE...
2026-02-15 10:00:57,815 [PRINT] Case stopped. Waiting for next heat...
2026-02-15 10:00:59,822 [PRINT] Case status: STOPPED - waiting for ACTIVE...
2026-02-15 10:00:59,822 [PRINT] Case stopped. Waiting for next heat...
2026-02-15 10:01:01,832 [PRINT] Case status: STOPPED - waiting for ACTIVE...
2026-02-15 10:01:01,837 [PRINT] Case stopped. Waiting for next heat...
2026-02-15 10:01:03,921 [PRINT] Case status: STOPPED - waiting for ACTIVE...
2026-02-15 10:01:03,931 [PRINT] Case stopped. Waiting for next heat...
2026-02-15 10:01:05,936 [PRINT] Case status: STOPPED - waiting for ACTIVE...
2026-02-15 10:01:05,940 [PRINT] Case stopped. Waiting for next heat...
2026-02-15 10:01:07,945 [PRINT] Case status: STOPPED - waiting for ACTIVE...
2026-02-15 10:01:07,949 [PRINT] Case stopped. Waiting for next heat...
2026-02-15 10:01:09,953 [PRINT] Case status: STOPPED - waiting for ACTIVE...
2026-02-15 10:01:09,953 [PRINT] Case stopped. Waiting for next heat...
2026-02-15 10:01:11,963 [PRINT] Case status: STOPPED - waiting for ACTIVE...
2026-02-15 10:01:11,967 [PRINT] Case stopped. Waiting for next heat...
2026-02-15 10:01:13,972 [PRINT] Case status: STOPPED - waiting for ACTIVE...
2026-02-15 10:01:13,976 [PRINT] Case stopped. Waiting for next heat...
2026-02-15 10:01:15,980 [PRINT] Case status: STOPPED - waiting for ACTIVE...
2026-02-15 10:01:15,984 [PRINT] Case stopped. Waiting for next heat...
2026-02-15 10:01:18,001 [PRINT] 
============================================================
2026-02-15 10:01:18,001 [PRINT]   HEAT 1 - V7 DEFENSE-FIRST EDITION
2026-02-15 10:01:18,001 [PRINT]   Stocks: WNTR, SMMR, ATMN, SPNG
2026-02-15 10:01:18,003 [PRINT]   Start NLV: $0.00
2026-02-15 10:01:18,003 [PRINT]   Spreads: WNTR=$0.10 | SMMR=$0.12 | ATMN=$0.14 | SPNG=$0.16
2026-02-15 10:01:18,003 [PRINT]   Sizes: WNTR=500 | SMMR=400 | ATMN=350 | SPNG=300
2026-02-15 10:01:18,004 [PRINT] ============================================================

2026-02-15 10:01:18,004 [PRINT] 
  Starting market-making loop V7...
2026-02-15 10:01:18,008 [PRINT]   Start NLV: $0.00
2026-02-15 10:01:18,011 [PRINT]   Aggregate limit: 50000
2026-02-15 10:01:18,012 [PRINT]   Gross limit: 50000, Net limit: 30000
2026-02-15 10:01:20,863 [PRINT]   [T=  5/300] D1 s 5 | PnL=$     -1.50 | Agg=100/50000 (0%) | WNTR:+0 | SMMR:+0 | ATMN:+100 | SPNG:+0 | Vol:W:H S:H A:H S:H | Adapt:W:1.00 S:1.00 A:1.00 S:1.00 | Fills:300 Ord:8
2026-02-15 10:01:26,047 [PRINT]   [T= 10/300] D1 s10 | PnL=$    +49.50 | Agg=0/50000 (0%) | WNTR:+0 | SMMR:+0 | ATMN:+0 | SPNG:+0 | Vol:W:H S:H A:H S:H | Adapt:W:1.00 S:1.00 A:1.00 S:1.00 | Fills:400 Ord:9
2026-02-15 10:01:30,969 [PRINT]   [T= 15/300] D1 s15 | PnL=$    +49.50 | Agg=0/50000 (0%) | WNTR:+0 | SMMR:+0 | ATMN:+0 | SPNG:+0 | Vol:W:H S:H A:H S:H | Adapt:W:0.92 S:0.92 A:1.00 S:1.00 | Fills:400 Ord:9
2026-02-15 10:01:35,960 [PRINT]   [T= 20/300] D1 s20 | PnL=$    +49.50 | Agg=0/50000 (0%) | WNTR:+0 | SMMR:+0 | ATMN:+0 | SPNG:+0 | Vol:W:H S:H A:H S:H | Adapt:W:0.92 S:0.92 A:1.00 S:1.00 | Fills:400 Ord:9
2026-02-15 10:01:41,003 [PRINT]   [T= 25/300] D1 s25 | PnL=$    +49.50 | Agg=0/50000 (0%) | WNTR:+0 | SMMR:+0 | ATMN:+0 | SPNG:+0 | Vol:W:H S:H A:H S:H | Adapt:W:0.92 S:0.92 A:1.00 S:1.00 | Fills:400 Ord:9
2026-02-15 10:01:46,084 [PRINT]   [T= 30/300] D1 s30 | PnL=$    +49.50 | Agg=0/50000 (0%) | WNTR:+0 | SMMR:+0 | ATMN:+0 | SPNG:+0 | Vol:W:H S:H A:H S:H | Adapt:W:0.85 S:0.85 A:0.92 S:0.92 | Fills:400 Ord:9
2026-02-15 10:01:51,384 [PRINT]   [T= 35/300] D1 s35 | PnL=$    +49.50 | Agg=0/50000 (0%) | WNTR:+0 | SMMR:+0 | ATMN:+0 | SPNG:+0 | Vol:W:H S:H A:M S:H | Adapt:W:0.85 S:0.85 A:0.92 S:0.92 | Fills:400 Ord:11
2026-02-15 10:01:56,131 [PRINT]   [T= 40/300] D1 s40 | PnL=$    +15.83 | Agg=154/50000 (0%) | WNTR:+0 | SMMR:+0 | ATMN:+154 | SPNG:+0 | Vol:W:M S:H A:M S:H | Adapt:W:0.85 S:0.85 A:0.92 S:0.92 | Fills:946 Ord:13
2026-02-15 10:02:01,174 [PRINT]   [T= 45/300] D1 s45 | PnL=$    +16.91 | Agg=454/50000 (1%) | WNTR:-400 | SMMR:+0 | ATMN:+54 | SPNG:+0 | Vol:W:H S:H A:H S:H | Adapt:W:0.85 S:0.78 A:0.92 S:0.85 | Fills:1646 Ord:17
2026-02-15 10:02:06,142 [PRINT]   [T= 50/300] D1 s50 | PnL=$     -6.21 | Agg=454/50000 (1%) | WNTR:-400 | SMMR:+0 | ATMN:+54 | SPNG:+0 | Vol:W:H S:H A:H S:H | Adapt:W:0.85 S:0.78 A:0.92 S:0.85 | Fills:1646 Ord:17
2026-02-15 10:02:08,215 [PRINT]     [PRE-CLOSE] T=52 s=52 - Cancelled all orders
2026-02-15 10:02:16,186 [PRINT]   [T= 60/300] D2 s 0 | PnL=$    -70.39 | Agg=454/50000 (1%) | WNTR:-400 | SMMR:+0 | ATMN:+54 | SPNG:+0 | Vol:W:H S:H A:H S:H | Adapt:W:0.78 S:0.72 A:0.85 S:0.78 | Fills:1646 Ord:17
2026-02-15 10:02:21,352 [PRINT]   [T= 65/300] D2 s 5 | PnL=$   -358.97 | Agg=346/50000 (1%) | WNTR:-300 | SMMR:+0 | ATMN:-46 | SPNG:+0 | Vol:W:H S:H A:H S:H | Adapt:W:0.78 S:0.72 A:0.85 S:0.78 | Fills:1846 Ord:21
2026-02-15 10:02:26,674 [PRINT]   [T= 70/300] D2 s10 | PnL=$   -368.13 | Agg=154/50000 (0%) | WNTR:-100 | SMMR:+0 | ATMN:+54 | SPNG:+0 | Vol:W:H S:H A:H S:H | Adapt:W:0.78 S:0.72 A:0.85 S:0.78 | Fills:2146 Ord:24
2026-02-15 10:02:31,629 [PRINT]   [T= 75/300] D2 s15 | PnL=$   -420.27 | Agg=146/50000 (0%) | WNTR:-100 | SMMR:+0 | ATMN:-46 | SPNG:+0 | Vol:W:H S:H A:H S:H | Adapt:W:0.78 S:0.70 A:0.85 S:0.72 | Fills:2246 Ord:27
2026-02-15 10:02:36,504 [PRINT]   [T= 80/300] D2 s20 | PnL=$   -482.05 | Agg=54/50000 (0%) | WNTR:+0 | SMMR:+0 | ATMN:+54 | SPNG:+0 | Vol:W:H S:M A:H S:H | Adapt:W:0.78 S:0.70 A:0.85 S:0.72 | Fills:2646 Ord:31
2026-02-15 10:02:41,385 [PRINT]   [T= 85/300] D2 s25 | PnL=$   -435.67 | Agg=46/50000 (0%) | WNTR:+0 | SMMR:+0 | ATMN:-46 | SPNG:+0 | Vol:W:H S:M A:H S:H | Adapt:W:0.78 S:0.70 A:0.85 S:0.72 | Fills:3546 Ord:36
2026-02-15 10:02:46,655 [PRINT]   [T= 90/300] D2 s30 | PnL=$   -456.37 | Agg=54/50000 (0%) | WNTR:+0 | SMMR:+0 | ATMN:+54 | SPNG:+0 | Vol:W:H S:H A:H S:H | Adapt:W:0.72 S:0.76 A:0.85 S:0.70 | Fills:4446 Ord:42
2026-02-15 10:02:51,427 [PRINT]   [T= 95/300] D2 s35 | PnL=$   -463.37 | Agg=54/50000 (0%) | WNTR:+0 | SMMR:+0 | ATMN:+54 | SPNG:+0 | Vol:W:H S:H A:H S:H | Adapt:W:0.72 S:0.76 A:0.85 S:0.70 | Fills:4646 Ord:43
2026-02-15 10:02:56,707 [PRINT]   [T=100/300] D2 s40 | PnL=$   -459.43 | Agg=54/50000 (0%) | WNTR:+0 | SMMR:+0 | ATMN:+54 | SPNG:+0 | Vol:W:H S:H A:H S:H | Adapt:W:0.72 S:0.76 A:0.85 S:0.70 | Fills:4846 Ord:46
2026-02-15 10:03:01,774 [PRINT]   [T=105/300] D2 s45 | PnL=$   -493.97 | Agg=54/50000 (0%) | WNTR:+0 | SMMR:+0 | ATMN:+54 | SPNG:+0 | Vol:W:H S:H A:H S:H | Adapt:W:0.70 S:0.70 A:0.85 S:0.70 | Fills:5046 Ord:47
2026-02-15 10:03:06,507 [PRINT]   [T=110/300] D2 s50 | PnL=$   -525.59 | Agg=54/50000 (0%) | WNTR:+0 | SMMR:+0 | ATMN:+54 | SPNG:+0 | Vol:W:H S:H A:H S:H | Adapt:W:0.70 S:0.70 A:0.85 S:0.70 | Fills:5246 Ord:49
2026-02-15 10:03:08,552 [PRINT]     [PRE-CLOSE] T=112 s=52 - Cancelled all orders
2026-02-15 10:03:16,582 [PRINT]   [T=120/300] D3 s 0 | PnL=$   -535.85 | Agg=54/50000 (0%) | WNTR:+0 | SMMR:+0 | ATMN:+54 | SPNG:+0 | Vol:W:H S:H A:H S:H | Adapt:W:0.70 S:0.70 A:0.85 S:0.70 | Fills:5246 Ord:49
2026-02-15 10:03:21,613 [PRINT]   [T=125/300] D3 s 5 | PnL=$   -544.49 | Agg=54/50000 (0%) | WNTR:+0 | SMMR:+0 | ATMN:+54 | SPNG:+0 | Vol:W:H S:H A:H S:H | Adapt:W:0.70 S:0.70 A:0.85 S:0.70 | Fills:5246 Ord:49
2026-02-15 10:03:26,847 [PRINT]   [T=130/300] D3 s10 | PnL=$   -554.35 | Agg=54/50000 (0%) | WNTR:+0 | SMMR:+0 | ATMN:+54 | SPNG:+0 | Vol:W:H S:H A:H S:H | Adapt:W:0.70 S:0.70 A:0.85 S:0.70 | Fills:5446 Ord:52
2026-02-15 10:03:31,962 [PRINT]   [T=135/300] D3 s15 | PnL=$   -627.37 | Agg=46/50000 (0%) | WNTR:+0 | SMMR:+0 | ATMN:-46 | SPNG:+0 | Vol:W:L S:H A:H S:H | Adapt:W:0.70 S:0.70 A:0.85 S:0.70 | Fills:5746 Ord:56
2026-02-15 10:03:36,694 [PRINT]   [T=140/300] D3 s20 | PnL=$   -682.16 | Agg=404/50000 (1%) | WNTR:-350 | SMMR:+0 | ATMN:+54 | SPNG:+0 | Vol:W:H S:H A:H S:H | Adapt:W:0.70 S:0.70 A:0.85 S:0.70 | Fills:7996 Ord:59
2026-02-15 10:03:42,032 [PRINT]   [T=145/300] D3 s25 | PnL=$   -791.10 | Agg=396/50000 (1%) | WNTR:-350 | SMMR:+0 | ATMN:-46 | SPNG:+0 | Vol:W:M S:H A:H S:H | Adapt:W:0.70 S:0.70 A:0.85 S:0.70 | Fills:8296 Ord:64
2026-02-15 10:03:46,766 [PRINT]   [T=150/300] D3 s30 | PnL=$   -914.78 | Agg=147/50000 (0%) | WNTR:+101 | SMMR:+0 | ATMN:-46 | SPNG:+0 | Vol:W:H S:H A:H S:H | Adapt:W:0.76 S:0.70 A:0.85 S:0.70 | Fills:9607 Ord:71
2026-02-15 10:03:51,828 [PRINT]   [T=155/300] D3 s35 | PnL=$   -921.22 | Agg=47/50000 (0%) | WNTR:+1 | SMMR:+0 | ATMN:-46 | SPNG:+0 | Vol:W:H S:H A:H S:H | Adapt:W:0.76 S:0.70 A:0.85 S:0.70 | Fills:9707 Ord:72
2026-02-15 10:03:57,051 [PRINT]   [T=160/300] D3 s40 | PnL=$   -886.14 | Agg=145/50000 (0%) | WNTR:-99 | SMMR:+0 | ATMN:-46 | SPNG:+0 | Vol:W:H S:H A:H S:H | Adapt:W:0.76 S:0.70 A:0.85 S:0.70 | Fills:10007 Ord:76
2026-02-15 10:04:01,879 [PRINT]   [T=165/300] D3 s45 | PnL=$   -918.33 | Agg=145/50000 (0%) | WNTR:-99 | SMMR:+0 | ATMN:-46 | SPNG:+0 | Vol:W:H S:M A:H S:H | Adapt:W:0.76 S:0.70 A:0.85 S:0.70 | Fills:10207 Ord:77
2026-02-15 10:04:06,852 [PRINT]   [T=170/300] D3 s50 | PnL=$   -916.77 | Agg=153/50000 (0%) | WNTR:-99 | SMMR:+0 | ATMN:+54 | SPNG:+0 | Vol:W:H S:M A:H S:H | Adapt:W:0.76 S:0.70 A:0.85 S:0.70 | Fills:10307 Ord:78
2026-02-15 10:04:08,891 [PRINT]     [PRE-CLOSE] T=172 s=52 - Cancelled all orders
2026-02-15 10:04:16,983 [PRINT]   [T=180/300] D4 s 0 | PnL=$   -859.24 | Agg=153/50000 (0%) | WNTR:-99 | SMMR:+0 | ATMN:+54 | SPNG:+0 | Vol:W:H S:H A:H S:H | Adapt:W:0.70 S:0.70 A:0.78 S:0.70 | Fills:10307 Ord:78
2026-02-15 10:04:22,050 [PRINT]   [T=185/300] D4 s 5 | PnL=$   -944.72 | Agg=55/50000 (0%) | WNTR:+1 | SMMR:+0 | ATMN:+54 | SPNG:+0 | Vol:W:H S:H A:H S:H | Adapt:W:0.70 S:0.70 A:0.78 S:0.70 | Fills:10607 Ord:82
2026-02-15 10:04:27,277 [PRINT]   [T=190/300] D4 s10 | PnL=$   -931.48 | Agg=145/50000 (0%) | WNTR:-99 | SMMR:+0 | ATMN:-46 | SPNG:+0 | Vol:W:H S:H A:H S:H | Adapt:W:0.70 S:0.70 A:0.78 S:0.70 | Fills:11007 Ord:87
2026-02-15 10:04:32,173 [PRINT]   [T=195/300] D4 s15 | PnL=$ -1,014.32 | Agg=47/50000 (0%) | WNTR:+1 | SMMR:+0 | ATMN:-46 | SPNG:+0 | Vol:W:H S:H A:H S:H | Adapt:W:0.70 S:0.70 A:0.84 S:0.70 | Fills:11507 Ord:91
2026-02-15 10:04:37,203 [PRINT]   [T=200/300] D4 s20 | PnL=$ -1,024.90 | Agg=47/50000 (0%) | WNTR:+1 | SMMR:+0 | ATMN:-46 | SPNG:+0 | Vol:W:H S:H A:H S:H | Adapt:W:0.70 S:0.70 A:0.84 S:0.70 | Fills:11707 Ord:95
2026-02-15 10:04:42,247 [PRINT]   [T=205/300] D4 s25 | PnL=$   -972.98 | Agg=47/50000 (0%) | WNTR:+1 | SMMR:+0 | ATMN:-46 | SPNG:+0 | Vol:W:H S:H A:H S:H | Adapt:W:0.70 S:0.70 A:0.84 S:0.70 | Fills:12107 Ord:99
2026-02-15 10:04:47,244 [PRINT]   [T=210/300] D4 s30 | PnL=$   -881.34 | Agg=47/50000 (0%) | WNTR:+1 | SMMR:+0 | ATMN:-46 | SPNG:+0 | Vol:W:M S:H A:H S:H | Adapt:W:0.70 S:0.70 A:0.84 S:0.70 | Fills:12507 Ord:105
2026-02-15 10:04:52,286 [PRINT]   [T=215/300] D4 s35 | PnL=$   -906.53 | Agg=47/50000 (0%) | WNTR:+1 | SMMR:+0 | ATMN:-46 | SPNG:+0 | Vol:W:H S:H A:H S:H | Adapt:W:0.70 S:0.70 A:0.84 S:0.70 | Fills:12907 Ord:110
2026-02-15 10:04:57,266 [PRINT]   [T=220/300] D4 s40 | PnL=$   -911.74 | Agg=361/50000 (1%) | WNTR:+315 | SMMR:+0 | ATMN:-46 | SPNG:+0 | Vol:W:H S:H A:H S:H | Adapt:W:0.70 S:0.70 A:0.84 S:0.70 | Fills:13793 Ord:116
2026-02-15 10:05:02,277 [PRINT]   [T=225/300] D4 s45 | PnL=$   -971.82 | Agg=369/50000 (1%) | WNTR:+315 | SMMR:+0 | ATMN:+54 | SPNG:+0 | Vol:W:H S:H A:H S:H | Adapt:W:0.70 S:0.70 A:0.91 S:0.70 | Fills:14293 Ord:121
2026-02-15 10:05:07,176 [PRINT]   [T=230/300] D4 s50 | PnL=$   -960.08 | Agg=261/50000 (1%) | WNTR:+215 | SMMR:+0 | ATMN:-46 | SPNG:+0 | Vol:W:H S:H A:H S:H | Adapt:W:0.70 S:0.70 A:0.91 S:0.70 | Fills:14493 Ord:122
2026-02-15 10:05:09,236 [PRINT]     [PRE-CLOSE] T=232 s=52 - Cancelled all orders
2026-02-15 10:05:17,329 [PRINT]   [T=240/300] D5 s 0 | PnL=$ -1,223.30 | Agg=261/50000 (1%) | WNTR:+215 | SMMR:+0 | ATMN:-46 | SPNG:+0 | Vol:W:H S:H A:H S:H | Adapt:W:0.70 S:0.70 A:0.84 S:0.70 | Fills:14493 Ord:122
2026-02-15 10:05:22,334 [PRINT]   [T=245/300] D5 s 5 | PnL=$ -1,284.86 | Agg=169/50000 (0%) | WNTR:+115 | SMMR:+0 | ATMN:+54 | SPNG:+0 | Vol:W:H S:H A:H S:H | Adapt:W:0.70 S:0.70 A:0.84 S:0.70 | Fills:14693 Ord:124
2026-02-15 10:05:27,530 [PRINT]   [T=250/300] D5 s10 | PnL=$ -1,330.71 | Agg=69/50000 (0%) | WNTR:+15 | SMMR:+0 | ATMN:+54 | SPNG:+0 | Vol:W:H S:H A:H S:H | Adapt:W:0.70 S:0.70 A:0.84 S:0.70 | Fills:14993 Ord:129
2026-02-15 10:05:32,609 [PRINT]   [T=255/300] D5 s15 | PnL=$ -1,413.13 | Agg=69/50000 (0%) | WNTR:+15 | SMMR:+0 | ATMN:+54 | SPNG:+0 | Vol:W:H S:H A:H S:H | Adapt:W:0.70 S:0.70 A:0.84 S:0.70 | Fills:15593 Ord:134
2026-02-15 10:05:37,348 [PRINT]   [T=260/300] D5 s20 | PnL=$ -1,414.86 | Agg=69/50000 (0%) | WNTR:+15 | SMMR:+0 | ATMN:+54 | SPNG:+0 | Vol:W:H S:H A:H S:H | Adapt:W:0.70 S:0.70 A:0.84 S:0.70 | Fills:15993 Ord:137
2026-02-15 10:05:42,567 [PRINT]   [T=265/300] D5 s25 | PnL=$ -1,431.48 | Agg=69/50000 (0%) | WNTR:+15 | SMMR:+0 | ATMN:+54 | SPNG:+0 | Vol:W:H S:H A:H S:H | Adapt:W:0.70 S:0.70 A:0.84 S:0.70 | Fills:16193 Ord:140
2026-02-15 10:05:47,732 [PRINT]   [T=270/300] D5 s30 | PnL=$ -1,495.48 | Agg=131/50000 (0%) | WNTR:-85 | SMMR:+0 | ATMN:-46 | SPNG:+0 | Vol:W:H S:M A:H S:H | Adapt:W:0.70 S:0.70 A:0.84 S:0.70 | Fills:16393 Ord:144
2026-02-15 10:05:52,468 [PRINT]   [T=275/300] D5 s35 | PnL=$ -1,573.56 | Agg=471/50000 (1%) | WNTR:-225 | SMMR:-200 | ATMN:-46 | SPNG:+0 | Vol:W:H S:H A:H S:H | Adapt:W:0.70 S:0.70 A:0.84 S:0.70 | Fills:19533 Ord:158
2026-02-15 10:05:57,746 [PRINT]   [T=280/300] D5 s40 | PnL=$ -1,647.37 | Agg=299/50000 (1%) | WNTR:-53 | SMMR:-200 | ATMN:-46 | SPNG:+0 | Vol:W:M S:H A:H S:H | Adapt:W:0.70 S:0.70 A:0.84 S:0.70 | Fills:20561 Ord:166
2026-02-15 10:06:02,640 [PRINT]   [T=285/300] D5 s45 | PnL=$ -1,687.32 | Agg=493/50000 (1%) | WNTR:+447 | SMMR:+0 | ATMN:-46 | SPNG:+0 | Vol:W:H S:H A:H S:H | Adapt:W:0.76 S:0.76 A:0.84 S:0.70 | Fills:21461 Ord:170
2026-02-15 10:06:07,610 [PRINT]   [T=290/300] D5 s50 | PnL=$ -1,751.62 | Agg=501/50000 (1%) | WNTR:+447 | SMMR:+0 | ATMN:+54 | SPNG:+0 | Vol:W:H S:H A:H S:H | Adapt:W:0.76 S:0.76 A:0.84 S:0.70 | Fills:21561 Ord:171
2026-02-15 10:06:09,634 [PRINT]     [PRE-CLOSE] T=292 s=52 - Cancelled all orders
2026-02-15 10:06:17,575 [PRINT] 
  Heat ended at tick 300
2026-02-15 10:06:17,582 [PRINT] 
  Heat 1 ended.
2026-02-15 10:06:17,582 [PRINT]   P&L: $-1,715.17
2026-02-15 10:06:17,582 [PRINT]   Orders placed: 171
2026-02-15 10:06:17,583 [PRINT]   Market orders: 0
2026-02-15 10:06:17,583 [PRINT]   Total fill volume: 21,561 shares
2026-02-15 10:06:17,584 [PRINT]   Final adaptive mults: WNTR:0.76 | SMMR:0.76 | ATMN:0.84 | SPNG:0.70
2026-02-15 10:06:17,584 [PRINT] 
  --- HEAT HISTORY ---
2026-02-15 10:06:17,584 [PRINT]   H 1: P&L $ -1,715.17 (Orders: 171, Mkt: 0, Fills: 21,561)
2026-02-15 10:06:17,585 [PRINT]   --------------------------------------------------
2026-02-15 10:06:17,585 [PRINT]   Total: $-1,715.17
2026-02-15 10:06:17,586 [PRINT] ============================================================

2026-02-15 10:06:20,590 [PRINT] Case status: STOPPED - waiting for ACTIVE...
2026-02-15 10:06:20,593 [PRINT] Case stopped. Waiting for next heat...
2026-02-15 10:06:22,598 [PRINT] Case status: STOPPED - waiting for ACTIVE...
2026-02-15 10:06:22,603 [PRINT] Case stopped. Waiting for next heat...
2026-02-15 10:06:24,608 [PRINT] Case status: STOPPED - waiting for ACTIVE...
2026-02-15 10:06:24,611 [PRINT] Case stopped. Waiting for next heat...
2026-02-15 10:06:26,616 [PRINT] Case status: STOPPED - waiting for ACTIVE...
2026-02-15 10:06:26,620 [PRINT] Case stopped. Waiting for next heat...
2026-02-15 10:06:28,625 [PRINT] Case status: STOPPED - waiting for ACTIVE...
2026-02-15 10:06:28,629 [PRINT] Case stopped. Waiting for next heat...
2026-02-15 10:06:30,634 [PRINT] Case status: STOPPED - waiting for ACTIVE...
2026-02-15 10:06:30,638 [PRINT] Case stopped. Waiting for next heat...
2026-02-15 10:06:32,643 [PRINT] Case status: STOPPED - waiting for ACTIVE...
2026-02-15 10:06:32,647 [PRINT] Case stopped. Waiting for next heat...
2026-02-15 10:06:34,653 [PRINT] Case status: STOPPED - waiting for ACTIVE...
2026-02-15 10:06:34,656 [PRINT] Case stopped. Waiting for next heat...
2026-02-15 10:06:36,659 [PRINT] Case status: STOPPED - waiting for ACTIVE...
2026-02-15 10:06:36,663 [PRINT] Case stopped. Waiting for next heat...
2026-02-15 10:06:38,668 [PRINT] Case status: STOPPED - waiting for ACTIVE...
2026-02-15 10:06:38,670 [PRINT] Case stopped. Waiting for next heat...
2026-02-15 10:06:40,679 [PRINT] Case status: STOPPED - waiting for ACTIVE...
2026-02-15 10:06:40,687 [PRINT] Case stopped. Waiting for next heat...
2026-02-15 10:06:42,695 [PRINT] Case status: STOPPED - waiting for ACTIVE...
2026-02-15 10:06:42,701 [PRINT] Case stopped. Waiting for next heat...
2026-02-15 10:06:44,708 [PRINT] Case status: STOPPED - waiting for ACTIVE...
2026-02-15 10:06:44,713 [PRINT] Case stopped. Waiting for next heat...
2026-02-15 10:06:46,719 [PRINT] Case status: STOPPED - waiting for ACTIVE...
2026-02-15 10:06:46,727 [PRINT] Case stopped. Waiting for next heat...
2026-02-15 10:06:48,734 [PRINT] Case status: STOPPED - waiting for ACTIVE...
2026-02-15 10:06:48,740 [PRINT] Case stopped. Waiting for next heat...
2026-02-15 10:06:50,748 [PRINT] Case status: STOPPED - waiting for ACTIVE...
2026-02-15 10:06:50,755 [PRINT] Case stopped. Waiting for next heat...
2026-02-15 10:06:52,763 [PRINT] Case status: STOPPED - waiting for ACTIVE...
2026-02-15 10:06:52,769 [PRINT] Case stopped. Waiting for next heat...
2026-02-15 10:06:54,776 [PRINT] Case status: STOPPED - waiting for ACTIVE...
2026-02-15 10:06:54,783 [PRINT] Case stopped. Waiting for next heat...
2026-02-15 10:06:56,792 [PRINT] Case status: STOPPED - waiting for ACTIVE...
2026-02-15 10:06:56,797 [PRINT] Case stopped. Waiting for next heat...
2026-02-15 10:06:58,805 [PRINT] Case status: STOPPED - waiting for ACTIVE...
2026-02-15 10:06:58,808 [PRINT] Case stopped. Waiting for next heat...
2026-02-15 10:07:00,816 [PRINT] Case status: STOPPED - waiting for ACTIVE...
2026-02-15 10:07:00,821 [PRINT] Case stopped. Waiting for next heat...
2026-02-15 10:07:02,826 [PRINT] Case status: STOPPED - waiting for ACTIVE...
2026-02-15 10:07:02,830 [PRINT] Case stopped. Waiting for next heat...
2026-02-15 10:07:04,839 [PRINT] Case status: STOPPED - waiting for ACTIVE...
2026-02-15 10:07:04,844 [PRINT] Case stopped. Waiting for next heat...
2026-02-15 10:07:06,852 [PRINT] Case status: STOPPED - waiting for ACTIVE...
2026-02-15 10:07:06,856 [PRINT] Case stopped. Waiting for next heat...
2026-02-15 10:07:08,862 [PRINT] Case status: STOPPED - waiting for ACTIVE...
2026-02-15 10:07:08,869 [PRINT] Case stopped. Waiting for next heat...
2026-02-15 10:07:10,874 [PRINT] Case status: STOPPED - waiting for ACTIVE...
2026-02-15 10:07:10,879 [PRINT] Case stopped. Waiting for next heat...
2026-02-15 10:07:12,884 [PRINT] Case status: STOPPED - waiting for ACTIVE...
2026-02-15 10:07:12,889 [PRINT] Case stopped. Waiting for next heat...
2026-02-15 10:07:14,896 [PRINT] Case status: STOPPED - waiting for ACTIVE...
2026-02-15 10:07:14,900 [PRINT] Case stopped. Waiting for next heat...
2026-02-15 10:07:16,909 [PRINT] Case status: STOPPED - waiting for ACTIVE...
2026-02-15 10:07:16,914 [PRINT] Case stopped. Waiting for next heat...
2026-02-15 10:07:18,921 [PRINT] Case status: STOPPED - waiting for ACTIVE...
2026-02-15 10:07:18,926 [PRINT] Case stopped. Waiting for next heat...
2026-02-15 10:07:21,336 [PRINT] 
============================================================
2026-02-15 10:07:21,336 [PRINT]   HEAT 2 - V7 DEFENSE-FIRST EDITION
2026-02-15 10:07:21,337 [PRINT]   Stocks: WNTR, SMMR, ATMN, SPNG
2026-02-15 10:07:21,338 [PRINT]   Start NLV: $0.00
2026-02-15 10:07:21,339 [PRINT]   Spreads: WNTR=$0.10 | SMMR=$0.12 | ATMN=$0.14 | SPNG=$0.16
2026-02-15 10:07:21,339 [PRINT]   Sizes: WNTR=500 | SMMR=400 | ATMN=350 | SPNG=300
2026-02-15 10:07:21,340 [PRINT] ============================================================

2026-02-15 10:07:21,341 [PRINT] 
  Starting market-making loop V7...
2026-02-15 10:07:21,354 [PRINT]   Start NLV: $0.00
2026-02-15 10:07:21,374 [PRINT]   Aggregate limit: 50000
2026-02-15 10:07:21,374 [PRINT]   Gross limit: 50000, Net limit: 30000
2026-02-15 10:07:22,672 [PRINT]   [T=  0/300] D1 s 0 | PnL=$     +0.00 | Agg=0/50000 (0%) | WNTR:+0 | SMMR:+0 | ATMN:+0 | SPNG:+0 | Vol:W:M S:M A:M S:M | Adapt:W:1.00 S:1.00 A:1.00 S:1.00 | Fills:0 Ord:8
2026-02-15 10:07:25,779 [PRINT]   [T=  5/300] D1 s 5 | PnL=$     +0.00 | Agg=100/50000 (0%) | WNTR:+0 | SMMR:+0 | ATMN:+0 | SPNG:+100 | Vol:W:M S:M A:H S:H | Adapt:W:1.00 S:1.00 A:1.00 S:1.00 | Fills:100 Ord:9
2026-02-15 10:07:30,611 [PRINT]   [T= 10/300] D1 s10 | PnL=$    +57.00 | Agg=0/50000 (0%) | WNTR:+0 | SMMR:+0 | ATMN:+0 | SPNG:+0 | Vol:W:H S:H A:H S:H | Adapt:W:1.00 S:1.00 A:1.00 S:1.00 | Fills:400 Ord:9
2026-02-15 10:07:35,639 [PRINT]   [T= 15/300] D1 s15 | PnL=$    +57.00 | Agg=0/50000 (0%) | WNTR:+0 | SMMR:+0 | ATMN:+0 | SPNG:+0 | Vol:W:M S:H A:H S:H | Adapt:W:0.92 S:0.92 A:1.00 S:1.00 | Fills:400 Ord:9
2026-02-15 10:07:40,823 [PRINT]   [T= 20/300] D1 s20 | PnL=$    +57.00 | Agg=0/50000 (0%) | WNTR:+0 | SMMR:+0 | ATMN:+0 | SPNG:+0 | Vol:W:H S:H A:H S:H | Adapt:W:0.92 S:0.92 A:1.00 S:1.00 | Fills:400 Ord:9
2026-02-15 10:07:45,894 [PRINT]   [T= 25/300] D1 s25 | PnL=$    +57.00 | Agg=0/50000 (0%) | WNTR:+0 | SMMR:+0 | ATMN:+0 | SPNG:+0 | Vol:W:M S:H A:H S:H | Adapt:W:0.92 S:0.92 A:1.00 S:1.00 | Fills:400 Ord:11
2026-02-15 10:07:50,779 [PRINT]   [T= 30/300] D1 s30 | PnL=$   +191.50 | Agg=0/50000 (0%) | WNTR:+0 | SMMR:+0 | ATMN:+0 | SPNG:+0 | Vol:W:H S:H A:H S:H | Adapt:W:0.99 S:0.85 A:1.00 S:0.92 | Fills:2100 Ord:13
2026-02-15 10:07:55,965 [PRINT]   [T= 35/300] D1 s35 | PnL=$   +191.50 | Agg=400/50000 (1%) | WNTR:+0 | SMMR:-400 | ATMN:+0 | SPNG:+0 | Vol:W:H S:H A:H S:H | Adapt:W:0.99 S:0.85 A:1.00 S:0.92 | Fills:2500 Ord:16
2026-02-15 10:08:00,858 [PRINT]   [T= 40/300] D1 s40 | PnL=$   +164.50 | Agg=100/50000 (0%) | WNTR:+0 | SMMR:-100 | ATMN:+0 | SPNG:+0 | Vol:W:H S:H A:H S:H | Adapt:W:0.99 S:0.85 A:1.00 S:0.92 | Fills:2800 Ord:18
2026-02-15 10:08:05,932 [PRINT]   [T= 45/300] D1 s45 | PnL=$   +146.50 | Agg=0/50000 (0%) | WNTR:+0 | SMMR:+0 | ATMN:+0 | SPNG:+0 | Vol:W:H S:H A:H S:H | Adapt:W:0.91 S:0.85 A:0.92 S:0.85 | Fills:2900 Ord:19
2026-02-15 10:08:10,845 [PRINT]   [T= 50/300] D1 s50 | PnL=$   +146.50 | Agg=0/50000 (0%) | WNTR:+0 | SMMR:+0 | ATMN:+0 | SPNG:+0 | Vol:W:H S:H A:H S:H | Adapt:W:0.91 S:0.85 A:0.92 S:0.85 | Fills:2900 Ord:19
2026-02-15 10:08:12,929 [PRINT]     [PRE-CLOSE] T=52 s=52 - Cancelled all orders
2026-02-15 10:08:20,926 [PRINT]   [T= 60/300] D2 s 0 | PnL=$   +146.50 | Agg=0/50000 (0%) | WNTR:+0 | SMMR:+0 | ATMN:+0 | SPNG:+0 | Vol:W:H S:H A:H S:H | Adapt:W:0.84 S:0.78 A:0.85 S:0.78 | Fills:2900 Ord:19
2026-02-15 10:08:25,913 [PRINT]   [T= 65/300] D2 s 5 | PnL=$   +146.50 | Agg=0/50000 (0%) | WNTR:+0 | SMMR:+0 | ATMN:+0 | SPNG:+0 | Vol:W:H S:H A:H S:H | Adapt:W:0.84 S:0.78 A:0.85 S:0.78 | Fills:2900 Ord:19
2026-02-15 10:08:31,054 [PRINT]   [T= 70/300] D2 s10 | PnL=$   +146.50 | Agg=0/50000 (0%) | WNTR:+0 | SMMR:+0 | ATMN:+0 | SPNG:+0 | Vol:W:H S:H A:H S:H | Adapt:W:0.84 S:0.78 A:0.85 S:0.78 | Fills:2900 Ord:19
2026-02-15 10:08:36,111 [PRINT]   [T= 75/300] D2 s15 | PnL=$   +146.50 | Agg=0/50000 (0%) | WNTR:+0 | SMMR:+0 | ATMN:+0 | SPNG:+0 | Vol:W:H S:H A:H S:H | Adapt:W:0.77 S:0.72 A:0.78 S:0.72 | Fills:2900 Ord:19
2026-02-15 10:08:41,218 [PRINT]   [T= 80/300] D2 s20 | PnL=$   +146.50 | Agg=0/50000 (0%) | WNTR:+0 | SMMR:+0 | ATMN:+0 | SPNG:+0 | Vol:W:H S:H A:H S:H | Adapt:W:0.77 S:0.72 A:0.78 S:0.72 | Fills:2900 Ord:19
2026-02-15 10:08:46,183 [PRINT]   [T= 85/300] D2 s25 | PnL=$   +146.50 | Agg=0/50000 (0%) | WNTR:+0 | SMMR:+0 | ATMN:+0 | SPNG:+0 | Vol:W:H S:H A:H S:H | Adapt:W:0.77 S:0.72 A:0.78 S:0.72 | Fills:2900 Ord:19
2026-02-15 10:08:51,278 [PRINT]   [T= 90/300] D2 s30 | PnL=$   +146.50 | Agg=0/50000 (0%) | WNTR:+0 | SMMR:+0 | ATMN:+0 | SPNG:+0 | Vol:W:H S:H A:H S:H | Adapt:W:0.71 S:0.70 A:0.72 S:0.70 | Fills:2900 Ord:19
2026-02-15 10:08:56,208 [PRINT]   [T= 95/300] D2 s35 | PnL=$   +159.00 | Agg=313/50000 (1%) | WNTR:-313 | SMMR:+0 | ATMN:+0 | SPNG:+0 | Vol:W:M S:H A:H S:H | Adapt:W:0.71 S:0.70 A:0.72 S:0.70 | Fills:3587 Ord:23
2026-02-15 10:09:01,408 [PRINT]   [T=100/300] D2 s40 | PnL=$   +202.96 | Agg=9/50000 (0%) | WNTR:-9 | SMMR:+0 | ATMN:+0 | SPNG:+0 | Vol:W:M S:H A:H S:H | Adapt:W:0.71 S:0.70 A:0.72 S:0.70 | Fills:3891 Ord:27
2026-02-15 10:09:06,260 [PRINT]   [T=105/300] D2 s45 | PnL=$   +138.95 | Agg=298/50000 (1%) | WNTR:+298 | SMMR:+0 | ATMN:+0 | SPNG:+0 | Vol:W:M S:H A:H S:H | Adapt:W:0.77 S:0.70 A:0.70 S:0.70 | Fills:4584 Ord:29
2026-02-15 10:09:11,174 [PRINT]   [T=110/300] D2 s50 | PnL=$    +79.37 | Agg=190/50000 (0%) | WNTR:-190 | SMMR:+0 | ATMN:+0 | SPNG:+0 | Vol:W:M S:H A:H S:H | Adapt:W:0.77 S:0.70 A:0.70 S:0.70 | Fills:5664 Ord:35
2026-02-15 10:09:13,275 [PRINT]     [PRE-CLOSE] T=112 s=52 - Cancelled all orders
2026-02-15 10:09:21,567 [PRINT]   [T=120/300] D3 s 0 | PnL=$   +128.67 | Agg=190/50000 (0%) | WNTR:-190 | SMMR:+0 | ATMN:+0 | SPNG:+0 | Vol:W:M S:H A:H S:H | Adapt:W:0.83 S:0.70 A:0.70 S:0.70 | Fills:5664 Ord:37
2026-02-15 10:09:26,311 [PRINT]   [T=125/300] D3 s 5 | PnL=$   +105.27 | Agg=10/50000 (0%) | WNTR:+10 | SMMR:+0 | ATMN:+0 | SPNG:+0 | Vol:W:H S:H A:H S:H | Adapt:W:0.83 S:0.70 A:0.70 S:0.70 | Fills:5864 Ord:38
2026-02-15 10:09:31,662 [PRINT]   [T=130/300] D3 s10 | PnL=$   +101.87 | Agg=10/50000 (0%) | WNTR:+10 | SMMR:+0 | ATMN:+0 | SPNG:+0 | Vol:W:H S:H A:H S:H | Adapt:W:0.83 S:0.70 A:0.70 S:0.70 | Fills:5864 Ord:40
2026-02-15 10:09:36,699 [PRINT]   [T=135/300] D3 s15 | PnL=$   +105.07 | Agg=90/50000 (0%) | WNTR:-90 | SMMR:+0 | ATMN:+0 | SPNG:+0 | Vol:W:H S:H A:H S:H | Adapt:W:0.83 S:0.70 A:0.70 S:0.70 | Fills:6164 Ord:43
2026-02-15 10:09:41,492 [PRINT]   [T=140/300] D3 s20 | PnL=$    +98.47 | Agg=10/50000 (0%) | WNTR:+10 | SMMR:+0 | ATMN:+0 | SPNG:+0 | Vol:W:H S:H A:H S:H | Adapt:W:0.83 S:0.70 A:0.70 S:0.70 | Fills:6464 Ord:45
2026-02-15 10:09:46,531 [PRINT]   [T=145/300] D3 s25 | PnL=$    +97.67 | Agg=90/50000 (0%) | WNTR:-90 | SMMR:+0 | ATMN:+0 | SPNG:+0 | Vol:W:H S:H A:H S:H | Adapt:W:0.83 S:0.70 A:0.70 S:0.70 | Fills:6564 Ord:46
2026-02-15 10:09:51,535 [PRINT]   [T=150/300] D3 s30 | PnL=$    +76.97 | Agg=10/50000 (0%) | WNTR:+10 | SMMR:+0 | ATMN:+0 | SPNG:+0 | Vol:W:H S:H A:H S:H | Adapt:W:0.83 S:0.70 A:0.70 S:0.70 | Fills:6664 Ord:47
2026-02-15 10:09:56,752 [PRINT]   [T=155/300] D3 s35 | PnL=$    +74.47 | Agg=10/50000 (0%) | WNTR:+10 | SMMR:+0 | ATMN:+0 | SPNG:+0 | Vol:W:H S:H A:H S:H | Adapt:W:0.83 S:0.70 A:0.70 S:0.70 | Fills:6864 Ord:50
2026-02-15 10:10:01,702 [PRINT]   [T=160/300] D3 s40 | PnL=$     +4.27 | Agg=90/50000 (0%) | WNTR:-90 | SMMR:+0 | ATMN:+0 | SPNG:+0 | Vol:W:H S:H A:H S:H | Adapt:W:0.83 S:0.70 A:0.70 S:0.70 | Fills:7164 Ord:52
2026-02-15 10:10:06,787 [PRINT]   [T=165/300] D3 s45 | PnL=$    +36.87 | Agg=10/50000 (0%) | WNTR:+10 | SMMR:+0 | ATMN:+0 | SPNG:+0 | Vol:W:H S:H A:H S:H | Adapt:W:0.83 S:0.70 A:0.70 S:0.70 | Fills:7264 Ord:54
2026-02-15 10:10:11,586 [PRINT]   [T=170/300] D3 s50 | PnL=$     +4.27 | Agg=90/50000 (0%) | WNTR:-90 | SMMR:+0 | ATMN:+0 | SPNG:+0 | Vol:W:H S:H A:H S:H | Adapt:W:0.83 S:0.70 A:0.70 S:0.70 | Fills:7364 Ord:55
2026-02-15 10:10:13,667 [PRINT]     [PRE-CLOSE] T=172 s=52 - Cancelled all orders
2026-02-15 10:10:22,170 [PRINT]   [T=180/300] D4 s 0 | PnL=$     +6.77 | Agg=10/50000 (0%) | WNTR:+10 | SMMR:+0 | ATMN:+0 | SPNG:+0 | Vol:W:H S:H A:H S:H | Adapt:W:0.83 S:0.70 A:0.70 S:0.70 | Fills:7464 Ord:57
2026-02-15 10:10:26,753 [PRINT]   [T=185/300] D4 s 5 | PnL=$     +1.27 | Agg=10/50000 (0%) | WNTR:+10 | SMMR:+0 | ATMN:+0 | SPNG:+0 | Vol:W:H S:H A:H S:H | Adapt:W:0.83 S:0.70 A:0.70 S:0.70 | Fills:7464 Ord:58
2026-02-15 10:10:31,699 [PRINT]   [T=190/300] D4 s10 | PnL=$     -4.33 | Agg=90/50000 (0%) | WNTR:-90 | SMMR:+0 | ATMN:+0 | SPNG:+0 | Vol:W:H S:H A:H S:H | Adapt:W:0.83 S:0.70 A:0.70 S:0.70 | Fills:7564 Ord:59
2026-02-15 10:10:36,718 [PRINT]   [T=195/300] D4 s15 | PnL=$    -41.09 | Agg=167/50000 (0%) | WNTR:+167 | SMMR:+0 | ATMN:+0 | SPNG:+0 | Vol:W:M S:H A:H S:H | Adapt:W:0.90 S:0.70 A:0.70 S:0.70 | Fills:8307 Ord:63
2026-02-15 10:10:41,821 [PRINT]   [T=200/300] D4 s20 | PnL=$    -41.09 | Agg=167/50000 (0%) | WNTR:+167 | SMMR:+0 | ATMN:+0 | SPNG:+0 | Vol:W:H S:H A:H S:H | Adapt:W:0.90 S:0.70 A:0.70 S:0.70 | Fills:8307 Ord:63
2026-02-15 10:10:47,116 [PRINT]   [T=205/300] D4 s25 | PnL=$    -59.46 | Agg=167/50000 (0%) | WNTR:+167 | SMMR:+0 | ATMN:+0 | SPNG:+0 | Vol:W:H S:H A:H S:H | Adapt:W:0.90 S:0.70 A:0.70 S:0.70 | Fills:8307 Ord:64
2026-02-15 10:10:51,909 [PRINT]   [T=210/300] D4 s30 | PnL=$    -84.82 | Agg=67/50000 (0%) | WNTR:+67 | SMMR:+0 | ATMN:+0 | SPNG:+0 | Vol:W:H S:H A:H S:H | Adapt:W:0.90 S:0.70 A:0.70 S:0.70 | Fills:8607 Ord:66
2026-02-15 10:10:56,939 [PRINT]   [T=215/300] D4 s35 | PnL=$    -89.83 | Agg=33/50000 (0%) | WNTR:-33 | SMMR:+0 | ATMN:+0 | SPNG:+0 | Vol:W:H S:H A:H S:H | Adapt:W:0.90 S:0.70 A:0.70 S:0.70 | Fills:8907 Ord:69
2026-02-15 10:11:02,141 [PRINT]   [T=220/300] D4 s40 | PnL=$    -79.48 | Agg=67/50000 (0%) | WNTR:+67 | SMMR:+0 | ATMN:+0 | SPNG:+0 | Vol:W:H S:H A:H S:H | Adapt:W:0.90 S:0.70 A:0.70 S:0.70 | Fills:9007 Ord:71
2026-02-15 10:11:07,265 [PRINT]   [T=225/300] D4 s45 | PnL=$    -96.10 | Agg=33/50000 (0%) | WNTR:-33 | SMMR:+0 | ATMN:+0 | SPNG:+0 | Vol:W:H S:H A:H S:H | Adapt:W:0.90 S:0.70 A:0.70 S:0.70 | Fills:9307 Ord:74
2026-02-15 10:11:11,981 [PRINT]   [T=230/300] D4 s50 | PnL=$   -122.83 | Agg=67/50000 (0%) | WNTR:+67 | SMMR:+0 | ATMN:+0 | SPNG:+0 | Vol:W:H S:H A:H S:H | Adapt:W:0.90 S:0.70 A:0.70 S:0.70 | Fills:9407 Ord:74
2026-02-15 10:11:14,014 [PRINT]     [PRE-CLOSE] T=232 s=52 - Cancelled all orders
2026-02-15 10:11:22,209 [PRINT]   [T=240/300] D5 s 0 | PnL=$    -45.11 | Agg=67/50000 (0%) | WNTR:+67 | SMMR:+0 | ATMN:+0 | SPNG:+0 | Vol:W:H S:H A:H S:H | Adapt:W:0.82 S:0.70 A:0.70 S:0.70 | Fills:9407 Ord:74
2026-02-15 10:11:27,004 [PRINT]   [T=245/300] D5 s 5 | PnL=$    -42.75 | Agg=67/50000 (0%) | WNTR:+67 | SMMR:+0 | ATMN:+0 | SPNG:+0 | Vol:W:H S:H A:H S:H | Adapt:W:0.82 S:0.70 A:0.70 S:0.70 | Fills:9607 Ord:77
2026-02-15 10:11:32,110 [PRINT]   [T=250/300] D5 s10 | PnL=$    -13.53 | Agg=67/50000 (0%) | WNTR:+67 | SMMR:+0 | ATMN:+0 | SPNG:+0 | Vol:W:H S:H A:H S:H | Adapt:W:0.82 S:0.70 A:0.70 S:0.70 | Fills:9807 Ord:79
2026-02-15 10:11:37,111 [PRINT]   [T=255/300] D5 s15 | PnL=$    -53.92 | Agg=67/50000 (0%) | WNTR:+67 | SMMR:+0 | ATMN:+0 | SPNG:+0 | Vol:W:H S:H A:H S:H | Adapt:W:0.82 S:0.70 A:0.70 S:0.70 | Fills:10007 Ord:81
2026-02-15 10:11:42,500 [PRINT]   [T=260/300] D5 s20 | PnL=$    -65.98 | Agg=33/50000 (0%) | WNTR:-33 | SMMR:+0 | ATMN:+0 | SPNG:+0 | Vol:W:H S:H A:H S:H | Adapt:W:0.82 S:0.70 A:0.70 S:0.70 | Fills:10107 Ord:83
2026-02-15 10:11:47,313 [PRINT]   [T=265/300] D5 s25 | PnL=$    -56.26 | Agg=33/50000 (0%) | WNTR:-33 | SMMR:+0 | ATMN:+0 | SPNG:+0 | Vol:W:H S:H A:H S:H | Adapt:W:0.82 S:0.70 A:0.70 S:0.70 | Fills:10307 Ord:84
2026-02-15 10:11:52,496 [PRINT]   [T=270/300] D5 s30 | PnL=$    -57.57 | Agg=233/50000 (0%) | WNTR:-33 | SMMR:+200 | ATMN:+0 | SPNG:+0 | Vol:W:H S:H A:H S:H | Adapt:W:0.82 S:0.70 A:0.70 S:0.70 | Fills:11107 Ord:91
2026-02-15 10:11:57,311 [PRINT]   [T=275/300] D5 s35 | PnL=$    -45.35 | Agg=33/50000 (0%) | WNTR:-33 | SMMR:+0 | ATMN:+0 | SPNG:+0 | Vol:W:H S:H A:H S:H | Adapt:W:0.82 S:0.70 A:0.70 S:0.70 | Fills:11507 Ord:94
2026-02-15 10:12:02,712 [PRINT]   [T=280/300] D5 s40 | PnL=$    -70.37 | Agg=67/50000 (0%) | WNTR:+67 | SMMR:+0 | ATMN:+0 | SPNG:+0 | Vol:W:H S:H A:H S:H | Adapt:W:0.82 S:0.70 A:0.70 S:0.70 | Fills:11607 Ord:95
2026-02-15 10:12:07,519 [PRINT]   [T=285/300] D5 s45 | PnL=$    -61.66 | Agg=67/50000 (0%) | WNTR:+67 | SMMR:+0 | ATMN:+0 | SPNG:+0 | Vol:W:H S:H A:H S:H | Adapt:W:0.82 S:0.70 A:0.70 S:0.70 | Fills:11607 Ord:95
2026-02-15 10:12:12,333 [PRINT]   [T=290/300] D5 s50 | PnL=$    -59.26 | Agg=33/50000 (0%) | WNTR:-33 | SMMR:+0 | ATMN:+0 | SPNG:+0 | Vol:W:H S:H A:H S:H | Adapt:W:0.82 S:0.70 A:0.70 S:0.70 | Fills:11707 Ord:96
2026-02-15 10:12:14,373 [PRINT]     [PRE-CLOSE] T=292 s=52 - Cancelled all orders
2026-02-15 10:12:22,766 [PRINT] 
  Heat ended at tick 300
2026-02-15 10:12:23,007 [PRINT] 
  Heat 2 ended.
2026-02-15 10:12:23,007 [PRINT]   P&L: $-55.30
2026-02-15 10:12:23,008 [PRINT]   Orders placed: 96
2026-02-15 10:12:23,009 [PRINT]   Market orders: 0
2026-02-15 10:12:23,009 [PRINT]   Total fill volume: 11,707 shares
2026-02-15 10:12:23,009 [PRINT]   Final adaptive mults: WNTR:0.82 | SMMR:0.70 | ATMN:0.70 | SPNG:0.70
2026-02-15 10:12:23,010 [PRINT] 
  --- HEAT HISTORY ---
2026-02-15 10:12:23,011 [PRINT]   H 1: P&L $ -1,715.17 (Orders: 171, Mkt: 0, Fills: 21,561)
2026-02-15 10:12:23,011 [PRINT]   H 2: P&L $    -55.30 (Orders: 96, Mkt: 0, Fills: 11,707)
2026-02-15 10:12:23,011 [PRINT]   --------------------------------------------------
2026-02-15 10:12:23,012 [PRINT]   Total: $-1,770.47
2026-02-15 10:12:23,012 [PRINT] ============================================================

2026-02-15 10:12:26,018 [PRINT] Case status: STOPPED - waiting for ACTIVE...
2026-02-15 10:12:26,024 [PRINT] Case stopped. Waiting for next heat...
2026-02-15 10:12:28,030 [PRINT] Case status: STOPPED - waiting for ACTIVE...
2026-02-15 10:12:28,035 [PRINT] Case stopped. Waiting for next heat...
2026-02-15 10:12:30,041 [PRINT] Case status: STOPPED - waiting for ACTIVE...
2026-02-15 10:12:30,047 [PRINT] Case stopped. Waiting for next heat...
2026-02-15 10:12:32,054 [PRINT] Case status: STOPPED - waiting for ACTIVE...
2026-02-15 10:12:32,061 [PRINT] Case stopped. Waiting for next heat...
2026-02-15 10:12:34,066 [PRINT] Case status: STOPPED - waiting for ACTIVE...
2026-02-15 10:12:34,072 [PRINT] Case stopped. Waiting for next heat...
2026-02-15 10:12:36,076 [PRINT] Case status: STOPPED - waiting for ACTIVE...
2026-02-15 10:12:36,081 [PRINT] Case stopped. Waiting for next heat...
2026-02-15 10:12:38,089 [PRINT] Case status: STOPPED - waiting for ACTIVE...
2026-02-15 10:12:38,094 [PRINT] Case stopped. Waiting for next heat...
2026-02-15 10:12:40,099 [PRINT] Case status: STOPPED - waiting for ACTIVE...
2026-02-15 10:12:40,104 [PRINT] Case stopped. Waiting for next heat...
2026-02-15 10:12:42,106 [PRINT] Case status: STOPPED - waiting for ACTIVE...
2026-02-15 10:12:42,118 [PRINT] Case stopped. Waiting for next heat...
2026-02-15 10:12:44,121 [PRINT] Case status: STOPPED - waiting for ACTIVE...
2026-02-15 10:12:44,130 [PRINT] Case stopped. Waiting for next heat...
2026-02-15 10:12:46,136 [PRINT] Case status: STOPPED - waiting for ACTIVE...
2026-02-15 10:12:46,141 [PRINT] Case stopped. Waiting for next heat...
2026-02-15 10:12:48,149 [PRINT] Case status: STOPPED - waiting for ACTIVE...
2026-02-15 10:12:48,156 [PRINT] Case stopped. Waiting for next heat...
2026-02-15 10:12:50,163 [PRINT] Case status: STOPPED - waiting for ACTIVE...
2026-02-15 10:12:50,168 [PRINT] Case stopped. Waiting for next heat...
2026-02-15 10:12:52,174 [PRINT] Case status: STOPPED - waiting for ACTIVE...
2026-02-15 10:12:52,178 [PRINT] Case stopped. Waiting for next heat...
2026-02-15 10:12:54,181 [PRINT] Case status: STOPPED - waiting for ACTIVE...
2026-02-15 10:12:54,189 [PRINT] Case stopped. Waiting for next heat...
2026-02-15 10:12:56,194 [PRINT] Case status: STOPPED - waiting for ACTIVE...
2026-02-15 10:12:56,196 [PRINT] Case stopped. Waiting for next heat...
2026-02-15 10:12:58,206 [PRINT] Case status: STOPPED - waiting for ACTIVE...
2026-02-15 10:12:58,209 [PRINT] Case stopped. Waiting for next heat...
2026-02-15 10:13:00,216 [PRINT] Case status: STOPPED - waiting for ACTIVE...
2026-02-15 10:13:00,217 [PRINT] Case stopped. Waiting for next heat...
2026-02-15 10:13:02,223 [PRINT] Case status: STOPPED - waiting for ACTIVE...
2026-02-15 10:13:02,232 [PRINT] Case stopped. Waiting for next heat...
2026-02-15 10:13:04,238 [PRINT] Case status: STOPPED - waiting for ACTIVE...
2026-02-15 10:13:04,243 [PRINT] Case stopped. Waiting for next heat...
2026-02-15 10:13:06,249 [PRINT] Case status: STOPPED - waiting for ACTIVE...
2026-02-15 10:13:06,256 [PRINT] Case stopped. Waiting for next heat...
2026-02-15 10:13:08,262 [PRINT] Case status: STOPPED - waiting for ACTIVE...
2026-02-15 10:13:08,267 [PRINT] Case stopped. Waiting for next heat...
2026-02-15 10:13:10,272 [PRINT] Case status: STOPPED - waiting for ACTIVE...
2026-02-15 10:13:10,275 [PRINT] Case stopped. Waiting for next heat...
2026-02-15 10:13:12,282 [PRINT] Case status: STOPPED - waiting for ACTIVE...
2026-02-15 10:13:12,286 [PRINT] Case stopped. Waiting for next heat...
2026-02-15 10:13:14,292 [PRINT] Case status: STOPPED - waiting for ACTIVE...
2026-02-15 10:13:14,298 [PRINT] Case stopped. Waiting for next heat...
2026-02-15 10:13:16,304 [PRINT] Case status: STOPPED - waiting for ACTIVE...
2026-02-15 10:13:16,310 [PRINT] Case stopped. Waiting for next heat...
2026-02-15 10:13:18,314 [PRINT] Case status: STOPPED - waiting for ACTIVE...
2026-02-15 10:13:18,320 [PRINT] Case stopped. Waiting for next heat...
2026-02-15 10:13:20,326 [PRINT] Case status: STOPPED - waiting for ACTIVE...
2026-02-15 10:13:20,330 [PRINT] Case stopped. Waiting for next heat...
2026-02-15 10:13:22,338 [PRINT] Case status: STOPPED - waiting for ACTIVE...
2026-02-15 10:13:22,343 [PRINT] Case stopped. Waiting for next heat...
2026-02-15 10:13:24,349 [PRINT] Case status: STOPPED - waiting for ACTIVE...
2026-02-15 10:13:24,354 [PRINT] Case stopped. Waiting for next heat...
2026-02-15 10:13:26,429 [PRINT] 
============================================================
2026-02-15 10:13:26,429 [PRINT]   HEAT 3 - V7 DEFENSE-FIRST EDITION
2026-02-15 10:13:26,430 [PRINT]   Stocks: WNTR, SMMR, ATMN, SPNG
2026-02-15 10:13:26,430 [PRINT]   Start NLV: $0.00
2026-02-15 10:13:26,431 [PRINT]   Spreads: WNTR=$0.10 | SMMR=$0.12 | ATMN=$0.14 | SPNG=$0.16
2026-02-15 10:13:26,431 [PRINT]   Sizes: WNTR=500 | SMMR=400 | ATMN=350 | SPNG=300
2026-02-15 10:13:26,433 [PRINT] ============================================================

2026-02-15 10:13:26,434 [PRINT] 
  Starting market-making loop V7...
2026-02-15 10:13:26,450 [PRINT]   Start NLV: $0.00
2026-02-15 10:13:26,458 [PRINT]   Aggregate limit: 50000
2026-02-15 10:13:26,459 [PRINT]   Gross limit: 50000, Net limit: 30000
2026-02-15 10:13:30,369 [PRINT]   [T=  5/300] D1 s 5 | PnL=$     +0.00 | Agg=0/50000 (0%) | WNTR:+0 | SMMR:+0 | ATMN:+0 | SPNG:+0 | Vol:W:H S:H A:H S:H | Adapt:W:1.00 S:1.00 A:1.00 S:1.00 | Fills:0 Ord:8
2026-02-15 10:13:35,392 [PRINT]   [T= 10/300] D1 s10 | PnL=$    +33.00 | Agg=100/50000 (0%) | WNTR:+0 | SMMR:+0 | ATMN:+0 | SPNG:-100 | Vol:W:H S:H A:H S:H | Adapt:W:1.00 S:1.00 A:1.00 S:1.00 | Fills:100 Ord:8
2026-02-15 10:13:40,596 [PRINT]   [T= 15/300] D1 s15 | PnL=$    +33.00 | Agg=500/50000 (1%) | WNTR:+0 | SMMR:-400 | ATMN:+0 | SPNG:-100 | Vol:W:H S:M A:H S:H | Adapt:W:0.92 S:1.00 A:0.92 S:0.92 | Fills:500 Ord:11
2026-02-15 10:13:45,718 [PRINT]   [T= 20/300] D1 s20 | PnL=$    +67.00 | Agg=500/50000 (1%) | WNTR:-500 | SMMR:+0 | ATMN:+0 | SPNG:+0 | Vol:W:H S:H A:H S:H | Adapt:W:0.92 S:1.00 A:0.92 S:0.92 | Fills:1500 Ord:14
2026-02-15 10:13:50,646 [PRINT]   [T= 25/300] D1 s25 | PnL=$    +74.50 | Agg=200/50000 (0%) | WNTR:-200 | SMMR:+0 | ATMN:+0 | SPNG:+0 | Vol:W:H S:H A:H S:H | Adapt:W:0.92 S:1.00 A:0.92 S:0.92 | Fills:1800 Ord:17
2026-02-15 10:13:55,606 [PRINT]   [T= 30/300] D1 s30 | PnL=$    +73.50 | Agg=0/50000 (0%) | WNTR:+0 | SMMR:+0 | ATMN:+0 | SPNG:+0 | Vol:W:H S:H A:H S:H | Adapt:W:0.99 S:1.00 A:0.85 S:0.85 | Fills:2000 Ord:18
2026-02-15 10:14:00,700 [PRINT]   [T= 35/300] D1 s35 | PnL=$    +73.50 | Agg=0/50000 (0%) | WNTR:+0 | SMMR:+0 | ATMN:+0 | SPNG:+0 | Vol:W:H S:H A:H S:H | Adapt:W:0.99 S:1.00 A:0.85 S:0.85 | Fills:2000 Ord:18
2026-02-15 10:14:05,813 [PRINT]   [T= 40/300] D1 s40 | PnL=$    +53.50 | Agg=900/50000 (2%) | WNTR:+500 | SMMR:-400 | ATMN:+0 | SPNG:+0 | Vol:W:H S:H A:H S:H | Adapt:W:0.99 S:1.00 A:0.85 S:0.85 | Fills:2900 Ord:22
2026-02-15 10:14:10,870 [PRINT]   [T= 45/300] D1 s45 | PnL=$   +212.50 | Agg=0/50000 (0%) | WNTR:+0 | SMMR:+0 | ATMN:+0 | SPNG:+0 | Vol:W:H S:H A:M S:H | Adapt:W:1.07 S:1.00 A:0.78 S:0.78 | Fills:3800 Ord:24
2026-02-15 10:14:15,620 [PRINT]   [T= 50/300] D1 s50 | PnL=$   +186.25 | Agg=150/50000 (0%) | WNTR:+0 | SMMR:+0 | ATMN:-150 | SPNG:+0 | Vol:W:H S:H A:H S:H | Adapt:W:1.07 S:1.00 A:0.78 S:0.78 | Fills:4350 Ord:26
2026-02-15 10:14:17,786 [PRINT]     [PRE-CLOSE] T=52 s=52 - Cancelled all orders
2026-02-15 10:14:25,723 [PRINT]   [T= 60/300] D2 s 0 | PnL=$   +193.25 | Agg=50/50000 (0%) | WNTR:+0 | SMMR:+0 | ATMN:-50 | SPNG:+0 | Vol:W:H S:H A:H S:H | Adapt:W:0.99 S:0.92 A:0.78 S:0.72 | Fills:4450 Ord:27
2026-02-15 10:14:30,804 [PRINT]   [T= 65/300] D2 s 5 | PnL=$    +81.75 | Agg=50/50000 (0%) | WNTR:+0 | SMMR:+0 | ATMN:-50 | SPNG:+0 | Vol:W:H S:H A:H S:H | Adapt:W:0.99 S:0.92 A:0.78 S:0.72 | Fills:4650 Ord:30
2026-02-15 10:14:35,846 [PRINT]   [T= 70/300] D2 s10 | PnL=$    +62.25 | Agg=50/50000 (0%) | WNTR:+0 | SMMR:+0 | ATMN:-50 | SPNG:+0 | Vol:W:H S:H A:H S:H | Adapt:W:0.99 S:0.92 A:0.78 S:0.72 | Fills:4850 Ord:31
2026-02-15 10:14:40,947 [PRINT]   [T= 75/300] D2 s15 | PnL=$    +49.75 | Agg=50/50000 (0%) | WNTR:+0 | SMMR:+0 | ATMN:+50 | SPNG:+0 | Vol:W:H S:H A:H S:H | Adapt:W:0.91 S:0.85 A:0.78 S:0.70 | Fills:4950 Ord:33
2026-02-15 10:14:45,846 [PRINT]   [T= 80/300] D2 s20 | PnL=$    +44.75 | Agg=50/50000 (0%) | WNTR:+0 | SMMR:+0 | ATMN:-50 | SPNG:+0 | Vol:W:H S:H A:H S:H | Adapt:W:0.91 S:0.85 A:0.78 S:0.70 | Fills:5050 Ord:33
2026-02-15 10:14:50,861 [PRINT]   [T= 85/300] D2 s25 | PnL=$    +47.75 | Agg=50/50000 (0%) | WNTR:+0 | SMMR:+0 | ATMN:-50 | SPNG:+0 | Vol:W:H S:H A:H S:H | Adapt:W:0.91 S:0.85 A:0.78 S:0.70 | Fills:5250 Ord:35
2026-02-15 10:14:55,846 [PRINT]   [T= 90/300] D2 s30 | PnL=$    +47.75 | Agg=50/50000 (0%) | WNTR:+0 | SMMR:+0 | ATMN:+50 | SPNG:+0 | Vol:W:H S:H A:H S:H | Adapt:W:0.84 S:0.78 A:0.78 S:0.70 | Fills:5350 Ord:36
2026-02-15 10:15:00,849 [PRINT]   [T= 95/300] D2 s35 | PnL=$    +43.25 | Agg=50/50000 (0%) | WNTR:+0 | SMMR:+0 | ATMN:-50 | SPNG:+0 | Vol:W:H S:H A:H S:H | Adapt:W:0.84 S:0.78 A:0.78 S:0.70 | Fills:5450 Ord:37
2026-02-15 10:15:06,190 [PRINT]   [T=100/300] D2 s40 | PnL=$    +37.25 | Agg=50/50000 (0%) | WNTR:+0 | SMMR:+0 | ATMN:-50 | SPNG:+0 | Vol:W:H S:H A:H S:H | Adapt:W:0.84 S:0.78 A:0.78 S:0.70 | Fills:5450 Ord:38
2026-02-15 10:15:10,953 [PRINT]   [T=105/300] D2 s45 | PnL=$    +37.75 | Agg=50/50000 (0%) | WNTR:+0 | SMMR:+0 | ATMN:+50 | SPNG:+0 | Vol:W:H S:H A:H S:H | Adapt:W:0.77 S:0.72 A:0.78 S:0.70 | Fills:5550 Ord:38
2026-02-15 10:15:15,953 [PRINT]   [T=110/300] D2 s50 | PnL=$    -21.75 | Agg=600/50000 (1%) | WNTR:+400 | SMMR:+0 | ATMN:-200 | SPNG:+0 | Vol:W:H S:H A:H S:H | Adapt:W:0.77 S:0.72 A:0.78 S:0.70 | Fills:6600 Ord:45
2026-02-15 10:15:17,982 [PRINT]     [PRE-CLOSE] T=112 s=52 - Cancelled all orders
2026-02-15 10:15:26,018 [PRINT]   [T=120/300] D3 s 0 | PnL=$   -229.75 | Agg=600/50000 (1%) | WNTR:+400 | SMMR:+0 | ATMN:-200 | SPNG:+0 | Vol:W:H S:H A:H S:H | Adapt:W:0.77 S:0.70 A:0.78 S:0.70 | Fills:6600 Ord:45
2026-02-15 10:15:31,005 [PRINT]   [T=125/300] D3 s 5 | PnL=$   -201.75 | Agg=400/50000 (1%) | WNTR:+300 | SMMR:+0 | ATMN:-100 | SPNG:+0 | Vol:W:H S:H A:H S:H | Adapt:W:0.77 S:0.70 A:0.78 S:0.70 | Fills:6800 Ord:47
2026-02-15 10:15:36,489 [PRINT]   [T=130/300] D3 s10 | PnL=$   -111.75 | Agg=400/50000 (1%) | WNTR:+300 | SMMR:+0 | ATMN:-100 | SPNG:+0 | Vol:W:H S:H A:H S:H | Adapt:W:0.77 S:0.70 A:0.78 S:0.70 | Fills:6800 Ord:49
2026-02-15 10:15:41,119 [PRINT]   [T=135/300] D3 s15 | PnL=$   -156.75 | Agg=0/50000 (0%) | WNTR:+0 | SMMR:+0 | ATMN:+0 | SPNG:+0 | Vol:W:H S:H A:H S:H | Adapt:W:0.77 S:0.70 A:0.78 S:0.70 | Fills:7200 Ord:51
2026-02-15 10:15:46,105 [PRINT]   [T=140/300] D3 s20 | PnL=$   -156.75 | Agg=0/50000 (0%) | WNTR:+0 | SMMR:+0 | ATMN:+0 | SPNG:+0 | Vol:W:H S:H A:H S:H | Adapt:W:0.77 S:0.70 A:0.78 S:0.70 | Fills:7200 Ord:51
2026-02-15 10:15:51,378 [PRINT]   [T=145/300] D3 s25 | PnL=$   -144.25 | Agg=0/50000 (0%) | WNTR:+0 | SMMR:+0 | ATMN:+0 | SPNG:+0 | Vol:W:M S:H A:H S:H | Adapt:W:0.77 S:0.70 A:0.78 S:0.70 | Fills:8200 Ord:55
2026-02-15 10:15:56,493 [PRINT]   [T=150/300] D3 s30 | PnL=$   -170.25 | Agg=400/50000 (1%) | WNTR:-400 | SMMR:+0 | ATMN:+0 | SPNG:+0 | Vol:W:H S:H A:M S:H | Adapt:W:0.83 S:0.70 A:0.72 S:0.70 | Fills:8800 Ord:58
2026-02-15 10:16:01,165 [PRINT]   [T=155/300] D3 s35 | PnL=$   -113.75 | Agg=100/50000 (0%) | WNTR:-100 | SMMR:+0 | ATMN:+0 | SPNG:+0 | Vol:W:H S:H A:H S:H | Adapt:W:0.83 S:0.70 A:0.72 S:0.70 | Fills:9800 Ord:61
2026-02-15 10:16:06,315 [PRINT]   [T=160/300] D3 s40 | PnL=$   -148.75 | Agg=300/50000 (1%) | WNTR:-100 | SMMR:-200 | ATMN:+0 | SPNG:+0 | Vol:W:H S:H A:H S:H | Adapt:W:0.83 S:0.70 A:0.72 S:0.70 | Fills:10400 Ord:65
2026-02-15 10:16:11,802 [PRINT]   [T=165/300] D3 s45 | PnL=$   -245.49 | Agg=263/50000 (1%) | WNTR:+163 | SMMR:-100 | ATMN:+0 | SPNG:+0 | Vol:W:M S:H A:H S:H | Adapt:W:0.90 S:0.70 A:0.72 S:0.70 | Fills:12737 Ord:72
2026-02-15 10:16:16,256 [PRINT]   [T=170/300] D3 s50 | PnL=$   -287.71 | Agg=337/50000 (1%) | WNTR:-337 | SMMR:+0 | ATMN:+0 | SPNG:+0 | Vol:W:M S:H A:H S:H | Adapt:W:0.90 S:0.70 A:0.72 S:0.70 | Fills:13337 Ord:73
2026-02-15 10:16:18,404 [PRINT]     [PRE-CLOSE] T=172 s=52 - Cancelled all orders
2026-02-15 10:16:26,828 [PRINT]   [T=180/300] D4 s 0 | PnL=$   -254.01 | Agg=337/50000 (1%) | WNTR:-337 | SMMR:+0 | ATMN:+0 | SPNG:+0 | Vol:W:H S:H A:H S:H | Adapt:W:0.90 S:0.70 A:0.70 S:0.70 | Fills:13337 Ord:74
2026-02-15 10:16:31,331 [PRINT]   [T=185/300] D4 s 5 | PnL=$   -660.56 | Agg=237/50000 (0%) | WNTR:-237 | SMMR:+0 | ATMN:+0 | SPNG:+0 | Vol:W:H S:H A:H S:H | Adapt:W:0.90 S:0.70 A:0.70 S:0.70 | Fills:13437 Ord:74
2026-02-15 10:16:36,451 [PRINT]   [T=190/300] D4 s10 | PnL=$   -664.41 | Agg=37/50000 (0%) | WNTR:-37 | SMMR:+0 | ATMN:+0 | SPNG:+0 | Vol:W:H S:H A:H S:H | Adapt:W:0.90 S:0.70 A:0.70 S:0.70 | Fills:13637 Ord:76
2026-02-15 10:16:41,518 [PRINT]   [T=195/300] D4 s15 | PnL=$   -685.22 | Agg=63/50000 (0%) | WNTR:+63 | SMMR:+0 | ATMN:+0 | SPNG:+0 | Vol:W:H S:H A:H S:H | Adapt:W:0.90 S:0.70 A:0.70 S:0.70 | Fills:13737 Ord:77
2026-02-15 10:16:46,495 [PRINT]   [T=200/300] D4 s20 | PnL=$   -700.52 | Agg=37/50000 (0%) | WNTR:-37 | SMMR:+0 | ATMN:+0 | SPNG:+0 | Vol:W:H S:H A:H S:H | Adapt:W:0.90 S:0.70 A:0.70 S:0.70 | Fills:13837 Ord:78
2026-02-15 10:16:51,773 [PRINT]   [T=205/300] D4 s25 | PnL=$   -720.04 | Agg=63/50000 (0%) | WNTR:+63 | SMMR:+0 | ATMN:+0 | SPNG:+0 | Vol:W:H S:H A:H S:H | Adapt:W:0.90 S:0.70 A:0.70 S:0.70 | Fills:13937 Ord:80
2026-02-15 10:16:56,608 [PRINT]   [T=210/300] D4 s30 | PnL=$   -742.48 | Agg=63/50000 (0%) | WNTR:+63 | SMMR:+0 | ATMN:+0 | SPNG:+0 | Vol:W:H S:H A:H S:H | Adapt:W:0.90 S:0.70 A:0.70 S:0.70 | Fills:14137 Ord:81
2026-02-15 10:17:01,598 [PRINT]   [T=215/300] D4 s35 | PnL=$   -740.59 | Agg=63/50000 (0%) | WNTR:+63 | SMMR:+0 | ATMN:+0 | SPNG:+0 | Vol:W:H S:H A:H S:H | Adapt:W:0.90 S:0.70 A:0.70 S:0.70 | Fills:14137 Ord:81
2026-02-15 10:17:06,563 [PRINT]   [T=220/300] D4 s40 | PnL=$   -741.22 | Agg=211/50000 (0%) | WNTR:-211 | SMMR:+0 | ATMN:+0 | SPNG:+0 | Vol:W:H S:H A:H S:H | Adapt:W:0.90 S:0.70 A:0.70 S:0.70 | Fills:14863 Ord:85
2026-02-15 10:17:11,955 [PRINT]   [T=225/300] D4 s45 | PnL=$   -787.94 | Agg=211/50000 (0%) | WNTR:-211 | SMMR:+0 | ATMN:+0 | SPNG:+0 | Vol:W:H S:H A:H S:H | Adapt:W:0.90 S:0.70 A:0.70 S:0.70 | Fills:14863 Ord:86
2026-02-15 10:17:16,660 [PRINT]   [T=230/300] D4 s50 | PnL=$   -771.07 | Agg=111/50000 (0%) | WNTR:-111 | SMMR:+0 | ATMN:+0 | SPNG:+0 | Vol:W:H S:H A:H S:H | Adapt:W:0.90 S:0.70 A:0.70 S:0.70 | Fills:14963 Ord:86
2026-02-15 10:17:18,686 [PRINT]     [PRE-CLOSE] T=232 s=52 - Cancelled all orders
2026-02-15 10:17:26,758 [PRINT]   [T=240/300] D5 s 0 | PnL=$   -773.29 | Agg=111/50000 (0%) | WNTR:-111 | SMMR:+0 | ATMN:+0 | SPNG:+0 | Vol:W:H S:H A:H S:H | Adapt:W:0.82 S:0.70 A:0.70 S:0.70 | Fills:14963 Ord:86
2026-02-15 10:17:31,987 [PRINT]   [T=245/300] D5 s 5 | PnL=$   -801.04 | Agg=111/50000 (0%) | WNTR:-111 | SMMR:+0 | ATMN:+0 | SPNG:+0 | Vol:W:H S:H A:H S:H | Adapt:W:0.82 S:0.70 A:0.70 S:0.70 | Fills:14963 Ord:86
2026-02-15 10:17:36,846 [PRINT]   [T=250/300] D5 s10 | PnL=$   -793.27 | Agg=111/50000 (0%) | WNTR:-111 | SMMR:+0 | ATMN:+0 | SPNG:+0 | Vol:W:H S:H A:H S:H | Adapt:W:0.82 S:0.70 A:0.70 S:0.70 | Fills:14963 Ord:86
2026-02-15 10:17:42,218 [PRINT]   [T=255/300] D5 s15 | PnL=$   -785.50 | Agg=111/50000 (0%) | WNTR:-111 | SMMR:+0 | ATMN:+0 | SPNG:+0 | Vol:W:H S:L A:H S:H | Adapt:W:0.76 S:0.70 A:0.70 S:0.70 | Fills:14963 Ord:88
2026-02-15 10:17:47,059 [PRINT]   [T=260/300] D5 s20 | PnL=$   -777.96 | Agg=139/50000 (0%) | WNTR:+89 | SMMR:+50 | ATMN:+0 | SPNG:+0 | Vol:W:H S:M A:H S:H | Adapt:W:0.76 S:0.70 A:0.70 S:0.70 | Fills:18513 Ord:95
2026-02-15 10:17:52,078 [PRINT]   [T=265/300] D5 s25 | PnL=$   -807.31 | Agg=139/50000 (0%) | WNTR:+89 | SMMR:-50 | ATMN:+0 | SPNG:+0 | Vol:W:H S:H A:H S:H | Adapt:W:0.76 S:0.70 A:0.70 S:0.70 | Fills:18813 Ord:98
2026-02-15 10:17:57,072 [PRINT]   [T=270/300] D5 s30 | PnL=$   -834.85 | Agg=61/50000 (0%) | WNTR:-11 | SMMR:+50 | ATMN:+0 | SPNG:+0 | Vol:W:H S:H A:H S:H | Adapt:W:0.76 S:0.76 A:0.70 S:0.70 | Fills:19013 Ord:100
2026-02-15 10:18:02,006 [PRINT]   [T=275/300] D5 s35 | PnL=$   -835.69 | Agg=139/50000 (0%) | WNTR:+89 | SMMR:-50 | ATMN:+0 | SPNG:+0 | Vol:W:H S:H A:H S:H | Adapt:W:0.76 S:0.76 A:0.70 S:0.70 | Fills:19413 Ord:103
2026-02-15 10:18:06,982 [PRINT]   [T=280/300] D5 s40 | PnL=$   -863.90 | Agg=61/50000 (0%) | WNTR:-11 | SMMR:-50 | ATMN:+0 | SPNG:+0 | Vol:W:H S:H A:H S:H | Adapt:W:0.76 S:0.76 A:0.70 S:0.70 | Fills:19513 Ord:104
2026-02-15 10:18:12,263 [PRINT]   [T=285/300] D5 s45 | PnL=$   -862.80 | Agg=61/50000 (0%) | WNTR:-11 | SMMR:-50 | ATMN:+0 | SPNG:+0 | Vol:W:H S:H A:H S:H | Adapt:W:0.76 S:0.76 A:0.70 S:0.70 | Fills:19513 Ord:105
2026-02-15 10:18:17,037 [PRINT]   [T=290/300] D5 s50 | PnL=$   -867.86 | Agg=61/50000 (0%) | WNTR:-11 | SMMR:+50 | ATMN:+0 | SPNG:+0 | Vol:W:H S:H A:H S:H | Adapt:W:0.76 S:0.76 A:0.70 S:0.70 | Fills:19613 Ord:105
2026-02-15 10:18:19,145 [PRINT]     [PRE-CLOSE] T=292 s=52 - Cancelled all orders
2026-02-15 10:18:27,271 [PRINT] 
  Heat ended at tick 300
2026-02-15 10:18:27,513 [PRINT] 
  Heat 3 ended.
2026-02-15 10:18:27,514 [PRINT]   P&L: $-867.42
2026-02-15 10:18:27,514 [PRINT]   Orders placed: 107
2026-02-15 10:18:27,516 [PRINT]   Market orders: 0
2026-02-15 10:18:27,517 [PRINT]   Total fill volume: 19,613 shares
2026-02-15 10:18:27,517 [PRINT]   Final adaptive mults: WNTR:0.76 | SMMR:0.76 | ATMN:0.70 | SPNG:0.70
2026-02-15 10:18:27,518 [PRINT] 
  --- HEAT HISTORY ---
2026-02-15 10:18:27,518 [PRINT]   H 1: P&L $ -1,715.17 (Orders: 171, Mkt: 0, Fills: 21,561)
2026-02-15 10:18:27,519 [PRINT]   H 2: P&L $    -55.30 (Orders: 96, Mkt: 0, Fills: 11,707)
2026-02-15 10:18:27,519 [PRINT]   H 3: P&L $   -867.42 (Orders: 107, Mkt: 0, Fills: 19,613)
2026-02-15 10:18:27,520 [PRINT]   --------------------------------------------------
2026-02-15 10:18:27,521 [PRINT]   Total: $-2,637.89
2026-02-15 10:18:27,521 [PRINT] ============================================================

2026-02-15 10:18:30,527 [PRINT] Case status: STOPPED - waiting for ACTIVE...
2026-02-15 10:18:30,532 [PRINT] Case stopped. Waiting for next heat...
2026-02-15 10:18:32,538 [PRINT] Case status: STOPPED - waiting for ACTIVE...
2026-02-15 10:18:32,543 [PRINT] Case stopped. Waiting for next heat...
2026-02-15 10:18:34,550 [PRINT] Case status: STOPPED - waiting for ACTIVE...
2026-02-15 10:18:34,558 [PRINT] Case stopped. Waiting for next heat...
2026-02-15 10:18:36,562 [PRINT] Case status: STOPPED - waiting for ACTIVE...
2026-02-15 10:18:36,568 [PRINT] Case stopped. Waiting for next heat...
2026-02-15 10:18:38,574 [PRINT] Case status: STOPPED - waiting for ACTIVE...
2026-02-15 10:18:38,579 [PRINT] Case stopped. Waiting for next heat...
2026-02-15 10:18:40,584 [PRINT] Case status: STOPPED - waiting for ACTIVE...
2026-02-15 10:18:40,589 [PRINT] Case stopped. Waiting for next heat...
2026-02-15 10:18:42,594 [PRINT] Case status: STOPPED - waiting for ACTIVE...
2026-02-15 10:18:42,600 [PRINT] Case stopped. Waiting for next heat...
2026-02-15 10:18:44,607 [PRINT] Case status: STOPPED - waiting for ACTIVE...
2026-02-15 10:18:44,613 [PRINT] Case stopped. Waiting for next heat...
2026-02-15 10:18:46,619 [PRINT] Case status: STOPPED - waiting for ACTIVE...
2026-02-15 10:18:46,624 [PRINT] Case stopped. Waiting for next heat...
2026-02-15 10:18:48,631 [PRINT] Case status: STOPPED - waiting for ACTIVE...
2026-02-15 10:18:48,636 [PRINT] Case stopped. Waiting for next heat...
2026-02-15 10:18:50,643 [PRINT] Case status: STOPPED - waiting for ACTIVE...
2026-02-15 10:18:50,649 [PRINT] Case stopped. Waiting for next heat...
2026-02-15 10:18:52,655 [PRINT] Case status: STOPPED - waiting for ACTIVE...
2026-02-15 10:18:52,662 [PRINT] Case stopped. Waiting for next heat...
2026-02-15 10:18:54,667 [PRINT] Case status: STOPPED - waiting for ACTIVE...
2026-02-15 10:18:54,673 [PRINT] Case stopped. Waiting for next heat...
2026-02-15 10:18:56,680 [PRINT] Case status: STOPPED - waiting for ACTIVE...
2026-02-15 10:18:56,685 [PRINT] Case stopped. Waiting for next heat...
2026-02-15 10:18:58,693 [PRINT] Case status: STOPPED - waiting for ACTIVE...
2026-02-15 10:18:58,697 [PRINT] Case stopped. Waiting for next heat...
2026-02-15 10:19:00,703 [PRINT] Case status: STOPPED - waiting for ACTIVE...
2026-02-15 10:19:00,708 [PRINT] Case stopped. Waiting for next heat...
2026-02-15 10:19:02,717 [PRINT] Case status: STOPPED - waiting for ACTIVE...
2026-02-15 10:19:02,723 [PRINT] Case stopped. Waiting for next heat...
2026-02-15 10:19:04,728 [PRINT] Case status: STOPPED - waiting for ACTIVE...
2026-02-15 10:19:04,735 [PRINT] Case stopped. Waiting for next heat...
2026-02-15 10:19:06,740 [PRINT] Case status: STOPPED - waiting for ACTIVE...
2026-02-15 10:19:06,745 [PRINT] Case stopped. Waiting for next heat...
2026-02-15 10:19:08,750 [PRINT] Case status: STOPPED - waiting for ACTIVE...
2026-02-15 10:19:08,755 [PRINT] Case stopped. Waiting for next heat...
2026-02-15 10:19:10,761 [PRINT] Case status: STOPPED - waiting for ACTIVE...
2026-02-15 10:19:10,766 [PRINT] Case stopped. Waiting for next heat...
2026-02-15 10:19:12,772 [PRINT] Case status: STOPPED - waiting for ACTIVE...
2026-02-15 10:19:12,778 [PRINT] Case stopped. Waiting for next heat...
2026-02-15 10:19:14,785 [PRINT] Case status: STOPPED - waiting for ACTIVE...
2026-02-15 10:19:14,790 [PRINT] Case stopped. Waiting for next heat...
2026-02-15 10:19:16,796 [PRINT] Case status: STOPPED - waiting for ACTIVE...
2026-02-15 10:19:16,801 [PRINT] Case stopped. Waiting for next heat...
2026-02-15 10:19:18,806 [PRINT] Case status: STOPPED - waiting for ACTIVE...
2026-02-15 10:19:18,811 [PRINT] Case stopped. Waiting for next heat...
2026-02-15 10:19:20,818 [PRINT] Case status: STOPPED - waiting for ACTIVE...
2026-02-15 10:19:20,823 [PRINT] Case stopped. Waiting for next heat...
2026-02-15 10:19:22,828 [PRINT] Case status: STOPPED - waiting for ACTIVE...
2026-02-15 10:19:22,835 [PRINT] Case stopped. Waiting for next heat...
2026-02-15 10:19:24,841 [PRINT] Case status: STOPPED - waiting for ACTIVE...
2026-02-15 10:19:24,846 [PRINT] Case stopped. Waiting for next heat...
2026-02-15 10:19:26,851 [PRINT] Case status: STOPPED - waiting for ACTIVE...
2026-02-15 10:19:26,856 [PRINT] Case stopped. Waiting for next heat...
2026-02-15 10:19:28,861 [PRINT] Case status: STOPPED - waiting for ACTIVE...
2026-02-15 10:19:28,865 [PRINT] Case stopped. Waiting for next heat...
2026-02-15 10:19:30,871 [PRINT] Case status: STOPPED - waiting for ACTIVE...
2026-02-15 10:19:30,877 [PRINT] Case stopped. Waiting for next heat...
2026-02-15 10:19:32,887 [PRINT] 
============================================================
2026-02-15 10:19:32,887 [PRINT]   HEAT 4 - V7 DEFENSE-FIRST EDITION
2026-02-15 10:19:32,888 [PRINT]   Stocks: WNTR, SMMR, ATMN, SPNG
2026-02-15 10:19:32,889 [PRINT]   Start NLV: $0.00
2026-02-15 10:19:32,890 [PRINT]   Spreads: WNTR=$0.10 | SMMR=$0.12 | ATMN=$0.14 | SPNG=$0.16
2026-02-15 10:19:32,891 [PRINT]   Sizes: WNTR=500 | SMMR=400 | ATMN=350 | SPNG=300
2026-02-15 10:19:32,891 [PRINT] ============================================================

2026-02-15 10:19:32,893 [PRINT] 
  Starting market-making loop V7...
2026-02-15 10:19:32,900 [PRINT]   Start NLV: $0.00
2026-02-15 10:19:32,915 [PRINT]   Aggregate limit: 50000
2026-02-15 10:19:32,915 [PRINT]   Gross limit: 50000, Net limit: 30000
2026-02-15 10:19:35,991 [PRINT]   [T=  5/300] D1 s 5 | PnL=$     +0.00 | Agg=0/50000 (0%) | WNTR:+0 | SMMR:+0 | ATMN:+0 | SPNG:+0 | Vol:W:H S:H A:H S:H | Adapt:W:1.00 S:1.00 A:1.00 S:1.00 | Fills:0 Ord:8
2026-02-15 10:19:41,231 [PRINT]   [T= 10/300] D1 s10 | PnL=$     +0.00 | Agg=0/50000 (0%) | WNTR:+0 | SMMR:+0 | ATMN:+0 | SPNG:+0 | Vol:W:M S:H A:H S:H | Adapt:W:1.00 S:1.00 A:1.00 S:1.00 | Fills:0 Ord:10
2026-02-15 10:19:46,060 [PRINT]   [T= 15/300] D1 s15 | PnL=$     -7.78 | Agg=9/50000 (0%) | WNTR:-9 | SMMR:+0 | ATMN:+0 | SPNG:+0 | Vol:W:H S:H A:H S:H | Adapt:W:1.08 S:0.92 A:0.92 S:0.92 | Fills:991 Ord:15
2026-02-15 10:19:51,259 [PRINT]   [T= 20/300] D1 s20 | PnL=$    -14.75 | Agg=91/50000 (0%) | WNTR:+91 | SMMR:+0 | ATMN:+0 | SPNG:+0 | Vol:W:H S:H A:H S:H | Adapt:W:1.08 S:0.92 A:0.92 S:0.92 | Fills:1091 Ord:16
2026-02-15 10:19:56,260 [PRINT]   [T= 25/300] D1 s25 | PnL=$    -22.93 | Agg=9/50000 (0%) | WNTR:-9 | SMMR:+0 | ATMN:+0 | SPNG:+0 | Vol:W:H S:H A:H S:H | Adapt:W:1.08 S:0.92 A:0.92 S:0.92 | Fills:1191 Ord:16
2026-02-15 10:20:01,210 [PRINT]   [T= 30/300] D1 s30 | PnL=$    -23.38 | Agg=9/50000 (0%) | WNTR:-9 | SMMR:+0 | ATMN:+0 | SPNG:+0 | Vol:W:H S:H A:H S:H | Adapt:W:1.08 S:0.85 A:0.85 S:0.85 | Fills:1191 Ord:16
2026-02-15 10:20:06,383 [PRINT]   [T= 35/300] D1 s35 | PnL=$    -23.47 | Agg=9/50000 (0%) | WNTR:-9 | SMMR:+0 | ATMN:+0 | SPNG:+0 | Vol:W:H S:H A:H S:H | Adapt:W:1.08 S:0.85 A:0.85 S:0.85 | Fills:1191 Ord:16
2026-02-15 10:20:11,327 [PRINT]   [T= 40/300] D1 s40 | PnL=$    -53.38 | Agg=491/50000 (1%) | WNTR:+491 | SMMR:+0 | ATMN:+0 | SPNG:+0 | Vol:W:H S:H A:H S:H | Adapt:W:1.08 S:0.85 A:0.85 S:0.85 | Fills:1691 Ord:18
2026-02-15 10:20:16,503 [PRINT]   [T= 45/300] D1 s45 | PnL=$   -130.95 | Agg=15/50000 (0%) | WNTR:-15 | SMMR:+0 | ATMN:+0 | SPNG:+0 | Vol:W:M S:H A:H S:H | Adapt:W:1.17 S:0.78 A:0.78 S:0.78 | Fills:2197 Ord:24
2026-02-15 10:20:17,027 [PRINT] 

Shutting down...
2026-02-15 10:20:17,088 [PRINT] Cancelled all open orders.
2026-02-15 10:20:17,094 [PRINT] Final NLV: $-130.95
2026-02-15 10:20:17,095 [PRINT] Total P&L across 3 heats: $-2,637.89
2026-02-15 10:20:17,095 [PRINT] Goodbye.
